21 34 2015 11:34:42 [Thread-0] INFO  org.scify.jthinkfreedom.reactors.MultipleImages - Application Starts
22 39 2015 13:39:23 [Thread-0] INFO  org.scify.jthinkfreedom.reactors.MultipleImages - Application Starts
23 51 2015 12:51:57 [Thread-0] INFO  org.scify.jthinkfreedom.reactors.MultipleImages - Application Starts
23 56 2015 12:56:05 [Thread-0] INFO  org.scify.jthinkfreedom.reactors.MultipleImages - Application Starts
23 57 2015 12:57:46 [Thread-0] INFO  org.scify.jthinkfreedom.reactors.MultipleImages - Application Starts
23 58 2015 12:58:33 [Thread-0] INFO  org.scify.jthinkfreedom.reactors.MultipleImages - Application Starts
23 59 2015 12:59:47 [Thread-0] INFO  org.scify.jthinkfreedom.reactors.MultipleImages - Application Starts
23 47 2015 13:47:45 [Thread-0] INFO  org.scify.jthinkfreedom.reactors.MultipleImages - Application Starts
23 05 2015 14:05:03 [Thread-0] INFO  org.scify.jthinkfreedom.reactors.MultipleImages - Application Starts
23 09 2015 14:30:02 [Thread-0] INFO  org.scify.jthinkfreedom.reactors.MultipleImages - Application Starts
23 09 2015 14:33:54 [Thread-0] INFO  org.scify.jthinkfreedom.reactors.MultipleImages - Application Starts
23 09 2015 14:33:56 [Thread-0] ERROR org.scify.jthinkfreedom.reactors.MultipleImages - java.io.FileNotFoundException: toualeta (No such file or directory)
	at java.io.FileInputStream.open(Native Method)
	at java.io.FileInputStream.<init>(FileInputStream.java:146)
	at com.sun.media.sound.WaveFloatFileReader.getAudioInputStream(WaveFloatFileReader.java:164)
	at javax.sound.sampled.AudioSystem.getAudioInputStream(AudioSystem.java:1179)
	at org.scify.jthinkfreedom.reactors.MultipleImages.playMusic(MultipleImages.java:319)
	at org.scify.jthinkfreedom.reactors.MultipleImages.stopThread(MultipleImages.java:268)
	at org.scify.jthinkfreedom.reactors.SlideShowReactor.react(SlideShowReactor.java:89)
	at org.scify.jthinkfreedom.skeleton.stimuli.StimulusAdapter.callReactors(StimulusAdapter.java:46)
	at org.scify.jthinkfreedom.keyboard.stimuli.CapturekeyStimulus.onDataReceived(CapturekeyStimulus.java:26)
	at org.scify.jthinkfreedom.skeleton.sensors.SensorAdapter.updateStimuli(SensorAdapter.java:44)
	at org.scify.jthinkfreedom.skeleton.sensors.SensorAdapter$1.run(SensorAdapter.java:70)
	at java.lang.Thread.run(Thread.java:745)

23-09-2015 14:35:47 [Thread-0] INFO  org.scify.jthinkfreedom.reactors.MultipleImages - Application Starts
23-09-2015 14:35:50 [Thread-0] ERROR org.scify.jthinkfreedom.reactors.MultipleImages - java.io.FileNotFoundException: toualeta (No such file or directory)
	at java.io.FileInputStream.open(Native Method)
	at java.io.FileInputStream.<init>(FileInputStream.java:146)
	at com.sun.media.sound.WaveFloatFileReader.getAudioInputStream(WaveFloatFileReader.java:164)
	at javax.sound.sampled.AudioSystem.getAudioInputStream(AudioSystem.java:1179)
	at org.scify.jthinkfreedom.reactors.MultipleImages.playMusic(MultipleImages.java:319)
	at org.scify.jthinkfreedom.reactors.MultipleImages.stopThread(MultipleImages.java:268)
	at org.scify.jthinkfreedom.reactors.SlideShowReactor.react(SlideShowReactor.java:89)
	at org.scify.jthinkfreedom.skeleton.stimuli.StimulusAdapter.callReactors(StimulusAdapter.java:46)
	at org.scify.jthinkfreedom.keyboard.stimuli.CapturekeyStimulus.onDataReceived(CapturekeyStimulus.java:26)
	at org.scify.jthinkfreedom.skeleton.sensors.SensorAdapter.updateStimuli(SensorAdapter.java:44)
	at org.scify.jthinkfreedom.skeleton.sensors.SensorAdapter$1.run(SensorAdapter.java:70)
	at java.lang.Thread.run(Thread.java:745)

