#
# A fatal error has been detected by the Java Runtime Environment:
#
#  SIGSEGV (0xb) at pc=0x00007f4e230462cc, pid=10359, tid=139973559416576
#
# JRE version: OpenJDK Runtime Environment (7.0_79-b14) (build 1.7.0_79-b14)
# Java VM: OpenJDK 64-Bit Server VM (24.79-b02 mixed mode linux-amd64 compressed oops)
# Derivative: IcedTea 2.5.6
# Distribution: Ubuntu 14.04 LTS, package 7u79-2.5.6-0ubuntu1.14.04.1
# Problematic frame:
# C  [libjpeg.so.8+0x162cc]  jpeg_has_multiple_scans+0x2c
#
# Failed to write core dump. Core dumps have been disabled. To enable core dumping, try "ulimit -c unlimited" before starting Java again
#
# If you would like to submit a bug report, please include
# instructions on how to reproduce the bug and visit:
#   http://icedtea.classpath.org/bugzilla
# The crash happened outside the Java Virtual Machine in native code.
# See problematic frame for where to report the bug.
#

---------------  T H R E A D  ---------------

Current thread (0x0000000000c6c800):  JavaThread "Image Fetcher 1" daemon [_thread_in_native, id=10395, stack(0x00007f4e22397000,0x00007f4e22498000)]

siginfo:si_signo=SIGSEGV: si_errno=0, si_code=1 (SEGV_MAPERR), si_addr=0x0000000000000020

Registers:
RAX=0x0000000000000000, RBX=0x00007f4e224964d0, RCX=0x0000000000000001, RDX=0x0000000000000000
RSP=0x00007f4e224961b8, RBP=0x00007f4e224967a0, RSI=0x0000000000000001, RDI=0x00007f4e224964d0
R8 =0x0000000000000000, R9 =0x00007f4e28000078, R10=0x00007f4e22495f80, R11=0x00007f4e230462a0
R12=0x0000000000000000, R13=0xffffffffffffffff, R14=0x00007f4e22496840, R15=0x0000000000c6c800
RIP=0x00007f4e230462cc, EFLAGS=0x0000000000010293, CSGSFS=0x0000000000000033, ERR=0x0000000000000004
  TRAPNO=0x000000000000000e

Top of Stack: (sp=0x00007f4e224961b8)
0x00007f4e224961b8:   00007f4e217a7d33 0000000000c6c800
0x00007f4e224961c8:   00007f4e717fe03b fffffff0ffffffff
0x00007f4e224961d8:   0000000000000000 00007f4e217a7ad0
0x00007f4e224961e8:   00007f4e22496278 00007f4e22496830
0x00007f4e224961f8:   00007f4e22496838 00007f4e22496840
0x00007f4e22496208:   0000000000c6c9d8 00000000daed2026
0x00007f4e22496218:   0000000000000292 00007f4e217a71e0
0x00007f4e22496228:   00007f4e217a7380 00007f4e217a7500
0x00007f4e22496238:   00007f4e2304e830 00007f4e217a7200
0x00007f4e22496248:   00007f4e22496838 00007f4e00000000
0x00007f4e22496258:   0000000000000000 00000000daed1eb8
0x00007f4e22496268:   00007f4e22496830 ffffffffffffffff
0x00007f4e22496278:   0000000000000000 0000000000000000
0x00007f4e22496288:   0000000000000000 00007f4e22496280
0x00007f4e22496298:   0000000086420280 00007f4e22496328
0x00007f4e224962a8:   00000000864be230 0000000000000000
0x00007f4e224962b8:   0000000086420318 0000000000000000
0x00007f4e224962c8:   00007f4e22496320 00007f4e22496390
0x00007f4e224962d8:   00007f4e690004e7 0000000000000000
0x00007f4e224962e8:   00007f4e217a7ad0 0000000000000000
0x00007f4e224962f8:   00000000daed14a0 0000000000000006
0x00007f4e22496308:   0000000000000007 00000000dcf03610
0x00007f4e22496318:   00000000dcf03610 00000000daed22b8
0x00007f4e22496328:   0000000000000000 00007f4e00001fa0
0x00007f4e22496338:   00007f4e224963d0 00007f4e224965d0
0x00007f4e22496348:   00007f4e22496500 0000000000c6c800
0x00007f4e22496358:   0000000000b1eb20 00007f4e217a7280
0x00007f4e22496368:   00007f4e23053cf0 00007f4e217a7210
0x00007f4e22496378:   00007f4e23053d60 00007f4e23053d40
0x00007f4e22496388:   000000000000006a 000000000000003f
0x00007f4e22496398:   0000000300000000 0000000000000000
0x00007f4e224963a8:   0000000000000000 00007f4e22496400 

Instructions: (pc=0x00007f4e230462cc)
0x00007f4e230462ac:   ff 83 fa 08 76 12 48 8b 17 89 42 2c 48 8b 07 c7
0x00007f4e230462bc:   42 28 15 00 00 00 ff 10 48 8b 83 58 02 00 00 5b
0x00007f4e230462cc:   8b 40 20 c3 53 8b 47 24 48 89 fb 8d 90 33 ff ff
0x00007f4e230462dc:   ff 83 fa 01 76 66 3d cf 00 00 00 74 47 3d d2 00 

Register to memory mapping:

RAX=0x0000000000000000 is an unknown value
RBX=0x00007f4e224964d0 is pointing into the stack for thread: 0x0000000000c6c800
RCX=0x0000000000000001 is an unknown value
RDX=0x0000000000000000 is an unknown value
RSP=0x00007f4e224961b8 is pointing into the stack for thread: 0x0000000000c6c800
RBP=0x00007f4e224967a0 is pointing into the stack for thread: 0x0000000000c6c800
RSI=0x0000000000000001 is an unknown value
RDI=0x00007f4e224964d0 is pointing into the stack for thread: 0x0000000000c6c800
R8 =0x0000000000000000 is an unknown value
R9 =0x00007f4e28000078 is an unknown value
R10=0x00007f4e22495f80 is pointing into the stack for thread: 0x0000000000c6c800
R11=0x00007f4e230462a0: jpeg_has_multiple_scans+0 in /usr/lib/x86_64-linux-gnu/libjpeg.so.8 at 0x00007f4e23030000
R12=0x0000000000000000 is an unknown value
R13=0xffffffffffffffff is an unknown value
R14=0x00007f4e22496840 is pointing into the stack for thread: 0x0000000000c6c800
R15=0x0000000000c6c800 is a thread


Stack: [0x00007f4e22397000,0x00007f4e22498000],  sp=0x00007f4e224961b8,  free space=1020k
Native frames: (J=compiled Java code, j=interpreted, Vv=VM code, C=native code)
C  [libjpeg.so.8+0x162cc]  jpeg_has_multiple_scans+0x2c
j  sun.awt.image.JPEGImageDecoder.readImage(Ljava/io/InputStream;[B)V+0
j  sun.awt.image.JPEGImageDecoder.produceImage()V+10
j  sun.awt.image.InputStreamImageSource.doFetch()V+51
j  sun.awt.image.ImageFetcher.fetchloop()V+33
j  sun.awt.image.ImageFetcher.run()V+5
v  ~StubRoutines::call_stub
V  [libjvm.so+0x5e80c9]  JavaCalls::call_helper(JavaValue*, methodHandle*, JavaCallArguments*, Thread*)+0x339
V  [libjvm.so+0x5e6f1e]  JavaCalls::call_virtual(JavaValue*, Handle, KlassHandle, Symbol*, Symbol*, Thread*)+0x20e
V  [libjvm.so+0x623391]  thread_entry(JavaThread*, Thread*)+0xd1
V  [libjvm.so+0x900f40]  JavaThread::thread_main_inner()+0xf0
V  [libjvm.so+0x9011b1]  JavaThread::run()+0x221
V  [libjvm.so+0x7c4f62]  java_start(Thread*)+0xf2

Java frames: (J=compiled Java code, j=interpreted, Vv=VM code)
j  sun.awt.image.JPEGImageDecoder.readImage(Ljava/io/InputStream;[B)V+0
j  sun.awt.image.JPEGImageDecoder.produceImage()V+10
j  sun.awt.image.InputStreamImageSource.doFetch()V+51
j  sun.awt.image.ImageFetcher.fetchloop()V+33
j  sun.awt.image.ImageFetcher.run()V+5
v  ~StubRoutines::call_stub

---------------  P R O C E S S  ---------------

Java Threads: ( => current thread )
  0x00007f4e2c02e800 JavaThread "pool-3-thread-1" [_thread_blocked, id=10398, stack(0x00007f4e21d37000,0x00007f4e21e38000)]
  0x0000000000c80800 JavaThread "Thread-2" [_thread_blocked, id=10397, stack(0x00007f4e22296000,0x00007f4e22397000)]
  0x0000000000c61800 JavaThread "Thread-0" [_thread_blocked, id=10396, stack(0x00007f4e22052000,0x00007f4e22153000)]
=>0x0000000000c6c800 JavaThread "Image Fetcher 1" daemon [_thread_in_native, id=10395, stack(0x00007f4e22397000,0x00007f4e22498000)]
  0x0000000000b1c000 JavaThread "Image Fetcher 0" daemon [_thread_blocked, id=10394, stack(0x00007f4e35f2e000,0x00007f4e3602f000)]
  0x0000000000ba6000 JavaThread "TimerQueue" daemon [_thread_blocked, id=10382, stack(0x00007f4e2215f000,0x00007f4e22260000)]
  0x00007f4e6c00b000 JavaThread "DestroyJavaVM" [_thread_blocked, id=10363, stack(0x00007f4e7418d000,0x00007f4e7428e000)]
  0x00007f4e6c415000 JavaThread "AWT-EventQueue-0" [_thread_blocked, id=10380, stack(0x00007f4e2292f000,0x00007f4e22a30000)]
  0x00007f4e6c414000 JavaThread "AWT-Shutdown" [_thread_blocked, id=10379, stack(0x00007f4e340a6000,0x00007f4e341a7000)]
  0x00007f4e6c2cb000 JavaThread "AWT-XAWT" daemon [_thread_in_native, id=10375, stack(0x00007f4e3602f000,0x00007f4e36130000)]
  0x00007f4e6c2ae000 JavaThread "Java2D Disposer" daemon [_thread_blocked, id=10374, stack(0x00007f4e4803f000,0x00007f4e48140000)]
  0x00007f4e6c0ac000 JavaThread "Service Thread" daemon [_thread_blocked, id=10372, stack(0x00007f4e4bcfd000,0x00007f4e4bdfe000)]
  0x00007f4e6c0a9800 JavaThread "C2 CompilerThread1" daemon [_thread_blocked, id=10371, stack(0x00007f4e4bdfe000,0x00007f4e4beff000)]
  0x00007f4e6c0a6800 JavaThread "C2 CompilerThread0" daemon [_thread_blocked, id=10370, stack(0x00007f4e4beff000,0x00007f4e4c000000)]
  0x00007f4e6c0a4800 JavaThread "Signal Dispatcher" daemon [_thread_blocked, id=10369, stack(0x00007f4e680b1000,0x00007f4e681b2000)]
  0x00007f4e6c078800 JavaThread "Finalizer" daemon [_thread_blocked, id=10368, stack(0x00007f4e681b2000,0x00007f4e682b3000)]
  0x00007f4e6c076800 JavaThread "Reference Handler" daemon [_thread_blocked, id=10367, stack(0x00007f4e682b3000,0x00007f4e683b4000)]

Other Threads:
  0x00007f4e6c072000 VMThread [stack: 0x00007f4e683b4000,0x00007f4e684b5000] [id=10366]
  0x00007f4e6c0b6800 WatcherThread [stack: 0x00007f4e4bbfc000,0x00007f4e4bcfd000] [id=10373]

VM state:not at safepoint (normal execution)

VM Mutex/Monitor currently owned by a thread: None

Heap
 PSYoungGen      total 33792K, used 20063K [0x00000000dae00000, 0x00000000dd380000, 0x0000000100000000)
  eden space 29184K, 53% used [0x00000000dae00000,0x00000000dbd1b678,0x00000000dca80000)
  from space 4608K, 99% used [0x00000000dcf00000,0x00000000dd37c870,0x00000000dd380000)
  to   space 4608K, 0% used [0x00000000dca80000,0x00000000dca80000,0x00000000dcf00000)
 ParOldGen       total 75776K, used 1750K [0x0000000090a00000, 0x0000000095400000, 0x00000000dae00000)
  object space 75776K, 2% used [0x0000000090a00000,0x0000000090bb5bf0,0x0000000095400000)
 PSPermGen       total 22016K, used 21851K [0x0000000086400000, 0x0000000087980000, 0x0000000090a00000)
  object space 22016K, 99% used [0x0000000086400000,0x0000000087956e00,0x0000000087980000)

Card table byte_map: [0x00007f4e709c1000,0x00007f4e70d90000] byte_map_base: 0x00007f4e7058f000

Polling page: 0x00007f4e742ad000

Code Cache  [0x00007f4e69000000, 0x00007f4e69270000, 0x00007f4e6c000000)
 total_blobs=881 nmethods=293 adapters=542 free_code_cache=47875Kb largest_free_block=48986624

Compilation events (10 events):
Event: 24,790 Thread 0x00007f4e6c0a9800 nmethod 309 0x00007f4e690c3290 code [0x00007f4e690c33e0, 0x00007f4e690c3488]
Event: 24,796 Thread 0x00007f4e6c0a6800 nmethod 308 0x00007f4e69141a90 code [0x00007f4e69141c60, 0x00007f4e69142790]
Event: 24,797 Thread 0x00007f4e6c0a9800  310 %           org.scify.jthinkfreedom.skeleton.sensors.SensorAdapter::updateStimuli @ 0 (49 bytes)
Event: 24,834 Thread 0x00007f4e6c0a9800 nmethod 310% 0x00007f4e69140a10 code [0x00007f4e69140bc0, 0x00007f4e69141148]
Event: 25,275 Thread 0x00007f4e6c0a6800  311             sun.reflect.ClassFileAssembler::emitByte (11 bytes)
Event: 25,275 Thread 0x00007f4e6c0a9800  312             sun.reflect.ByteVectorImpl::add (38 bytes)
Event: 25,277 Thread 0x00007f4e6c0a9800 nmethod 312 0x00007f4e690c1910 code [0x00007f4e690c1a60, 0x00007f4e690c1b48]
Event: 25,277 Thread 0x00007f4e6c0a6800 nmethod 311 0x00007f4e690c3990 code [0x00007f4e690c3ae0, 0x00007f4e690c3c28]
Event: 25,282 Thread 0x00007f4e6c0a9800  313             java.util.concurrent.locks.ReentrantLock$NonfairSync::lock (25 bytes)
Event: 25,285 Thread 0x00007f4e6c0a9800 nmethod 313 0x00007f4e691405d0 code [0x00007f4e69140740, 0x00007f4e691408a8]

GC Heap History (4 events):
Event: 2,014 GC heap before
{Heap before GC invocations=1 (full 0):
 PSYoungGen      total 33792K, used 29184K [0x00000000dae00000, 0x00000000dd380000, 0x0000000100000000)
  eden space 29184K, 100% used [0x00000000dae00000,0x00000000dca80000,0x00000000dca80000)
  from space 4608K, 0% used [0x00000000dcf00000,0x00000000dcf00000,0x00000000dd380000)
  to   space 4608K, 0% used [0x00000000dca80000,0x00000000dca80000,0x00000000dcf00000)
 ParOldGen       total 75776K, used 0K [0x0000000090a00000, 0x0000000095400000, 0x00000000dae00000)
  object space 75776K, 0% used [0x0000000090a00000,0x0000000090a00000,0x0000000095400000)
 PSPermGen       total 21504K, used 16127K [0x0000000086400000, 0x0000000087900000, 0x0000000090a00000)
  object space 21504K, 74% used [0x0000000086400000,0x00000000873bfdc0,0x0000000087900000)
Event: 2,028 GC heap after
Heap after GC invocations=1 (full 0):
 PSYoungGen      total 33792K, used 3820K [0x00000000dae00000, 0x00000000dd380000, 0x0000000100000000)
  eden space 29184K, 0% used [0x00000000dae00000,0x00000000dae00000,0x00000000dca80000)
  from space 4608K, 82% used [0x00000000dca80000,0x00000000dce3b360,0x00000000dcf00000)
  to   space 4608K, 0% used [0x00000000dcf00000,0x00000000dcf00000,0x00000000dd380000)
 ParOldGen       total 75776K, used 8K [0x0000000090a00000, 0x0000000095400000, 0x00000000dae00000)
  object space 75776K, 0% used [0x0000000090a00000,0x0000000090a02000,0x0000000095400000)
 PSPermGen       total 21504K, used 16127K [0x0000000086400000, 0x0000000087900000, 0x0000000090a00000)
  object space 21504K, 74% used [0x0000000086400000,0x00000000873bfdc0,0x0000000087900000)
}
Event: 22,279 GC heap before
{Heap before GC invocations=2 (full 0):
 PSYoungGen      total 33792K, used 33004K [0x00000000dae00000, 0x00000000dd380000, 0x0000000100000000)
  eden space 29184K, 100% used [0x00000000dae00000,0x00000000dca80000,0x00000000dca80000)
  from space 4608K, 82% used [0x00000000dca80000,0x00000000dce3b360,0x00000000dcf00000)
  to   space 4608K, 0% used [0x00000000dcf00000,0x00000000dcf00000,0x00000000dd380000)
 ParOldGen       total 75776K, used 8K [0x0000000090a00000, 0x0000000095400000, 0x00000000dae00000)
  object space 75776K, 0% used [0x0000000090a00000,0x0000000090a02000,0x0000000095400000)
 PSPermGen       total 21504K, used 20796K [0x0000000086400000, 0x0000000087900000, 0x0000000090a00000)
  object space 21504K, 96% used [0x0000000086400000,0x000000008784f390,0x0000000087900000)
Event: 22,292 GC heap after
Heap after GC invocations=2 (full 0):
 PSYoungGen      total 33792K, used 4594K [0x00000000dae00000, 0x00000000dd380000, 0x0000000100000000)
  eden space 29184K, 0% used [0x00000000dae00000,0x00000000dae00000,0x00000000dca80000)
  from space 4608K, 99% used [0x00000000dcf00000,0x00000000dd37c870,0x00000000dd380000)
  to   space 4608K, 0% used [0x00000000dca80000,0x00000000dca80000,0x00000000dcf00000)
 ParOldGen       total 75776K, used 1750K [0x0000000090a00000, 0x0000000095400000, 0x00000000dae00000)
  object space 75776K, 2% used [0x0000000090a00000,0x0000000090bb5bf0,0x0000000095400000)
 PSPermGen       total 21504K, used 20796K [0x0000000086400000, 0x0000000087900000, 0x0000000090a00000)
  object space 21504K, 96% used [0x0000000086400000,0x000000008784f390,0x0000000087900000)
}

Deoptimization events (10 events):
Event: 23,439 Thread 0x00007f4e6c415000 Uncommon trap: reason=class_check action=maybe_recompile pc=0x00007f4e690f2194 method=sun.util.logging.PlatformLogger.finest(Ljava/lang/String;)V @ 8
Event: 23,439 Thread 0x00007f4e6c415000 Uncommon trap: reason=class_check action=maybe_recompile pc=0x00007f4e690f2194 method=sun.util.logging.PlatformLogger.finest(Ljava/lang/String;)V @ 8
Event: 23,441 Thread 0x00007f4e6c415000 Uncommon trap: reason=class_check action=maybe_recompile pc=0x00007f4e690f2194 method=sun.util.logging.PlatformLogger.finest(Ljava/lang/String;)V @ 8
Event: 23,449 Thread 0x00007f4e6c2cb000 Uncommon trap: reason=class_check action=maybe_recompile pc=0x00007f4e69103870 method=sun.util.logging.PlatformLogger.finest(Ljava/lang/String;)V @ 8
Event: 25,273 Thread 0x0000000000c80800 Uncommon trap: reason=unreached action=reinterpret pc=0x00007f4e690cc088 method=java.lang.ThreadLocal$ThreadLocalMap.getEntry(Ljava/lang/ThreadLocal;)Ljava/lang/ThreadLocal$ThreadLocalMap$Entry; @ 29
Event: 25,274 Thread 0x0000000000c80800 Uncommon trap: reason=unreached action=reinterpret pc=0x00007f4e690cc49c method=java.lang.ThreadLocal$ThreadLocalMap.getEntry(Ljava/lang/ThreadLocal;)Ljava/lang/ThreadLocal$ThreadLocalMap$Entry; @ 29
Event: 25,279 Thread 0x0000000000c80800 Uncommon trap: reason=unreached action=reinterpret pc=0x00007f4e6913ff78 method=java.lang.String.valueOf(Ljava/lang/Object;)Ljava/lang/String; @ 1
Event: 25,904 Thread 0x0000000000c61800 Uncommon trap: reason=unreached action=reinterpret pc=0x00007f4e69146e38 method=org.scify.jthinkfreedom.keyboard.sensors.KeyboardSensor.getData()Ljava/lang/Character; @ 4
Event: 25,904 Thread 0x0000000000c61800 Uncommon trap: reason=unreached action=reinterpret pc=0x00007f4e69144ba4 method=java.lang.String.valueOf(Ljava/lang/Object;)Ljava/lang/String; @ 1
Event: 25,905 Thread 0x0000000000c61800 Uncommon trap: reason=unreached action=reinterpret pc=0x00007f4e69140f34 method=org.scify.jthinkfreedom.keyboard.stimuli.CapturekeyStimulus.onDataReceived()V @ 46

Internal exceptions (10 events):
Event: 23,704 Thread 0x0000000000c80800 Threw 0x00000000db8af150 at /build/openjdk-7-FO0dNI/openjdk-7-7u79-2.5.6/build/openjdk/hotspot/src/share/vm/prims/jvm.cpp:1284
Event: 23,719 Thread 0x0000000000c80800 Threw 0x00000000db8bf668 at /build/openjdk-7-FO0dNI/openjdk-7-7u79-2.5.6/build/openjdk/hotspot/src/share/vm/prims/jvm.cpp:1284
Event: 23,723 Thread 0x0000000000c80800 Threw 0x00000000db8dce00 at /build/openjdk-7-FO0dNI/openjdk-7-7u79-2.5.6/build/openjdk/hotspot/src/share/vm/prims/jvm.cpp:1284
Event: 23,725 Thread 0x0000000000c80800 Threw 0x00000000db8ee258 at /build/openjdk-7-FO0dNI/openjdk-7-7u79-2.5.6/build/openjdk/hotspot/src/share/vm/prims/jvm.cpp:1284
Event: 23,745 Thread 0x0000000000c80800 Threw 0x00000000db907498 at /build/openjdk-7-FO0dNI/openjdk-7-7u79-2.5.6/build/openjdk/hotspot/src/share/vm/prims/jvm.cpp:1284
Event: 23,746 Thread 0x0000000000c80800 Threw 0x00000000db918328 at /build/openjdk-7-FO0dNI/openjdk-7-7u79-2.5.6/build/openjdk/hotspot/src/share/vm/prims/jvm.cpp:1284
Event: 25,273 Thread 0x0000000000c80800 Threw 0x00000000db934f20 at /build/openjdk-7-FO0dNI/openjdk-7-7u79-2.5.6/build/openjdk/hotspot/src/share/vm/prims/jvm.cpp:1284
Event: 25,281 Thread 0x0000000000c80800 Threw 0x00000000dbcbcc08 at /build/openjdk-7-FO0dNI/openjdk-7-7u79-2.5.6/build/openjdk/hotspot/src/share/vm/prims/jvm.cpp:1284
Event: 25,905 Thread 0x0000000000c61800 Threw 0x00000000dbc8f9e0 at /build/openjdk-7-FO0dNI/openjdk-7-7u79-2.5.6/build/openjdk/hotspot/src/share/vm/prims/jvm.cpp:1284
Event: 25,909 Thread 0x0000000000c61800 Threw 0x00000000dbca28c8 at /build/openjdk-7-FO0dNI/openjdk-7-7u79-2.5.6/build/openjdk/hotspot/src/share/vm/prims/jvm.cpp:1284

Events (10 events):
Event: 25,909 loading class 0x00007f4e30002f80
Event: 25,909 loading class 0x00007f4e30002f80 done
Event: 25,911 Executing VM operation: RevokeBias
Event: 25,911 Executing VM operation: RevokeBias done
Event: 25,946 loading class 0x00007f4e6c213e40
Event: 25,946 loading class 0x00007f4e6c213e40 done
Event: 25,946 Executing VM operation: RevokeBias
Event: 25,946 Executing VM operation: RevokeBias done
Event: 25,946 loading class 0x00007f4e440206f0
Event: 25,947 loading class 0x00007f4e440206f0 done


Dynamic libraries:
00400000-00401000 r-xp 00000000 08:02 1323751                            /usr/lib/jvm/java-7-openjdk-amd64/jre/bin/java
00600000-00601000 r--p 00000000 08:02 1323751                            /usr/lib/jvm/java-7-openjdk-amd64/jre/bin/java
00601000-00602000 rw-p 00001000 08:02 1323751                            /usr/lib/jvm/java-7-openjdk-amd64/jre/bin/java
00ae9000-00cc8000 rw-p 00000000 00:00 0                                  [heap]
86400000-87980000 rw-p 00000000 00:00 0 
87980000-90a00000 rw-p 00000000 00:00 0 
90a00000-95400000 rw-p 00000000 00:00 0 
95400000-dae00000 rw-p 00000000 00:00 0 
dae00000-dd380000 rw-p 00000000 00:00 0 
dd380000-100000000 rw-p 00000000 00:00 0 
7f4e1c000000-7f4e1c021000 rw-p 00000000 00:00 0 
7f4e1c021000-7f4e20000000 ---p 00000000 00:00 0 
7f4e2163f000-7f4e217a0000 rw-p 00000000 00:00 0 
7f4e217a0000-7f4e217aa000 r-xp 00000000 08:02 1317748                    /usr/lib/jvm/java-7-openjdk-amd64/jre/lib/amd64/libjavajpeg.so
7f4e217aa000-7f4e219a9000 ---p 0000a000 08:02 1317748                    /usr/lib/jvm/java-7-openjdk-amd64/jre/lib/amd64/libjavajpeg.so
7f4e219a9000-7f4e219aa000 r--p 00009000 08:02 1317748                    /usr/lib/jvm/java-7-openjdk-amd64/jre/lib/amd64/libjavajpeg.so
7f4e219aa000-7f4e219ab000 rw-p 0000a000 08:02 1317748                    /usr/lib/jvm/java-7-openjdk-amd64/jre/lib/amd64/libjavajpeg.so
7f4e219b0000-7f4e21c37000 rw-s 00000000 00:04 6357006                    /SYSV00000000 (deleted)
7f4e21c5e000-7f4e21d37000 rw-p 00000000 00:00 0 
7f4e21d37000-7f4e21d3a000 ---p 00000000 00:00 0 
7f4e21d3a000-7f4e21e38000 rw-p 00000000 00:00 0                          [stack:10398]
7f4e21e38000-7f4e21e4f000 r-xp 00000000 08:02 271360                     /tmp/jna-xrousakis/jna2254472518557847321.tmp (deleted)
7f4e21e4f000-7f4e2204f000 ---p 00017000 08:02 271360                     /tmp/jna-xrousakis/jna2254472518557847321.tmp (deleted)
7f4e2204f000-7f4e22050000 r--p 00017000 08:02 271360                     /tmp/jna-xrousakis/jna2254472518557847321.tmp (deleted)
7f4e22050000-7f4e22051000 rw-p 00018000 08:02 271360                     /tmp/jna-xrousakis/jna2254472518557847321.tmp (deleted)
7f4e22052000-7f4e22055000 ---p 00000000 00:00 0 
7f4e22055000-7f4e22153000 rw-p 00000000 00:00 0                          [stack:10396]
7f4e22153000-7f4e2215d000 r--s 00203000 08:02 1310919                    /usr/lib/jvm/java-7-openjdk-amd64/jre/lib/charsets.jar
7f4e2215f000-7f4e22162000 ---p 00000000 00:00 0 
7f4e22162000-7f4e22260000 rw-p 00000000 00:00 0                          [stack:10382]
7f4e22296000-7f4e22299000 ---p 00000000 00:00 0 
7f4e22299000-7f4e22397000 rw-p 00000000 00:00 0                          [stack:10397]
7f4e22397000-7f4e2239a000 ---p 00000000 00:00 0 
7f4e2239a000-7f4e22498000 rw-p 00000000 00:00 0                          [stack:10395]
7f4e22498000-7f4e224b3000 r--s 00000000 08:02 2362922                    /usr/share/fonts/type1/gsfonts/p052004l.pfb
7f4e224b8000-7f4e224d3000 r--s 00000000 08:02 2362925                    /usr/share/fonts/type1/gsfonts/p052023l.pfb
7f4e224d8000-7f4e224ea000 r--s 00000000 08:02 2362883                    /usr/share/fonts/type1/gsfonts/n019043l.pfb
7f4e224f0000-7f4e224fc000 r--s 00000000 08:02 2362868                    /usr/share/fonts/type1/gsfonts/d050000l.pfb
7f4e22500000-7f4e22513000 r--s 00000000 08:02 2362847                    /usr/share/fonts/type1/gsfonts/b018015l.pfb
7f4e22518000-7f4e22529000 r--s 00000000 08:02 2362889                    /usr/share/fonts/type1/gsfonts/n019063l.pfb
7f4e22530000-7f4e22542000 r--s 00000000 08:02 2362853                    /usr/share/fonts/type1/gsfonts/b018035l.pfb
7f4e22548000-7f4e22558000 r--s 00000000 08:02 2362832                    /usr/share/fonts/type1/gsfonts/a010013l.pfb
7f4e22558000-7f4e2256f000 r--s 00000000 08:02 2362934                    /usr/share/fonts/type1/gsfonts/z003034l.pfb
7f4e22570000-7f4e22582000 r--s 00000000 08:02 2362886                    /usr/share/fonts/type1/gsfonts/n019044l.pfb
7f4e22588000-7f4e225a3000 r--s 00000000 08:02 2362859                    /usr/share/fonts/type1/gsfonts/c059016l.pfb
7f4e225a8000-7f4e225a9000 r--s 00000000 08:02 2756976                    /var/cache/fontconfig/c05880de57d1f5e948fdfacc138775d9-le64.cache-4
7f4e225b0000-7f4e225bb000 r--s 00000000 08:02 2756975                    /var/cache/fontconfig/945677eb7aeaf62f1d50efc3fb3ec7d8-le64.cache-4
7f4e225c0000-7f4e225c2000 r--s 00000000 08:02 2756973                    /var/cache/fontconfig/99e8ed0e538f840c565b6ed5dad60d56-le64.cache-4
7f4e225c8000-7f4e225ce000 r--s 00000000 08:02 2756972                    /var/cache/fontconfig/2cd17615ca594fa2959ae173292e504c-le64.cache-4
7f4e225d0000-7f4e225d1000 r--s 00000000 08:02 2756971                    /var/cache/fontconfig/e7071f4a29fa870f4323321c154eba04-le64.cache-4
7f4e225d8000-7f4e225d9000 r--s 00000000 08:02 2756970                    /var/cache/fontconfig/0d8c3b2ac0904cb8a57a757ad11a4a08-le64.cache-4
7f4e225e0000-7f4e225e7000 r--s 00000000 08:02 2756969                    /var/cache/fontconfig/a755afe4a08bf5b97852ceb7400b47bc-le64.cache-4
7f4e225e8000-7f4e225f4000 r--s 00000000 08:02 2756968                    /var/cache/fontconfig/6d41288fd70b0be22e8c3a91e032eec0-le64.cache-4
7f4e225f8000-7f4e2260c000 r--s 00000000 08:02 2756967                    /var/cache/fontconfig/04aabc0a78ac019cf9454389977116d2-le64.cache-4
7f4e22610000-7f4e22611000 r--s 00000000 08:02 2756966                    /var/cache/fontconfig/1ac9eb803944fde146138c791f5cc56a-le64.cache-4
7f4e22618000-7f4e2261c000 r--s 00000000 08:02 2756965                    /var/cache/fontconfig/385c0604a188198f04d133e54aba7fe7-le64.cache-4
7f4e22620000-7f4e22621000 r--s 00000000 08:02 2756964                    /var/cache/fontconfig/dc05db6664285cc2f12bf69c139ae4c3-le64.cache-4
7f4e22628000-7f4e2262a000 r--s 00000000 08:02 2756963                    /var/cache/fontconfig/767a8244fc0220cfb567a839d0392e0b-le64.cache-4
7f4e22630000-7f4e22631000 r--s 00000000 08:02 2753289                    /var/cache/fontconfig/4794a0821666d79190d59a36cb4f44b5-le64.cache-4
7f4e22638000-7f4e2263d000 r--s 00000000 08:02 2756961                    /var/cache/fontconfig/8801497958630a81b71ace7c5f9b32a8-le64.cache-4
7f4e22640000-7f4e22647000 r--s 00000000 08:02 2756960                    /var/cache/fontconfig/3047814df9a2f067bd2d96a2b9c36e5a-le64.cache-4
7f4e22648000-7f4e22649000 r--s 00000000 08:02 2756959                    /var/cache/fontconfig/56cf4f4769d0f4abc89a4895d7bd3ae1-le64.cache-4
7f4e22650000-7f4e22651000 r--s 00000000 08:02 2756958                    /var/cache/fontconfig/b9d506c9ac06c20b433354fa67a72993-le64.cache-4
7f4e22658000-7f4e2265e000 r--s 00000000 08:02 2756957                    /var/cache/fontconfig/b47c4e1ecd0709278f4910c18777a504-le64.cache-4
7f4e22660000-7f4e22673000 r--s 00000000 08:02 2756956                    /var/cache/fontconfig/d52a8644073d54c13679302ca1180695-le64.cache-4
7f4e22678000-7f4e22681000 r--s 00000000 08:02 2754543                    /var/cache/fontconfig/3f7329c5293ffd510edef78f73874cfd-le64.cache-4
7f4e22688000-7f4e22693000 r--s 00000000 08:02 2756954                    /var/cache/fontconfig/d589a48862398ed80a3d6066f4f56f4c-le64.cache-4
7f4e22698000-7f4e2269b000 r--s 00000000 08:02 2756942                    /var/cache/fontconfig/e13b20fdb08344e0e664864cc2ede53d-le64.cache-4
7f4e226a0000-7f4e226a4000 r--s 00000000 08:02 2756952                    /var/cache/fontconfig/7ef2298fde41cc6eeb7af42e48b7d293-le64.cache-4
7f4e226a5000-7f4e226aa000 r--s 0004d000 08:02 1310924                    /usr/lib/jvm/java-7-openjdk-amd64/jre/lib/jsse.jar
7f4e226b0000-7f4e226b9000 r--s 00000000 08:02 2362931                    /usr/share/fonts/type1/gsfonts/s050000l.pfb
7f4e226c0000-7f4e226d1000 r--s 00000000 08:02 2362841                    /usr/share/fonts/type1/gsfonts/a010035l.pfb
7f4e226d8000-7f4e2272a000 r-xp 00000000 08:02 1317750                    /usr/lib/jvm/java-7-openjdk-amd64/jre/lib/amd64/libfontmanager.so
7f4e2272a000-7f4e22929000 ---p 00052000 08:02 1317750                    /usr/lib/jvm/java-7-openjdk-amd64/jre/lib/amd64/libfontmanager.so
7f4e22929000-7f4e2292c000 r--p 00051000 08:02 1317750                    /usr/lib/jvm/java-7-openjdk-amd64/jre/lib/amd64/libfontmanager.so
7f4e2292c000-7f4e2292d000 rw-p 00054000 08:02 1317750                    /usr/lib/jvm/java-7-openjdk-amd64/jre/lib/amd64/libfontmanager.so
7f4e2292f000-7f4e22932000 ---p 00000000 00:00 0 
7f4e22932000-7f4e22a30000 rw-p 00000000 00:00 0                          [stack:10380]
7f4e22a30000-7f4e22bdd000 r-xp 00000000 08:02 271359                     /tmp/javacpp9211923620182/libjniopencv_core.so
7f4e22bdd000-7f4e22ddd000 ---p 001ad000 08:02 271359                     /tmp/javacpp9211923620182/libjniopencv_core.so
7f4e22ddd000-7f4e22dde000 r--p 001ad000 08:02 271359                     /tmp/javacpp9211923620182/libjniopencv_core.so
7f4e22dde000-7f4e22de0000 rw-p 001ae000 08:02 271359                     /tmp/javacpp9211923620182/libjniopencv_core.so
7f4e22de0000-7f4e22e2e000 r-xp 00000000 08:02 271358                     /tmp/javacpp9211923620182/libjniopencv_highgui.so
7f4e22e2e000-7f4e2302d000 ---p 0004e000 08:02 271358                     /tmp/javacpp9211923620182/libjniopencv_highgui.so
7f4e2302d000-7f4e2302e000 r--p 0004d000 08:02 271358                     /tmp/javacpp9211923620182/libjniopencv_highgui.so
7f4e2302e000-7f4e2302f000 rw-p 0004e000 08:02 271358                     /tmp/javacpp9211923620182/libjniopencv_highgui.so
7f4e23030000-7f4e23073000 r-xp 00000000 08:02 1188593                    /usr/lib/x86_64-linux-gnu/libjpeg.so.8.0.2
7f4e23073000-7f4e23273000 ---p 00043000 08:02 1188593                    /usr/lib/x86_64-linux-gnu/libjpeg.so.8.0.2
7f4e23273000-7f4e23274000 r--p 00043000 08:02 1188593                    /usr/lib/x86_64-linux-gnu/libjpeg.so.8.0.2
7f4e23274000-7f4e23275000 rw-p 00044000 08:02 1188593                    /usr/lib/x86_64-linux-gnu/libjpeg.so.8.0.2
7f4e23275000-7f4e23285000 rw-p 00000000 00:00 0 
7f4e23288000-7f4e232ac000 r-xp 00000000 08:02 1188998                    /usr/lib/x86_64-linux-gnu/libv4lconvert.so.0.0.0
7f4e232ac000-7f4e234ac000 ---p 00024000 08:02 1188998                    /usr/lib/x86_64-linux-gnu/libv4lconvert.so.0.0.0
7f4e234ac000-7f4e234ae000 r--p 00024000 08:02 1188998                    /usr/lib/x86_64-linux-gnu/libv4lconvert.so.0.0.0
7f4e234ae000-7f4e234af000 rw-p 00026000 08:02 1188998                    /usr/lib/x86_64-linux-gnu/libv4lconvert.so.0.0.0
7f4e234af000-7f4e23501000 rw-p 00000000 00:00 0 
7f4e23508000-7f4e2350e000 r-xp 00000000 08:02 1188131                    /usr/lib/x86_64-linux-gnu/libdatrie.so.1.3.1
7f4e2350e000-7f4e2370d000 ---p 00006000 08:02 1188131                    /usr/lib/x86_64-linux-gnu/libdatrie.so.1.3.1
7f4e2370d000-7f4e2370e000 r--p 00005000 08:02 1188131                    /usr/lib/x86_64-linux-gnu/libdatrie.so.1.3.1
7f4e2370e000-7f4e2370f000 rw-p 00006000 08:02 1188131                    /usr/lib/x86_64-linux-gnu/libdatrie.so.1.3.1
7f4e23710000-7f4e2372a000 r-xp 00000000 08:02 1188402                    /usr/lib/x86_64-linux-gnu/libgraphite2.so.3.0.1
7f4e2372a000-7f4e23929000 ---p 0001a000 08:02 1188402                    /usr/lib/x86_64-linux-gnu/libgraphite2.so.3.0.1
7f4e23929000-7f4e2392b000 r--p 00019000 08:02 1188402                    /usr/lib/x86_64-linux-gnu/libgraphite2.so.3.0.1
7f4e2392b000-7f4e2392c000 rw-p 0001b000 08:02 1188402                    /usr/lib/x86_64-linux-gnu/libgraphite2.so.3.0.1
7f4e23930000-7f4e23939000 r-xp 00000000 08:02 1188996                    /usr/lib/x86_64-linux-gnu/libv4l2.so.0.0.0
7f4e23939000-7f4e23b38000 ---p 00009000 08:02 1188996                    /usr/lib/x86_64-linux-gnu/libv4l2.so.0.0.0
7f4e23b38000-7f4e23b39000 r--p 00008000 08:02 1188996                    /usr/lib/x86_64-linux-gnu/libv4l2.so.0.0.0
7f4e23b39000-7f4e23b3e000 rw-p 00009000 08:02 1188996                    /usr/lib/x86_64-linux-gnu/libv4l2.so.0.0.0
7f4e23b40000-7f4e23b48000 r-xp 00000000 08:02 1188953                    /usr/lib/x86_64-linux-gnu/libthai.so.0.2.0
7f4e23b48000-7f4e23d47000 ---p 00008000 08:02 1188953                    /usr/lib/x86_64-linux-gnu/libthai.so.0.2.0
7f4e23d47000-7f4e23d48000 r--p 00007000 08:02 1188953                    /usr/lib/x86_64-linux-gnu/libthai.so.0.2.0
7f4e23d48000-7f4e23d49000 rw-p 00008000 08:02 1188953                    /usr/lib/x86_64-linux-gnu/libthai.so.0.2.0
7f4e23d50000-7f4e23da3000 r-xp 00000000 08:02 1179957                    /usr/lib/x86_64-linux-gnu/libharfbuzz.so.0.927.0
7f4e23da3000-7f4e23fa3000 ---p 00053000 08:02 1179957                    /usr/lib/x86_64-linux-gnu/libharfbuzz.so.0.927.0
7f4e23fa3000-7f4e23fa4000 r--p 00053000 08:02 1179957                    /usr/lib/x86_64-linux-gnu/libharfbuzz.so.0.927.0
7f4e23fa4000-7f4e23fa5000 rw-p 00054000 08:02 1179957                    /usr/lib/x86_64-linux-gnu/libharfbuzz.so.0.927.0
7f4e23fa8000-7f4e23fb0000 r-xp 00000000 08:02 1189074                    /usr/lib/x86_64-linux-gnu/libxcb-render.so.0.0.0
7f4e23fb0000-7f4e241af000 ---p 00008000 08:02 1189074                    /usr/lib/x86_64-linux-gnu/libxcb-render.so.0.0.0
7f4e241af000-7f4e241b0000 r--p 00007000 08:02 1189074                    /usr/lib/x86_64-linux-gnu/libxcb-render.so.0.0.0
7f4e241b0000-7f4e241b1000 rw-p 00008000 08:02 1189074                    /usr/lib/x86_64-linux-gnu/libxcb-render.so.0.0.0
7f4e241b8000-7f4e241ba000 r-xp 00000000 08:02 1189078                    /usr/lib/x86_64-linux-gnu/libxcb-shm.so.0.0.0
7f4e241ba000-7f4e243b9000 ---p 00002000 08:02 1189078                    /usr/lib/x86_64-linux-gnu/libxcb-shm.so.0.0.0
7f4e243b9000-7f4e243ba000 r--p 00001000 08:02 1189078                    /usr/lib/x86_64-linux-gnu/libxcb-shm.so.0.0.0
7f4e243ba000-7f4e243bb000 rw-p 00002000 08:02 1189078                    /usr/lib/x86_64-linux-gnu/libxcb-shm.so.0.0.0
7f4e243c0000-7f4e24461000 r-xp 00000000 08:02 1188793                    /usr/lib/x86_64-linux-gnu/libpixman-1.so.0.30.2
7f4e24461000-7f4e24661000 ---p 000a1000 08:02 1188793                    /usr/lib/x86_64-linux-gnu/libpixman-1.so.0.30.2
7f4e24661000-7f4e24668000 r--p 000a1000 08:02 1188793                    /usr/lib/x86_64-linux-gnu/libpixman-1.so.0.30.2
7f4e24668000-7f4e24669000 rw-p 000a8000 08:02 1188793                    /usr/lib/x86_64-linux-gnu/libpixman-1.so.0.30.2
7f4e24670000-7f4e24672000 r-xp 00000000 08:02 1187926                    /usr/lib/x86_64-linux-gnu/libXdamage.so.1.1.0
7f4e24672000-7f4e24871000 ---p 00002000 08:02 1187926                    /usr/lib/x86_64-linux-gnu/libXdamage.so.1.1.0
7f4e24871000-7f4e24872000 r--p 00001000 08:02 1187926                    /usr/lib/x86_64-linux-gnu/libXdamage.so.1.1.0
7f4e24872000-7f4e24873000 rw-p 00002000 08:02 1187926                    /usr/lib/x86_64-linux-gnu/libXdamage.so.1.1.0
7f4e24878000-7f4e2487a000 r-xp 00000000 08:02 1187922                    /usr/lib/x86_64-linux-gnu/libXcomposite.so.1.0.0
7f4e2487a000-7f4e24a79000 ---p 00002000 08:02 1187922                    /usr/lib/x86_64-linux-gnu/libXcomposite.so.1.0.0
7f4e24a79000-7f4e24a7a000 r--p 00001000 08:02 1187922                    /usr/lib/x86_64-linux-gnu/libXcomposite.so.1.0.0
7f4e24a7a000-7f4e24a7b000 rw-p 00002000 08:02 1187922                    /usr/lib/x86_64-linux-gnu/libXcomposite.so.1.0.0
7f4e24a80000-7f4e24a89000 r-xp 00000000 08:02 1187948                    /usr/lib/x86_64-linux-gnu/libXrandr.so.2.2.0
7f4e24a89000-7f4e24c88000 ---p 00009000 08:02 1187948                    /usr/lib/x86_64-linux-gnu/libXrandr.so.2.2.0
7f4e24c88000-7f4e24c89000 r--p 00008000 08:02 1187948                    /usr/lib/x86_64-linux-gnu/libXrandr.so.2.2.0
7f4e24c89000-7f4e24c8a000 rw-p 00009000 08:02 1187948                    /usr/lib/x86_64-linux-gnu/libXrandr.so.2.2.0
7f4e24c90000-7f4e24c92000 r-xp 00000000 08:02 1187940                    /usr/lib/x86_64-linux-gnu/libXinerama.so.1.0.0
7f4e24c92000-7f4e24e91000 ---p 00002000 08:02 1187940                    /usr/lib/x86_64-linux-gnu/libXinerama.so.1.0.0
7f4e24e91000-7f4e24e92000 r--p 00001000 08:02 1187940                    /usr/lib/x86_64-linux-gnu/libXinerama.so.1.0.0
7f4e24e92000-7f4e24e93000 rw-p 00002000 08:02 1187940                    /usr/lib/x86_64-linux-gnu/libXinerama.so.1.0.0
7f4e24e98000-7f4e24e9d000 r-xp 00000000 08:02 1188994                    /usr/lib/x86_64-linux-gnu/libv4l1.so.0.0.0
7f4e24e9d000-7f4e2509c000 ---p 00005000 08:02 1188994                    /usr/lib/x86_64-linux-gnu/libv4l1.so.0.0.0
7f4e2509c000-7f4e2509d000 r--p 00004000 08:02 1188994                    /usr/lib/x86_64-linux-gnu/libv4l1.so.0.0.0
7f4e2509d000-7f4e2509e000 rw-p 00005000 08:02 1188994                    /usr/lib/x86_64-linux-gnu/libv4l1.so.0.0.0
7f4e250a0000-7f4e250a1000 r-xp 00000000 08:02 1181659                    /usr/lib/x86_64-linux-gnu/libgthread-2.0.so.0.4002.0
7f4e250a1000-7f4e252a0000 ---p 00001000 08:02 1181659                    /usr/lib/x86_64-linux-gnu/libgthread-2.0.so.0.4002.0
7f4e252a0000-7f4e252a1000 r--p 00000000 08:02 1181659                    /usr/lib/x86_64-linux-gnu/libgthread-2.0.so.0.4002.0
7f4e252a1000-7f4e252a2000 rw-p 00001000 08:02 1181659                    /usr/lib/x86_64-linux-gnu/libgthread-2.0.so.0.4002.0
7f4e252a8000-7f4e252f2000 r-xp 00000000 08:02 1181864                    /usr/lib/x86_64-linux-gnu/libpango-1.0.so.0.3600.3
7f4e252f2000-7f4e254f2000 ---p 0004a000 08:02 1181864                    /usr/lib/x86_64-linux-gnu/libpango-1.0.so.0.3600.3
7f4e254f2000-7f4e254f4000 r--p 0004a000 08:02 1181864                    /usr/lib/x86_64-linux-gnu/libpango-1.0.so.0.3600.3
7f4e254f4000-7f4e254f5000 rw-p 0004c000 08:02 1181864                    /usr/lib/x86_64-linux-gnu/libpango-1.0.so.0.3600.3
7f4e254f8000-7f4e2550c000 r-xp 00000000 08:02 1181866                    /usr/lib/x86_64-linux-gnu/libpangoft2-1.0.so.0.3600.3
7f4e2550c000-7f4e2570b000 ---p 00014000 08:02 1181866                    /usr/lib/x86_64-linux-gnu/libpangoft2-1.0.so.0.3600.3
7f4e2570b000-7f4e2570c000 r--p 00013000 08:02 1181866                    /usr/lib/x86_64-linux-gnu/libpangoft2-1.0.so.0.3600.3
7f4e2570c000-7f4e2570d000 rw-p 00014000 08:02 1181866                    /usr/lib/x86_64-linux-gnu/libpangoft2-1.0.so.0.3600.3
7f4e25710000-7f4e2572f000 r-xp 00000000 08:02 1188324                    /usr/lib/x86_64-linux-gnu/libgdk_pixbuf-2.0.so.0.3000.7
7f4e2572f000-7f4e2592f000 ---p 0001f000 08:02 1188324                    /usr/lib/x86_64-linux-gnu/libgdk_pixbuf-2.0.so.0.3000.7
7f4e2592f000-7f4e25930000 r--p 0001f000 08:02 1188324                    /usr/lib/x86_64-linux-gnu/libgdk_pixbuf-2.0.so.0.3000.7
7f4e25930000-7f4e25931000 rw-p 00020000 08:02 1188324                    /usr/lib/x86_64-linux-gnu/libgdk_pixbuf-2.0.so.0.3000.7
7f4e25938000-7f4e25a3e000 r-xp 00000000 08:02 1184068                    /usr/lib/x86_64-linux-gnu/libcairo.so.2.11301.0
7f4e25a3e000-7f4e25c3d000 ---p 00106000 08:02 1184068                    /usr/lib/x86_64-linux-gnu/libcairo.so.2.11301.0
7f4e25c3d000-7f4e25c40000 r--p 00105000 08:02 1184068                    /usr/lib/x86_64-linux-gnu/libcairo.so.2.11301.0
7f4e25c40000-7f4e25c41000 rw-p 00108000 08:02 1184068                    /usr/lib/x86_64-linux-gnu/libcairo.so.2.11301.0
7f4e25c41000-7f4e25c43000 rw-p 00000000 00:00 0 
7f4e25c48000-7f4e25c67000 r-xp 00000000 08:02 1188009                    /usr/lib/x86_64-linux-gnu/libatk-1.0.so.0.21009.1
7f4e25c67000-7f4e25e67000 ---p 0001f000 08:02 1188009                    /usr/lib/x86_64-linux-gnu/libatk-1.0.so.0.21009.1
7f4e25e67000-7f4e25e69000 r--p 0001f000 08:02 1188009                    /usr/lib/x86_64-linux-gnu/libatk-1.0.so.0.21009.1
7f4e25e69000-7f4e25e6a000 rw-p 00021000 08:02 1188009                    /usr/lib/x86_64-linux-gnu/libatk-1.0.so.0.21009.1
7f4e25e70000-7f4e25e7b000 r-xp 00000000 08:02 1181862                    /usr/lib/x86_64-linux-gnu/libpangocairo-1.0.so.0.3600.3
7f4e25e7b000-7f4e2607b000 ---p 0000b000 08:02 1181862                    /usr/lib/x86_64-linux-gnu/libpangocairo-1.0.so.0.3600.3
7f4e2607b000-7f4e2607c000 r--p 0000b000 08:02 1181862                    /usr/lib/x86_64-linux-gnu/libpangocairo-1.0.so.0.3600.3
7f4e2607c000-7f4e2607d000 rw-p 0000c000 08:02 1181862                    /usr/lib/x86_64-linux-gnu/libpangocairo-1.0.so.0.3600.3
7f4e26080000-7f4e2612d000 r-xp 00000000 08:02 1185800                    /usr/lib/x86_64-linux-gnu/libgdk-x11-2.0.so.0.2400.23
7f4e2612d000-7f4e2632c000 ---p 000ad000 08:02 1185800                    /usr/lib/x86_64-linux-gnu/libgdk-x11-2.0.so.0.2400.23
7f4e2632c000-7f4e26330000 r--p 000ac000 08:02 1185800                    /usr/lib/x86_64-linux-gnu/libgdk-x11-2.0.so.0.2400.23
7f4e26330000-7f4e26332000 rw-p 000b0000 08:02 1185800                    /usr/lib/x86_64-linux-gnu/libgdk-x11-2.0.so.0.2400.23
7f4e26338000-7f4e26767000 r-xp 00000000 08:02 1190134                    /usr/lib/x86_64-linux-gnu/libgtk-x11-2.0.so.0.2400.23
7f4e26767000-7f4e26966000 ---p 0042f000 08:02 1190134                    /usr/lib/x86_64-linux-gnu/libgtk-x11-2.0.so.0.2400.23
7f4e26966000-7f4e2696d000 r--p 0042e000 08:02 1190134                    /usr/lib/x86_64-linux-gnu/libgtk-x11-2.0.so.0.2400.23
7f4e2696d000-7f4e26971000 rw-p 00435000 08:02 1190134                    /usr/lib/x86_64-linux-gnu/libgtk-x11-2.0.so.0.2400.23
7f4e26971000-7f4e26974000 rw-p 00000000 00:00 0 
7f4e26978000-7f4e26bbf000 r-xp 00000000 08:02 271355                     /tmp/javacpp9211923620182/libopencv_highgui.so.2.4
7f4e26bbf000-7f4e26dbf000 ---p 00247000 08:02 271355                     /tmp/javacpp9211923620182/libopencv_highgui.so.2.4
7f4e26dbf000-7f4e26dc7000 r--p 00247000 08:02 271355                     /tmp/javacpp9211923620182/libopencv_highgui.so.2.4
7f4e26dc7000-7f4e26dd0000 rw-p 0024f000 08:02 271355                     /tmp/javacpp9211923620182/libopencv_highgui.so.2.4
7f4e26dd0000-7f4e26dd8000 rw-p 00000000 00:00 0 
7f4e26dd8000-7f4e27033000 r-xp 00000000 08:02 271354                     /tmp/javacpp9211923620182/libopencv_imgproc.so.2.4
7f4e27033000-7f4e27233000 ---p 0025b000 08:02 271354                     /tmp/javacpp9211923620182/libopencv_imgproc.so.2.4
7f4e27233000-7f4e2723a000 r--p 0025b000 08:02 271354                     /tmp/javacpp9211923620182/libopencv_imgproc.so.2.4
7f4e2723a000-7f4e2723c000 rw-p 00262000 08:02 271354                     /tmp/javacpp9211923620182/libopencv_imgproc.so.2.4
7f4e2723c000-7f4e272d1000 rw-p 00000000 00:00 0 
7f4e272d8000-7f4e27581000 r-xp 00000000 08:02 271353                     /tmp/javacpp9211923620182/libopencv_core.so.2.4
7f4e27581000-7f4e27780000 ---p 002a9000 08:02 271353                     /tmp/javacpp9211923620182/libopencv_core.so.2.4
7f4e27780000-7f4e27784000 r--p 002a8000 08:02 271353                     /tmp/javacpp9211923620182/libopencv_core.so.2.4
7f4e27784000-7f4e2778d000 rw-p 002ac000 08:02 271353                     /tmp/javacpp9211923620182/libopencv_core.so.2.4
7f4e2778d000-7f4e27790000 rw-p 00000000 00:00 0 
7f4e27790000-7f4e277b9000 r-xp 00000000 08:02 271352                     /tmp/javacpp9211923620182/libtbb.so
7f4e277b9000-7f4e279b8000 ---p 00029000 08:02 271352                     /tmp/javacpp9211923620182/libtbb.so
7f4e279b8000-7f4e279ba000 r--p 00028000 08:02 271352                     /tmp/javacpp9211923620182/libtbb.so
7f4e279ba000-7f4e279bb000 rw-p 0002a000 08:02 271352                     /tmp/javacpp9211923620182/libtbb.so
7f4e279c0000-7f4e279e6000 r-xp 00000000 08:02 271350                     /tmp/javacpp9211923620182/libjnifreenect.so
7f4e279e6000-7f4e27be5000 ---p 00026000 08:02 271350                     /tmp/javacpp9211923620182/libjnifreenect.so
7f4e27be5000-7f4e27be6000 r--p 00025000 08:02 271350                     /tmp/javacpp9211923620182/libjnifreenect.so
7f4e27be6000-7f4e27be7000 rw-p 00026000 08:02 271350                     /tmp/javacpp9211923620182/libjnifreenect.so
7f4e27be8000-7f4e27beb000 r-xp 00000000 08:02 271348                     /tmp/javacpp9211923620182/libfreenect_sync.so
7f4e27beb000-7f4e27dea000 ---p 00003000 08:02 271348                     /tmp/javacpp9211923620182/libfreenect_sync.so
7f4e27dea000-7f4e27deb000 r--p 00002000 08:02 271348                     /tmp/javacpp9211923620182/libfreenect_sync.so
7f4e27deb000-7f4e27dec000 rw-p 00003000 08:02 271348                     /tmp/javacpp9211923620182/libfreenect_sync.so
7f4e27df0000-7f4e27dfe000 r-xp 00000000 08:02 271346                     /tmp/javacpp9211923620182/libfreenect.so
7f4e27dfe000-7f4e27ffd000 ---p 0000e000 08:02 271346                     /tmp/javacpp9211923620182/libfreenect.so
7f4e27ffd000-7f4e27ffe000 r--p 0000d000 08:02 271346                     /tmp/javacpp9211923620182/libfreenect.so
7f4e27ffe000-7f4e27fff000 rw-p 0000e000 08:02 271346                     /tmp/javacpp9211923620182/libfreenect.so
7f4e28000000-7f4e28021000 rw-p 00000000 00:00 0 
7f4e28021000-7f4e2c000000 ---p 00000000 00:00 0 
7f4e2c000000-7f4e2c0be000 rw-p 00000000 00:00 0 
7f4e2c0be000-7f4e30000000 ---p 00000000 00:00 0 
7f4e30000000-7f4e30021000 rw-p 00000000 00:00 0 
7f4e30021000-7f4e34000000 ---p 00000000 00:00 0 
7f4e34008000-7f4e34020000 r--s 00000000 08:02 2362862                    /usr/share/fonts/type1/gsfonts/c059033l.pfb
7f4e34020000-7f4e34035000 r--s 00000000 08:02 2362850                    /usr/share/fonts/type1/gsfonts/b018032l.pfb
7f4e34038000-7f4e34054000 r--s 00000000 08:02 2362928                    /usr/share/fonts/type1/gsfonts/p052024l.pfb
7f4e34058000-7f4e34068000 r--s 00000000 08:02 2362838                    /usr/share/fonts/type1/gsfonts/a010033l.pfb
7f4e34068000-7f4e34083000 r--s 00000000 08:02 2362919                    /usr/share/fonts/type1/gsfonts/p052003l.pfb
7f4e34088000-7f4e340a2000 r--s 00000000 08:02 2362856                    /usr/share/fonts/type1/gsfonts/c059013l.pfb
7f4e340a6000-7f4e340a9000 ---p 00000000 00:00 0 
7f4e340a9000-7f4e341a7000 rw-p 00000000 00:00 0                          [stack:10379]
7f4e341a7000-7f4e341a8000 ---p 00000000 00:00 0 
7f4e341a8000-7f4e349a8000 rw-p 00000000 00:00 0 
7f4e349a8000-7f4e349fa000 r-xp 00000000 08:02 271345                     /tmp/javacpp9211923620182/libjnidc1394.so
7f4e349fa000-7f4e34bf9000 ---p 00052000 08:02 271345                     /tmp/javacpp9211923620182/libjnidc1394.so
7f4e34bf9000-7f4e34bfa000 r--p 00051000 08:02 271345                     /tmp/javacpp9211923620182/libjnidc1394.so
7f4e34bfa000-7f4e34bfb000 rw-p 00052000 08:02 271345                     /tmp/javacpp9211923620182/libjnidc1394.so
7f4e34c00000-7f4e34c08000 r-xp 00000000 08:02 1445949                    /lib/x86_64-linux-gnu/libnih-dbus.so.1.0.0
7f4e34c08000-7f4e34e08000 ---p 00008000 08:02 1445949                    /lib/x86_64-linux-gnu/libnih-dbus.so.1.0.0
7f4e34e08000-7f4e34e09000 r--p 00008000 08:02 1445949                    /lib/x86_64-linux-gnu/libnih-dbus.so.1.0.0
7f4e34e09000-7f4e34e0a000 rw-p 00009000 08:02 1445949                    /lib/x86_64-linux-gnu/libnih-dbus.so.1.0.0
7f4e34e10000-7f4e34e27000 r-xp 00000000 08:02 1445951                    /lib/x86_64-linux-gnu/libnih.so.1.0.0
7f4e34e27000-7f4e35026000 ---p 00017000 08:02 1445951                    /lib/x86_64-linux-gnu/libnih.so.1.0.0
7f4e35026000-7f4e35027000 r--p 00016000 08:02 1445951                    /lib/x86_64-linux-gnu/libnih.so.1.0.0
7f4e35027000-7f4e35028000 rw-p 00017000 08:02 1445951                    /lib/x86_64-linux-gnu/libnih.so.1.0.0
7f4e35028000-7f4e35041000 r-xp 00000000 08:02 1444015                    /lib/x86_64-linux-gnu/libcgmanager.so.0.0.0
7f4e35041000-7f4e35240000 ---p 00019000 08:02 1444015                    /lib/x86_64-linux-gnu/libcgmanager.so.0.0.0
7f4e35240000-7f4e35242000 r--p 00018000 08:02 1444015                    /lib/x86_64-linux-gnu/libcgmanager.so.0.0.0
7f4e35242000-7f4e35243000 rw-p 0001a000 08:02 1444015                    /lib/x86_64-linux-gnu/libcgmanager.so.0.0.0
7f4e35248000-7f4e35258000 r-xp 00000000 08:02 1442754                    /lib/x86_64-linux-gnu/libudev.so.1.3.5
7f4e35258000-7f4e35457000 ---p 00010000 08:02 1442754                    /lib/x86_64-linux-gnu/libudev.so.1.3.5
7f4e35457000-7f4e35458000 r--p 0000f000 08:02 1442754                    /lib/x86_64-linux-gnu/libudev.so.1.3.5
7f4e35458000-7f4e35459000 rw-p 00010000 08:02 1442754                    /lib/x86_64-linux-gnu/libudev.so.1.3.5
7f4e35460000-7f4e35475000 r-xp 00000000 08:02 1446041                    /lib/x86_64-linux-gnu/libusb-1.0.so.0.1.0
7f4e35475000-7f4e35675000 ---p 00015000 08:02 1446041                    /lib/x86_64-linux-gnu/libusb-1.0.so.0.1.0
7f4e35675000-7f4e35676000 r--p 00015000 08:02 1446041                    /lib/x86_64-linux-gnu/libusb-1.0.so.0.1.0
7f4e35676000-7f4e35677000 rw-p 00016000 08:02 1446041                    /lib/x86_64-linux-gnu/libusb-1.0.so.0.1.0
7f4e35678000-7f4e35685000 r-xp 00000000 08:02 1188844                    /usr/lib/x86_64-linux-gnu/libraw1394.so.11.1.0
7f4e35685000-7f4e35884000 ---p 0000d000 08:02 1188844                    /usr/lib/x86_64-linux-gnu/libraw1394.so.11.1.0
7f4e35884000-7f4e35885000 r--p 0000c000 08:02 1188844                    /usr/lib/x86_64-linux-gnu/libraw1394.so.11.1.0
7f4e35885000-7f4e35886000 rw-p 0000d000 08:02 1188844                    /usr/lib/x86_64-linux-gnu/libraw1394.so.11.1.0
7f4e35888000-7f4e358bb000 r-xp 00000000 08:02 271344                     /tmp/javacpp9211923620182/libdc1394.so.22
7f4e358bb000-7f4e35abb000 ---p 00033000 08:02 271344                     /tmp/javacpp9211923620182/libdc1394.so.22
7f4e35abb000-7f4e35abc000 r--p 00033000 08:02 271344                     /tmp/javacpp9211923620182/libdc1394.so.22
7f4e35abc000-7f4e35abd000 rw-p 00034000 08:02 271344                     /tmp/javacpp9211923620182/libdc1394.so.22
7f4e35abd000-7f4e35afd000 rw-p 00000000 00:00 0 
7f4e35b00000-7f4e35b17000 r-xp 00000000 08:02 1317766                    /usr/lib/jvm/java-7-openjdk-amd64/jre/lib/amd64/libnet.so
7f4e35b17000-7f4e35d16000 ---p 00017000 08:02 1317766                    /usr/lib/jvm/java-7-openjdk-amd64/jre/lib/amd64/libnet.so
7f4e35d16000-7f4e35d17000 r--p 00016000 08:02 1317766                    /usr/lib/jvm/java-7-openjdk-amd64/jre/lib/amd64/libnet.so
7f4e35d17000-7f4e35d18000 rw-p 00017000 08:02 1317766                    /usr/lib/jvm/java-7-openjdk-amd64/jre/lib/amd64/libnet.so
7f4e35d18000-7f4e35d28000 r-xp 00000000 08:02 1317771                    /usr/lib/jvm/java-7-openjdk-amd64/jre/lib/amd64/libnio.so
7f4e35d28000-7f4e35f28000 ---p 00010000 08:02 1317771                    /usr/lib/jvm/java-7-openjdk-amd64/jre/lib/amd64/libnio.so
7f4e35f28000-7f4e35f29000 r--p 00010000 08:02 1317771                    /usr/lib/jvm/java-7-openjdk-amd64/jre/lib/amd64/libnio.so
7f4e35f29000-7f4e35f2a000 rw-p 00011000 08:02 1317771                    /usr/lib/jvm/java-7-openjdk-amd64/jre/lib/amd64/libnio.so
7f4e35f2e000-7f4e35f31000 ---p 00000000 00:00 0 
7f4e35f31000-7f4e3602f000 rw-p 00000000 00:00 0                          [stack:10394]
7f4e3602f000-7f4e36032000 ---p 00000000 00:00 0 
7f4e36032000-7f4e36130000 rw-p 00000000 00:00 0                          [stack:10375]
7f4e36130000-7f4e36135000 r-xp 00000000 08:02 1185797                    /usr/lib/x86_64-linux-gnu/libXfixes.so.3.1.0
7f4e36135000-7f4e36334000 ---p 00005000 08:02 1185797                    /usr/lib/x86_64-linux-gnu/libXfixes.so.3.1.0
7f4e36334000-7f4e36335000 r--p 00004000 08:02 1185797                    /usr/lib/x86_64-linux-gnu/libXfixes.so.3.1.0
7f4e36335000-7f4e36336000 rw-p 00005000 08:02 1185797                    /usr/lib/x86_64-linux-gnu/libXfixes.so.3.1.0
7f4e36338000-7f4e36341000 r-xp 00000000 08:02 1187924                    /usr/lib/x86_64-linux-gnu/libXcursor.so.1.0.2
7f4e36341000-7f4e36540000 ---p 00009000 08:02 1187924                    /usr/lib/x86_64-linux-gnu/libXcursor.so.1.0.2
7f4e36540000-7f4e36541000 r--p 00008000 08:02 1187924                    /usr/lib/x86_64-linux-gnu/libXcursor.so.1.0.2
7f4e36541000-7f4e36542000 rw-p 00009000 08:02 1187924                    /usr/lib/x86_64-linux-gnu/libXcursor.so.1.0.2
7f4e36548000-7f4e3654c000 r-xp 00000000 08:02 1445919                    /lib/x86_64-linux-gnu/libgpg-error.so.0.10.0
7f4e3654c000-7f4e3674b000 ---p 00004000 08:02 1445919                    /lib/x86_64-linux-gnu/libgpg-error.so.0.10.0
7f4e3674b000-7f4e3674c000 r--p 00003000 08:02 1445919                    /lib/x86_64-linux-gnu/libgpg-error.so.0.10.0
7f4e3674c000-7f4e3674d000 rw-p 00004000 08:02 1445919                    /lib/x86_64-linux-gnu/libgpg-error.so.0.10.0
7f4e36750000-7f4e36752000 r-xp 00000000 08:02 1445929                    /lib/x86_64-linux-gnu/libkeyutils.so.1.4
7f4e36752000-7f4e36952000 ---p 00002000 08:02 1445929                    /lib/x86_64-linux-gnu/libkeyutils.so.1.4
7f4e36952000-7f4e36953000 r--p 00002000 08:02 1445929                    /lib/x86_64-linux-gnu/libkeyutils.so.1.4
7f4e36953000-7f4e36954000 rw-p 00003000 08:02 1445929                    /lib/x86_64-linux-gnu/libkeyutils.so.1.4
7f4e36958000-7f4e36995000 r-xp 00000000 08:02 1445990                    /lib/x86_64-linux-gnu/libpcre.so.3.13.1
7f4e36995000-7f4e36b94000 ---p 0003d000 08:02 1445990                    /lib/x86_64-linux-gnu/libpcre.so.3.13.1
7f4e36b94000-7f4e36b95000 r--p 0003c000 08:02 1445990                    /lib/x86_64-linux-gnu/libpcre.so.3.13.1
7f4e36b95000-7f4e36b96000 rw-p 0003d000 08:02 1445990                    /lib/x86_64-linux-gnu/libpcre.so.3.13.1
7f4e36b98000-7f4e36bbd000 r-xp 00000000 08:02 1446002                    /lib/x86_64-linux-gnu/libpng12.so.0.50.0
7f4e36bbd000-7f4e36dbc000 ---p 00025000 08:02 1446002                    /lib/x86_64-linux-gnu/libpng12.so.0.50.0
7f4e36dbc000-7f4e36dbd000 r--p 00024000 08:02 1446002                    /lib/x86_64-linux-gnu/libpng12.so.0.50.0
7f4e36dbd000-7f4e36dbe000 rw-p 00025000 08:02 1446002                    /lib/x86_64-linux-gnu/libpng12.so.0.50.0
7f4e36dc0000-7f4e36e04000 r-xp 00000000 08:02 1444769                    /lib/x86_64-linux-gnu/libdbus-1.so.3.7.6
7f4e36e04000-7f4e37003000 ---p 00044000 08:02 1444769                    /lib/x86_64-linux-gnu/libdbus-1.so.3.7.6
7f4e37003000-7f4e37004000 r--p 00043000 08:02 1444769                    /lib/x86_64-linux-gnu/libdbus-1.so.3.7.6
7f4e37004000-7f4e37005000 rw-p 00044000 08:02 1444769                    /lib/x86_64-linux-gnu/libdbus-1.so.3.7.6
7f4e37008000-7f4e37043000 r-xp 00000000 08:02 1188762                    /usr/lib/x86_64-linux-gnu/libp11-kit.so.0.0.0
7f4e37043000-7f4e37242000 ---p 0003b000 08:02 1188762                    /usr/lib/x86_64-linux-gnu/libp11-kit.so.0.0.0
7f4e37242000-7f4e37248000 r--p 0003a000 08:02 1188762                    /usr/lib/x86_64-linux-gnu/libp11-kit.so.0.0.0
7f4e37248000-7f4e3724a000 rw-p 00040000 08:02 1188762                    /usr/lib/x86_64-linux-gnu/libp11-kit.so.0.0.0
7f4e37250000-7f4e37262000 r-xp 00000000 08:02 1190002                    /usr/lib/x86_64-linux-gnu/libtasn1.so.6.2.0
7f4e37262000-7f4e37462000 ---p 00012000 08:02 1190002                    /usr/lib/x86_64-linux-gnu/libtasn1.so.6.2.0
7f4e37462000-7f4e37463000 r--p 00012000 08:02 1190002                    /usr/lib/x86_64-linux-gnu/libtasn1.so.6.2.0
7f4e37463000-7f4e37464000 rw-p 00013000 08:02 1190002                    /usr/lib/x86_64-linux-gnu/libtasn1.so.6.2.0
7f4e37468000-7f4e374e4000 r-xp 00000000 08:02 1443002                    /lib/x86_64-linux-gnu/libgcrypt.so.11.8.2
7f4e374e4000-7f4e376e4000 ---p 0007c000 08:02 1443002                    /lib/x86_64-linux-gnu/libgcrypt.so.11.8.2
7f4e376e4000-7f4e376e5000 r--p 0007c000 08:02 1443002                    /lib/x86_64-linux-gnu/libgcrypt.so.11.8.2
7f4e376e5000-7f4e376e8000 rw-p 0007d000 08:02 1443002                    /lib/x86_64-linux-gnu/libgcrypt.so.11.8.2
7f4e376e8000-7f4e376f2000 r-xp 00000000 08:02 1185597                    /usr/lib/x86_64-linux-gnu/libkrb5support.so.0.1
7f4e376f2000-7f4e378f1000 ---p 0000a000 08:02 1185597                    /usr/lib/x86_64-linux-gnu/libkrb5support.so.0.1
7f4e378f1000-7f4e378f2000 r--p 00009000 08:02 1185597                    /usr/lib/x86_64-linux-gnu/libkrb5support.so.0.1
7f4e378f2000-7f4e378f3000 rw-p 0000a000 08:02 1185597                    /usr/lib/x86_64-linux-gnu/libkrb5support.so.0.1
7f4e378f8000-7f4e378fb000 r-xp 00000000 08:02 1444828                    /lib/x86_64-linux-gnu/libcom_err.so.2.1
7f4e378fb000-7f4e37afa000 ---p 00003000 08:02 1444828                    /lib/x86_64-linux-gnu/libcom_err.so.2.1
7f4e37afa000-7f4e37afb000 r--p 00002000 08:02 1444828                    /lib/x86_64-linux-gnu/libcom_err.so.2.1
7f4e37afb000-7f4e37afc000 rw-p 00003000 08:02 1444828                    /lib/x86_64-linux-gnu/libcom_err.so.2.1
7f4e37b00000-7f4e37b2c000 r-xp 00000000 08:02 1180183                    /usr/lib/x86_64-linux-gnu/libk5crypto.so.3.1
7f4e37b2c000-7f4e37d2b000 ---p 0002c000 08:02 1180183                    /usr/lib/x86_64-linux-gnu/libk5crypto.so.3.1
7f4e37d2b000-7f4e37d2d000 r--p 0002b000 08:02 1180183                    /usr/lib/x86_64-linux-gnu/libk5crypto.so.3.1
7f4e37d2d000-7f4e37d2e000 rw-p 0002d000 08:02 1180183                    /usr/lib/x86_64-linux-gnu/libk5crypto.so.3.1
7f4e37d2e000-7f4e37d2f000 rw-p 00000000 00:00 0 
7f4e37d30000-7f4e37dec000 r-xp 00000000 08:02 1185595                    /usr/lib/x86_64-linux-gnu/libkrb5.so.3.3
7f4e37dec000-7f4e37fec000 ---p 000bc000 08:02 1185595                    /usr/lib/x86_64-linux-gnu/libkrb5.so.3.3
7f4e37fec000-7f4e37ff9000 r--p 000bc000 08:02 1185595                    /usr/lib/x86_64-linux-gnu/libkrb5.so.3.3
7f4e37ff9000-7f4e37ffb000 rw-p 000c9000 08:02 1185595                    /usr/lib/x86_64-linux-gnu/libkrb5.so.3.3
7f4e38000000-7f4e38021000 rw-p 00000000 00:00 0 
7f4e38021000-7f4e3c000000 ---p 00000000 00:00 0 
7f4e3c000000-7f4e3c68f000 rw-p 00000000 00:00 0 
7f4e3c68f000-7f4e40000000 ---p 00000000 00:00 0 
7f4e40000000-7f4e40021000 rw-p 00000000 00:00 0 
7f4e40021000-7f4e44000000 ---p 00000000 00:00 0 
7f4e44000000-7f4e4495e000 rw-p 00000000 00:00 0 
7f4e4495e000-7f4e48000000 ---p 00000000 00:00 0 
7f4e48008000-7f4e48020000 r--s 00000000 08:02 2362865                    /usr/share/fonts/type1/gsfonts/c059036l.pfb
7f4e48020000-7f4e48039000 r--s 00000000 08:02 2362844                    /usr/share/fonts/type1/gsfonts/b018012l.pfb
7f4e4803f000-7f4e48042000 ---p 00000000 00:00 0 
7f4e48042000-7f4e48140000 rw-p 00000000 00:00 0                          [stack:10374]
7f4e48140000-7f4e48145000 r-xp 00000000 08:02 1187928                    /usr/lib/x86_64-linux-gnu/libXdmcp.so.6.0.0
7f4e48145000-7f4e48344000 ---p 00005000 08:02 1187928                    /usr/lib/x86_64-linux-gnu/libXdmcp.so.6.0.0
7f4e48344000-7f4e48345000 r--p 00004000 08:02 1187928                    /usr/lib/x86_64-linux-gnu/libXdmcp.so.6.0.0
7f4e48345000-7f4e48346000 rw-p 00005000 08:02 1187928                    /usr/lib/x86_64-linux-gnu/libXdmcp.so.6.0.0
7f4e48348000-7f4e4834a000 r-xp 00000000 08:02 1187917                    /usr/lib/x86_64-linux-gnu/libXau.so.6.0.0
7f4e4834a000-7f4e4854a000 ---p 00002000 08:02 1187917                    /usr/lib/x86_64-linux-gnu/libXau.so.6.0.0
7f4e4854a000-7f4e4854b000 r--p 00002000 08:02 1187917                    /usr/lib/x86_64-linux-gnu/libXau.so.6.0.0
7f4e4854b000-7f4e4854c000 rw-p 00003000 08:02 1187917                    /usr/lib/x86_64-linux-gnu/libXau.so.6.0.0
7f4e48550000-7f4e48557000 r-xp 00000000 08:02 1188226                    /usr/lib/x86_64-linux-gnu/libffi.so.6.0.1
7f4e48557000-7f4e48756000 ---p 00007000 08:02 1188226                    /usr/lib/x86_64-linux-gnu/libffi.so.6.0.1
7f4e48756000-7f4e48757000 r--p 00006000 08:02 1188226                    /usr/lib/x86_64-linux-gnu/libffi.so.6.0.1
7f4e48757000-7f4e48758000 rw-p 00007000 08:02 1188226                    /usr/lib/x86_64-linux-gnu/libffi.so.6.0.1
7f4e48758000-7f4e4876f000 r-xp 00000000 08:02 1441817                    /lib/x86_64-linux-gnu/libresolv-2.19.so
7f4e4876f000-7f4e4896f000 ---p 00017000 08:02 1441817                    /lib/x86_64-linux-gnu/libresolv-2.19.so
7f4e4896f000-7f4e48970000 r--p 00017000 08:02 1441817                    /lib/x86_64-linux-gnu/libresolv-2.19.so
7f4e48970000-7f4e48971000 rw-p 00018000 08:02 1441817                    /lib/x86_64-linux-gnu/libresolv-2.19.so
7f4e48971000-7f4e48973000 rw-p 00000000 00:00 0 
7f4e48978000-7f4e48998000 r-xp 00000000 08:02 1441806                    /lib/x86_64-linux-gnu/libselinux.so.1
7f4e48998000-7f4e48b97000 ---p 00020000 08:02 1441806                    /lib/x86_64-linux-gnu/libselinux.so.1
7f4e48b97000-7f4e48b98000 r--p 0001f000 08:02 1441806                    /lib/x86_64-linux-gnu/libselinux.so.1
7f4e48b98000-7f4e48b99000 rw-p 00020000 08:02 1441806                    /lib/x86_64-linux-gnu/libselinux.so.1
7f4e48b99000-7f4e48b9b000 rw-p 00000000 00:00 0 
7f4e48ba0000-7f4e48ca6000 r-xp 00000000 08:02 1443043                    /lib/x86_64-linux-gnu/libglib-2.0.so.0.4002.0
7f4e48ca6000-7f4e48ea5000 ---p 00106000 08:02 1443043                    /lib/x86_64-linux-gnu/libglib-2.0.so.0.4002.0
7f4e48ea5000-7f4e48ea6000 r--p 00105000 08:02 1443043                    /lib/x86_64-linux-gnu/libglib-2.0.so.0.4002.0
7f4e48ea6000-7f4e48ea7000 rw-p 00106000 08:02 1443043                    /lib/x86_64-linux-gnu/libglib-2.0.so.0.4002.0
7f4e48ea7000-7f4e48ea8000 rw-p 00000000 00:00 0 
7f4e48ea8000-7f4e48eab000 r-xp 00000000 08:02 1181655                    /usr/lib/x86_64-linux-gnu/libgmodule-2.0.so.0.4002.0
7f4e48eab000-7f4e490aa000 ---p 00003000 08:02 1181655                    /usr/lib/x86_64-linux-gnu/libgmodule-2.0.so.0.4002.0
7f4e490aa000-7f4e490ab000 r--p 00002000 08:02 1181655                    /usr/lib/x86_64-linux-gnu/libgmodule-2.0.so.0.4002.0
7f4e490ab000-7f4e490ac000 rw-p 00003000 08:02 1181655                    /usr/lib/x86_64-linux-gnu/libgmodule-2.0.so.0.4002.0
7f4e490b0000-7f4e490d7000 r-xp 00000000 08:02 1445908                    /lib/x86_64-linux-gnu/libexpat.so.1.6.0
7f4e490d7000-7f4e492d7000 ---p 00027000 08:02 1445908                    /lib/x86_64-linux-gnu/libexpat.so.1.6.0
7f4e492d7000-7f4e492d9000 r--p 00027000 08:02 1445908                    /lib/x86_64-linux-gnu/libexpat.so.1.6.0
7f4e492d9000-7f4e492da000 rw-p 00029000 08:02 1445908                    /lib/x86_64-linux-gnu/libexpat.so.1.6.0
7f4e492e0000-7f4e4937d000 r-xp 00000000 08:02 1180395                    /usr/lib/x86_64-linux-gnu/libfreetype.so.6.11.1
7f4e4937d000-7f4e4957c000 ---p 0009d000 08:02 1180395                    /usr/lib/x86_64-linux-gnu/libfreetype.so.6.11.1
7f4e4957c000-7f4e49582000 r--p 0009c000 08:02 1180395                    /usr/lib/x86_64-linux-gnu/libfreetype.so.6.11.1
7f4e49582000-7f4e49583000 rw-p 000a2000 08:02 1180395                    /usr/lib/x86_64-linux-gnu/libfreetype.so.6.11.1
7f4e49588000-7f4e49597000 r-xp 00000000 08:02 1188021                    /usr/lib/x86_64-linux-gnu/libavahi-client.so.3.2.9
7f4e49597000-7f4e49797000 ---p 0000f000 08:02 1188021                    /usr/lib/x86_64-linux-gnu/libavahi-client.so.3.2.9
7f4e49797000-7f4e49798000 r--p 0000f000 08:02 1188021                    /usr/lib/x86_64-linux-gnu/libavahi-client.so.3.2.9
7f4e49798000-7f4e49799000 rw-p 00010000 08:02 1188021                    /usr/lib/x86_64-linux-gnu/libavahi-client.so.3.2.9
7f4e497a0000-7f4e497ab000 r-xp 00000000 08:02 1188023                    /usr/lib/x86_64-linux-gnu/libavahi-common.so.3.5.3
7f4e497ab000-7f4e499aa000 ---p 0000b000 08:02 1188023                    /usr/lib/x86_64-linux-gnu/libavahi-common.so.3.5.3
7f4e499aa000-7f4e499ab000 r--p 0000a000 08:02 1188023                    /usr/lib/x86_64-linux-gnu/libavahi-common.so.3.5.3
7f4e499ab000-7f4e499ac000 rw-p 0000b000 08:02 1188023                    /usr/lib/x86_64-linux-gnu/libavahi-common.so.3.5.3
7f4e499b0000-7f4e49a66000 r-xp 00000000 08:02 1183583                    /usr/lib/x86_64-linux-gnu/libgnutls.so.26.22.6
7f4e49a66000-7f4e49c66000 ---p 000b6000 08:02 1183583                    /usr/lib/x86_64-linux-gnu/libgnutls.so.26.22.6
7f4e49c66000-7f4e49c6c000 r--p 000b6000 08:02 1183583                    /usr/lib/x86_64-linux-gnu/libgnutls.so.26.22.6
7f4e49c6c000-7f4e49c6d000 rw-p 000bc000 08:02 1183583                    /usr/lib/x86_64-linux-gnu/libgnutls.so.26.22.6
7f4e49c6d000-7f4e49c6e000 rw-p 00000000 00:00 0 
7f4e49c70000-7f4e49cb3000 r-xp 00000000 08:02 1182323                    /usr/lib/x86_64-linux-gnu/libgssapi_krb5.so.2.2
7f4e49cb3000-7f4e49eb3000 ---p 00043000 08:02 1182323                    /usr/lib/x86_64-linux-gnu/libgssapi_krb5.so.2.2
7f4e49eb3000-7f4e49eb4000 r--p 00043000 08:02 1182323                    /usr/lib/x86_64-linux-gnu/libgssapi_krb5.so.2.2
7f4e49eb4000-7f4e49eb6000 rw-p 00044000 08:02 1182323                    /usr/lib/x86_64-linux-gnu/libgssapi_krb5.so.2.2
7f4e49eb8000-7f4e49ed5000 r-xp 00000000 08:02 1189092                    /usr/lib/x86_64-linux-gnu/libxcb.so.1.1.0
7f4e49ed5000-7f4e4a0d5000 ---p 0001d000 08:02 1189092                    /usr/lib/x86_64-linux-gnu/libxcb.so.1.1.0
7f4e4a0d5000-7f4e4a0d6000 r--p 0001d000 08:02 1189092                    /usr/lib/x86_64-linux-gnu/libxcb.so.1.1.0
7f4e4a0d6000-7f4e4a0d7000 rw-p 0001e000 08:02 1189092                    /usr/lib/x86_64-linux-gnu/libxcb.so.1.1.0
7f4e4a0d8000-7f4e4a127000 r-xp 00000000 08:02 1181657                    /usr/lib/x86_64-linux-gnu/libgobject-2.0.so.0.4002.0
7f4e4a127000-7f4e4a327000 ---p 0004f000 08:02 1181657                    /usr/lib/x86_64-linux-gnu/libgobject-2.0.so.0.4002.0
7f4e4a327000-7f4e4a328000 r--p 0004f000 08:02 1181657                    /usr/lib/x86_64-linux-gnu/libgobject-2.0.so.0.4002.0
7f4e4a328000-7f4e4a329000 rw-p 00050000 08:02 1181657                    /usr/lib/x86_64-linux-gnu/libgobject-2.0.so.0.4002.0
7f4e4a330000-7f4e4a49c000 r-xp 00000000 08:02 1181661                    /usr/lib/x86_64-linux-gnu/libgio-2.0.so.0.4002.0
7f4e4a49c000-7f4e4a69b000 ---p 0016c000 08:02 1181661                    /usr/lib/x86_64-linux-gnu/libgio-2.0.so.0.4002.0
7f4e4a69b000-7f4e4a69f000 r--p 0016b000 08:02 1181661                    /usr/lib/x86_64-linux-gnu/libgio-2.0.so.0.4002.0
7f4e4a69f000-7f4e4a6a1000 rw-p 0016f000 08:02 1181661                    /usr/lib/x86_64-linux-gnu/libgio-2.0.so.0.4002.0
7f4e4a6a1000-7f4e4a6a3000 rw-p 00000000 00:00 0 
7f4e4a6a8000-7f4e4a6e2000 r-xp 00000000 08:02 1196543                    /usr/lib/x86_64-linux-gnu/libfontconfig.so.1.8.0
7f4e4a6e2000-7f4e4a8e1000 ---p 0003a000 08:02 1196543                    /usr/lib/x86_64-linux-gnu/libfontconfig.so.1.8.0
7f4e4a8e1000-7f4e4a8e3000 r--p 00039000 08:02 1196543                    /usr/lib/x86_64-linux-gnu/libfontconfig.so.1.8.0
7f4e4a8e3000-7f4e4a8e4000 rw-p 0003b000 08:02 1196543                    /usr/lib/x86_64-linux-gnu/libfontconfig.so.1.8.0
7f4e4a8e8000-7f4e4a954000 r-xp 00000000 08:02 1180391                    /usr/lib/x86_64-linux-gnu/libcups.so.2
7f4e4a954000-7f4e4ab54000 ---p 0006c000 08:02 1180391                    /usr/lib/x86_64-linux-gnu/libcups.so.2
7f4e4ab54000-7f4e4ab5b000 r--p 0006c000 08:02 1180391                    /usr/lib/x86_64-linux-gnu/libcups.so.2
7f4e4ab5b000-7f4e4ab5c000 rw-p 00073000 08:02 1180391                    /usr/lib/x86_64-linux-gnu/libcups.so.2
7f4e4ab60000-7f4e4ab6f000 r-xp 00000000 08:02 1188440                    /usr/lib/x86_64-linux-gnu/libXi.so.6.1.0
7f4e4ab6f000-7f4e4ad6e000 ---p 0000f000 08:02 1188440                    /usr/lib/x86_64-linux-gnu/libXi.so.6.1.0
7f4e4ad6e000-7f4e4ad6f000 r--p 0000e000 08:02 1188440                    /usr/lib/x86_64-linux-gnu/libXi.so.6.1.0
7f4e4ad6f000-7f4e4ad70000 rw-p 0000f000 08:02 1188440                    /usr/lib/x86_64-linux-gnu/libXi.so.6.1.0
7f4e4ad70000-7f4e4ad75000 r-xp 00000000 08:02 1187956                    /usr/lib/x86_64-linux-gnu/libXtst.so.6.1.0
7f4e4ad75000-7f4e4af74000 ---p 00005000 08:02 1187956                    /usr/lib/x86_64-linux-gnu/libXtst.so.6.1.0
7f4e4af74000-7f4e4af75000 r--p 00004000 08:02 1187956                    /usr/lib/x86_64-linux-gnu/libXtst.so.6.1.0
7f4e4af75000-7f4e4af76000 rw-p 00005000 08:02 1187956                    /usr/lib/x86_64-linux-gnu/libXtst.so.6.1.0
7f4e4af78000-7f4e4af81000 r-xp 00000000 08:02 1190129                    /usr/lib/x86_64-linux-gnu/libXrender.so.1.3.0
7f4e4af81000-7f4e4b180000 ---p 00009000 08:02 1190129                    /usr/lib/x86_64-linux-gnu/libXrender.so.1.3.0
7f4e4b180000-7f4e4b181000 r--p 00008000 08:02 1190129                    /usr/lib/x86_64-linux-gnu/libXrender.so.1.3.0
7f4e4b181000-7f4e4b182000 rw-p 00009000 08:02 1190129                    /usr/lib/x86_64-linux-gnu/libXrender.so.1.3.0
7f4e4b188000-7f4e4b2b8000 r-xp 00000000 08:02 1187913                    /usr/lib/x86_64-linux-gnu/libX11.so.6.3.0
7f4e4b2b8000-7f4e4b4b8000 ---p 00130000 08:02 1187913                    /usr/lib/x86_64-linux-gnu/libX11.so.6.3.0
7f4e4b4b8000-7f4e4b4b9000 r--p 00130000 08:02 1187913                    /usr/lib/x86_64-linux-gnu/libX11.so.6.3.0
7f4e4b4b9000-7f4e4b4bd000 rw-p 00131000 08:02 1187913                    /usr/lib/x86_64-linux-gnu/libX11.so.6.3.0
7f4e4b4c0000-7f4e4b4d1000 r-xp 00000000 08:02 1190118                    /usr/lib/x86_64-linux-gnu/libXext.so.6.4.0
7f4e4b4d1000-7f4e4b6d0000 ---p 00011000 08:02 1190118                    /usr/lib/x86_64-linux-gnu/libXext.so.6.4.0
7f4e4b6d0000-7f4e4b6d1000 r--p 00010000 08:02 1190118                    /usr/lib/x86_64-linux-gnu/libXext.so.6.4.0
7f4e4b6d1000-7f4e4b6d2000 rw-p 00011000 08:02 1190118                    /usr/lib/x86_64-linux-gnu/libXext.so.6.4.0
7f4e4b6d8000-7f4e4b720000 r-xp 00000000 08:02 1311229                    /usr/lib/jvm/java-7-openjdk-amd64/jre/lib/amd64/xawt/libmawt.so
7f4e4b720000-7f4e4b91f000 ---p 00048000 08:02 1311229                    /usr/lib/jvm/java-7-openjdk-amd64/jre/lib/amd64/xawt/libmawt.so
7f4e4b91f000-7f4e4b920000 r--p 00047000 08:02 1311229                    /usr/lib/jvm/java-7-openjdk-amd64/jre/lib/amd64/xawt/libmawt.so
7f4e4b920000-7f4e4b923000 rw-p 00048000 08:02 1311229                    /usr/lib/jvm/java-7-openjdk-amd64/jre/lib/amd64/xawt/libmawt.so
7f4e4b923000-7f4e4b924000 rw-p 00000000 00:00 0 
7f4e4b928000-7f4e4b9c8000 r-xp 00000000 08:02 1317752                    /usr/lib/jvm/java-7-openjdk-amd64/jre/lib/amd64/libawt.so
7f4e4b9c8000-7f4e4bbc8000 ---p 000a0000 08:02 1317752                    /usr/lib/jvm/java-7-openjdk-amd64/jre/lib/amd64/libawt.so
7f4e4bbc8000-7f4e4bbc9000 r--p 000a0000 08:02 1317752                    /usr/lib/jvm/java-7-openjdk-amd64/jre/lib/amd64/libawt.so
7f4e4bbc9000-7f4e4bbd4000 rw-p 000a1000 08:02 1317752                    /usr/lib/jvm/java-7-openjdk-amd64/jre/lib/amd64/libawt.so
7f4e4bbd4000-7f4e4bbf9000 rw-p 00000000 00:00 0 
7f4e4bbfc000-7f4e4bbfd000 ---p 00000000 00:00 0 
7f4e4bbfd000-7f4e4bcfd000 rw-p 00000000 00:00 0                          [stack:10373]
7f4e4bcfd000-7f4e4bd00000 ---p 00000000 00:00 0 
7f4e4bd00000-7f4e4bdfe000 rw-p 00000000 00:00 0                          [stack:10372]
7f4e4bdfe000-7f4e4be01000 ---p 00000000 00:00 0 
7f4e4be01000-7f4e4beff000 rw-p 00000000 00:00 0                          [stack:10371]
7f4e4beff000-7f4e4bf02000 ---p 00000000 00:00 0 
7f4e4bf02000-7f4e4c000000 rw-p 00000000 00:00 0                          [stack:10370]
7f4e4c000000-7f4e4c021000 rw-p 00000000 00:00 0 
7f4e4c021000-7f4e50000000 ---p 00000000 00:00 0 
7f4e50000000-7f4e50021000 rw-p 00000000 00:00 0 
7f4e50021000-7f4e54000000 ---p 00000000 00:00 0 
7f4e54000000-7f4e54021000 rw-p 00000000 00:00 0 
7f4e54021000-7f4e58000000 ---p 00000000 00:00 0 
7f4e58000000-7f4e58001000 r--s 00000000 08:02 2756953                    /var/cache/fontconfig/0c9eb80ebd1c36541ebe2852d3bb0c49-le64.cache-4
7f4e58008000-7f4e5801b000 r--s 00000000 08:02 2362892                    /usr/share/fonts/type1/gsfonts/n019064l.pfb
7f4e5801f000-7f4e58050000 rw-p 00000000 00:00 0 
7f4e58050000-7f4e5831a000 r--p 00000000 08:02 1186322                    /usr/lib/locale/locale-archive
7f4e58320000-7f4e5c000000 rw-p 00000000 00:00 0 
7f4e5c000000-7f4e5c021000 rw-p 00000000 00:00 0 
7f4e5c021000-7f4e60000000 ---p 00000000 00:00 0 
7f4e60000000-7f4e600d1000 rw-p 00000000 00:00 0 
7f4e600d1000-7f4e64000000 ---p 00000000 00:00 0 
7f4e64000000-7f4e64021000 rw-p 00000000 00:00 0 
7f4e64021000-7f4e68000000 ---p 00000000 00:00 0 
7f4e68008000-7f4e68018000 r--s 00000000 08:02 2362835                    /usr/share/fonts/type1/gsfonts/a010015l.pfb
7f4e68018000-7f4e6801f000 r--s 00000000 08:02 1713734                    /usr/lib/x86_64-linux-gnu/gconv/gconv-modules.cache
7f4e68026000-7f4e68030000 r--s 000ae000 08:02 1310920                    /usr/lib/jvm/java-7-openjdk-amd64/jre/lib/resources.jar
7f4e68036000-7f4e6803a000 r--s 000a6000 08:02 2901832                    /home/xrousakis/.m2/repository/net/java/dev/jna/jna/3.5.1/jna-3.5.1.jar
7f4e6803b000-7f4e6803d000 r--s 0000b000 08:02 2105256                    /home/xrousakis/.m2/repository/com/github/tulskiy/jkeymaster/1.1/jkeymaster-1.1.jar
7f4e68041000-7f4e68043000 r--s 00029000 08:02 2244940                    /home/xrousakis/.m2/repository/org/bytedeco/javacpp-presets/artoolkitplus/2.3.0-0.8/artoolkitplus-2.3.0-0.8-linux-x86_64.jar
7f4e68048000-7f4e68049000 r--s 00000000 08:02 2244936                    /home/xrousakis/.m2/repository/org/bytedeco/javacpp-presets/videoinput/0.200-0.8/videoinput-0.200-0.8-linux-x86_64.jar
7f4e6804a000-7f4e6804c000 r--s 00012000 08:02 2244934                    /home/xrousakis/.m2/repository/org/bytedeco/javacpp-presets/libfreenect/0.4-0.8/libfreenect-0.4-0.8-linux-x86_64.jar
7f4e6804f000-7f4e68050000 r--s 00027000 08:02 2244931                    /home/xrousakis/.m2/repository/org/bytedeco/javacpp-presets/libdc1394/2.2.2-0.8/libdc1394-2.2.2-0.8-linux-x86_64.jar
7f4e68050000-7f4e68051000 r--s 00000000 08:02 2244929                    /home/xrousakis/.m2/repository/org/bytedeco/javacpp-presets/flycapture/1.7.17-0.8/flycapture-1.7.17-0.8-linux-x86_64.jar
7f4e68057000-7f4e68059000 r--s 0061f000 08:02 2244944                    /home/xrousakis/.m2/repository/org/bytedeco/javacpp-presets/ffmpeg/2.2.1-0.8/ffmpeg-2.2.1-0.8-linux-x86_64.jar
7f4e6805d000-7f4e6805f000 r--s 00785000 08:02 2244956                    /home/xrousakis/.m2/repository/org/bytedeco/javacpp-presets/opencv/2.4.9-0.8/opencv-2.4.9-0.8-linux-x86_64.jar
7f4e68065000-7f4e68066000 r--s 00005000 08:02 2244924                    /home/xrousakis/.m2/repository/org/bytedeco/javacpp-presets/artoolkitplus/2.3.0-0.8/artoolkitplus-2.3.0-0.8.jar
7f4e6806b000-7f4e6806c000 r--s 00003000 08:02 2244923                    /home/xrousakis/.m2/repository/org/bytedeco/javacpp-presets/videoinput/0.200-0.8/videoinput-0.200-0.8.jar
7f4e6806c000-7f4e6806e000 r--s 00004000 08:02 2244920                    /home/xrousakis/.m2/repository/org/bytedeco/javacpp-presets/libfreenect/0.4-0.8/libfreenect-0.4-0.8.jar
7f4e6806e000-7f4e68070000 r--s 00006000 08:02 2244916                    /home/xrousakis/.m2/repository/org/bytedeco/javacpp-presets/libdc1394/2.2.2-0.8/libdc1394-2.2.2-0.8.jar
7f4e68074000-7f4e68076000 r--s 00004000 08:02 2244911                    /home/xrousakis/.m2/repository/org/bytedeco/javacpp-presets/flycapture/1.7.17-0.8/flycapture-1.7.17-0.8.jar
7f4e68076000-7f4e6807c000 r--s 0002e000 08:02 2244912                    /home/xrousakis/.m2/repository/org/bytedeco/javacpp-presets/ffmpeg/2.2.1-0.8/ffmpeg-2.2.1-0.8.jar
7f4e68082000-7f4e68094000 r--s 000b2000 08:02 2244913                    /home/xrousakis/.m2/repository/org/bytedeco/javacpp-presets/opencv/2.4.9-0.8/opencv-2.4.9-0.8.jar
7f4e6809a000-7f4e6809e000 r--s 0002a000 08:02 2244914                    /home/xrousakis/.m2/repository/org/bytedeco/javacpp/0.8/javacpp-0.8.jar
7f4e680a4000-7f4e680a9000 r--s 0004c000 08:02 2244918                    /home/xrousakis/.m2/repository/org/bytedeco/javacv/0.8/javacv-0.8.jar
7f4e680ad000-7f4e680b1000 r--s 00085000 08:02 1310935                    /usr/lib/jvm/java-7-openjdk-amd64/jre/lib/ext/localedata.jar
7f4e680b1000-7f4e680b4000 ---p 00000000 00:00 0 
7f4e680b4000-7f4e681b2000 rw-p 00000000 00:00 0                          [stack:10369]
7f4e681b2000-7f4e681b5000 ---p 00000000 00:00 0 
7f4e681b5000-7f4e682b3000 rw-p 00000000 00:00 0                          [stack:10368]
7f4e682b3000-7f4e682b6000 ---p 00000000 00:00 0 
7f4e682b6000-7f4e683b4000 rw-p 00000000 00:00 0                          [stack:10367]
7f4e683b4000-7f4e683b5000 ---p 00000000 00:00 0 
7f4e683b5000-7f4e68e49000 rw-p 00000000 00:00 0                          [stack:10366]
7f4e68e49000-7f4e68ffa000 r--s 01d29000 08:02 1310916                    /usr/lib/jvm/java-7-openjdk-amd64/jre/lib/rt.jar
7f4e69000000-7f4e69270000 rwxp 00000000 00:00 0 
7f4e69270000-7f4e6c549000 rw-p 00000000 00:00 0 
7f4e6c549000-7f4e70000000 ---p 00000000 00:00 0 
7f4e70007000-7f4e7000a000 r--s 0000f000 08:02 1310939                    /usr/lib/jvm/java-7-openjdk-amd64/jre/lib/ext/icedtea-sound.jar
7f4e7000b000-7f4e7051a000 rw-p 00000000 00:00 0 
7f4e7051a000-7f4e7051b000 ---p 00000000 00:00 0 
7f4e7051b000-7f4e7061b000 rw-p 00000000 00:00 0                          [stack:10365]
7f4e7061b000-7f4e7061c000 ---p 00000000 00:00 0 
7f4e7061c000-7f4e70727000 rw-p 00000000 00:00 0                          [stack:10364]
7f4e70727000-7f4e7076f000 rw-p 00000000 00:00 0 
7f4e7076f000-7f4e70794000 rw-p 00000000 00:00 0 
7f4e70794000-7f4e709c1000 rw-p 00000000 00:00 0 
7f4e709c1000-7f4e709cc000 rw-p 00000000 00:00 0 
7f4e709cc000-7f4e70a14000 rw-p 00000000 00:00 0 
7f4e70a14000-7f4e70a39000 rw-p 00000000 00:00 0 
7f4e70a39000-7f4e70c66000 rw-p 00000000 00:00 0 
7f4e70c66000-7f4e70c79000 rw-p 00000000 00:00 0 
7f4e70c79000-7f4e70d8f000 rw-p 00000000 00:00 0 
7f4e70d8f000-7f4e70d90000 rw-p 00000000 00:00 0 
7f4e70d90000-7f4e70d98000 r-xp 00000000 08:02 1310955                    /usr/lib/jvm/java-7-openjdk-amd64/jre/lib/amd64/libzip.so
7f4e70d98000-7f4e70f97000 ---p 00008000 08:02 1310955                    /usr/lib/jvm/java-7-openjdk-amd64/jre/lib/amd64/libzip.so
7f4e70f97000-7f4e70f98000 r--p 00007000 08:02 1310955                    /usr/lib/jvm/java-7-openjdk-amd64/jre/lib/amd64/libzip.so
7f4e70f98000-7f4e70f99000 rw-p 00008000 08:02 1310955                    /usr/lib/jvm/java-7-openjdk-amd64/jre/lib/amd64/libzip.so
7f4e70fa0000-7f4e70fab000 r-xp 00000000 08:02 1444608                    /lib/x86_64-linux-gnu/libnss_files-2.19.so
7f4e70fab000-7f4e711aa000 ---p 0000b000 08:02 1444608                    /lib/x86_64-linux-gnu/libnss_files-2.19.so
7f4e711aa000-7f4e711ab000 r--p 0000a000 08:02 1444608                    /lib/x86_64-linux-gnu/libnss_files-2.19.so
7f4e711ab000-7f4e711ac000 rw-p 0000b000 08:02 1444608                    /lib/x86_64-linux-gnu/libnss_files-2.19.so
7f4e711b0000-7f4e711bb000 r-xp 00000000 08:02 1444820                    /lib/x86_64-linux-gnu/libnss_nis-2.19.so
7f4e711bb000-7f4e713ba000 ---p 0000b000 08:02 1444820                    /lib/x86_64-linux-gnu/libnss_nis-2.19.so
7f4e713ba000-7f4e713bb000 r--p 0000a000 08:02 1444820                    /lib/x86_64-linux-gnu/libnss_nis-2.19.so
7f4e713bb000-7f4e713bc000 rw-p 0000b000 08:02 1444820                    /lib/x86_64-linux-gnu/libnss_nis-2.19.so
7f4e713c0000-7f4e713d7000 r-xp 00000000 08:02 1444807                    /lib/x86_64-linux-gnu/libnsl-2.19.so
7f4e713d7000-7f4e715d6000 ---p 00017000 08:02 1444807                    /lib/x86_64-linux-gnu/libnsl-2.19.so
7f4e715d6000-7f4e715d7000 r--p 00016000 08:02 1444807                    /lib/x86_64-linux-gnu/libnsl-2.19.so
7f4e715d7000-7f4e715d8000 rw-p 00017000 08:02 1444807                    /lib/x86_64-linux-gnu/libnsl-2.19.so
7f4e715d8000-7f4e715da000 rw-p 00000000 00:00 0 
7f4e715e0000-7f4e715e9000 r-xp 00000000 08:02 1444806                    /lib/x86_64-linux-gnu/libnss_compat-2.19.so
7f4e715e9000-7f4e717e8000 ---p 00009000 08:02 1444806                    /lib/x86_64-linux-gnu/libnss_compat-2.19.so
7f4e717e8000-7f4e717e9000 r--p 00008000 08:02 1444806                    /lib/x86_64-linux-gnu/libnss_compat-2.19.so
7f4e717e9000-7f4e717ea000 rw-p 00009000 08:02 1444806                    /lib/x86_64-linux-gnu/libnss_compat-2.19.so
7f4e717f0000-7f4e7181b000 r-xp 00000000 08:02 1317774                    /usr/lib/jvm/java-7-openjdk-amd64/jre/lib/amd64/libjava.so
7f4e7181b000-7f4e71a1a000 ---p 0002b000 08:02 1317774                    /usr/lib/jvm/java-7-openjdk-amd64/jre/lib/amd64/libjava.so
7f4e71a1a000-7f4e71a1b000 r--p 0002a000 08:02 1317774                    /usr/lib/jvm/java-7-openjdk-amd64/jre/lib/amd64/libjava.so
7f4e71a1b000-7f4e71a1d000 rw-p 0002b000 08:02 1317774                    /usr/lib/jvm/java-7-openjdk-amd64/jre/lib/amd64/libjava.so
7f4e71a20000-7f4e71a30000 r-xp 00000000 08:02 1317755                    /usr/lib/jvm/java-7-openjdk-amd64/jre/lib/amd64/libverify.so
7f4e71a30000-7f4e71c2f000 ---p 00010000 08:02 1317755                    /usr/lib/jvm/java-7-openjdk-amd64/jre/lib/amd64/libverify.so
7f4e71c2f000-7f4e71c31000 r--p 0000f000 08:02 1317755                    /usr/lib/jvm/java-7-openjdk-amd64/jre/lib/amd64/libverify.so
7f4e71c31000-7f4e71c32000 rw-p 00011000 08:02 1317755                    /usr/lib/jvm/java-7-openjdk-amd64/jre/lib/amd64/libverify.so
7f4e71c38000-7f4e71c3f000 r-xp 00000000 08:02 1444817                    /lib/x86_64-linux-gnu/librt-2.19.so
7f4e71c3f000-7f4e71e3e000 ---p 00007000 08:02 1444817                    /lib/x86_64-linux-gnu/librt-2.19.so
7f4e71e3e000-7f4e71e3f000 r--p 00006000 08:02 1444817                    /lib/x86_64-linux-gnu/librt-2.19.so
7f4e71e3f000-7f4e71e40000 rw-p 00007000 08:02 1444817                    /lib/x86_64-linux-gnu/librt-2.19.so
7f4e71e40000-7f4e71e56000 r-xp 00000000 08:02 1441904                    /lib/x86_64-linux-gnu/libgcc_s.so.1
7f4e71e56000-7f4e72055000 ---p 00016000 08:02 1441904                    /lib/x86_64-linux-gnu/libgcc_s.so.1
7f4e72055000-7f4e72056000 rw-p 00015000 08:02 1441904                    /lib/x86_64-linux-gnu/libgcc_s.so.1
7f4e72058000-7f4e7215d000 r-xp 00000000 08:02 1443041                    /lib/x86_64-linux-gnu/libm-2.19.so
7f4e7215d000-7f4e7235c000 ---p 00105000 08:02 1443041                    /lib/x86_64-linux-gnu/libm-2.19.so
7f4e7235c000-7f4e7235d000 r--p 00104000 08:02 1443041                    /lib/x86_64-linux-gnu/libm-2.19.so
7f4e7235d000-7f4e7235e000 rw-p 00105000 08:02 1443041                    /lib/x86_64-linux-gnu/libm-2.19.so
7f4e72360000-7f4e72446000 r-xp 00000000 08:02 1188933                    /usr/lib/x86_64-linux-gnu/libstdc++.so.6.0.19
7f4e72446000-7f4e72645000 ---p 000e6000 08:02 1188933                    /usr/lib/x86_64-linux-gnu/libstdc++.so.6.0.19
7f4e72645000-7f4e7264d000 r--p 000e5000 08:02 1188933                    /usr/lib/x86_64-linux-gnu/libstdc++.so.6.0.19
7f4e7264d000-7f4e7264f000 rw-p 000ed000 08:02 1188933                    /usr/lib/x86_64-linux-gnu/libstdc++.so.6.0.19
7f4e7264f000-7f4e72664000 rw-p 00000000 00:00 0 
7f4e72668000-7f4e73181000 r-xp 00000000 08:02 1317743                    /usr/lib/jvm/java-7-openjdk-amd64/jre/lib/amd64/server/libjvm.so
7f4e73181000-7f4e73381000 ---p 00b19000 08:02 1317743                    /usr/lib/jvm/java-7-openjdk-amd64/jre/lib/amd64/server/libjvm.so
7f4e73381000-7f4e7341b000 r--p 00b19000 08:02 1317743                    /usr/lib/jvm/java-7-openjdk-amd64/jre/lib/amd64/server/libjvm.so
7f4e7341b000-7f4e7343e000 rw-p 00bb3000 08:02 1317743                    /usr/lib/jvm/java-7-openjdk-amd64/jre/lib/amd64/server/libjvm.so
7f4e7343e000-7f4e7346c000 rw-p 00000000 00:00 0 
7f4e73470000-7f4e73488000 r-xp 00000000 08:02 1446050                    /lib/x86_64-linux-gnu/libz.so.1.2.8
7f4e73488000-7f4e73687000 ---p 00018000 08:02 1446050                    /lib/x86_64-linux-gnu/libz.so.1.2.8
7f4e73687000-7f4e73688000 r--p 00017000 08:02 1446050                    /lib/x86_64-linux-gnu/libz.so.1.2.8
7f4e73688000-7f4e73689000 rw-p 00018000 08:02 1446050                    /lib/x86_64-linux-gnu/libz.so.1.2.8
7f4e73690000-7f4e736a9000 r-xp 00000000 08:02 1444815                    /lib/x86_64-linux-gnu/libpthread-2.19.so
7f4e736a9000-7f4e738a8000 ---p 00019000 08:02 1444815                    /lib/x86_64-linux-gnu/libpthread-2.19.so
7f4e738a8000-7f4e738a9000 r--p 00018000 08:02 1444815                    /lib/x86_64-linux-gnu/libpthread-2.19.so
7f4e738a9000-7f4e738aa000 rw-p 00019000 08:02 1444815                    /lib/x86_64-linux-gnu/libpthread-2.19.so
7f4e738aa000-7f4e738ae000 rw-p 00000000 00:00 0 
7f4e738b0000-7f4e738b3000 r-xp 00000000 08:02 1444799                    /lib/x86_64-linux-gnu/libdl-2.19.so
7f4e738b3000-7f4e73ab2000 ---p 00003000 08:02 1444799                    /lib/x86_64-linux-gnu/libdl-2.19.so
7f4e73ab2000-7f4e73ab3000 r--p 00002000 08:02 1444799                    /lib/x86_64-linux-gnu/libdl-2.19.so
7f4e73ab3000-7f4e73ab4000 rw-p 00003000 08:02 1444799                    /lib/x86_64-linux-gnu/libdl-2.19.so
7f4e73ab8000-7f4e73c73000 r-xp 00000000 08:02 1444814                    /lib/x86_64-linux-gnu/libc-2.19.so
7f4e73c73000-7f4e73e72000 ---p 001bb000 08:02 1444814                    /lib/x86_64-linux-gnu/libc-2.19.so
7f4e73e72000-7f4e73e76000 r--p 001ba000 08:02 1444814                    /lib/x86_64-linux-gnu/libc-2.19.so
7f4e73e76000-7f4e73e78000 rw-p 001be000 08:02 1444814                    /lib/x86_64-linux-gnu/libc-2.19.so
7f4e73e78000-7f4e73e7d000 rw-p 00000000 00:00 0 
7f4e73e80000-7f4e73e8d000 r-xp 00000000 08:02 1317741                    /usr/lib/jvm/java-7-openjdk-amd64/jre/lib/amd64/jli/libjli.so
7f4e73e8d000-7f4e7408c000 ---p 0000d000 08:02 1317741                    /usr/lib/jvm/java-7-openjdk-amd64/jre/lib/amd64/jli/libjli.so
7f4e7408c000-7f4e7408d000 r--p 0000c000 08:02 1317741                    /usr/lib/jvm/java-7-openjdk-amd64/jre/lib/amd64/jli/libjli.so
7f4e7408d000-7f4e7408e000 rw-p 0000d000 08:02 1317741                    /usr/lib/jvm/java-7-openjdk-amd64/jre/lib/amd64/jli/libjli.so
7f4e74090000-7f4e740b3000 r-xp 00000000 08:02 1444811                    /lib/x86_64-linux-gnu/ld-2.19.so
7f4e740ba000-7f4e740bb000 r--s 00002000 08:02 1310936                    /usr/lib/jvm/java-7-openjdk-amd64/jre/lib/ext/dnsns.jar
7f4e740bc000-7f4e740c0000 r--s 0003c000 08:02 1310938                    /usr/lib/jvm/java-7-openjdk-amd64/jre/lib/ext/sunpkcs11.jar
7f4e740c4000-7f4e740c8000 r--s 00034000 08:02 1310937                    /usr/lib/jvm/java-7-openjdk-amd64/jre/lib/ext/sunjce_provider.jar
7f4e740cd000-7f4e740d7000 rw-p 00000000 00:00 0 
7f4e740d7000-7f4e7418d000 rw-p 00000000 00:00 0 
7f4e7418d000-7f4e74190000 ---p 00000000 00:00 0 
7f4e74190000-7f4e74290000 rw-p 00000000 00:00 0                          [stack:10363]
7f4e74296000-7f4e74298000 r--s 00006000 08:02 1842397                    /usr/share/java/java-atk-wrapper.jar
7f4e7429a000-7f4e7429c000 r--s 00012000 08:02 1310942                    /usr/lib/jvm/java-7-openjdk-amd64/jre/lib/ext/zipfs.jar
7f4e742a0000-7f4e742a8000 rw-s 00000000 08:02 262536                     /tmp/hsperfdata_xrousakis/10359
7f4e742aa000-7f4e742ab000 rw-p 00000000 00:00 0 
7f4e742ab000-7f4e742ac000 rwxp 00000000 00:00 0 
7f4e742ac000-7f4e742ad000 rw-p 00000000 00:00 0 
7f4e742ad000-7f4e742ae000 r--p 00000000 00:00 0 
7f4e742ae000-7f4e742b2000 rw-p 00000000 00:00 0 
7f4e742b2000-7f4e742b3000 r--p 00022000 08:02 1444811                    /lib/x86_64-linux-gnu/ld-2.19.so
7f4e742b3000-7f4e742b4000 rw-p 00023000 08:02 1444811                    /lib/x86_64-linux-gnu/ld-2.19.so
7f4e742b4000-7f4e742b6000 rw-p 00000000 00:00 0 
7fff4bcd9000-7fff4bcfb000 rw-p 00000000 00:00 0                          [stack]
7fff4be00000-7fff4be02000 r-xp 00000000 00:00 0                          [vdso]
ffffffffff600000-ffffffffff601000 r-xp 00000000 00:00 0                  [vsyscall]

VM Arguments:
java_command: org.scify.jthinkfreedom.gui.ApplicationLauncher
Launcher Type: SUN_STANDARD

Environment Variables:
JAVA_HOME=/usr/lib/jvm/default-java
PATH=/usr/local/sbin:/usr/local/bin:/usr/sbin:/usr/bin:/sbin:/bin:/usr/games:/usr/local/games
USERNAME=xrousakis
LD_LIBRARY_PATH=/usr/lib/jvm/default-java/jre/lib/amd64:/usr/lib/jvm/default-java/jre/lib/i386:
SHELL=/bin/bash
DISPLAY=:0

Signal Handlers:
SIGSEGV: [libjvm.so+0x94bab0], sa_mask[0]=0x7ffbfeff, sa_flags=0x10000004
SIGBUS: [libjvm.so+0x94bab0], sa_mask[0]=0x7ffbfeff, sa_flags=0x10000004
SIGFPE: [libjvm.so+0x7c38b0], sa_mask[0]=0x7ffbfeff, sa_flags=0x10000004
SIGPIPE: [libjvm.so+0x7c38b0], sa_mask[0]=0x7ffbfeff, sa_flags=0x10000004
SIGXFSZ: [libjvm.so+0x7c38b0], sa_mask[0]=0x7ffbfeff, sa_flags=0x10000004
SIGILL: [libjvm.so+0x7c38b0], sa_mask[0]=0x7ffbfeff, sa_flags=0x10000004
SIGUSR1: SIG_DFL, sa_mask[0]=0x00000000, sa_flags=0x00000000
SIGUSR2: [libjvm.so+0x7c3750], sa_mask[0]=0x00000004, sa_flags=0x10000004
SIGHUP: [libjvm.so+0x7c3930], sa_mask[0]=0x7ffbfeff, sa_flags=0x10000004
SIGINT: SIG_IGN, sa_mask[0]=0x00000000, sa_flags=0x00000000
SIGTERM: [libjvm.so+0x7c3930], sa_mask[0]=0x7ffbfeff, sa_flags=0x10000004
SIGQUIT: [libjvm.so+0x7c3930], sa_mask[0]=0x7ffbfeff, sa_flags=0x10000004
SIGTRAP: SIG_DFL, sa_mask[0]=0x00000000, sa_flags=0x00000000


---------------  S Y S T E M  ---------------

OS:LinuxMint 17 (qiana)
uname:Linux 3.14.8-031408-generic #201406161755 SMP Mon Jun 16 21:56:09 UTC 2014 x86_64
libc:glibc 2.19 NPTL 2.19 
rlimit: STACK 8192k, CORE 0k, NPROC 55132, NOFILE 4096, AS infinity
load average:1,67 1,14 0,93

/proc/meminfo:
MemTotal:        7292072 kB
MemFree:         3795416 kB
MemAvailable:    5040352 kB
Buffers:          219392 kB
Cached:          1201272 kB
SwapCached:            0 kB
Active:          2404832 kB
Inactive:         830384 kB
Active(anon):    1815572 kB
Inactive(anon):    67008 kB
Active(file):     589260 kB
Inactive(file):   763376 kB
Unevictable:           0 kB
Mlocked:               0 kB
SwapTotal:       3361788 kB
SwapFree:        3361788 kB
Dirty:             10788 kB
Writeback:             0 kB
AnonPages:       1814604 kB
Mapped:           231884 kB
Shmem:             68032 kB
Slab:             148948 kB
SReclaimable:     122456 kB
SUnreclaim:        26492 kB
KernelStack:        3928 kB
PageTables:        30920 kB
NFS_Unstable:          0 kB
Bounce:                0 kB
WritebackTmp:          0 kB
CommitLimit:     7007824 kB
Committed_AS:    4532964 kB
VmallocTotal:   34359738367 kB
VmallocUsed:      315192 kB
VmallocChunk:   34359383836 kB
HardwareCorrupted:     0 kB
AnonHugePages:   1288192 kB
HugePages_Total:       0
HugePages_Free:        0
HugePages_Rsvd:        0
HugePages_Surp:        0
Hugepagesize:       2048 kB
DirectMap4k:       76120 kB
DirectMap2M:     3287040 kB
DirectMap1G:     4194304 kB


CPU:total 2 (2 cores per cpu, 1 threads per core) family 21 model 19 stepping 1, cmov, cx8, fxsr, mmx, sse, sse2, sse3, ssse3, sse4.1, sse4.2, popcnt, avx, aes, mmxext, 3dnowpref, lzcnt, sse4a, tsc, tscinvbit, tscinv

/proc/cpuinfo:
processor	: 0
vendor_id	: AuthenticAMD
cpu family	: 21
model		: 19
model name	: AMD A4-4000 APU with Radeon(tm) HD Graphics
stepping	: 1
microcode	: 0x6001119
cpu MHz		: 3000.000
cache size	: 1024 KB
physical id	: 0
siblings	: 2
core id		: 0
cpu cores	: 1
apicid		: 16
initial apicid	: 0
fpu		: yes
fpu_exception	: yes
cpuid level	: 13
wp		: yes
flags		: fpu vme de pse tsc msr pae mce cx8 apic sep mtrr pge mca cmov pat pse36 clflush mmx fxsr sse sse2 ht syscall nx mmxext fxsr_opt pdpe1gb rdtscp lm constant_tsc rep_good nopl nonstop_tsc extd_apicid aperfmperf pni pclmulqdq monitor ssse3 fma cx16 sse4_1 sse4_2 popcnt aes xsave avx f16c lahf_lm cmp_legacy svm extapic cr8_legacy abm sse4a misalignsse 3dnowprefetch osvw ibs xop skinit wdt lwp fma4 tce nodeid_msr tbm topoext perfctr_core perfctr_nb arat cpb hw_pstate npt lbrv svm_lock nrip_save tsc_scale vmcb_clean flushbyasid decodeassists pausefilter pfthreshold bmi1
bogomips	: 6030.33
TLB size	: 1536 4K pages
clflush size	: 64
cache_alignment	: 64
address sizes	: 48 bits physical, 48 bits virtual
power management: ts ttp tm 100mhzsteps hwpstate cpb eff_freq_ro

processor	: 1
vendor_id	: AuthenticAMD
cpu family	: 21
model		: 19
model name	: AMD A4-4000 APU with Radeon(tm) HD Graphics    
stepping	: 1
microcode	: 0x6001119
cpu MHz		: 3000.000
cache size	: 1024 KB
physical id	: 0
siblings	: 2
core id		: 1
cpu cores	: 1
apicid		: 17
initial apicid	: 1
fpu		: yes
fpu_exception	: yes
cpuid level	: 13
wp		: yes
flags		: fpu vme de pse tsc msr pae mce cx8 apic sep mtrr pge mca cmov pat pse36 clflush mmx fxsr sse sse2 ht syscall nx mmxext fxsr_opt pdpe1gb rdtscp lm constant_tsc rep_good nopl nonstop_tsc extd_apicid aperfmperf pni pclmulqdq monitor ssse3 fma cx16 sse4_1 sse4_2 popcnt aes xsave avx f16c lahf_lm cmp_legacy svm extapic cr8_legacy abm sse4a misalignsse 3dnowprefetch osvw ibs xop skinit wdt lwp fma4 tce nodeid_msr tbm topoext perfctr_core perfctr_nb arat cpb hw_pstate npt lbrv svm_lock nrip_save tsc_scale vmcb_clean flushbyasid decodeassists pausefilter pfthreshold bmi1
bogomips	: 6030.33
TLB size	: 1536 4K pages
clflush size	: 64
cache_alignment	: 64
address sizes	: 48 bits physical, 48 bits virtual
power management: ts ttp tm 100mhzsteps hwpstate cpb eff_freq_ro



Memory: 4k page, physical 7292072k(3795416k free), swap 3361788k(3361788k free)

vm_info: OpenJDK 64-Bit Server VM (24.79-b02) for linux-amd64 JRE (1.7.0_79-b14), built on Jul 24 2015 08:15:54 by "buildd" with gcc 4.8.2

time: Wed Aug 12 12:46:50 2015
elapsed time: 26 seconds

