#
# A fatal error has been detected by the Java Runtime Environment:
#
#  SIGSEGV (0xb) at pc=0x00007f0f336862cc, pid=17856, tid=139703245776640
#
# JRE version: OpenJDK Runtime Environment (7.0_79-b14) (build 1.7.0_79-b14)
# Java VM: OpenJDK 64-Bit Server VM (24.79-b02 mixed mode linux-amd64 compressed oops)
# Derivative: IcedTea 2.5.6
# Distribution: Ubuntu 14.04 LTS, package 7u79-2.5.6-0ubuntu1.14.04.1
# Problematic frame:
# C  [libjpeg.so.8+0x162cc]  jpeg_has_multiple_scans+0x2c
#
# Failed to write core dump. Core dumps have been disabled. To enable core dumping, try "ulimit -c unlimited" before starting Java again
#
# If you would like to submit a bug report, please include
# instructions on how to reproduce the bug and visit:
#   http://icedtea.classpath.org/bugzilla
# The crash happened outside the Java Virtual Machine in native code.
# See problematic frame for where to report the bug.
#

---------------  T H R E A D  ---------------

Current thread (0x00007f0f68007000):  JavaThread "Image Fetcher 0" daemon [_thread_in_native, id=17913, stack(0x00007f0f3246a000,0x00007f0f3256b000)]

siginfo:si_signo=SIGSEGV: si_errno=0, si_code=1 (SEGV_MAPERR), si_addr=0x0000000000000020

Registers:
RAX=0x0000000000000000, RBX=0x00007f0f325694d0, RCX=0x0000000000000001, RDX=0x0000000000000000
RSP=0x00007f0f325691b8, RBP=0x00007f0f325697a0, RSI=0x0000000000000001, RDI=0x00007f0f325694d0
R8 =0x0000000000000000, R9 =0x00007f0f58000078, R10=0x00007f0f32568f80, R11=0x00007f0f336862a0
R12=0x0000000000000000, R13=0xffffffffffffffff, R14=0x00007f0f32569840, R15=0x00007f0f68007000
RIP=0x00007f0f336862cc, EFLAGS=0x0000000000010293, CSGSFS=0x0000000000000033, ERR=0x0000000000000004
  TRAPNO=0x000000000000000e

Top of Stack: (sp=0x00007f0f325691b8)
0x00007f0f325691b8:   00007f0f319e7d33 00007f0f68007000
0x00007f0f325691c8:   00007f0f8670e03b fffffff0ffffffff
0x00007f0f325691d8:   0000000000000000 00007f0f319e7ad0
0x00007f0f325691e8:   00007f0f32569278 00007f0f32569830
0x00007f0f325691f8:   00007f0f32569838 00007f0f32569840
0x00007f0f32569208:   00007f0f680071d8 00000000db316c59
0x00007f0f32569218:   0000000000000297 00007f0f319e71e0
0x00007f0f32569228:   00007f0f319e7380 00007f0f319e7500
0x00007f0f32569238:   00007f0f3368e830 00007f0f319e7200
0x00007f0f32569248:   00007f0f32569838 00007f0f00000000
0x00007f0f32569258:   0000000000000000 00000000db316af0
0x00007f0f32569268:   00007f0f32569830 ffffffffffffffff
0x00007f0f32569278:   0000000000000000 0000000000000000
0x00007f0f32569288:   0000000000000000 00007f0f32569280
0x00007f0f32569298:   00000000864206e0 00007f0f32569328
0x00007f0f325692a8:   00000000864c0580 0000000000000000
0x00007f0f325692b8:   0000000086420778 0000000000000000
0x00007f0f325692c8:   00007f0f32569320 00007f0f32569390
0x00007f0f325692d8:   00007f0f7d0004e7 0000000000000000
0x00007f0f325692e8:   00007f0f319e7ad0 0000000000000000
0x00007f0f325692f8:   00000000db3160d8 0000000000000006
0x00007f0f32569308:   0000000000000007 00000000dd0ce418
0x00007f0f32569318:   00000000dd0ce418 00000000db316ef0
0x00007f0f32569328:   0000000000000000 00007f0f00001fa0
0x00007f0f32569338:   00007f0f325693d0 00007f0f325695d0
0x00007f0f32569348:   00007f0f32569500 00007f0f68007000
0x00007f0f32569358:   00007f0f4c5058f0 00007f0f319e7280
0x00007f0f32569368:   00007f0f33693cf0 00007f0f319e7210
0x00007f0f32569378:   00007f0f33693d60 00007f0f33693d40
0x00007f0f32569388:   000000000000006a 000000000000003f
0x00007f0f32569398:   0000000000000000 0000000000000000
0x00007f0f325693a8:   00007f0f00000000 00007f0f32569400 

Instructions: (pc=0x00007f0f336862cc)
0x00007f0f336862ac:   ff 83 fa 08 76 12 48 8b 17 89 42 2c 48 8b 07 c7
0x00007f0f336862bc:   42 28 15 00 00 00 ff 10 48 8b 83 58 02 00 00 5b
0x00007f0f336862cc:   8b 40 20 c3 53 8b 47 24 48 89 fb 8d 90 33 ff ff
0x00007f0f336862dc:   ff 83 fa 01 76 66 3d cf 00 00 00 74 47 3d d2 00 

Register to memory mapping:

RAX=0x0000000000000000 is an unknown value
RBX=0x00007f0f325694d0 is pointing into the stack for thread: 0x00007f0f68007000
RCX=0x0000000000000001 is an unknown value
RDX=0x0000000000000000 is an unknown value
RSP=0x00007f0f325691b8 is pointing into the stack for thread: 0x00007f0f68007000
RBP=0x00007f0f325697a0 is pointing into the stack for thread: 0x00007f0f68007000
RSI=0x0000000000000001 is an unknown value
RDI=0x00007f0f325694d0 is pointing into the stack for thread: 0x00007f0f68007000
R8 =0x0000000000000000 is an unknown value
R9 =0x00007f0f58000078 is an unknown value
R10=0x00007f0f32568f80 is pointing into the stack for thread: 0x00007f0f68007000
R11=0x00007f0f336862a0: jpeg_has_multiple_scans+0 in /usr/lib/x86_64-linux-gnu/libjpeg.so.8 at 0x00007f0f33670000
R12=0x0000000000000000 is an unknown value
R13=0xffffffffffffffff is an unknown value
R14=0x00007f0f32569840 is pointing into the stack for thread: 0x00007f0f68007000
R15=0x00007f0f68007000 is a thread


Stack: [0x00007f0f3246a000,0x00007f0f3256b000],  sp=0x00007f0f325691b8,  free space=1020k
Native frames: (J=compiled Java code, j=interpreted, Vv=VM code, C=native code)
C  [libjpeg.so.8+0x162cc]  jpeg_has_multiple_scans+0x2c
j  sun.awt.image.JPEGImageDecoder.readImage(Ljava/io/InputStream;[B)V+0
j  sun.awt.image.JPEGImageDecoder.produceImage()V+10
j  sun.awt.image.InputStreamImageSource.doFetch()V+51
j  sun.awt.image.ImageFetcher.fetchloop()V+33
j  sun.awt.image.ImageFetcher.run()V+5
v  ~StubRoutines::call_stub
V  [libjvm.so+0x5e80c9]  JavaCalls::call_helper(JavaValue*, methodHandle*, JavaCallArguments*, Thread*)+0x339
V  [libjvm.so+0x5e6f1e]  JavaCalls::call_virtual(JavaValue*, Handle, KlassHandle, Symbol*, Symbol*, Thread*)+0x20e
V  [libjvm.so+0x623391]  thread_entry(JavaThread*, Thread*)+0xd1
V  [libjvm.so+0x900f40]  JavaThread::thread_main_inner()+0xf0
V  [libjvm.so+0x9011b1]  JavaThread::run()+0x221
V  [libjvm.so+0x7c4f62]  java_start(Thread*)+0xf2

Java frames: (J=compiled Java code, j=interpreted, Vv=VM code)
j  sun.awt.image.JPEGImageDecoder.readImage(Ljava/io/InputStream;[B)V+0
j  sun.awt.image.JPEGImageDecoder.produceImage()V+10
j  sun.awt.image.InputStreamImageSource.doFetch()V+51
j  sun.awt.image.ImageFetcher.fetchloop()V+33
j  sun.awt.image.ImageFetcher.run()V+5
v  ~StubRoutines::call_stub

---------------  P R O C E S S  ---------------

Java Threads: ( => current thread )
=>0x00007f0f68007000 JavaThread "Image Fetcher 0" daemon [_thread_in_native, id=17913, stack(0x00007f0f3246a000,0x00007f0f3256b000)]
  0x00007f0f5c02c000 JavaThread "pool-3-thread-1" [_thread_blocked, id=17908, stack(0x00007f0f326ae000,0x00007f0f327af000)]
  0x00007f0f440f0000 JavaThread "Thread-2" [_thread_blocked, id=17907, stack(0x00007f0f32369000,0x00007f0f3246a000)]
  0x00007f0f44009800 JavaThread "Thread-0" [_thread_blocked, id=17906, stack(0x00007f0f32268000,0x00007f0f32369000)]
  0x00007f0f440c6000 JavaThread "TimerQueue" daemon [_thread_blocked, id=17887, stack(0x00007f0f32577000,0x00007f0f32678000)]
  0x00007f0f8000e800 JavaThread "DestroyJavaVM" [_thread_blocked, id=17860, stack(0x00007f0f890bd000,0x00007f0f891be000)]
  0x00007f0f44003800 JavaThread "org.netbeans.modules.debugger.jpda.visual AWT Access Loop" daemon [_thread_blocked, id=17885, stack(0x00007f0f32ac7000,0x00007f0f32bc8000)]
  0x00007f0f80459800 JavaThread "AWT-EventQueue-0" [_thread_blocked, id=17884, stack(0x00007f0f32f6f000,0x00007f0f33070000)]
  0x00007f0f80458000 JavaThread "AWT-Shutdown" [_thread_blocked, id=17883, stack(0x00007f0f3c057000,0x00007f0f3c158000)]
  0x00007f0f802fa000 JavaThread "AWT-XAWT" daemon [_thread_in_native, id=17879, stack(0x00007f0f7401d000,0x00007f0f7411e000)]
  0x00007f0f802dc000 JavaThread "Java2D Disposer" daemon [_thread_blocked, id=17878, stack(0x00007f0f7411e000,0x00007f0f7421f000)]
  0x00007f0f800be000 JavaThread "Service Thread" daemon [_thread_blocked, id=17875, stack(0x00007f0f7c0ca000,0x00007f0f7c1cb000)]
  0x00007f0f800bc000 JavaThread "C2 CompilerThread1" daemon [_thread_blocked, id=17874, stack(0x00007f0f7c1cb000,0x00007f0f7c2cc000)]
  0x00007f0f800b9000 JavaThread "C2 CompilerThread0" daemon [_thread_blocked, id=17873, stack(0x00007f0f7c2cc000,0x00007f0f7c3cd000)]
  0x00007f0f60001000 JavaThread "JDWP Command Reader" daemon [_thread_in_native, id=17870, stack(0x00007f0f7c3cd000,0x00007f0f7c4ce000)]
  0x00007f0f800b6800 JavaThread "JDWP Event Helper Thread" daemon [_thread_blocked, id=17869, stack(0x00007f0f7c4ce000,0x00007f0f7c5cf000)]
  0x00007f0f800b3000 JavaThread "JDWP Transport Listener: dt_socket" daemon [_thread_blocked, id=17867, stack(0x00007f0f7c5cf000,0x00007f0f7c6d0000)]
  0x00007f0f800a6000 JavaThread "Signal Dispatcher" daemon [_thread_blocked, id=17866, stack(0x00007f0f7c8d8000,0x00007f0f7c9d9000)]
  0x00007f0f8007c000 JavaThread "Finalizer" daemon [_thread_blocked, id=17865, stack(0x00007f0f7c9d9000,0x00007f0f7cada000)]
  0x00007f0f8007a000 JavaThread "Reference Handler" daemon [_thread_blocked, id=17864, stack(0x00007f0f7cada000,0x00007f0f7cbdb000)]

Other Threads:
  0x00007f0f80075800 VMThread [stack: 0x00007f0f7cbdb000,0x00007f0f7ccdc000] [id=17863]
  0x00007f0f800c8800 WatcherThread [stack: 0x00007f0f7421f000,0x00007f0f74320000] [id=17876]

VM state:not at safepoint (normal execution)

VM Mutex/Monitor currently owned by a thread: None

Heap
 PSYoungGen      total 33792K, used 8373K [0x00000000dae00000, 0x00000000dd380000, 0x0000000100000000)
  eden space 29184K, 18% used [0x00000000dae00000,0x00000000db330540,0x00000000dca80000)
  from space 4608K, 66% used [0x00000000dcf00000,0x00000000dd1fcef0,0x00000000dd380000)
  to   space 4608K, 0% used [0x00000000dca80000,0x00000000dca80000,0x00000000dcf00000)
 ParOldGen       total 75776K, used 6759K [0x0000000090a00000, 0x0000000095400000, 0x00000000dae00000)
  object space 75776K, 8% used [0x0000000090a00000,0x0000000091099e48,0x0000000095400000)
 PSPermGen       total 22528K, used 22150K [0x0000000086400000, 0x0000000087a00000, 0x0000000090a00000)
  object space 22528K, 98% used [0x0000000086400000,0x00000000879a1b20,0x0000000087a00000)

Card table byte_map: [0x00007f0f851b9000,0x00007f0f85588000] byte_map_base: 0x00007f0f84d87000

Polling page: 0x00007f0f890bc000

Code Cache  [0x00007f0f7d000000, 0x00007f0f7d270000, 0x00007f0f80000000)
 total_blobs=872 nmethods=291 adapters=543 free_code_cache=47762Kb largest_free_block=48880192

Compilation events (10 events):
Event: 61,943 Thread 0x00007f0f800b9000 nmethod 301 0x00007f0f7d0cca50 code [0x00007f0f7d0ccbc0, 0x00007f0f7d0cd008]
Event: 61,944 Thread 0x00007f0f800b9000  303             sun.nio.cs.StreamEncoder::isOpen (5 bytes)
Event: 61,944 Thread 0x00007f0f800b9000 nmethod 303 0x00007f0f7d15ce10 code [0x00007f0f7d15cf40, 0x00007f0f7d15cf98]
Event: 61,944 Thread 0x00007f0f800b9000  304             org.scify.jthinkfreedom.keyboard.stimuli.CapturekeyStimulus::onDataReceived (80 bytes)
Event: 61,949 Thread 0x00007f0f800bc000 nmethod 302 0x00007f0f7d15c790 code [0x00007f0f7d15c8e0, 0x00007f0f7d15cca8]
Event: 61,999 Thread 0x00007f0f800b9000 nmethod 304 0x00007f0f7d160210 code [0x00007f0f7d1604a0, 0x00007f0f7d1611b0]
Event: 62,068 Thread 0x00007f0f800bc000  305             org.scify.jthinkfreedom.keyboard.sensors.KeyboardSensor::getData (33 bytes)
Event: 62,068 Thread 0x00007f0f800bc000 nmethod 305 0x00007f0f7d15c4d0 code [0x00007f0f7d15c600, 0x00007f0f7d15c678]
Event: 62,103 Thread 0x00007f0f800b9000  306 %           org.scify.jthinkfreedom.skeleton.sensors.SensorAdapter::updateStimuli @ 0 (49 bytes)
Event: 62,116 Thread 0x00007f0f800b9000 nmethod 306% 0x00007f0f7d13e190 code [0x00007f0f7d13e340, 0x00007f0f7d13e808]

GC Heap History (8 events):
Event: 16,419 GC heap before
{Heap before GC invocations=1 (full 0):
 PSYoungGen      total 33792K, used 29184K [0x00000000dae00000, 0x00000000dd380000, 0x0000000100000000)
  eden space 29184K, 100% used [0x00000000dae00000,0x00000000dca80000,0x00000000dca80000)
  from space 4608K, 0% used [0x00000000dcf00000,0x00000000dcf00000,0x00000000dd380000)
  to   space 4608K, 0% used [0x00000000dca80000,0x00000000dca80000,0x00000000dcf00000)
 ParOldGen       total 75776K, used 0K [0x0000000090a00000, 0x0000000095400000, 0x00000000dae00000)
  object space 75776K, 0% used [0x0000000090a00000,0x0000000090a00000,0x0000000095400000)
 PSPermGen       total 21504K, used 16326K [0x0000000086400000, 0x0000000087900000, 0x0000000090a00000)
  object space 21504K, 75% used [0x0000000086400000,0x00000000873f1b40,0x0000000087900000)
Event: 16,430 GC heap after
Heap after GC invocations=1 (full 0):
 PSYoungGen      total 33792K, used 3617K [0x00000000dae00000, 0x00000000dd380000, 0x0000000100000000)
  eden space 29184K, 0% used [0x00000000dae00000,0x00000000dae00000,0x00000000dca80000)
  from space 4608K, 78% used [0x00000000dca80000,0x00000000dce08770,0x00000000dcf00000)
  to   space 4608K, 0% used [0x00000000dcf00000,0x00000000dcf00000,0x00000000dd380000)
 ParOldGen       total 75776K, used 0K [0x0000000090a00000, 0x0000000095400000, 0x00000000dae00000)
  object space 75776K, 0% used [0x0000000090a00000,0x0000000090a00000,0x0000000095400000)
 PSPermGen       total 21504K, used 16326K [0x0000000086400000, 0x0000000087900000, 0x0000000090a00000)
  object space 21504K, 75% used [0x0000000086400000,0x00000000873f1b40,0x0000000087900000)
}
Event: 30,957 GC heap before
{Heap before GC invocations=2 (full 0):
 PSYoungGen      total 33792K, used 32801K [0x00000000dae00000, 0x00000000dd380000, 0x0000000100000000)
  eden space 29184K, 100% used [0x00000000dae00000,0x00000000dca80000,0x00000000dca80000)
  from space 4608K, 78% used [0x00000000dca80000,0x00000000dce08770,0x00000000dcf00000)
  to   space 4608K, 0% used [0x00000000dcf00000,0x00000000dcf00000,0x00000000dd380000)
 ParOldGen       total 75776K, used 0K [0x0000000090a00000, 0x0000000095400000, 0x00000000dae00000)
  object space 75776K, 0% used [0x0000000090a00000,0x0000000090a00000,0x0000000095400000)
 PSPermGen       total 21504K, used 19291K [0x0000000086400000, 0x0000000087900000, 0x0000000090a00000)
  object space 21504K, 89% used [0x0000000086400000,0x00000000876d6ee8,0x0000000087900000)
Event: 30,976 GC heap after
Heap after GC invocations=2 (full 0):
 PSYoungGen      total 33792K, used 4578K [0x00000000dae00000, 0x00000000dd380000, 0x0000000100000000)
  eden space 29184K, 0% used [0x00000000dae00000,0x00000000dae00000,0x00000000dca80000)
  from space 4608K, 99% used [0x00000000dcf00000,0x00000000dd3788e0,0x00000000dd380000)
  to   space 4608K, 0% used [0x00000000dca80000,0x00000000dca80000,0x00000000dcf00000)
 ParOldGen       total 75776K, used 1696K [0x0000000090a00000, 0x0000000095400000, 0x00000000dae00000)
  object space 75776K, 2% used [0x0000000090a00000,0x0000000090ba8298,0x0000000095400000)
 PSPermGen       total 21504K, used 19291K [0x0000000086400000, 0x0000000087900000, 0x0000000090a00000)
  object space 21504K, 89% used [0x0000000086400000,0x00000000876d6ee8,0x0000000087900000)
}
Event: 52,651 GC heap before
{Heap before GC invocations=3 (full 0):
 PSYoungGen      total 33792K, used 33762K [0x00000000dae00000, 0x00000000dd380000, 0x0000000100000000)
  eden space 29184K, 100% used [0x00000000dae00000,0x00000000dca80000,0x00000000dca80000)
  from space 4608K, 99% used [0x00000000dcf00000,0x00000000dd3788e0,0x00000000dd380000)
  to   space 4608K, 0% used [0x00000000dca80000,0x00000000dca80000,0x00000000dcf00000)
 ParOldGen       total 75776K, used 1696K [0x0000000090a00000, 0x0000000095400000, 0x00000000dae00000)
  object space 75776K, 2% used [0x0000000090a00000,0x0000000090ba8298,0x0000000095400000)
 PSPermGen       total 21504K, used 20667K [0x0000000086400000, 0x0000000087900000, 0x0000000090a00000)
  object space 21504K, 96% used [0x0000000086400000,0x000000008782ec20,0x0000000087900000)
Event: 52,669 GC heap after
Heap after GC invocations=3 (full 0):
 PSYoungGen      total 33792K, used 4603K [0x00000000dae00000, 0x00000000dd380000, 0x0000000100000000)
  eden space 29184K, 0% used [0x00000000dae00000,0x00000000dae00000,0x00000000dca80000)
  from space 4608K, 99% used [0x00000000dca80000,0x00000000dcefecd0,0x00000000dcf00000)
  to   space 4608K, 0% used [0x00000000dcf00000,0x00000000dcf00000,0x00000000dd380000)
 ParOldGen       total 75776K, used 4175K [0x0000000090a00000, 0x0000000095400000, 0x00000000dae00000)
  object space 75776K, 5% used [0x0000000090a00000,0x0000000090e13cb8,0x0000000095400000)
 PSPermGen       total 21504K, used 20667K [0x0000000086400000, 0x0000000087900000, 0x0000000090a00000)
  object space 21504K, 96% used [0x0000000086400000,0x000000008782ec20,0x0000000087900000)
}
Event: 61,306 GC heap before
{Heap before GC invocations=4 (full 0):
 PSYoungGen      total 33792K, used 33787K [0x00000000dae00000, 0x00000000dd380000, 0x0000000100000000)
  eden space 29184K, 100% used [0x00000000dae00000,0x00000000dca80000,0x00000000dca80000)
  from space 4608K, 99% used [0x00000000dca80000,0x00000000dcefecd0,0x00000000dcf00000)
  to   space 4608K, 0% used [0x00000000dcf00000,0x00000000dcf00000,0x00000000dd380000)
 ParOldGen       total 75776K, used 4175K [0x0000000090a00000, 0x0000000095400000, 0x00000000dae00000)
  object space 75776K, 5% used [0x0000000090a00000,0x0000000090e13cb8,0x0000000095400000)
 PSPermGen       total 22528K, used 22096K [0x0000000086400000, 0x0000000087a00000, 0x0000000090a00000)
  object space 22528K, 98% used [0x0000000086400000,0x0000000087994058,0x0000000087a00000)
Event: 61,322 GC heap after
Heap after GC invocations=4 (full 0):
 PSYoungGen      total 33792K, used 3059K [0x00000000dae00000, 0x00000000dd380000, 0x0000000100000000)
  eden space 29184K, 0% used [0x00000000dae00000,0x00000000dae00000,0x00000000dca80000)
  from space 4608K, 66% used [0x00000000dcf00000,0x00000000dd1fcef0,0x00000000dd380000)
  to   space 4608K, 0% used [0x00000000dca80000,0x00000000dca80000,0x00000000dcf00000)
 ParOldGen       total 75776K, used 6759K [0x0000000090a00000, 0x0000000095400000, 0x00000000dae00000)
  object space 75776K, 8% used [0x0000000090a00000,0x0000000091099e48,0x0000000095400000)
 PSPermGen       total 22528K, used 22096K [0x0000000086400000, 0x0000000087a00000, 0x0000000090a00000)
  object space 22528K, 98% used [0x0000000086400000,0x0000000087994058,0x0000000087a00000)
}

Deoptimization events (10 events):
Event: 60,970 Thread 0x00007f0f80459800 Uncommon trap: reason=unreached action=reinterpret pc=0x00007f0f7d0d4048 method=sun.util.logging.PlatformLogger.isLoggable(Lsun/util/logging/PlatformLogger$Level;)Z @ 18
Event: 60,970 Thread 0x00007f0f80459800 Uncommon trap: reason=class_check action=maybe_recompile pc=0x00007f0f7d0e9164 method=sun.util.logging.PlatformLogger.finest(Ljava/lang/String;)V @ 8
Event: 60,970 Thread 0x00007f0f80459800 Uncommon trap: reason=class_check action=maybe_recompile pc=0x00007f0f7d0e9164 method=sun.util.logging.PlatformLogger.finest(Ljava/lang/String;)V @ 8
Event: 60,970 Thread 0x00007f0f80459800 Uncommon trap: reason=class_check action=maybe_recompile pc=0x00007f0f7d0e9164 method=sun.util.logging.PlatformLogger.finest(Ljava/lang/String;)V @ 8
Event: 60,970 Thread 0x00007f0f80459800 Uncommon trap: reason=class_check action=maybe_recompile pc=0x00007f0f7d0e9164 method=sun.util.logging.PlatformLogger.finest(Ljava/lang/String;)V @ 8
Event: 60,971 Thread 0x00007f0f802fa000 Uncommon trap: reason=class_check action=maybe_recompile pc=0x00007f0f7d09ade4 method=sun.util.logging.PlatformLogger.finest(Ljava/lang/String;)V @ 8
Event: 62,279 Thread 0x00007f0f440f0000 Uncommon trap: reason=unreached action=reinterpret pc=0x00007f0f7d0d6c0c method=java.lang.ThreadLocal$ThreadLocalMap.getEntry(Ljava/lang/ThreadLocal;)Ljava/lang/ThreadLocal$ThreadLocalMap$Entry; @ 29
Event: 62,280 Thread 0x00007f0f440f0000 Uncommon trap: reason=unreached action=reinterpret pc=0x00007f0f7d0d6738 method=java.lang.ThreadLocal$ThreadLocalMap.getEntry(Ljava/lang/ThreadLocal;)Ljava/lang/ThreadLocal$ThreadLocalMap$Entry; @ 29
Event: 62,319 Thread 0x00007f0f44009800 Uncommon trap: reason=unreached action=reinterpret pc=0x00007f0f7d15c648 method=org.scify.jthinkfreedom.keyboard.sensors.KeyboardSensor.getData()Ljava/lang/Character; @ 4
Event: 62,319 Thread 0x00007f0f44009800 Uncommon trap: reason=null_assert action=make_not_entrant pc=0x00007f0f7d160920 method=org.scify.jthinkfreedom.keyboard.stimuli.CapturekeyStimulus.onDataReceived()V @ 44

Internal exceptions (10 events):
Event: 61,287 Thread 0x00007f0f440f0000 Threw 0x00000000dca298d8 at /build/openjdk-7-FO0dNI/openjdk-7-7u79-2.5.6/build/openjdk/hotspot/src/share/vm/prims/jvm.cpp:1284
Event: 61,291 Thread 0x00007f0f440f0000 Threw 0x00000000dca3b188 at /build/openjdk-7-FO0dNI/openjdk-7-7u79-2.5.6/build/openjdk/hotspot/src/share/vm/prims/jvm.cpp:1284
Event: 61,297 Thread 0x00007f0f440f0000 Threw 0x00000000dca75f28 at /build/openjdk-7-FO0dNI/openjdk-7-7u79-2.5.6/build/openjdk/hotspot/src/share/vm/prims/jvm.cpp:1284
Event: 61,330 Thread 0x00007f0f440f0000 Threw 0x00000000dae07438 at /build/openjdk-7-FO0dNI/openjdk-7-7u79-2.5.6/build/openjdk/hotspot/src/share/vm/prims/jvm.cpp:1284
Event: 61,345 Thread 0x00007f0f440f0000 Threw 0x00000000dae246c8 at /build/openjdk-7-FO0dNI/openjdk-7-7u79-2.5.6/build/openjdk/hotspot/src/share/vm/prims/jvm.cpp:1284
Event: 61,346 Thread 0x00007f0f440f0000 Threw 0x00000000dae35558 at /build/openjdk-7-FO0dNI/openjdk-7-7u79-2.5.6/build/openjdk/hotspot/src/share/vm/prims/jvm.cpp:1284
Event: 62,279 Thread 0x00007f0f440f0000 Threw 0x00000000dae554f0 at /build/openjdk-7-FO0dNI/openjdk-7-7u79-2.5.6/build/openjdk/hotspot/src/share/vm/prims/jvm.cpp:1284
Event: 62,286 Thread 0x00007f0f440f0000 Threw 0x00000000db1e7f10 at /build/openjdk-7-FO0dNI/openjdk-7-7u79-2.5.6/build/openjdk/hotspot/src/share/vm/prims/jvm.cpp:1284
Event: 65,860 Thread 0x00007f0f44009800 Threw 0x00000000db1c8f98 at /build/openjdk-7-FO0dNI/openjdk-7-7u79-2.5.6/build/openjdk/hotspot/src/share/vm/prims/jvm.cpp:1284
Event: 82,943 Thread 0x00007f0f44009800 Threw 0x00000000db27ff20 at /build/openjdk-7-FO0dNI/openjdk-7-7u79-2.5.6/build/openjdk/hotspot/src/share/vm/prims/jvm.cpp:1284

Events (10 events):
Event: 98,020 Executing VM operation: ChangeSingleStep done
Event: 98,020 Executing VM operation: ChangeSingleStep
Event: 98,020 Executing VM operation: ChangeSingleStep done
Event: 98,020 loading class 0x00007f0f4c025fc0
Event: 98,020 loading class 0x00007f0f4c025fc0 done
Event: 98,021 Thread 0x00007f0f68007000 Thread added: 0x00007f0f68007000
Event: 98,023 Executing VM operation: RevokeBias
Event: 98,023 Executing VM operation: RevokeBias done
Event: 98,024 loading class 0x00007f0f4c082520
Event: 98,024 loading class 0x00007f0f4c082520 done


Dynamic libraries:
00400000-00401000 r-xp 00000000 08:02 1323751                            /usr/lib/jvm/java-7-openjdk-amd64/jre/bin/java
00600000-00601000 r--p 00000000 08:02 1323751                            /usr/lib/jvm/java-7-openjdk-amd64/jre/bin/java
00601000-00602000 rw-p 00001000 08:02 1323751                            /usr/lib/jvm/java-7-openjdk-amd64/jre/bin/java
02326000-0236d000 rw-p 00000000 00:00 0                                  [heap]
86400000-87a00000 rw-p 00000000 00:00 0 
87a00000-90a00000 rw-p 00000000 00:00 0 
90a00000-95400000 rw-p 00000000 00:00 0 
95400000-dae00000 rw-p 00000000 00:00 0 
dae00000-dd380000 rw-p 00000000 00:00 0 
dd380000-100000000 rw-p 00000000 00:00 0 
7f0f319e0000-7f0f319ea000 r-xp 00000000 08:02 1317748                    /usr/lib/jvm/java-7-openjdk-amd64/jre/lib/amd64/libjavajpeg.so
7f0f319ea000-7f0f31be9000 ---p 0000a000 08:02 1317748                    /usr/lib/jvm/java-7-openjdk-amd64/jre/lib/amd64/libjavajpeg.so
7f0f31be9000-7f0f31bea000 r--p 00009000 08:02 1317748                    /usr/lib/jvm/java-7-openjdk-amd64/jre/lib/amd64/libjavajpeg.so
7f0f31bea000-7f0f31beb000 rw-p 0000a000 08:02 1317748                    /usr/lib/jvm/java-7-openjdk-amd64/jre/lib/amd64/libjavajpeg.so
7f0f31bf0000-7f0f31e77000 rw-s 00000000 00:04 13893648                   /SYSV00000000 (deleted)
7f0f31ee7000-7f0f32048000 rw-p 00000000 00:00 0 
7f0f32048000-7f0f3205f000 r-xp 00000000 08:02 271622                     /tmp/jna-xrousakis/jna8814771244962348433.tmp (deleted)
7f0f3205f000-7f0f3225f000 ---p 00017000 08:02 271622                     /tmp/jna-xrousakis/jna8814771244962348433.tmp (deleted)
7f0f3225f000-7f0f32260000 r--p 00017000 08:02 271622                     /tmp/jna-xrousakis/jna8814771244962348433.tmp (deleted)
7f0f32260000-7f0f32261000 rw-p 00018000 08:02 271622                     /tmp/jna-xrousakis/jna8814771244962348433.tmp (deleted)
7f0f32268000-7f0f3226b000 ---p 00000000 00:00 0 
7f0f3226b000-7f0f32369000 rw-p 00000000 00:00 0                          [stack:17906]
7f0f32369000-7f0f3236c000 ---p 00000000 00:00 0 
7f0f3236c000-7f0f3246a000 rw-p 00000000 00:00 0                          [stack:17907]
7f0f3246a000-7f0f3246d000 ---p 00000000 00:00 0 
7f0f3246d000-7f0f3256b000 rw-p 00000000 00:00 0                          [stack:17913]
7f0f3256b000-7f0f32575000 r--s 00203000 08:02 1310919                    /usr/lib/jvm/java-7-openjdk-amd64/jre/lib/charsets.jar
7f0f32577000-7f0f3257a000 ---p 00000000 00:00 0 
7f0f3257a000-7f0f32678000 rw-p 00000000 00:00 0                          [stack:17887]
7f0f326ae000-7f0f326b1000 ---p 00000000 00:00 0 
7f0f326b1000-7f0f327af000 rw-p 00000000 00:00 0                          [stack:17908]
7f0f327af000-7f0f327b2000 ---p 00000000 00:00 0 
7f0f327b2000-7f0f328b0000 rw-p 00000000 00:00 0 
7f0f328b0000-7f0f328cb000 r--s 00000000 08:02 2362922                    /usr/share/fonts/type1/gsfonts/p052004l.pfb
7f0f328d0000-7f0f328eb000 r--s 00000000 08:02 2362925                    /usr/share/fonts/type1/gsfonts/p052023l.pfb
7f0f328f0000-7f0f32902000 r--s 00000000 08:02 2362883                    /usr/share/fonts/type1/gsfonts/n019043l.pfb
7f0f32908000-7f0f32914000 r--s 00000000 08:02 2362868                    /usr/share/fonts/type1/gsfonts/d050000l.pfb
7f0f32918000-7f0f3292b000 r--s 00000000 08:02 2362847                    /usr/share/fonts/type1/gsfonts/b018015l.pfb
7f0f32930000-7f0f32941000 r--s 00000000 08:02 2362889                    /usr/share/fonts/type1/gsfonts/n019063l.pfb
7f0f32948000-7f0f3295a000 r--s 00000000 08:02 2362853                    /usr/share/fonts/type1/gsfonts/b018035l.pfb
7f0f32960000-7f0f32970000 r--s 00000000 08:02 2362832                    /usr/share/fonts/type1/gsfonts/a010013l.pfb
7f0f32970000-7f0f32987000 r--s 00000000 08:02 2362934                    /usr/share/fonts/type1/gsfonts/z003034l.pfb
7f0f32988000-7f0f3299a000 r--s 00000000 08:02 2362886                    /usr/share/fonts/type1/gsfonts/n019044l.pfb
7f0f329a0000-7f0f329a9000 r--s 00000000 08:02 2362931                    /usr/share/fonts/type1/gsfonts/s050000l.pfb
7f0f329b0000-7f0f329cb000 r--s 00000000 08:02 2362859                    /usr/share/fonts/type1/gsfonts/c059016l.pfb
7f0f329d0000-7f0f329e1000 r--s 00000000 08:02 2362841                    /usr/share/fonts/type1/gsfonts/a010035l.pfb
7f0f329e8000-7f0f32a00000 r--s 00000000 08:02 2362862                    /usr/share/fonts/type1/gsfonts/c059033l.pfb
7f0f32a00000-7f0f32a15000 r--s 00000000 08:02 2362850                    /usr/share/fonts/type1/gsfonts/b018032l.pfb
7f0f32a18000-7f0f32a34000 r--s 00000000 08:02 2362928                    /usr/share/fonts/type1/gsfonts/p052024l.pfb
7f0f32a38000-7f0f32a48000 r--s 00000000 08:02 2362838                    /usr/share/fonts/type1/gsfonts/a010033l.pfb
7f0f32a48000-7f0f32a60000 r--s 00000000 08:02 2362865                    /usr/share/fonts/type1/gsfonts/c059036l.pfb
7f0f32a60000-7f0f32a7b000 r--s 00000000 08:02 2362919                    /usr/share/fonts/type1/gsfonts/p052003l.pfb
7f0f32a80000-7f0f32a93000 r--s 00000000 08:02 2362892                    /usr/share/fonts/type1/gsfonts/n019064l.pfb
7f0f32a98000-7f0f32aa8000 r--s 00000000 08:02 2362835                    /usr/share/fonts/type1/gsfonts/a010015l.pfb
7f0f32aa8000-7f0f32ac2000 r--s 00000000 08:02 2362856                    /usr/share/fonts/type1/gsfonts/c059013l.pfb
7f0f32ac7000-7f0f32aca000 ---p 00000000 00:00 0 
7f0f32aca000-7f0f32bc8000 rw-p 00000000 00:00 0                          [stack:17885]
7f0f32bd0000-7f0f32be9000 r--s 00000000 08:02 2362844                    /usr/share/fonts/type1/gsfonts/b018012l.pfb
7f0f32bf0000-7f0f32bfa000 r--s 00000000 08:02 2362097                    /usr/share/fonts/X11/Type1/c0611bt_.pfb
7f0f32c00000-7f0f32c09000 r--s 00000000 08:02 2362105                    /usr/share/fonts/X11/Type1/c0649bt_.pfb
7f0f32c10000-7f0f32c19000 r--s 00000000 08:02 2362101                    /usr/share/fonts/X11/Type1/c0633bt_.pfb
7f0f32c20000-7f0f32c2a000 r--s 00000000 08:02 2362091                    /usr/share/fonts/X11/Type1/c0419bt_.pfb
7f0f32c30000-7f0f32c3a000 r--s 00000000 08:02 2362095                    /usr/share/fonts/X11/Type1/c0583bt_.pfb
7f0f32c40000-7f0f32c4a000 r--s 00000000 08:02 2362093                    /usr/share/fonts/X11/Type1/c0582bt_.pfb
7f0f32c50000-7f0f32c59000 r--s 00000000 08:02 2362103                    /usr/share/fonts/X11/Type1/c0648bt_.pfb
7f0f32c65000-7f0f32c6a000 r--s 0004d000 08:02 1310924                    /usr/lib/jvm/java-7-openjdk-amd64/jre/lib/jsse.jar
7f0f32c70000-7f0f32c79000 r--s 00000000 08:02 2362099                    /usr/share/fonts/X11/Type1/c0632bt_.pfb
7f0f32c80000-7f0f32cd2000 r-xp 00000000 08:02 1317750                    /usr/lib/jvm/java-7-openjdk-amd64/jre/lib/amd64/libfontmanager.so
7f0f32cd2000-7f0f32ed1000 ---p 00052000 08:02 1317750                    /usr/lib/jvm/java-7-openjdk-amd64/jre/lib/amd64/libfontmanager.so
7f0f32ed1000-7f0f32ed4000 r--p 00051000 08:02 1317750                    /usr/lib/jvm/java-7-openjdk-amd64/jre/lib/amd64/libfontmanager.so
7f0f32ed4000-7f0f32ed5000 rw-p 00054000 08:02 1317750                    /usr/lib/jvm/java-7-openjdk-amd64/jre/lib/amd64/libfontmanager.so
7f0f32ed8000-7f0f32ed9000 r--s 00000000 08:02 2756976                    /var/cache/fontconfig/c05880de57d1f5e948fdfacc138775d9-le64.cache-4
7f0f32ee0000-7f0f32eeb000 r--s 00000000 08:02 2756975                    /var/cache/fontconfig/945677eb7aeaf62f1d50efc3fb3ec7d8-le64.cache-4
7f0f32ef0000-7f0f32ef2000 r--s 00000000 08:02 2756973                    /var/cache/fontconfig/99e8ed0e538f840c565b6ed5dad60d56-le64.cache-4
7f0f32ef8000-7f0f32efe000 r--s 00000000 08:02 2756972                    /var/cache/fontconfig/2cd17615ca594fa2959ae173292e504c-le64.cache-4
7f0f32f00000-7f0f32f01000 r--s 00000000 08:02 2756971                    /var/cache/fontconfig/e7071f4a29fa870f4323321c154eba04-le64.cache-4
7f0f32f08000-7f0f32f09000 r--s 00000000 08:02 2756970                    /var/cache/fontconfig/0d8c3b2ac0904cb8a57a757ad11a4a08-le64.cache-4
7f0f32f10000-7f0f32f17000 r--s 00000000 08:02 2756969                    /var/cache/fontconfig/a755afe4a08bf5b97852ceb7400b47bc-le64.cache-4
7f0f32f18000-7f0f32f24000 r--s 00000000 08:02 2756968                    /var/cache/fontconfig/6d41288fd70b0be22e8c3a91e032eec0-le64.cache-4
7f0f32f28000-7f0f32f3c000 r--s 00000000 08:02 2756967                    /var/cache/fontconfig/04aabc0a78ac019cf9454389977116d2-le64.cache-4
7f0f32f40000-7f0f32f41000 r--s 00000000 08:02 2756966                    /var/cache/fontconfig/1ac9eb803944fde146138c791f5cc56a-le64.cache-4
7f0f32f48000-7f0f32f4c000 r--s 00000000 08:02 2756965                    /var/cache/fontconfig/385c0604a188198f04d133e54aba7fe7-le64.cache-4
7f0f32f50000-7f0f32f51000 r--s 00000000 08:02 2756964                    /var/cache/fontconfig/dc05db6664285cc2f12bf69c139ae4c3-le64.cache-4
7f0f32f58000-7f0f32f5a000 r--s 00000000 08:02 2756963                    /var/cache/fontconfig/767a8244fc0220cfb567a839d0392e0b-le64.cache-4
7f0f32f60000-7f0f32f65000 r--s 00000000 08:02 2756961                    /var/cache/fontconfig/8801497958630a81b71ace7c5f9b32a8-le64.cache-4
7f0f32f68000-7f0f32f6f000 r--s 00000000 08:02 2756960                    /var/cache/fontconfig/3047814df9a2f067bd2d96a2b9c36e5a-le64.cache-4
7f0f32f6f000-7f0f32f72000 ---p 00000000 00:00 0 
7f0f32f72000-7f0f33070000 rw-p 00000000 00:00 0                          [stack:17884]
7f0f33070000-7f0f3321d000 r-xp 00000000 08:02 271621                     /tmp/javacpp23912243220716/libjniopencv_core.so
7f0f3321d000-7f0f3341d000 ---p 001ad000 08:02 271621                     /tmp/javacpp23912243220716/libjniopencv_core.so
7f0f3341d000-7f0f3341e000 r--p 001ad000 08:02 271621                     /tmp/javacpp23912243220716/libjniopencv_core.so
7f0f3341e000-7f0f33420000 rw-p 001ae000 08:02 271621                     /tmp/javacpp23912243220716/libjniopencv_core.so
7f0f33420000-7f0f3346e000 r-xp 00000000 08:02 271620                     /tmp/javacpp23912243220716/libjniopencv_highgui.so
7f0f3346e000-7f0f3366d000 ---p 0004e000 08:02 271620                     /tmp/javacpp23912243220716/libjniopencv_highgui.so
7f0f3366d000-7f0f3366e000 r--p 0004d000 08:02 271620                     /tmp/javacpp23912243220716/libjniopencv_highgui.so
7f0f3366e000-7f0f3366f000 rw-p 0004e000 08:02 271620                     /tmp/javacpp23912243220716/libjniopencv_highgui.so
7f0f33670000-7f0f336b3000 r-xp 00000000 08:02 1188593                    /usr/lib/x86_64-linux-gnu/libjpeg.so.8.0.2
7f0f336b3000-7f0f338b3000 ---p 00043000 08:02 1188593                    /usr/lib/x86_64-linux-gnu/libjpeg.so.8.0.2
7f0f338b3000-7f0f338b4000 r--p 00043000 08:02 1188593                    /usr/lib/x86_64-linux-gnu/libjpeg.so.8.0.2
7f0f338b4000-7f0f338b5000 rw-p 00044000 08:02 1188593                    /usr/lib/x86_64-linux-gnu/libjpeg.so.8.0.2
7f0f338b5000-7f0f338c5000 rw-p 00000000 00:00 0 
7f0f338c8000-7f0f338ec000 r-xp 00000000 08:02 1188998                    /usr/lib/x86_64-linux-gnu/libv4lconvert.so.0.0.0
7f0f338ec000-7f0f33aec000 ---p 00024000 08:02 1188998                    /usr/lib/x86_64-linux-gnu/libv4lconvert.so.0.0.0
7f0f33aec000-7f0f33aee000 r--p 00024000 08:02 1188998                    /usr/lib/x86_64-linux-gnu/libv4lconvert.so.0.0.0
7f0f33aee000-7f0f33aef000 rw-p 00026000 08:02 1188998                    /usr/lib/x86_64-linux-gnu/libv4lconvert.so.0.0.0
7f0f33aef000-7f0f33b41000 rw-p 00000000 00:00 0 
7f0f33b48000-7f0f33b4e000 r-xp 00000000 08:02 1188131                    /usr/lib/x86_64-linux-gnu/libdatrie.so.1.3.1
7f0f33b4e000-7f0f33d4d000 ---p 00006000 08:02 1188131                    /usr/lib/x86_64-linux-gnu/libdatrie.so.1.3.1
7f0f33d4d000-7f0f33d4e000 r--p 00005000 08:02 1188131                    /usr/lib/x86_64-linux-gnu/libdatrie.so.1.3.1
7f0f33d4e000-7f0f33d4f000 rw-p 00006000 08:02 1188131                    /usr/lib/x86_64-linux-gnu/libdatrie.so.1.3.1
7f0f33d50000-7f0f33d6a000 r-xp 00000000 08:02 1188402                    /usr/lib/x86_64-linux-gnu/libgraphite2.so.3.0.1
7f0f33d6a000-7f0f33f69000 ---p 0001a000 08:02 1188402                    /usr/lib/x86_64-linux-gnu/libgraphite2.so.3.0.1
7f0f33f69000-7f0f33f6b000 r--p 00019000 08:02 1188402                    /usr/lib/x86_64-linux-gnu/libgraphite2.so.3.0.1
7f0f33f6b000-7f0f33f6c000 rw-p 0001b000 08:02 1188402                    /usr/lib/x86_64-linux-gnu/libgraphite2.so.3.0.1
7f0f33f70000-7f0f33f79000 r-xp 00000000 08:02 1188996                    /usr/lib/x86_64-linux-gnu/libv4l2.so.0.0.0
7f0f33f79000-7f0f34178000 ---p 00009000 08:02 1188996                    /usr/lib/x86_64-linux-gnu/libv4l2.so.0.0.0
7f0f34178000-7f0f34179000 r--p 00008000 08:02 1188996                    /usr/lib/x86_64-linux-gnu/libv4l2.so.0.0.0
7f0f34179000-7f0f3417e000 rw-p 00009000 08:02 1188996                    /usr/lib/x86_64-linux-gnu/libv4l2.so.0.0.0
7f0f34180000-7f0f34188000 r-xp 00000000 08:02 1188953                    /usr/lib/x86_64-linux-gnu/libthai.so.0.2.0
7f0f34188000-7f0f34387000 ---p 00008000 08:02 1188953                    /usr/lib/x86_64-linux-gnu/libthai.so.0.2.0
7f0f34387000-7f0f34388000 r--p 00007000 08:02 1188953                    /usr/lib/x86_64-linux-gnu/libthai.so.0.2.0
7f0f34388000-7f0f34389000 rw-p 00008000 08:02 1188953                    /usr/lib/x86_64-linux-gnu/libthai.so.0.2.0
7f0f34390000-7f0f343e3000 r-xp 00000000 08:02 1179957                    /usr/lib/x86_64-linux-gnu/libharfbuzz.so.0.927.0
7f0f343e3000-7f0f345e3000 ---p 00053000 08:02 1179957                    /usr/lib/x86_64-linux-gnu/libharfbuzz.so.0.927.0
7f0f345e3000-7f0f345e4000 r--p 00053000 08:02 1179957                    /usr/lib/x86_64-linux-gnu/libharfbuzz.so.0.927.0
7f0f345e4000-7f0f345e5000 rw-p 00054000 08:02 1179957                    /usr/lib/x86_64-linux-gnu/libharfbuzz.so.0.927.0
7f0f345e8000-7f0f345f0000 r-xp 00000000 08:02 1189074                    /usr/lib/x86_64-linux-gnu/libxcb-render.so.0.0.0
7f0f345f0000-7f0f347ef000 ---p 00008000 08:02 1189074                    /usr/lib/x86_64-linux-gnu/libxcb-render.so.0.0.0
7f0f347ef000-7f0f347f0000 r--p 00007000 08:02 1189074                    /usr/lib/x86_64-linux-gnu/libxcb-render.so.0.0.0
7f0f347f0000-7f0f347f1000 rw-p 00008000 08:02 1189074                    /usr/lib/x86_64-linux-gnu/libxcb-render.so.0.0.0
7f0f347f8000-7f0f347fa000 r-xp 00000000 08:02 1189078                    /usr/lib/x86_64-linux-gnu/libxcb-shm.so.0.0.0
7f0f347fa000-7f0f349f9000 ---p 00002000 08:02 1189078                    /usr/lib/x86_64-linux-gnu/libxcb-shm.so.0.0.0
7f0f349f9000-7f0f349fa000 r--p 00001000 08:02 1189078                    /usr/lib/x86_64-linux-gnu/libxcb-shm.so.0.0.0
7f0f349fa000-7f0f349fb000 rw-p 00002000 08:02 1189078                    /usr/lib/x86_64-linux-gnu/libxcb-shm.so.0.0.0
7f0f34a00000-7f0f34aa1000 r-xp 00000000 08:02 1188793                    /usr/lib/x86_64-linux-gnu/libpixman-1.so.0.30.2
7f0f34aa1000-7f0f34ca1000 ---p 000a1000 08:02 1188793                    /usr/lib/x86_64-linux-gnu/libpixman-1.so.0.30.2
7f0f34ca1000-7f0f34ca8000 r--p 000a1000 08:02 1188793                    /usr/lib/x86_64-linux-gnu/libpixman-1.so.0.30.2
7f0f34ca8000-7f0f34ca9000 rw-p 000a8000 08:02 1188793                    /usr/lib/x86_64-linux-gnu/libpixman-1.so.0.30.2
7f0f34cb0000-7f0f34cb2000 r-xp 00000000 08:02 1187926                    /usr/lib/x86_64-linux-gnu/libXdamage.so.1.1.0
7f0f34cb2000-7f0f34eb1000 ---p 00002000 08:02 1187926                    /usr/lib/x86_64-linux-gnu/libXdamage.so.1.1.0
7f0f34eb1000-7f0f34eb2000 r--p 00001000 08:02 1187926                    /usr/lib/x86_64-linux-gnu/libXdamage.so.1.1.0
7f0f34eb2000-7f0f34eb3000 rw-p 00002000 08:02 1187926                    /usr/lib/x86_64-linux-gnu/libXdamage.so.1.1.0
7f0f34eb8000-7f0f34eba000 r-xp 00000000 08:02 1187922                    /usr/lib/x86_64-linux-gnu/libXcomposite.so.1.0.0
7f0f34eba000-7f0f350b9000 ---p 00002000 08:02 1187922                    /usr/lib/x86_64-linux-gnu/libXcomposite.so.1.0.0
7f0f350b9000-7f0f350ba000 r--p 00001000 08:02 1187922                    /usr/lib/x86_64-linux-gnu/libXcomposite.so.1.0.0
7f0f350ba000-7f0f350bb000 rw-p 00002000 08:02 1187922                    /usr/lib/x86_64-linux-gnu/libXcomposite.so.1.0.0
7f0f350c0000-7f0f350c9000 r-xp 00000000 08:02 1187948                    /usr/lib/x86_64-linux-gnu/libXrandr.so.2.2.0
7f0f350c9000-7f0f352c8000 ---p 00009000 08:02 1187948                    /usr/lib/x86_64-linux-gnu/libXrandr.so.2.2.0
7f0f352c8000-7f0f352c9000 r--p 00008000 08:02 1187948                    /usr/lib/x86_64-linux-gnu/libXrandr.so.2.2.0
7f0f352c9000-7f0f352ca000 rw-p 00009000 08:02 1187948                    /usr/lib/x86_64-linux-gnu/libXrandr.so.2.2.0
7f0f352d0000-7f0f352d2000 r-xp 00000000 08:02 1187940                    /usr/lib/x86_64-linux-gnu/libXinerama.so.1.0.0
7f0f352d2000-7f0f354d1000 ---p 00002000 08:02 1187940                    /usr/lib/x86_64-linux-gnu/libXinerama.so.1.0.0
7f0f354d1000-7f0f354d2000 r--p 00001000 08:02 1187940                    /usr/lib/x86_64-linux-gnu/libXinerama.so.1.0.0
7f0f354d2000-7f0f354d3000 rw-p 00002000 08:02 1187940                    /usr/lib/x86_64-linux-gnu/libXinerama.so.1.0.0
7f0f354d8000-7f0f354dd000 r-xp 00000000 08:02 1188994                    /usr/lib/x86_64-linux-gnu/libv4l1.so.0.0.0
7f0f354dd000-7f0f356dc000 ---p 00005000 08:02 1188994                    /usr/lib/x86_64-linux-gnu/libv4l1.so.0.0.0
7f0f356dc000-7f0f356dd000 r--p 00004000 08:02 1188994                    /usr/lib/x86_64-linux-gnu/libv4l1.so.0.0.0
7f0f356dd000-7f0f356de000 rw-p 00005000 08:02 1188994                    /usr/lib/x86_64-linux-gnu/libv4l1.so.0.0.0
7f0f356e0000-7f0f356e1000 r-xp 00000000 08:02 1181659                    /usr/lib/x86_64-linux-gnu/libgthread-2.0.so.0.4002.0
7f0f356e1000-7f0f358e0000 ---p 00001000 08:02 1181659                    /usr/lib/x86_64-linux-gnu/libgthread-2.0.so.0.4002.0
7f0f358e0000-7f0f358e1000 r--p 00000000 08:02 1181659                    /usr/lib/x86_64-linux-gnu/libgthread-2.0.so.0.4002.0
7f0f358e1000-7f0f358e2000 rw-p 00001000 08:02 1181659                    /usr/lib/x86_64-linux-gnu/libgthread-2.0.so.0.4002.0
7f0f358e8000-7f0f35932000 r-xp 00000000 08:02 1181864                    /usr/lib/x86_64-linux-gnu/libpango-1.0.so.0.3600.3
7f0f35932000-7f0f35b32000 ---p 0004a000 08:02 1181864                    /usr/lib/x86_64-linux-gnu/libpango-1.0.so.0.3600.3
7f0f35b32000-7f0f35b34000 r--p 0004a000 08:02 1181864                    /usr/lib/x86_64-linux-gnu/libpango-1.0.so.0.3600.3
7f0f35b34000-7f0f35b35000 rw-p 0004c000 08:02 1181864                    /usr/lib/x86_64-linux-gnu/libpango-1.0.so.0.3600.3
7f0f35b38000-7f0f35b4c000 r-xp 00000000 08:02 1181866                    /usr/lib/x86_64-linux-gnu/libpangoft2-1.0.so.0.3600.3
7f0f35b4c000-7f0f35d4b000 ---p 00014000 08:02 1181866                    /usr/lib/x86_64-linux-gnu/libpangoft2-1.0.so.0.3600.3
7f0f35d4b000-7f0f35d4c000 r--p 00013000 08:02 1181866                    /usr/lib/x86_64-linux-gnu/libpangoft2-1.0.so.0.3600.3
7f0f35d4c000-7f0f35d4d000 rw-p 00014000 08:02 1181866                    /usr/lib/x86_64-linux-gnu/libpangoft2-1.0.so.0.3600.3
7f0f35d50000-7f0f35d6f000 r-xp 00000000 08:02 1188324                    /usr/lib/x86_64-linux-gnu/libgdk_pixbuf-2.0.so.0.3000.7
7f0f35d6f000-7f0f35f6f000 ---p 0001f000 08:02 1188324                    /usr/lib/x86_64-linux-gnu/libgdk_pixbuf-2.0.so.0.3000.7
7f0f35f6f000-7f0f35f70000 r--p 0001f000 08:02 1188324                    /usr/lib/x86_64-linux-gnu/libgdk_pixbuf-2.0.so.0.3000.7
7f0f35f70000-7f0f35f71000 rw-p 00020000 08:02 1188324                    /usr/lib/x86_64-linux-gnu/libgdk_pixbuf-2.0.so.0.3000.7
7f0f35f78000-7f0f3607e000 r-xp 00000000 08:02 1184068                    /usr/lib/x86_64-linux-gnu/libcairo.so.2.11301.0
7f0f3607e000-7f0f3627d000 ---p 00106000 08:02 1184068                    /usr/lib/x86_64-linux-gnu/libcairo.so.2.11301.0
7f0f3627d000-7f0f36280000 r--p 00105000 08:02 1184068                    /usr/lib/x86_64-linux-gnu/libcairo.so.2.11301.0
7f0f36280000-7f0f36281000 rw-p 00108000 08:02 1184068                    /usr/lib/x86_64-linux-gnu/libcairo.so.2.11301.0
7f0f36281000-7f0f36283000 rw-p 00000000 00:00 0 
7f0f36288000-7f0f362a7000 r-xp 00000000 08:02 1188009                    /usr/lib/x86_64-linux-gnu/libatk-1.0.so.0.21009.1
7f0f362a7000-7f0f364a7000 ---p 0001f000 08:02 1188009                    /usr/lib/x86_64-linux-gnu/libatk-1.0.so.0.21009.1
7f0f364a7000-7f0f364a9000 r--p 0001f000 08:02 1188009                    /usr/lib/x86_64-linux-gnu/libatk-1.0.so.0.21009.1
7f0f364a9000-7f0f364aa000 rw-p 00021000 08:02 1188009                    /usr/lib/x86_64-linux-gnu/libatk-1.0.so.0.21009.1
7f0f364b0000-7f0f364bb000 r-xp 00000000 08:02 1181862                    /usr/lib/x86_64-linux-gnu/libpangocairo-1.0.so.0.3600.3
7f0f364bb000-7f0f366bb000 ---p 0000b000 08:02 1181862                    /usr/lib/x86_64-linux-gnu/libpangocairo-1.0.so.0.3600.3
7f0f366bb000-7f0f366bc000 r--p 0000b000 08:02 1181862                    /usr/lib/x86_64-linux-gnu/libpangocairo-1.0.so.0.3600.3
7f0f366bc000-7f0f366bd000 rw-p 0000c000 08:02 1181862                    /usr/lib/x86_64-linux-gnu/libpangocairo-1.0.so.0.3600.3
7f0f366c0000-7f0f3676d000 r-xp 00000000 08:02 1185800                    /usr/lib/x86_64-linux-gnu/libgdk-x11-2.0.so.0.2400.23
7f0f3676d000-7f0f3696c000 ---p 000ad000 08:02 1185800                    /usr/lib/x86_64-linux-gnu/libgdk-x11-2.0.so.0.2400.23
7f0f3696c000-7f0f36970000 r--p 000ac000 08:02 1185800                    /usr/lib/x86_64-linux-gnu/libgdk-x11-2.0.so.0.2400.23
7f0f36970000-7f0f36972000 rw-p 000b0000 08:02 1185800                    /usr/lib/x86_64-linux-gnu/libgdk-x11-2.0.so.0.2400.23
7f0f36978000-7f0f36da7000 r-xp 00000000 08:02 1190134                    /usr/lib/x86_64-linux-gnu/libgtk-x11-2.0.so.0.2400.23
7f0f36da7000-7f0f36fa6000 ---p 0042f000 08:02 1190134                    /usr/lib/x86_64-linux-gnu/libgtk-x11-2.0.so.0.2400.23
7f0f36fa6000-7f0f36fad000 r--p 0042e000 08:02 1190134                    /usr/lib/x86_64-linux-gnu/libgtk-x11-2.0.so.0.2400.23
7f0f36fad000-7f0f36fb1000 rw-p 00435000 08:02 1190134                    /usr/lib/x86_64-linux-gnu/libgtk-x11-2.0.so.0.2400.23
7f0f36fb1000-7f0f36fb4000 rw-p 00000000 00:00 0 
7f0f36fb8000-7f0f371ff000 r-xp 00000000 08:02 271619                     /tmp/javacpp23912243220716/libopencv_highgui.so.2.4
7f0f371ff000-7f0f373ff000 ---p 00247000 08:02 271619                     /tmp/javacpp23912243220716/libopencv_highgui.so.2.4
7f0f373ff000-7f0f37407000 r--p 00247000 08:02 271619                     /tmp/javacpp23912243220716/libopencv_highgui.so.2.4
7f0f37407000-7f0f37410000 rw-p 0024f000 08:02 271619                     /tmp/javacpp23912243220716/libopencv_highgui.so.2.4
7f0f37410000-7f0f37418000 rw-p 00000000 00:00 0 
7f0f37418000-7f0f37673000 r-xp 00000000 08:02 271618                     /tmp/javacpp23912243220716/libopencv_imgproc.so.2.4
7f0f37673000-7f0f37873000 ---p 0025b000 08:02 271618                     /tmp/javacpp23912243220716/libopencv_imgproc.so.2.4
7f0f37873000-7f0f3787a000 r--p 0025b000 08:02 271618                     /tmp/javacpp23912243220716/libopencv_imgproc.so.2.4
7f0f3787a000-7f0f3787c000 rw-p 00262000 08:02 271618                     /tmp/javacpp23912243220716/libopencv_imgproc.so.2.4
7f0f3787c000-7f0f37911000 rw-p 00000000 00:00 0 
7f0f37918000-7f0f37bc1000 r-xp 00000000 08:02 271617                     /tmp/javacpp23912243220716/libopencv_core.so.2.4
7f0f37bc1000-7f0f37dc0000 ---p 002a9000 08:02 271617                     /tmp/javacpp23912243220716/libopencv_core.so.2.4
7f0f37dc0000-7f0f37dc4000 r--p 002a8000 08:02 271617                     /tmp/javacpp23912243220716/libopencv_core.so.2.4
7f0f37dc4000-7f0f37dcd000 rw-p 002ac000 08:02 271617                     /tmp/javacpp23912243220716/libopencv_core.so.2.4
7f0f37dcd000-7f0f37dd0000 rw-p 00000000 00:00 0 
7f0f37dd0000-7f0f37df9000 r-xp 00000000 08:02 271616                     /tmp/javacpp23912243220716/libtbb.so
7f0f37df9000-7f0f37ff8000 ---p 00029000 08:02 271616                     /tmp/javacpp23912243220716/libtbb.so
7f0f37ff8000-7f0f37ffa000 r--p 00028000 08:02 271616                     /tmp/javacpp23912243220716/libtbb.so
7f0f37ffa000-7f0f37ffb000 rw-p 0002a000 08:02 271616                     /tmp/javacpp23912243220716/libtbb.so
7f0f38000000-7f0f3805a000 rw-p 00000000 00:00 0 
7f0f3805a000-7f0f3c000000 ---p 00000000 00:00 0 
7f0f3c000000-7f0f3c001000 r--s 00000000 08:02 2753289                    /var/cache/fontconfig/4794a0821666d79190d59a36cb4f44b5-le64.cache-4
7f0f3c008000-7f0f3c009000 r--s 00000000 08:02 2756959                    /var/cache/fontconfig/56cf4f4769d0f4abc89a4895d7bd3ae1-le64.cache-4
7f0f3c010000-7f0f3c011000 r--s 00000000 08:02 2756958                    /var/cache/fontconfig/b9d506c9ac06c20b433354fa67a72993-le64.cache-4
7f0f3c018000-7f0f3c01e000 r--s 00000000 08:02 2756957                    /var/cache/fontconfig/b47c4e1ecd0709278f4910c18777a504-le64.cache-4
7f0f3c020000-7f0f3c033000 r--s 00000000 08:02 2756956                    /var/cache/fontconfig/d52a8644073d54c13679302ca1180695-le64.cache-4
7f0f3c038000-7f0f3c041000 r--s 00000000 08:02 2754543                    /var/cache/fontconfig/3f7329c5293ffd510edef78f73874cfd-le64.cache-4
7f0f3c048000-7f0f3c053000 r--s 00000000 08:02 2756954                    /var/cache/fontconfig/d589a48862398ed80a3d6066f4f56f4c-le64.cache-4
7f0f3c057000-7f0f3c05a000 ---p 00000000 00:00 0 
7f0f3c05a000-7f0f3c158000 rw-p 00000000 00:00 0                          [stack:17883]
7f0f3c158000-7f0f3c17e000 r-xp 00000000 08:02 271615                     /tmp/javacpp23912243220716/libjnifreenect.so
7f0f3c17e000-7f0f3c37d000 ---p 00026000 08:02 271615                     /tmp/javacpp23912243220716/libjnifreenect.so
7f0f3c37d000-7f0f3c37e000 r--p 00025000 08:02 271615                     /tmp/javacpp23912243220716/libjnifreenect.so
7f0f3c37e000-7f0f3c37f000 rw-p 00026000 08:02 271615                     /tmp/javacpp23912243220716/libjnifreenect.so
7f0f3c380000-7f0f3c383000 r-xp 00000000 08:02 271614                     /tmp/javacpp23912243220716/libfreenect_sync.so
7f0f3c383000-7f0f3c582000 ---p 00003000 08:02 271614                     /tmp/javacpp23912243220716/libfreenect_sync.so
7f0f3c582000-7f0f3c583000 r--p 00002000 08:02 271614                     /tmp/javacpp23912243220716/libfreenect_sync.so
7f0f3c583000-7f0f3c584000 rw-p 00003000 08:02 271614                     /tmp/javacpp23912243220716/libfreenect_sync.so
7f0f3c588000-7f0f3c596000 r-xp 00000000 08:02 271613                     /tmp/javacpp23912243220716/libfreenect.so
7f0f3c596000-7f0f3c795000 ---p 0000e000 08:02 271613                     /tmp/javacpp23912243220716/libfreenect.so
7f0f3c795000-7f0f3c796000 r--p 0000d000 08:02 271613                     /tmp/javacpp23912243220716/libfreenect.so
7f0f3c796000-7f0f3c797000 rw-p 0000e000 08:02 271613                     /tmp/javacpp23912243220716/libfreenect.so
7f0f3c797000-7f0f3c798000 ---p 00000000 00:00 0 
7f0f3c798000-7f0f3cf98000 rw-p 00000000 00:00 0 
7f0f3cf98000-7f0f3cfea000 r-xp 00000000 08:02 271612                     /tmp/javacpp23912243220716/libjnidc1394.so
7f0f3cfea000-7f0f3d1e9000 ---p 00052000 08:02 271612                     /tmp/javacpp23912243220716/libjnidc1394.so
7f0f3d1e9000-7f0f3d1ea000 r--p 00051000 08:02 271612                     /tmp/javacpp23912243220716/libjnidc1394.so
7f0f3d1ea000-7f0f3d1eb000 rw-p 00052000 08:02 271612                     /tmp/javacpp23912243220716/libjnidc1394.so
7f0f3d1f0000-7f0f3d1f8000 r-xp 00000000 08:02 1445949                    /lib/x86_64-linux-gnu/libnih-dbus.so.1.0.0
7f0f3d1f8000-7f0f3d3f8000 ---p 00008000 08:02 1445949                    /lib/x86_64-linux-gnu/libnih-dbus.so.1.0.0
7f0f3d3f8000-7f0f3d3f9000 r--p 00008000 08:02 1445949                    /lib/x86_64-linux-gnu/libnih-dbus.so.1.0.0
7f0f3d3f9000-7f0f3d3fa000 rw-p 00009000 08:02 1445949                    /lib/x86_64-linux-gnu/libnih-dbus.so.1.0.0
7f0f3d400000-7f0f3d417000 r-xp 00000000 08:02 1445951                    /lib/x86_64-linux-gnu/libnih.so.1.0.0
7f0f3d417000-7f0f3d616000 ---p 00017000 08:02 1445951                    /lib/x86_64-linux-gnu/libnih.so.1.0.0
7f0f3d616000-7f0f3d617000 r--p 00016000 08:02 1445951                    /lib/x86_64-linux-gnu/libnih.so.1.0.0
7f0f3d617000-7f0f3d618000 rw-p 00017000 08:02 1445951                    /lib/x86_64-linux-gnu/libnih.so.1.0.0
7f0f3d618000-7f0f3d631000 r-xp 00000000 08:02 1444015                    /lib/x86_64-linux-gnu/libcgmanager.so.0.0.0
7f0f3d631000-7f0f3d830000 ---p 00019000 08:02 1444015                    /lib/x86_64-linux-gnu/libcgmanager.so.0.0.0
7f0f3d830000-7f0f3d832000 r--p 00018000 08:02 1444015                    /lib/x86_64-linux-gnu/libcgmanager.so.0.0.0
7f0f3d832000-7f0f3d833000 rw-p 0001a000 08:02 1444015                    /lib/x86_64-linux-gnu/libcgmanager.so.0.0.0
7f0f3d838000-7f0f3d848000 r-xp 00000000 08:02 1442754                    /lib/x86_64-linux-gnu/libudev.so.1.3.5
7f0f3d848000-7f0f3da47000 ---p 00010000 08:02 1442754                    /lib/x86_64-linux-gnu/libudev.so.1.3.5
7f0f3da47000-7f0f3da48000 r--p 0000f000 08:02 1442754                    /lib/x86_64-linux-gnu/libudev.so.1.3.5
7f0f3da48000-7f0f3da49000 rw-p 00010000 08:02 1442754                    /lib/x86_64-linux-gnu/libudev.so.1.3.5
7f0f3da50000-7f0f3da65000 r-xp 00000000 08:02 1446041                    /lib/x86_64-linux-gnu/libusb-1.0.so.0.1.0
7f0f3da65000-7f0f3dc65000 ---p 00015000 08:02 1446041                    /lib/x86_64-linux-gnu/libusb-1.0.so.0.1.0
7f0f3dc65000-7f0f3dc66000 r--p 00015000 08:02 1446041                    /lib/x86_64-linux-gnu/libusb-1.0.so.0.1.0
7f0f3dc66000-7f0f3dc67000 rw-p 00016000 08:02 1446041                    /lib/x86_64-linux-gnu/libusb-1.0.so.0.1.0
7f0f3dc68000-7f0f3dc75000 r-xp 00000000 08:02 1188844                    /usr/lib/x86_64-linux-gnu/libraw1394.so.11.1.0
7f0f3dc75000-7f0f3de74000 ---p 0000d000 08:02 1188844                    /usr/lib/x86_64-linux-gnu/libraw1394.so.11.1.0
7f0f3de74000-7f0f3de75000 r--p 0000c000 08:02 1188844                    /usr/lib/x86_64-linux-gnu/libraw1394.so.11.1.0
7f0f3de75000-7f0f3de76000 rw-p 0000d000 08:02 1188844                    /usr/lib/x86_64-linux-gnu/libraw1394.so.11.1.0
7f0f3de78000-7f0f3de7b000 r--s 00000000 08:02 2756942                    /var/cache/fontconfig/e13b20fdb08344e0e664864cc2ede53d-le64.cache-4
7f0f3de80000-7f0f3de98000 r--s 00000000 08:02 2362907                    /usr/share/fonts/type1/gsfonts/n022003l.pfb
7f0f3de98000-7f0f3decb000 r-xp 00000000 08:02 271611                     /tmp/javacpp23912243220716/libdc1394.so.22
7f0f3decb000-7f0f3e0cb000 ---p 00033000 08:02 271611                     /tmp/javacpp23912243220716/libdc1394.so.22
7f0f3e0cb000-7f0f3e0cc000 r--p 00033000 08:02 271611                     /tmp/javacpp23912243220716/libdc1394.so.22
7f0f3e0cc000-7f0f3e0cd000 rw-p 00034000 08:02 271611                     /tmp/javacpp23912243220716/libdc1394.so.22
7f0f3e0cd000-7f0f3e10d000 rw-p 00000000 00:00 0 
7f0f3e10f000-7f0f3e140000 rw-p 00000000 00:00 0 
7f0f3e140000-7f0f3e157000 r-xp 00000000 08:02 1317766                    /usr/lib/jvm/java-7-openjdk-amd64/jre/lib/amd64/libnet.so
7f0f3e157000-7f0f3e356000 ---p 00017000 08:02 1317766                    /usr/lib/jvm/java-7-openjdk-amd64/jre/lib/amd64/libnet.so
7f0f3e356000-7f0f3e357000 r--p 00016000 08:02 1317766                    /usr/lib/jvm/java-7-openjdk-amd64/jre/lib/amd64/libnet.so
7f0f3e357000-7f0f3e358000 rw-p 00017000 08:02 1317766                    /usr/lib/jvm/java-7-openjdk-amd64/jre/lib/amd64/libnet.so
7f0f3e358000-7f0f3e368000 r-xp 00000000 08:02 1317771                    /usr/lib/jvm/java-7-openjdk-amd64/jre/lib/amd64/libnio.so
7f0f3e368000-7f0f3e568000 ---p 00010000 08:02 1317771                    /usr/lib/jvm/java-7-openjdk-amd64/jre/lib/amd64/libnio.so
7f0f3e568000-7f0f3e569000 r--p 00010000 08:02 1317771                    /usr/lib/jvm/java-7-openjdk-amd64/jre/lib/amd64/libnio.so
7f0f3e569000-7f0f3e56a000 rw-p 00011000 08:02 1317771                    /usr/lib/jvm/java-7-openjdk-amd64/jre/lib/amd64/libnio.so
7f0f3e56f000-7f0f3e572000 ---p 00000000 00:00 0 
7f0f3e572000-7f0f3e670000 rw-p 00000000 00:00 0 
7f0f3e670000-7f0f3e675000 r-xp 00000000 08:02 1185797                    /usr/lib/x86_64-linux-gnu/libXfixes.so.3.1.0
7f0f3e675000-7f0f3e874000 ---p 00005000 08:02 1185797                    /usr/lib/x86_64-linux-gnu/libXfixes.so.3.1.0
7f0f3e874000-7f0f3e875000 r--p 00004000 08:02 1185797                    /usr/lib/x86_64-linux-gnu/libXfixes.so.3.1.0
7f0f3e875000-7f0f3e876000 rw-p 00005000 08:02 1185797                    /usr/lib/x86_64-linux-gnu/libXfixes.so.3.1.0
7f0f3e878000-7f0f3e881000 r-xp 00000000 08:02 1187924                    /usr/lib/x86_64-linux-gnu/libXcursor.so.1.0.2
7f0f3e881000-7f0f3ea80000 ---p 00009000 08:02 1187924                    /usr/lib/x86_64-linux-gnu/libXcursor.so.1.0.2
7f0f3ea80000-7f0f3ea81000 r--p 00008000 08:02 1187924                    /usr/lib/x86_64-linux-gnu/libXcursor.so.1.0.2
7f0f3ea81000-7f0f3ea82000 rw-p 00009000 08:02 1187924                    /usr/lib/x86_64-linux-gnu/libXcursor.so.1.0.2
7f0f3ea88000-7f0f3ea8c000 r-xp 00000000 08:02 1445919                    /lib/x86_64-linux-gnu/libgpg-error.so.0.10.0
7f0f3ea8c000-7f0f3ec8b000 ---p 00004000 08:02 1445919                    /lib/x86_64-linux-gnu/libgpg-error.so.0.10.0
7f0f3ec8b000-7f0f3ec8c000 r--p 00003000 08:02 1445919                    /lib/x86_64-linux-gnu/libgpg-error.so.0.10.0
7f0f3ec8c000-7f0f3ec8d000 rw-p 00004000 08:02 1445919                    /lib/x86_64-linux-gnu/libgpg-error.so.0.10.0
7f0f3ec90000-7f0f3ec92000 r-xp 00000000 08:02 1445929                    /lib/x86_64-linux-gnu/libkeyutils.so.1.4
7f0f3ec92000-7f0f3ee92000 ---p 00002000 08:02 1445929                    /lib/x86_64-linux-gnu/libkeyutils.so.1.4
7f0f3ee92000-7f0f3ee93000 r--p 00002000 08:02 1445929                    /lib/x86_64-linux-gnu/libkeyutils.so.1.4
7f0f3ee93000-7f0f3ee94000 rw-p 00003000 08:02 1445929                    /lib/x86_64-linux-gnu/libkeyutils.so.1.4
7f0f3ee98000-7f0f3eed5000 r-xp 00000000 08:02 1445990                    /lib/x86_64-linux-gnu/libpcre.so.3.13.1
7f0f3eed5000-7f0f3f0d4000 ---p 0003d000 08:02 1445990                    /lib/x86_64-linux-gnu/libpcre.so.3.13.1
7f0f3f0d4000-7f0f3f0d5000 r--p 0003c000 08:02 1445990                    /lib/x86_64-linux-gnu/libpcre.so.3.13.1
7f0f3f0d5000-7f0f3f0d6000 rw-p 0003d000 08:02 1445990                    /lib/x86_64-linux-gnu/libpcre.so.3.13.1
7f0f3f0d8000-7f0f3f0fd000 r-xp 00000000 08:02 1446002                    /lib/x86_64-linux-gnu/libpng12.so.0.50.0
7f0f3f0fd000-7f0f3f2fc000 ---p 00025000 08:02 1446002                    /lib/x86_64-linux-gnu/libpng12.so.0.50.0
7f0f3f2fc000-7f0f3f2fd000 r--p 00024000 08:02 1446002                    /lib/x86_64-linux-gnu/libpng12.so.0.50.0
7f0f3f2fd000-7f0f3f2fe000 rw-p 00025000 08:02 1446002                    /lib/x86_64-linux-gnu/libpng12.so.0.50.0
7f0f3f300000-7f0f3f344000 r-xp 00000000 08:02 1444769                    /lib/x86_64-linux-gnu/libdbus-1.so.3.7.6
7f0f3f344000-7f0f3f543000 ---p 00044000 08:02 1444769                    /lib/x86_64-linux-gnu/libdbus-1.so.3.7.6
7f0f3f543000-7f0f3f544000 r--p 00043000 08:02 1444769                    /lib/x86_64-linux-gnu/libdbus-1.so.3.7.6
7f0f3f544000-7f0f3f545000 rw-p 00044000 08:02 1444769                    /lib/x86_64-linux-gnu/libdbus-1.so.3.7.6
7f0f3f548000-7f0f3f583000 r-xp 00000000 08:02 1188762                    /usr/lib/x86_64-linux-gnu/libp11-kit.so.0.0.0
7f0f3f583000-7f0f3f782000 ---p 0003b000 08:02 1188762                    /usr/lib/x86_64-linux-gnu/libp11-kit.so.0.0.0
7f0f3f782000-7f0f3f788000 r--p 0003a000 08:02 1188762                    /usr/lib/x86_64-linux-gnu/libp11-kit.so.0.0.0
7f0f3f788000-7f0f3f78a000 rw-p 00040000 08:02 1188762                    /usr/lib/x86_64-linux-gnu/libp11-kit.so.0.0.0
7f0f3f790000-7f0f3f7a2000 r-xp 00000000 08:02 1190002                    /usr/lib/x86_64-linux-gnu/libtasn1.so.6.2.0
7f0f3f7a2000-7f0f3f9a2000 ---p 00012000 08:02 1190002                    /usr/lib/x86_64-linux-gnu/libtasn1.so.6.2.0
7f0f3f9a2000-7f0f3f9a3000 r--p 00012000 08:02 1190002                    /usr/lib/x86_64-linux-gnu/libtasn1.so.6.2.0
7f0f3f9a3000-7f0f3f9a4000 rw-p 00013000 08:02 1190002                    /usr/lib/x86_64-linux-gnu/libtasn1.so.6.2.0
7f0f3f9a8000-7f0f3fa24000 r-xp 00000000 08:02 1443002                    /lib/x86_64-linux-gnu/libgcrypt.so.11.8.2
7f0f3fa24000-7f0f3fc24000 ---p 0007c000 08:02 1443002                    /lib/x86_64-linux-gnu/libgcrypt.so.11.8.2
7f0f3fc24000-7f0f3fc25000 r--p 0007c000 08:02 1443002                    /lib/x86_64-linux-gnu/libgcrypt.so.11.8.2
7f0f3fc25000-7f0f3fc28000 rw-p 0007d000 08:02 1443002                    /lib/x86_64-linux-gnu/libgcrypt.so.11.8.2
7f0f3fc28000-7f0f3fc32000 r-xp 00000000 08:02 1185597                    /usr/lib/x86_64-linux-gnu/libkrb5support.so.0.1
7f0f3fc32000-7f0f3fe31000 ---p 0000a000 08:02 1185597                    /usr/lib/x86_64-linux-gnu/libkrb5support.so.0.1
7f0f3fe31000-7f0f3fe32000 r--p 00009000 08:02 1185597                    /usr/lib/x86_64-linux-gnu/libkrb5support.so.0.1
7f0f3fe32000-7f0f3fe33000 rw-p 0000a000 08:02 1185597                    /usr/lib/x86_64-linux-gnu/libkrb5support.so.0.1
7f0f3fe38000-7f0f3fe3b000 r-xp 00000000 08:02 1444828                    /lib/x86_64-linux-gnu/libcom_err.so.2.1
7f0f3fe3b000-7f0f4003a000 ---p 00003000 08:02 1444828                    /lib/x86_64-linux-gnu/libcom_err.so.2.1
7f0f4003a000-7f0f4003b000 r--p 00002000 08:02 1444828                    /lib/x86_64-linux-gnu/libcom_err.so.2.1
7f0f4003b000-7f0f4003c000 rw-p 00003000 08:02 1444828                    /lib/x86_64-linux-gnu/libcom_err.so.2.1
7f0f40040000-7f0f4006c000 r-xp 00000000 08:02 1180183                    /usr/lib/x86_64-linux-gnu/libk5crypto.so.3.1
7f0f4006c000-7f0f4026b000 ---p 0002c000 08:02 1180183                    /usr/lib/x86_64-linux-gnu/libk5crypto.so.3.1
7f0f4026b000-7f0f4026d000 r--p 0002b000 08:02 1180183                    /usr/lib/x86_64-linux-gnu/libk5crypto.so.3.1
7f0f4026d000-7f0f4026e000 rw-p 0002d000 08:02 1180183                    /usr/lib/x86_64-linux-gnu/libk5crypto.so.3.1
7f0f4026e000-7f0f4026f000 rw-p 00000000 00:00 0 
7f0f40270000-7f0f4032c000 r-xp 00000000 08:02 1185595                    /usr/lib/x86_64-linux-gnu/libkrb5.so.3.3
7f0f4032c000-7f0f4052c000 ---p 000bc000 08:02 1185595                    /usr/lib/x86_64-linux-gnu/libkrb5.so.3.3
7f0f4052c000-7f0f40539000 r--p 000bc000 08:02 1185595                    /usr/lib/x86_64-linux-gnu/libkrb5.so.3.3
7f0f40539000-7f0f4053b000 rw-p 000c9000 08:02 1185595                    /usr/lib/x86_64-linux-gnu/libkrb5.so.3.3
7f0f40540000-7f0f40545000 r-xp 00000000 08:02 1187928                    /usr/lib/x86_64-linux-gnu/libXdmcp.so.6.0.0
7f0f40545000-7f0f40744000 ---p 00005000 08:02 1187928                    /usr/lib/x86_64-linux-gnu/libXdmcp.so.6.0.0
7f0f40744000-7f0f40745000 r--p 00004000 08:02 1187928                    /usr/lib/x86_64-linux-gnu/libXdmcp.so.6.0.0
7f0f40745000-7f0f40746000 rw-p 00005000 08:02 1187928                    /usr/lib/x86_64-linux-gnu/libXdmcp.so.6.0.0
7f0f40748000-7f0f4074a000 r-xp 00000000 08:02 1187917                    /usr/lib/x86_64-linux-gnu/libXau.so.6.0.0
7f0f4074a000-7f0f4094a000 ---p 00002000 08:02 1187917                    /usr/lib/x86_64-linux-gnu/libXau.so.6.0.0
7f0f4094a000-7f0f4094b000 r--p 00002000 08:02 1187917                    /usr/lib/x86_64-linux-gnu/libXau.so.6.0.0
7f0f4094b000-7f0f4094c000 rw-p 00003000 08:02 1187917                    /usr/lib/x86_64-linux-gnu/libXau.so.6.0.0
7f0f40950000-7f0f40957000 r-xp 00000000 08:02 1188226                    /usr/lib/x86_64-linux-gnu/libffi.so.6.0.1
7f0f40957000-7f0f40b56000 ---p 00007000 08:02 1188226                    /usr/lib/x86_64-linux-gnu/libffi.so.6.0.1
7f0f40b56000-7f0f40b57000 r--p 00006000 08:02 1188226                    /usr/lib/x86_64-linux-gnu/libffi.so.6.0.1
7f0f40b57000-7f0f40b58000 rw-p 00007000 08:02 1188226                    /usr/lib/x86_64-linux-gnu/libffi.so.6.0.1
7f0f40b58000-7f0f40b6f000 r-xp 00000000 08:02 1441817                    /lib/x86_64-linux-gnu/libresolv-2.19.so
7f0f40b6f000-7f0f40d6f000 ---p 00017000 08:02 1441817                    /lib/x86_64-linux-gnu/libresolv-2.19.so
7f0f40d6f000-7f0f40d70000 r--p 00017000 08:02 1441817                    /lib/x86_64-linux-gnu/libresolv-2.19.so
7f0f40d70000-7f0f40d71000 rw-p 00018000 08:02 1441817                    /lib/x86_64-linux-gnu/libresolv-2.19.so
7f0f40d71000-7f0f40d73000 rw-p 00000000 00:00 0 
7f0f40d78000-7f0f40d98000 r-xp 00000000 08:02 1441806                    /lib/x86_64-linux-gnu/libselinux.so.1
7f0f40d98000-7f0f40f97000 ---p 00020000 08:02 1441806                    /lib/x86_64-linux-gnu/libselinux.so.1
7f0f40f97000-7f0f40f98000 r--p 0001f000 08:02 1441806                    /lib/x86_64-linux-gnu/libselinux.so.1
7f0f40f98000-7f0f40f99000 rw-p 00020000 08:02 1441806                    /lib/x86_64-linux-gnu/libselinux.so.1
7f0f40f99000-7f0f40f9b000 rw-p 00000000 00:00 0 
7f0f40fa0000-7f0f410a6000 r-xp 00000000 08:02 1443043                    /lib/x86_64-linux-gnu/libglib-2.0.so.0.4002.0
7f0f410a6000-7f0f412a5000 ---p 00106000 08:02 1443043                    /lib/x86_64-linux-gnu/libglib-2.0.so.0.4002.0
7f0f412a5000-7f0f412a6000 r--p 00105000 08:02 1443043                    /lib/x86_64-linux-gnu/libglib-2.0.so.0.4002.0
7f0f412a6000-7f0f412a7000 rw-p 00106000 08:02 1443043                    /lib/x86_64-linux-gnu/libglib-2.0.so.0.4002.0
7f0f412a7000-7f0f412a8000 rw-p 00000000 00:00 0 
7f0f412a8000-7f0f412ab000 r-xp 00000000 08:02 1181655                    /usr/lib/x86_64-linux-gnu/libgmodule-2.0.so.0.4002.0
7f0f412ab000-7f0f414aa000 ---p 00003000 08:02 1181655                    /usr/lib/x86_64-linux-gnu/libgmodule-2.0.so.0.4002.0
7f0f414aa000-7f0f414ab000 r--p 00002000 08:02 1181655                    /usr/lib/x86_64-linux-gnu/libgmodule-2.0.so.0.4002.0
7f0f414ab000-7f0f414ac000 rw-p 00003000 08:02 1181655                    /usr/lib/x86_64-linux-gnu/libgmodule-2.0.so.0.4002.0
7f0f414b0000-7f0f414d7000 r-xp 00000000 08:02 1445908                    /lib/x86_64-linux-gnu/libexpat.so.1.6.0
7f0f414d7000-7f0f416d7000 ---p 00027000 08:02 1445908                    /lib/x86_64-linux-gnu/libexpat.so.1.6.0
7f0f416d7000-7f0f416d9000 r--p 00027000 08:02 1445908                    /lib/x86_64-linux-gnu/libexpat.so.1.6.0
7f0f416d9000-7f0f416da000 rw-p 00029000 08:02 1445908                    /lib/x86_64-linux-gnu/libexpat.so.1.6.0
7f0f416e0000-7f0f4177d000 r-xp 00000000 08:02 1180395                    /usr/lib/x86_64-linux-gnu/libfreetype.so.6.11.1
7f0f4177d000-7f0f4197c000 ---p 0009d000 08:02 1180395                    /usr/lib/x86_64-linux-gnu/libfreetype.so.6.11.1
7f0f4197c000-7f0f41982000 r--p 0009c000 08:02 1180395                    /usr/lib/x86_64-linux-gnu/libfreetype.so.6.11.1
7f0f41982000-7f0f41983000 rw-p 000a2000 08:02 1180395                    /usr/lib/x86_64-linux-gnu/libfreetype.so.6.11.1
7f0f41988000-7f0f41997000 r-xp 00000000 08:02 1188021                    /usr/lib/x86_64-linux-gnu/libavahi-client.so.3.2.9
7f0f41997000-7f0f41b97000 ---p 0000f000 08:02 1188021                    /usr/lib/x86_64-linux-gnu/libavahi-client.so.3.2.9
7f0f41b97000-7f0f41b98000 r--p 0000f000 08:02 1188021                    /usr/lib/x86_64-linux-gnu/libavahi-client.so.3.2.9
7f0f41b98000-7f0f41b99000 rw-p 00010000 08:02 1188021                    /usr/lib/x86_64-linux-gnu/libavahi-client.so.3.2.9
7f0f41ba0000-7f0f41bab000 r-xp 00000000 08:02 1188023                    /usr/lib/x86_64-linux-gnu/libavahi-common.so.3.5.3
7f0f41bab000-7f0f41daa000 ---p 0000b000 08:02 1188023                    /usr/lib/x86_64-linux-gnu/libavahi-common.so.3.5.3
7f0f41daa000-7f0f41dab000 r--p 0000a000 08:02 1188023                    /usr/lib/x86_64-linux-gnu/libavahi-common.so.3.5.3
7f0f41dab000-7f0f41dac000 rw-p 0000b000 08:02 1188023                    /usr/lib/x86_64-linux-gnu/libavahi-common.so.3.5.3
7f0f41db0000-7f0f41e66000 r-xp 00000000 08:02 1183583                    /usr/lib/x86_64-linux-gnu/libgnutls.so.26.22.6
7f0f41e66000-7f0f42066000 ---p 000b6000 08:02 1183583                    /usr/lib/x86_64-linux-gnu/libgnutls.so.26.22.6
7f0f42066000-7f0f4206c000 r--p 000b6000 08:02 1183583                    /usr/lib/x86_64-linux-gnu/libgnutls.so.26.22.6
7f0f4206c000-7f0f4206d000 rw-p 000bc000 08:02 1183583                    /usr/lib/x86_64-linux-gnu/libgnutls.so.26.22.6
7f0f4206d000-7f0f4206e000 rw-p 00000000 00:00 0 
7f0f42070000-7f0f420b3000 r-xp 00000000 08:02 1182323                    /usr/lib/x86_64-linux-gnu/libgssapi_krb5.so.2.2
7f0f420b3000-7f0f422b3000 ---p 00043000 08:02 1182323                    /usr/lib/x86_64-linux-gnu/libgssapi_krb5.so.2.2
7f0f422b3000-7f0f422b4000 r--p 00043000 08:02 1182323                    /usr/lib/x86_64-linux-gnu/libgssapi_krb5.so.2.2
7f0f422b4000-7f0f422b6000 rw-p 00044000 08:02 1182323                    /usr/lib/x86_64-linux-gnu/libgssapi_krb5.so.2.2
7f0f422b8000-7f0f422d5000 r-xp 00000000 08:02 1189092                    /usr/lib/x86_64-linux-gnu/libxcb.so.1.1.0
7f0f422d5000-7f0f424d5000 ---p 0001d000 08:02 1189092                    /usr/lib/x86_64-linux-gnu/libxcb.so.1.1.0
7f0f424d5000-7f0f424d6000 r--p 0001d000 08:02 1189092                    /usr/lib/x86_64-linux-gnu/libxcb.so.1.1.0
7f0f424d6000-7f0f424d7000 rw-p 0001e000 08:02 1189092                    /usr/lib/x86_64-linux-gnu/libxcb.so.1.1.0
7f0f424d8000-7f0f42527000 r-xp 00000000 08:02 1181657                    /usr/lib/x86_64-linux-gnu/libgobject-2.0.so.0.4002.0
7f0f42527000-7f0f42727000 ---p 0004f000 08:02 1181657                    /usr/lib/x86_64-linux-gnu/libgobject-2.0.so.0.4002.0
7f0f42727000-7f0f42728000 r--p 0004f000 08:02 1181657                    /usr/lib/x86_64-linux-gnu/libgobject-2.0.so.0.4002.0
7f0f42728000-7f0f42729000 rw-p 00050000 08:02 1181657                    /usr/lib/x86_64-linux-gnu/libgobject-2.0.so.0.4002.0
7f0f42730000-7f0f4289c000 r-xp 00000000 08:02 1181661                    /usr/lib/x86_64-linux-gnu/libgio-2.0.so.0.4002.0
7f0f4289c000-7f0f42a9b000 ---p 0016c000 08:02 1181661                    /usr/lib/x86_64-linux-gnu/libgio-2.0.so.0.4002.0
7f0f42a9b000-7f0f42a9f000 r--p 0016b000 08:02 1181661                    /usr/lib/x86_64-linux-gnu/libgio-2.0.so.0.4002.0
7f0f42a9f000-7f0f42aa1000 rw-p 0016f000 08:02 1181661                    /usr/lib/x86_64-linux-gnu/libgio-2.0.so.0.4002.0
7f0f42aa1000-7f0f42aa3000 rw-p 00000000 00:00 0 
7f0f42aa8000-7f0f42ae2000 r-xp 00000000 08:02 1196543                    /usr/lib/x86_64-linux-gnu/libfontconfig.so.1.8.0
7f0f42ae2000-7f0f42ce1000 ---p 0003a000 08:02 1196543                    /usr/lib/x86_64-linux-gnu/libfontconfig.so.1.8.0
7f0f42ce1000-7f0f42ce3000 r--p 00039000 08:02 1196543                    /usr/lib/x86_64-linux-gnu/libfontconfig.so.1.8.0
7f0f42ce3000-7f0f42ce4000 rw-p 0003b000 08:02 1196543                    /usr/lib/x86_64-linux-gnu/libfontconfig.so.1.8.0
7f0f42ce8000-7f0f42d54000 r-xp 00000000 08:02 1180391                    /usr/lib/x86_64-linux-gnu/libcups.so.2
7f0f42d54000-7f0f42f54000 ---p 0006c000 08:02 1180391                    /usr/lib/x86_64-linux-gnu/libcups.so.2
7f0f42f54000-7f0f42f5b000 r--p 0006c000 08:02 1180391                    /usr/lib/x86_64-linux-gnu/libcups.so.2
7f0f42f5b000-7f0f42f5c000 rw-p 00073000 08:02 1180391                    /usr/lib/x86_64-linux-gnu/libcups.so.2
7f0f42f60000-7f0f42f6f000 r-xp 00000000 08:02 1188440                    /usr/lib/x86_64-linux-gnu/libXi.so.6.1.0
7f0f42f6f000-7f0f4316e000 ---p 0000f000 08:02 1188440                    /usr/lib/x86_64-linux-gnu/libXi.so.6.1.0
7f0f4316e000-7f0f4316f000 r--p 0000e000 08:02 1188440                    /usr/lib/x86_64-linux-gnu/libXi.so.6.1.0
7f0f4316f000-7f0f43170000 rw-p 0000f000 08:02 1188440                    /usr/lib/x86_64-linux-gnu/libXi.so.6.1.0
7f0f43170000-7f0f43175000 r-xp 00000000 08:02 1187956                    /usr/lib/x86_64-linux-gnu/libXtst.so.6.1.0
7f0f43175000-7f0f43374000 ---p 00005000 08:02 1187956                    /usr/lib/x86_64-linux-gnu/libXtst.so.6.1.0
7f0f43374000-7f0f43375000 r--p 00004000 08:02 1187956                    /usr/lib/x86_64-linux-gnu/libXtst.so.6.1.0
7f0f43375000-7f0f43376000 rw-p 00005000 08:02 1187956                    /usr/lib/x86_64-linux-gnu/libXtst.so.6.1.0
7f0f43378000-7f0f43381000 r-xp 00000000 08:02 1190129                    /usr/lib/x86_64-linux-gnu/libXrender.so.1.3.0
7f0f43381000-7f0f43580000 ---p 00009000 08:02 1190129                    /usr/lib/x86_64-linux-gnu/libXrender.so.1.3.0
7f0f43580000-7f0f43581000 r--p 00008000 08:02 1190129                    /usr/lib/x86_64-linux-gnu/libXrender.so.1.3.0
7f0f43581000-7f0f43582000 rw-p 00009000 08:02 1190129                    /usr/lib/x86_64-linux-gnu/libXrender.so.1.3.0
7f0f43588000-7f0f436b8000 r-xp 00000000 08:02 1187913                    /usr/lib/x86_64-linux-gnu/libX11.so.6.3.0
7f0f436b8000-7f0f438b8000 ---p 00130000 08:02 1187913                    /usr/lib/x86_64-linux-gnu/libX11.so.6.3.0
7f0f438b8000-7f0f438b9000 r--p 00130000 08:02 1187913                    /usr/lib/x86_64-linux-gnu/libX11.so.6.3.0
7f0f438b9000-7f0f438bd000 rw-p 00131000 08:02 1187913                    /usr/lib/x86_64-linux-gnu/libX11.so.6.3.0
7f0f438c0000-7f0f438d1000 r-xp 00000000 08:02 1190118                    /usr/lib/x86_64-linux-gnu/libXext.so.6.4.0
7f0f438d1000-7f0f43ad0000 ---p 00011000 08:02 1190118                    /usr/lib/x86_64-linux-gnu/libXext.so.6.4.0
7f0f43ad0000-7f0f43ad1000 r--p 00010000 08:02 1190118                    /usr/lib/x86_64-linux-gnu/libXext.so.6.4.0
7f0f43ad1000-7f0f43ad2000 rw-p 00011000 08:02 1190118                    /usr/lib/x86_64-linux-gnu/libXext.so.6.4.0
7f0f43ad8000-7f0f43b20000 r-xp 00000000 08:02 1311229                    /usr/lib/jvm/java-7-openjdk-amd64/jre/lib/amd64/xawt/libmawt.so
7f0f43b20000-7f0f43d1f000 ---p 00048000 08:02 1311229                    /usr/lib/jvm/java-7-openjdk-amd64/jre/lib/amd64/xawt/libmawt.so
7f0f43d1f000-7f0f43d20000 r--p 00047000 08:02 1311229                    /usr/lib/jvm/java-7-openjdk-amd64/jre/lib/amd64/xawt/libmawt.so
7f0f43d20000-7f0f43d23000 rw-p 00048000 08:02 1311229                    /usr/lib/jvm/java-7-openjdk-amd64/jre/lib/amd64/xawt/libmawt.so
7f0f43d23000-7f0f43d24000 rw-p 00000000 00:00 0 
7f0f43d28000-7f0f43dc8000 r-xp 00000000 08:02 1317752                    /usr/lib/jvm/java-7-openjdk-amd64/jre/lib/amd64/libawt.so
7f0f43dc8000-7f0f43fc8000 ---p 000a0000 08:02 1317752                    /usr/lib/jvm/java-7-openjdk-amd64/jre/lib/amd64/libawt.so
7f0f43fc8000-7f0f43fc9000 r--p 000a0000 08:02 1317752                    /usr/lib/jvm/java-7-openjdk-amd64/jre/lib/amd64/libawt.so
7f0f43fc9000-7f0f43fd4000 rw-p 000a1000 08:02 1317752                    /usr/lib/jvm/java-7-openjdk-amd64/jre/lib/amd64/libawt.so
7f0f43fd4000-7f0f43ff9000 rw-p 00000000 00:00 0 
7f0f44000000-7f0f44305000 rw-p 00000000 00:00 0 
7f0f44305000-7f0f48000000 ---p 00000000 00:00 0 
7f0f48000000-7f0f48021000 rw-p 00000000 00:00 0 
7f0f48021000-7f0f4c000000 ---p 00000000 00:00 0 
7f0f4c000000-7f0f4cc2f000 rw-p 00000000 00:00 0 
7f0f4cc2f000-7f0f50000000 ---p 00000000 00:00 0 
7f0f50000000-7f0f506bd000 rw-p 00000000 00:00 0 
7f0f506bd000-7f0f54000000 ---p 00000000 00:00 0 
7f0f54000000-7f0f54043000 rw-p 00000000 00:00 0 
7f0f54043000-7f0f58000000 ---p 00000000 00:00 0 
7f0f58000000-7f0f580fa000 rw-p 00000000 00:00 0 
7f0f580fa000-7f0f5c000000 ---p 00000000 00:00 0 
7f0f5c000000-7f0f5c078000 rw-p 00000000 00:00 0 
7f0f5c078000-7f0f60000000 ---p 00000000 00:00 0 
7f0f60000000-7f0f6005d000 rw-p 00000000 00:00 0 
7f0f6005d000-7f0f64000000 ---p 00000000 00:00 0 
7f0f64000000-7f0f64021000 rw-p 00000000 00:00 0 
7f0f64021000-7f0f68000000 ---p 00000000 00:00 0 
7f0f68000000-7f0f68021000 rw-p 00000000 00:00 0 
7f0f68021000-7f0f6c000000 ---p 00000000 00:00 0 
7f0f6c000000-7f0f6c08a000 rw-p 00000000 00:00 0 
7f0f6c08a000-7f0f70000000 ---p 00000000 00:00 0 
7f0f70000000-7f0f70021000 rw-p 00000000 00:00 0 
7f0f70021000-7f0f74000000 ---p 00000000 00:00 0 
7f0f74000000-7f0f74016000 r--s 00000000 08:02 2362916                    /usr/share/fonts/type1/gsfonts/n022024l.pfb
7f0f7401d000-7f0f74020000 ---p 00000000 00:00 0 
7f0f74020000-7f0f7411e000 rw-p 00000000 00:00 0                          [stack:17879]
7f0f7411e000-7f0f74121000 ---p 00000000 00:00 0 
7f0f74121000-7f0f7421f000 rw-p 00000000 00:00 0                          [stack:17878]
7f0f7421f000-7f0f74220000 ---p 00000000 00:00 0 
7f0f74220000-7f0f78000000 rw-p 00000000 00:00 0                          [stack:17876]
7f0f78000000-7f0f78021000 rw-p 00000000 00:00 0 
7f0f78021000-7f0f7c000000 ---p 00000000 00:00 0 
7f0f7c000000-7f0f7c001000 r--s 00000000 08:02 2756953                    /var/cache/fontconfig/0c9eb80ebd1c36541ebe2852d3bb0c49-le64.cache-4
7f0f7c008000-7f0f7c00c000 r--s 00000000 08:02 2756952                    /var/cache/fontconfig/7ef2298fde41cc6eeb7af42e48b7d293-le64.cache-4
7f0f7c010000-7f0f7c011000 r--s 00000000 08:02 2244936                    /home/xrousakis/.m2/repository/org/bytedeco/javacpp-presets/videoinput/0.200-0.8/videoinput-0.200-0.8-linux-x86_64.jar
7f0f7c012000-7f0f7c014000 r--s 00012000 08:02 2244934                    /home/xrousakis/.m2/repository/org/bytedeco/javacpp-presets/libfreenect/0.4-0.8/libfreenect-0.4-0.8-linux-x86_64.jar
7f0f7c017000-7f0f7c018000 r--s 00027000 08:02 2244931                    /home/xrousakis/.m2/repository/org/bytedeco/javacpp-presets/libdc1394/2.2.2-0.8/libdc1394-2.2.2-0.8-linux-x86_64.jar
7f0f7c018000-7f0f7c019000 r--s 00000000 08:02 2244929                    /home/xrousakis/.m2/repository/org/bytedeco/javacpp-presets/flycapture/1.7.17-0.8/flycapture-1.7.17-0.8-linux-x86_64.jar
7f0f7c01f000-7f0f7c021000 r--s 0061f000 08:02 2244944                    /home/xrousakis/.m2/repository/org/bytedeco/javacpp-presets/ffmpeg/2.2.1-0.8/ffmpeg-2.2.1-0.8-linux-x86_64.jar
7f0f7c025000-7f0f7c027000 r--s 00785000 08:02 2244956                    /home/xrousakis/.m2/repository/org/bytedeco/javacpp-presets/opencv/2.4.9-0.8/opencv-2.4.9-0.8-linux-x86_64.jar
7f0f7c028000-7f0f7c02f000 r--s 00000000 08:02 1713734                    /usr/lib/x86_64-linux-gnu/gconv/gconv-modules.cache
7f0f7c036000-7f0f7c040000 r--s 000ae000 08:02 1310920                    /usr/lib/jvm/java-7-openjdk-amd64/jre/lib/resources.jar
7f0f7c046000-7f0f7c04a000 r--s 000a6000 08:02 2901832                    /home/xrousakis/.m2/repository/net/java/dev/jna/jna/3.5.1/jna-3.5.1.jar
7f0f7c04b000-7f0f7c04d000 r--s 0000b000 08:02 2105256                    /home/xrousakis/.m2/repository/com/github/tulskiy/jkeymaster/1.1/jkeymaster-1.1.jar
7f0f7c051000-7f0f7c053000 r--s 00029000 08:02 2244940                    /home/xrousakis/.m2/repository/org/bytedeco/javacpp-presets/artoolkitplus/2.3.0-0.8/artoolkitplus-2.3.0-0.8-linux-x86_64.jar
7f0f7c055000-7f0f7c056000 r--s 00005000 08:02 2244924                    /home/xrousakis/.m2/repository/org/bytedeco/javacpp-presets/artoolkitplus/2.3.0-0.8/artoolkitplus-2.3.0-0.8.jar
7f0f7c05b000-7f0f7c05c000 r--s 00003000 08:02 2244923                    /home/xrousakis/.m2/repository/org/bytedeco/javacpp-presets/videoinput/0.200-0.8/videoinput-0.200-0.8.jar
7f0f7c05c000-7f0f7c05e000 r--s 00004000 08:02 2244920                    /home/xrousakis/.m2/repository/org/bytedeco/javacpp-presets/libfreenect/0.4-0.8/libfreenect-0.4-0.8.jar
7f0f7c05e000-7f0f7c060000 r--s 00006000 08:02 2244916                    /home/xrousakis/.m2/repository/org/bytedeco/javacpp-presets/libdc1394/2.2.2-0.8/libdc1394-2.2.2-0.8.jar
7f0f7c064000-7f0f7c066000 r--s 00004000 08:02 2244911                    /home/xrousakis/.m2/repository/org/bytedeco/javacpp-presets/flycapture/1.7.17-0.8/flycapture-1.7.17-0.8.jar
7f0f7c066000-7f0f7c06c000 r--s 0002e000 08:02 2244912                    /home/xrousakis/.m2/repository/org/bytedeco/javacpp-presets/ffmpeg/2.2.1-0.8/ffmpeg-2.2.1-0.8.jar
7f0f7c072000-7f0f7c084000 r--s 000b2000 08:02 2244913                    /home/xrousakis/.m2/repository/org/bytedeco/javacpp-presets/opencv/2.4.9-0.8/opencv-2.4.9-0.8.jar
7f0f7c08a000-7f0f7c08e000 r--s 0002a000 08:02 2244914                    /home/xrousakis/.m2/repository/org/bytedeco/javacpp/0.8/javacpp-0.8.jar
7f0f7c094000-7f0f7c099000 r--s 0004c000 08:02 2244918                    /home/xrousakis/.m2/repository/org/bytedeco/javacv/0.8/javacv-0.8.jar
7f0f7c09d000-7f0f7c0a1000 r--s 00085000 08:02 1310935                    /usr/lib/jvm/java-7-openjdk-amd64/jre/lib/ext/localedata.jar
7f0f7c0a7000-7f0f7c0aa000 r--s 0000f000 08:02 1310939                    /usr/lib/jvm/java-7-openjdk-amd64/jre/lib/ext/icedtea-sound.jar
7f0f7c0ac000-7f0f7c0b0000 r--s 0003c000 08:02 1310938                    /usr/lib/jvm/java-7-openjdk-amd64/jre/lib/ext/sunpkcs11.jar
7f0f7c0b6000-7f0f7c0b8000 r--s 00006000 08:02 1842397                    /usr/share/java/java-atk-wrapper.jar
7f0f7c0bc000-7f0f7c0c0000 r--s 00034000 08:02 1310937                    /usr/lib/jvm/java-7-openjdk-amd64/jre/lib/ext/sunjce_provider.jar
7f0f7c0c2000-7f0f7c0c4000 r--s 00012000 08:02 1310942                    /usr/lib/jvm/java-7-openjdk-amd64/jre/lib/ext/zipfs.jar
7f0f7c0ca000-7f0f7c0cd000 ---p 00000000 00:00 0 
7f0f7c0cd000-7f0f7c1cb000 rw-p 00000000 00:00 0                          [stack:17875]
7f0f7c1cb000-7f0f7c1ce000 ---p 00000000 00:00 0 
7f0f7c1ce000-7f0f7c2cc000 rw-p 00000000 00:00 0                          [stack:17874]
7f0f7c2cc000-7f0f7c2cf000 ---p 00000000 00:00 0 
7f0f7c2cf000-7f0f7c3cd000 rw-p 00000000 00:00 0                          [stack:17873]
7f0f7c3cd000-7f0f7c3d0000 ---p 00000000 00:00 0 
7f0f7c3d0000-7f0f7c4ce000 rw-p 00000000 00:00 0                          [stack:17870]
7f0f7c4ce000-7f0f7c4d1000 ---p 00000000 00:00 0 
7f0f7c4d1000-7f0f7c5cf000 rw-p 00000000 00:00 0                          [stack:17869]
7f0f7c5cf000-7f0f7c5d2000 ---p 00000000 00:00 0 
7f0f7c5d2000-7f0f7c6d0000 rw-p 00000000 00:00 0                          [stack:17867]
7f0f7c6d0000-7f0f7c6d4000 r-xp 00000000 08:02 1317769                    /usr/lib/jvm/java-7-openjdk-amd64/jre/lib/amd64/libdt_socket.so
7f0f7c6d4000-7f0f7c8d3000 ---p 00004000 08:02 1317769                    /usr/lib/jvm/java-7-openjdk-amd64/jre/lib/amd64/libdt_socket.so
7f0f7c8d3000-7f0f7c8d4000 r--p 00003000 08:02 1317769                    /usr/lib/jvm/java-7-openjdk-amd64/jre/lib/amd64/libdt_socket.so
7f0f7c8d4000-7f0f7c8d5000 rw-p 00004000 08:02 1317769                    /usr/lib/jvm/java-7-openjdk-amd64/jre/lib/amd64/libdt_socket.so
7f0f7c8d8000-7f0f7c8db000 ---p 00000000 00:00 0 
7f0f7c8db000-7f0f7c9d9000 rw-p 00000000 00:00 0                          [stack:17866]
7f0f7c9d9000-7f0f7c9dc000 ---p 00000000 00:00 0 
7f0f7c9dc000-7f0f7cada000 rw-p 00000000 00:00 0                          [stack:17865]
7f0f7cada000-7f0f7cadd000 ---p 00000000 00:00 0 
7f0f7cadd000-7f0f7cbdb000 rw-p 00000000 00:00 0                          [stack:17864]
7f0f7cbdb000-7f0f7cbdc000 ---p 00000000 00:00 0 
7f0f7cbdc000-7f0f7d000000 rw-p 00000000 00:00 0                          [stack:17863]
7f0f7d000000-7f0f7d270000 rwxp 00000000 00:00 0 
7f0f7d270000-7f0f80580000 rw-p 00000000 00:00 0 
7f0f80580000-7f0f84000000 ---p 00000000 00:00 0 
7f0f84002000-7f0f84003000 r--s 00002000 08:02 1310936                    /usr/lib/jvm/java-7-openjdk-amd64/jre/lib/ext/dnsns.jar
7f0f84008000-7f0f84699000 rw-p 00000000 00:00 0 
7f0f84699000-7f0f8484a000 r--s 01d29000 08:02 1310916                    /usr/lib/jvm/java-7-openjdk-amd64/jre/lib/rt.jar
7f0f8484b000-7f0f84d12000 rw-p 00000000 00:00 0 
7f0f84d12000-7f0f84d13000 ---p 00000000 00:00 0 
7f0f84d13000-7f0f84e13000 rw-p 00000000 00:00 0                          [stack:17862]
7f0f84e13000-7f0f84e14000 ---p 00000000 00:00 0 
7f0f84e14000-7f0f84f1f000 rw-p 00000000 00:00 0                          [stack:17861]
7f0f84f1f000-7f0f84f67000 rw-p 00000000 00:00 0 
7f0f84f67000-7f0f84f8c000 rw-p 00000000 00:00 0 
7f0f84f8c000-7f0f851b9000 rw-p 00000000 00:00 0 
7f0f851b9000-7f0f851c4000 rw-p 00000000 00:00 0 
7f0f851c4000-7f0f8520c000 rw-p 00000000 00:00 0 
7f0f8520c000-7f0f85231000 rw-p 00000000 00:00 0 
7f0f85231000-7f0f8545e000 rw-p 00000000 00:00 0 
7f0f8545e000-7f0f85471000 rw-p 00000000 00:00 0 
7f0f85471000-7f0f85587000 rw-p 00000000 00:00 0 
7f0f85587000-7f0f85588000 rw-p 00000000 00:00 0 
7f0f85588000-7f0f85590000 r-xp 00000000 08:02 1310955                    /usr/lib/jvm/java-7-openjdk-amd64/jre/lib/amd64/libzip.so
7f0f85590000-7f0f8578f000 ---p 00008000 08:02 1310955                    /usr/lib/jvm/java-7-openjdk-amd64/jre/lib/amd64/libzip.so
7f0f8578f000-7f0f85790000 r--p 00007000 08:02 1310955                    /usr/lib/jvm/java-7-openjdk-amd64/jre/lib/amd64/libzip.so
7f0f85790000-7f0f85791000 rw-p 00008000 08:02 1310955                    /usr/lib/jvm/java-7-openjdk-amd64/jre/lib/amd64/libzip.so
7f0f85798000-7f0f857a3000 r-xp 00000000 08:02 1444608                    /lib/x86_64-linux-gnu/libnss_files-2.19.so
7f0f857a3000-7f0f859a2000 ---p 0000b000 08:02 1444608                    /lib/x86_64-linux-gnu/libnss_files-2.19.so
7f0f859a2000-7f0f859a3000 r--p 0000a000 08:02 1444608                    /lib/x86_64-linux-gnu/libnss_files-2.19.so
7f0f859a3000-7f0f859a4000 rw-p 0000b000 08:02 1444608                    /lib/x86_64-linux-gnu/libnss_files-2.19.so
7f0f859a8000-7f0f859b3000 r-xp 00000000 08:02 1444820                    /lib/x86_64-linux-gnu/libnss_nis-2.19.so
7f0f859b3000-7f0f85bb2000 ---p 0000b000 08:02 1444820                    /lib/x86_64-linux-gnu/libnss_nis-2.19.so
7f0f85bb2000-7f0f85bb3000 r--p 0000a000 08:02 1444820                    /lib/x86_64-linux-gnu/libnss_nis-2.19.so
7f0f85bb3000-7f0f85bb4000 rw-p 0000b000 08:02 1444820                    /lib/x86_64-linux-gnu/libnss_nis-2.19.so
7f0f85bb8000-7f0f85bcf000 r-xp 00000000 08:02 1444807                    /lib/x86_64-linux-gnu/libnsl-2.19.so
7f0f85bcf000-7f0f85dce000 ---p 00017000 08:02 1444807                    /lib/x86_64-linux-gnu/libnsl-2.19.so
7f0f85dce000-7f0f85dcf000 r--p 00016000 08:02 1444807                    /lib/x86_64-linux-gnu/libnsl-2.19.so
7f0f85dcf000-7f0f85dd0000 rw-p 00017000 08:02 1444807                    /lib/x86_64-linux-gnu/libnsl-2.19.so
7f0f85dd0000-7f0f85dd2000 rw-p 00000000 00:00 0 
7f0f85dd8000-7f0f85de1000 r-xp 00000000 08:02 1444806                    /lib/x86_64-linux-gnu/libnss_compat-2.19.so
7f0f85de1000-7f0f85fe0000 ---p 00009000 08:02 1444806                    /lib/x86_64-linux-gnu/libnss_compat-2.19.so
7f0f85fe0000-7f0f85fe1000 r--p 00008000 08:02 1444806                    /lib/x86_64-linux-gnu/libnss_compat-2.19.so
7f0f85fe1000-7f0f85fe2000 rw-p 00009000 08:02 1444806                    /lib/x86_64-linux-gnu/libnss_compat-2.19.so
7f0f85fe8000-7f0f862b2000 r--p 00000000 08:02 1186322                    /usr/lib/locale/locale-archive
7f0f862b8000-7f0f862bb000 r-xp 00000000 08:02 1317758                    /usr/lib/jvm/java-7-openjdk-amd64/jre/lib/amd64/libnpt.so
7f0f862bb000-7f0f864ba000 ---p 00003000 08:02 1317758                    /usr/lib/jvm/java-7-openjdk-amd64/jre/lib/amd64/libnpt.so
7f0f864ba000-7f0f864bb000 r--p 00002000 08:02 1317758                    /usr/lib/jvm/java-7-openjdk-amd64/jre/lib/amd64/libnpt.so
7f0f864bb000-7f0f864bc000 rw-p 00003000 08:02 1317758                    /usr/lib/jvm/java-7-openjdk-amd64/jre/lib/amd64/libnpt.so
7f0f864c0000-7f0f864fa000 r-xp 00000000 08:02 1317754                    /usr/lib/jvm/java-7-openjdk-amd64/jre/lib/amd64/libjdwp.so
7f0f864fa000-7f0f866f9000 ---p 0003a000 08:02 1317754                    /usr/lib/jvm/java-7-openjdk-amd64/jre/lib/amd64/libjdwp.so
7f0f866f9000-7f0f866fa000 r--p 00039000 08:02 1317754                    /usr/lib/jvm/java-7-openjdk-amd64/jre/lib/amd64/libjdwp.so
7f0f866fa000-7f0f866fb000 rw-p 0003a000 08:02 1317754                    /usr/lib/jvm/java-7-openjdk-amd64/jre/lib/amd64/libjdwp.so
7f0f86700000-7f0f8672b000 r-xp 00000000 08:02 1317774                    /usr/lib/jvm/java-7-openjdk-amd64/jre/lib/amd64/libjava.so
7f0f8672b000-7f0f8692a000 ---p 0002b000 08:02 1317774                    /usr/lib/jvm/java-7-openjdk-amd64/jre/lib/amd64/libjava.so
7f0f8692a000-7f0f8692b000 r--p 0002a000 08:02 1317774                    /usr/lib/jvm/java-7-openjdk-amd64/jre/lib/amd64/libjava.so
7f0f8692b000-7f0f8692d000 rw-p 0002b000 08:02 1317774                    /usr/lib/jvm/java-7-openjdk-amd64/jre/lib/amd64/libjava.so
7f0f86930000-7f0f86940000 r-xp 00000000 08:02 1317755                    /usr/lib/jvm/java-7-openjdk-amd64/jre/lib/amd64/libverify.so
7f0f86940000-7f0f86b3f000 ---p 00010000 08:02 1317755                    /usr/lib/jvm/java-7-openjdk-amd64/jre/lib/amd64/libverify.so
7f0f86b3f000-7f0f86b41000 r--p 0000f000 08:02 1317755                    /usr/lib/jvm/java-7-openjdk-amd64/jre/lib/amd64/libverify.so
7f0f86b41000-7f0f86b42000 rw-p 00011000 08:02 1317755                    /usr/lib/jvm/java-7-openjdk-amd64/jre/lib/amd64/libverify.so
7f0f86b48000-7f0f86b4f000 r-xp 00000000 08:02 1444817                    /lib/x86_64-linux-gnu/librt-2.19.so
7f0f86b4f000-7f0f86d4e000 ---p 00007000 08:02 1444817                    /lib/x86_64-linux-gnu/librt-2.19.so
7f0f86d4e000-7f0f86d4f000 r--p 00006000 08:02 1444817                    /lib/x86_64-linux-gnu/librt-2.19.so
7f0f86d4f000-7f0f86d50000 rw-p 00007000 08:02 1444817                    /lib/x86_64-linux-gnu/librt-2.19.so
7f0f86d50000-7f0f86d66000 r-xp 00000000 08:02 1441904                    /lib/x86_64-linux-gnu/libgcc_s.so.1
7f0f86d66000-7f0f86f65000 ---p 00016000 08:02 1441904                    /lib/x86_64-linux-gnu/libgcc_s.so.1
7f0f86f65000-7f0f86f66000 rw-p 00015000 08:02 1441904                    /lib/x86_64-linux-gnu/libgcc_s.so.1
7f0f86f68000-7f0f8706d000 r-xp 00000000 08:02 1443041                    /lib/x86_64-linux-gnu/libm-2.19.so
7f0f8706d000-7f0f8726c000 ---p 00105000 08:02 1443041                    /lib/x86_64-linux-gnu/libm-2.19.so
7f0f8726c000-7f0f8726d000 r--p 00104000 08:02 1443041                    /lib/x86_64-linux-gnu/libm-2.19.so
7f0f8726d000-7f0f8726e000 rw-p 00105000 08:02 1443041                    /lib/x86_64-linux-gnu/libm-2.19.so
7f0f87270000-7f0f87356000 r-xp 00000000 08:02 1188933                    /usr/lib/x86_64-linux-gnu/libstdc++.so.6.0.19
7f0f87356000-7f0f87555000 ---p 000e6000 08:02 1188933                    /usr/lib/x86_64-linux-gnu/libstdc++.so.6.0.19
7f0f87555000-7f0f8755d000 r--p 000e5000 08:02 1188933                    /usr/lib/x86_64-linux-gnu/libstdc++.so.6.0.19
7f0f8755d000-7f0f8755f000 rw-p 000ed000 08:02 1188933                    /usr/lib/x86_64-linux-gnu/libstdc++.so.6.0.19
7f0f8755f000-7f0f87574000 rw-p 00000000 00:00 0 
7f0f87578000-7f0f88091000 r-xp 00000000 08:02 1317743                    /usr/lib/jvm/java-7-openjdk-amd64/jre/lib/amd64/server/libjvm.so
7f0f88091000-7f0f88291000 ---p 00b19000 08:02 1317743                    /usr/lib/jvm/java-7-openjdk-amd64/jre/lib/amd64/server/libjvm.so
7f0f88291000-7f0f8832b000 r--p 00b19000 08:02 1317743                    /usr/lib/jvm/java-7-openjdk-amd64/jre/lib/amd64/server/libjvm.so
7f0f8832b000-7f0f8834e000 rw-p 00bb3000 08:02 1317743                    /usr/lib/jvm/java-7-openjdk-amd64/jre/lib/amd64/server/libjvm.so
7f0f8834e000-7f0f8837c000 rw-p 00000000 00:00 0 
7f0f88380000-7f0f88398000 r-xp 00000000 08:02 1446050                    /lib/x86_64-linux-gnu/libz.so.1.2.8
7f0f88398000-7f0f88597000 ---p 00018000 08:02 1446050                    /lib/x86_64-linux-gnu/libz.so.1.2.8
7f0f88597000-7f0f88598000 r--p 00017000 08:02 1446050                    /lib/x86_64-linux-gnu/libz.so.1.2.8
7f0f88598000-7f0f88599000 rw-p 00018000 08:02 1446050                    /lib/x86_64-linux-gnu/libz.so.1.2.8
7f0f885a0000-7f0f885b9000 r-xp 00000000 08:02 1444815                    /lib/x86_64-linux-gnu/libpthread-2.19.so
7f0f885b9000-7f0f887b8000 ---p 00019000 08:02 1444815                    /lib/x86_64-linux-gnu/libpthread-2.19.so
7f0f887b8000-7f0f887b9000 r--p 00018000 08:02 1444815                    /lib/x86_64-linux-gnu/libpthread-2.19.so
7f0f887b9000-7f0f887ba000 rw-p 00019000 08:02 1444815                    /lib/x86_64-linux-gnu/libpthread-2.19.so
7f0f887ba000-7f0f887be000 rw-p 00000000 00:00 0 
7f0f887c0000-7f0f887c3000 r-xp 00000000 08:02 1444799                    /lib/x86_64-linux-gnu/libdl-2.19.so
7f0f887c3000-7f0f889c2000 ---p 00003000 08:02 1444799                    /lib/x86_64-linux-gnu/libdl-2.19.so
7f0f889c2000-7f0f889c3000 r--p 00002000 08:02 1444799                    /lib/x86_64-linux-gnu/libdl-2.19.so
7f0f889c3000-7f0f889c4000 rw-p 00003000 08:02 1444799                    /lib/x86_64-linux-gnu/libdl-2.19.so
7f0f889c8000-7f0f88b83000 r-xp 00000000 08:02 1444814                    /lib/x86_64-linux-gnu/libc-2.19.so
7f0f88b83000-7f0f88d82000 ---p 001bb000 08:02 1444814                    /lib/x86_64-linux-gnu/libc-2.19.so
7f0f88d82000-7f0f88d86000 r--p 001ba000 08:02 1444814                    /lib/x86_64-linux-gnu/libc-2.19.so
7f0f88d86000-7f0f88d88000 rw-p 001be000 08:02 1444814                    /lib/x86_64-linux-gnu/libc-2.19.so
7f0f88d88000-7f0f88d8d000 rw-p 00000000 00:00 0 
7f0f88d90000-7f0f88d9d000 r-xp 00000000 08:02 1317741                    /usr/lib/jvm/java-7-openjdk-amd64/jre/lib/amd64/jli/libjli.so
7f0f88d9d000-7f0f88f9c000 ---p 0000d000 08:02 1317741                    /usr/lib/jvm/java-7-openjdk-amd64/jre/lib/amd64/jli/libjli.so
7f0f88f9c000-7f0f88f9d000 r--p 0000c000 08:02 1317741                    /usr/lib/jvm/java-7-openjdk-amd64/jre/lib/amd64/jli/libjli.so
7f0f88f9d000-7f0f88f9e000 rw-p 0000d000 08:02 1317741                    /usr/lib/jvm/java-7-openjdk-amd64/jre/lib/amd64/jli/libjli.so
7f0f88fa0000-7f0f88fc3000 r-xp 00000000 08:02 1444811                    /lib/x86_64-linux-gnu/ld-2.19.so
7f0f88fc9000-7f0f88ffa000 rw-p 00000000 00:00 0 
7f0f88ffa000-7f0f890b0000 rw-p 00000000 00:00 0 
7f0f890b0000-7f0f890b8000 rw-s 00000000 08:02 271465                     /tmp/hsperfdata_xrousakis/17856
7f0f890b9000-7f0f890ba000 rw-p 00000000 00:00 0 
7f0f890ba000-7f0f890bb000 rwxp 00000000 00:00 0 
7f0f890bb000-7f0f890bc000 rw-p 00000000 00:00 0 
7f0f890bc000-7f0f890bd000 r--p 00000000 00:00 0 
7f0f890bd000-7f0f890c0000 ---p 00000000 00:00 0 
7f0f890c0000-7f0f891c2000 rw-p 00000000 00:00 0                          [stack:17860]
7f0f891c2000-7f0f891c3000 r--p 00022000 08:02 1444811                    /lib/x86_64-linux-gnu/ld-2.19.so
7f0f891c3000-7f0f891c4000 rw-p 00023000 08:02 1444811                    /lib/x86_64-linux-gnu/ld-2.19.so
7f0f891c4000-7f0f891c6000 rw-p 00000000 00:00 0 
7f0f891c6000-7f0f891c8000 rw-p 00000000 00:00 0 
7fff4cab7000-7fff4cad9000 rw-p 00000000 00:00 0                          [stack]
7fff4cbe8000-7fff4cbea000 r-xp 00000000 00:00 0                          [vdso]
ffffffffff600000-ffffffffff601000 r-xp 00000000 00:00 0                  [vsyscall]

VM Arguments:
jvm_args: -Xdebug -Xrunjdwp:transport=dt_socket,server=n,address=57554 
java_command: org.scify.jthinkfreedom.gui.ApplicationLauncher
Launcher Type: SUN_STANDARD

Environment Variables:
JAVA_HOME=/usr/lib/jvm/default-java
PATH=/usr/local/sbin:/usr/local/bin:/usr/sbin:/usr/bin:/sbin:/bin:/usr/games:/usr/local/games
USERNAME=xrousakis
LD_LIBRARY_PATH=/usr/lib/jvm/default-java/jre/lib/amd64:/usr/lib/jvm/default-java/jre/lib/i386:
SHELL=/bin/bash
DISPLAY=:0

Signal Handlers:
SIGSEGV: [libjvm.so+0x94bab0], sa_mask[0]=0x7ffbfeff, sa_flags=0x10000004
SIGBUS: [libjvm.so+0x94bab0], sa_mask[0]=0x7ffbfeff, sa_flags=0x10000004
SIGFPE: [libjvm.so+0x7c38b0], sa_mask[0]=0x7ffbfeff, sa_flags=0x10000004
SIGPIPE: [libjvm.so+0x7c38b0], sa_mask[0]=0x7ffbfeff, sa_flags=0x10000004
SIGXFSZ: [libjvm.so+0x7c38b0], sa_mask[0]=0x7ffbfeff, sa_flags=0x10000004
SIGILL: [libjvm.so+0x7c38b0], sa_mask[0]=0x7ffbfeff, sa_flags=0x10000004
SIGUSR1: SIG_DFL, sa_mask[0]=0x00000000, sa_flags=0x00000000
SIGUSR2: [libjvm.so+0x7c3750], sa_mask[0]=0x00000004, sa_flags=0x10000004
SIGHUP: [libjvm.so+0x7c3930], sa_mask[0]=0x7ffbfeff, sa_flags=0x10000004
SIGINT: SIG_IGN, sa_mask[0]=0x00000000, sa_flags=0x00000000
SIGTERM: [libjvm.so+0x7c3930], sa_mask[0]=0x7ffbfeff, sa_flags=0x10000004
SIGQUIT: [libjvm.so+0x7c3930], sa_mask[0]=0x7ffbfeff, sa_flags=0x10000004
SIGTRAP: SIG_DFL, sa_mask[0]=0x00000000, sa_flags=0x00000000


---------------  S Y S T E M  ---------------

OS:LinuxMint 17 (qiana)
uname:Linux 3.14.8-031408-generic #201406161755 SMP Mon Jun 16 21:56:09 UTC 2014 x86_64
libc:glibc 2.19 NPTL 2.19 
rlimit: STACK 8192k, CORE 0k, NPROC 55132, NOFILE 4096, AS infinity
load average:0,91 0,95 0,81

/proc/meminfo:
MemTotal:        7292072 kB
MemFree:         3193732 kB
MemAvailable:    4723804 kB
Buffers:          245540 kB
Cached:          1450428 kB
SwapCached:            0 kB
Active:          2955432 kB
Inactive:         863732 kB
Active(anon):    2124392 kB
Inactive(anon):    64272 kB
Active(file):     831040 kB
Inactive(file):   799460 kB
Unevictable:           0 kB
Mlocked:               0 kB
SwapTotal:       3361788 kB
SwapFree:        3361788 kB
Dirty:               156 kB
Writeback:             0 kB
AnonPages:       2123364 kB
Mapped:           235640 kB
Shmem:             65300 kB
Slab:             164980 kB
SReclaimable:     136996 kB
SUnreclaim:        27984 kB
KernelStack:        4368 kB
PageTables:        32432 kB
NFS_Unstable:          0 kB
Bounce:                0 kB
WritebackTmp:          0 kB
CommitLimit:     7007824 kB
Committed_AS:    5214644 kB
VmallocTotal:   34359738367 kB
VmallocUsed:      315192 kB
VmallocChunk:   34359383836 kB
HardwareCorrupted:     0 kB
AnonHugePages:   1460224 kB
HugePages_Total:       0
HugePages_Free:        0
HugePages_Rsvd:        0
HugePages_Surp:        0
Hugepagesize:       2048 kB
DirectMap4k:       76120 kB
DirectMap2M:     3287040 kB
DirectMap1G:     4194304 kB


CPU:total 2 (2 cores per cpu, 1 threads per core) family 21 model 19 stepping 1, cmov, cx8, fxsr, mmx, sse, sse2, sse3, ssse3, sse4.1, sse4.2, popcnt, avx, aes, mmxext, 3dnowpref, lzcnt, sse4a, tsc, tscinvbit, tscinv

/proc/cpuinfo:
processor	: 0
vendor_id	: AuthenticAMD
cpu family	: 21
model		: 19
model name	: AMD A4-4000 APU with Radeon(tm) HD Graphics
stepping	: 1
microcode	: 0x6001119
cpu MHz		: 3000.000
cache size	: 1024 KB
physical id	: 0
siblings	: 2
core id		: 0
cpu cores	: 1
apicid		: 16
initial apicid	: 0
fpu		: yes
fpu_exception	: yes
cpuid level	: 13
wp		: yes
flags		: fpu vme de pse tsc msr pae mce cx8 apic sep mtrr pge mca cmov pat pse36 clflush mmx fxsr sse sse2 ht syscall nx mmxext fxsr_opt pdpe1gb rdtscp lm constant_tsc rep_good nopl nonstop_tsc extd_apicid aperfmperf pni pclmulqdq monitor ssse3 fma cx16 sse4_1 sse4_2 popcnt aes xsave avx f16c lahf_lm cmp_legacy svm extapic cr8_legacy abm sse4a misalignsse 3dnowprefetch osvw ibs xop skinit wdt lwp fma4 tce nodeid_msr tbm topoext perfctr_core perfctr_nb arat cpb hw_pstate npt lbrv svm_lock nrip_save tsc_scale vmcb_clean flushbyasid decodeassists pausefilter pfthreshold bmi1
bogomips	: 6030.33
TLB size	: 1536 4K pages
clflush size	: 64
cache_alignment	: 64
address sizes	: 48 bits physical, 48 bits virtual
power management: ts ttp tm 100mhzsteps hwpstate cpb eff_freq_ro

processor	: 1
vendor_id	: AuthenticAMD
cpu family	: 21
model		: 19
model name	: AMD A4-4000 APU with Radeon(tm) HD Graphics    
stepping	: 1
microcode	: 0x6001119
cpu MHz		: 3000.000
cache size	: 1024 KB
physical id	: 0
siblings	: 2
core id		: 1
cpu cores	: 1
apicid		: 17
initial apicid	: 1
fpu		: yes
fpu_exception	: yes
cpuid level	: 13
wp		: yes
flags		: fpu vme de pse tsc msr pae mce cx8 apic sep mtrr pge mca cmov pat pse36 clflush mmx fxsr sse sse2 ht syscall nx mmxext fxsr_opt pdpe1gb rdtscp lm constant_tsc rep_good nopl nonstop_tsc extd_apicid aperfmperf pni pclmulqdq monitor ssse3 fma cx16 sse4_1 sse4_2 popcnt aes xsave avx f16c lahf_lm cmp_legacy svm extapic cr8_legacy abm sse4a misalignsse 3dnowprefetch osvw ibs xop skinit wdt lwp fma4 tce nodeid_msr tbm topoext perfctr_core perfctr_nb arat cpb hw_pstate npt lbrv svm_lock nrip_save tsc_scale vmcb_clean flushbyasid decodeassists pausefilter pfthreshold bmi1
bogomips	: 6030.33
TLB size	: 1536 4K pages
clflush size	: 64
cache_alignment	: 64
address sizes	: 48 bits physical, 48 bits virtual
power management: ts ttp tm 100mhzsteps hwpstate cpb eff_freq_ro



Memory: 4k page, physical 7292072k(3193732k free), swap 3361788k(3361788k free)

vm_info: OpenJDK 64-Bit Server VM (24.79-b02) for linux-amd64 JRE (1.7.0_79-b14), built on Jul 24 2015 08:15:54 by "buildd" with gcc 4.8.2

time: Wed Aug 12 16:52:48 2015
elapsed time: 98 seconds

