#
# A fatal error has been detected by the Java Runtime Environment:
#
#  SIGSEGV (0xb) at pc=0x00007f1947d6e2cc, pid=14041, tid=139746543269632
#
# JRE version: OpenJDK Runtime Environment (7.0_79-b14) (build 1.7.0_79-b14)
# Java VM: OpenJDK 64-Bit Server VM (24.79-b02 mixed mode linux-amd64 compressed oops)
# Derivative: IcedTea 2.5.6
# Distribution: Ubuntu 14.04 LTS, package 7u79-2.5.6-0ubuntu1.14.04.1
# Problematic frame:
# C  [libjpeg.so.8+0x162cc]  jpeg_has_multiple_scans+0x2c
#
# Failed to write core dump. Core dumps have been disabled. To enable core dumping, try "ulimit -c unlimited" before starting Java again
#
# If you would like to submit a bug report, please include
# instructions on how to reproduce the bug and visit:
#   http://icedtea.classpath.org/bugzilla
# The crash happened outside the Java Virtual Machine in native code.
# See problematic frame for where to report the bug.
#

---------------  T H R E A D  ---------------

Current thread (0x0000000000903000):  JavaThread "Image Fetcher 1" daemon [_thread_in_native, id=14079, stack(0x00007f194701f000,0x00007f1947120000)]

siginfo:si_signo=SIGSEGV: si_errno=0, si_code=1 (SEGV_MAPERR), si_addr=0x0000000000000020

Registers:
RAX=0x0000000000000000, RBX=0x00007f194711e4d0, RCX=0x0000000000000001, RDX=0x0000000000000000
RSP=0x00007f194711e1b8, RBP=0x00007f194711e7a0, RSI=0x0000000000000001, RDI=0x00007f194711e4d0
R8 =0x0000000000000000, R9 =0x00007f1950000078, R10=0x00007f194711df80, R11=0x00007f1947d6e2a0
R12=0x0000000000000000, R13=0xffffffffffffffff, R14=0x00007f194711e840, R15=0x0000000000903000
RIP=0x00007f1947d6e2cc, EFLAGS=0x0000000000010293, CSGSFS=0x0000000000000033, ERR=0x0000000000000004
  TRAPNO=0x000000000000000e

Top of Stack: (sp=0x00007f194711e1b8)
0x00007f194711e1b8:   00007f194641fd33 0000000000903000
0x00007f194711e1c8:   00007f199647e03b fffffff0ffffffff
0x00007f194711e1d8:   0000000000000000 00007f194641fad0
0x00007f194711e1e8:   00007f194711e278 00007f194711e830
0x00007f194711e1f8:   00007f194711e838 00007f194711e840
0x00007f194711e208:   00000000009031d8 00000000daf131ee
0x00007f194711e218:   0000000000000292 00007f194641f1e0
0x00007f194711e228:   00007f194641f380 00007f194641f500
0x00007f194711e238:   00007f1947d76830 00007f194641f200
0x00007f194711e248:   00007f194711e838 00007f1900000000
0x00007f194711e258:   0000000000000000 00000000daf13080
0x00007f194711e268:   00007f194711e830 ffffffffffffffff
0x00007f194711e278:   0000000000000000 0000000000000000
0x00007f194711e288:   0000000000000000 00007f194711e280
0x00007f194711e298:   0000000086420280 00007f194711e328
0x00007f194711e2a8:   00000000864be230 0000000000000000
0x00007f194711e2b8:   0000000086420318 0000000000000000
0x00007f194711e2c8:   00007f194711e320 00007f194711e390
0x00007f194711e2d8:   00007f198d0004e7 0000000000000000
0x00007f194711e2e8:   00007f194641fad0 0000000000000000
0x00007f194711e2f8:   00000000daf12668 0000000000000006
0x00007f194711e308:   0000000000000007 00000000dcf3d200
0x00007f194711e318:   00000000dcf3d200 00000000daf13480
0x00007f194711e328:   0000000000000000 00007f1900001fa0
0x00007f194711e338:   00007f194711e3d0 00007f194711e5d0
0x00007f194711e348:   00007f194711e500 0000000000903000
0x00007f194711e358:   00007f196c112eb0 00007f194641f280
0x00007f194711e368:   00007f1947d7bcf0 00007f194641f210
0x00007f194711e378:   00007f1947d7bd60 00007f1947d7bd40
0x00007f194711e388:   000000000000006a 000000000000003f
0x00007f194711e398:   0000000300000000 0000000000000000
0x00007f194711e3a8:   0000000000000000 00007f194711e400 

Instructions: (pc=0x00007f1947d6e2cc)
0x00007f1947d6e2ac:   ff 83 fa 08 76 12 48 8b 17 89 42 2c 48 8b 07 c7
0x00007f1947d6e2bc:   42 28 15 00 00 00 ff 10 48 8b 83 58 02 00 00 5b
0x00007f1947d6e2cc:   8b 40 20 c3 53 8b 47 24 48 89 fb 8d 90 33 ff ff
0x00007f1947d6e2dc:   ff 83 fa 01 76 66 3d cf 00 00 00 74 47 3d d2 00 

Register to memory mapping:

RAX=0x0000000000000000 is an unknown value
RBX=0x00007f194711e4d0 is pointing into the stack for thread: 0x0000000000903000
RCX=0x0000000000000001 is an unknown value
RDX=0x0000000000000000 is an unknown value
RSP=0x00007f194711e1b8 is pointing into the stack for thread: 0x0000000000903000
RBP=0x00007f194711e7a0 is pointing into the stack for thread: 0x0000000000903000
RSI=0x0000000000000001 is an unknown value
RDI=0x00007f194711e4d0 is pointing into the stack for thread: 0x0000000000903000
R8 =0x0000000000000000 is an unknown value
R9 =0x00007f1950000078 is an unknown value
R10=0x00007f194711df80 is pointing into the stack for thread: 0x0000000000903000
R11=0x00007f1947d6e2a0: jpeg_has_multiple_scans+0 in /usr/lib/x86_64-linux-gnu/libjpeg.so.8 at 0x00007f1947d58000
R12=0x0000000000000000 is an unknown value
R13=0xffffffffffffffff is an unknown value
R14=0x00007f194711e840 is pointing into the stack for thread: 0x0000000000903000
R15=0x0000000000903000 is a thread


Stack: [0x00007f194701f000,0x00007f1947120000],  sp=0x00007f194711e1b8,  free space=1020k
Native frames: (J=compiled Java code, j=interpreted, Vv=VM code, C=native code)
C  [libjpeg.so.8+0x162cc]  jpeg_has_multiple_scans+0x2c
j  sun.awt.image.JPEGImageDecoder.readImage(Ljava/io/InputStream;[B)V+0
j  sun.awt.image.JPEGImageDecoder.produceImage()V+10
j  sun.awt.image.InputStreamImageSource.doFetch()V+51
j  sun.awt.image.ImageFetcher.fetchloop()V+33
j  sun.awt.image.ImageFetcher.run()V+5
v  ~StubRoutines::call_stub
V  [libjvm.so+0x5e80c9]  JavaCalls::call_helper(JavaValue*, methodHandle*, JavaCallArguments*, Thread*)+0x339
V  [libjvm.so+0x5e6f1e]  JavaCalls::call_virtual(JavaValue*, Handle, KlassHandle, Symbol*, Symbol*, Thread*)+0x20e
V  [libjvm.so+0x623391]  thread_entry(JavaThread*, Thread*)+0xd1
V  [libjvm.so+0x900f40]  JavaThread::thread_main_inner()+0xf0
V  [libjvm.so+0x9011b1]  JavaThread::run()+0x221
V  [libjvm.so+0x7c4f62]  java_start(Thread*)+0xf2

Java frames: (J=compiled Java code, j=interpreted, Vv=VM code)
j  sun.awt.image.JPEGImageDecoder.readImage(Ljava/io/InputStream;[B)V+0
j  sun.awt.image.JPEGImageDecoder.produceImage()V+10
j  sun.awt.image.InputStreamImageSource.doFetch()V+51
j  sun.awt.image.ImageFetcher.fetchloop()V+33
j  sun.awt.image.ImageFetcher.run()V+5
v  ~StubRoutines::call_stub

---------------  P R O C E S S  ---------------

Java Threads: ( => current thread )
  0x00007f1950083000 JavaThread "pool-3-thread-1" [_thread_blocked, id=14082, stack(0x00007f19469bf000,0x00007f1946ac0000)]
  0x0000000000906800 JavaThread "Thread-2" [_thread_blocked, id=14081, stack(0x00007f1946cda000,0x00007f1946ddb000)]
  0x0000000000903800 JavaThread "Thread-0" [_thread_blocked, id=14080, stack(0x00007f1946f1e000,0x00007f194701f000)]
=>0x0000000000903000 JavaThread "Image Fetcher 1" daemon [_thread_in_native, id=14079, stack(0x00007f194701f000,0x00007f1947120000)]
  0x0000000000a75800 JavaThread "Image Fetcher 0" daemon [_thread_blocked, id=14078, stack(0x00007f195abae000,0x00007f195acaf000)]
  0x000000000098b000 JavaThread "TimerQueue" daemon [_thread_blocked, id=14064, stack(0x00007f1946de7000,0x00007f1946ee8000)]
  0x00007f199000b000 JavaThread "DestroyJavaVM" [_thread_blocked, id=14045, stack(0x00007f1998e0d000,0x00007f1998f0e000)]
  0x00007f1990417000 JavaThread "AWT-EventQueue-0" [_thread_blocked, id=14062, stack(0x00007f1947556000,0x00007f1947657000)]
  0x00007f199041b000 JavaThread "AWT-Shutdown" [_thread_blocked, id=14061, stack(0x00007f1947657000,0x00007f1947758000)]
  0x00007f19902bb000 JavaThread "AWT-XAWT" daemon [_thread_in_native, id=14057, stack(0x00007f195acaf000,0x00007f195adb0000)]
  0x00007f199029e000 JavaThread "Java2D Disposer" daemon [_thread_blocked, id=14056, stack(0x00007f197c007000,0x00007f197c108000)]
  0x00007f19900ac000 JavaThread "Service Thread" daemon [_thread_blocked, id=14054, stack(0x00007f198c72c000,0x00007f198c82d000)]
  0x00007f19900a9800 JavaThread "C2 CompilerThread1" daemon [_thread_blocked, id=14053, stack(0x00007f198c82d000,0x00007f198c92e000)]
  0x00007f19900a6800 JavaThread "C2 CompilerThread0" daemon [_thread_blocked, id=14052, stack(0x00007f198c92e000,0x00007f198ca2f000)]
  0x00007f19900a4800 JavaThread "Signal Dispatcher" daemon [_thread_blocked, id=14051, stack(0x00007f198ca2f000,0x00007f198cb30000)]
  0x00007f1990078800 JavaThread "Finalizer" daemon [_thread_blocked, id=14050, stack(0x00007f198cdfe000,0x00007f198ceff000)]
  0x00007f1990076800 JavaThread "Reference Handler" daemon [_thread_blocked, id=14049, stack(0x00007f198ceff000,0x00007f198d000000)]

Other Threads:
  0x00007f1990072000 VMThread [stack: 0x00007f1994043000,0x00007f1994144000] [id=14048]
  0x00007f19900b6800 WatcherThread [stack: 0x00007f198c62b000,0x00007f198c72c000] [id=14055]

VM state:not at safepoint (normal execution)

VM Mutex/Monitor currently owned by a thread: None

Heap
 PSYoungGen      total 33792K, used 19347K [0x00000000dae00000, 0x00000000dd380000, 0x0000000100000000)
  eden space 29184K, 50% used [0x00000000dae00000,0x00000000dbc68338,0x00000000dca80000)
  from space 4608K, 99% used [0x00000000dcf00000,0x00000000dd37c8d0,0x00000000dd380000)
  to   space 4608K, 0% used [0x00000000dca80000,0x00000000dca80000,0x00000000dcf00000)
 ParOldGen       total 75776K, used 4778K [0x0000000090a00000, 0x0000000095400000, 0x00000000dae00000)
  object space 75776K, 6% used [0x0000000090a00000,0x0000000090eaabf8,0x0000000095400000)
 PSPermGen       total 22016K, used 21847K [0x0000000086400000, 0x0000000087980000, 0x0000000090a00000)
  object space 22016K, 99% used [0x0000000086400000,0x0000000087955f88,0x0000000087980000)

Card table byte_map: [0x00007f1995641000,0x00007f1995a10000] byte_map_base: 0x00007f199520f000

Polling page: 0x00007f1998f2d000

Code Cache  [0x00007f198d000000, 0x00007f198d270000, 0x00007f1990000000)
 total_blobs=872 nmethods=284 adapters=542 free_code_cache=47917Kb largest_free_block=49029120

Compilation events (10 events):
Event: 25,207 Thread 0x00007f19900a9800  297             org.scify.jthinkfreedom.keyboard.sensors.KeyboardSensor::getData (33 bytes)
Event: 25,208 Thread 0x00007f19900a9800 nmethod 297 0x00007f198d133650 code [0x00007f198d133780, 0x00007f198d1337f8]
Event: 25,226 Thread 0x00007f19900a6800  298 %           org.scify.jthinkfreedom.skeleton.sensors.SensorAdapter::updateStimuli @ 0 (49 bytes)
Event: 25,235 Thread 0x00007f19900a6800 nmethod 298% 0x00007f198d134890 code [0x00007f198d134a00, 0x00007f198d134ca8]
Event: 26,074 Thread 0x00007f19900a9800  299             java.util.zip.ZipFile::ensureOpen (37 bytes)
Event: 26,075 Thread 0x00007f19900a9800 nmethod 299 0x00007f198d133410 code [0x00007f198d133560, 0x00007f198d1335d8]
Event: 26,075 Thread 0x00007f19900a9800  300             sun.reflect.ClassFileAssembler::emitByte (11 bytes)
Event: 26,077 Thread 0x00007f19900a9800 nmethod 300 0x00007f198d132f10 code [0x00007f198d133060, 0x00007f198d1331a8]
Event: 26,077 Thread 0x00007f19900a9800  301             sun.reflect.ByteVectorImpl::add (38 bytes)
Event: 26,079 Thread 0x00007f19900a9800 nmethod 301 0x00007f198d134550 code [0x00007f198d1346a0, 0x00007f198d134788]

GC Heap History (4 events):
Event: 1,984 GC heap before
{Heap before GC invocations=1 (full 0):
 PSYoungGen      total 33792K, used 29184K [0x00000000dae00000, 0x00000000dd380000, 0x0000000100000000)
  eden space 29184K, 100% used [0x00000000dae00000,0x00000000dca80000,0x00000000dca80000)
  from space 4608K, 0% used [0x00000000dcf00000,0x00000000dcf00000,0x00000000dd380000)
  to   space 4608K, 0% used [0x00000000dca80000,0x00000000dca80000,0x00000000dcf00000)
 ParOldGen       total 75776K, used 0K [0x0000000090a00000, 0x0000000095400000, 0x00000000dae00000)
  object space 75776K, 0% used [0x0000000090a00000,0x0000000090a00000,0x0000000095400000)
 PSPermGen       total 21504K, used 16127K [0x0000000086400000, 0x0000000087900000, 0x0000000090a00000)
  object space 21504K, 74% used [0x0000000086400000,0x00000000873bfde0,0x0000000087900000)
Event: 1,998 GC heap after
Heap after GC invocations=1 (full 0):
 PSYoungGen      total 33792K, used 3795K [0x00000000dae00000, 0x00000000dd380000, 0x0000000100000000)
  eden space 29184K, 0% used [0x00000000dae00000,0x00000000dae00000,0x00000000dca80000)
  from space 4608K, 82% used [0x00000000dca80000,0x00000000dce34fb0,0x00000000dcf00000)
  to   space 4608K, 0% used [0x00000000dcf00000,0x00000000dcf00000,0x00000000dd380000)
 ParOldGen       total 75776K, used 8K [0x0000000090a00000, 0x0000000095400000, 0x00000000dae00000)
  object space 75776K, 0% used [0x0000000090a00000,0x0000000090a02000,0x0000000095400000)
 PSPermGen       total 21504K, used 16127K [0x0000000086400000, 0x0000000087900000, 0x0000000090a00000)
  object space 21504K, 74% used [0x0000000086400000,0x00000000873bfde0,0x0000000087900000)
}
Event: 21,463 GC heap before
{Heap before GC invocations=2 (full 0):
 PSYoungGen      total 33792K, used 32979K [0x00000000dae00000, 0x00000000dd380000, 0x0000000100000000)
  eden space 29184K, 100% used [0x00000000dae00000,0x00000000dca80000,0x00000000dca80000)
  from space 4608K, 82% used [0x00000000dca80000,0x00000000dce34fb0,0x00000000dcf00000)
  to   space 4608K, 0% used [0x00000000dcf00000,0x00000000dcf00000,0x00000000dd380000)
 ParOldGen       total 75776K, used 8K [0x0000000090a00000, 0x0000000095400000, 0x00000000dae00000)
  object space 75776K, 0% used [0x0000000090a00000,0x0000000090a02000,0x0000000095400000)
 PSPermGen       total 21504K, used 20796K [0x0000000086400000, 0x0000000087900000, 0x0000000090a00000)
  object space 21504K, 96% used [0x0000000086400000,0x000000008784f128,0x0000000087900000)
Event: 21,485 GC heap after
Heap after GC invocations=2 (full 0):
 PSYoungGen      total 33792K, used 4594K [0x00000000dae00000, 0x00000000dd380000, 0x0000000100000000)
  eden space 29184K, 0% used [0x00000000dae00000,0x00000000dae00000,0x00000000dca80000)
  from space 4608K, 99% used [0x00000000dcf00000,0x00000000dd37c8d0,0x00000000dd380000)
  to   space 4608K, 0% used [0x00000000dca80000,0x00000000dca80000,0x00000000dcf00000)
 ParOldGen       total 75776K, used 4778K [0x0000000090a00000, 0x0000000095400000, 0x00000000dae00000)
  object space 75776K, 6% used [0x0000000090a00000,0x0000000090eaabf8,0x0000000095400000)
 PSPermGen       total 21504K, used 20796K [0x0000000086400000, 0x0000000087900000, 0x0000000090a00000)
  object space 21504K, 96% used [0x0000000086400000,0x000000008784f128,0x0000000087900000)
}

Deoptimization events (10 events):
Event: 24,154 Thread 0x00007f1990417000 Uncommon trap: reason=unreached action=reinterpret pc=0x00007f198d09e2d4 method=sun.util.logging.PlatformLogger.isLoggable(Lsun/util/logging/PlatformLogger$Level;)Z @ 18
Event: 24,154 Thread 0x00007f1990417000 Uncommon trap: reason=class_check action=maybe_recompile pc=0x00007f198d0d1ad4 method=sun.util.logging.PlatformLogger.finest(Ljava/lang/String;)V @ 8
Event: 24,154 Thread 0x00007f1990417000 Uncommon trap: reason=class_check action=maybe_recompile pc=0x00007f198d0d1ad4 method=sun.util.logging.PlatformLogger.finest(Ljava/lang/String;)V @ 8
Event: 24,154 Thread 0x00007f1990417000 Uncommon trap: reason=class_check action=maybe_recompile pc=0x00007f198d0d1ad4 method=sun.util.logging.PlatformLogger.finest(Ljava/lang/String;)V @ 8
Event: 24,157 Thread 0x00007f1990417000 Uncommon trap: reason=class_check action=maybe_recompile pc=0x00007f198d0d1ad4 method=sun.util.logging.PlatformLogger.finest(Ljava/lang/String;)V @ 8
Event: 24,163 Thread 0x00007f19902bb000 Uncommon trap: reason=class_check action=maybe_recompile pc=0x00007f198d09b4f0 method=sun.util.logging.PlatformLogger.finest(Ljava/lang/String;)V @ 8
Event: 26,070 Thread 0x0000000000906800 Uncommon trap: reason=unreached action=reinterpret pc=0x00007f198d0ccec8 method=java.lang.ThreadLocal$ThreadLocalMap.getEntry(Ljava/lang/ThreadLocal;)Ljava/lang/ThreadLocal$ThreadLocalMap$Entry; @ 29
Event: 26,072 Thread 0x0000000000906800 Uncommon trap: reason=unreached action=reinterpret pc=0x00007f198d0ccb1c method=java.lang.ThreadLocal$ThreadLocalMap.getEntry(Ljava/lang/ThreadLocal;)Ljava/lang/ThreadLocal$ThreadLocalMap$Entry; @ 29
Event: 26,156 Thread 0x0000000000903800 Uncommon trap: reason=unreached action=reinterpret pc=0x00007f198d1337c8 method=org.scify.jthinkfreedom.keyboard.sensors.KeyboardSensor.getData()Ljava/lang/Character; @ 4
Event: 26,156 Thread 0x0000000000903800 Uncommon trap: reason=null_assert action=make_not_entrant pc=0x00007f198d13bcb8 method=org.scify.jthinkfreedom.keyboard.stimuli.CapturekeyStimulus.onDataReceived()V @ 44

Internal exceptions (10 events):
Event: 24,515 Thread 0x0000000000906800 Threw 0x00000000db91a440 at /build/openjdk-7-FO0dNI/openjdk-7-7u79-2.5.6/build/openjdk/hotspot/src/share/vm/prims/jvm.cpp:1284
Event: 24,517 Thread 0x0000000000906800 Threw 0x00000000db92a958 at /build/openjdk-7-FO0dNI/openjdk-7-7u79-2.5.6/build/openjdk/hotspot/src/share/vm/prims/jvm.cpp:1284
Event: 24,526 Thread 0x0000000000906800 Threw 0x00000000db94e4a8 at /build/openjdk-7-FO0dNI/openjdk-7-7u79-2.5.6/build/openjdk/hotspot/src/share/vm/prims/jvm.cpp:1284
Event: 24,536 Thread 0x0000000000906800 Threw 0x00000000db95f900 at /build/openjdk-7-FO0dNI/openjdk-7-7u79-2.5.6/build/openjdk/hotspot/src/share/vm/prims/jvm.cpp:1284
Event: 24,547 Thread 0x0000000000906800 Threw 0x00000000db9a1f00 at /build/openjdk-7-FO0dNI/openjdk-7-7u79-2.5.6/build/openjdk/hotspot/src/share/vm/prims/jvm.cpp:1284
Event: 24,548 Thread 0x0000000000906800 Threw 0x00000000db9b2da0 at /build/openjdk-7-FO0dNI/openjdk-7-7u79-2.5.6/build/openjdk/hotspot/src/share/vm/prims/jvm.cpp:1284
Event: 26,071 Thread 0x0000000000906800 Threw 0x00000000db9cf960 at /build/openjdk-7-FO0dNI/openjdk-7-7u79-2.5.6/build/openjdk/hotspot/src/share/vm/prims/jvm.cpp:1284
Event: 26,083 Thread 0x0000000000906800 Threw 0x00000000dbc09a30 at /build/openjdk-7-FO0dNI/openjdk-7-7u79-2.5.6/build/openjdk/hotspot/src/share/vm/prims/jvm.cpp:1284
Event: 26,157 Thread 0x0000000000903800 Threw 0x00000000dbbe1c10 at /build/openjdk-7-FO0dNI/openjdk-7-7u79-2.5.6/build/openjdk/hotspot/src/share/vm/prims/jvm.cpp:1284
Event: 26,160 Thread 0x0000000000903800 Threw 0x00000000dbbf4850 at /build/openjdk-7-FO0dNI/openjdk-7-7u79-2.5.6/build/openjdk/hotspot/src/share/vm/prims/jvm.cpp:1284

Events (10 events):
Event: 26,160 loading class 0x00007f195008dfa0
Event: 26,160 loading class 0x00007f195008dfa0 done
Event: 26,162 Executing VM operation: RevokeBias
Event: 26,162 Executing VM operation: RevokeBias done
Event: 26,196 loading class 0x00007f19680a2a40
Event: 26,196 loading class 0x00007f19680a2a40 done
Event: 26,196 Executing VM operation: RevokeBias
Event: 26,196 Executing VM operation: RevokeBias done
Event: 26,196 loading class 0x00007f19680732a0
Event: 26,196 loading class 0x00007f19680732a0 done


Dynamic libraries:
00400000-00401000 r-xp 00000000 08:02 1323751                            /usr/lib/jvm/java-7-openjdk-amd64/jre/bin/java
00600000-00601000 r--p 00000000 08:02 1323751                            /usr/lib/jvm/java-7-openjdk-amd64/jre/bin/java
00601000-00602000 rw-p 00001000 08:02 1323751                            /usr/lib/jvm/java-7-openjdk-amd64/jre/bin/java
008de000-00aca000 rw-p 00000000 00:00 0                                  [heap]
86400000-87980000 rw-p 00000000 00:00 0 
87980000-90a00000 rw-p 00000000 00:00 0 
90a00000-95400000 rw-p 00000000 00:00 0 
95400000-dae00000 rw-p 00000000 00:00 0 
dae00000-dd380000 rw-p 00000000 00:00 0 
dd380000-100000000 rw-p 00000000 00:00 0 
7f1940000000-7f1940021000 rw-p 00000000 00:00 0 
7f1940021000-7f1944000000 ---p 00000000 00:00 0 
7f19462b7000-7f1946418000 rw-p 00000000 00:00 0 
7f1946418000-7f1946422000 r-xp 00000000 08:02 1317748                    /usr/lib/jvm/java-7-openjdk-amd64/jre/lib/amd64/libjavajpeg.so
7f1946422000-7f1946621000 ---p 0000a000 08:02 1317748                    /usr/lib/jvm/java-7-openjdk-amd64/jre/lib/amd64/libjavajpeg.so
7f1946621000-7f1946622000 r--p 00009000 08:02 1317748                    /usr/lib/jvm/java-7-openjdk-amd64/jre/lib/amd64/libjavajpeg.so
7f1946622000-7f1946623000 rw-p 0000a000 08:02 1317748                    /usr/lib/jvm/java-7-openjdk-amd64/jre/lib/amd64/libjavajpeg.so
7f1946628000-7f19468af000 rw-s 00000000 00:04 9928720                    /SYSV00000000 (deleted)
7f19468e6000-7f19469bf000 rw-p 00000000 00:00 0 
7f19469bf000-7f19469c2000 ---p 00000000 00:00 0 
7f19469c2000-7f1946ac0000 rw-p 00000000 00:00 0                          [stack:14082]
7f1946ac0000-7f1946ad7000 r-xp 00000000 08:02 271422                     /tmp/jna-xrousakis/jna5991902151982225022.tmp (deleted)
7f1946ad7000-7f1946cd7000 ---p 00017000 08:02 271422                     /tmp/jna-xrousakis/jna5991902151982225022.tmp (deleted)
7f1946cd7000-7f1946cd8000 r--p 00017000 08:02 271422                     /tmp/jna-xrousakis/jna5991902151982225022.tmp (deleted)
7f1946cd8000-7f1946cd9000 rw-p 00018000 08:02 271422                     /tmp/jna-xrousakis/jna5991902151982225022.tmp (deleted)
7f1946cda000-7f1946cdd000 ---p 00000000 00:00 0 
7f1946cdd000-7f1946ddb000 rw-p 00000000 00:00 0                          [stack:14081]
7f1946ddb000-7f1946de5000 r--s 00203000 08:02 1310919                    /usr/lib/jvm/java-7-openjdk-amd64/jre/lib/charsets.jar
7f1946de7000-7f1946dea000 ---p 00000000 00:00 0 
7f1946dea000-7f1946ee8000 rw-p 00000000 00:00 0                          [stack:14064]
7f1946f1e000-7f1946f21000 ---p 00000000 00:00 0 
7f1946f21000-7f194701f000 rw-p 00000000 00:00 0                          [stack:14080]
7f194701f000-7f1947022000 ---p 00000000 00:00 0 
7f1947022000-7f1947120000 rw-p 00000000 00:00 0                          [stack:14079]
7f1947120000-7f194713b000 r--s 00000000 08:02 2362922                    /usr/share/fonts/type1/gsfonts/p052004l.pfb
7f1947140000-7f194715b000 r--s 00000000 08:02 2362925                    /usr/share/fonts/type1/gsfonts/p052023l.pfb
7f1947160000-7f1947172000 r--s 00000000 08:02 2362883                    /usr/share/fonts/type1/gsfonts/n019043l.pfb
7f1947178000-7f1947184000 r--s 00000000 08:02 2362868                    /usr/share/fonts/type1/gsfonts/d050000l.pfb
7f1947188000-7f194719b000 r--s 00000000 08:02 2362847                    /usr/share/fonts/type1/gsfonts/b018015l.pfb
7f19471a0000-7f19471b1000 r--s 00000000 08:02 2362889                    /usr/share/fonts/type1/gsfonts/n019063l.pfb
7f19471b8000-7f19471ca000 r--s 00000000 08:02 2362853                    /usr/share/fonts/type1/gsfonts/b018035l.pfb
7f19471d0000-7f19471e0000 r--s 00000000 08:02 2362832                    /usr/share/fonts/type1/gsfonts/a010013l.pfb
7f19471e0000-7f19471f7000 r--s 00000000 08:02 2362934                    /usr/share/fonts/type1/gsfonts/z003034l.pfb
7f19471f8000-7f194720a000 r--s 00000000 08:02 2362886                    /usr/share/fonts/type1/gsfonts/n019044l.pfb
7f1947210000-7f1947219000 r--s 00000000 08:02 2362931                    /usr/share/fonts/type1/gsfonts/s050000l.pfb
7f1947220000-7f1947221000 r--s 00000000 08:02 2756976                    /var/cache/fontconfig/c05880de57d1f5e948fdfacc138775d9-le64.cache-4
7f1947228000-7f1947233000 r--s 00000000 08:02 2756975                    /var/cache/fontconfig/945677eb7aeaf62f1d50efc3fb3ec7d8-le64.cache-4
7f1947238000-7f194723a000 r--s 00000000 08:02 2756973                    /var/cache/fontconfig/99e8ed0e538f840c565b6ed5dad60d56-le64.cache-4
7f1947240000-7f1947246000 r--s 00000000 08:02 2756972                    /var/cache/fontconfig/2cd17615ca594fa2959ae173292e504c-le64.cache-4
7f1947248000-7f1947249000 r--s 00000000 08:02 2756971                    /var/cache/fontconfig/e7071f4a29fa870f4323321c154eba04-le64.cache-4
7f1947250000-7f1947251000 r--s 00000000 08:02 2756970                    /var/cache/fontconfig/0d8c3b2ac0904cb8a57a757ad11a4a08-le64.cache-4
7f1947258000-7f194725f000 r--s 00000000 08:02 2756969                    /var/cache/fontconfig/a755afe4a08bf5b97852ceb7400b47bc-le64.cache-4
7f1947260000-7f194726c000 r--s 00000000 08:02 2756968                    /var/cache/fontconfig/6d41288fd70b0be22e8c3a91e032eec0-le64.cache-4
7f1947270000-7f1947284000 r--s 00000000 08:02 2756967                    /var/cache/fontconfig/04aabc0a78ac019cf9454389977116d2-le64.cache-4
7f1947288000-7f1947289000 r--s 00000000 08:02 2756966                    /var/cache/fontconfig/1ac9eb803944fde146138c791f5cc56a-le64.cache-4
7f1947290000-7f1947294000 r--s 00000000 08:02 2756965                    /var/cache/fontconfig/385c0604a188198f04d133e54aba7fe7-le64.cache-4
7f1947298000-7f1947299000 r--s 00000000 08:02 2756964                    /var/cache/fontconfig/dc05db6664285cc2f12bf69c139ae4c3-le64.cache-4
7f19472a0000-7f19472a2000 r--s 00000000 08:02 2756963                    /var/cache/fontconfig/767a8244fc0220cfb567a839d0392e0b-le64.cache-4
7f19472a8000-7f19472a9000 r--s 00000000 08:02 2753289                    /var/cache/fontconfig/4794a0821666d79190d59a36cb4f44b5-le64.cache-4
7f19472b0000-7f19472b5000 r--s 00000000 08:02 2756961                    /var/cache/fontconfig/8801497958630a81b71ace7c5f9b32a8-le64.cache-4
7f19472b8000-7f19472bf000 r--s 00000000 08:02 2756960                    /var/cache/fontconfig/3047814df9a2f067bd2d96a2b9c36e5a-le64.cache-4
7f19472c0000-7f19472c1000 r--s 00000000 08:02 2756959                    /var/cache/fontconfig/56cf4f4769d0f4abc89a4895d7bd3ae1-le64.cache-4
7f19472c8000-7f19472c9000 r--s 00000000 08:02 2756958                    /var/cache/fontconfig/b9d506c9ac06c20b433354fa67a72993-le64.cache-4
7f19472d0000-7f19472d6000 r--s 00000000 08:02 2756957                    /var/cache/fontconfig/b47c4e1ecd0709278f4910c18777a504-le64.cache-4
7f19472d8000-7f19472eb000 r--s 00000000 08:02 2756956                    /var/cache/fontconfig/d52a8644073d54c13679302ca1180695-le64.cache-4
7f19472f0000-7f19472fb000 r--s 00000000 08:02 2756954                    /var/cache/fontconfig/d589a48862398ed80a3d6066f4f56f4c-le64.cache-4
7f1947300000-7f1947352000 r-xp 00000000 08:02 1317750                    /usr/lib/jvm/java-7-openjdk-amd64/jre/lib/amd64/libfontmanager.so
7f1947352000-7f1947551000 ---p 00052000 08:02 1317750                    /usr/lib/jvm/java-7-openjdk-amd64/jre/lib/amd64/libfontmanager.so
7f1947551000-7f1947554000 r--p 00051000 08:02 1317750                    /usr/lib/jvm/java-7-openjdk-amd64/jre/lib/amd64/libfontmanager.so
7f1947554000-7f1947555000 rw-p 00054000 08:02 1317750                    /usr/lib/jvm/java-7-openjdk-amd64/jre/lib/amd64/libfontmanager.so
7f1947556000-7f1947559000 ---p 00000000 00:00 0 
7f1947559000-7f1947657000 rw-p 00000000 00:00 0                          [stack:14062]
7f1947657000-7f194765a000 ---p 00000000 00:00 0 
7f194765a000-7f1947758000 rw-p 00000000 00:00 0                          [stack:14061]
7f1947758000-7f1947905000 r-xp 00000000 08:02 271421                     /tmp/javacpp18522517427335/libjniopencv_core.so
7f1947905000-7f1947b05000 ---p 001ad000 08:02 271421                     /tmp/javacpp18522517427335/libjniopencv_core.so
7f1947b05000-7f1947b06000 r--p 001ad000 08:02 271421                     /tmp/javacpp18522517427335/libjniopencv_core.so
7f1947b06000-7f1947b08000 rw-p 001ae000 08:02 271421                     /tmp/javacpp18522517427335/libjniopencv_core.so
7f1947b08000-7f1947b56000 r-xp 00000000 08:02 271420                     /tmp/javacpp18522517427335/libjniopencv_highgui.so
7f1947b56000-7f1947d55000 ---p 0004e000 08:02 271420                     /tmp/javacpp18522517427335/libjniopencv_highgui.so
7f1947d55000-7f1947d56000 r--p 0004d000 08:02 271420                     /tmp/javacpp18522517427335/libjniopencv_highgui.so
7f1947d56000-7f1947d57000 rw-p 0004e000 08:02 271420                     /tmp/javacpp18522517427335/libjniopencv_highgui.so
7f1947d58000-7f1947d9b000 r-xp 00000000 08:02 1188593                    /usr/lib/x86_64-linux-gnu/libjpeg.so.8.0.2
7f1947d9b000-7f1947f9b000 ---p 00043000 08:02 1188593                    /usr/lib/x86_64-linux-gnu/libjpeg.so.8.0.2
7f1947f9b000-7f1947f9c000 r--p 00043000 08:02 1188593                    /usr/lib/x86_64-linux-gnu/libjpeg.so.8.0.2
7f1947f9c000-7f1947f9d000 rw-p 00044000 08:02 1188593                    /usr/lib/x86_64-linux-gnu/libjpeg.so.8.0.2
7f1947f9d000-7f1947fad000 rw-p 00000000 00:00 0 
7f1947fb0000-7f1947fd4000 r-xp 00000000 08:02 1188998                    /usr/lib/x86_64-linux-gnu/libv4lconvert.so.0.0.0
7f1947fd4000-7f19481d4000 ---p 00024000 08:02 1188998                    /usr/lib/x86_64-linux-gnu/libv4lconvert.so.0.0.0
7f19481d4000-7f19481d6000 r--p 00024000 08:02 1188998                    /usr/lib/x86_64-linux-gnu/libv4lconvert.so.0.0.0
7f19481d6000-7f19481d7000 rw-p 00026000 08:02 1188998                    /usr/lib/x86_64-linux-gnu/libv4lconvert.so.0.0.0
7f19481d7000-7f1948229000 rw-p 00000000 00:00 0 
7f1948230000-7f1948236000 r-xp 00000000 08:02 1188131                    /usr/lib/x86_64-linux-gnu/libdatrie.so.1.3.1
7f1948236000-7f1948435000 ---p 00006000 08:02 1188131                    /usr/lib/x86_64-linux-gnu/libdatrie.so.1.3.1
7f1948435000-7f1948436000 r--p 00005000 08:02 1188131                    /usr/lib/x86_64-linux-gnu/libdatrie.so.1.3.1
7f1948436000-7f1948437000 rw-p 00006000 08:02 1188131                    /usr/lib/x86_64-linux-gnu/libdatrie.so.1.3.1
7f1948438000-7f1948452000 r-xp 00000000 08:02 1188402                    /usr/lib/x86_64-linux-gnu/libgraphite2.so.3.0.1
7f1948452000-7f1948651000 ---p 0001a000 08:02 1188402                    /usr/lib/x86_64-linux-gnu/libgraphite2.so.3.0.1
7f1948651000-7f1948653000 r--p 00019000 08:02 1188402                    /usr/lib/x86_64-linux-gnu/libgraphite2.so.3.0.1
7f1948653000-7f1948654000 rw-p 0001b000 08:02 1188402                    /usr/lib/x86_64-linux-gnu/libgraphite2.so.3.0.1
7f1948658000-7f1948661000 r-xp 00000000 08:02 1188996                    /usr/lib/x86_64-linux-gnu/libv4l2.so.0.0.0
7f1948661000-7f1948860000 ---p 00009000 08:02 1188996                    /usr/lib/x86_64-linux-gnu/libv4l2.so.0.0.0
7f1948860000-7f1948861000 r--p 00008000 08:02 1188996                    /usr/lib/x86_64-linux-gnu/libv4l2.so.0.0.0
7f1948861000-7f1948866000 rw-p 00009000 08:02 1188996                    /usr/lib/x86_64-linux-gnu/libv4l2.so.0.0.0
7f1948868000-7f1948870000 r-xp 00000000 08:02 1188953                    /usr/lib/x86_64-linux-gnu/libthai.so.0.2.0
7f1948870000-7f1948a6f000 ---p 00008000 08:02 1188953                    /usr/lib/x86_64-linux-gnu/libthai.so.0.2.0
7f1948a6f000-7f1948a70000 r--p 00007000 08:02 1188953                    /usr/lib/x86_64-linux-gnu/libthai.so.0.2.0
7f1948a70000-7f1948a71000 rw-p 00008000 08:02 1188953                    /usr/lib/x86_64-linux-gnu/libthai.so.0.2.0
7f1948a78000-7f1948acb000 r-xp 00000000 08:02 1179957                    /usr/lib/x86_64-linux-gnu/libharfbuzz.so.0.927.0
7f1948acb000-7f1948ccb000 ---p 00053000 08:02 1179957                    /usr/lib/x86_64-linux-gnu/libharfbuzz.so.0.927.0
7f1948ccb000-7f1948ccc000 r--p 00053000 08:02 1179957                    /usr/lib/x86_64-linux-gnu/libharfbuzz.so.0.927.0
7f1948ccc000-7f1948ccd000 rw-p 00054000 08:02 1179957                    /usr/lib/x86_64-linux-gnu/libharfbuzz.so.0.927.0
7f1948cd0000-7f1948cd8000 r-xp 00000000 08:02 1189074                    /usr/lib/x86_64-linux-gnu/libxcb-render.so.0.0.0
7f1948cd8000-7f1948ed7000 ---p 00008000 08:02 1189074                    /usr/lib/x86_64-linux-gnu/libxcb-render.so.0.0.0
7f1948ed7000-7f1948ed8000 r--p 00007000 08:02 1189074                    /usr/lib/x86_64-linux-gnu/libxcb-render.so.0.0.0
7f1948ed8000-7f1948ed9000 rw-p 00008000 08:02 1189074                    /usr/lib/x86_64-linux-gnu/libxcb-render.so.0.0.0
7f1948ee0000-7f1948ee2000 r-xp 00000000 08:02 1189078                    /usr/lib/x86_64-linux-gnu/libxcb-shm.so.0.0.0
7f1948ee2000-7f19490e1000 ---p 00002000 08:02 1189078                    /usr/lib/x86_64-linux-gnu/libxcb-shm.so.0.0.0
7f19490e1000-7f19490e2000 r--p 00001000 08:02 1189078                    /usr/lib/x86_64-linux-gnu/libxcb-shm.so.0.0.0
7f19490e2000-7f19490e3000 rw-p 00002000 08:02 1189078                    /usr/lib/x86_64-linux-gnu/libxcb-shm.so.0.0.0
7f19490e8000-7f1949189000 r-xp 00000000 08:02 1188793                    /usr/lib/x86_64-linux-gnu/libpixman-1.so.0.30.2
7f1949189000-7f1949389000 ---p 000a1000 08:02 1188793                    /usr/lib/x86_64-linux-gnu/libpixman-1.so.0.30.2
7f1949389000-7f1949390000 r--p 000a1000 08:02 1188793                    /usr/lib/x86_64-linux-gnu/libpixman-1.so.0.30.2
7f1949390000-7f1949391000 rw-p 000a8000 08:02 1188793                    /usr/lib/x86_64-linux-gnu/libpixman-1.so.0.30.2
7f1949398000-7f194939a000 r-xp 00000000 08:02 1187926                    /usr/lib/x86_64-linux-gnu/libXdamage.so.1.1.0
7f194939a000-7f1949599000 ---p 00002000 08:02 1187926                    /usr/lib/x86_64-linux-gnu/libXdamage.so.1.1.0
7f1949599000-7f194959a000 r--p 00001000 08:02 1187926                    /usr/lib/x86_64-linux-gnu/libXdamage.so.1.1.0
7f194959a000-7f194959b000 rw-p 00002000 08:02 1187926                    /usr/lib/x86_64-linux-gnu/libXdamage.so.1.1.0
7f19495a0000-7f19495a2000 r-xp 00000000 08:02 1187922                    /usr/lib/x86_64-linux-gnu/libXcomposite.so.1.0.0
7f19495a2000-7f19497a1000 ---p 00002000 08:02 1187922                    /usr/lib/x86_64-linux-gnu/libXcomposite.so.1.0.0
7f19497a1000-7f19497a2000 r--p 00001000 08:02 1187922                    /usr/lib/x86_64-linux-gnu/libXcomposite.so.1.0.0
7f19497a2000-7f19497a3000 rw-p 00002000 08:02 1187922                    /usr/lib/x86_64-linux-gnu/libXcomposite.so.1.0.0
7f19497a8000-7f19497b1000 r-xp 00000000 08:02 1187948                    /usr/lib/x86_64-linux-gnu/libXrandr.so.2.2.0
7f19497b1000-7f19499b0000 ---p 00009000 08:02 1187948                    /usr/lib/x86_64-linux-gnu/libXrandr.so.2.2.0
7f19499b0000-7f19499b1000 r--p 00008000 08:02 1187948                    /usr/lib/x86_64-linux-gnu/libXrandr.so.2.2.0
7f19499b1000-7f19499b2000 rw-p 00009000 08:02 1187948                    /usr/lib/x86_64-linux-gnu/libXrandr.so.2.2.0
7f19499b8000-7f19499ba000 r-xp 00000000 08:02 1187940                    /usr/lib/x86_64-linux-gnu/libXinerama.so.1.0.0
7f19499ba000-7f1949bb9000 ---p 00002000 08:02 1187940                    /usr/lib/x86_64-linux-gnu/libXinerama.so.1.0.0
7f1949bb9000-7f1949bba000 r--p 00001000 08:02 1187940                    /usr/lib/x86_64-linux-gnu/libXinerama.so.1.0.0
7f1949bba000-7f1949bbb000 rw-p 00002000 08:02 1187940                    /usr/lib/x86_64-linux-gnu/libXinerama.so.1.0.0
7f1949bc0000-7f1949bc5000 r-xp 00000000 08:02 1188994                    /usr/lib/x86_64-linux-gnu/libv4l1.so.0.0.0
7f1949bc5000-7f1949dc4000 ---p 00005000 08:02 1188994                    /usr/lib/x86_64-linux-gnu/libv4l1.so.0.0.0
7f1949dc4000-7f1949dc5000 r--p 00004000 08:02 1188994                    /usr/lib/x86_64-linux-gnu/libv4l1.so.0.0.0
7f1949dc5000-7f1949dc6000 rw-p 00005000 08:02 1188994                    /usr/lib/x86_64-linux-gnu/libv4l1.so.0.0.0
7f1949dc8000-7f1949dc9000 r-xp 00000000 08:02 1181659                    /usr/lib/x86_64-linux-gnu/libgthread-2.0.so.0.4002.0
7f1949dc9000-7f1949fc8000 ---p 00001000 08:02 1181659                    /usr/lib/x86_64-linux-gnu/libgthread-2.0.so.0.4002.0
7f1949fc8000-7f1949fc9000 r--p 00000000 08:02 1181659                    /usr/lib/x86_64-linux-gnu/libgthread-2.0.so.0.4002.0
7f1949fc9000-7f1949fca000 rw-p 00001000 08:02 1181659                    /usr/lib/x86_64-linux-gnu/libgthread-2.0.so.0.4002.0
7f1949fd0000-7f194a01a000 r-xp 00000000 08:02 1181864                    /usr/lib/x86_64-linux-gnu/libpango-1.0.so.0.3600.3
7f194a01a000-7f194a21a000 ---p 0004a000 08:02 1181864                    /usr/lib/x86_64-linux-gnu/libpango-1.0.so.0.3600.3
7f194a21a000-7f194a21c000 r--p 0004a000 08:02 1181864                    /usr/lib/x86_64-linux-gnu/libpango-1.0.so.0.3600.3
7f194a21c000-7f194a21d000 rw-p 0004c000 08:02 1181864                    /usr/lib/x86_64-linux-gnu/libpango-1.0.so.0.3600.3
7f194a220000-7f194a234000 r-xp 00000000 08:02 1181866                    /usr/lib/x86_64-linux-gnu/libpangoft2-1.0.so.0.3600.3
7f194a234000-7f194a433000 ---p 00014000 08:02 1181866                    /usr/lib/x86_64-linux-gnu/libpangoft2-1.0.so.0.3600.3
7f194a433000-7f194a434000 r--p 00013000 08:02 1181866                    /usr/lib/x86_64-linux-gnu/libpangoft2-1.0.so.0.3600.3
7f194a434000-7f194a435000 rw-p 00014000 08:02 1181866                    /usr/lib/x86_64-linux-gnu/libpangoft2-1.0.so.0.3600.3
7f194a438000-7f194a457000 r-xp 00000000 08:02 1188324                    /usr/lib/x86_64-linux-gnu/libgdk_pixbuf-2.0.so.0.3000.7
7f194a457000-7f194a657000 ---p 0001f000 08:02 1188324                    /usr/lib/x86_64-linux-gnu/libgdk_pixbuf-2.0.so.0.3000.7
7f194a657000-7f194a658000 r--p 0001f000 08:02 1188324                    /usr/lib/x86_64-linux-gnu/libgdk_pixbuf-2.0.so.0.3000.7
7f194a658000-7f194a659000 rw-p 00020000 08:02 1188324                    /usr/lib/x86_64-linux-gnu/libgdk_pixbuf-2.0.so.0.3000.7
7f194a660000-7f194a766000 r-xp 00000000 08:02 1184068                    /usr/lib/x86_64-linux-gnu/libcairo.so.2.11301.0
7f194a766000-7f194a965000 ---p 00106000 08:02 1184068                    /usr/lib/x86_64-linux-gnu/libcairo.so.2.11301.0
7f194a965000-7f194a968000 r--p 00105000 08:02 1184068                    /usr/lib/x86_64-linux-gnu/libcairo.so.2.11301.0
7f194a968000-7f194a969000 rw-p 00108000 08:02 1184068                    /usr/lib/x86_64-linux-gnu/libcairo.so.2.11301.0
7f194a969000-7f194a96b000 rw-p 00000000 00:00 0 
7f194a970000-7f194a98f000 r-xp 00000000 08:02 1188009                    /usr/lib/x86_64-linux-gnu/libatk-1.0.so.0.21009.1
7f194a98f000-7f194ab8f000 ---p 0001f000 08:02 1188009                    /usr/lib/x86_64-linux-gnu/libatk-1.0.so.0.21009.1
7f194ab8f000-7f194ab91000 r--p 0001f000 08:02 1188009                    /usr/lib/x86_64-linux-gnu/libatk-1.0.so.0.21009.1
7f194ab91000-7f194ab92000 rw-p 00021000 08:02 1188009                    /usr/lib/x86_64-linux-gnu/libatk-1.0.so.0.21009.1
7f194ab98000-7f194aba3000 r-xp 00000000 08:02 1181862                    /usr/lib/x86_64-linux-gnu/libpangocairo-1.0.so.0.3600.3
7f194aba3000-7f194ada3000 ---p 0000b000 08:02 1181862                    /usr/lib/x86_64-linux-gnu/libpangocairo-1.0.so.0.3600.3
7f194ada3000-7f194ada4000 r--p 0000b000 08:02 1181862                    /usr/lib/x86_64-linux-gnu/libpangocairo-1.0.so.0.3600.3
7f194ada4000-7f194ada5000 rw-p 0000c000 08:02 1181862                    /usr/lib/x86_64-linux-gnu/libpangocairo-1.0.so.0.3600.3
7f194ada8000-7f194ae55000 r-xp 00000000 08:02 1185800                    /usr/lib/x86_64-linux-gnu/libgdk-x11-2.0.so.0.2400.23
7f194ae55000-7f194b054000 ---p 000ad000 08:02 1185800                    /usr/lib/x86_64-linux-gnu/libgdk-x11-2.0.so.0.2400.23
7f194b054000-7f194b058000 r--p 000ac000 08:02 1185800                    /usr/lib/x86_64-linux-gnu/libgdk-x11-2.0.so.0.2400.23
7f194b058000-7f194b05a000 rw-p 000b0000 08:02 1185800                    /usr/lib/x86_64-linux-gnu/libgdk-x11-2.0.so.0.2400.23
7f194b060000-7f194b48f000 r-xp 00000000 08:02 1190134                    /usr/lib/x86_64-linux-gnu/libgtk-x11-2.0.so.0.2400.23
7f194b48f000-7f194b68e000 ---p 0042f000 08:02 1190134                    /usr/lib/x86_64-linux-gnu/libgtk-x11-2.0.so.0.2400.23
7f194b68e000-7f194b695000 r--p 0042e000 08:02 1190134                    /usr/lib/x86_64-linux-gnu/libgtk-x11-2.0.so.0.2400.23
7f194b695000-7f194b699000 rw-p 00435000 08:02 1190134                    /usr/lib/x86_64-linux-gnu/libgtk-x11-2.0.so.0.2400.23
7f194b699000-7f194b69c000 rw-p 00000000 00:00 0 
7f194b6a0000-7f194b8e7000 r-xp 00000000 08:02 271419                     /tmp/javacpp18522517427335/libopencv_highgui.so.2.4
7f194b8e7000-7f194bae7000 ---p 00247000 08:02 271419                     /tmp/javacpp18522517427335/libopencv_highgui.so.2.4
7f194bae7000-7f194baef000 r--p 00247000 08:02 271419                     /tmp/javacpp18522517427335/libopencv_highgui.so.2.4
7f194baef000-7f194baf8000 rw-p 0024f000 08:02 271419                     /tmp/javacpp18522517427335/libopencv_highgui.so.2.4
7f194baf8000-7f194bb00000 rw-p 00000000 00:00 0 
7f194bb00000-7f194bd5b000 r-xp 00000000 08:02 271418                     /tmp/javacpp18522517427335/libopencv_imgproc.so.2.4
7f194bd5b000-7f194bf5b000 ---p 0025b000 08:02 271418                     /tmp/javacpp18522517427335/libopencv_imgproc.so.2.4
7f194bf5b000-7f194bf62000 r--p 0025b000 08:02 271418                     /tmp/javacpp18522517427335/libopencv_imgproc.so.2.4
7f194bf62000-7f194bf64000 rw-p 00262000 08:02 271418                     /tmp/javacpp18522517427335/libopencv_imgproc.so.2.4
7f194bf64000-7f194bff9000 rw-p 00000000 00:00 0 
7f194c000000-7f194c021000 rw-p 00000000 00:00 0 
7f194c021000-7f1950000000 ---p 00000000 00:00 0 
7f1950000000-7f19500c9000 rw-p 00000000 00:00 0 
7f19500c9000-7f1954000000 ---p 00000000 00:00 0 
7f1954000000-7f1954021000 rw-p 00000000 00:00 0 
7f1954021000-7f1958000000 ---p 00000000 00:00 0 
7f1958000000-7f1958009000 r--s 00000000 08:02 2754543                    /var/cache/fontconfig/3f7329c5293ffd510edef78f73874cfd-le64.cache-4
7f1958010000-7f1958011000 r--s 00000000 08:02 2756953                    /var/cache/fontconfig/0c9eb80ebd1c36541ebe2852d3bb0c49-le64.cache-4
7f1958018000-7f195801b000 r--s 00000000 08:02 2756942                    /var/cache/fontconfig/e13b20fdb08344e0e664864cc2ede53d-le64.cache-4
7f1958020000-7f1958024000 r--s 00000000 08:02 2756952                    /var/cache/fontconfig/7ef2298fde41cc6eeb7af42e48b7d293-le64.cache-4
7f1958025000-7f195802a000 r--s 0004d000 08:02 1310924                    /usr/lib/jvm/java-7-openjdk-amd64/jre/lib/jsse.jar
7f1958030000-7f195804b000 r--s 00000000 08:02 2362859                    /usr/share/fonts/type1/gsfonts/c059016l.pfb
7f1958050000-7f1958061000 r--s 00000000 08:02 2362841                    /usr/share/fonts/type1/gsfonts/a010035l.pfb
7f1958068000-7f1958080000 r--s 00000000 08:02 2362862                    /usr/share/fonts/type1/gsfonts/c059033l.pfb
7f1958080000-7f1958095000 r--s 00000000 08:02 2362850                    /usr/share/fonts/type1/gsfonts/b018032l.pfb
7f1958098000-7f19580b4000 r--s 00000000 08:02 2362928                    /usr/share/fonts/type1/gsfonts/p052024l.pfb
7f19580b8000-7f19580c8000 r--s 00000000 08:02 2362838                    /usr/share/fonts/type1/gsfonts/a010033l.pfb
7f19580c8000-7f19580e0000 r--s 00000000 08:02 2362865                    /usr/share/fonts/type1/gsfonts/c059036l.pfb
7f19580e0000-7f19580fb000 r--s 00000000 08:02 2362919                    /usr/share/fonts/type1/gsfonts/p052003l.pfb
7f1958100000-7f19583a9000 r-xp 00000000 08:02 271417                     /tmp/javacpp18522517427335/libopencv_core.so.2.4
7f19583a9000-7f19585a8000 ---p 002a9000 08:02 271417                     /tmp/javacpp18522517427335/libopencv_core.so.2.4
7f19585a8000-7f19585ac000 r--p 002a8000 08:02 271417                     /tmp/javacpp18522517427335/libopencv_core.so.2.4
7f19585ac000-7f19585b5000 rw-p 002ac000 08:02 271417                     /tmp/javacpp18522517427335/libopencv_core.so.2.4
7f19585b5000-7f19585b8000 rw-p 00000000 00:00 0 
7f19585b8000-7f19585e1000 r-xp 00000000 08:02 271416                     /tmp/javacpp18522517427335/libtbb.so
7f19585e1000-7f19587e0000 ---p 00029000 08:02 271416                     /tmp/javacpp18522517427335/libtbb.so
7f19587e0000-7f19587e2000 r--p 00028000 08:02 271416                     /tmp/javacpp18522517427335/libtbb.so
7f19587e2000-7f19587e3000 rw-p 0002a000 08:02 271416                     /tmp/javacpp18522517427335/libtbb.so
7f19587e8000-7f195880e000 r-xp 00000000 08:02 271415                     /tmp/javacpp18522517427335/libjnifreenect.so
7f195880e000-7f1958a0d000 ---p 00026000 08:02 271415                     /tmp/javacpp18522517427335/libjnifreenect.so
7f1958a0d000-7f1958a0e000 r--p 00025000 08:02 271415                     /tmp/javacpp18522517427335/libjnifreenect.so
7f1958a0e000-7f1958a0f000 rw-p 00026000 08:02 271415                     /tmp/javacpp18522517427335/libjnifreenect.so
7f1958a10000-7f1958a13000 r-xp 00000000 08:02 271414                     /tmp/javacpp18522517427335/libfreenect_sync.so
7f1958a13000-7f1958c12000 ---p 00003000 08:02 271414                     /tmp/javacpp18522517427335/libfreenect_sync.so
7f1958c12000-7f1958c13000 r--p 00002000 08:02 271414                     /tmp/javacpp18522517427335/libfreenect_sync.so
7f1958c13000-7f1958c14000 rw-p 00003000 08:02 271414                     /tmp/javacpp18522517427335/libfreenect_sync.so
7f1958c18000-7f1958c26000 r-xp 00000000 08:02 271413                     /tmp/javacpp18522517427335/libfreenect.so
7f1958c26000-7f1958e25000 ---p 0000e000 08:02 271413                     /tmp/javacpp18522517427335/libfreenect.so
7f1958e25000-7f1958e26000 r--p 0000d000 08:02 271413                     /tmp/javacpp18522517427335/libfreenect.so
7f1958e26000-7f1958e27000 rw-p 0000e000 08:02 271413                     /tmp/javacpp18522517427335/libfreenect.so
7f1958e27000-7f1958e28000 ---p 00000000 00:00 0 
7f1958e28000-7f1959628000 rw-p 00000000 00:00 0 
7f1959628000-7f195967a000 r-xp 00000000 08:02 271412                     /tmp/javacpp18522517427335/libjnidc1394.so
7f195967a000-7f1959879000 ---p 00052000 08:02 271412                     /tmp/javacpp18522517427335/libjnidc1394.so
7f1959879000-7f195987a000 r--p 00051000 08:02 271412                     /tmp/javacpp18522517427335/libjnidc1394.so
7f195987a000-7f195987b000 rw-p 00052000 08:02 271412                     /tmp/javacpp18522517427335/libjnidc1394.so
7f1959880000-7f1959888000 r-xp 00000000 08:02 1445949                    /lib/x86_64-linux-gnu/libnih-dbus.so.1.0.0
7f1959888000-7f1959a88000 ---p 00008000 08:02 1445949                    /lib/x86_64-linux-gnu/libnih-dbus.so.1.0.0
7f1959a88000-7f1959a89000 r--p 00008000 08:02 1445949                    /lib/x86_64-linux-gnu/libnih-dbus.so.1.0.0
7f1959a89000-7f1959a8a000 rw-p 00009000 08:02 1445949                    /lib/x86_64-linux-gnu/libnih-dbus.so.1.0.0
7f1959a90000-7f1959aa7000 r-xp 00000000 08:02 1445951                    /lib/x86_64-linux-gnu/libnih.so.1.0.0
7f1959aa7000-7f1959ca6000 ---p 00017000 08:02 1445951                    /lib/x86_64-linux-gnu/libnih.so.1.0.0
7f1959ca6000-7f1959ca7000 r--p 00016000 08:02 1445951                    /lib/x86_64-linux-gnu/libnih.so.1.0.0
7f1959ca7000-7f1959ca8000 rw-p 00017000 08:02 1445951                    /lib/x86_64-linux-gnu/libnih.so.1.0.0
7f1959ca8000-7f1959cc1000 r-xp 00000000 08:02 1444015                    /lib/x86_64-linux-gnu/libcgmanager.so.0.0.0
7f1959cc1000-7f1959ec0000 ---p 00019000 08:02 1444015                    /lib/x86_64-linux-gnu/libcgmanager.so.0.0.0
7f1959ec0000-7f1959ec2000 r--p 00018000 08:02 1444015                    /lib/x86_64-linux-gnu/libcgmanager.so.0.0.0
7f1959ec2000-7f1959ec3000 rw-p 0001a000 08:02 1444015                    /lib/x86_64-linux-gnu/libcgmanager.so.0.0.0
7f1959ec8000-7f1959ed8000 r-xp 00000000 08:02 1442754                    /lib/x86_64-linux-gnu/libudev.so.1.3.5
7f1959ed8000-7f195a0d7000 ---p 00010000 08:02 1442754                    /lib/x86_64-linux-gnu/libudev.so.1.3.5
7f195a0d7000-7f195a0d8000 r--p 0000f000 08:02 1442754                    /lib/x86_64-linux-gnu/libudev.so.1.3.5
7f195a0d8000-7f195a0d9000 rw-p 00010000 08:02 1442754                    /lib/x86_64-linux-gnu/libudev.so.1.3.5
7f195a0e0000-7f195a0f5000 r-xp 00000000 08:02 1446041                    /lib/x86_64-linux-gnu/libusb-1.0.so.0.1.0
7f195a0f5000-7f195a2f5000 ---p 00015000 08:02 1446041                    /lib/x86_64-linux-gnu/libusb-1.0.so.0.1.0
7f195a2f5000-7f195a2f6000 r--p 00015000 08:02 1446041                    /lib/x86_64-linux-gnu/libusb-1.0.so.0.1.0
7f195a2f6000-7f195a2f7000 rw-p 00016000 08:02 1446041                    /lib/x86_64-linux-gnu/libusb-1.0.so.0.1.0
7f195a2f8000-7f195a305000 r-xp 00000000 08:02 1188844                    /usr/lib/x86_64-linux-gnu/libraw1394.so.11.1.0
7f195a305000-7f195a504000 ---p 0000d000 08:02 1188844                    /usr/lib/x86_64-linux-gnu/libraw1394.so.11.1.0
7f195a504000-7f195a505000 r--p 0000c000 08:02 1188844                    /usr/lib/x86_64-linux-gnu/libraw1394.so.11.1.0
7f195a505000-7f195a506000 rw-p 0000d000 08:02 1188844                    /usr/lib/x86_64-linux-gnu/libraw1394.so.11.1.0
7f195a508000-7f195a53b000 r-xp 00000000 08:02 271411                     /tmp/javacpp18522517427335/libdc1394.so.22
7f195a53b000-7f195a73b000 ---p 00033000 08:02 271411                     /tmp/javacpp18522517427335/libdc1394.so.22
7f195a73b000-7f195a73c000 r--p 00033000 08:02 271411                     /tmp/javacpp18522517427335/libdc1394.so.22
7f195a73c000-7f195a73d000 rw-p 00034000 08:02 271411                     /tmp/javacpp18522517427335/libdc1394.so.22
7f195a73d000-7f195a77d000 rw-p 00000000 00:00 0 
7f195a780000-7f195a797000 r-xp 00000000 08:02 1317766                    /usr/lib/jvm/java-7-openjdk-amd64/jre/lib/amd64/libnet.so
7f195a797000-7f195a996000 ---p 00017000 08:02 1317766                    /usr/lib/jvm/java-7-openjdk-amd64/jre/lib/amd64/libnet.so
7f195a996000-7f195a997000 r--p 00016000 08:02 1317766                    /usr/lib/jvm/java-7-openjdk-amd64/jre/lib/amd64/libnet.so
7f195a997000-7f195a998000 rw-p 00017000 08:02 1317766                    /usr/lib/jvm/java-7-openjdk-amd64/jre/lib/amd64/libnet.so
7f195a998000-7f195a9a8000 r-xp 00000000 08:02 1317771                    /usr/lib/jvm/java-7-openjdk-amd64/jre/lib/amd64/libnio.so
7f195a9a8000-7f195aba8000 ---p 00010000 08:02 1317771                    /usr/lib/jvm/java-7-openjdk-amd64/jre/lib/amd64/libnio.so
7f195aba8000-7f195aba9000 r--p 00010000 08:02 1317771                    /usr/lib/jvm/java-7-openjdk-amd64/jre/lib/amd64/libnio.so
7f195aba9000-7f195abaa000 rw-p 00011000 08:02 1317771                    /usr/lib/jvm/java-7-openjdk-amd64/jre/lib/amd64/libnio.so
7f195abae000-7f195abb1000 ---p 00000000 00:00 0 
7f195abb1000-7f195acaf000 rw-p 00000000 00:00 0                          [stack:14078]
7f195acaf000-7f195acb2000 ---p 00000000 00:00 0 
7f195acb2000-7f195adb0000 rw-p 00000000 00:00 0                          [stack:14057]
7f195adb0000-7f195adb5000 r-xp 00000000 08:02 1185797                    /usr/lib/x86_64-linux-gnu/libXfixes.so.3.1.0
7f195adb5000-7f195afb4000 ---p 00005000 08:02 1185797                    /usr/lib/x86_64-linux-gnu/libXfixes.so.3.1.0
7f195afb4000-7f195afb5000 r--p 00004000 08:02 1185797                    /usr/lib/x86_64-linux-gnu/libXfixes.so.3.1.0
7f195afb5000-7f195afb6000 rw-p 00005000 08:02 1185797                    /usr/lib/x86_64-linux-gnu/libXfixes.so.3.1.0
7f195afb8000-7f195afc1000 r-xp 00000000 08:02 1187924                    /usr/lib/x86_64-linux-gnu/libXcursor.so.1.0.2
7f195afc1000-7f195b1c0000 ---p 00009000 08:02 1187924                    /usr/lib/x86_64-linux-gnu/libXcursor.so.1.0.2
7f195b1c0000-7f195b1c1000 r--p 00008000 08:02 1187924                    /usr/lib/x86_64-linux-gnu/libXcursor.so.1.0.2
7f195b1c1000-7f195b1c2000 rw-p 00009000 08:02 1187924                    /usr/lib/x86_64-linux-gnu/libXcursor.so.1.0.2
7f195b1c8000-7f195b1cc000 r-xp 00000000 08:02 1445919                    /lib/x86_64-linux-gnu/libgpg-error.so.0.10.0
7f195b1cc000-7f195b3cb000 ---p 00004000 08:02 1445919                    /lib/x86_64-linux-gnu/libgpg-error.so.0.10.0
7f195b3cb000-7f195b3cc000 r--p 00003000 08:02 1445919                    /lib/x86_64-linux-gnu/libgpg-error.so.0.10.0
7f195b3cc000-7f195b3cd000 rw-p 00004000 08:02 1445919                    /lib/x86_64-linux-gnu/libgpg-error.so.0.10.0
7f195b3d0000-7f195b3d2000 r-xp 00000000 08:02 1445929                    /lib/x86_64-linux-gnu/libkeyutils.so.1.4
7f195b3d2000-7f195b5d2000 ---p 00002000 08:02 1445929                    /lib/x86_64-linux-gnu/libkeyutils.so.1.4
7f195b5d2000-7f195b5d3000 r--p 00002000 08:02 1445929                    /lib/x86_64-linux-gnu/libkeyutils.so.1.4
7f195b5d3000-7f195b5d4000 rw-p 00003000 08:02 1445929                    /lib/x86_64-linux-gnu/libkeyutils.so.1.4
7f195b5d8000-7f195b615000 r-xp 00000000 08:02 1445990                    /lib/x86_64-linux-gnu/libpcre.so.3.13.1
7f195b615000-7f195b814000 ---p 0003d000 08:02 1445990                    /lib/x86_64-linux-gnu/libpcre.so.3.13.1
7f195b814000-7f195b815000 r--p 0003c000 08:02 1445990                    /lib/x86_64-linux-gnu/libpcre.so.3.13.1
7f195b815000-7f195b816000 rw-p 0003d000 08:02 1445990                    /lib/x86_64-linux-gnu/libpcre.so.3.13.1
7f195b818000-7f195b83d000 r-xp 00000000 08:02 1446002                    /lib/x86_64-linux-gnu/libpng12.so.0.50.0
7f195b83d000-7f195ba3c000 ---p 00025000 08:02 1446002                    /lib/x86_64-linux-gnu/libpng12.so.0.50.0
7f195ba3c000-7f195ba3d000 r--p 00024000 08:02 1446002                    /lib/x86_64-linux-gnu/libpng12.so.0.50.0
7f195ba3d000-7f195ba3e000 rw-p 00025000 08:02 1446002                    /lib/x86_64-linux-gnu/libpng12.so.0.50.0
7f195ba40000-7f195ba84000 r-xp 00000000 08:02 1444769                    /lib/x86_64-linux-gnu/libdbus-1.so.3.7.6
7f195ba84000-7f195bc83000 ---p 00044000 08:02 1444769                    /lib/x86_64-linux-gnu/libdbus-1.so.3.7.6
7f195bc83000-7f195bc84000 r--p 00043000 08:02 1444769                    /lib/x86_64-linux-gnu/libdbus-1.so.3.7.6
7f195bc84000-7f195bc85000 rw-p 00044000 08:02 1444769                    /lib/x86_64-linux-gnu/libdbus-1.so.3.7.6
7f195bc88000-7f195bcc3000 r-xp 00000000 08:02 1188762                    /usr/lib/x86_64-linux-gnu/libp11-kit.so.0.0.0
7f195bcc3000-7f195bec2000 ---p 0003b000 08:02 1188762                    /usr/lib/x86_64-linux-gnu/libp11-kit.so.0.0.0
7f195bec2000-7f195bec8000 r--p 0003a000 08:02 1188762                    /usr/lib/x86_64-linux-gnu/libp11-kit.so.0.0.0
7f195bec8000-7f195beca000 rw-p 00040000 08:02 1188762                    /usr/lib/x86_64-linux-gnu/libp11-kit.so.0.0.0
7f195bed0000-7f195bee2000 r-xp 00000000 08:02 1190002                    /usr/lib/x86_64-linux-gnu/libtasn1.so.6.2.0
7f195bee2000-7f195c0e2000 ---p 00012000 08:02 1190002                    /usr/lib/x86_64-linux-gnu/libtasn1.so.6.2.0
7f195c0e2000-7f195c0e3000 r--p 00012000 08:02 1190002                    /usr/lib/x86_64-linux-gnu/libtasn1.so.6.2.0
7f195c0e3000-7f195c0e4000 rw-p 00013000 08:02 1190002                    /usr/lib/x86_64-linux-gnu/libtasn1.so.6.2.0
7f195c0e8000-7f195c164000 r-xp 00000000 08:02 1443002                    /lib/x86_64-linux-gnu/libgcrypt.so.11.8.2
7f195c164000-7f195c364000 ---p 0007c000 08:02 1443002                    /lib/x86_64-linux-gnu/libgcrypt.so.11.8.2
7f195c364000-7f195c365000 r--p 0007c000 08:02 1443002                    /lib/x86_64-linux-gnu/libgcrypt.so.11.8.2
7f195c365000-7f195c368000 rw-p 0007d000 08:02 1443002                    /lib/x86_64-linux-gnu/libgcrypt.so.11.8.2
7f195c368000-7f195c372000 r-xp 00000000 08:02 1185597                    /usr/lib/x86_64-linux-gnu/libkrb5support.so.0.1
7f195c372000-7f195c571000 ---p 0000a000 08:02 1185597                    /usr/lib/x86_64-linux-gnu/libkrb5support.so.0.1
7f195c571000-7f195c572000 r--p 00009000 08:02 1185597                    /usr/lib/x86_64-linux-gnu/libkrb5support.so.0.1
7f195c572000-7f195c573000 rw-p 0000a000 08:02 1185597                    /usr/lib/x86_64-linux-gnu/libkrb5support.so.0.1
7f195c578000-7f195c57b000 r-xp 00000000 08:02 1444828                    /lib/x86_64-linux-gnu/libcom_err.so.2.1
7f195c57b000-7f195c77a000 ---p 00003000 08:02 1444828                    /lib/x86_64-linux-gnu/libcom_err.so.2.1
7f195c77a000-7f195c77b000 r--p 00002000 08:02 1444828                    /lib/x86_64-linux-gnu/libcom_err.so.2.1
7f195c77b000-7f195c77c000 rw-p 00003000 08:02 1444828                    /lib/x86_64-linux-gnu/libcom_err.so.2.1
7f195c780000-7f195c7ac000 r-xp 00000000 08:02 1180183                    /usr/lib/x86_64-linux-gnu/libk5crypto.so.3.1
7f195c7ac000-7f195c9ab000 ---p 0002c000 08:02 1180183                    /usr/lib/x86_64-linux-gnu/libk5crypto.so.3.1
7f195c9ab000-7f195c9ad000 r--p 0002b000 08:02 1180183                    /usr/lib/x86_64-linux-gnu/libk5crypto.so.3.1
7f195c9ad000-7f195c9ae000 rw-p 0002d000 08:02 1180183                    /usr/lib/x86_64-linux-gnu/libk5crypto.so.3.1
7f195c9ae000-7f195c9af000 rw-p 00000000 00:00 0 
7f195c9b0000-7f195ca6c000 r-xp 00000000 08:02 1185595                    /usr/lib/x86_64-linux-gnu/libkrb5.so.3.3
7f195ca6c000-7f195cc6c000 ---p 000bc000 08:02 1185595                    /usr/lib/x86_64-linux-gnu/libkrb5.so.3.3
7f195cc6c000-7f195cc79000 r--p 000bc000 08:02 1185595                    /usr/lib/x86_64-linux-gnu/libkrb5.so.3.3
7f195cc79000-7f195cc7b000 rw-p 000c9000 08:02 1185595                    /usr/lib/x86_64-linux-gnu/libkrb5.so.3.3
7f195cc80000-7f195cc85000 r-xp 00000000 08:02 1187928                    /usr/lib/x86_64-linux-gnu/libXdmcp.so.6.0.0
7f195cc85000-7f195ce84000 ---p 00005000 08:02 1187928                    /usr/lib/x86_64-linux-gnu/libXdmcp.so.6.0.0
7f195ce84000-7f195ce85000 r--p 00004000 08:02 1187928                    /usr/lib/x86_64-linux-gnu/libXdmcp.so.6.0.0
7f195ce85000-7f195ce86000 rw-p 00005000 08:02 1187928                    /usr/lib/x86_64-linux-gnu/libXdmcp.so.6.0.0
7f195ce88000-7f195ce8a000 r-xp 00000000 08:02 1187917                    /usr/lib/x86_64-linux-gnu/libXau.so.6.0.0
7f195ce8a000-7f195d08a000 ---p 00002000 08:02 1187917                    /usr/lib/x86_64-linux-gnu/libXau.so.6.0.0
7f195d08a000-7f195d08b000 r--p 00002000 08:02 1187917                    /usr/lib/x86_64-linux-gnu/libXau.so.6.0.0
7f195d08b000-7f195d08c000 rw-p 00003000 08:02 1187917                    /usr/lib/x86_64-linux-gnu/libXau.so.6.0.0
7f195d090000-7f195d097000 r-xp 00000000 08:02 1188226                    /usr/lib/x86_64-linux-gnu/libffi.so.6.0.1
7f195d097000-7f195d296000 ---p 00007000 08:02 1188226                    /usr/lib/x86_64-linux-gnu/libffi.so.6.0.1
7f195d296000-7f195d297000 r--p 00006000 08:02 1188226                    /usr/lib/x86_64-linux-gnu/libffi.so.6.0.1
7f195d297000-7f195d298000 rw-p 00007000 08:02 1188226                    /usr/lib/x86_64-linux-gnu/libffi.so.6.0.1
7f195d298000-7f195d2af000 r-xp 00000000 08:02 1441817                    /lib/x86_64-linux-gnu/libresolv-2.19.so
7f195d2af000-7f195d4af000 ---p 00017000 08:02 1441817                    /lib/x86_64-linux-gnu/libresolv-2.19.so
7f195d4af000-7f195d4b0000 r--p 00017000 08:02 1441817                    /lib/x86_64-linux-gnu/libresolv-2.19.so
7f195d4b0000-7f195d4b1000 rw-p 00018000 08:02 1441817                    /lib/x86_64-linux-gnu/libresolv-2.19.so
7f195d4b1000-7f195d4b3000 rw-p 00000000 00:00 0 
7f195d4b8000-7f195d4d8000 r-xp 00000000 08:02 1441806                    /lib/x86_64-linux-gnu/libselinux.so.1
7f195d4d8000-7f195d6d7000 ---p 00020000 08:02 1441806                    /lib/x86_64-linux-gnu/libselinux.so.1
7f195d6d7000-7f195d6d8000 r--p 0001f000 08:02 1441806                    /lib/x86_64-linux-gnu/libselinux.so.1
7f195d6d8000-7f195d6d9000 rw-p 00020000 08:02 1441806                    /lib/x86_64-linux-gnu/libselinux.so.1
7f195d6d9000-7f195d6db000 rw-p 00000000 00:00 0 
7f195d6e0000-7f195d7e6000 r-xp 00000000 08:02 1443043                    /lib/x86_64-linux-gnu/libglib-2.0.so.0.4002.0
7f195d7e6000-7f195d9e5000 ---p 00106000 08:02 1443043                    /lib/x86_64-linux-gnu/libglib-2.0.so.0.4002.0
7f195d9e5000-7f195d9e6000 r--p 00105000 08:02 1443043                    /lib/x86_64-linux-gnu/libglib-2.0.so.0.4002.0
7f195d9e6000-7f195d9e7000 rw-p 00106000 08:02 1443043                    /lib/x86_64-linux-gnu/libglib-2.0.so.0.4002.0
7f195d9e7000-7f195d9e8000 rw-p 00000000 00:00 0 
7f195d9e8000-7f195d9eb000 r-xp 00000000 08:02 1181655                    /usr/lib/x86_64-linux-gnu/libgmodule-2.0.so.0.4002.0
7f195d9eb000-7f195dbea000 ---p 00003000 08:02 1181655                    /usr/lib/x86_64-linux-gnu/libgmodule-2.0.so.0.4002.0
7f195dbea000-7f195dbeb000 r--p 00002000 08:02 1181655                    /usr/lib/x86_64-linux-gnu/libgmodule-2.0.so.0.4002.0
7f195dbeb000-7f195dbec000 rw-p 00003000 08:02 1181655                    /usr/lib/x86_64-linux-gnu/libgmodule-2.0.so.0.4002.0
7f195dbf0000-7f195dc17000 r-xp 00000000 08:02 1445908                    /lib/x86_64-linux-gnu/libexpat.so.1.6.0
7f195dc17000-7f195de17000 ---p 00027000 08:02 1445908                    /lib/x86_64-linux-gnu/libexpat.so.1.6.0
7f195de17000-7f195de19000 r--p 00027000 08:02 1445908                    /lib/x86_64-linux-gnu/libexpat.so.1.6.0
7f195de19000-7f195de1a000 rw-p 00029000 08:02 1445908                    /lib/x86_64-linux-gnu/libexpat.so.1.6.0
7f195de20000-7f195debd000 r-xp 00000000 08:02 1180395                    /usr/lib/x86_64-linux-gnu/libfreetype.so.6.11.1
7f195debd000-7f195e0bc000 ---p 0009d000 08:02 1180395                    /usr/lib/x86_64-linux-gnu/libfreetype.so.6.11.1
7f195e0bc000-7f195e0c2000 r--p 0009c000 08:02 1180395                    /usr/lib/x86_64-linux-gnu/libfreetype.so.6.11.1
7f195e0c2000-7f195e0c3000 rw-p 000a2000 08:02 1180395                    /usr/lib/x86_64-linux-gnu/libfreetype.so.6.11.1
7f195e0c8000-7f195e0d7000 r-xp 00000000 08:02 1188021                    /usr/lib/x86_64-linux-gnu/libavahi-client.so.3.2.9
7f195e0d7000-7f195e2d7000 ---p 0000f000 08:02 1188021                    /usr/lib/x86_64-linux-gnu/libavahi-client.so.3.2.9
7f195e2d7000-7f195e2d8000 r--p 0000f000 08:02 1188021                    /usr/lib/x86_64-linux-gnu/libavahi-client.so.3.2.9
7f195e2d8000-7f195e2d9000 rw-p 00010000 08:02 1188021                    /usr/lib/x86_64-linux-gnu/libavahi-client.so.3.2.9
7f195e2e0000-7f195e2eb000 r-xp 00000000 08:02 1188023                    /usr/lib/x86_64-linux-gnu/libavahi-common.so.3.5.3
7f195e2eb000-7f195e4ea000 ---p 0000b000 08:02 1188023                    /usr/lib/x86_64-linux-gnu/libavahi-common.so.3.5.3
7f195e4ea000-7f195e4eb000 r--p 0000a000 08:02 1188023                    /usr/lib/x86_64-linux-gnu/libavahi-common.so.3.5.3
7f195e4eb000-7f195e4ec000 rw-p 0000b000 08:02 1188023                    /usr/lib/x86_64-linux-gnu/libavahi-common.so.3.5.3
7f195e4f0000-7f195e5a6000 r-xp 00000000 08:02 1183583                    /usr/lib/x86_64-linux-gnu/libgnutls.so.26.22.6
7f195e5a6000-7f195e7a6000 ---p 000b6000 08:02 1183583                    /usr/lib/x86_64-linux-gnu/libgnutls.so.26.22.6
7f195e7a6000-7f195e7ac000 r--p 000b6000 08:02 1183583                    /usr/lib/x86_64-linux-gnu/libgnutls.so.26.22.6
7f195e7ac000-7f195e7ad000 rw-p 000bc000 08:02 1183583                    /usr/lib/x86_64-linux-gnu/libgnutls.so.26.22.6
7f195e7ad000-7f195e7ae000 rw-p 00000000 00:00 0 
7f195e7b0000-7f195e7f3000 r-xp 00000000 08:02 1182323                    /usr/lib/x86_64-linux-gnu/libgssapi_krb5.so.2.2
7f195e7f3000-7f195e9f3000 ---p 00043000 08:02 1182323                    /usr/lib/x86_64-linux-gnu/libgssapi_krb5.so.2.2
7f195e9f3000-7f195e9f4000 r--p 00043000 08:02 1182323                    /usr/lib/x86_64-linux-gnu/libgssapi_krb5.so.2.2
7f195e9f4000-7f195e9f6000 rw-p 00044000 08:02 1182323                    /usr/lib/x86_64-linux-gnu/libgssapi_krb5.so.2.2
7f195e9f8000-7f195ea15000 r-xp 00000000 08:02 1189092                    /usr/lib/x86_64-linux-gnu/libxcb.so.1.1.0
7f195ea15000-7f195ec15000 ---p 0001d000 08:02 1189092                    /usr/lib/x86_64-linux-gnu/libxcb.so.1.1.0
7f195ec15000-7f195ec16000 r--p 0001d000 08:02 1189092                    /usr/lib/x86_64-linux-gnu/libxcb.so.1.1.0
7f195ec16000-7f195ec17000 rw-p 0001e000 08:02 1189092                    /usr/lib/x86_64-linux-gnu/libxcb.so.1.1.0
7f195ec18000-7f195ec67000 r-xp 00000000 08:02 1181657                    /usr/lib/x86_64-linux-gnu/libgobject-2.0.so.0.4002.0
7f195ec67000-7f195ee67000 ---p 0004f000 08:02 1181657                    /usr/lib/x86_64-linux-gnu/libgobject-2.0.so.0.4002.0
7f195ee67000-7f195ee68000 r--p 0004f000 08:02 1181657                    /usr/lib/x86_64-linux-gnu/libgobject-2.0.so.0.4002.0
7f195ee68000-7f195ee69000 rw-p 00050000 08:02 1181657                    /usr/lib/x86_64-linux-gnu/libgobject-2.0.so.0.4002.0
7f195ee70000-7f195efdc000 r-xp 00000000 08:02 1181661                    /usr/lib/x86_64-linux-gnu/libgio-2.0.so.0.4002.0
7f195efdc000-7f195f1db000 ---p 0016c000 08:02 1181661                    /usr/lib/x86_64-linux-gnu/libgio-2.0.so.0.4002.0
7f195f1db000-7f195f1df000 r--p 0016b000 08:02 1181661                    /usr/lib/x86_64-linux-gnu/libgio-2.0.so.0.4002.0
7f195f1df000-7f195f1e1000 rw-p 0016f000 08:02 1181661                    /usr/lib/x86_64-linux-gnu/libgio-2.0.so.0.4002.0
7f195f1e1000-7f195f1e3000 rw-p 00000000 00:00 0 
7f195f1e8000-7f195f222000 r-xp 00000000 08:02 1196543                    /usr/lib/x86_64-linux-gnu/libfontconfig.so.1.8.0
7f195f222000-7f195f421000 ---p 0003a000 08:02 1196543                    /usr/lib/x86_64-linux-gnu/libfontconfig.so.1.8.0
7f195f421000-7f195f423000 r--p 00039000 08:02 1196543                    /usr/lib/x86_64-linux-gnu/libfontconfig.so.1.8.0
7f195f423000-7f195f424000 rw-p 0003b000 08:02 1196543                    /usr/lib/x86_64-linux-gnu/libfontconfig.so.1.8.0
7f195f428000-7f195f494000 r-xp 00000000 08:02 1180391                    /usr/lib/x86_64-linux-gnu/libcups.so.2
7f195f494000-7f195f694000 ---p 0006c000 08:02 1180391                    /usr/lib/x86_64-linux-gnu/libcups.so.2
7f195f694000-7f195f69b000 r--p 0006c000 08:02 1180391                    /usr/lib/x86_64-linux-gnu/libcups.so.2
7f195f69b000-7f195f69c000 rw-p 00073000 08:02 1180391                    /usr/lib/x86_64-linux-gnu/libcups.so.2
7f195f6a0000-7f195f6af000 r-xp 00000000 08:02 1188440                    /usr/lib/x86_64-linux-gnu/libXi.so.6.1.0
7f195f6af000-7f195f8ae000 ---p 0000f000 08:02 1188440                    /usr/lib/x86_64-linux-gnu/libXi.so.6.1.0
7f195f8ae000-7f195f8af000 r--p 0000e000 08:02 1188440                    /usr/lib/x86_64-linux-gnu/libXi.so.6.1.0
7f195f8af000-7f195f8b0000 rw-p 0000f000 08:02 1188440                    /usr/lib/x86_64-linux-gnu/libXi.so.6.1.0
7f195f8b0000-7f195f8b5000 r-xp 00000000 08:02 1187956                    /usr/lib/x86_64-linux-gnu/libXtst.so.6.1.0
7f195f8b5000-7f195fab4000 ---p 00005000 08:02 1187956                    /usr/lib/x86_64-linux-gnu/libXtst.so.6.1.0
7f195fab4000-7f195fab5000 r--p 00004000 08:02 1187956                    /usr/lib/x86_64-linux-gnu/libXtst.so.6.1.0
7f195fab5000-7f195fab6000 rw-p 00005000 08:02 1187956                    /usr/lib/x86_64-linux-gnu/libXtst.so.6.1.0
7f195fab8000-7f195fac1000 r-xp 00000000 08:02 1190129                    /usr/lib/x86_64-linux-gnu/libXrender.so.1.3.0
7f195fac1000-7f195fcc0000 ---p 00009000 08:02 1190129                    /usr/lib/x86_64-linux-gnu/libXrender.so.1.3.0
7f195fcc0000-7f195fcc1000 r--p 00008000 08:02 1190129                    /usr/lib/x86_64-linux-gnu/libXrender.so.1.3.0
7f195fcc1000-7f195fcc2000 rw-p 00009000 08:02 1190129                    /usr/lib/x86_64-linux-gnu/libXrender.so.1.3.0
7f195fcc8000-7f195fdf8000 r-xp 00000000 08:02 1187913                    /usr/lib/x86_64-linux-gnu/libX11.so.6.3.0
7f195fdf8000-7f195fff8000 ---p 00130000 08:02 1187913                    /usr/lib/x86_64-linux-gnu/libX11.so.6.3.0
7f195fff8000-7f195fff9000 r--p 00130000 08:02 1187913                    /usr/lib/x86_64-linux-gnu/libX11.so.6.3.0
7f195fff9000-7f195fffd000 rw-p 00131000 08:02 1187913                    /usr/lib/x86_64-linux-gnu/libX11.so.6.3.0
7f1960000000-7f1960021000 rw-p 00000000 00:00 0 
7f1960021000-7f1964000000 ---p 00000000 00:00 0 
7f1964000000-7f1964021000 rw-p 00000000 00:00 0 
7f1964021000-7f1968000000 ---p 00000000 00:00 0 
7f1968000000-7f1968a3c000 rw-p 00000000 00:00 0 
7f1968a3c000-7f196c000000 ---p 00000000 00:00 0 
7f196c000000-7f196c5de000 rw-p 00000000 00:00 0 
7f196c5de000-7f1970000000 ---p 00000000 00:00 0 
7f1970000000-7f1970021000 rw-p 00000000 00:00 0 
7f1970021000-7f1974000000 ---p 00000000 00:00 0 
7f1974000000-7f1974021000 rw-p 00000000 00:00 0 
7f1974021000-7f1978000000 ---p 00000000 00:00 0 
7f1978000000-7f1978021000 rw-p 00000000 00:00 0 
7f1978021000-7f197c000000 ---p 00000000 00:00 0 
7f197c007000-7f197c00a000 ---p 00000000 00:00 0 
7f197c00a000-7f197c108000 rw-p 00000000 00:00 0                          [stack:14056]
7f197c108000-7f197c119000 r-xp 00000000 08:02 1190118                    /usr/lib/x86_64-linux-gnu/libXext.so.6.4.0
7f197c119000-7f197c318000 ---p 00011000 08:02 1190118                    /usr/lib/x86_64-linux-gnu/libXext.so.6.4.0
7f197c318000-7f197c319000 r--p 00010000 08:02 1190118                    /usr/lib/x86_64-linux-gnu/libXext.so.6.4.0
7f197c319000-7f197c31a000 rw-p 00011000 08:02 1190118                    /usr/lib/x86_64-linux-gnu/libXext.so.6.4.0
7f197c320000-7f1980000000 rw-p 00000000 00:00 0 
7f1980000000-7f1980021000 rw-p 00000000 00:00 0 
7f1980021000-7f1984000000 ---p 00000000 00:00 0 
7f1984000000-7f19840d1000 rw-p 00000000 00:00 0 
7f19840d1000-7f1988000000 ---p 00000000 00:00 0 
7f1988000000-7f1988021000 rw-p 00000000 00:00 0 
7f1988021000-7f198c000000 ---p 00000000 00:00 0 
7f198c008000-7f198c01b000 r--s 00000000 08:02 2362892                    /usr/share/fonts/type1/gsfonts/n019064l.pfb
7f198c020000-7f198c030000 r--s 00000000 08:02 2362835                    /usr/share/fonts/type1/gsfonts/a010015l.pfb
7f198c030000-7f198c04a000 r--s 00000000 08:02 2362856                    /usr/share/fonts/type1/gsfonts/c059013l.pfb
7f198c050000-7f198c069000 r--s 00000000 08:02 2362844                    /usr/share/fonts/type1/gsfonts/b018012l.pfb
7f198c070000-7f198c077000 r--s 00000000 08:02 1713734                    /usr/lib/x86_64-linux-gnu/gconv/gconv-modules.cache
7f198c077000-7f198c0a8000 rw-p 00000000 00:00 0 
7f198c0a8000-7f198c0f0000 r-xp 00000000 08:02 1311229                    /usr/lib/jvm/java-7-openjdk-amd64/jre/lib/amd64/xawt/libmawt.so
7f198c0f0000-7f198c2ef000 ---p 00048000 08:02 1311229                    /usr/lib/jvm/java-7-openjdk-amd64/jre/lib/amd64/xawt/libmawt.so
7f198c2ef000-7f198c2f0000 r--p 00047000 08:02 1311229                    /usr/lib/jvm/java-7-openjdk-amd64/jre/lib/amd64/xawt/libmawt.so
7f198c2f0000-7f198c2f3000 rw-p 00048000 08:02 1311229                    /usr/lib/jvm/java-7-openjdk-amd64/jre/lib/amd64/xawt/libmawt.so
7f198c2f3000-7f198c2f4000 rw-p 00000000 00:00 0 
7f198c2f8000-7f198c398000 r-xp 00000000 08:02 1317752                    /usr/lib/jvm/java-7-openjdk-amd64/jre/lib/amd64/libawt.so
7f198c398000-7f198c598000 ---p 000a0000 08:02 1317752                    /usr/lib/jvm/java-7-openjdk-amd64/jre/lib/amd64/libawt.so
7f198c598000-7f198c599000 r--p 000a0000 08:02 1317752                    /usr/lib/jvm/java-7-openjdk-amd64/jre/lib/amd64/libawt.so
7f198c599000-7f198c5a4000 rw-p 000a1000 08:02 1317752                    /usr/lib/jvm/java-7-openjdk-amd64/jre/lib/amd64/libawt.so
7f198c5a4000-7f198c5c9000 rw-p 00000000 00:00 0 
7f198c5ce000-7f198c5d8000 r--s 000ae000 08:02 1310920                    /usr/lib/jvm/java-7-openjdk-amd64/jre/lib/resources.jar
7f198c5de000-7f198c5e2000 r--s 000a6000 08:02 2901832                    /home/xrousakis/.m2/repository/net/java/dev/jna/jna/3.5.1/jna-3.5.1.jar
7f198c5e3000-7f198c5e5000 r--s 0000b000 08:02 2105256                    /home/xrousakis/.m2/repository/com/github/tulskiy/jkeymaster/1.1/jkeymaster-1.1.jar
7f198c5e9000-7f198c5eb000 r--s 00029000 08:02 2244940                    /home/xrousakis/.m2/repository/org/bytedeco/javacpp-presets/artoolkitplus/2.3.0-0.8/artoolkitplus-2.3.0-0.8-linux-x86_64.jar
7f198c5f0000-7f198c5f1000 r--s 00000000 08:02 2244936                    /home/xrousakis/.m2/repository/org/bytedeco/javacpp-presets/videoinput/0.200-0.8/videoinput-0.200-0.8-linux-x86_64.jar
7f198c5f2000-7f198c5f4000 r--s 00012000 08:02 2244934                    /home/xrousakis/.m2/repository/org/bytedeco/javacpp-presets/libfreenect/0.4-0.8/libfreenect-0.4-0.8-linux-x86_64.jar
7f198c5f7000-7f198c5f8000 r--s 00027000 08:02 2244931                    /home/xrousakis/.m2/repository/org/bytedeco/javacpp-presets/libdc1394/2.2.2-0.8/libdc1394-2.2.2-0.8-linux-x86_64.jar
7f198c5f8000-7f198c5f9000 r--s 00000000 08:02 2244929                    /home/xrousakis/.m2/repository/org/bytedeco/javacpp-presets/flycapture/1.7.17-0.8/flycapture-1.7.17-0.8-linux-x86_64.jar
7f198c5ff000-7f198c601000 r--s 0061f000 08:02 2244944                    /home/xrousakis/.m2/repository/org/bytedeco/javacpp-presets/ffmpeg/2.2.1-0.8/ffmpeg-2.2.1-0.8-linux-x86_64.jar
7f198c605000-7f198c607000 r--s 00785000 08:02 2244956                    /home/xrousakis/.m2/repository/org/bytedeco/javacpp-presets/opencv/2.4.9-0.8/opencv-2.4.9-0.8-linux-x86_64.jar
7f198c60d000-7f198c60e000 r--s 00005000 08:02 2244924                    /home/xrousakis/.m2/repository/org/bytedeco/javacpp-presets/artoolkitplus/2.3.0-0.8/artoolkitplus-2.3.0-0.8.jar
7f198c613000-7f198c614000 r--s 00003000 08:02 2244923                    /home/xrousakis/.m2/repository/org/bytedeco/javacpp-presets/videoinput/0.200-0.8/videoinput-0.200-0.8.jar
7f198c614000-7f198c616000 r--s 00004000 08:02 2244920                    /home/xrousakis/.m2/repository/org/bytedeco/javacpp-presets/libfreenect/0.4-0.8/libfreenect-0.4-0.8.jar
7f198c616000-7f198c618000 r--s 00006000 08:02 2244916                    /home/xrousakis/.m2/repository/org/bytedeco/javacpp-presets/libdc1394/2.2.2-0.8/libdc1394-2.2.2-0.8.jar
7f198c61e000-7f198c624000 r--s 0002e000 08:02 2244912                    /home/xrousakis/.m2/repository/org/bytedeco/javacpp-presets/ffmpeg/2.2.1-0.8/ffmpeg-2.2.1-0.8.jar
7f198c62b000-7f198c62c000 ---p 00000000 00:00 0 
7f198c62c000-7f198c72c000 rw-p 00000000 00:00 0                          [stack:14055]
7f198c72c000-7f198c72f000 ---p 00000000 00:00 0 
7f198c72f000-7f198c82d000 rw-p 00000000 00:00 0                          [stack:14054]
7f198c82d000-7f198c830000 ---p 00000000 00:00 0 
7f198c830000-7f198c92e000 rw-p 00000000 00:00 0                          [stack:14053]
7f198c92e000-7f198c931000 ---p 00000000 00:00 0 
7f198c931000-7f198ca2f000 rw-p 00000000 00:00 0                          [stack:14052]
7f198ca2f000-7f198ca32000 ---p 00000000 00:00 0 
7f198ca32000-7f198cb30000 rw-p 00000000 00:00 0                          [stack:14051]
7f198cb30000-7f198cdfa000 r--p 00000000 08:02 1186322                    /usr/lib/locale/locale-archive
7f198cdfe000-7f198ce01000 ---p 00000000 00:00 0 
7f198ce01000-7f198ceff000 rw-p 00000000 00:00 0                          [stack:14050]
7f198ceff000-7f198cf02000 ---p 00000000 00:00 0 
7f198cf02000-7f198d000000 rw-p 00000000 00:00 0                          [stack:14049]
7f198d000000-7f198d270000 rwxp 00000000 00:00 0 
7f198d270000-7f1990529000 rw-p 00000000 00:00 0 
7f1990529000-7f1994000000 ---p 00000000 00:00 0 
7f1994004000-7f1994006000 r--s 00004000 08:02 2244911                    /home/xrousakis/.m2/repository/org/bytedeco/javacpp-presets/flycapture/1.7.17-0.8/flycapture-1.7.17-0.8.jar
7f199400a000-7f199401c000 r--s 000b2000 08:02 2244913                    /home/xrousakis/.m2/repository/org/bytedeco/javacpp-presets/opencv/2.4.9-0.8/opencv-2.4.9-0.8.jar
7f1994022000-7f1994026000 r--s 0002a000 08:02 2244914                    /home/xrousakis/.m2/repository/org/bytedeco/javacpp/0.8/javacpp-0.8.jar
7f199402c000-7f1994031000 r--s 0004c000 08:02 2244918                    /home/xrousakis/.m2/repository/org/bytedeco/javacv/0.8/javacv-0.8.jar
7f1994035000-7f1994039000 r--s 00085000 08:02 1310935                    /usr/lib/jvm/java-7-openjdk-amd64/jre/lib/ext/localedata.jar
7f199403f000-7f1994042000 r--s 0000f000 08:02 1310939                    /usr/lib/jvm/java-7-openjdk-amd64/jre/lib/ext/icedtea-sound.jar
7f1994043000-7f1994044000 ---p 00000000 00:00 0 
7f1994044000-7f1994af9000 rw-p 00000000 00:00 0                          [stack:14048]
7f1994af9000-7f1994caa000 r--s 01d29000 08:02 1310916                    /usr/lib/jvm/java-7-openjdk-amd64/jre/lib/rt.jar
7f1994cac000-7f199519a000 rw-p 00000000 00:00 0 
7f199519a000-7f199519b000 ---p 00000000 00:00 0 
7f199519b000-7f199529b000 rw-p 00000000 00:00 0                          [stack:14047]
7f199529b000-7f199529c000 ---p 00000000 00:00 0 
7f199529c000-7f19953a7000 rw-p 00000000 00:00 0                          [stack:14046]
7f19953a7000-7f19953ef000 rw-p 00000000 00:00 0 
7f19953ef000-7f1995414000 rw-p 00000000 00:00 0 
7f1995414000-7f1995641000 rw-p 00000000 00:00 0 
7f1995641000-7f199564c000 rw-p 00000000 00:00 0 
7f199564c000-7f1995694000 rw-p 00000000 00:00 0 
7f1995694000-7f19956b9000 rw-p 00000000 00:00 0 
7f19956b9000-7f19958e6000 rw-p 00000000 00:00 0 
7f19958e6000-7f19958f9000 rw-p 00000000 00:00 0 
7f19958f9000-7f1995a0f000 rw-p 00000000 00:00 0 
7f1995a0f000-7f1995a10000 rw-p 00000000 00:00 0 
7f1995a10000-7f1995a18000 r-xp 00000000 08:02 1310955                    /usr/lib/jvm/java-7-openjdk-amd64/jre/lib/amd64/libzip.so
7f1995a18000-7f1995c17000 ---p 00008000 08:02 1310955                    /usr/lib/jvm/java-7-openjdk-amd64/jre/lib/amd64/libzip.so
7f1995c17000-7f1995c18000 r--p 00007000 08:02 1310955                    /usr/lib/jvm/java-7-openjdk-amd64/jre/lib/amd64/libzip.so
7f1995c18000-7f1995c19000 rw-p 00008000 08:02 1310955                    /usr/lib/jvm/java-7-openjdk-amd64/jre/lib/amd64/libzip.so
7f1995c20000-7f1995c2b000 r-xp 00000000 08:02 1444608                    /lib/x86_64-linux-gnu/libnss_files-2.19.so
7f1995c2b000-7f1995e2a000 ---p 0000b000 08:02 1444608                    /lib/x86_64-linux-gnu/libnss_files-2.19.so
7f1995e2a000-7f1995e2b000 r--p 0000a000 08:02 1444608                    /lib/x86_64-linux-gnu/libnss_files-2.19.so
7f1995e2b000-7f1995e2c000 rw-p 0000b000 08:02 1444608                    /lib/x86_64-linux-gnu/libnss_files-2.19.so
7f1995e30000-7f1995e3b000 r-xp 00000000 08:02 1444820                    /lib/x86_64-linux-gnu/libnss_nis-2.19.so
7f1995e3b000-7f199603a000 ---p 0000b000 08:02 1444820                    /lib/x86_64-linux-gnu/libnss_nis-2.19.so
7f199603a000-7f199603b000 r--p 0000a000 08:02 1444820                    /lib/x86_64-linux-gnu/libnss_nis-2.19.so
7f199603b000-7f199603c000 rw-p 0000b000 08:02 1444820                    /lib/x86_64-linux-gnu/libnss_nis-2.19.so
7f1996040000-7f1996057000 r-xp 00000000 08:02 1444807                    /lib/x86_64-linux-gnu/libnsl-2.19.so
7f1996057000-7f1996256000 ---p 00017000 08:02 1444807                    /lib/x86_64-linux-gnu/libnsl-2.19.so
7f1996256000-7f1996257000 r--p 00016000 08:02 1444807                    /lib/x86_64-linux-gnu/libnsl-2.19.so
7f1996257000-7f1996258000 rw-p 00017000 08:02 1444807                    /lib/x86_64-linux-gnu/libnsl-2.19.so
7f1996258000-7f199625a000 rw-p 00000000 00:00 0 
7f1996260000-7f1996269000 r-xp 00000000 08:02 1444806                    /lib/x86_64-linux-gnu/libnss_compat-2.19.so
7f1996269000-7f1996468000 ---p 00009000 08:02 1444806                    /lib/x86_64-linux-gnu/libnss_compat-2.19.so
7f1996468000-7f1996469000 r--p 00008000 08:02 1444806                    /lib/x86_64-linux-gnu/libnss_compat-2.19.so
7f1996469000-7f199646a000 rw-p 00009000 08:02 1444806                    /lib/x86_64-linux-gnu/libnss_compat-2.19.so
7f1996470000-7f199649b000 r-xp 00000000 08:02 1317774                    /usr/lib/jvm/java-7-openjdk-amd64/jre/lib/amd64/libjava.so
7f199649b000-7f199669a000 ---p 0002b000 08:02 1317774                    /usr/lib/jvm/java-7-openjdk-amd64/jre/lib/amd64/libjava.so
7f199669a000-7f199669b000 r--p 0002a000 08:02 1317774                    /usr/lib/jvm/java-7-openjdk-amd64/jre/lib/amd64/libjava.so
7f199669b000-7f199669d000 rw-p 0002b000 08:02 1317774                    /usr/lib/jvm/java-7-openjdk-amd64/jre/lib/amd64/libjava.so
7f19966a0000-7f19966b0000 r-xp 00000000 08:02 1317755                    /usr/lib/jvm/java-7-openjdk-amd64/jre/lib/amd64/libverify.so
7f19966b0000-7f19968af000 ---p 00010000 08:02 1317755                    /usr/lib/jvm/java-7-openjdk-amd64/jre/lib/amd64/libverify.so
7f19968af000-7f19968b1000 r--p 0000f000 08:02 1317755                    /usr/lib/jvm/java-7-openjdk-amd64/jre/lib/amd64/libverify.so
7f19968b1000-7f19968b2000 rw-p 00011000 08:02 1317755                    /usr/lib/jvm/java-7-openjdk-amd64/jre/lib/amd64/libverify.so
7f19968b8000-7f19968bf000 r-xp 00000000 08:02 1444817                    /lib/x86_64-linux-gnu/librt-2.19.so
7f19968bf000-7f1996abe000 ---p 00007000 08:02 1444817                    /lib/x86_64-linux-gnu/librt-2.19.so
7f1996abe000-7f1996abf000 r--p 00006000 08:02 1444817                    /lib/x86_64-linux-gnu/librt-2.19.so
7f1996abf000-7f1996ac0000 rw-p 00007000 08:02 1444817                    /lib/x86_64-linux-gnu/librt-2.19.so
7f1996ac0000-7f1996ad6000 r-xp 00000000 08:02 1441904                    /lib/x86_64-linux-gnu/libgcc_s.so.1
7f1996ad6000-7f1996cd5000 ---p 00016000 08:02 1441904                    /lib/x86_64-linux-gnu/libgcc_s.so.1
7f1996cd5000-7f1996cd6000 rw-p 00015000 08:02 1441904                    /lib/x86_64-linux-gnu/libgcc_s.so.1
7f1996cd8000-7f1996ddd000 r-xp 00000000 08:02 1443041                    /lib/x86_64-linux-gnu/libm-2.19.so
7f1996ddd000-7f1996fdc000 ---p 00105000 08:02 1443041                    /lib/x86_64-linux-gnu/libm-2.19.so
7f1996fdc000-7f1996fdd000 r--p 00104000 08:02 1443041                    /lib/x86_64-linux-gnu/libm-2.19.so
7f1996fdd000-7f1996fde000 rw-p 00105000 08:02 1443041                    /lib/x86_64-linux-gnu/libm-2.19.so
7f1996fe0000-7f19970c6000 r-xp 00000000 08:02 1188933                    /usr/lib/x86_64-linux-gnu/libstdc++.so.6.0.19
7f19970c6000-7f19972c5000 ---p 000e6000 08:02 1188933                    /usr/lib/x86_64-linux-gnu/libstdc++.so.6.0.19
7f19972c5000-7f19972cd000 r--p 000e5000 08:02 1188933                    /usr/lib/x86_64-linux-gnu/libstdc++.so.6.0.19
7f19972cd000-7f19972cf000 rw-p 000ed000 08:02 1188933                    /usr/lib/x86_64-linux-gnu/libstdc++.so.6.0.19
7f19972cf000-7f19972e4000 rw-p 00000000 00:00 0 
7f19972e8000-7f1997e01000 r-xp 00000000 08:02 1317743                    /usr/lib/jvm/java-7-openjdk-amd64/jre/lib/amd64/server/libjvm.so
7f1997e01000-7f1998001000 ---p 00b19000 08:02 1317743                    /usr/lib/jvm/java-7-openjdk-amd64/jre/lib/amd64/server/libjvm.so
7f1998001000-7f199809b000 r--p 00b19000 08:02 1317743                    /usr/lib/jvm/java-7-openjdk-amd64/jre/lib/amd64/server/libjvm.so
7f199809b000-7f19980be000 rw-p 00bb3000 08:02 1317743                    /usr/lib/jvm/java-7-openjdk-amd64/jre/lib/amd64/server/libjvm.so
7f19980be000-7f19980ec000 rw-p 00000000 00:00 0 
7f19980f0000-7f1998108000 r-xp 00000000 08:02 1446050                    /lib/x86_64-linux-gnu/libz.so.1.2.8
7f1998108000-7f1998307000 ---p 00018000 08:02 1446050                    /lib/x86_64-linux-gnu/libz.so.1.2.8
7f1998307000-7f1998308000 r--p 00017000 08:02 1446050                    /lib/x86_64-linux-gnu/libz.so.1.2.8
7f1998308000-7f1998309000 rw-p 00018000 08:02 1446050                    /lib/x86_64-linux-gnu/libz.so.1.2.8
7f1998310000-7f1998329000 r-xp 00000000 08:02 1444815                    /lib/x86_64-linux-gnu/libpthread-2.19.so
7f1998329000-7f1998528000 ---p 00019000 08:02 1444815                    /lib/x86_64-linux-gnu/libpthread-2.19.so
7f1998528000-7f1998529000 r--p 00018000 08:02 1444815                    /lib/x86_64-linux-gnu/libpthread-2.19.so
7f1998529000-7f199852a000 rw-p 00019000 08:02 1444815                    /lib/x86_64-linux-gnu/libpthread-2.19.so
7f199852a000-7f199852e000 rw-p 00000000 00:00 0 
7f1998530000-7f1998533000 r-xp 00000000 08:02 1444799                    /lib/x86_64-linux-gnu/libdl-2.19.so
7f1998533000-7f1998732000 ---p 00003000 08:02 1444799                    /lib/x86_64-linux-gnu/libdl-2.19.so
7f1998732000-7f1998733000 r--p 00002000 08:02 1444799                    /lib/x86_64-linux-gnu/libdl-2.19.so
7f1998733000-7f1998734000 rw-p 00003000 08:02 1444799                    /lib/x86_64-linux-gnu/libdl-2.19.so
7f1998738000-7f19988f3000 r-xp 00000000 08:02 1444814                    /lib/x86_64-linux-gnu/libc-2.19.so
7f19988f3000-7f1998af2000 ---p 001bb000 08:02 1444814                    /lib/x86_64-linux-gnu/libc-2.19.so
7f1998af2000-7f1998af6000 r--p 001ba000 08:02 1444814                    /lib/x86_64-linux-gnu/libc-2.19.so
7f1998af6000-7f1998af8000 rw-p 001be000 08:02 1444814                    /lib/x86_64-linux-gnu/libc-2.19.so
7f1998af8000-7f1998afd000 rw-p 00000000 00:00 0 
7f1998b00000-7f1998b0d000 r-xp 00000000 08:02 1317741                    /usr/lib/jvm/java-7-openjdk-amd64/jre/lib/amd64/jli/libjli.so
7f1998b0d000-7f1998d0c000 ---p 0000d000 08:02 1317741                    /usr/lib/jvm/java-7-openjdk-amd64/jre/lib/amd64/jli/libjli.so
7f1998d0c000-7f1998d0d000 r--p 0000c000 08:02 1317741                    /usr/lib/jvm/java-7-openjdk-amd64/jre/lib/amd64/jli/libjli.so
7f1998d0d000-7f1998d0e000 rw-p 0000d000 08:02 1317741                    /usr/lib/jvm/java-7-openjdk-amd64/jre/lib/amd64/jli/libjli.so
7f1998d10000-7f1998d33000 r-xp 00000000 08:02 1444811                    /lib/x86_64-linux-gnu/ld-2.19.so
7f1998d3a000-7f1998d3b000 r--s 00002000 08:02 1310936                    /usr/lib/jvm/java-7-openjdk-amd64/jre/lib/ext/dnsns.jar
7f1998d3c000-7f1998d40000 r--s 0003c000 08:02 1310938                    /usr/lib/jvm/java-7-openjdk-amd64/jre/lib/ext/sunpkcs11.jar
7f1998d44000-7f1998d48000 r--s 00034000 08:02 1310937                    /usr/lib/jvm/java-7-openjdk-amd64/jre/lib/ext/sunjce_provider.jar
7f1998d4d000-7f1998d57000 rw-p 00000000 00:00 0 
7f1998d57000-7f1998e0d000 rw-p 00000000 00:00 0 
7f1998e0d000-7f1998e10000 ---p 00000000 00:00 0 
7f1998e10000-7f1998f10000 rw-p 00000000 00:00 0                          [stack:14045]
7f1998f16000-7f1998f18000 r--s 00006000 08:02 1842397                    /usr/share/java/java-atk-wrapper.jar
7f1998f1a000-7f1998f1c000 r--s 00012000 08:02 1310942                    /usr/lib/jvm/java-7-openjdk-amd64/jre/lib/ext/zipfs.jar
7f1998f20000-7f1998f28000 rw-s 00000000 08:02 262544                     /tmp/hsperfdata_xrousakis/14041
7f1998f2a000-7f1998f2b000 rw-p 00000000 00:00 0 
7f1998f2b000-7f1998f2c000 rwxp 00000000 00:00 0 
7f1998f2c000-7f1998f2d000 rw-p 00000000 00:00 0 
7f1998f2d000-7f1998f2e000 r--p 00000000 00:00 0 
7f1998f2e000-7f1998f32000 rw-p 00000000 00:00 0 
7f1998f32000-7f1998f33000 r--p 00022000 08:02 1444811                    /lib/x86_64-linux-gnu/ld-2.19.so
7f1998f33000-7f1998f34000 rw-p 00023000 08:02 1444811                    /lib/x86_64-linux-gnu/ld-2.19.so
7f1998f34000-7f1998f36000 rw-p 00000000 00:00 0 
7fffaf7ae000-7fffaf7d0000 rw-p 00000000 00:00 0                          [stack]
7fffaf800000-7fffaf802000 r-xp 00000000 00:00 0                          [vdso]
ffffffffff600000-ffffffffff601000 r-xp 00000000 00:00 0                  [vsyscall]

VM Arguments:
java_command: org.scify.jthinkfreedom.gui.ApplicationLauncher
Launcher Type: SUN_STANDARD

Environment Variables:
JAVA_HOME=/usr/lib/jvm/default-java
PATH=/usr/local/sbin:/usr/local/bin:/usr/sbin:/usr/bin:/sbin:/bin:/usr/games:/usr/local/games
USERNAME=xrousakis
LD_LIBRARY_PATH=/usr/lib/jvm/default-java/jre/lib/amd64:/usr/lib/jvm/default-java/jre/lib/i386:
SHELL=/bin/bash
DISPLAY=:0

Signal Handlers:
SIGSEGV: [libjvm.so+0x94bab0], sa_mask[0]=0x7ffbfeff, sa_flags=0x10000004
SIGBUS: [libjvm.so+0x94bab0], sa_mask[0]=0x7ffbfeff, sa_flags=0x10000004
SIGFPE: [libjvm.so+0x7c38b0], sa_mask[0]=0x7ffbfeff, sa_flags=0x10000004
SIGPIPE: [libjvm.so+0x7c38b0], sa_mask[0]=0x7ffbfeff, sa_flags=0x10000004
SIGXFSZ: [libjvm.so+0x7c38b0], sa_mask[0]=0x7ffbfeff, sa_flags=0x10000004
SIGILL: [libjvm.so+0x7c38b0], sa_mask[0]=0x7ffbfeff, sa_flags=0x10000004
SIGUSR1: SIG_DFL, sa_mask[0]=0x00000000, sa_flags=0x00000000
SIGUSR2: [libjvm.so+0x7c3750], sa_mask[0]=0x00000004, sa_flags=0x10000004
SIGHUP: [libjvm.so+0x7c3930], sa_mask[0]=0x7ffbfeff, sa_flags=0x10000004
SIGINT: SIG_IGN, sa_mask[0]=0x00000000, sa_flags=0x00000000
SIGTERM: [libjvm.so+0x7c3930], sa_mask[0]=0x7ffbfeff, sa_flags=0x10000004
SIGQUIT: [libjvm.so+0x7c3930], sa_mask[0]=0x7ffbfeff, sa_flags=0x10000004
SIGTRAP: SIG_DFL, sa_mask[0]=0x00000000, sa_flags=0x00000000


---------------  S Y S T E M  ---------------

OS:LinuxMint 17 (qiana)
uname:Linux 3.14.8-031408-generic #201406161755 SMP Mon Jun 16 21:56:09 UTC 2014 x86_64
libc:glibc 2.19 NPTL 2.19 
rlimit: STACK 8192k, CORE 0k, NPROC 55132, NOFILE 4096, AS infinity
load average:1,31 0,99 0,45

/proc/meminfo:
MemTotal:        7292072 kB
MemFree:         3573548 kB
MemAvailable:    4900948 kB
Buffers:          232464 kB
Cached:          1270376 kB
SwapCached:            0 kB
Active:          2598808 kB
Inactive:         850852 kB
Active(anon):    1947836 kB
Inactive(anon):    68472 kB
Active(file):     650972 kB
Inactive(file):   782380 kB
Unevictable:           0 kB
Mlocked:               0 kB
SwapTotal:       3361788 kB
SwapFree:        3361788 kB
Dirty:               256 kB
Writeback:             0 kB
AnonPages:       1946816 kB
Mapped:           238044 kB
Shmem:             69492 kB
Slab:             153328 kB
SReclaimable:     125952 kB
SUnreclaim:        27376 kB
KernelStack:        4088 kB
PageTables:        32820 kB
NFS_Unstable:          0 kB
Bounce:                0 kB
WritebackTmp:          0 kB
CommitLimit:     7007824 kB
Committed_AS:    4912364 kB
VmallocTotal:   34359738367 kB
VmallocUsed:      315192 kB
VmallocChunk:   34359383836 kB
HardwareCorrupted:     0 kB
AnonHugePages:   1308672 kB
HugePages_Total:       0
HugePages_Free:        0
HugePages_Rsvd:        0
HugePages_Surp:        0
Hugepagesize:       2048 kB
DirectMap4k:       76120 kB
DirectMap2M:     3287040 kB
DirectMap1G:     4194304 kB


CPU:total 2 (2 cores per cpu, 1 threads per core) family 21 model 19 stepping 1, cmov, cx8, fxsr, mmx, sse, sse2, sse3, ssse3, sse4.1, sse4.2, popcnt, avx, aes, mmxext, 3dnowpref, lzcnt, sse4a, tsc, tscinvbit, tscinv

/proc/cpuinfo:
processor	: 0
vendor_id	: AuthenticAMD
cpu family	: 21
model		: 19
model name	: AMD A4-4000 APU with Radeon(tm) HD Graphics
stepping	: 1
microcode	: 0x6001119
cpu MHz		: 2800.000
cache size	: 1024 KB
physical id	: 0
siblings	: 2
core id		: 0
cpu cores	: 1
apicid		: 16
initial apicid	: 0
fpu		: yes
fpu_exception	: yes
cpuid level	: 13
wp		: yes
flags		: fpu vme de pse tsc msr pae mce cx8 apic sep mtrr pge mca cmov pat pse36 clflush mmx fxsr sse sse2 ht syscall nx mmxext fxsr_opt pdpe1gb rdtscp lm constant_tsc rep_good nopl nonstop_tsc extd_apicid aperfmperf pni pclmulqdq monitor ssse3 fma cx16 sse4_1 sse4_2 popcnt aes xsave avx f16c lahf_lm cmp_legacy svm extapic cr8_legacy abm sse4a misalignsse 3dnowprefetch osvw ibs xop skinit wdt lwp fma4 tce nodeid_msr tbm topoext perfctr_core perfctr_nb arat cpb hw_pstate npt lbrv svm_lock nrip_save tsc_scale vmcb_clean flushbyasid decodeassists pausefilter pfthreshold bmi1
bogomips	: 6030.33
TLB size	: 1536 4K pages
clflush size	: 64
cache_alignment	: 64
address sizes	: 48 bits physical, 48 bits virtual
power management: ts ttp tm 100mhzsteps hwpstate cpb eff_freq_ro

processor	: 1
vendor_id	: AuthenticAMD
cpu family	: 21
model		: 19
model name	: AMD A4-4000 APU with Radeon(tm) HD Graphics    
stepping	: 1
microcode	: 0x6001119
cpu MHz		: 3000.000
cache size	: 1024 KB
physical id	: 0
siblings	: 2
core id		: 1
cpu cores	: 1
apicid		: 17
initial apicid	: 1
fpu		: yes
fpu_exception	: yes
cpuid level	: 13
wp		: yes
flags		: fpu vme de pse tsc msr pae mce cx8 apic sep mtrr pge mca cmov pat pse36 clflush mmx fxsr sse sse2 ht syscall nx mmxext fxsr_opt pdpe1gb rdtscp lm constant_tsc rep_good nopl nonstop_tsc extd_apicid aperfmperf pni pclmulqdq monitor ssse3 fma cx16 sse4_1 sse4_2 popcnt aes xsave avx f16c lahf_lm cmp_legacy svm extapic cr8_legacy abm sse4a misalignsse 3dnowprefetch osvw ibs xop skinit wdt lwp fma4 tce nodeid_msr tbm topoext perfctr_core perfctr_nb arat cpb hw_pstate npt lbrv svm_lock nrip_save tsc_scale vmcb_clean flushbyasid decodeassists pausefilter pfthreshold bmi1
bogomips	: 6030.33
TLB size	: 1536 4K pages
clflush size	: 64
cache_alignment	: 64
address sizes	: 48 bits physical, 48 bits virtual
power management: ts ttp tm 100mhzsteps hwpstate cpb eff_freq_ro



Memory: 4k page, physical 7292072k(3573548k free), swap 3361788k(3361788k free)

vm_info: OpenJDK 64-Bit Server VM (24.79-b02) for linux-amd64 JRE (1.7.0_79-b14), built on Jul 24 2015 08:15:54 by "buildd" with gcc 4.8.2

time: Wed Aug 12 15:22:01 2015
elapsed time: 26 seconds

