#
# A fatal error has been detected by the Java Runtime Environment:
#
#  SIGSEGV (0xb) at pc=0x00007fbc6bb6e2cc, pid=20664, tid=140447622395648
#
# JRE version: OpenJDK Runtime Environment (7.0_79-b14) (build 1.7.0_79-b14)
# Java VM: OpenJDK 64-Bit Server VM (24.79-b02 mixed mode linux-amd64 compressed oops)
# Derivative: IcedTea 2.5.6
# Distribution: Ubuntu 14.04 LTS, package 7u79-2.5.6-0ubuntu1.14.04.1
# Problematic frame:
# C  [libjpeg.so.8+0x162cc]  jpeg_has_multiple_scans+0x2c
#
# Failed to write core dump. Core dumps have been disabled. To enable core dumping, try "ulimit -c unlimited" before starting Java again
#
# If you would like to submit a bug report, please include
# instructions on how to reproduce the bug and visit:
#   http://icedtea.classpath.org/bugzilla
# The crash happened outside the Java Virtual Machine in native code.
# See problematic frame for where to report the bug.
#

---------------  T H R E A D  ---------------

Current thread (0x00007fbc7000d800):  JavaThread "Image Fetcher 0" daemon [_thread_in_native, id=20705, stack(0x00007fbc82947000,0x00007fbc82a48000)]

siginfo:si_signo=SIGSEGV: si_errno=0, si_code=1 (SEGV_MAPERR), si_addr=0x0000000000000020

Registers:
RAX=0x0000000000000000, RBX=0x00007fbc82a464d0, RCX=0x0000000000000001, RDX=0x0000000000000000
RSP=0x00007fbc82a461b8, RBP=0x00007fbc82a467a0, RSI=0x0000000000000001, RDI=0x00007fbc82a464d0
R8 =0x0000000000000000, R9 =0x00007fbc74000078, R10=0x00007fbc82a45f80, R11=0x00007fbc6bb6e2a0
R12=0x0000000000000000, R13=0xffffffffffffffff, R14=0x00007fbc82a46840, R15=0x00007fbc7000d800
RIP=0x00007fbc6bb6e2cc, EFLAGS=0x0000000000010293, CSGSFS=0x0000000000000033, ERR=0x0000000000000004
  TRAPNO=0x000000000000000e

Top of Stack: (sp=0x00007fbc82a461b8)
0x00007fbc82a461b8:   00007fbc6a2e7d33 00007fbc7000d800
0x00007fbc82a461c8:   00007fbcba31e03b fffffff0ffffffff
0x00007fbc82a461d8:   0000000000000000 00007fbc6a2e7ad0
0x00007fbc82a461e8:   00007fbc82a46278 00007fbc82a46830
0x00007fbc82a461f8:   00007fbc82a46838 00007fbc82a46840
0x00007fbc82a46208:   00007fbc7000d9d8 00000000dbc98c96
0x00007fbc82a46218:   0000000000000292 00007fbc6a2e71e0
0x00007fbc82a46228:   00007fbc6a2e7380 00007fbc6a2e7500
0x00007fbc82a46238:   00007fbc6bb76830 00007fbc6a2e7200
0x00007fbc82a46248:   00007fbc82a46838 00007fbc00000000
0x00007fbc82a46258:   0000000000000000 00000000dbc98b28
0x00007fbc82a46268:   00007fbc82a46830 ffffffffffffffff
0x00007fbc82a46278:   0000000000000000 0000000000000000
0x00007fbc82a46288:   0000000000000000 00007fbc82a46280
0x00007fbc82a46298:   0000000086420280 00007fbc82a46328
0x00007fbc82a462a8:   00000000864be230 0000000000000000
0x00007fbc82a462b8:   0000000086420318 0000000000000000
0x00007fbc82a462c8:   00007fbc82a46320 00007fbc82a46390
0x00007fbc82a462d8:   00007fbcb10004e7 0000000000000000
0x00007fbc82a462e8:   00007fbc6a2e7ad0 0000000000000000
0x00007fbc82a462f8:   00000000dbc98110 0000000000000006
0x00007fbc82a46308:   0000000000000007 00000000dec2c8b8
0x00007fbc82a46318:   00000000dec2c8b8 00000000dbc98f28
0x00007fbc82a46328:   0000000000000000 00007fbc00001fa0
0x00007fbc82a46338:   00007fbc82a463d0 00007fbc82a465d0
0x00007fbc82a46348:   00007fbc82a46500 00007fbc7000d800
0x00007fbc82a46358:   00007fbc8c1ef9f0 00007fbc6a2e7280
0x00007fbc82a46368:   00007fbc6bb7bcf0 00007fbc6a2e7210
0x00007fbc82a46378:   00007fbc6bb7bd60 00007fbc6bb7bd40
0x00007fbc82a46388:   000000000000006a 000000000000003f
0x00007fbc82a46398:   0000000300000000 0000000000000000
0x00007fbc82a463a8:   00007fbc00000000 00007fbc82a46400 

Instructions: (pc=0x00007fbc6bb6e2cc)
0x00007fbc6bb6e2ac:   ff 83 fa 08 76 12 48 8b 17 89 42 2c 48 8b 07 c7
0x00007fbc6bb6e2bc:   42 28 15 00 00 00 ff 10 48 8b 83 58 02 00 00 5b
0x00007fbc6bb6e2cc:   8b 40 20 c3 53 8b 47 24 48 89 fb 8d 90 33 ff ff
0x00007fbc6bb6e2dc:   ff 83 fa 01 76 66 3d cf 00 00 00 74 47 3d d2 00 

Register to memory mapping:

RAX=0x0000000000000000 is an unknown value
RBX=0x00007fbc82a464d0 is pointing into the stack for thread: 0x00007fbc7000d800
RCX=0x0000000000000001 is an unknown value
RDX=0x0000000000000000 is an unknown value
RSP=0x00007fbc82a461b8 is pointing into the stack for thread: 0x00007fbc7000d800
RBP=0x00007fbc82a467a0 is pointing into the stack for thread: 0x00007fbc7000d800
RSI=0x0000000000000001 is an unknown value
RDI=0x00007fbc82a464d0 is pointing into the stack for thread: 0x00007fbc7000d800
R8 =0x0000000000000000 is an unknown value
R9 =0x00007fbc74000078 is an unknown value
R10=0x00007fbc82a45f80 is pointing into the stack for thread: 0x00007fbc7000d800
R11=0x00007fbc6bb6e2a0: jpeg_has_multiple_scans+0 in /usr/lib/x86_64-linux-gnu/libjpeg.so.8 at 0x00007fbc6bb58000
R12=0x0000000000000000 is an unknown value
R13=0xffffffffffffffff is an unknown value
R14=0x00007fbc82a46840 is pointing into the stack for thread: 0x00007fbc7000d800
R15=0x00007fbc7000d800 is a thread


Stack: [0x00007fbc82947000,0x00007fbc82a48000],  sp=0x00007fbc82a461b8,  free space=1020k
Native frames: (J=compiled Java code, j=interpreted, Vv=VM code, C=native code)
C  [libjpeg.so.8+0x162cc]  jpeg_has_multiple_scans+0x2c
j  sun.awt.image.JPEGImageDecoder.readImage(Ljava/io/InputStream;[B)V+0
j  sun.awt.image.JPEGImageDecoder.produceImage()V+10
j  sun.awt.image.InputStreamImageSource.doFetch()V+51
j  sun.awt.image.ImageFetcher.fetchloop()V+33
j  sun.awt.image.ImageFetcher.run()V+5
v  ~StubRoutines::call_stub
V  [libjvm.so+0x5e80c9]  JavaCalls::call_helper(JavaValue*, methodHandle*, JavaCallArguments*, Thread*)+0x339
V  [libjvm.so+0x5e6f1e]  JavaCalls::call_virtual(JavaValue*, Handle, KlassHandle, Symbol*, Symbol*, Thread*)+0x20e
V  [libjvm.so+0x623391]  thread_entry(JavaThread*, Thread*)+0xd1
V  [libjvm.so+0x900f40]  JavaThread::thread_main_inner()+0xf0
V  [libjvm.so+0x9011b1]  JavaThread::run()+0x221
V  [libjvm.so+0x7c4f62]  java_start(Thread*)+0xf2

Java frames: (J=compiled Java code, j=interpreted, Vv=VM code)
j  sun.awt.image.JPEGImageDecoder.readImage(Ljava/io/InputStream;[B)V+0
j  sun.awt.image.JPEGImageDecoder.produceImage()V+10
j  sun.awt.image.InputStreamImageSource.doFetch()V+51
j  sun.awt.image.ImageFetcher.fetchloop()V+33
j  sun.awt.image.ImageFetcher.run()V+5
v  ~StubRoutines::call_stub

---------------  P R O C E S S  ---------------

Java Threads: ( => current thread )
=>0x00007fbc7000d800 JavaThread "Image Fetcher 0" daemon [_thread_in_native, id=20705, stack(0x00007fbc82947000,0x00007fbc82a48000)]
  0x00007fbc7404c800 JavaThread "pool-3-thread-1" [_thread_blocked, id=20704, stack(0x00007fbc6a877000,0x00007fbc6a978000)]
  0x0000000000cae800 JavaThread "Thread-2" [_thread_blocked, id=20703, stack(0x00007fbc6aed7000,0x00007fbc6afd8000)]
  0x0000000000c3d800 JavaThread "Thread-0" [_thread_blocked, id=20702, stack(0x00007fbc6add6000,0x00007fbc6aed7000)]
  0x0000000000cfc800 JavaThread "TimerQueue" daemon [_thread_blocked, id=20687, stack(0x00007fbc6ac9f000,0x00007fbc6ada0000)]
  0x00007fbcb400b000 JavaThread "DestroyJavaVM" [_thread_blocked, id=20667, stack(0x00007fbcbccad000,0x00007fbcbcdae000)]
  0x00007fbcb444f000 JavaThread "AWT-EventQueue-0" [_thread_blocked, id=20685, stack(0x00007fbc6b356000,0x00007fbc6b457000)]
  0x00007fbcb4417800 JavaThread "AWT-Shutdown" [_thread_blocked, id=20684, stack(0x00007fbc6b457000,0x00007fbc6b558000)]
  0x00007fbcb42c3000 JavaThread "AWT-XAWT" daemon [_thread_in_native, id=20680, stack(0x00007fbc8804f000,0x00007fbc88150000)]
  0x00007fbcb42a6000 JavaThread "Java2D Disposer" daemon [_thread_blocked, id=20679, stack(0x00007fbcb0057000,0x00007fbcb0158000)]
  0x00007fbcb40ac000 JavaThread "Service Thread" daemon [_thread_blocked, id=20677, stack(0x00007fbcb052c000,0x00007fbcb062d000)]
  0x00007fbcb40a9800 JavaThread "C2 CompilerThread1" daemon [_thread_blocked, id=20676, stack(0x00007fbcb062d000,0x00007fbcb072e000)]
  0x00007fbcb40a6800 JavaThread "C2 CompilerThread0" daemon [_thread_blocked, id=20675, stack(0x00007fbcb072e000,0x00007fbcb082f000)]
  0x00007fbcb40a4800 JavaThread "Signal Dispatcher" daemon [_thread_blocked, id=20674, stack(0x00007fbcb082f000,0x00007fbcb0930000)]
  0x00007fbcb4078800 JavaThread "Finalizer" daemon [_thread_blocked, id=20673, stack(0x00007fbcb0bfc000,0x00007fbcb0cfd000)]
  0x00007fbcb4076800 JavaThread "Reference Handler" daemon [_thread_blocked, id=20672, stack(0x00007fbcb0cfd000,0x00007fbcb0dfe000)]

Other Threads:
  0x00007fbcb4072000 VMThread [stack: 0x00007fbcb0dfe000,0x00007fbcb0eff000] [id=20671]
  0x00007fbcb40b6800 WatcherThread [stack: 0x00007fbcb042b000,0x00007fbcb052c000] [id=20678]

VM state:not at safepoint (normal execution)

VM Mutex/Monitor currently owned by a thread: None

Heap
 PSYoungGen      total 33792K, used 19661K [0x00000000dae00000, 0x00000000df000000, 0x0000000100000000)
  eden space 29184K, 51% used [0x00000000dae00000,0x00000000dbcb9a20,0x00000000dca80000)
  from space 4608K, 99% used [0x00000000deb80000,0x00000000deff9c98,0x00000000df000000)
  to   space 4608K, 0% used [0x00000000dca80000,0x00000000dca80000,0x00000000dcf00000)
 ParOldGen       total 75776K, used 4852K [0x0000000090a00000, 0x0000000095400000, 0x00000000dae00000)
  object space 75776K, 6% used [0x0000000090a00000,0x0000000090ebd3d8,0x0000000095400000)
 PSPermGen       total 22528K, used 22143K [0x0000000086400000, 0x0000000087a00000, 0x0000000090a00000)
  object space 22528K, 98% used [0x0000000086400000,0x000000008799ff00,0x0000000087a00000)

Card table byte_map: [0x00007fbcb94e1000,0x00007fbcb98b0000] byte_map_base: 0x00007fbcb90af000

Polling page: 0x00007fbcbcdcd000

Code Cache  [0x00007fbcb1000000, 0x00007fbcb1270000, 0x00007fbcb4000000)
 total_blobs=845 nmethods=256 adapters=543 free_code_cache=47969Kb largest_free_block=48995264

Compilation events (10 events):
Event: 28,736 Thread 0x00007fbcb40a6800  269             sun.reflect.ClassFileAssembler::emitByte (11 bytes)
Event: 28,737 Thread 0x00007fbcb40a6800 nmethod 269 0x00007fbcb110dc90 code [0x00007fbcb110dde0, 0x00007fbcb110df28]
Event: 28,739 Thread 0x00007fbcb40a6800  270             sun.reflect.ByteVectorImpl::add (38 bytes)
Event: 28,740 Thread 0x00007fbcb40a6800 nmethod 270 0x00007fbcb111ced0 code [0x00007fbcb111d020, 0x00007fbcb111d108]
Event: 39,267 Thread 0x00007fbcb40a9800  271             java.lang.StringCoding::access$000 (6 bytes)
Event: 39,267 Thread 0x00007fbcb40a6800  272             java.lang.StringCoding::deref (19 bytes)
Event: 39,268 Thread 0x00007fbcb40a9800 nmethod 271 0x00007fbcb10b4650 code [0x00007fbcb10b4780, 0x00007fbcb10b47f8]
Event: 39,268 Thread 0x00007fbcb40a9800  273             java.lang.StringCoding::scale (7 bytes)
Event: 39,268 Thread 0x00007fbcb40a9800 nmethod 273 0x00007fbcb1119850 code [0x00007fbcb1119980, 0x00007fbcb11199f8]
Event: 39,270 Thread 0x00007fbcb40a6800 nmethod 272 0x00007fbcb110d710 code [0x00007fbcb110d880, 0x00007fbcb110da18]

GC Heap History (4 events):
Event: 2,052 GC heap before
{Heap before GC invocations=1 (full 0):
 PSYoungGen      total 33792K, used 29184K [0x00000000dae00000, 0x00000000dd380000, 0x0000000100000000)
  eden space 29184K, 100% used [0x00000000dae00000,0x00000000dca80000,0x00000000dca80000)
  from space 4608K, 0% used [0x00000000dcf00000,0x00000000dcf00000,0x00000000dd380000)
  to   space 4608K, 0% used [0x00000000dca80000,0x00000000dca80000,0x00000000dcf00000)
 ParOldGen       total 75776K, used 0K [0x0000000090a00000, 0x0000000095400000, 0x00000000dae00000)
  object space 75776K, 0% used [0x0000000090a00000,0x0000000090a00000,0x0000000095400000)
 PSPermGen       total 21504K, used 16127K [0x0000000086400000, 0x0000000087900000, 0x0000000090a00000)
  object space 21504K, 74% used [0x0000000086400000,0x00000000873bfde8,0x0000000087900000)
Event: 2,074 GC heap after
Heap after GC invocations=1 (full 0):
 PSYoungGen      total 33792K, used 3772K [0x00000000dae00000, 0x00000000df000000, 0x0000000100000000)
  eden space 29184K, 0% used [0x00000000dae00000,0x00000000dae00000,0x00000000dca80000)
  from space 4608K, 81% used [0x00000000dca80000,0x00000000dce2f370,0x00000000dcf00000)
  to   space 4608K, 0% used [0x00000000deb80000,0x00000000deb80000,0x00000000df000000)
 ParOldGen       total 75776K, used 8K [0x0000000090a00000, 0x0000000095400000, 0x00000000dae00000)
  object space 75776K, 0% used [0x0000000090a00000,0x0000000090a02000,0x0000000095400000)
 PSPermGen       total 21504K, used 16127K [0x0000000086400000, 0x0000000087900000, 0x0000000090a00000)
  object space 21504K, 74% used [0x0000000086400000,0x00000000873bfde8,0x0000000087900000)
}
Event: 22,379 GC heap before
{Heap before GC invocations=2 (full 0):
 PSYoungGen      total 33792K, used 32956K [0x00000000dae00000, 0x00000000df000000, 0x0000000100000000)
  eden space 29184K, 100% used [0x00000000dae00000,0x00000000dca80000,0x00000000dca80000)
  from space 4608K, 81% used [0x00000000dca80000,0x00000000dce2f370,0x00000000dcf00000)
  to   space 4608K, 0% used [0x00000000deb80000,0x00000000deb80000,0x00000000df000000)
 ParOldGen       total 75776K, used 8K [0x0000000090a00000, 0x0000000095400000, 0x00000000dae00000)
  object space 75776K, 0% used [0x0000000090a00000,0x0000000090a02000,0x0000000095400000)
 PSPermGen       total 21504K, used 21067K [0x0000000086400000, 0x0000000087900000, 0x0000000090a00000)
  object space 21504K, 97% used [0x0000000086400000,0x0000000087892d88,0x0000000087900000)
Event: 22,406 GC heap after
Heap after GC invocations=2 (full 0):
 PSYoungGen      total 33792K, used 4583K [0x00000000dae00000, 0x00000000df000000, 0x0000000100000000)
  eden space 29184K, 0% used [0x00000000dae00000,0x00000000dae00000,0x00000000dca80000)
  from space 4608K, 99% used [0x00000000deb80000,0x00000000deff9c98,0x00000000df000000)
  to   space 4608K, 0% used [0x00000000dca80000,0x00000000dca80000,0x00000000dcf00000)
 ParOldGen       total 75776K, used 4852K [0x0000000090a00000, 0x0000000095400000, 0x00000000dae00000)
  object space 75776K, 6% used [0x0000000090a00000,0x0000000090ebd3d8,0x0000000095400000)
 PSPermGen       total 21504K, used 21067K [0x0000000086400000, 0x0000000087900000, 0x0000000090a00000)
  object space 21504K, 97% used [0x0000000086400000,0x0000000087892d88,0x0000000087900000)
}

Deoptimization events (10 events):
Event: 26,069 Thread 0x00007fbcb444f000 Uncommon trap: reason=unreached action=reinterpret pc=0x00007fbcb10691f0 method=sun.util.logging.PlatformLogger.isLoggable(Lsun/util/logging/PlatformLogger$Level;)Z @ 18
Event: 26,069 Thread 0x00007fbcb444f000 Uncommon trap: reason=unreached action=reinterpret pc=0x00007fbcb10fd294 method=sun.util.logging.PlatformLogger.isLoggable(Lsun/util/logging/PlatformLogger$Level;)Z @ 18
Event: 26,069 Thread 0x00007fbcb444f000 Uncommon trap: reason=class_check action=maybe_recompile pc=0x00007fbcb10e2a14 method=sun.util.logging.PlatformLogger.finest(Ljava/lang/String;)V @ 8
Event: 26,069 Thread 0x00007fbcb444f000 Uncommon trap: reason=class_check action=maybe_recompile pc=0x00007fbcb10e2a14 method=sun.util.logging.PlatformLogger.finest(Ljava/lang/String;)V @ 8
Event: 26,069 Thread 0x00007fbcb444f000 Uncommon trap: reason=class_check action=maybe_recompile pc=0x00007fbcb10e2a14 method=sun.util.logging.PlatformLogger.finest(Ljava/lang/String;)V @ 8
Event: 26,069 Thread 0x00007fbcb444f000 Uncommon trap: reason=class_check action=maybe_recompile pc=0x00007fbcb10e2a14 method=sun.util.logging.PlatformLogger.finest(Ljava/lang/String;)V @ 8
Event: 26,069 Thread 0x00007fbcb42c3000 Uncommon trap: reason=class_check action=maybe_recompile pc=0x00007fbcb10feeb0 method=sun.util.logging.PlatformLogger.finest(Ljava/lang/String;)V @ 8
Event: 28,734 Thread 0x0000000000cae800 Uncommon trap: reason=unreached action=reinterpret pc=0x00007fbcb10c4fc8 method=java.lang.ThreadLocal$ThreadLocalMap.getEntry(Ljava/lang/ThreadLocal;)Ljava/lang/ThreadLocal$ThreadLocalMap$Entry; @ 29
Event: 28,735 Thread 0x0000000000cae800 Uncommon trap: reason=unreached action=reinterpret pc=0x00007fbcb10d23dc method=java.lang.ThreadLocal$ThreadLocalMap.getEntry(Ljava/lang/ThreadLocal;)Ljava/lang/ThreadLocal$ThreadLocalMap$Entry; @ 29
Event: 39,266 Thread 0x0000000000c3d800 Uncommon trap: reason=unreached action=reinterpret pc=0x00007fbcb1114d14 method=org.scify.jthinkfreedom.keyboard.sensors.KeyboardSensor.getData()Ljava/lang/Character; @ 4

Internal exceptions (10 events):
Event: 26,276 Thread 0x0000000000cae800 Threw 0x00000000dbb71570 at /build/openjdk-7-FO0dNI/openjdk-7-7u79-2.5.6/build/openjdk/hotspot/src/share/vm/prims/jvm.cpp:1284
Event: 26,278 Thread 0x0000000000cae800 Threw 0x00000000dbb81a88 at /build/openjdk-7-FO0dNI/openjdk-7-7u79-2.5.6/build/openjdk/hotspot/src/share/vm/prims/jvm.cpp:1284
Event: 26,283 Thread 0x0000000000cae800 Threw 0x00000000dbb9f4c0 at /build/openjdk-7-FO0dNI/openjdk-7-7u79-2.5.6/build/openjdk/hotspot/src/share/vm/prims/jvm.cpp:1284
Event: 26,285 Thread 0x0000000000cae800 Threw 0x00000000dbbb0918 at /build/openjdk-7-FO0dNI/openjdk-7-7u79-2.5.6/build/openjdk/hotspot/src/share/vm/prims/jvm.cpp:1284
Event: 26,298 Thread 0x0000000000cae800 Threw 0x00000000dbbc9ba0 at /build/openjdk-7-FO0dNI/openjdk-7-7u79-2.5.6/build/openjdk/hotspot/src/share/vm/prims/jvm.cpp:1284
Event: 26,299 Thread 0x0000000000cae800 Threw 0x00000000dbbdaa30 at /build/openjdk-7-FO0dNI/openjdk-7-7u79-2.5.6/build/openjdk/hotspot/src/share/vm/prims/jvm.cpp:1284
Event: 28,734 Thread 0x0000000000cae800 Threw 0x00000000dbbf7790 at /build/openjdk-7-FO0dNI/openjdk-7-7u79-2.5.6/build/openjdk/hotspot/src/share/vm/prims/jvm.cpp:1284
Event: 28,743 Thread 0x0000000000cae800 Threw 0x00000000dbc0e2f0 at /build/openjdk-7-FO0dNI/openjdk-7-7u79-2.5.6/build/openjdk/hotspot/src/share/vm/prims/jvm.cpp:1284
Event: 39,267 Thread 0x0000000000c3d800 Threw 0x00000000db5a8b00 at /build/openjdk-7-FO0dNI/openjdk-7-7u79-2.5.6/build/openjdk/hotspot/src/share/vm/prims/jvm.cpp:1284
Event: 39,271 Thread 0x0000000000c3d800 Threw 0x00000000db5bba10 at /build/openjdk-7-FO0dNI/openjdk-7-7u79-2.5.6/build/openjdk/hotspot/src/share/vm/prims/jvm.cpp:1284

Events (10 events):
Event: 39,271 loading class 0x00007fbc70005670 done
Event: 39,272 Executing VM operation: RevokeBias
Event: 39,272 Executing VM operation: RevokeBias done
Event: 39,284 loading class 0x00007fbcb41f1c10
Event: 39,284 loading class 0x00007fbcb41f1c10 done
Event: 39,284 Thread 0x00007fbc7000d800 Thread added: 0x00007fbc7000d800
Event: 39,285 Executing VM operation: RevokeBias
Event: 39,285 Executing VM operation: RevokeBias done
Event: 39,285 loading class 0x00007fbc8c09e990
Event: 39,285 loading class 0x00007fbc8c09e990 done


Dynamic libraries:
00400000-00401000 r-xp 00000000 08:02 1323751                            /usr/lib/jvm/java-7-openjdk-amd64/jre/bin/java
00600000-00601000 r--p 00000000 08:02 1323751                            /usr/lib/jvm/java-7-openjdk-amd64/jre/bin/java
00601000-00602000 rw-p 00001000 08:02 1323751                            /usr/lib/jvm/java-7-openjdk-amd64/jre/bin/java
00c1d000-00dc4000 rw-p 00000000 00:00 0                                  [heap]
86400000-87a00000 rw-p 00000000 00:00 0 
87a00000-90a00000 rw-p 00000000 00:00 0 
90a00000-95400000 rw-p 00000000 00:00 0 
95400000-dae00000 rw-p 00000000 00:00 0 
dae00000-df000000 rw-p 00000000 00:00 0 
df000000-100000000 rw-p 00000000 00:00 0 
7fbc64000000-7fbc64021000 rw-p 00000000 00:00 0 
7fbc64021000-7fbc68000000 ---p 00000000 00:00 0 
7fbc6a17f000-7fbc6a2e0000 rw-p 00000000 00:00 0 
7fbc6a2e0000-7fbc6a2ea000 r-xp 00000000 08:02 1317748                    /usr/lib/jvm/java-7-openjdk-amd64/jre/lib/amd64/libjavajpeg.so
7fbc6a2ea000-7fbc6a4e9000 ---p 0000a000 08:02 1317748                    /usr/lib/jvm/java-7-openjdk-amd64/jre/lib/amd64/libjavajpeg.so
7fbc6a4e9000-7fbc6a4ea000 r--p 00009000 08:02 1317748                    /usr/lib/jvm/java-7-openjdk-amd64/jre/lib/amd64/libjavajpeg.so
7fbc6a4ea000-7fbc6a4eb000 rw-p 0000a000 08:02 1317748                    /usr/lib/jvm/java-7-openjdk-amd64/jre/lib/amd64/libjavajpeg.so
7fbc6a4f0000-7fbc6a777000 rw-s 00000000 00:04 15794190                   /SYSV00000000 (deleted)
7fbc6a877000-7fbc6a87a000 ---p 00000000 00:00 0 
7fbc6a87a000-7fbc6a978000 rw-p 00000000 00:00 0                          [stack:20704]
7fbc6a978000-7fbc6a98f000 r-xp 00000000 08:02 271723                     /tmp/jna-xrousakis/jna3028917409531923396.tmp (deleted)
7fbc6a98f000-7fbc6ab8f000 ---p 00017000 08:02 271723                     /tmp/jna-xrousakis/jna3028917409531923396.tmp (deleted)
7fbc6ab8f000-7fbc6ab90000 r--p 00017000 08:02 271723                     /tmp/jna-xrousakis/jna3028917409531923396.tmp (deleted)
7fbc6ab90000-7fbc6ab91000 rw-p 00018000 08:02 271723                     /tmp/jna-xrousakis/jna3028917409531923396.tmp (deleted)
7fbc6ab92000-7fbc6ab95000 ---p 00000000 00:00 0 
7fbc6ab95000-7fbc6ac93000 rw-p 00000000 00:00 0 
7fbc6ac93000-7fbc6ac9d000 r--s 00203000 08:02 1310919                    /usr/lib/jvm/java-7-openjdk-amd64/jre/lib/charsets.jar
7fbc6ac9f000-7fbc6aca2000 ---p 00000000 00:00 0 
7fbc6aca2000-7fbc6ada0000 rw-p 00000000 00:00 0                          [stack:20687]
7fbc6add6000-7fbc6add9000 ---p 00000000 00:00 0 
7fbc6add9000-7fbc6aed7000 rw-p 00000000 00:00 0                          [stack:20702]
7fbc6aed7000-7fbc6aeda000 ---p 00000000 00:00 0 
7fbc6aeda000-7fbc6afd8000 rw-p 00000000 00:00 0                          [stack:20703]
7fbc6afef000-7fbc6b0c8000 rw-p 00000000 00:00 0 
7fbc6b0c8000-7fbc6b0c9000 r--s 00000000 08:02 2756976                    /var/cache/fontconfig/c05880de57d1f5e948fdfacc138775d9-le64.cache-4
7fbc6b0d0000-7fbc6b0db000 r--s 00000000 08:02 2756975                    /var/cache/fontconfig/945677eb7aeaf62f1d50efc3fb3ec7d8-le64.cache-4
7fbc6b0e0000-7fbc6b0e2000 r--s 00000000 08:02 2756973                    /var/cache/fontconfig/99e8ed0e538f840c565b6ed5dad60d56-le64.cache-4
7fbc6b0e8000-7fbc6b0ee000 r--s 00000000 08:02 2756972                    /var/cache/fontconfig/2cd17615ca594fa2959ae173292e504c-le64.cache-4
7fbc6b0f0000-7fbc6b0f1000 r--s 00000000 08:02 2756971                    /var/cache/fontconfig/e7071f4a29fa870f4323321c154eba04-le64.cache-4
7fbc6b0f8000-7fbc6b0ff000 r--s 00000000 08:02 2756969                    /var/cache/fontconfig/a755afe4a08bf5b97852ceb7400b47bc-le64.cache-4
7fbc6b100000-7fbc6b152000 r-xp 00000000 08:02 1317750                    /usr/lib/jvm/java-7-openjdk-amd64/jre/lib/amd64/libfontmanager.so
7fbc6b152000-7fbc6b351000 ---p 00052000 08:02 1317750                    /usr/lib/jvm/java-7-openjdk-amd64/jre/lib/amd64/libfontmanager.so
7fbc6b351000-7fbc6b354000 r--p 00051000 08:02 1317750                    /usr/lib/jvm/java-7-openjdk-amd64/jre/lib/amd64/libfontmanager.so
7fbc6b354000-7fbc6b355000 rw-p 00054000 08:02 1317750                    /usr/lib/jvm/java-7-openjdk-amd64/jre/lib/amd64/libfontmanager.so
7fbc6b356000-7fbc6b359000 ---p 00000000 00:00 0 
7fbc6b359000-7fbc6b457000 rw-p 00000000 00:00 0                          [stack:20685]
7fbc6b457000-7fbc6b45a000 ---p 00000000 00:00 0 
7fbc6b45a000-7fbc6b558000 rw-p 00000000 00:00 0                          [stack:20684]
7fbc6b558000-7fbc6b705000 r-xp 00000000 08:02 271722                     /tmp/javacpp27251277369339/libjniopencv_core.so
7fbc6b705000-7fbc6b905000 ---p 001ad000 08:02 271722                     /tmp/javacpp27251277369339/libjniopencv_core.so
7fbc6b905000-7fbc6b906000 r--p 001ad000 08:02 271722                     /tmp/javacpp27251277369339/libjniopencv_core.so
7fbc6b906000-7fbc6b908000 rw-p 001ae000 08:02 271722                     /tmp/javacpp27251277369339/libjniopencv_core.so
7fbc6b908000-7fbc6b956000 r-xp 00000000 08:02 271721                     /tmp/javacpp27251277369339/libjniopencv_highgui.so
7fbc6b956000-7fbc6bb55000 ---p 0004e000 08:02 271721                     /tmp/javacpp27251277369339/libjniopencv_highgui.so
7fbc6bb55000-7fbc6bb56000 r--p 0004d000 08:02 271721                     /tmp/javacpp27251277369339/libjniopencv_highgui.so
7fbc6bb56000-7fbc6bb57000 rw-p 0004e000 08:02 271721                     /tmp/javacpp27251277369339/libjniopencv_highgui.so
7fbc6bb58000-7fbc6bb9b000 r-xp 00000000 08:02 1188593                    /usr/lib/x86_64-linux-gnu/libjpeg.so.8.0.2
7fbc6bb9b000-7fbc6bd9b000 ---p 00043000 08:02 1188593                    /usr/lib/x86_64-linux-gnu/libjpeg.so.8.0.2
7fbc6bd9b000-7fbc6bd9c000 r--p 00043000 08:02 1188593                    /usr/lib/x86_64-linux-gnu/libjpeg.so.8.0.2
7fbc6bd9c000-7fbc6bd9d000 rw-p 00044000 08:02 1188593                    /usr/lib/x86_64-linux-gnu/libjpeg.so.8.0.2
7fbc6bd9d000-7fbc6bdad000 rw-p 00000000 00:00 0 
7fbc6bdb0000-7fbc6bdd4000 r-xp 00000000 08:02 1188998                    /usr/lib/x86_64-linux-gnu/libv4lconvert.so.0.0.0
7fbc6bdd4000-7fbc6bfd4000 ---p 00024000 08:02 1188998                    /usr/lib/x86_64-linux-gnu/libv4lconvert.so.0.0.0
7fbc6bfd4000-7fbc6bfd6000 r--p 00024000 08:02 1188998                    /usr/lib/x86_64-linux-gnu/libv4lconvert.so.0.0.0
7fbc6bfd6000-7fbc6bfd7000 rw-p 00026000 08:02 1188998                    /usr/lib/x86_64-linux-gnu/libv4lconvert.so.0.0.0
7fbc6bfd7000-7fbc6c029000 rw-p 00000000 00:00 0 
7fbc6c030000-7fbc6c036000 r-xp 00000000 08:02 1188131                    /usr/lib/x86_64-linux-gnu/libdatrie.so.1.3.1
7fbc6c036000-7fbc6c235000 ---p 00006000 08:02 1188131                    /usr/lib/x86_64-linux-gnu/libdatrie.so.1.3.1
7fbc6c235000-7fbc6c236000 r--p 00005000 08:02 1188131                    /usr/lib/x86_64-linux-gnu/libdatrie.so.1.3.1
7fbc6c236000-7fbc6c237000 rw-p 00006000 08:02 1188131                    /usr/lib/x86_64-linux-gnu/libdatrie.so.1.3.1
7fbc6c238000-7fbc6c252000 r-xp 00000000 08:02 1188402                    /usr/lib/x86_64-linux-gnu/libgraphite2.so.3.0.1
7fbc6c252000-7fbc6c451000 ---p 0001a000 08:02 1188402                    /usr/lib/x86_64-linux-gnu/libgraphite2.so.3.0.1
7fbc6c451000-7fbc6c453000 r--p 00019000 08:02 1188402                    /usr/lib/x86_64-linux-gnu/libgraphite2.so.3.0.1
7fbc6c453000-7fbc6c454000 rw-p 0001b000 08:02 1188402                    /usr/lib/x86_64-linux-gnu/libgraphite2.so.3.0.1
7fbc6c458000-7fbc6c461000 r-xp 00000000 08:02 1188996                    /usr/lib/x86_64-linux-gnu/libv4l2.so.0.0.0
7fbc6c461000-7fbc6c660000 ---p 00009000 08:02 1188996                    /usr/lib/x86_64-linux-gnu/libv4l2.so.0.0.0
7fbc6c660000-7fbc6c661000 r--p 00008000 08:02 1188996                    /usr/lib/x86_64-linux-gnu/libv4l2.so.0.0.0
7fbc6c661000-7fbc6c666000 rw-p 00009000 08:02 1188996                    /usr/lib/x86_64-linux-gnu/libv4l2.so.0.0.0
7fbc6c668000-7fbc6c670000 r-xp 00000000 08:02 1188953                    /usr/lib/x86_64-linux-gnu/libthai.so.0.2.0
7fbc6c670000-7fbc6c86f000 ---p 00008000 08:02 1188953                    /usr/lib/x86_64-linux-gnu/libthai.so.0.2.0
7fbc6c86f000-7fbc6c870000 r--p 00007000 08:02 1188953                    /usr/lib/x86_64-linux-gnu/libthai.so.0.2.0
7fbc6c870000-7fbc6c871000 rw-p 00008000 08:02 1188953                    /usr/lib/x86_64-linux-gnu/libthai.so.0.2.0
7fbc6c878000-7fbc6c8cb000 r-xp 00000000 08:02 1179957                    /usr/lib/x86_64-linux-gnu/libharfbuzz.so.0.927.0
7fbc6c8cb000-7fbc6cacb000 ---p 00053000 08:02 1179957                    /usr/lib/x86_64-linux-gnu/libharfbuzz.so.0.927.0
7fbc6cacb000-7fbc6cacc000 r--p 00053000 08:02 1179957                    /usr/lib/x86_64-linux-gnu/libharfbuzz.so.0.927.0
7fbc6cacc000-7fbc6cacd000 rw-p 00054000 08:02 1179957                    /usr/lib/x86_64-linux-gnu/libharfbuzz.so.0.927.0
7fbc6cad0000-7fbc6cad8000 r-xp 00000000 08:02 1189074                    /usr/lib/x86_64-linux-gnu/libxcb-render.so.0.0.0
7fbc6cad8000-7fbc6ccd7000 ---p 00008000 08:02 1189074                    /usr/lib/x86_64-linux-gnu/libxcb-render.so.0.0.0
7fbc6ccd7000-7fbc6ccd8000 r--p 00007000 08:02 1189074                    /usr/lib/x86_64-linux-gnu/libxcb-render.so.0.0.0
7fbc6ccd8000-7fbc6ccd9000 rw-p 00008000 08:02 1189074                    /usr/lib/x86_64-linux-gnu/libxcb-render.so.0.0.0
7fbc6cce0000-7fbc6cce2000 r-xp 00000000 08:02 1189078                    /usr/lib/x86_64-linux-gnu/libxcb-shm.so.0.0.0
7fbc6cce2000-7fbc6cee1000 ---p 00002000 08:02 1189078                    /usr/lib/x86_64-linux-gnu/libxcb-shm.so.0.0.0
7fbc6cee1000-7fbc6cee2000 r--p 00001000 08:02 1189078                    /usr/lib/x86_64-linux-gnu/libxcb-shm.so.0.0.0
7fbc6cee2000-7fbc6cee3000 rw-p 00002000 08:02 1189078                    /usr/lib/x86_64-linux-gnu/libxcb-shm.so.0.0.0
7fbc6cee8000-7fbc6cf89000 r-xp 00000000 08:02 1188793                    /usr/lib/x86_64-linux-gnu/libpixman-1.so.0.30.2
7fbc6cf89000-7fbc6d189000 ---p 000a1000 08:02 1188793                    /usr/lib/x86_64-linux-gnu/libpixman-1.so.0.30.2
7fbc6d189000-7fbc6d190000 r--p 000a1000 08:02 1188793                    /usr/lib/x86_64-linux-gnu/libpixman-1.so.0.30.2
7fbc6d190000-7fbc6d191000 rw-p 000a8000 08:02 1188793                    /usr/lib/x86_64-linux-gnu/libpixman-1.so.0.30.2
7fbc6d198000-7fbc6d19a000 r-xp 00000000 08:02 1187926                    /usr/lib/x86_64-linux-gnu/libXdamage.so.1.1.0
7fbc6d19a000-7fbc6d399000 ---p 00002000 08:02 1187926                    /usr/lib/x86_64-linux-gnu/libXdamage.so.1.1.0
7fbc6d399000-7fbc6d39a000 r--p 00001000 08:02 1187926                    /usr/lib/x86_64-linux-gnu/libXdamage.so.1.1.0
7fbc6d39a000-7fbc6d39b000 rw-p 00002000 08:02 1187926                    /usr/lib/x86_64-linux-gnu/libXdamage.so.1.1.0
7fbc6d3a0000-7fbc6d3a2000 r-xp 00000000 08:02 1187922                    /usr/lib/x86_64-linux-gnu/libXcomposite.so.1.0.0
7fbc6d3a2000-7fbc6d5a1000 ---p 00002000 08:02 1187922                    /usr/lib/x86_64-linux-gnu/libXcomposite.so.1.0.0
7fbc6d5a1000-7fbc6d5a2000 r--p 00001000 08:02 1187922                    /usr/lib/x86_64-linux-gnu/libXcomposite.so.1.0.0
7fbc6d5a2000-7fbc6d5a3000 rw-p 00002000 08:02 1187922                    /usr/lib/x86_64-linux-gnu/libXcomposite.so.1.0.0
7fbc6d5a8000-7fbc6d5b1000 r-xp 00000000 08:02 1187948                    /usr/lib/x86_64-linux-gnu/libXrandr.so.2.2.0
7fbc6d5b1000-7fbc6d7b0000 ---p 00009000 08:02 1187948                    /usr/lib/x86_64-linux-gnu/libXrandr.so.2.2.0
7fbc6d7b0000-7fbc6d7b1000 r--p 00008000 08:02 1187948                    /usr/lib/x86_64-linux-gnu/libXrandr.so.2.2.0
7fbc6d7b1000-7fbc6d7b2000 rw-p 00009000 08:02 1187948                    /usr/lib/x86_64-linux-gnu/libXrandr.so.2.2.0
7fbc6d7b8000-7fbc6d7ba000 r-xp 00000000 08:02 1187940                    /usr/lib/x86_64-linux-gnu/libXinerama.so.1.0.0
7fbc6d7ba000-7fbc6d9b9000 ---p 00002000 08:02 1187940                    /usr/lib/x86_64-linux-gnu/libXinerama.so.1.0.0
7fbc6d9b9000-7fbc6d9ba000 r--p 00001000 08:02 1187940                    /usr/lib/x86_64-linux-gnu/libXinerama.so.1.0.0
7fbc6d9ba000-7fbc6d9bb000 rw-p 00002000 08:02 1187940                    /usr/lib/x86_64-linux-gnu/libXinerama.so.1.0.0
7fbc6d9c0000-7fbc6d9c5000 r-xp 00000000 08:02 1188994                    /usr/lib/x86_64-linux-gnu/libv4l1.so.0.0.0
7fbc6d9c5000-7fbc6dbc4000 ---p 00005000 08:02 1188994                    /usr/lib/x86_64-linux-gnu/libv4l1.so.0.0.0
7fbc6dbc4000-7fbc6dbc5000 r--p 00004000 08:02 1188994                    /usr/lib/x86_64-linux-gnu/libv4l1.so.0.0.0
7fbc6dbc5000-7fbc6dbc6000 rw-p 00005000 08:02 1188994                    /usr/lib/x86_64-linux-gnu/libv4l1.so.0.0.0
7fbc6dbc8000-7fbc6dbc9000 r-xp 00000000 08:02 1181659                    /usr/lib/x86_64-linux-gnu/libgthread-2.0.so.0.4002.0
7fbc6dbc9000-7fbc6ddc8000 ---p 00001000 08:02 1181659                    /usr/lib/x86_64-linux-gnu/libgthread-2.0.so.0.4002.0
7fbc6ddc8000-7fbc6ddc9000 r--p 00000000 08:02 1181659                    /usr/lib/x86_64-linux-gnu/libgthread-2.0.so.0.4002.0
7fbc6ddc9000-7fbc6ddca000 rw-p 00001000 08:02 1181659                    /usr/lib/x86_64-linux-gnu/libgthread-2.0.so.0.4002.0
7fbc6ddd0000-7fbc6de1a000 r-xp 00000000 08:02 1181864                    /usr/lib/x86_64-linux-gnu/libpango-1.0.so.0.3600.3
7fbc6de1a000-7fbc6e01a000 ---p 0004a000 08:02 1181864                    /usr/lib/x86_64-linux-gnu/libpango-1.0.so.0.3600.3
7fbc6e01a000-7fbc6e01c000 r--p 0004a000 08:02 1181864                    /usr/lib/x86_64-linux-gnu/libpango-1.0.so.0.3600.3
7fbc6e01c000-7fbc6e01d000 rw-p 0004c000 08:02 1181864                    /usr/lib/x86_64-linux-gnu/libpango-1.0.so.0.3600.3
7fbc6e020000-7fbc6e034000 r-xp 00000000 08:02 1181866                    /usr/lib/x86_64-linux-gnu/libpangoft2-1.0.so.0.3600.3
7fbc6e034000-7fbc6e233000 ---p 00014000 08:02 1181866                    /usr/lib/x86_64-linux-gnu/libpangoft2-1.0.so.0.3600.3
7fbc6e233000-7fbc6e234000 r--p 00013000 08:02 1181866                    /usr/lib/x86_64-linux-gnu/libpangoft2-1.0.so.0.3600.3
7fbc6e234000-7fbc6e235000 rw-p 00014000 08:02 1181866                    /usr/lib/x86_64-linux-gnu/libpangoft2-1.0.so.0.3600.3
7fbc6e238000-7fbc6e257000 r-xp 00000000 08:02 1188324                    /usr/lib/x86_64-linux-gnu/libgdk_pixbuf-2.0.so.0.3000.7
7fbc6e257000-7fbc6e457000 ---p 0001f000 08:02 1188324                    /usr/lib/x86_64-linux-gnu/libgdk_pixbuf-2.0.so.0.3000.7
7fbc6e457000-7fbc6e458000 r--p 0001f000 08:02 1188324                    /usr/lib/x86_64-linux-gnu/libgdk_pixbuf-2.0.so.0.3000.7
7fbc6e458000-7fbc6e459000 rw-p 00020000 08:02 1188324                    /usr/lib/x86_64-linux-gnu/libgdk_pixbuf-2.0.so.0.3000.7
7fbc6e460000-7fbc6e566000 r-xp 00000000 08:02 1184068                    /usr/lib/x86_64-linux-gnu/libcairo.so.2.11301.0
7fbc6e566000-7fbc6e765000 ---p 00106000 08:02 1184068                    /usr/lib/x86_64-linux-gnu/libcairo.so.2.11301.0
7fbc6e765000-7fbc6e768000 r--p 00105000 08:02 1184068                    /usr/lib/x86_64-linux-gnu/libcairo.so.2.11301.0
7fbc6e768000-7fbc6e769000 rw-p 00108000 08:02 1184068                    /usr/lib/x86_64-linux-gnu/libcairo.so.2.11301.0
7fbc6e769000-7fbc6e76b000 rw-p 00000000 00:00 0 
7fbc6e770000-7fbc6e78f000 r-xp 00000000 08:02 1188009                    /usr/lib/x86_64-linux-gnu/libatk-1.0.so.0.21009.1
7fbc6e78f000-7fbc6e98f000 ---p 0001f000 08:02 1188009                    /usr/lib/x86_64-linux-gnu/libatk-1.0.so.0.21009.1
7fbc6e98f000-7fbc6e991000 r--p 0001f000 08:02 1188009                    /usr/lib/x86_64-linux-gnu/libatk-1.0.so.0.21009.1
7fbc6e991000-7fbc6e992000 rw-p 00021000 08:02 1188009                    /usr/lib/x86_64-linux-gnu/libatk-1.0.so.0.21009.1
7fbc6e998000-7fbc6e9a3000 r-xp 00000000 08:02 1181862                    /usr/lib/x86_64-linux-gnu/libpangocairo-1.0.so.0.3600.3
7fbc6e9a3000-7fbc6eba3000 ---p 0000b000 08:02 1181862                    /usr/lib/x86_64-linux-gnu/libpangocairo-1.0.so.0.3600.3
7fbc6eba3000-7fbc6eba4000 r--p 0000b000 08:02 1181862                    /usr/lib/x86_64-linux-gnu/libpangocairo-1.0.so.0.3600.3
7fbc6eba4000-7fbc6eba5000 rw-p 0000c000 08:02 1181862                    /usr/lib/x86_64-linux-gnu/libpangocairo-1.0.so.0.3600.3
7fbc6eba8000-7fbc6efd7000 r-xp 00000000 08:02 1190134                    /usr/lib/x86_64-linux-gnu/libgtk-x11-2.0.so.0.2400.23
7fbc6efd7000-7fbc6f1d6000 ---p 0042f000 08:02 1190134                    /usr/lib/x86_64-linux-gnu/libgtk-x11-2.0.so.0.2400.23
7fbc6f1d6000-7fbc6f1dd000 r--p 0042e000 08:02 1190134                    /usr/lib/x86_64-linux-gnu/libgtk-x11-2.0.so.0.2400.23
7fbc6f1dd000-7fbc6f1e1000 rw-p 00435000 08:02 1190134                    /usr/lib/x86_64-linux-gnu/libgtk-x11-2.0.so.0.2400.23
7fbc6f1e1000-7fbc6f1e4000 rw-p 00000000 00:00 0 
7fbc6f1e8000-7fbc6f42f000 r-xp 00000000 08:02 271720                     /tmp/javacpp27251277369339/libopencv_highgui.so.2.4
7fbc6f42f000-7fbc6f62f000 ---p 00247000 08:02 271720                     /tmp/javacpp27251277369339/libopencv_highgui.so.2.4
7fbc6f62f000-7fbc6f637000 r--p 00247000 08:02 271720                     /tmp/javacpp27251277369339/libopencv_highgui.so.2.4
7fbc6f637000-7fbc6f640000 rw-p 0024f000 08:02 271720                     /tmp/javacpp27251277369339/libopencv_highgui.so.2.4
7fbc6f640000-7fbc6f648000 rw-p 00000000 00:00 0 
7fbc6f648000-7fbc6f8a3000 r-xp 00000000 08:02 271719                     /tmp/javacpp27251277369339/libopencv_imgproc.so.2.4
7fbc6f8a3000-7fbc6faa3000 ---p 0025b000 08:02 271719                     /tmp/javacpp27251277369339/libopencv_imgproc.so.2.4
7fbc6faa3000-7fbc6faaa000 r--p 0025b000 08:02 271719                     /tmp/javacpp27251277369339/libopencv_imgproc.so.2.4
7fbc6faaa000-7fbc6faac000 rw-p 00262000 08:02 271719                     /tmp/javacpp27251277369339/libopencv_imgproc.so.2.4
7fbc6faac000-7fbc6fb41000 rw-p 00000000 00:00 0 
7fbc6fb48000-7fbc6fdf1000 r-xp 00000000 08:02 271718                     /tmp/javacpp27251277369339/libopencv_core.so.2.4
7fbc6fdf1000-7fbc6fff0000 ---p 002a9000 08:02 271718                     /tmp/javacpp27251277369339/libopencv_core.so.2.4
7fbc6fff0000-7fbc6fff4000 r--p 002a8000 08:02 271718                     /tmp/javacpp27251277369339/libopencv_core.so.2.4
7fbc6fff4000-7fbc6fffd000 rw-p 002ac000 08:02 271718                     /tmp/javacpp27251277369339/libopencv_core.so.2.4
7fbc6fffd000-7fbc70000000 rw-p 00000000 00:00 0 
7fbc70000000-7fbc7002b000 rw-p 00000000 00:00 0 
7fbc7002b000-7fbc74000000 ---p 00000000 00:00 0 
7fbc74000000-7fbc740ec000 rw-p 00000000 00:00 0 
7fbc740ec000-7fbc78000000 ---p 00000000 00:00 0 
7fbc78000000-7fbc78021000 rw-p 00000000 00:00 0 
7fbc78021000-7fbc7c000000 ---p 00000000 00:00 0 
7fbc7c000000-7fbc7c021000 rw-p 00000000 00:00 0 
7fbc7c021000-7fbc80000000 ---p 00000000 00:00 0 
7fbc80000000-7fbc80001000 r--s 00000000 08:02 2756970                    /var/cache/fontconfig/0d8c3b2ac0904cb8a57a757ad11a4a08-le64.cache-4
7fbc80008000-7fbc80014000 r--s 00000000 08:02 2756968                    /var/cache/fontconfig/6d41288fd70b0be22e8c3a91e032eec0-le64.cache-4
7fbc80018000-7fbc8002c000 r--s 00000000 08:02 2756967                    /var/cache/fontconfig/04aabc0a78ac019cf9454389977116d2-le64.cache-4
7fbc80030000-7fbc80031000 r--s 00000000 08:02 2756966                    /var/cache/fontconfig/1ac9eb803944fde146138c791f5cc56a-le64.cache-4
7fbc80038000-7fbc8003c000 r--s 00000000 08:02 2756965                    /var/cache/fontconfig/385c0604a188198f04d133e54aba7fe7-le64.cache-4
7fbc80040000-7fbc80041000 r--s 00000000 08:02 2756964                    /var/cache/fontconfig/dc05db6664285cc2f12bf69c139ae4c3-le64.cache-4
7fbc80048000-7fbc8004a000 r--s 00000000 08:02 2756963                    /var/cache/fontconfig/767a8244fc0220cfb567a839d0392e0b-le64.cache-4
7fbc80050000-7fbc80051000 r--s 00000000 08:02 2753289                    /var/cache/fontconfig/4794a0821666d79190d59a36cb4f44b5-le64.cache-4
7fbc80058000-7fbc8005d000 r--s 00000000 08:02 2756961                    /var/cache/fontconfig/8801497958630a81b71ace7c5f9b32a8-le64.cache-4
7fbc80060000-7fbc80067000 r--s 00000000 08:02 2756960                    /var/cache/fontconfig/3047814df9a2f067bd2d96a2b9c36e5a-le64.cache-4
7fbc80068000-7fbc8006e000 r--s 00000000 08:02 2756957                    /var/cache/fontconfig/b47c4e1ecd0709278f4910c18777a504-le64.cache-4
7fbc80070000-7fbc80083000 r--s 00000000 08:02 2756956                    /var/cache/fontconfig/d52a8644073d54c13679302ca1180695-le64.cache-4
7fbc80088000-7fbc80091000 r--s 00000000 08:02 2754543                    /var/cache/fontconfig/3f7329c5293ffd510edef78f73874cfd-le64.cache-4
7fbc80098000-7fbc80145000 r-xp 00000000 08:02 1185800                    /usr/lib/x86_64-linux-gnu/libgdk-x11-2.0.so.0.2400.23
7fbc80145000-7fbc80344000 ---p 000ad000 08:02 1185800                    /usr/lib/x86_64-linux-gnu/libgdk-x11-2.0.so.0.2400.23
7fbc80344000-7fbc80348000 r--p 000ac000 08:02 1185800                    /usr/lib/x86_64-linux-gnu/libgdk-x11-2.0.so.0.2400.23
7fbc80348000-7fbc8034a000 rw-p 000b0000 08:02 1185800                    /usr/lib/x86_64-linux-gnu/libgdk-x11-2.0.so.0.2400.23
7fbc80350000-7fbc80379000 r-xp 00000000 08:02 271717                     /tmp/javacpp27251277369339/libtbb.so
7fbc80379000-7fbc80578000 ---p 00029000 08:02 271717                     /tmp/javacpp27251277369339/libtbb.so
7fbc80578000-7fbc8057a000 r--p 00028000 08:02 271717                     /tmp/javacpp27251277369339/libtbb.so
7fbc8057a000-7fbc8057b000 rw-p 0002a000 08:02 271717                     /tmp/javacpp27251277369339/libtbb.so
7fbc80580000-7fbc805a6000 r-xp 00000000 08:02 271716                     /tmp/javacpp27251277369339/libjnifreenect.so
7fbc805a6000-7fbc807a5000 ---p 00026000 08:02 271716                     /tmp/javacpp27251277369339/libjnifreenect.so
7fbc807a5000-7fbc807a6000 r--p 00025000 08:02 271716                     /tmp/javacpp27251277369339/libjnifreenect.so
7fbc807a6000-7fbc807a7000 rw-p 00026000 08:02 271716                     /tmp/javacpp27251277369339/libjnifreenect.so
7fbc807a8000-7fbc807ab000 r-xp 00000000 08:02 271715                     /tmp/javacpp27251277369339/libfreenect_sync.so
7fbc807ab000-7fbc809aa000 ---p 00003000 08:02 271715                     /tmp/javacpp27251277369339/libfreenect_sync.so
7fbc809aa000-7fbc809ab000 r--p 00002000 08:02 271715                     /tmp/javacpp27251277369339/libfreenect_sync.so
7fbc809ab000-7fbc809ac000 rw-p 00003000 08:02 271715                     /tmp/javacpp27251277369339/libfreenect_sync.so
7fbc809b0000-7fbc809be000 r-xp 00000000 08:02 271714                     /tmp/javacpp27251277369339/libfreenect.so
7fbc809be000-7fbc80bbd000 ---p 0000e000 08:02 271714                     /tmp/javacpp27251277369339/libfreenect.so
7fbc80bbd000-7fbc80bbe000 r--p 0000d000 08:02 271714                     /tmp/javacpp27251277369339/libfreenect.so
7fbc80bbe000-7fbc80bbf000 rw-p 0000e000 08:02 271714                     /tmp/javacpp27251277369339/libfreenect.so
7fbc80bbf000-7fbc80bc0000 ---p 00000000 00:00 0 
7fbc80bc0000-7fbc813c0000 rw-p 00000000 00:00 0 
7fbc813c0000-7fbc81412000 r-xp 00000000 08:02 271666                     /tmp/javacpp27251277369339/libjnidc1394.so
7fbc81412000-7fbc81611000 ---p 00052000 08:02 271666                     /tmp/javacpp27251277369339/libjnidc1394.so
7fbc81611000-7fbc81612000 r--p 00051000 08:02 271666                     /tmp/javacpp27251277369339/libjnidc1394.so
7fbc81612000-7fbc81613000 rw-p 00052000 08:02 271666                     /tmp/javacpp27251277369339/libjnidc1394.so
7fbc81618000-7fbc81620000 r-xp 00000000 08:02 1445949                    /lib/x86_64-linux-gnu/libnih-dbus.so.1.0.0
7fbc81620000-7fbc81820000 ---p 00008000 08:02 1445949                    /lib/x86_64-linux-gnu/libnih-dbus.so.1.0.0
7fbc81820000-7fbc81821000 r--p 00008000 08:02 1445949                    /lib/x86_64-linux-gnu/libnih-dbus.so.1.0.0
7fbc81821000-7fbc81822000 rw-p 00009000 08:02 1445949                    /lib/x86_64-linux-gnu/libnih-dbus.so.1.0.0
7fbc81828000-7fbc8183f000 r-xp 00000000 08:02 1445951                    /lib/x86_64-linux-gnu/libnih.so.1.0.0
7fbc8183f000-7fbc81a3e000 ---p 00017000 08:02 1445951                    /lib/x86_64-linux-gnu/libnih.so.1.0.0
7fbc81a3e000-7fbc81a3f000 r--p 00016000 08:02 1445951                    /lib/x86_64-linux-gnu/libnih.so.1.0.0
7fbc81a3f000-7fbc81a40000 rw-p 00017000 08:02 1445951                    /lib/x86_64-linux-gnu/libnih.so.1.0.0
7fbc81a40000-7fbc81a59000 r-xp 00000000 08:02 1444015                    /lib/x86_64-linux-gnu/libcgmanager.so.0.0.0
7fbc81a59000-7fbc81c58000 ---p 00019000 08:02 1444015                    /lib/x86_64-linux-gnu/libcgmanager.so.0.0.0
7fbc81c58000-7fbc81c5a000 r--p 00018000 08:02 1444015                    /lib/x86_64-linux-gnu/libcgmanager.so.0.0.0
7fbc81c5a000-7fbc81c5b000 rw-p 0001a000 08:02 1444015                    /lib/x86_64-linux-gnu/libcgmanager.so.0.0.0
7fbc81c60000-7fbc81c70000 r-xp 00000000 08:02 1442754                    /lib/x86_64-linux-gnu/libudev.so.1.3.5
7fbc81c70000-7fbc81e6f000 ---p 00010000 08:02 1442754                    /lib/x86_64-linux-gnu/libudev.so.1.3.5
7fbc81e6f000-7fbc81e70000 r--p 0000f000 08:02 1442754                    /lib/x86_64-linux-gnu/libudev.so.1.3.5
7fbc81e70000-7fbc81e71000 rw-p 00010000 08:02 1442754                    /lib/x86_64-linux-gnu/libudev.so.1.3.5
7fbc81e78000-7fbc81e8d000 r-xp 00000000 08:02 1446041                    /lib/x86_64-linux-gnu/libusb-1.0.so.0.1.0
7fbc81e8d000-7fbc8208d000 ---p 00015000 08:02 1446041                    /lib/x86_64-linux-gnu/libusb-1.0.so.0.1.0
7fbc8208d000-7fbc8208e000 r--p 00015000 08:02 1446041                    /lib/x86_64-linux-gnu/libusb-1.0.so.0.1.0
7fbc8208e000-7fbc8208f000 rw-p 00016000 08:02 1446041                    /lib/x86_64-linux-gnu/libusb-1.0.so.0.1.0
7fbc82090000-7fbc8209d000 r-xp 00000000 08:02 1188844                    /usr/lib/x86_64-linux-gnu/libraw1394.so.11.1.0
7fbc8209d000-7fbc8229c000 ---p 0000d000 08:02 1188844                    /usr/lib/x86_64-linux-gnu/libraw1394.so.11.1.0
7fbc8229c000-7fbc8229d000 r--p 0000c000 08:02 1188844                    /usr/lib/x86_64-linux-gnu/libraw1394.so.11.1.0
7fbc8229d000-7fbc8229e000 rw-p 0000d000 08:02 1188844                    /usr/lib/x86_64-linux-gnu/libraw1394.so.11.1.0
7fbc822a0000-7fbc822d3000 r-xp 00000000 08:02 271664                     /tmp/javacpp27251277369339/libdc1394.so.22
7fbc822d3000-7fbc824d3000 ---p 00033000 08:02 271664                     /tmp/javacpp27251277369339/libdc1394.so.22
7fbc824d3000-7fbc824d4000 r--p 00033000 08:02 271664                     /tmp/javacpp27251277369339/libdc1394.so.22
7fbc824d4000-7fbc824d5000 rw-p 00034000 08:02 271664                     /tmp/javacpp27251277369339/libdc1394.so.22
7fbc824d5000-7fbc82515000 rw-p 00000000 00:00 0 
7fbc82518000-7fbc8252f000 r-xp 00000000 08:02 1317766                    /usr/lib/jvm/java-7-openjdk-amd64/jre/lib/amd64/libnet.so
7fbc8252f000-7fbc8272e000 ---p 00017000 08:02 1317766                    /usr/lib/jvm/java-7-openjdk-amd64/jre/lib/amd64/libnet.so
7fbc8272e000-7fbc8272f000 r--p 00016000 08:02 1317766                    /usr/lib/jvm/java-7-openjdk-amd64/jre/lib/amd64/libnet.so
7fbc8272f000-7fbc82730000 rw-p 00017000 08:02 1317766                    /usr/lib/jvm/java-7-openjdk-amd64/jre/lib/amd64/libnet.so
7fbc82730000-7fbc82740000 r-xp 00000000 08:02 1317771                    /usr/lib/jvm/java-7-openjdk-amd64/jre/lib/amd64/libnio.so
7fbc82740000-7fbc82940000 ---p 00010000 08:02 1317771                    /usr/lib/jvm/java-7-openjdk-amd64/jre/lib/amd64/libnio.so
7fbc82940000-7fbc82941000 r--p 00010000 08:02 1317771                    /usr/lib/jvm/java-7-openjdk-amd64/jre/lib/amd64/libnio.so
7fbc82941000-7fbc82942000 rw-p 00011000 08:02 1317771                    /usr/lib/jvm/java-7-openjdk-amd64/jre/lib/amd64/libnio.so
7fbc82947000-7fbc8294a000 ---p 00000000 00:00 0 
7fbc8294a000-7fbc82a48000 rw-p 00000000 00:00 0                          [stack:20705]
7fbc82a48000-7fbc82a4d000 r-xp 00000000 08:02 1185797                    /usr/lib/x86_64-linux-gnu/libXfixes.so.3.1.0
7fbc82a4d000-7fbc82c4c000 ---p 00005000 08:02 1185797                    /usr/lib/x86_64-linux-gnu/libXfixes.so.3.1.0
7fbc82c4c000-7fbc82c4d000 r--p 00004000 08:02 1185797                    /usr/lib/x86_64-linux-gnu/libXfixes.so.3.1.0
7fbc82c4d000-7fbc82c4e000 rw-p 00005000 08:02 1185797                    /usr/lib/x86_64-linux-gnu/libXfixes.so.3.1.0
7fbc82c50000-7fbc82c59000 r-xp 00000000 08:02 1187924                    /usr/lib/x86_64-linux-gnu/libXcursor.so.1.0.2
7fbc82c59000-7fbc82e58000 ---p 00009000 08:02 1187924                    /usr/lib/x86_64-linux-gnu/libXcursor.so.1.0.2
7fbc82e58000-7fbc82e59000 r--p 00008000 08:02 1187924                    /usr/lib/x86_64-linux-gnu/libXcursor.so.1.0.2
7fbc82e59000-7fbc82e5a000 rw-p 00009000 08:02 1187924                    /usr/lib/x86_64-linux-gnu/libXcursor.so.1.0.2
7fbc82e60000-7fbc82e64000 r-xp 00000000 08:02 1445919                    /lib/x86_64-linux-gnu/libgpg-error.so.0.10.0
7fbc82e64000-7fbc83063000 ---p 00004000 08:02 1445919                    /lib/x86_64-linux-gnu/libgpg-error.so.0.10.0
7fbc83063000-7fbc83064000 r--p 00003000 08:02 1445919                    /lib/x86_64-linux-gnu/libgpg-error.so.0.10.0
7fbc83064000-7fbc83065000 rw-p 00004000 08:02 1445919                    /lib/x86_64-linux-gnu/libgpg-error.so.0.10.0
7fbc83068000-7fbc8306a000 r-xp 00000000 08:02 1445929                    /lib/x86_64-linux-gnu/libkeyutils.so.1.4
7fbc8306a000-7fbc8326a000 ---p 00002000 08:02 1445929                    /lib/x86_64-linux-gnu/libkeyutils.so.1.4
7fbc8326a000-7fbc8326b000 r--p 00002000 08:02 1445929                    /lib/x86_64-linux-gnu/libkeyutils.so.1.4
7fbc8326b000-7fbc8326c000 rw-p 00003000 08:02 1445929                    /lib/x86_64-linux-gnu/libkeyutils.so.1.4
7fbc83270000-7fbc832ad000 r-xp 00000000 08:02 1445990                    /lib/x86_64-linux-gnu/libpcre.so.3.13.1
7fbc832ad000-7fbc834ac000 ---p 0003d000 08:02 1445990                    /lib/x86_64-linux-gnu/libpcre.so.3.13.1
7fbc834ac000-7fbc834ad000 r--p 0003c000 08:02 1445990                    /lib/x86_64-linux-gnu/libpcre.so.3.13.1
7fbc834ad000-7fbc834ae000 rw-p 0003d000 08:02 1445990                    /lib/x86_64-linux-gnu/libpcre.so.3.13.1
7fbc834b0000-7fbc834d5000 r-xp 00000000 08:02 1446002                    /lib/x86_64-linux-gnu/libpng12.so.0.50.0
7fbc834d5000-7fbc836d4000 ---p 00025000 08:02 1446002                    /lib/x86_64-linux-gnu/libpng12.so.0.50.0
7fbc836d4000-7fbc836d5000 r--p 00024000 08:02 1446002                    /lib/x86_64-linux-gnu/libpng12.so.0.50.0
7fbc836d5000-7fbc836d6000 rw-p 00025000 08:02 1446002                    /lib/x86_64-linux-gnu/libpng12.so.0.50.0
7fbc836d8000-7fbc8371c000 r-xp 00000000 08:02 1444769                    /lib/x86_64-linux-gnu/libdbus-1.so.3.7.6
7fbc8371c000-7fbc8391b000 ---p 00044000 08:02 1444769                    /lib/x86_64-linux-gnu/libdbus-1.so.3.7.6
7fbc8391b000-7fbc8391c000 r--p 00043000 08:02 1444769                    /lib/x86_64-linux-gnu/libdbus-1.so.3.7.6
7fbc8391c000-7fbc8391d000 rw-p 00044000 08:02 1444769                    /lib/x86_64-linux-gnu/libdbus-1.so.3.7.6
7fbc83920000-7fbc8395b000 r-xp 00000000 08:02 1188762                    /usr/lib/x86_64-linux-gnu/libp11-kit.so.0.0.0
7fbc8395b000-7fbc83b5a000 ---p 0003b000 08:02 1188762                    /usr/lib/x86_64-linux-gnu/libp11-kit.so.0.0.0
7fbc83b5a000-7fbc83b60000 r--p 0003a000 08:02 1188762                    /usr/lib/x86_64-linux-gnu/libp11-kit.so.0.0.0
7fbc83b60000-7fbc83b62000 rw-p 00040000 08:02 1188762                    /usr/lib/x86_64-linux-gnu/libp11-kit.so.0.0.0
7fbc83b68000-7fbc83b7a000 r-xp 00000000 08:02 1190002                    /usr/lib/x86_64-linux-gnu/libtasn1.so.6.2.0
7fbc83b7a000-7fbc83d7a000 ---p 00012000 08:02 1190002                    /usr/lib/x86_64-linux-gnu/libtasn1.so.6.2.0
7fbc83d7a000-7fbc83d7b000 r--p 00012000 08:02 1190002                    /usr/lib/x86_64-linux-gnu/libtasn1.so.6.2.0
7fbc83d7b000-7fbc83d7c000 rw-p 00013000 08:02 1190002                    /usr/lib/x86_64-linux-gnu/libtasn1.so.6.2.0
7fbc83d80000-7fbc83dfc000 r-xp 00000000 08:02 1443002                    /lib/x86_64-linux-gnu/libgcrypt.so.11.8.2
7fbc83dfc000-7fbc83ffc000 ---p 0007c000 08:02 1443002                    /lib/x86_64-linux-gnu/libgcrypt.so.11.8.2
7fbc83ffc000-7fbc83ffd000 r--p 0007c000 08:02 1443002                    /lib/x86_64-linux-gnu/libgcrypt.so.11.8.2
7fbc83ffd000-7fbc84000000 rw-p 0007d000 08:02 1443002                    /lib/x86_64-linux-gnu/libgcrypt.so.11.8.2
7fbc84000000-7fbc84021000 rw-p 00000000 00:00 0 
7fbc84021000-7fbc88000000 ---p 00000000 00:00 0 
7fbc88000000-7fbc88001000 r--s 00000000 08:02 2756959                    /var/cache/fontconfig/56cf4f4769d0f4abc89a4895d7bd3ae1-le64.cache-4
7fbc88008000-7fbc88013000 r--s 00000000 08:02 2756954                    /var/cache/fontconfig/d589a48862398ed80a3d6066f4f56f4c-le64.cache-4
7fbc8804f000-7fbc88052000 ---p 00000000 00:00 0 
7fbc88052000-7fbc88150000 rw-p 00000000 00:00 0                          [stack:20680]
7fbc88150000-7fbc8815a000 r-xp 00000000 08:02 1185597                    /usr/lib/x86_64-linux-gnu/libkrb5support.so.0.1
7fbc8815a000-7fbc88359000 ---p 0000a000 08:02 1185597                    /usr/lib/x86_64-linux-gnu/libkrb5support.so.0.1
7fbc88359000-7fbc8835a000 r--p 00009000 08:02 1185597                    /usr/lib/x86_64-linux-gnu/libkrb5support.so.0.1
7fbc8835a000-7fbc8835b000 rw-p 0000a000 08:02 1185597                    /usr/lib/x86_64-linux-gnu/libkrb5support.so.0.1
7fbc88360000-7fbc88363000 r-xp 00000000 08:02 1444828                    /lib/x86_64-linux-gnu/libcom_err.so.2.1
7fbc88363000-7fbc88562000 ---p 00003000 08:02 1444828                    /lib/x86_64-linux-gnu/libcom_err.so.2.1
7fbc88562000-7fbc88563000 r--p 00002000 08:02 1444828                    /lib/x86_64-linux-gnu/libcom_err.so.2.1
7fbc88563000-7fbc88564000 rw-p 00003000 08:02 1444828                    /lib/x86_64-linux-gnu/libcom_err.so.2.1
7fbc88568000-7fbc88594000 r-xp 00000000 08:02 1180183                    /usr/lib/x86_64-linux-gnu/libk5crypto.so.3.1
7fbc88594000-7fbc88793000 ---p 0002c000 08:02 1180183                    /usr/lib/x86_64-linux-gnu/libk5crypto.so.3.1
7fbc88793000-7fbc88795000 r--p 0002b000 08:02 1180183                    /usr/lib/x86_64-linux-gnu/libk5crypto.so.3.1
7fbc88795000-7fbc88796000 rw-p 0002d000 08:02 1180183                    /usr/lib/x86_64-linux-gnu/libk5crypto.so.3.1
7fbc88796000-7fbc88797000 rw-p 00000000 00:00 0 
7fbc88798000-7fbc88854000 r-xp 00000000 08:02 1185595                    /usr/lib/x86_64-linux-gnu/libkrb5.so.3.3
7fbc88854000-7fbc88a54000 ---p 000bc000 08:02 1185595                    /usr/lib/x86_64-linux-gnu/libkrb5.so.3.3
7fbc88a54000-7fbc88a61000 r--p 000bc000 08:02 1185595                    /usr/lib/x86_64-linux-gnu/libkrb5.so.3.3
7fbc88a61000-7fbc88a63000 rw-p 000c9000 08:02 1185595                    /usr/lib/x86_64-linux-gnu/libkrb5.so.3.3
7fbc88a68000-7fbc88a6d000 r-xp 00000000 08:02 1187928                    /usr/lib/x86_64-linux-gnu/libXdmcp.so.6.0.0
7fbc88a6d000-7fbc88c6c000 ---p 00005000 08:02 1187928                    /usr/lib/x86_64-linux-gnu/libXdmcp.so.6.0.0
7fbc88c6c000-7fbc88c6d000 r--p 00004000 08:02 1187928                    /usr/lib/x86_64-linux-gnu/libXdmcp.so.6.0.0
7fbc88c6d000-7fbc88c6e000 rw-p 00005000 08:02 1187928                    /usr/lib/x86_64-linux-gnu/libXdmcp.so.6.0.0
7fbc88c70000-7fbc88c72000 r-xp 00000000 08:02 1187917                    /usr/lib/x86_64-linux-gnu/libXau.so.6.0.0
7fbc88c72000-7fbc88e72000 ---p 00002000 08:02 1187917                    /usr/lib/x86_64-linux-gnu/libXau.so.6.0.0
7fbc88e72000-7fbc88e73000 r--p 00002000 08:02 1187917                    /usr/lib/x86_64-linux-gnu/libXau.so.6.0.0
7fbc88e73000-7fbc88e74000 rw-p 00003000 08:02 1187917                    /usr/lib/x86_64-linux-gnu/libXau.so.6.0.0
7fbc88e78000-7fbc88e7f000 r-xp 00000000 08:02 1188226                    /usr/lib/x86_64-linux-gnu/libffi.so.6.0.1
7fbc88e7f000-7fbc8907e000 ---p 00007000 08:02 1188226                    /usr/lib/x86_64-linux-gnu/libffi.so.6.0.1
7fbc8907e000-7fbc8907f000 r--p 00006000 08:02 1188226                    /usr/lib/x86_64-linux-gnu/libffi.so.6.0.1
7fbc8907f000-7fbc89080000 rw-p 00007000 08:02 1188226                    /usr/lib/x86_64-linux-gnu/libffi.so.6.0.1
7fbc89080000-7fbc89097000 r-xp 00000000 08:02 1441817                    /lib/x86_64-linux-gnu/libresolv-2.19.so
7fbc89097000-7fbc89297000 ---p 00017000 08:02 1441817                    /lib/x86_64-linux-gnu/libresolv-2.19.so
7fbc89297000-7fbc89298000 r--p 00017000 08:02 1441817                    /lib/x86_64-linux-gnu/libresolv-2.19.so
7fbc89298000-7fbc89299000 rw-p 00018000 08:02 1441817                    /lib/x86_64-linux-gnu/libresolv-2.19.so
7fbc89299000-7fbc8929b000 rw-p 00000000 00:00 0 
7fbc892a0000-7fbc892c0000 r-xp 00000000 08:02 1441806                    /lib/x86_64-linux-gnu/libselinux.so.1
7fbc892c0000-7fbc894bf000 ---p 00020000 08:02 1441806                    /lib/x86_64-linux-gnu/libselinux.so.1
7fbc894bf000-7fbc894c0000 r--p 0001f000 08:02 1441806                    /lib/x86_64-linux-gnu/libselinux.so.1
7fbc894c0000-7fbc894c1000 rw-p 00020000 08:02 1441806                    /lib/x86_64-linux-gnu/libselinux.so.1
7fbc894c1000-7fbc894c3000 rw-p 00000000 00:00 0 
7fbc894c8000-7fbc895ce000 r-xp 00000000 08:02 1443043                    /lib/x86_64-linux-gnu/libglib-2.0.so.0.4002.0
7fbc895ce000-7fbc897cd000 ---p 00106000 08:02 1443043                    /lib/x86_64-linux-gnu/libglib-2.0.so.0.4002.0
7fbc897cd000-7fbc897ce000 r--p 00105000 08:02 1443043                    /lib/x86_64-linux-gnu/libglib-2.0.so.0.4002.0
7fbc897ce000-7fbc897cf000 rw-p 00106000 08:02 1443043                    /lib/x86_64-linux-gnu/libglib-2.0.so.0.4002.0
7fbc897cf000-7fbc897d0000 rw-p 00000000 00:00 0 
7fbc897d0000-7fbc897d3000 r-xp 00000000 08:02 1181655                    /usr/lib/x86_64-linux-gnu/libgmodule-2.0.so.0.4002.0
7fbc897d3000-7fbc899d2000 ---p 00003000 08:02 1181655                    /usr/lib/x86_64-linux-gnu/libgmodule-2.0.so.0.4002.0
7fbc899d2000-7fbc899d3000 r--p 00002000 08:02 1181655                    /usr/lib/x86_64-linux-gnu/libgmodule-2.0.so.0.4002.0
7fbc899d3000-7fbc899d4000 rw-p 00003000 08:02 1181655                    /usr/lib/x86_64-linux-gnu/libgmodule-2.0.so.0.4002.0
7fbc899d8000-7fbc899ff000 r-xp 00000000 08:02 1445908                    /lib/x86_64-linux-gnu/libexpat.so.1.6.0
7fbc899ff000-7fbc89bff000 ---p 00027000 08:02 1445908                    /lib/x86_64-linux-gnu/libexpat.so.1.6.0
7fbc89bff000-7fbc89c01000 r--p 00027000 08:02 1445908                    /lib/x86_64-linux-gnu/libexpat.so.1.6.0
7fbc89c01000-7fbc89c02000 rw-p 00029000 08:02 1445908                    /lib/x86_64-linux-gnu/libexpat.so.1.6.0
7fbc89c08000-7fbc89ca5000 r-xp 00000000 08:02 1180395                    /usr/lib/x86_64-linux-gnu/libfreetype.so.6.11.1
7fbc89ca5000-7fbc89ea4000 ---p 0009d000 08:02 1180395                    /usr/lib/x86_64-linux-gnu/libfreetype.so.6.11.1
7fbc89ea4000-7fbc89eaa000 r--p 0009c000 08:02 1180395                    /usr/lib/x86_64-linux-gnu/libfreetype.so.6.11.1
7fbc89eaa000-7fbc89eab000 rw-p 000a2000 08:02 1180395                    /usr/lib/x86_64-linux-gnu/libfreetype.so.6.11.1
7fbc89eb0000-7fbc89ebf000 r-xp 00000000 08:02 1188021                    /usr/lib/x86_64-linux-gnu/libavahi-client.so.3.2.9
7fbc89ebf000-7fbc8a0bf000 ---p 0000f000 08:02 1188021                    /usr/lib/x86_64-linux-gnu/libavahi-client.so.3.2.9
7fbc8a0bf000-7fbc8a0c0000 r--p 0000f000 08:02 1188021                    /usr/lib/x86_64-linux-gnu/libavahi-client.so.3.2.9
7fbc8a0c0000-7fbc8a0c1000 rw-p 00010000 08:02 1188021                    /usr/lib/x86_64-linux-gnu/libavahi-client.so.3.2.9
7fbc8a0c8000-7fbc8a0d3000 r-xp 00000000 08:02 1188023                    /usr/lib/x86_64-linux-gnu/libavahi-common.so.3.5.3
7fbc8a0d3000-7fbc8a2d2000 ---p 0000b000 08:02 1188023                    /usr/lib/x86_64-linux-gnu/libavahi-common.so.3.5.3
7fbc8a2d2000-7fbc8a2d3000 r--p 0000a000 08:02 1188023                    /usr/lib/x86_64-linux-gnu/libavahi-common.so.3.5.3
7fbc8a2d3000-7fbc8a2d4000 rw-p 0000b000 08:02 1188023                    /usr/lib/x86_64-linux-gnu/libavahi-common.so.3.5.3
7fbc8a2d8000-7fbc8a38e000 r-xp 00000000 08:02 1183583                    /usr/lib/x86_64-linux-gnu/libgnutls.so.26.22.6
7fbc8a38e000-7fbc8a58e000 ---p 000b6000 08:02 1183583                    /usr/lib/x86_64-linux-gnu/libgnutls.so.26.22.6
7fbc8a58e000-7fbc8a594000 r--p 000b6000 08:02 1183583                    /usr/lib/x86_64-linux-gnu/libgnutls.so.26.22.6
7fbc8a594000-7fbc8a595000 rw-p 000bc000 08:02 1183583                    /usr/lib/x86_64-linux-gnu/libgnutls.so.26.22.6
7fbc8a595000-7fbc8a596000 rw-p 00000000 00:00 0 
7fbc8a598000-7fbc8a5db000 r-xp 00000000 08:02 1182323                    /usr/lib/x86_64-linux-gnu/libgssapi_krb5.so.2.2
7fbc8a5db000-7fbc8a7db000 ---p 00043000 08:02 1182323                    /usr/lib/x86_64-linux-gnu/libgssapi_krb5.so.2.2
7fbc8a7db000-7fbc8a7dc000 r--p 00043000 08:02 1182323                    /usr/lib/x86_64-linux-gnu/libgssapi_krb5.so.2.2
7fbc8a7dc000-7fbc8a7de000 rw-p 00044000 08:02 1182323                    /usr/lib/x86_64-linux-gnu/libgssapi_krb5.so.2.2
7fbc8a7e0000-7fbc8a7fd000 r-xp 00000000 08:02 1189092                    /usr/lib/x86_64-linux-gnu/libxcb.so.1.1.0
7fbc8a7fd000-7fbc8a9fd000 ---p 0001d000 08:02 1189092                    /usr/lib/x86_64-linux-gnu/libxcb.so.1.1.0
7fbc8a9fd000-7fbc8a9fe000 r--p 0001d000 08:02 1189092                    /usr/lib/x86_64-linux-gnu/libxcb.so.1.1.0
7fbc8a9fe000-7fbc8a9ff000 rw-p 0001e000 08:02 1189092                    /usr/lib/x86_64-linux-gnu/libxcb.so.1.1.0
7fbc8aa00000-7fbc8aa4f000 r-xp 00000000 08:02 1181657                    /usr/lib/x86_64-linux-gnu/libgobject-2.0.so.0.4002.0
7fbc8aa4f000-7fbc8ac4f000 ---p 0004f000 08:02 1181657                    /usr/lib/x86_64-linux-gnu/libgobject-2.0.so.0.4002.0
7fbc8ac4f000-7fbc8ac50000 r--p 0004f000 08:02 1181657                    /usr/lib/x86_64-linux-gnu/libgobject-2.0.so.0.4002.0
7fbc8ac50000-7fbc8ac51000 rw-p 00050000 08:02 1181657                    /usr/lib/x86_64-linux-gnu/libgobject-2.0.so.0.4002.0
7fbc8ac58000-7fbc8adc4000 r-xp 00000000 08:02 1181661                    /usr/lib/x86_64-linux-gnu/libgio-2.0.so.0.4002.0
7fbc8adc4000-7fbc8afc3000 ---p 0016c000 08:02 1181661                    /usr/lib/x86_64-linux-gnu/libgio-2.0.so.0.4002.0
7fbc8afc3000-7fbc8afc7000 r--p 0016b000 08:02 1181661                    /usr/lib/x86_64-linux-gnu/libgio-2.0.so.0.4002.0
7fbc8afc7000-7fbc8afc9000 rw-p 0016f000 08:02 1181661                    /usr/lib/x86_64-linux-gnu/libgio-2.0.so.0.4002.0
7fbc8afc9000-7fbc8afcb000 rw-p 00000000 00:00 0 
7fbc8afd0000-7fbc8b00a000 r-xp 00000000 08:02 1196543                    /usr/lib/x86_64-linux-gnu/libfontconfig.so.1.8.0
7fbc8b00a000-7fbc8b209000 ---p 0003a000 08:02 1196543                    /usr/lib/x86_64-linux-gnu/libfontconfig.so.1.8.0
7fbc8b209000-7fbc8b20b000 r--p 00039000 08:02 1196543                    /usr/lib/x86_64-linux-gnu/libfontconfig.so.1.8.0
7fbc8b20b000-7fbc8b20c000 rw-p 0003b000 08:02 1196543                    /usr/lib/x86_64-linux-gnu/libfontconfig.so.1.8.0
7fbc8b210000-7fbc8b27c000 r-xp 00000000 08:02 1180391                    /usr/lib/x86_64-linux-gnu/libcups.so.2
7fbc8b27c000-7fbc8b47c000 ---p 0006c000 08:02 1180391                    /usr/lib/x86_64-linux-gnu/libcups.so.2
7fbc8b47c000-7fbc8b483000 r--p 0006c000 08:02 1180391                    /usr/lib/x86_64-linux-gnu/libcups.so.2
7fbc8b483000-7fbc8b484000 rw-p 00073000 08:02 1180391                    /usr/lib/x86_64-linux-gnu/libcups.so.2
7fbc8b488000-7fbc8b497000 r-xp 00000000 08:02 1188440                    /usr/lib/x86_64-linux-gnu/libXi.so.6.1.0
7fbc8b497000-7fbc8b696000 ---p 0000f000 08:02 1188440                    /usr/lib/x86_64-linux-gnu/libXi.so.6.1.0
7fbc8b696000-7fbc8b697000 r--p 0000e000 08:02 1188440                    /usr/lib/x86_64-linux-gnu/libXi.so.6.1.0
7fbc8b697000-7fbc8b698000 rw-p 0000f000 08:02 1188440                    /usr/lib/x86_64-linux-gnu/libXi.so.6.1.0
7fbc8b698000-7fbc8b69d000 r-xp 00000000 08:02 1187956                    /usr/lib/x86_64-linux-gnu/libXtst.so.6.1.0
7fbc8b69d000-7fbc8b89c000 ---p 00005000 08:02 1187956                    /usr/lib/x86_64-linux-gnu/libXtst.so.6.1.0
7fbc8b89c000-7fbc8b89d000 r--p 00004000 08:02 1187956                    /usr/lib/x86_64-linux-gnu/libXtst.so.6.1.0
7fbc8b89d000-7fbc8b89e000 rw-p 00005000 08:02 1187956                    /usr/lib/x86_64-linux-gnu/libXtst.so.6.1.0
7fbc8b8a0000-7fbc8b8a9000 r-xp 00000000 08:02 1190129                    /usr/lib/x86_64-linux-gnu/libXrender.so.1.3.0
7fbc8b8a9000-7fbc8baa8000 ---p 00009000 08:02 1190129                    /usr/lib/x86_64-linux-gnu/libXrender.so.1.3.0
7fbc8baa8000-7fbc8baa9000 r--p 00008000 08:02 1190129                    /usr/lib/x86_64-linux-gnu/libXrender.so.1.3.0
7fbc8baa9000-7fbc8baaa000 rw-p 00009000 08:02 1190129                    /usr/lib/x86_64-linux-gnu/libXrender.so.1.3.0
7fbc8bab0000-7fbc8bbe0000 r-xp 00000000 08:02 1187913                    /usr/lib/x86_64-linux-gnu/libX11.so.6.3.0
7fbc8bbe0000-7fbc8bde0000 ---p 00130000 08:02 1187913                    /usr/lib/x86_64-linux-gnu/libX11.so.6.3.0
7fbc8bde0000-7fbc8bde1000 r--p 00130000 08:02 1187913                    /usr/lib/x86_64-linux-gnu/libX11.so.6.3.0
7fbc8bde1000-7fbc8bde5000 rw-p 00131000 08:02 1187913                    /usr/lib/x86_64-linux-gnu/libX11.so.6.3.0
7fbc8bde8000-7fbc8bdf9000 r-xp 00000000 08:02 1190118                    /usr/lib/x86_64-linux-gnu/libXext.so.6.4.0
7fbc8bdf9000-7fbc8bff8000 ---p 00011000 08:02 1190118                    /usr/lib/x86_64-linux-gnu/libXext.so.6.4.0
7fbc8bff8000-7fbc8bff9000 r--p 00010000 08:02 1190118                    /usr/lib/x86_64-linux-gnu/libXext.so.6.4.0
7fbc8bff9000-7fbc8bffa000 rw-p 00011000 08:02 1190118                    /usr/lib/x86_64-linux-gnu/libXext.so.6.4.0
7fbc8c000000-7fbc8c93a000 rw-p 00000000 00:00 0 
7fbc8c93a000-7fbc90000000 ---p 00000000 00:00 0 
7fbc90000000-7fbc907fd000 rw-p 00000000 00:00 0 
7fbc907fd000-7fbc94000000 ---p 00000000 00:00 0 
7fbc94000000-7fbc94021000 rw-p 00000000 00:00 0 
7fbc94021000-7fbc98000000 ---p 00000000 00:00 0 
7fbc98000000-7fbc98021000 rw-p 00000000 00:00 0 
7fbc98021000-7fbc9c000000 ---p 00000000 00:00 0 
7fbc9c000000-7fbc9c021000 rw-p 00000000 00:00 0 
7fbc9c021000-7fbca0000000 ---p 00000000 00:00 0 
7fbca0000000-7fbca0001000 r--s 00000000 08:02 2756958                    /var/cache/fontconfig/b9d506c9ac06c20b433354fa67a72993-le64.cache-4
7fbca0008000-7fbca000b000 r--s 00000000 08:02 2756942                    /var/cache/fontconfig/e13b20fdb08344e0e664864cc2ede53d-le64.cache-4
7fbca00d0000-7fbca0118000 r-xp 00000000 08:02 1311229                    /usr/lib/jvm/java-7-openjdk-amd64/jre/lib/amd64/xawt/libmawt.so
7fbca0118000-7fbca0317000 ---p 00048000 08:02 1311229                    /usr/lib/jvm/java-7-openjdk-amd64/jre/lib/amd64/xawt/libmawt.so
7fbca0317000-7fbca0318000 r--p 00047000 08:02 1311229                    /usr/lib/jvm/java-7-openjdk-amd64/jre/lib/amd64/xawt/libmawt.so
7fbca0318000-7fbca031b000 rw-p 00048000 08:02 1311229                    /usr/lib/jvm/java-7-openjdk-amd64/jre/lib/amd64/xawt/libmawt.so
7fbca031b000-7fbca031c000 rw-p 00000000 00:00 0 
7fbca0320000-7fbca4000000 rw-p 00000000 00:00 0 
7fbca4000000-7fbca4021000 rw-p 00000000 00:00 0 
7fbca4021000-7fbca8000000 ---p 00000000 00:00 0 
7fbca8000000-7fbca80b1000 rw-p 00000000 00:00 0 
7fbca80b1000-7fbcac000000 ---p 00000000 00:00 0 
7fbcac000000-7fbcac021000 rw-p 00000000 00:00 0 
7fbcac021000-7fbcb0000000 ---p 00000000 00:00 0 
7fbcb004d000-7fbcb0052000 r--s 0004d000 08:02 1310924                    /usr/lib/jvm/java-7-openjdk-amd64/jre/lib/jsse.jar
7fbcb0057000-7fbcb005a000 ---p 00000000 00:00 0 
7fbcb005a000-7fbcb0158000 rw-p 00000000 00:00 0                          [stack:20679]
7fbcb0158000-7fbcb01f8000 r-xp 00000000 08:02 1317752                    /usr/lib/jvm/java-7-openjdk-amd64/jre/lib/amd64/libawt.so
7fbcb01f8000-7fbcb03f8000 ---p 000a0000 08:02 1317752                    /usr/lib/jvm/java-7-openjdk-amd64/jre/lib/amd64/libawt.so
7fbcb03f8000-7fbcb03f9000 r--p 000a0000 08:02 1317752                    /usr/lib/jvm/java-7-openjdk-amd64/jre/lib/amd64/libawt.so
7fbcb03f9000-7fbcb0404000 rw-p 000a1000 08:02 1317752                    /usr/lib/jvm/java-7-openjdk-amd64/jre/lib/amd64/libawt.so
7fbcb0404000-7fbcb0429000 rw-p 00000000 00:00 0 
7fbcb042b000-7fbcb042c000 ---p 00000000 00:00 0 
7fbcb042c000-7fbcb052c000 rw-p 00000000 00:00 0                          [stack:20678]
7fbcb052c000-7fbcb052f000 ---p 00000000 00:00 0 
7fbcb052f000-7fbcb062d000 rw-p 00000000 00:00 0                          [stack:20677]
7fbcb062d000-7fbcb0630000 ---p 00000000 00:00 0 
7fbcb0630000-7fbcb072e000 rw-p 00000000 00:00 0                          [stack:20676]
7fbcb072e000-7fbcb0731000 ---p 00000000 00:00 0 
7fbcb0731000-7fbcb082f000 rw-p 00000000 00:00 0                          [stack:20675]
7fbcb082f000-7fbcb0832000 ---p 00000000 00:00 0 
7fbcb0832000-7fbcb0930000 rw-p 00000000 00:00 0                          [stack:20674]
7fbcb0930000-7fbcb0bfa000 r--p 00000000 08:02 1186322                    /usr/lib/locale/locale-archive
7fbcb0bfc000-7fbcb0bff000 ---p 00000000 00:00 0 
7fbcb0bff000-7fbcb0cfd000 rw-p 00000000 00:00 0                          [stack:20673]
7fbcb0cfd000-7fbcb0d00000 ---p 00000000 00:00 0 
7fbcb0d00000-7fbcb0dfe000 rw-p 00000000 00:00 0                          [stack:20672]
7fbcb0dfe000-7fbcb0dff000 ---p 00000000 00:00 0 
7fbcb0dff000-7fbcb1000000 rw-p 00000000 00:00 0                          [stack:20671]
7fbcb1000000-7fbcb1270000 rwxp 00000000 00:00 0 
7fbcb1270000-7fbcb456a000 rw-p 00000000 00:00 0 
7fbcb456a000-7fbcb8000000 ---p 00000000 00:00 0 
7fbcb8000000-7fbcb8001000 r--s 00000000 08:02 2756953                    /var/cache/fontconfig/0c9eb80ebd1c36541ebe2852d3bb0c49-le64.cache-4
7fbcb8008000-7fbcb800c000 r--s 00000000 08:02 2756952                    /var/cache/fontconfig/7ef2298fde41cc6eeb7af42e48b7d293-le64.cache-4
7fbcb8010000-7fbcb8017000 r--s 00000000 08:02 1713734                    /usr/lib/x86_64-linux-gnu/gconv/gconv-modules.cache
7fbcb801d000-7fbcb804e000 rw-p 00000000 00:00 0 
7fbcb804e000-7fbcb8058000 r--s 000ae000 08:02 1310920                    /usr/lib/jvm/java-7-openjdk-amd64/jre/lib/resources.jar
7fbcb805e000-7fbcb8062000 r--s 000a6000 08:02 2901832                    /home/xrousakis/.m2/repository/net/java/dev/jna/jna/3.5.1/jna-3.5.1.jar
7fbcb8063000-7fbcb8065000 r--s 0000b000 08:02 2105256                    /home/xrousakis/.m2/repository/com/github/tulskiy/jkeymaster/1.1/jkeymaster-1.1.jar
7fbcb8069000-7fbcb806b000 r--s 00029000 08:02 2244940                    /home/xrousakis/.m2/repository/org/bytedeco/javacpp-presets/artoolkitplus/2.3.0-0.8/artoolkitplus-2.3.0-0.8-linux-x86_64.jar
7fbcb8070000-7fbcb8071000 r--s 00000000 08:02 2244936                    /home/xrousakis/.m2/repository/org/bytedeco/javacpp-presets/videoinput/0.200-0.8/videoinput-0.200-0.8-linux-x86_64.jar
7fbcb8072000-7fbcb8074000 r--s 00012000 08:02 2244934                    /home/xrousakis/.m2/repository/org/bytedeco/javacpp-presets/libfreenect/0.4-0.8/libfreenect-0.4-0.8-linux-x86_64.jar
7fbcb8077000-7fbcb8078000 r--s 00027000 08:02 2244931                    /home/xrousakis/.m2/repository/org/bytedeco/javacpp-presets/libdc1394/2.2.2-0.8/libdc1394-2.2.2-0.8-linux-x86_64.jar
7fbcb8078000-7fbcb8079000 r--s 00000000 08:02 2244929                    /home/xrousakis/.m2/repository/org/bytedeco/javacpp-presets/flycapture/1.7.17-0.8/flycapture-1.7.17-0.8-linux-x86_64.jar
7fbcb807f000-7fbcb8081000 r--s 0061f000 08:02 2244944                    /home/xrousakis/.m2/repository/org/bytedeco/javacpp-presets/ffmpeg/2.2.1-0.8/ffmpeg-2.2.1-0.8-linux-x86_64.jar
7fbcb8085000-7fbcb8087000 r--s 00785000 08:02 2244956                    /home/xrousakis/.m2/repository/org/bytedeco/javacpp-presets/opencv/2.4.9-0.8/opencv-2.4.9-0.8-linux-x86_64.jar
7fbcb808d000-7fbcb808e000 r--s 00005000 08:02 2244924                    /home/xrousakis/.m2/repository/org/bytedeco/javacpp-presets/artoolkitplus/2.3.0-0.8/artoolkitplus-2.3.0-0.8.jar
7fbcb8093000-7fbcb8094000 r--s 00003000 08:02 2244923                    /home/xrousakis/.m2/repository/org/bytedeco/javacpp-presets/videoinput/0.200-0.8/videoinput-0.200-0.8.jar
7fbcb8094000-7fbcb8096000 r--s 00004000 08:02 2244920                    /home/xrousakis/.m2/repository/org/bytedeco/javacpp-presets/libfreenect/0.4-0.8/libfreenect-0.4-0.8.jar
7fbcb8096000-7fbcb8098000 r--s 00006000 08:02 2244916                    /home/xrousakis/.m2/repository/org/bytedeco/javacpp-presets/libdc1394/2.2.2-0.8/libdc1394-2.2.2-0.8.jar
7fbcb809c000-7fbcb809e000 r--s 00004000 08:02 2244911                    /home/xrousakis/.m2/repository/org/bytedeco/javacpp-presets/flycapture/1.7.17-0.8/flycapture-1.7.17-0.8.jar
7fbcb809e000-7fbcb80a4000 r--s 0002e000 08:02 2244912                    /home/xrousakis/.m2/repository/org/bytedeco/javacpp-presets/ffmpeg/2.2.1-0.8/ffmpeg-2.2.1-0.8.jar
7fbcb80aa000-7fbcb80bc000 r--s 000b2000 08:02 2244913                    /home/xrousakis/.m2/repository/org/bytedeco/javacpp-presets/opencv/2.4.9-0.8/opencv-2.4.9-0.8.jar
7fbcb80c2000-7fbcb80c6000 r--s 0002a000 08:02 2244914                    /home/xrousakis/.m2/repository/org/bytedeco/javacpp/0.8/javacpp-0.8.jar
7fbcb80cc000-7fbcb80d1000 r--s 0004c000 08:02 2244918                    /home/xrousakis/.m2/repository/org/bytedeco/javacv/0.8/javacv-0.8.jar
7fbcb80d5000-7fbcb80d9000 r--s 00085000 08:02 1310935                    /usr/lib/jvm/java-7-openjdk-amd64/jre/lib/ext/localedata.jar
7fbcb80df000-7fbcb80e2000 r--s 0000f000 08:02 1310939                    /usr/lib/jvm/java-7-openjdk-amd64/jre/lib/ext/icedtea-sound.jar
7fbcb80e5000-7fbcb8999000 rw-p 00000000 00:00 0 
7fbcb8999000-7fbcb8b4a000 r--s 01d29000 08:02 1310916                    /usr/lib/jvm/java-7-openjdk-amd64/jre/lib/rt.jar
7fbcb8b4c000-7fbcb903a000 rw-p 00000000 00:00 0 
7fbcb903a000-7fbcb903b000 ---p 00000000 00:00 0 
7fbcb903b000-7fbcb913b000 rw-p 00000000 00:00 0                          [stack:20670]
7fbcb913b000-7fbcb913c000 ---p 00000000 00:00 0 
7fbcb913c000-7fbcb9247000 rw-p 00000000 00:00 0                          [stack:20669]
7fbcb9247000-7fbcb928f000 rw-p 00000000 00:00 0 
7fbcb928f000-7fbcb92b4000 rw-p 00000000 00:00 0 
7fbcb92b4000-7fbcb94e1000 rw-p 00000000 00:00 0 
7fbcb94e1000-7fbcb94ec000 rw-p 00000000 00:00 0 
7fbcb94ec000-7fbcb9534000 rw-p 00000000 00:00 0 
7fbcb9534000-7fbcb9559000 rw-p 00000000 00:00 0 
7fbcb9559000-7fbcb9786000 rw-p 00000000 00:00 0 
7fbcb9786000-7fbcb97a7000 rw-p 00000000 00:00 0 
7fbcb97a7000-7fbcb98af000 rw-p 00000000 00:00 0 
7fbcb98af000-7fbcb98b0000 rw-p 00000000 00:00 0 
7fbcb98b0000-7fbcb98b8000 r-xp 00000000 08:02 1310955                    /usr/lib/jvm/java-7-openjdk-amd64/jre/lib/amd64/libzip.so
7fbcb98b8000-7fbcb9ab7000 ---p 00008000 08:02 1310955                    /usr/lib/jvm/java-7-openjdk-amd64/jre/lib/amd64/libzip.so
7fbcb9ab7000-7fbcb9ab8000 r--p 00007000 08:02 1310955                    /usr/lib/jvm/java-7-openjdk-amd64/jre/lib/amd64/libzip.so
7fbcb9ab8000-7fbcb9ab9000 rw-p 00008000 08:02 1310955                    /usr/lib/jvm/java-7-openjdk-amd64/jre/lib/amd64/libzip.so
7fbcb9ac0000-7fbcb9acb000 r-xp 00000000 08:02 1444608                    /lib/x86_64-linux-gnu/libnss_files-2.19.so
7fbcb9acb000-7fbcb9cca000 ---p 0000b000 08:02 1444608                    /lib/x86_64-linux-gnu/libnss_files-2.19.so
7fbcb9cca000-7fbcb9ccb000 r--p 0000a000 08:02 1444608                    /lib/x86_64-linux-gnu/libnss_files-2.19.so
7fbcb9ccb000-7fbcb9ccc000 rw-p 0000b000 08:02 1444608                    /lib/x86_64-linux-gnu/libnss_files-2.19.so
7fbcb9cd0000-7fbcb9cdb000 r-xp 00000000 08:02 1444820                    /lib/x86_64-linux-gnu/libnss_nis-2.19.so
7fbcb9cdb000-7fbcb9eda000 ---p 0000b000 08:02 1444820                    /lib/x86_64-linux-gnu/libnss_nis-2.19.so
7fbcb9eda000-7fbcb9edb000 r--p 0000a000 08:02 1444820                    /lib/x86_64-linux-gnu/libnss_nis-2.19.so
7fbcb9edb000-7fbcb9edc000 rw-p 0000b000 08:02 1444820                    /lib/x86_64-linux-gnu/libnss_nis-2.19.so
7fbcb9ee0000-7fbcb9ef7000 r-xp 00000000 08:02 1444807                    /lib/x86_64-linux-gnu/libnsl-2.19.so
7fbcb9ef7000-7fbcba0f6000 ---p 00017000 08:02 1444807                    /lib/x86_64-linux-gnu/libnsl-2.19.so
7fbcba0f6000-7fbcba0f7000 r--p 00016000 08:02 1444807                    /lib/x86_64-linux-gnu/libnsl-2.19.so
7fbcba0f7000-7fbcba0f8000 rw-p 00017000 08:02 1444807                    /lib/x86_64-linux-gnu/libnsl-2.19.so
7fbcba0f8000-7fbcba0fa000 rw-p 00000000 00:00 0 
7fbcba100000-7fbcba109000 r-xp 00000000 08:02 1444806                    /lib/x86_64-linux-gnu/libnss_compat-2.19.so
7fbcba109000-7fbcba308000 ---p 00009000 08:02 1444806                    /lib/x86_64-linux-gnu/libnss_compat-2.19.so
7fbcba308000-7fbcba309000 r--p 00008000 08:02 1444806                    /lib/x86_64-linux-gnu/libnss_compat-2.19.so
7fbcba309000-7fbcba30a000 rw-p 00009000 08:02 1444806                    /lib/x86_64-linux-gnu/libnss_compat-2.19.so
7fbcba310000-7fbcba33b000 r-xp 00000000 08:02 1317774                    /usr/lib/jvm/java-7-openjdk-amd64/jre/lib/amd64/libjava.so
7fbcba33b000-7fbcba53a000 ---p 0002b000 08:02 1317774                    /usr/lib/jvm/java-7-openjdk-amd64/jre/lib/amd64/libjava.so
7fbcba53a000-7fbcba53b000 r--p 0002a000 08:02 1317774                    /usr/lib/jvm/java-7-openjdk-amd64/jre/lib/amd64/libjava.so
7fbcba53b000-7fbcba53d000 rw-p 0002b000 08:02 1317774                    /usr/lib/jvm/java-7-openjdk-amd64/jre/lib/amd64/libjava.so
7fbcba540000-7fbcba550000 r-xp 00000000 08:02 1317755                    /usr/lib/jvm/java-7-openjdk-amd64/jre/lib/amd64/libverify.so
7fbcba550000-7fbcba74f000 ---p 00010000 08:02 1317755                    /usr/lib/jvm/java-7-openjdk-amd64/jre/lib/amd64/libverify.so
7fbcba74f000-7fbcba751000 r--p 0000f000 08:02 1317755                    /usr/lib/jvm/java-7-openjdk-amd64/jre/lib/amd64/libverify.so
7fbcba751000-7fbcba752000 rw-p 00011000 08:02 1317755                    /usr/lib/jvm/java-7-openjdk-amd64/jre/lib/amd64/libverify.so
7fbcba758000-7fbcba75f000 r-xp 00000000 08:02 1444817                    /lib/x86_64-linux-gnu/librt-2.19.so
7fbcba75f000-7fbcba95e000 ---p 00007000 08:02 1444817                    /lib/x86_64-linux-gnu/librt-2.19.so
7fbcba95e000-7fbcba95f000 r--p 00006000 08:02 1444817                    /lib/x86_64-linux-gnu/librt-2.19.so
7fbcba95f000-7fbcba960000 rw-p 00007000 08:02 1444817                    /lib/x86_64-linux-gnu/librt-2.19.so
7fbcba960000-7fbcba976000 r-xp 00000000 08:02 1441904                    /lib/x86_64-linux-gnu/libgcc_s.so.1
7fbcba976000-7fbcbab75000 ---p 00016000 08:02 1441904                    /lib/x86_64-linux-gnu/libgcc_s.so.1
7fbcbab75000-7fbcbab76000 rw-p 00015000 08:02 1441904                    /lib/x86_64-linux-gnu/libgcc_s.so.1
7fbcbab78000-7fbcbac7d000 r-xp 00000000 08:02 1443041                    /lib/x86_64-linux-gnu/libm-2.19.so
7fbcbac7d000-7fbcbae7c000 ---p 00105000 08:02 1443041                    /lib/x86_64-linux-gnu/libm-2.19.so
7fbcbae7c000-7fbcbae7d000 r--p 00104000 08:02 1443041                    /lib/x86_64-linux-gnu/libm-2.19.so
7fbcbae7d000-7fbcbae7e000 rw-p 00105000 08:02 1443041                    /lib/x86_64-linux-gnu/libm-2.19.so
7fbcbae80000-7fbcbaf66000 r-xp 00000000 08:02 1188933                    /usr/lib/x86_64-linux-gnu/libstdc++.so.6.0.19
7fbcbaf66000-7fbcbb165000 ---p 000e6000 08:02 1188933                    /usr/lib/x86_64-linux-gnu/libstdc++.so.6.0.19
7fbcbb165000-7fbcbb16d000 r--p 000e5000 08:02 1188933                    /usr/lib/x86_64-linux-gnu/libstdc++.so.6.0.19
7fbcbb16d000-7fbcbb16f000 rw-p 000ed000 08:02 1188933                    /usr/lib/x86_64-linux-gnu/libstdc++.so.6.0.19
7fbcbb16f000-7fbcbb184000 rw-p 00000000 00:00 0 
7fbcbb188000-7fbcbbca1000 r-xp 00000000 08:02 1317743                    /usr/lib/jvm/java-7-openjdk-amd64/jre/lib/amd64/server/libjvm.so
7fbcbbca1000-7fbcbbea1000 ---p 00b19000 08:02 1317743                    /usr/lib/jvm/java-7-openjdk-amd64/jre/lib/amd64/server/libjvm.so
7fbcbbea1000-7fbcbbf3b000 r--p 00b19000 08:02 1317743                    /usr/lib/jvm/java-7-openjdk-amd64/jre/lib/amd64/server/libjvm.so
7fbcbbf3b000-7fbcbbf5e000 rw-p 00bb3000 08:02 1317743                    /usr/lib/jvm/java-7-openjdk-amd64/jre/lib/amd64/server/libjvm.so
7fbcbbf5e000-7fbcbbf8c000 rw-p 00000000 00:00 0 
7fbcbbf90000-7fbcbbfa8000 r-xp 00000000 08:02 1446050                    /lib/x86_64-linux-gnu/libz.so.1.2.8
7fbcbbfa8000-7fbcbc1a7000 ---p 00018000 08:02 1446050                    /lib/x86_64-linux-gnu/libz.so.1.2.8
7fbcbc1a7000-7fbcbc1a8000 r--p 00017000 08:02 1446050                    /lib/x86_64-linux-gnu/libz.so.1.2.8
7fbcbc1a8000-7fbcbc1a9000 rw-p 00018000 08:02 1446050                    /lib/x86_64-linux-gnu/libz.so.1.2.8
7fbcbc1b0000-7fbcbc1c9000 r-xp 00000000 08:02 1444815                    /lib/x86_64-linux-gnu/libpthread-2.19.so
7fbcbc1c9000-7fbcbc3c8000 ---p 00019000 08:02 1444815                    /lib/x86_64-linux-gnu/libpthread-2.19.so
7fbcbc3c8000-7fbcbc3c9000 r--p 00018000 08:02 1444815                    /lib/x86_64-linux-gnu/libpthread-2.19.so
7fbcbc3c9000-7fbcbc3ca000 rw-p 00019000 08:02 1444815                    /lib/x86_64-linux-gnu/libpthread-2.19.so
7fbcbc3ca000-7fbcbc3ce000 rw-p 00000000 00:00 0 
7fbcbc3d0000-7fbcbc3d3000 r-xp 00000000 08:02 1444799                    /lib/x86_64-linux-gnu/libdl-2.19.so
7fbcbc3d3000-7fbcbc5d2000 ---p 00003000 08:02 1444799                    /lib/x86_64-linux-gnu/libdl-2.19.so
7fbcbc5d2000-7fbcbc5d3000 r--p 00002000 08:02 1444799                    /lib/x86_64-linux-gnu/libdl-2.19.so
7fbcbc5d3000-7fbcbc5d4000 rw-p 00003000 08:02 1444799                    /lib/x86_64-linux-gnu/libdl-2.19.so
7fbcbc5d8000-7fbcbc793000 r-xp 00000000 08:02 1444814                    /lib/x86_64-linux-gnu/libc-2.19.so
7fbcbc793000-7fbcbc992000 ---p 001bb000 08:02 1444814                    /lib/x86_64-linux-gnu/libc-2.19.so
7fbcbc992000-7fbcbc996000 r--p 001ba000 08:02 1444814                    /lib/x86_64-linux-gnu/libc-2.19.so
7fbcbc996000-7fbcbc998000 rw-p 001be000 08:02 1444814                    /lib/x86_64-linux-gnu/libc-2.19.so
7fbcbc998000-7fbcbc99d000 rw-p 00000000 00:00 0 
7fbcbc9a0000-7fbcbc9ad000 r-xp 00000000 08:02 1317741                    /usr/lib/jvm/java-7-openjdk-amd64/jre/lib/amd64/jli/libjli.so
7fbcbc9ad000-7fbcbcbac000 ---p 0000d000 08:02 1317741                    /usr/lib/jvm/java-7-openjdk-amd64/jre/lib/amd64/jli/libjli.so
7fbcbcbac000-7fbcbcbad000 r--p 0000c000 08:02 1317741                    /usr/lib/jvm/java-7-openjdk-amd64/jre/lib/amd64/jli/libjli.so
7fbcbcbad000-7fbcbcbae000 rw-p 0000d000 08:02 1317741                    /usr/lib/jvm/java-7-openjdk-amd64/jre/lib/amd64/jli/libjli.so
7fbcbcbb0000-7fbcbcbd3000 r-xp 00000000 08:02 1444811                    /lib/x86_64-linux-gnu/ld-2.19.so
7fbcbcbda000-7fbcbcbdb000 r--s 00002000 08:02 1310936                    /usr/lib/jvm/java-7-openjdk-amd64/jre/lib/ext/dnsns.jar
7fbcbcbdc000-7fbcbcbe0000 r--s 0003c000 08:02 1310938                    /usr/lib/jvm/java-7-openjdk-amd64/jre/lib/ext/sunpkcs11.jar
7fbcbcbe4000-7fbcbcbe8000 r--s 00034000 08:02 1310937                    /usr/lib/jvm/java-7-openjdk-amd64/jre/lib/ext/sunjce_provider.jar
7fbcbcbed000-7fbcbcbf7000 rw-p 00000000 00:00 0 
7fbcbcbf7000-7fbcbccad000 rw-p 00000000 00:00 0 
7fbcbccad000-7fbcbccb0000 ---p 00000000 00:00 0 
7fbcbccb0000-7fbcbcdb0000 rw-p 00000000 00:00 0                          [stack:20667]
7fbcbcdb6000-7fbcbcdb8000 r--s 00006000 08:02 1842397                    /usr/share/java/java-atk-wrapper.jar
7fbcbcdba000-7fbcbcdbc000 r--s 00012000 08:02 1310942                    /usr/lib/jvm/java-7-openjdk-amd64/jre/lib/ext/zipfs.jar
7fbcbcdc0000-7fbcbcdc8000 rw-s 00000000 08:02 262509                     /tmp/hsperfdata_xrousakis/20664
7fbcbcdca000-7fbcbcdcb000 rw-p 00000000 00:00 0 
7fbcbcdcb000-7fbcbcdcc000 rwxp 00000000 00:00 0 
7fbcbcdcc000-7fbcbcdcd000 rw-p 00000000 00:00 0 
7fbcbcdcd000-7fbcbcdce000 r--p 00000000 00:00 0 
7fbcbcdce000-7fbcbcdd2000 rw-p 00000000 00:00 0 
7fbcbcdd2000-7fbcbcdd3000 r--p 00022000 08:02 1444811                    /lib/x86_64-linux-gnu/ld-2.19.so
7fbcbcdd3000-7fbcbcdd4000 rw-p 00023000 08:02 1444811                    /lib/x86_64-linux-gnu/ld-2.19.so
7fbcbcdd4000-7fbcbcdd6000 rw-p 00000000 00:00 0 
7fff6f139000-7fff6f15b000 rw-p 00000000 00:00 0                          [stack]
7fff6f1e8000-7fff6f1ea000 r-xp 00000000 00:00 0                          [vdso]
ffffffffff600000-ffffffffff601000 r-xp 00000000 00:00 0                  [vsyscall]

VM Arguments:
java_command: org.scify.jthinkfreedom.gui.ApplicationLauncher
Launcher Type: SUN_STANDARD

Environment Variables:
JAVA_HOME=/usr/lib/jvm/default-java
PATH=/usr/local/sbin:/usr/local/bin:/usr/sbin:/usr/bin:/sbin:/bin:/usr/games:/usr/local/games
USERNAME=xrousakis
LD_LIBRARY_PATH=/usr/lib/jvm/default-java/jre/lib/amd64:/usr/lib/jvm/default-java/jre/lib/i386:
SHELL=/bin/bash
DISPLAY=:0

Signal Handlers:
SIGSEGV: [libjvm.so+0x94bab0], sa_mask[0]=0x7ffbfeff, sa_flags=0x10000004
SIGBUS: [libjvm.so+0x94bab0], sa_mask[0]=0x7ffbfeff, sa_flags=0x10000004
SIGFPE: [libjvm.so+0x7c38b0], sa_mask[0]=0x7ffbfeff, sa_flags=0x10000004
SIGPIPE: [libjvm.so+0x7c38b0], sa_mask[0]=0x7ffbfeff, sa_flags=0x10000004
SIGXFSZ: [libjvm.so+0x7c38b0], sa_mask[0]=0x7ffbfeff, sa_flags=0x10000004
SIGILL: [libjvm.so+0x7c38b0], sa_mask[0]=0x7ffbfeff, sa_flags=0x10000004
SIGUSR1: SIG_DFL, sa_mask[0]=0x00000000, sa_flags=0x00000000
SIGUSR2: [libjvm.so+0x7c3750], sa_mask[0]=0x00000004, sa_flags=0x10000004
SIGHUP: [libjvm.so+0x7c3930], sa_mask[0]=0x7ffbfeff, sa_flags=0x10000004
SIGINT: SIG_IGN, sa_mask[0]=0x00000000, sa_flags=0x00000000
SIGTERM: [libjvm.so+0x7c3930], sa_mask[0]=0x7ffbfeff, sa_flags=0x10000004
SIGQUIT: [libjvm.so+0x7c3930], sa_mask[0]=0x7ffbfeff, sa_flags=0x10000004
SIGTRAP: SIG_DFL, sa_mask[0]=0x00000000, sa_flags=0x00000000


---------------  S Y S T E M  ---------------

OS:LinuxMint 17 (qiana)
uname:Linux 3.14.8-031408-generic #201406161755 SMP Mon Jun 16 21:56:09 UTC 2014 x86_64
libc:glibc 2.19 NPTL 2.19 
rlimit: STACK 8192k, CORE 0k, NPROC 55132, NOFILE 4096, AS infinity
load average:0,60 0,73 0,67

/proc/meminfo:
MemTotal:        7292072 kB
MemFree:         3632236 kB
MemAvailable:    5253004 kB
Buffers:          251112 kB
Cached:          1507232 kB
SwapCached:            0 kB
Active:          2554488 kB
Inactive:         822480 kB
Active(anon):    1619652 kB
Inactive(anon):    42108 kB
Active(file):     934836 kB
Inactive(file):   780372 kB
Unevictable:           0 kB
Mlocked:               0 kB
SwapTotal:       3361788 kB
SwapFree:        3361788 kB
Dirty:               192 kB
Writeback:             0 kB
AnonPages:       1618620 kB
Mapped:           200036 kB
Shmem:             43140 kB
Slab:             175040 kB
SReclaimable:     148972 kB
SUnreclaim:        26068 kB
KernelStack:        3672 kB
PageTables:        27984 kB
NFS_Unstable:          0 kB
Bounce:                0 kB
WritebackTmp:          0 kB
CommitLimit:     7007824 kB
Committed_AS:    3989728 kB
VmallocTotal:   34359738367 kB
VmallocUsed:      315160 kB
VmallocChunk:   34359391308 kB
HardwareCorrupted:     0 kB
AnonHugePages:   1179648 kB
HugePages_Total:       0
HugePages_Free:        0
HugePages_Rsvd:        0
HugePages_Surp:        0
Hugepagesize:       2048 kB
DirectMap4k:       76120 kB
DirectMap2M:     3287040 kB
DirectMap1G:     4194304 kB


CPU:total 2 (2 cores per cpu, 1 threads per core) family 21 model 19 stepping 1, cmov, cx8, fxsr, mmx, sse, sse2, sse3, ssse3, sse4.1, sse4.2, popcnt, avx, aes, mmxext, 3dnowpref, lzcnt, sse4a, tsc, tscinvbit, tscinv

/proc/cpuinfo:
processor	: 0
vendor_id	: AuthenticAMD
cpu family	: 21
model		: 19
model name	: AMD A4-4000 APU with Radeon(tm) HD Graphics
stepping	: 1
microcode	: 0x6001119
cpu MHz		: 2500.000
cache size	: 1024 KB
physical id	: 0
siblings	: 2
core id		: 0
cpu cores	: 1
apicid		: 16
initial apicid	: 0
fpu		: yes
fpu_exception	: yes
cpuid level	: 13
wp		: yes
flags		: fpu vme de pse tsc msr pae mce cx8 apic sep mtrr pge mca cmov pat pse36 clflush mmx fxsr sse sse2 ht syscall nx mmxext fxsr_opt pdpe1gb rdtscp lm constant_tsc rep_good nopl nonstop_tsc extd_apicid aperfmperf pni pclmulqdq monitor ssse3 fma cx16 sse4_1 sse4_2 popcnt aes xsave avx f16c lahf_lm cmp_legacy svm extapic cr8_legacy abm sse4a misalignsse 3dnowprefetch osvw ibs xop skinit wdt lwp fma4 tce nodeid_msr tbm topoext perfctr_core perfctr_nb arat cpb hw_pstate npt lbrv svm_lock nrip_save tsc_scale vmcb_clean flushbyasid decodeassists pausefilter pfthreshold bmi1
bogomips	: 6030.33
TLB size	: 1536 4K pages
clflush size	: 64
cache_alignment	: 64
address sizes	: 48 bits physical, 48 bits virtual
power management: ts ttp tm 100mhzsteps hwpstate cpb eff_freq_ro

processor	: 1
vendor_id	: AuthenticAMD
cpu family	: 21
model		: 19
model name	: AMD A4-4000 APU with Radeon(tm) HD Graphics    
stepping	: 1
microcode	: 0x6001119
cpu MHz		: 3000.000
cache size	: 1024 KB
physical id	: 0
siblings	: 2
core id		: 1
cpu cores	: 1
apicid		: 17
initial apicid	: 1
fpu		: yes
fpu_exception	: yes
cpuid level	: 13
wp		: yes
flags		: fpu vme de pse tsc msr pae mce cx8 apic sep mtrr pge mca cmov pat pse36 clflush mmx fxsr sse sse2 ht syscall nx mmxext fxsr_opt pdpe1gb rdtscp lm constant_tsc rep_good nopl nonstop_tsc extd_apicid aperfmperf pni pclmulqdq monitor ssse3 fma cx16 sse4_1 sse4_2 popcnt aes xsave avx f16c lahf_lm cmp_legacy svm extapic cr8_legacy abm sse4a misalignsse 3dnowprefetch osvw ibs xop skinit wdt lwp fma4 tce nodeid_msr tbm topoext perfctr_core perfctr_nb arat cpb hw_pstate npt lbrv svm_lock nrip_save tsc_scale vmcb_clean flushbyasid decodeassists pausefilter pfthreshold bmi1
bogomips	: 6030.33
TLB size	: 1536 4K pages
clflush size	: 64
cache_alignment	: 64
address sizes	: 48 bits physical, 48 bits virtual
power management: ts ttp tm 100mhzsteps hwpstate cpb eff_freq_ro



Memory: 4k page, physical 7292072k(3632236k free), swap 3361788k(3361788k free)

vm_info: OpenJDK 64-Bit Server VM (24.79-b02) for linux-amd64 JRE (1.7.0_79-b14), built on Jul 24 2015 08:15:54 by "buildd" with gcc 4.8.2

time: Wed Aug 12 17:47:42 2015
elapsed time: 39 seconds

