#
# A fatal error has been detected by the Java Runtime Environment:
#
#  SIGSEGV (0xb) at pc=0x00007ffa172562cc, pid=10695, tid=140712090478336
#
# JRE version: OpenJDK Runtime Environment (7.0_79-b14) (build 1.7.0_79-b14)
# Java VM: OpenJDK 64-Bit Server VM (24.79-b02 mixed mode linux-amd64 compressed oops)
# Derivative: IcedTea 2.5.6
# Distribution: Ubuntu 14.04 LTS, package 7u79-2.5.6-0ubuntu1.14.04.1
# Problematic frame:
# C  [libjpeg.so.8+0x162cc]  jpeg_has_multiple_scans+0x2c
#
# Failed to write core dump. Core dumps have been disabled. To enable core dumping, try "ulimit -c unlimited" before starting Java again
#
# If you would like to submit a bug report, please include
# instructions on how to reproduce the bug and visit:
#   http://icedtea.classpath.org/bugzilla
# The crash happened outside the Java Virtual Machine in native code.
# See problematic frame for where to report the bug.
#

---------------  T H R E A D  ---------------

Current thread (0x0000000001198000):  JavaThread "Image Fetcher 1" daemon [_thread_in_native, id=10734, stack(0x00007ffa161b2000,0x00007ffa162b3000)]

siginfo:si_signo=SIGSEGV: si_errno=0, si_code=1 (SEGV_MAPERR), si_addr=0x0000000000000020

Registers:
RAX=0x0000000000000000, RBX=0x00007ffa162b14d0, RCX=0x0000000000000001, RDX=0x0000000000000000
RSP=0x00007ffa162b11b8, RBP=0x00007ffa162b17a0, RSI=0x0000000000000001, RDI=0x00007ffa162b14d0
R8 =0x0000000000000000, R9 =0x00007ffa20000078, R10=0x00007ffa162b0f80, R11=0x00007ffa172562a0
R12=0x0000000000000000, R13=0xffffffffffffffff, R14=0x00007ffa162b1840, R15=0x0000000001198000
RIP=0x00007ffa172562cc, EFLAGS=0x0000000000010293, CSGSFS=0x0000000000000033, ERR=0x0000000000000004
  TRAPNO=0x000000000000000e

Top of Stack: (sp=0x00007ffa162b11b8)
0x00007ffa162b11b8:   00007ffa157f7d33 0000000001198000
0x00007ffa162b11c8:   00007ffa6596603b fffffff0ffffffff
0x00007ffa162b11d8:   0000000000000000 00007ffa157f7ad0
0x00007ffa162b11e8:   00007ffa162b1278 00007ffa162b1830
0x00007ffa162b11f8:   00007ffa162b1838 00007ffa162b1840
0x00007ffa162b1208:   00000000011981d8 00000000dae929ae
0x00007ffa162b1218:   0000000000000292 00007ffa157f71e0
0x00007ffa162b1228:   00007ffa157f7380 00007ffa157f7500
0x00007ffa162b1238:   00007ffa1725e830 00007ffa157f7200
0x00007ffa162b1248:   00007ffa162b1838 00007ffa00000000
0x00007ffa162b1258:   0000000000000000 00000000dae92840
0x00007ffa162b1268:   00007ffa162b1830 ffffffffffffffff
0x00007ffa162b1278:   0000000000000000 0000000000000000
0x00007ffa162b1288:   0000000000000000 00007ffa162b1280
0x00007ffa162b1298:   0000000086420280 00007ffa162b1328
0x00007ffa162b12a8:   00000000864be230 0000000000000000
0x00007ffa162b12b8:   0000000086420318 0000000000000000
0x00007ffa162b12c8:   00007ffa162b1320 00007ffa162b1390
0x00007ffa162b12d8:   00007ffa5d0004e7 0000000000000000
0x00007ffa162b12e8:   00007ffa157f7ad0 0000000000000000
0x00007ffa162b12f8:   00000000dae91e28 0000000000000006
0x00007ffa162b1308:   0000000000000007 00000000dcf03610
0x00007ffa162b1318:   00000000dcf03610 00000000dae92c40
0x00007ffa162b1328:   0000000000000000 00007ffa00001fa0
0x00007ffa162b1338:   00007ffa162b13d0 00007ffa162b15d0
0x00007ffa162b1348:   00007ffa162b1500 0000000001198000
0x00007ffa162b1358:   0000000001276670 00007ffa157f7280
0x00007ffa162b1368:   00007ffa17263cf0 00007ffa157f7210
0x00007ffa162b1378:   00007ffa17263d60 00007ffa17263d40
0x00007ffa162b1388:   000000000000006a 000000000000003f
0x00007ffa162b1398:   0000000300000000 0000000000000000
0x00007ffa162b13a8:   0000000000000000 00007ffa162b1400 

Instructions: (pc=0x00007ffa172562cc)
0x00007ffa172562ac:   ff 83 fa 08 76 12 48 8b 17 89 42 2c 48 8b 07 c7
0x00007ffa172562bc:   42 28 15 00 00 00 ff 10 48 8b 83 58 02 00 00 5b
0x00007ffa172562cc:   8b 40 20 c3 53 8b 47 24 48 89 fb 8d 90 33 ff ff
0x00007ffa172562dc:   ff 83 fa 01 76 66 3d cf 00 00 00 74 47 3d d2 00 

Register to memory mapping:

RAX=0x0000000000000000 is an unknown value
RBX=0x00007ffa162b14d0 is pointing into the stack for thread: 0x0000000001198000
RCX=0x0000000000000001 is an unknown value
RDX=0x0000000000000000 is an unknown value
RSP=0x00007ffa162b11b8 is pointing into the stack for thread: 0x0000000001198000
RBP=0x00007ffa162b17a0 is pointing into the stack for thread: 0x0000000001198000
RSI=0x0000000000000001 is an unknown value
RDI=0x00007ffa162b14d0 is pointing into the stack for thread: 0x0000000001198000
R8 =0x0000000000000000 is an unknown value
R9 =0x00007ffa20000078 is an unknown value
R10=0x00007ffa162b0f80 is pointing into the stack for thread: 0x0000000001198000
R11=0x00007ffa172562a0: jpeg_has_multiple_scans+0 in /usr/lib/x86_64-linux-gnu/libjpeg.so.8 at 0x00007ffa17240000
R12=0x0000000000000000 is an unknown value
R13=0xffffffffffffffff is an unknown value
R14=0x00007ffa162b1840 is pointing into the stack for thread: 0x0000000001198000
R15=0x0000000001198000 is a thread


Stack: [0x00007ffa161b2000,0x00007ffa162b3000],  sp=0x00007ffa162b11b8,  free space=1020k
Native frames: (J=compiled Java code, j=interpreted, Vv=VM code, C=native code)
C  [libjpeg.so.8+0x162cc]  jpeg_has_multiple_scans+0x2c
j  sun.awt.image.JPEGImageDecoder.readImage(Ljava/io/InputStream;[B)V+0
j  sun.awt.image.JPEGImageDecoder.produceImage()V+10
j  sun.awt.image.InputStreamImageSource.doFetch()V+51
j  sun.awt.image.ImageFetcher.fetchloop()V+33
j  sun.awt.image.ImageFetcher.run()V+5
v  ~StubRoutines::call_stub
V  [libjvm.so+0x5e80c9]  JavaCalls::call_helper(JavaValue*, methodHandle*, JavaCallArguments*, Thread*)+0x339
V  [libjvm.so+0x5e6f1e]  JavaCalls::call_virtual(JavaValue*, Handle, KlassHandle, Symbol*, Symbol*, Thread*)+0x20e
V  [libjvm.so+0x623391]  thread_entry(JavaThread*, Thread*)+0xd1
V  [libjvm.so+0x900f40]  JavaThread::thread_main_inner()+0xf0
V  [libjvm.so+0x9011b1]  JavaThread::run()+0x221
V  [libjvm.so+0x7c4f62]  java_start(Thread*)+0xf2

Java frames: (J=compiled Java code, j=interpreted, Vv=VM code)
j  sun.awt.image.JPEGImageDecoder.readImage(Ljava/io/InputStream;[B)V+0
j  sun.awt.image.JPEGImageDecoder.produceImage()V+10
j  sun.awt.image.InputStreamImageSource.doFetch()V+51
j  sun.awt.image.ImageFetcher.fetchloop()V+33
j  sun.awt.image.ImageFetcher.run()V+5
v  ~StubRoutines::call_stub

---------------  P R O C E S S  ---------------

Java Threads: ( => current thread )
  0x00007ffa20067800 JavaThread "pool-3-thread-1" [_thread_blocked, id=10738, stack(0x00007ffa164f7000,0x00007ffa165f8000)]
  0x0000000001180800 JavaThread "Thread-2" [_thread_blocked, id=10736, stack(0x00007ffa160b1000,0x00007ffa161b2000)]
  0x0000000001138800 JavaThread "Thread-0" [_thread_blocked, id=10735, stack(0x00007ffa163f6000,0x00007ffa164f7000)]
=>0x0000000001198000 JavaThread "Image Fetcher 1" daemon [_thread_in_native, id=10734, stack(0x00007ffa161b2000,0x00007ffa162b3000)]
  0x000000000119d000 JavaThread "Image Fetcher 0" daemon [_thread_blocked, id=10733, stack(0x00007ffa2e0fe000,0x00007ffa2e1ff000)]
  0x00000000011ac000 JavaThread "TimerQueue" daemon [_thread_blocked, id=10718, stack(0x00007ffa162bf000,0x00007ffa163c0000)]
  0x00007ffa6000b000 JavaThread "DestroyJavaVM" [_thread_blocked, id=10699, stack(0x00007ffa682f5000,0x00007ffa683f6000)]
  0x00007ffa603ff000 JavaThread "AWT-EventQueue-0" [_thread_blocked, id=10716, stack(0x00007ffa2c037000,0x00007ffa2c138000)]
  0x00007ffa60403000 JavaThread "AWT-Shutdown" [_thread_blocked, id=10715, stack(0x00007ffa16b3f000,0x00007ffa16c40000)]
  0x00007ffa602bb000 JavaThread "AWT-XAWT" daemon [_thread_in_native, id=10711, stack(0x00007ffa2e1ff000,0x00007ffa2e300000)]
  0x00007ffa6029e000 JavaThread "Java2D Disposer" daemon [_thread_blocked, id=10710, stack(0x00007ffa2e717000,0x00007ffa2e818000)]
  0x00007ffa600ac000 JavaThread "Service Thread" daemon [_thread_blocked, id=10708, stack(0x00007ffa3beff000,0x00007ffa3c000000)]
  0x00007ffa600a9800 JavaThread "C2 CompilerThread1" daemon [_thread_blocked, id=10707, stack(0x00007ffa5401d000,0x00007ffa5411e000)]
  0x00007ffa600a6800 JavaThread "C2 CompilerThread0" daemon [_thread_blocked, id=10706, stack(0x00007ffa5411e000,0x00007ffa5421f000)]
  0x00007ffa600a4800 JavaThread "Signal Dispatcher" daemon [_thread_blocked, id=10705, stack(0x00007ffa5421f000,0x00007ffa54320000)]
  0x00007ffa60078800 JavaThread "Finalizer" daemon [_thread_blocked, id=10704, stack(0x00007ffa5c31d000,0x00007ffa5c41e000)]
  0x00007ffa60076800 JavaThread "Reference Handler" daemon [_thread_blocked, id=10703, stack(0x00007ffa5c41e000,0x00007ffa5c51f000)]

Other Threads:
  0x00007ffa60072000 VMThread [stack: 0x00007ffa5c51f000,0x00007ffa5c620000] [id=10702]
  0x00007ffa600b6800 WatcherThread [stack: 0x00007ffa3bdfe000,0x00007ffa3beff000] [id=10709]

VM state:not at safepoint (normal execution)

VM Mutex/Monitor currently owned by a thread: None

Heap
 PSYoungGen      total 33792K, used 20311K [0x00000000dae00000, 0x00000000dd380000, 0x0000000100000000)
  eden space 29184K, 53% used [0x00000000dae00000,0x00000000dbd59760,0x00000000dca80000)
  from space 4608K, 99% used [0x00000000dcf00000,0x00000000dd37c890,0x00000000dd380000)
  to   space 4608K, 0% used [0x00000000dca80000,0x00000000dca80000,0x00000000dcf00000)
 ParOldGen       total 75776K, used 1767K [0x0000000090a00000, 0x0000000095400000, 0x00000000dae00000)
  object space 75776K, 2% used [0x0000000090a00000,0x0000000090bb9df0,0x0000000095400000)
 PSPermGen       total 22016K, used 21844K [0x0000000086400000, 0x0000000087980000, 0x0000000090a00000)
  object space 22016K, 99% used [0x0000000086400000,0x0000000087955220,0x0000000087980000)

Card table byte_map: [0x00007ffa64b29000,0x00007ffa64ef8000] byte_map_base: 0x00007ffa646f7000

Polling page: 0x00007ffa68415000

Code Cache  [0x00007ffa5d000000, 0x00007ffa5d270000, 0x00007ffa60000000)
 total_blobs=879 nmethods=291 adapters=542 free_code_cache=47876Kb largest_free_block=48988672

Compilation events (10 events):
Event: 22,076 Thread 0x00007ffa600a9800 nmethod 304 0x00007ffa5d0934d0 code [0x00007ffa5d093660, 0x00007ffa5d093fa8]
Event: 22,076 Thread 0x00007ffa600a9800  306             java.io.BufferedWriter::newLine (9 bytes)
Event: 22,077 Thread 0x00007ffa600a9800 nmethod 306 0x00007ffa5d093190 code [0x00007ffa5d0932e0, 0x00007ffa5d093388]
Event: 22,084 Thread 0x00007ffa600a9800  307 %           org.scify.jthinkfreedom.skeleton.sensors.SensorAdapter::updateStimuli @ 0 (49 bytes)
Event: 22,124 Thread 0x00007ffa600a6800 nmethod 305 0x00007ffa5d144790 code [0x00007ffa5d144960, 0x00007ffa5d145490]
Event: 22,156 Thread 0x00007ffa600a9800 nmethod 307% 0x00007ffa5d143710 code [0x00007ffa5d1438c0, 0x00007ffa5d143e48]
Event: 23,706 Thread 0x00007ffa600a6800  308             sun.reflect.ByteVectorImpl::add (38 bytes)
Event: 23,708 Thread 0x00007ffa600a6800 nmethod 308 0x00007ffa5d12f210 code [0x00007ffa5d12f360, 0x00007ffa5d12f448]
Event: 23,898 Thread 0x00007ffa600a6800  309             sun.awt.X11.XToolkit::getDisplay (4 bytes)
Event: 23,899 Thread 0x00007ffa600a6800 nmethod 309 0x00007ffa5d143510 code [0x00007ffa5d143640, 0x00007ffa5d143698]

GC Heap History (4 events):
Event: 1,997 GC heap before
{Heap before GC invocations=1 (full 0):
 PSYoungGen      total 33792K, used 29184K [0x00000000dae00000, 0x00000000dd380000, 0x0000000100000000)
  eden space 29184K, 100% used [0x00000000dae00000,0x00000000dca80000,0x00000000dca80000)
  from space 4608K, 0% used [0x00000000dcf00000,0x00000000dcf00000,0x00000000dd380000)
  to   space 4608K, 0% used [0x00000000dca80000,0x00000000dca80000,0x00000000dcf00000)
 ParOldGen       total 75776K, used 0K [0x0000000090a00000, 0x0000000095400000, 0x00000000dae00000)
  object space 75776K, 0% used [0x0000000090a00000,0x0000000090a00000,0x0000000095400000)
 PSPermGen       total 21504K, used 16127K [0x0000000086400000, 0x0000000087900000, 0x0000000090a00000)
  object space 21504K, 74% used [0x0000000086400000,0x00000000873bfe00,0x0000000087900000)
Event: 2,013 GC heap after
Heap after GC invocations=1 (full 0):
 PSYoungGen      total 33792K, used 3804K [0x00000000dae00000, 0x00000000dd380000, 0x0000000100000000)
  eden space 29184K, 0% used [0x00000000dae00000,0x00000000dae00000,0x00000000dca80000)
  from space 4608K, 82% used [0x00000000dca80000,0x00000000dce37370,0x00000000dcf00000)
  to   space 4608K, 0% used [0x00000000dcf00000,0x00000000dcf00000,0x00000000dd380000)
 ParOldGen       total 75776K, used 8K [0x0000000090a00000, 0x0000000095400000, 0x00000000dae00000)
  object space 75776K, 0% used [0x0000000090a00000,0x0000000090a02000,0x0000000095400000)
 PSPermGen       total 21504K, used 16127K [0x0000000086400000, 0x0000000087900000, 0x0000000090a00000)
  object space 21504K, 74% used [0x0000000086400000,0x00000000873bfe00,0x0000000087900000)
}
Event: 20,252 GC heap before
{Heap before GC invocations=2 (full 0):
 PSYoungGen      total 33792K, used 32988K [0x00000000dae00000, 0x00000000dd380000, 0x0000000100000000)
  eden space 29184K, 100% used [0x00000000dae00000,0x00000000dca80000,0x00000000dca80000)
  from space 4608K, 82% used [0x00000000dca80000,0x00000000dce37370,0x00000000dcf00000)
  to   space 4608K, 0% used [0x00000000dcf00000,0x00000000dcf00000,0x00000000dd380000)
 ParOldGen       total 75776K, used 8K [0x0000000090a00000, 0x0000000095400000, 0x00000000dae00000)
  object space 75776K, 0% used [0x0000000090a00000,0x0000000090a02000,0x0000000095400000)
 PSPermGen       total 21504K, used 20807K [0x0000000086400000, 0x0000000087900000, 0x0000000090a00000)
  object space 21504K, 96% used [0x0000000086400000,0x0000000087851e90,0x0000000087900000)
Event: 20,265 GC heap after
Heap after GC invocations=2 (full 0):
 PSYoungGen      total 33792K, used 4594K [0x00000000dae00000, 0x00000000dd380000, 0x0000000100000000)
  eden space 29184K, 0% used [0x00000000dae00000,0x00000000dae00000,0x00000000dca80000)
  from space 4608K, 99% used [0x00000000dcf00000,0x00000000dd37c890,0x00000000dd380000)
  to   space 4608K, 0% used [0x00000000dca80000,0x00000000dca80000,0x00000000dcf00000)
 ParOldGen       total 75776K, used 1767K [0x0000000090a00000, 0x0000000095400000, 0x00000000dae00000)
  object space 75776K, 2% used [0x0000000090a00000,0x0000000090bb9df0,0x0000000095400000)
 PSPermGen       total 21504K, used 20807K [0x0000000086400000, 0x0000000087900000, 0x0000000090a00000)
  object space 21504K, 96% used [0x0000000086400000,0x0000000087851e90,0x0000000087900000)
}

Deoptimization events (10 events):
Event: 21,038 Thread 0x00007ffa603ff000 Uncommon trap: reason=class_check action=maybe_recompile pc=0x00007ffa5d0e6114 method=sun.util.logging.PlatformLogger.finest(Ljava/lang/String;)V @ 8
Event: 21,042 Thread 0x00007ffa603ff000 Uncommon trap: reason=class_check action=maybe_recompile pc=0x00007ffa5d0e6114 method=sun.util.logging.PlatformLogger.finest(Ljava/lang/String;)V @ 8
Event: 21,042 Thread 0x00007ffa602bb000 Uncommon trap: reason=class_check action=maybe_recompile pc=0x00007ffa5d06b130 method=sun.util.logging.PlatformLogger.finest(Ljava/lang/String;)V @ 8
Event: 23,703 Thread 0x0000000001180800 Uncommon trap: reason=unreached action=reinterpret pc=0x00007ffa5d0c7208 method=java.lang.ThreadLocal$ThreadLocalMap.getEntry(Ljava/lang/ThreadLocal;)Ljava/lang/ThreadLocal$ThreadLocalMap$Entry; @ 29
Event: 23,705 Thread 0x0000000001180800 Uncommon trap: reason=unreached action=reinterpret pc=0x00007ffa5d0ccb1c method=java.lang.ThreadLocal$ThreadLocalMap.getEntry(Ljava/lang/ThreadLocal;)Ljava/lang/ThreadLocal$ThreadLocalMap$Entry; @ 29
Event: 23,710 Thread 0x0000000001180800 Uncommon trap: reason=unreached action=reinterpret pc=0x00007ffa5d0bf8b8 method=java.lang.String.valueOf(Ljava/lang/Object;)Ljava/lang/String; @ 1
Event: 23,712 Thread 0x0000000001180800 Uncommon trap: reason=class_check action=maybe_recompile pc=0x00007ffa5d1195bc method=java.io.Writer.write(Ljava/lang/String;)V @ 7
Event: 23,874 Thread 0x0000000001138800 Uncommon trap: reason=unreached action=reinterpret pc=0x00007ffa5d13fb38 method=org.scify.jthinkfreedom.keyboard.sensors.KeyboardSensor.getData()Ljava/lang/Character; @ 4
Event: 23,874 Thread 0x0000000001138800 Uncommon trap: reason=unreached action=reinterpret pc=0x00007ffa5d141f64 method=java.lang.String.valueOf(Ljava/lang/Object;)Ljava/lang/String; @ 1
Event: 23,874 Thread 0x0000000001138800 Uncommon trap: reason=unreached action=reinterpret pc=0x00007ffa5d143c34 method=org.scify.jthinkfreedom.keyboard.stimuli.CapturekeyStimulus.onDataReceived()V @ 46

Internal exceptions (10 events):
Event: 21,270 Thread 0x0000000001180800 Threw 0x00000000db852a48 at /build/openjdk-7-FO0dNI/openjdk-7-7u79-2.5.6/build/openjdk/hotspot/src/share/vm/prims/jvm.cpp:1284
Event: 21,273 Thread 0x0000000001180800 Threw 0x00000000db8630a0 at /build/openjdk-7-FO0dNI/openjdk-7-7u79-2.5.6/build/openjdk/hotspot/src/share/vm/prims/jvm.cpp:1284
Event: 21,278 Thread 0x0000000001180800 Threw 0x00000000db880958 at /build/openjdk-7-FO0dNI/openjdk-7-7u79-2.5.6/build/openjdk/hotspot/src/share/vm/prims/jvm.cpp:1284
Event: 21,280 Thread 0x0000000001180800 Threw 0x00000000db891db0 at /build/openjdk-7-FO0dNI/openjdk-7-7u79-2.5.6/build/openjdk/hotspot/src/share/vm/prims/jvm.cpp:1284
Event: 21,288 Thread 0x0000000001180800 Threw 0x00000000db8aaf88 at /build/openjdk-7-FO0dNI/openjdk-7-7u79-2.5.6/build/openjdk/hotspot/src/share/vm/prims/jvm.cpp:1284
Event: 21,289 Thread 0x0000000001180800 Threw 0x00000000db8bbe18 at /build/openjdk-7-FO0dNI/openjdk-7-7u79-2.5.6/build/openjdk/hotspot/src/share/vm/prims/jvm.cpp:1284
Event: 23,704 Thread 0x0000000001180800 Threw 0x00000000db8d8b78 at /build/openjdk-7-FO0dNI/openjdk-7-7u79-2.5.6/build/openjdk/hotspot/src/share/vm/prims/jvm.cpp:1284
Event: 23,716 Thread 0x0000000001180800 Threw 0x00000000dbcd3818 at /build/openjdk-7-FO0dNI/openjdk-7-7u79-2.5.6/build/openjdk/hotspot/src/share/vm/prims/jvm.cpp:1284
Event: 23,875 Thread 0x0000000001138800 Threw 0x00000000dbd10a18 at /build/openjdk-7-FO0dNI/openjdk-7-7u79-2.5.6/build/openjdk/hotspot/src/share/vm/prims/jvm.cpp:1284
Event: 23,880 Thread 0x0000000001138800 Threw 0x00000000dbd23658 at /build/openjdk-7-FO0dNI/openjdk-7-7u79-2.5.6/build/openjdk/hotspot/src/share/vm/prims/jvm.cpp:1284

Events (10 events):
Event: 23,880 loading class 0x00007ffa200495d0 done
Event: 23,881 Executing VM operation: RevokeBias
Event: 23,881 Executing VM operation: RevokeBias done
Event: 23,899 Thread 0x00007ffa600a6800 flushing nmethod 0x00007ffa5d082e10
Event: 23,915 loading class 0x00007ffa60203c50
Event: 23,916 loading class 0x00007ffa60203c50 done
Event: 23,916 Executing VM operation: RevokeBias
Event: 23,916 Executing VM operation: RevokeBias done
Event: 23,916 loading class 0x00007ffa40018700
Event: 23,916 loading class 0x00007ffa40018700 done


Dynamic libraries:
00400000-00401000 r-xp 00000000 08:02 1323751                            /usr/lib/jvm/java-7-openjdk-amd64/jre/bin/java
00600000-00601000 r--p 00000000 08:02 1323751                            /usr/lib/jvm/java-7-openjdk-amd64/jre/bin/java
00601000-00602000 rw-p 00001000 08:02 1323751                            /usr/lib/jvm/java-7-openjdk-amd64/jre/bin/java
010fb000-012ea000 rw-p 00000000 00:00 0                                  [heap]
86400000-87980000 rw-p 00000000 00:00 0 
87980000-90a00000 rw-p 00000000 00:00 0 
90a00000-95400000 rw-p 00000000 00:00 0 
95400000-dae00000 rw-p 00000000 00:00 0 
dae00000-dd380000 rw-p 00000000 00:00 0 
dd380000-100000000 rw-p 00000000 00:00 0 
7ffa10000000-7ffa10021000 rw-p 00000000 00:00 0 
7ffa10021000-7ffa14000000 ---p 00000000 00:00 0 
7ffa1568f000-7ffa157f0000 rw-p 00000000 00:00 0 
7ffa157f0000-7ffa157fa000 r-xp 00000000 08:02 1317748                    /usr/lib/jvm/java-7-openjdk-amd64/jre/lib/amd64/libjavajpeg.so
7ffa157fa000-7ffa159f9000 ---p 0000a000 08:02 1317748                    /usr/lib/jvm/java-7-openjdk-amd64/jre/lib/amd64/libjavajpeg.so
7ffa159f9000-7ffa159fa000 r--p 00009000 08:02 1317748                    /usr/lib/jvm/java-7-openjdk-amd64/jre/lib/amd64/libjavajpeg.so
7ffa159fa000-7ffa159fb000 rw-p 0000a000 08:02 1317748                    /usr/lib/jvm/java-7-openjdk-amd64/jre/lib/amd64/libjavajpeg.so
7ffa15a00000-7ffa15c87000 rw-s 00000000 00:04 6586382                    /SYSV00000000 (deleted)
7ffa15dbf000-7ffa15e98000 rw-p 00000000 00:00 0 
7ffa15e98000-7ffa15eaf000 r-xp 00000000 08:02 271372                     /tmp/jna-xrousakis/jna6516873738521077035.tmp (deleted)
7ffa15eaf000-7ffa160af000 ---p 00017000 08:02 271372                     /tmp/jna-xrousakis/jna6516873738521077035.tmp (deleted)
7ffa160af000-7ffa160b0000 r--p 00017000 08:02 271372                     /tmp/jna-xrousakis/jna6516873738521077035.tmp (deleted)
7ffa160b0000-7ffa160b1000 rw-p 00018000 08:02 271372                     /tmp/jna-xrousakis/jna6516873738521077035.tmp (deleted)
7ffa160b1000-7ffa160b4000 ---p 00000000 00:00 0 
7ffa160b4000-7ffa161b2000 rw-p 00000000 00:00 0                          [stack:10736]
7ffa161b2000-7ffa161b5000 ---p 00000000 00:00 0 
7ffa161b5000-7ffa162b3000 rw-p 00000000 00:00 0                          [stack:10734]
7ffa162b3000-7ffa162bd000 r--s 00203000 08:02 1310919                    /usr/lib/jvm/java-7-openjdk-amd64/jre/lib/charsets.jar
7ffa162bf000-7ffa162c2000 ---p 00000000 00:00 0 
7ffa162c2000-7ffa163c0000 rw-p 00000000 00:00 0                          [stack:10718]
7ffa163f6000-7ffa163f9000 ---p 00000000 00:00 0 
7ffa163f9000-7ffa164f7000 rw-p 00000000 00:00 0                          [stack:10735]
7ffa164f7000-7ffa164fa000 ---p 00000000 00:00 0 
7ffa164fa000-7ffa165f8000 rw-p 00000000 00:00 0                          [stack:10738]
7ffa165f8000-7ffa16613000 r--s 00000000 08:02 2362922                    /usr/share/fonts/type1/gsfonts/p052004l.pfb
7ffa16618000-7ffa16633000 r--s 00000000 08:02 2362925                    /usr/share/fonts/type1/gsfonts/p052023l.pfb
7ffa16638000-7ffa1664a000 r--s 00000000 08:02 2362883                    /usr/share/fonts/type1/gsfonts/n019043l.pfb
7ffa16650000-7ffa1665c000 r--s 00000000 08:02 2362868                    /usr/share/fonts/type1/gsfonts/d050000l.pfb
7ffa16660000-7ffa16673000 r--s 00000000 08:02 2362847                    /usr/share/fonts/type1/gsfonts/b018015l.pfb
7ffa16678000-7ffa16689000 r--s 00000000 08:02 2362889                    /usr/share/fonts/type1/gsfonts/n019063l.pfb
7ffa16690000-7ffa166a2000 r--s 00000000 08:02 2362853                    /usr/share/fonts/type1/gsfonts/b018035l.pfb
7ffa166a8000-7ffa166b8000 r--s 00000000 08:02 2362832                    /usr/share/fonts/type1/gsfonts/a010013l.pfb
7ffa166b8000-7ffa166cf000 r--s 00000000 08:02 2362934                    /usr/share/fonts/type1/gsfonts/z003034l.pfb
7ffa166d0000-7ffa166e2000 r--s 00000000 08:02 2362886                    /usr/share/fonts/type1/gsfonts/n019044l.pfb
7ffa166e8000-7ffa166f1000 r--s 00000000 08:02 2362931                    /usr/share/fonts/type1/gsfonts/s050000l.pfb
7ffa166f8000-7ffa166f9000 r--s 00000000 08:02 2756976                    /var/cache/fontconfig/c05880de57d1f5e948fdfacc138775d9-le64.cache-4
7ffa16700000-7ffa1670b000 r--s 00000000 08:02 2756975                    /var/cache/fontconfig/945677eb7aeaf62f1d50efc3fb3ec7d8-le64.cache-4
7ffa16710000-7ffa16712000 r--s 00000000 08:02 2756973                    /var/cache/fontconfig/99e8ed0e538f840c565b6ed5dad60d56-le64.cache-4
7ffa16718000-7ffa1671e000 r--s 00000000 08:02 2756972                    /var/cache/fontconfig/2cd17615ca594fa2959ae173292e504c-le64.cache-4
7ffa16720000-7ffa16721000 r--s 00000000 08:02 2756971                    /var/cache/fontconfig/e7071f4a29fa870f4323321c154eba04-le64.cache-4
7ffa16728000-7ffa16729000 r--s 00000000 08:02 2756970                    /var/cache/fontconfig/0d8c3b2ac0904cb8a57a757ad11a4a08-le64.cache-4
7ffa16730000-7ffa16737000 r--s 00000000 08:02 2756969                    /var/cache/fontconfig/a755afe4a08bf5b97852ceb7400b47bc-le64.cache-4
7ffa16738000-7ffa16744000 r--s 00000000 08:02 2756968                    /var/cache/fontconfig/6d41288fd70b0be22e8c3a91e032eec0-le64.cache-4
7ffa16748000-7ffa1675c000 r--s 00000000 08:02 2756967                    /var/cache/fontconfig/04aabc0a78ac019cf9454389977116d2-le64.cache-4
7ffa16760000-7ffa16761000 r--s 00000000 08:02 2756966                    /var/cache/fontconfig/1ac9eb803944fde146138c791f5cc56a-le64.cache-4
7ffa16768000-7ffa1676c000 r--s 00000000 08:02 2756965                    /var/cache/fontconfig/385c0604a188198f04d133e54aba7fe7-le64.cache-4
7ffa16770000-7ffa16771000 r--s 00000000 08:02 2756964                    /var/cache/fontconfig/dc05db6664285cc2f12bf69c139ae4c3-le64.cache-4
7ffa16778000-7ffa1677a000 r--s 00000000 08:02 2756963                    /var/cache/fontconfig/767a8244fc0220cfb567a839d0392e0b-le64.cache-4
7ffa16780000-7ffa16781000 r--s 00000000 08:02 2753289                    /var/cache/fontconfig/4794a0821666d79190d59a36cb4f44b5-le64.cache-4
7ffa16788000-7ffa1678d000 r--s 00000000 08:02 2756961                    /var/cache/fontconfig/8801497958630a81b71ace7c5f9b32a8-le64.cache-4
7ffa16790000-7ffa16797000 r--s 00000000 08:02 2756960                    /var/cache/fontconfig/3047814df9a2f067bd2d96a2b9c36e5a-le64.cache-4
7ffa16798000-7ffa16799000 r--s 00000000 08:02 2756959                    /var/cache/fontconfig/56cf4f4769d0f4abc89a4895d7bd3ae1-le64.cache-4
7ffa167a0000-7ffa167a6000 r--s 00000000 08:02 2756957                    /var/cache/fontconfig/b47c4e1ecd0709278f4910c18777a504-le64.cache-4
7ffa167a8000-7ffa167bb000 r--s 00000000 08:02 2756956                    /var/cache/fontconfig/d52a8644073d54c13679302ca1180695-le64.cache-4
7ffa167c0000-7ffa167c9000 r--s 00000000 08:02 2754543                    /var/cache/fontconfig/3f7329c5293ffd510edef78f73874cfd-le64.cache-4
7ffa167d0000-7ffa167db000 r--s 00000000 08:02 2756954                    /var/cache/fontconfig/d589a48862398ed80a3d6066f4f56f4c-le64.cache-4
7ffa167e0000-7ffa167fb000 r--s 00000000 08:02 2362859                    /usr/share/fonts/type1/gsfonts/c059016l.pfb
7ffa16800000-7ffa16811000 r--s 00000000 08:02 2362841                    /usr/share/fonts/type1/gsfonts/a010035l.pfb
7ffa16818000-7ffa16830000 r--s 00000000 08:02 2362862                    /usr/share/fonts/type1/gsfonts/c059033l.pfb
7ffa16830000-7ffa16845000 r--s 00000000 08:02 2362850                    /usr/share/fonts/type1/gsfonts/b018032l.pfb
7ffa16848000-7ffa16864000 r--s 00000000 08:02 2362928                    /usr/share/fonts/type1/gsfonts/p052024l.pfb
7ffa16868000-7ffa16878000 r--s 00000000 08:02 2362838                    /usr/share/fonts/type1/gsfonts/a010033l.pfb
7ffa16878000-7ffa16890000 r--s 00000000 08:02 2362865                    /usr/share/fonts/type1/gsfonts/c059036l.pfb
7ffa16890000-7ffa168ab000 r--s 00000000 08:02 2362919                    /usr/share/fonts/type1/gsfonts/p052003l.pfb
7ffa168b0000-7ffa168c3000 r--s 00000000 08:02 2362892                    /usr/share/fonts/type1/gsfonts/n019064l.pfb
7ffa168c8000-7ffa168e2000 r--s 00000000 08:02 2362856                    /usr/share/fonts/type1/gsfonts/c059013l.pfb
7ffa168e8000-7ffa1693a000 r-xp 00000000 08:02 1317750                    /usr/lib/jvm/java-7-openjdk-amd64/jre/lib/amd64/libfontmanager.so
7ffa1693a000-7ffa16b39000 ---p 00052000 08:02 1317750                    /usr/lib/jvm/java-7-openjdk-amd64/jre/lib/amd64/libfontmanager.so
7ffa16b39000-7ffa16b3c000 r--p 00051000 08:02 1317750                    /usr/lib/jvm/java-7-openjdk-amd64/jre/lib/amd64/libfontmanager.so
7ffa16b3c000-7ffa16b3d000 rw-p 00054000 08:02 1317750                    /usr/lib/jvm/java-7-openjdk-amd64/jre/lib/amd64/libfontmanager.so
7ffa16b3f000-7ffa16b42000 ---p 00000000 00:00 0 
7ffa16b42000-7ffa16c40000 rw-p 00000000 00:00 0                          [stack:10715]
7ffa16c40000-7ffa16ded000 r-xp 00000000 08:02 271371                     /tmp/javacpp9603670322080/libjniopencv_core.so
7ffa16ded000-7ffa16fed000 ---p 001ad000 08:02 271371                     /tmp/javacpp9603670322080/libjniopencv_core.so
7ffa16fed000-7ffa16fee000 r--p 001ad000 08:02 271371                     /tmp/javacpp9603670322080/libjniopencv_core.so
7ffa16fee000-7ffa16ff0000 rw-p 001ae000 08:02 271371                     /tmp/javacpp9603670322080/libjniopencv_core.so
7ffa16ff0000-7ffa1703e000 r-xp 00000000 08:02 271370                     /tmp/javacpp9603670322080/libjniopencv_highgui.so
7ffa1703e000-7ffa1723d000 ---p 0004e000 08:02 271370                     /tmp/javacpp9603670322080/libjniopencv_highgui.so
7ffa1723d000-7ffa1723e000 r--p 0004d000 08:02 271370                     /tmp/javacpp9603670322080/libjniopencv_highgui.so
7ffa1723e000-7ffa1723f000 rw-p 0004e000 08:02 271370                     /tmp/javacpp9603670322080/libjniopencv_highgui.so
7ffa17240000-7ffa17283000 r-xp 00000000 08:02 1188593                    /usr/lib/x86_64-linux-gnu/libjpeg.so.8.0.2
7ffa17283000-7ffa17483000 ---p 00043000 08:02 1188593                    /usr/lib/x86_64-linux-gnu/libjpeg.so.8.0.2
7ffa17483000-7ffa17484000 r--p 00043000 08:02 1188593                    /usr/lib/x86_64-linux-gnu/libjpeg.so.8.0.2
7ffa17484000-7ffa17485000 rw-p 00044000 08:02 1188593                    /usr/lib/x86_64-linux-gnu/libjpeg.so.8.0.2
7ffa17485000-7ffa17495000 rw-p 00000000 00:00 0 
7ffa17498000-7ffa174bc000 r-xp 00000000 08:02 1188998                    /usr/lib/x86_64-linux-gnu/libv4lconvert.so.0.0.0
7ffa174bc000-7ffa176bc000 ---p 00024000 08:02 1188998                    /usr/lib/x86_64-linux-gnu/libv4lconvert.so.0.0.0
7ffa176bc000-7ffa176be000 r--p 00024000 08:02 1188998                    /usr/lib/x86_64-linux-gnu/libv4lconvert.so.0.0.0
7ffa176be000-7ffa176bf000 rw-p 00026000 08:02 1188998                    /usr/lib/x86_64-linux-gnu/libv4lconvert.so.0.0.0
7ffa176bf000-7ffa17711000 rw-p 00000000 00:00 0 
7ffa17718000-7ffa1771e000 r-xp 00000000 08:02 1188131                    /usr/lib/x86_64-linux-gnu/libdatrie.so.1.3.1
7ffa1771e000-7ffa1791d000 ---p 00006000 08:02 1188131                    /usr/lib/x86_64-linux-gnu/libdatrie.so.1.3.1
7ffa1791d000-7ffa1791e000 r--p 00005000 08:02 1188131                    /usr/lib/x86_64-linux-gnu/libdatrie.so.1.3.1
7ffa1791e000-7ffa1791f000 rw-p 00006000 08:02 1188131                    /usr/lib/x86_64-linux-gnu/libdatrie.so.1.3.1
7ffa17920000-7ffa1793a000 r-xp 00000000 08:02 1188402                    /usr/lib/x86_64-linux-gnu/libgraphite2.so.3.0.1
7ffa1793a000-7ffa17b39000 ---p 0001a000 08:02 1188402                    /usr/lib/x86_64-linux-gnu/libgraphite2.so.3.0.1
7ffa17b39000-7ffa17b3b000 r--p 00019000 08:02 1188402                    /usr/lib/x86_64-linux-gnu/libgraphite2.so.3.0.1
7ffa17b3b000-7ffa17b3c000 rw-p 0001b000 08:02 1188402                    /usr/lib/x86_64-linux-gnu/libgraphite2.so.3.0.1
7ffa17b40000-7ffa17b49000 r-xp 00000000 08:02 1188996                    /usr/lib/x86_64-linux-gnu/libv4l2.so.0.0.0
7ffa17b49000-7ffa17d48000 ---p 00009000 08:02 1188996                    /usr/lib/x86_64-linux-gnu/libv4l2.so.0.0.0
7ffa17d48000-7ffa17d49000 r--p 00008000 08:02 1188996                    /usr/lib/x86_64-linux-gnu/libv4l2.so.0.0.0
7ffa17d49000-7ffa17d4e000 rw-p 00009000 08:02 1188996                    /usr/lib/x86_64-linux-gnu/libv4l2.so.0.0.0
7ffa17d50000-7ffa17d58000 r-xp 00000000 08:02 1188953                    /usr/lib/x86_64-linux-gnu/libthai.so.0.2.0
7ffa17d58000-7ffa17f57000 ---p 00008000 08:02 1188953                    /usr/lib/x86_64-linux-gnu/libthai.so.0.2.0
7ffa17f57000-7ffa17f58000 r--p 00007000 08:02 1188953                    /usr/lib/x86_64-linux-gnu/libthai.so.0.2.0
7ffa17f58000-7ffa17f59000 rw-p 00008000 08:02 1188953                    /usr/lib/x86_64-linux-gnu/libthai.so.0.2.0
7ffa17f60000-7ffa17fb3000 r-xp 00000000 08:02 1179957                    /usr/lib/x86_64-linux-gnu/libharfbuzz.so.0.927.0
7ffa17fb3000-7ffa181b3000 ---p 00053000 08:02 1179957                    /usr/lib/x86_64-linux-gnu/libharfbuzz.so.0.927.0
7ffa181b3000-7ffa181b4000 r--p 00053000 08:02 1179957                    /usr/lib/x86_64-linux-gnu/libharfbuzz.so.0.927.0
7ffa181b4000-7ffa181b5000 rw-p 00054000 08:02 1179957                    /usr/lib/x86_64-linux-gnu/libharfbuzz.so.0.927.0
7ffa181b8000-7ffa181c0000 r-xp 00000000 08:02 1189074                    /usr/lib/x86_64-linux-gnu/libxcb-render.so.0.0.0
7ffa181c0000-7ffa183bf000 ---p 00008000 08:02 1189074                    /usr/lib/x86_64-linux-gnu/libxcb-render.so.0.0.0
7ffa183bf000-7ffa183c0000 r--p 00007000 08:02 1189074                    /usr/lib/x86_64-linux-gnu/libxcb-render.so.0.0.0
7ffa183c0000-7ffa183c1000 rw-p 00008000 08:02 1189074                    /usr/lib/x86_64-linux-gnu/libxcb-render.so.0.0.0
7ffa183c8000-7ffa183ca000 r-xp 00000000 08:02 1189078                    /usr/lib/x86_64-linux-gnu/libxcb-shm.so.0.0.0
7ffa183ca000-7ffa185c9000 ---p 00002000 08:02 1189078                    /usr/lib/x86_64-linux-gnu/libxcb-shm.so.0.0.0
7ffa185c9000-7ffa185ca000 r--p 00001000 08:02 1189078                    /usr/lib/x86_64-linux-gnu/libxcb-shm.so.0.0.0
7ffa185ca000-7ffa185cb000 rw-p 00002000 08:02 1189078                    /usr/lib/x86_64-linux-gnu/libxcb-shm.so.0.0.0
7ffa185d0000-7ffa18671000 r-xp 00000000 08:02 1188793                    /usr/lib/x86_64-linux-gnu/libpixman-1.so.0.30.2
7ffa18671000-7ffa18871000 ---p 000a1000 08:02 1188793                    /usr/lib/x86_64-linux-gnu/libpixman-1.so.0.30.2
7ffa18871000-7ffa18878000 r--p 000a1000 08:02 1188793                    /usr/lib/x86_64-linux-gnu/libpixman-1.so.0.30.2
7ffa18878000-7ffa18879000 rw-p 000a8000 08:02 1188793                    /usr/lib/x86_64-linux-gnu/libpixman-1.so.0.30.2
7ffa18880000-7ffa18882000 r-xp 00000000 08:02 1187926                    /usr/lib/x86_64-linux-gnu/libXdamage.so.1.1.0
7ffa18882000-7ffa18a81000 ---p 00002000 08:02 1187926                    /usr/lib/x86_64-linux-gnu/libXdamage.so.1.1.0
7ffa18a81000-7ffa18a82000 r--p 00001000 08:02 1187926                    /usr/lib/x86_64-linux-gnu/libXdamage.so.1.1.0
7ffa18a82000-7ffa18a83000 rw-p 00002000 08:02 1187926                    /usr/lib/x86_64-linux-gnu/libXdamage.so.1.1.0
7ffa18a88000-7ffa18a8a000 r-xp 00000000 08:02 1187922                    /usr/lib/x86_64-linux-gnu/libXcomposite.so.1.0.0
7ffa18a8a000-7ffa18c89000 ---p 00002000 08:02 1187922                    /usr/lib/x86_64-linux-gnu/libXcomposite.so.1.0.0
7ffa18c89000-7ffa18c8a000 r--p 00001000 08:02 1187922                    /usr/lib/x86_64-linux-gnu/libXcomposite.so.1.0.0
7ffa18c8a000-7ffa18c8b000 rw-p 00002000 08:02 1187922                    /usr/lib/x86_64-linux-gnu/libXcomposite.so.1.0.0
7ffa18c90000-7ffa18c99000 r-xp 00000000 08:02 1187948                    /usr/lib/x86_64-linux-gnu/libXrandr.so.2.2.0
7ffa18c99000-7ffa18e98000 ---p 00009000 08:02 1187948                    /usr/lib/x86_64-linux-gnu/libXrandr.so.2.2.0
7ffa18e98000-7ffa18e99000 r--p 00008000 08:02 1187948                    /usr/lib/x86_64-linux-gnu/libXrandr.so.2.2.0
7ffa18e99000-7ffa18e9a000 rw-p 00009000 08:02 1187948                    /usr/lib/x86_64-linux-gnu/libXrandr.so.2.2.0
7ffa18ea0000-7ffa18ea2000 r-xp 00000000 08:02 1187940                    /usr/lib/x86_64-linux-gnu/libXinerama.so.1.0.0
7ffa18ea2000-7ffa190a1000 ---p 00002000 08:02 1187940                    /usr/lib/x86_64-linux-gnu/libXinerama.so.1.0.0
7ffa190a1000-7ffa190a2000 r--p 00001000 08:02 1187940                    /usr/lib/x86_64-linux-gnu/libXinerama.so.1.0.0
7ffa190a2000-7ffa190a3000 rw-p 00002000 08:02 1187940                    /usr/lib/x86_64-linux-gnu/libXinerama.so.1.0.0
7ffa190a8000-7ffa190ad000 r-xp 00000000 08:02 1188994                    /usr/lib/x86_64-linux-gnu/libv4l1.so.0.0.0
7ffa190ad000-7ffa192ac000 ---p 00005000 08:02 1188994                    /usr/lib/x86_64-linux-gnu/libv4l1.so.0.0.0
7ffa192ac000-7ffa192ad000 r--p 00004000 08:02 1188994                    /usr/lib/x86_64-linux-gnu/libv4l1.so.0.0.0
7ffa192ad000-7ffa192ae000 rw-p 00005000 08:02 1188994                    /usr/lib/x86_64-linux-gnu/libv4l1.so.0.0.0
7ffa192b0000-7ffa192b1000 r-xp 00000000 08:02 1181659                    /usr/lib/x86_64-linux-gnu/libgthread-2.0.so.0.4002.0
7ffa192b1000-7ffa194b0000 ---p 00001000 08:02 1181659                    /usr/lib/x86_64-linux-gnu/libgthread-2.0.so.0.4002.0
7ffa194b0000-7ffa194b1000 r--p 00000000 08:02 1181659                    /usr/lib/x86_64-linux-gnu/libgthread-2.0.so.0.4002.0
7ffa194b1000-7ffa194b2000 rw-p 00001000 08:02 1181659                    /usr/lib/x86_64-linux-gnu/libgthread-2.0.so.0.4002.0
7ffa194b8000-7ffa19502000 r-xp 00000000 08:02 1181864                    /usr/lib/x86_64-linux-gnu/libpango-1.0.so.0.3600.3
7ffa19502000-7ffa19702000 ---p 0004a000 08:02 1181864                    /usr/lib/x86_64-linux-gnu/libpango-1.0.so.0.3600.3
7ffa19702000-7ffa19704000 r--p 0004a000 08:02 1181864                    /usr/lib/x86_64-linux-gnu/libpango-1.0.so.0.3600.3
7ffa19704000-7ffa19705000 rw-p 0004c000 08:02 1181864                    /usr/lib/x86_64-linux-gnu/libpango-1.0.so.0.3600.3
7ffa19708000-7ffa1971c000 r-xp 00000000 08:02 1181866                    /usr/lib/x86_64-linux-gnu/libpangoft2-1.0.so.0.3600.3
7ffa1971c000-7ffa1991b000 ---p 00014000 08:02 1181866                    /usr/lib/x86_64-linux-gnu/libpangoft2-1.0.so.0.3600.3
7ffa1991b000-7ffa1991c000 r--p 00013000 08:02 1181866                    /usr/lib/x86_64-linux-gnu/libpangoft2-1.0.so.0.3600.3
7ffa1991c000-7ffa1991d000 rw-p 00014000 08:02 1181866                    /usr/lib/x86_64-linux-gnu/libpangoft2-1.0.so.0.3600.3
7ffa19920000-7ffa1993f000 r-xp 00000000 08:02 1188324                    /usr/lib/x86_64-linux-gnu/libgdk_pixbuf-2.0.so.0.3000.7
7ffa1993f000-7ffa19b3f000 ---p 0001f000 08:02 1188324                    /usr/lib/x86_64-linux-gnu/libgdk_pixbuf-2.0.so.0.3000.7
7ffa19b3f000-7ffa19b40000 r--p 0001f000 08:02 1188324                    /usr/lib/x86_64-linux-gnu/libgdk_pixbuf-2.0.so.0.3000.7
7ffa19b40000-7ffa19b41000 rw-p 00020000 08:02 1188324                    /usr/lib/x86_64-linux-gnu/libgdk_pixbuf-2.0.so.0.3000.7
7ffa19b48000-7ffa19c4e000 r-xp 00000000 08:02 1184068                    /usr/lib/x86_64-linux-gnu/libcairo.so.2.11301.0
7ffa19c4e000-7ffa19e4d000 ---p 00106000 08:02 1184068                    /usr/lib/x86_64-linux-gnu/libcairo.so.2.11301.0
7ffa19e4d000-7ffa19e50000 r--p 00105000 08:02 1184068                    /usr/lib/x86_64-linux-gnu/libcairo.so.2.11301.0
7ffa19e50000-7ffa19e51000 rw-p 00108000 08:02 1184068                    /usr/lib/x86_64-linux-gnu/libcairo.so.2.11301.0
7ffa19e51000-7ffa19e53000 rw-p 00000000 00:00 0 
7ffa19e58000-7ffa19e77000 r-xp 00000000 08:02 1188009                    /usr/lib/x86_64-linux-gnu/libatk-1.0.so.0.21009.1
7ffa19e77000-7ffa1a077000 ---p 0001f000 08:02 1188009                    /usr/lib/x86_64-linux-gnu/libatk-1.0.so.0.21009.1
7ffa1a077000-7ffa1a079000 r--p 0001f000 08:02 1188009                    /usr/lib/x86_64-linux-gnu/libatk-1.0.so.0.21009.1
7ffa1a079000-7ffa1a07a000 rw-p 00021000 08:02 1188009                    /usr/lib/x86_64-linux-gnu/libatk-1.0.so.0.21009.1
7ffa1a080000-7ffa1a08b000 r-xp 00000000 08:02 1181862                    /usr/lib/x86_64-linux-gnu/libpangocairo-1.0.so.0.3600.3
7ffa1a08b000-7ffa1a28b000 ---p 0000b000 08:02 1181862                    /usr/lib/x86_64-linux-gnu/libpangocairo-1.0.so.0.3600.3
7ffa1a28b000-7ffa1a28c000 r--p 0000b000 08:02 1181862                    /usr/lib/x86_64-linux-gnu/libpangocairo-1.0.so.0.3600.3
7ffa1a28c000-7ffa1a28d000 rw-p 0000c000 08:02 1181862                    /usr/lib/x86_64-linux-gnu/libpangocairo-1.0.so.0.3600.3
7ffa1a290000-7ffa1a33d000 r-xp 00000000 08:02 1185800                    /usr/lib/x86_64-linux-gnu/libgdk-x11-2.0.so.0.2400.23
7ffa1a33d000-7ffa1a53c000 ---p 000ad000 08:02 1185800                    /usr/lib/x86_64-linux-gnu/libgdk-x11-2.0.so.0.2400.23
7ffa1a53c000-7ffa1a540000 r--p 000ac000 08:02 1185800                    /usr/lib/x86_64-linux-gnu/libgdk-x11-2.0.so.0.2400.23
7ffa1a540000-7ffa1a542000 rw-p 000b0000 08:02 1185800                    /usr/lib/x86_64-linux-gnu/libgdk-x11-2.0.so.0.2400.23
7ffa1a548000-7ffa1a977000 r-xp 00000000 08:02 1190134                    /usr/lib/x86_64-linux-gnu/libgtk-x11-2.0.so.0.2400.23
7ffa1a977000-7ffa1ab76000 ---p 0042f000 08:02 1190134                    /usr/lib/x86_64-linux-gnu/libgtk-x11-2.0.so.0.2400.23
7ffa1ab76000-7ffa1ab7d000 r--p 0042e000 08:02 1190134                    /usr/lib/x86_64-linux-gnu/libgtk-x11-2.0.so.0.2400.23
7ffa1ab7d000-7ffa1ab81000 rw-p 00435000 08:02 1190134                    /usr/lib/x86_64-linux-gnu/libgtk-x11-2.0.so.0.2400.23
7ffa1ab81000-7ffa1ab84000 rw-p 00000000 00:00 0 
7ffa1ab88000-7ffa1adcf000 r-xp 00000000 08:02 271369                     /tmp/javacpp9603670322080/libopencv_highgui.so.2.4
7ffa1adcf000-7ffa1afcf000 ---p 00247000 08:02 271369                     /tmp/javacpp9603670322080/libopencv_highgui.so.2.4
7ffa1afcf000-7ffa1afd7000 r--p 00247000 08:02 271369                     /tmp/javacpp9603670322080/libopencv_highgui.so.2.4
7ffa1afd7000-7ffa1afe0000 rw-p 0024f000 08:02 271369                     /tmp/javacpp9603670322080/libopencv_highgui.so.2.4
7ffa1afe0000-7ffa1afe8000 rw-p 00000000 00:00 0 
7ffa1afe8000-7ffa1b243000 r-xp 00000000 08:02 271368                     /tmp/javacpp9603670322080/libopencv_imgproc.so.2.4
7ffa1b243000-7ffa1b443000 ---p 0025b000 08:02 271368                     /tmp/javacpp9603670322080/libopencv_imgproc.so.2.4
7ffa1b443000-7ffa1b44a000 r--p 0025b000 08:02 271368                     /tmp/javacpp9603670322080/libopencv_imgproc.so.2.4
7ffa1b44a000-7ffa1b44c000 rw-p 00262000 08:02 271368                     /tmp/javacpp9603670322080/libopencv_imgproc.so.2.4
7ffa1b44c000-7ffa1b4e1000 rw-p 00000000 00:00 0 
7ffa1b4e8000-7ffa1b791000 r-xp 00000000 08:02 271367                     /tmp/javacpp9603670322080/libopencv_core.so.2.4
7ffa1b791000-7ffa1b990000 ---p 002a9000 08:02 271367                     /tmp/javacpp9603670322080/libopencv_core.so.2.4
7ffa1b990000-7ffa1b994000 r--p 002a8000 08:02 271367                     /tmp/javacpp9603670322080/libopencv_core.so.2.4
7ffa1b994000-7ffa1b99d000 rw-p 002ac000 08:02 271367                     /tmp/javacpp9603670322080/libopencv_core.so.2.4
7ffa1b99d000-7ffa1b9a0000 rw-p 00000000 00:00 0 
7ffa1b9a0000-7ffa1b9c9000 r-xp 00000000 08:02 271366                     /tmp/javacpp9603670322080/libtbb.so
7ffa1b9c9000-7ffa1bbc8000 ---p 00029000 08:02 271366                     /tmp/javacpp9603670322080/libtbb.so
7ffa1bbc8000-7ffa1bbca000 r--p 00028000 08:02 271366                     /tmp/javacpp9603670322080/libtbb.so
7ffa1bbca000-7ffa1bbcb000 rw-p 0002a000 08:02 271366                     /tmp/javacpp9603670322080/libtbb.so
7ffa1bbd0000-7ffa1bbf6000 r-xp 00000000 08:02 271365                     /tmp/javacpp9603670322080/libjnifreenect.so
7ffa1bbf6000-7ffa1bdf5000 ---p 00026000 08:02 271365                     /tmp/javacpp9603670322080/libjnifreenect.so
7ffa1bdf5000-7ffa1bdf6000 r--p 00025000 08:02 271365                     /tmp/javacpp9603670322080/libjnifreenect.so
7ffa1bdf6000-7ffa1bdf7000 rw-p 00026000 08:02 271365                     /tmp/javacpp9603670322080/libjnifreenect.so
7ffa1bdf8000-7ffa1bdfb000 r-xp 00000000 08:02 271364                     /tmp/javacpp9603670322080/libfreenect_sync.so
7ffa1bdfb000-7ffa1bffa000 ---p 00003000 08:02 271364                     /tmp/javacpp9603670322080/libfreenect_sync.so
7ffa1bffa000-7ffa1bffb000 r--p 00002000 08:02 271364                     /tmp/javacpp9603670322080/libfreenect_sync.so
7ffa1bffb000-7ffa1bffc000 rw-p 00003000 08:02 271364                     /tmp/javacpp9603670322080/libfreenect_sync.so
7ffa1c000000-7ffa1c021000 rw-p 00000000 00:00 0 
7ffa1c021000-7ffa20000000 ---p 00000000 00:00 0 
7ffa20000000-7ffa200c8000 rw-p 00000000 00:00 0 
7ffa200c8000-7ffa24000000 ---p 00000000 00:00 0 
7ffa24000000-7ffa24021000 rw-p 00000000 00:00 0 
7ffa24021000-7ffa28000000 ---p 00000000 00:00 0 
7ffa28000000-7ffa28021000 rw-p 00000000 00:00 0 
7ffa28021000-7ffa2c000000 ---p 00000000 00:00 0 
7ffa2c000000-7ffa2c001000 r--s 00000000 08:02 2756958                    /var/cache/fontconfig/b9d506c9ac06c20b433354fa67a72993-le64.cache-4
7ffa2c008000-7ffa2c00b000 r--s 00000000 08:02 2756942                    /var/cache/fontconfig/e13b20fdb08344e0e664864cc2ede53d-le64.cache-4
7ffa2c018000-7ffa2c031000 r--s 00000000 08:02 2362844                    /usr/share/fonts/type1/gsfonts/b018012l.pfb
7ffa2c037000-7ffa2c03a000 ---p 00000000 00:00 0 
7ffa2c03a000-7ffa2c138000 rw-p 00000000 00:00 0                          [stack:10716]
7ffa2c138000-7ffa2c146000 r-xp 00000000 08:02 271363                     /tmp/javacpp9603670322080/libfreenect.so
7ffa2c146000-7ffa2c345000 ---p 0000e000 08:02 271363                     /tmp/javacpp9603670322080/libfreenect.so
7ffa2c345000-7ffa2c346000 r--p 0000d000 08:02 271363                     /tmp/javacpp9603670322080/libfreenect.so
7ffa2c346000-7ffa2c347000 rw-p 0000e000 08:02 271363                     /tmp/javacpp9603670322080/libfreenect.so
7ffa2c347000-7ffa2c348000 ---p 00000000 00:00 0 
7ffa2c348000-7ffa2cb48000 rw-p 00000000 00:00 0 
7ffa2cb48000-7ffa2cb9a000 r-xp 00000000 08:02 271362                     /tmp/javacpp9603670322080/libjnidc1394.so
7ffa2cb9a000-7ffa2cd99000 ---p 00052000 08:02 271362                     /tmp/javacpp9603670322080/libjnidc1394.so
7ffa2cd99000-7ffa2cd9a000 r--p 00051000 08:02 271362                     /tmp/javacpp9603670322080/libjnidc1394.so
7ffa2cd9a000-7ffa2cd9b000 rw-p 00052000 08:02 271362                     /tmp/javacpp9603670322080/libjnidc1394.so
7ffa2cda0000-7ffa2cda8000 r-xp 00000000 08:02 1445949                    /lib/x86_64-linux-gnu/libnih-dbus.so.1.0.0
7ffa2cda8000-7ffa2cfa8000 ---p 00008000 08:02 1445949                    /lib/x86_64-linux-gnu/libnih-dbus.so.1.0.0
7ffa2cfa8000-7ffa2cfa9000 r--p 00008000 08:02 1445949                    /lib/x86_64-linux-gnu/libnih-dbus.so.1.0.0
7ffa2cfa9000-7ffa2cfaa000 rw-p 00009000 08:02 1445949                    /lib/x86_64-linux-gnu/libnih-dbus.so.1.0.0
7ffa2cfb0000-7ffa2cfc7000 r-xp 00000000 08:02 1445951                    /lib/x86_64-linux-gnu/libnih.so.1.0.0
7ffa2cfc7000-7ffa2d1c6000 ---p 00017000 08:02 1445951                    /lib/x86_64-linux-gnu/libnih.so.1.0.0
7ffa2d1c6000-7ffa2d1c7000 r--p 00016000 08:02 1445951                    /lib/x86_64-linux-gnu/libnih.so.1.0.0
7ffa2d1c7000-7ffa2d1c8000 rw-p 00017000 08:02 1445951                    /lib/x86_64-linux-gnu/libnih.so.1.0.0
7ffa2d1c8000-7ffa2d1e1000 r-xp 00000000 08:02 1444015                    /lib/x86_64-linux-gnu/libcgmanager.so.0.0.0
7ffa2d1e1000-7ffa2d3e0000 ---p 00019000 08:02 1444015                    /lib/x86_64-linux-gnu/libcgmanager.so.0.0.0
7ffa2d3e0000-7ffa2d3e2000 r--p 00018000 08:02 1444015                    /lib/x86_64-linux-gnu/libcgmanager.so.0.0.0
7ffa2d3e2000-7ffa2d3e3000 rw-p 0001a000 08:02 1444015                    /lib/x86_64-linux-gnu/libcgmanager.so.0.0.0
7ffa2d3e8000-7ffa2d3f8000 r-xp 00000000 08:02 1442754                    /lib/x86_64-linux-gnu/libudev.so.1.3.5
7ffa2d3f8000-7ffa2d5f7000 ---p 00010000 08:02 1442754                    /lib/x86_64-linux-gnu/libudev.so.1.3.5
7ffa2d5f7000-7ffa2d5f8000 r--p 0000f000 08:02 1442754                    /lib/x86_64-linux-gnu/libudev.so.1.3.5
7ffa2d5f8000-7ffa2d5f9000 rw-p 00010000 08:02 1442754                    /lib/x86_64-linux-gnu/libudev.so.1.3.5
7ffa2d600000-7ffa2d615000 r-xp 00000000 08:02 1446041                    /lib/x86_64-linux-gnu/libusb-1.0.so.0.1.0
7ffa2d615000-7ffa2d815000 ---p 00015000 08:02 1446041                    /lib/x86_64-linux-gnu/libusb-1.0.so.0.1.0
7ffa2d815000-7ffa2d816000 r--p 00015000 08:02 1446041                    /lib/x86_64-linux-gnu/libusb-1.0.so.0.1.0
7ffa2d816000-7ffa2d817000 rw-p 00016000 08:02 1446041                    /lib/x86_64-linux-gnu/libusb-1.0.so.0.1.0
7ffa2d818000-7ffa2d825000 r-xp 00000000 08:02 1188844                    /usr/lib/x86_64-linux-gnu/libraw1394.so.11.1.0
7ffa2d825000-7ffa2da24000 ---p 0000d000 08:02 1188844                    /usr/lib/x86_64-linux-gnu/libraw1394.so.11.1.0
7ffa2da24000-7ffa2da25000 r--p 0000c000 08:02 1188844                    /usr/lib/x86_64-linux-gnu/libraw1394.so.11.1.0
7ffa2da25000-7ffa2da26000 rw-p 0000d000 08:02 1188844                    /usr/lib/x86_64-linux-gnu/libraw1394.so.11.1.0
7ffa2da28000-7ffa2da5b000 r-xp 00000000 08:02 271361                     /tmp/javacpp9603670322080/libdc1394.so.22
7ffa2da5b000-7ffa2dc5b000 ---p 00033000 08:02 271361                     /tmp/javacpp9603670322080/libdc1394.so.22
7ffa2dc5b000-7ffa2dc5c000 r--p 00033000 08:02 271361                     /tmp/javacpp9603670322080/libdc1394.so.22
7ffa2dc5c000-7ffa2dc5d000 rw-p 00034000 08:02 271361                     /tmp/javacpp9603670322080/libdc1394.so.22
7ffa2dc5d000-7ffa2dc9d000 rw-p 00000000 00:00 0 
7ffa2dc9f000-7ffa2dcd0000 rw-p 00000000 00:00 0 
7ffa2dcd0000-7ffa2dce7000 r-xp 00000000 08:02 1317766                    /usr/lib/jvm/java-7-openjdk-amd64/jre/lib/amd64/libnet.so
7ffa2dce7000-7ffa2dee6000 ---p 00017000 08:02 1317766                    /usr/lib/jvm/java-7-openjdk-amd64/jre/lib/amd64/libnet.so
7ffa2dee6000-7ffa2dee7000 r--p 00016000 08:02 1317766                    /usr/lib/jvm/java-7-openjdk-amd64/jre/lib/amd64/libnet.so
7ffa2dee7000-7ffa2dee8000 rw-p 00017000 08:02 1317766                    /usr/lib/jvm/java-7-openjdk-amd64/jre/lib/amd64/libnet.so
7ffa2dee8000-7ffa2def8000 r-xp 00000000 08:02 1317771                    /usr/lib/jvm/java-7-openjdk-amd64/jre/lib/amd64/libnio.so
7ffa2def8000-7ffa2e0f8000 ---p 00010000 08:02 1317771                    /usr/lib/jvm/java-7-openjdk-amd64/jre/lib/amd64/libnio.so
7ffa2e0f8000-7ffa2e0f9000 r--p 00010000 08:02 1317771                    /usr/lib/jvm/java-7-openjdk-amd64/jre/lib/amd64/libnio.so
7ffa2e0f9000-7ffa2e0fa000 rw-p 00011000 08:02 1317771                    /usr/lib/jvm/java-7-openjdk-amd64/jre/lib/amd64/libnio.so
7ffa2e0fe000-7ffa2e101000 ---p 00000000 00:00 0 
7ffa2e101000-7ffa2e1ff000 rw-p 00000000 00:00 0                          [stack:10733]
7ffa2e1ff000-7ffa2e202000 ---p 00000000 00:00 0 
7ffa2e202000-7ffa2e300000 rw-p 00000000 00:00 0                          [stack:10711]
7ffa2e300000-7ffa2e305000 r-xp 00000000 08:02 1185797                    /usr/lib/x86_64-linux-gnu/libXfixes.so.3.1.0
7ffa2e305000-7ffa2e504000 ---p 00005000 08:02 1185797                    /usr/lib/x86_64-linux-gnu/libXfixes.so.3.1.0
7ffa2e504000-7ffa2e505000 r--p 00004000 08:02 1185797                    /usr/lib/x86_64-linux-gnu/libXfixes.so.3.1.0
7ffa2e505000-7ffa2e506000 rw-p 00005000 08:02 1185797                    /usr/lib/x86_64-linux-gnu/libXfixes.so.3.1.0
7ffa2e508000-7ffa2e511000 r-xp 00000000 08:02 1187924                    /usr/lib/x86_64-linux-gnu/libXcursor.so.1.0.2
7ffa2e511000-7ffa2e710000 ---p 00009000 08:02 1187924                    /usr/lib/x86_64-linux-gnu/libXcursor.so.1.0.2
7ffa2e710000-7ffa2e711000 r--p 00008000 08:02 1187924                    /usr/lib/x86_64-linux-gnu/libXcursor.so.1.0.2
7ffa2e711000-7ffa2e712000 rw-p 00009000 08:02 1187924                    /usr/lib/x86_64-linux-gnu/libXcursor.so.1.0.2
7ffa2e717000-7ffa2e71a000 ---p 00000000 00:00 0 
7ffa2e71a000-7ffa2e818000 rw-p 00000000 00:00 0                          [stack:10710]
7ffa2e818000-7ffa2e81c000 r-xp 00000000 08:02 1445919                    /lib/x86_64-linux-gnu/libgpg-error.so.0.10.0
7ffa2e81c000-7ffa2ea1b000 ---p 00004000 08:02 1445919                    /lib/x86_64-linux-gnu/libgpg-error.so.0.10.0
7ffa2ea1b000-7ffa2ea1c000 r--p 00003000 08:02 1445919                    /lib/x86_64-linux-gnu/libgpg-error.so.0.10.0
7ffa2ea1c000-7ffa2ea1d000 rw-p 00004000 08:02 1445919                    /lib/x86_64-linux-gnu/libgpg-error.so.0.10.0
7ffa2ea20000-7ffa2ea22000 r-xp 00000000 08:02 1445929                    /lib/x86_64-linux-gnu/libkeyutils.so.1.4
7ffa2ea22000-7ffa2ec22000 ---p 00002000 08:02 1445929                    /lib/x86_64-linux-gnu/libkeyutils.so.1.4
7ffa2ec22000-7ffa2ec23000 r--p 00002000 08:02 1445929                    /lib/x86_64-linux-gnu/libkeyutils.so.1.4
7ffa2ec23000-7ffa2ec24000 rw-p 00003000 08:02 1445929                    /lib/x86_64-linux-gnu/libkeyutils.so.1.4
7ffa2ec28000-7ffa2ec65000 r-xp 00000000 08:02 1445990                    /lib/x86_64-linux-gnu/libpcre.so.3.13.1
7ffa2ec65000-7ffa2ee64000 ---p 0003d000 08:02 1445990                    /lib/x86_64-linux-gnu/libpcre.so.3.13.1
7ffa2ee64000-7ffa2ee65000 r--p 0003c000 08:02 1445990                    /lib/x86_64-linux-gnu/libpcre.so.3.13.1
7ffa2ee65000-7ffa2ee66000 rw-p 0003d000 08:02 1445990                    /lib/x86_64-linux-gnu/libpcre.so.3.13.1
7ffa2ee68000-7ffa2ee8d000 r-xp 00000000 08:02 1446002                    /lib/x86_64-linux-gnu/libpng12.so.0.50.0
7ffa2ee8d000-7ffa2f08c000 ---p 00025000 08:02 1446002                    /lib/x86_64-linux-gnu/libpng12.so.0.50.0
7ffa2f08c000-7ffa2f08d000 r--p 00024000 08:02 1446002                    /lib/x86_64-linux-gnu/libpng12.so.0.50.0
7ffa2f08d000-7ffa2f08e000 rw-p 00025000 08:02 1446002                    /lib/x86_64-linux-gnu/libpng12.so.0.50.0
7ffa2f090000-7ffa2f0d4000 r-xp 00000000 08:02 1444769                    /lib/x86_64-linux-gnu/libdbus-1.so.3.7.6
7ffa2f0d4000-7ffa2f2d3000 ---p 00044000 08:02 1444769                    /lib/x86_64-linux-gnu/libdbus-1.so.3.7.6
7ffa2f2d3000-7ffa2f2d4000 r--p 00043000 08:02 1444769                    /lib/x86_64-linux-gnu/libdbus-1.so.3.7.6
7ffa2f2d4000-7ffa2f2d5000 rw-p 00044000 08:02 1444769                    /lib/x86_64-linux-gnu/libdbus-1.so.3.7.6
7ffa2f2d8000-7ffa2f313000 r-xp 00000000 08:02 1188762                    /usr/lib/x86_64-linux-gnu/libp11-kit.so.0.0.0
7ffa2f313000-7ffa2f512000 ---p 0003b000 08:02 1188762                    /usr/lib/x86_64-linux-gnu/libp11-kit.so.0.0.0
7ffa2f512000-7ffa2f518000 r--p 0003a000 08:02 1188762                    /usr/lib/x86_64-linux-gnu/libp11-kit.so.0.0.0
7ffa2f518000-7ffa2f51a000 rw-p 00040000 08:02 1188762                    /usr/lib/x86_64-linux-gnu/libp11-kit.so.0.0.0
7ffa2f520000-7ffa2f532000 r-xp 00000000 08:02 1190002                    /usr/lib/x86_64-linux-gnu/libtasn1.so.6.2.0
7ffa2f532000-7ffa2f732000 ---p 00012000 08:02 1190002                    /usr/lib/x86_64-linux-gnu/libtasn1.so.6.2.0
7ffa2f732000-7ffa2f733000 r--p 00012000 08:02 1190002                    /usr/lib/x86_64-linux-gnu/libtasn1.so.6.2.0
7ffa2f733000-7ffa2f734000 rw-p 00013000 08:02 1190002                    /usr/lib/x86_64-linux-gnu/libtasn1.so.6.2.0
7ffa2f738000-7ffa2f7b4000 r-xp 00000000 08:02 1443002                    /lib/x86_64-linux-gnu/libgcrypt.so.11.8.2
7ffa2f7b4000-7ffa2f9b4000 ---p 0007c000 08:02 1443002                    /lib/x86_64-linux-gnu/libgcrypt.so.11.8.2
7ffa2f9b4000-7ffa2f9b5000 r--p 0007c000 08:02 1443002                    /lib/x86_64-linux-gnu/libgcrypt.so.11.8.2
7ffa2f9b5000-7ffa2f9b8000 rw-p 0007d000 08:02 1443002                    /lib/x86_64-linux-gnu/libgcrypt.so.11.8.2
7ffa2f9b8000-7ffa2f9c2000 r-xp 00000000 08:02 1185597                    /usr/lib/x86_64-linux-gnu/libkrb5support.so.0.1
7ffa2f9c2000-7ffa2fbc1000 ---p 0000a000 08:02 1185597                    /usr/lib/x86_64-linux-gnu/libkrb5support.so.0.1
7ffa2fbc1000-7ffa2fbc2000 r--p 00009000 08:02 1185597                    /usr/lib/x86_64-linux-gnu/libkrb5support.so.0.1
7ffa2fbc2000-7ffa2fbc3000 rw-p 0000a000 08:02 1185597                    /usr/lib/x86_64-linux-gnu/libkrb5support.so.0.1
7ffa2fbc8000-7ffa2fbcb000 r-xp 00000000 08:02 1444828                    /lib/x86_64-linux-gnu/libcom_err.so.2.1
7ffa2fbcb000-7ffa2fdca000 ---p 00003000 08:02 1444828                    /lib/x86_64-linux-gnu/libcom_err.so.2.1
7ffa2fdca000-7ffa2fdcb000 r--p 00002000 08:02 1444828                    /lib/x86_64-linux-gnu/libcom_err.so.2.1
7ffa2fdcb000-7ffa2fdcc000 rw-p 00003000 08:02 1444828                    /lib/x86_64-linux-gnu/libcom_err.so.2.1
7ffa2fdd0000-7ffa2fdfc000 r-xp 00000000 08:02 1180183                    /usr/lib/x86_64-linux-gnu/libk5crypto.so.3.1
7ffa2fdfc000-7ffa2fffb000 ---p 0002c000 08:02 1180183                    /usr/lib/x86_64-linux-gnu/libk5crypto.so.3.1
7ffa2fffb000-7ffa2fffd000 r--p 0002b000 08:02 1180183                    /usr/lib/x86_64-linux-gnu/libk5crypto.so.3.1
7ffa2fffd000-7ffa2fffe000 rw-p 0002d000 08:02 1180183                    /usr/lib/x86_64-linux-gnu/libk5crypto.so.3.1
7ffa2fffe000-7ffa2ffff000 rw-p 00000000 00:00 0 
7ffa30000000-7ffa30021000 rw-p 00000000 00:00 0 
7ffa30021000-7ffa34000000 ---p 00000000 00:00 0 
7ffa34000000-7ffa347aa000 rw-p 00000000 00:00 0 
7ffa347aa000-7ffa38000000 ---p 00000000 00:00 0 
7ffa38000000-7ffa38001000 r--s 00000000 08:02 2756953                    /var/cache/fontconfig/0c9eb80ebd1c36541ebe2852d3bb0c49-le64.cache-4
7ffa38008000-7ffa3800c000 r--s 00000000 08:02 2756952                    /var/cache/fontconfig/7ef2298fde41cc6eeb7af42e48b7d293-le64.cache-4
7ffa38010000-7ffa380cc000 r-xp 00000000 08:02 1185595                    /usr/lib/x86_64-linux-gnu/libkrb5.so.3.3
7ffa380cc000-7ffa382cc000 ---p 000bc000 08:02 1185595                    /usr/lib/x86_64-linux-gnu/libkrb5.so.3.3
7ffa382cc000-7ffa382d9000 r--p 000bc000 08:02 1185595                    /usr/lib/x86_64-linux-gnu/libkrb5.so.3.3
7ffa382d9000-7ffa382db000 rw-p 000c9000 08:02 1185595                    /usr/lib/x86_64-linux-gnu/libkrb5.so.3.3
7ffa382e0000-7ffa382e5000 r-xp 00000000 08:02 1187928                    /usr/lib/x86_64-linux-gnu/libXdmcp.so.6.0.0
7ffa382e5000-7ffa384e4000 ---p 00005000 08:02 1187928                    /usr/lib/x86_64-linux-gnu/libXdmcp.so.6.0.0
7ffa384e4000-7ffa384e5000 r--p 00004000 08:02 1187928                    /usr/lib/x86_64-linux-gnu/libXdmcp.so.6.0.0
7ffa384e5000-7ffa384e6000 rw-p 00005000 08:02 1187928                    /usr/lib/x86_64-linux-gnu/libXdmcp.so.6.0.0
7ffa384e8000-7ffa384ea000 r-xp 00000000 08:02 1187917                    /usr/lib/x86_64-linux-gnu/libXau.so.6.0.0
7ffa384ea000-7ffa386ea000 ---p 00002000 08:02 1187917                    /usr/lib/x86_64-linux-gnu/libXau.so.6.0.0
7ffa386ea000-7ffa386eb000 r--p 00002000 08:02 1187917                    /usr/lib/x86_64-linux-gnu/libXau.so.6.0.0
7ffa386eb000-7ffa386ec000 rw-p 00003000 08:02 1187917                    /usr/lib/x86_64-linux-gnu/libXau.so.6.0.0
7ffa386f0000-7ffa386f7000 r-xp 00000000 08:02 1188226                    /usr/lib/x86_64-linux-gnu/libffi.so.6.0.1
7ffa386f7000-7ffa388f6000 ---p 00007000 08:02 1188226                    /usr/lib/x86_64-linux-gnu/libffi.so.6.0.1
7ffa388f6000-7ffa388f7000 r--p 00006000 08:02 1188226                    /usr/lib/x86_64-linux-gnu/libffi.so.6.0.1
7ffa388f7000-7ffa388f8000 rw-p 00007000 08:02 1188226                    /usr/lib/x86_64-linux-gnu/libffi.so.6.0.1
7ffa388f8000-7ffa3890f000 r-xp 00000000 08:02 1441817                    /lib/x86_64-linux-gnu/libresolv-2.19.so
7ffa3890f000-7ffa38b0f000 ---p 00017000 08:02 1441817                    /lib/x86_64-linux-gnu/libresolv-2.19.so
7ffa38b0f000-7ffa38b10000 r--p 00017000 08:02 1441817                    /lib/x86_64-linux-gnu/libresolv-2.19.so
7ffa38b10000-7ffa38b11000 rw-p 00018000 08:02 1441817                    /lib/x86_64-linux-gnu/libresolv-2.19.so
7ffa38b11000-7ffa38b13000 rw-p 00000000 00:00 0 
7ffa38b18000-7ffa38b38000 r-xp 00000000 08:02 1441806                    /lib/x86_64-linux-gnu/libselinux.so.1
7ffa38b38000-7ffa38d37000 ---p 00020000 08:02 1441806                    /lib/x86_64-linux-gnu/libselinux.so.1
7ffa38d37000-7ffa38d38000 r--p 0001f000 08:02 1441806                    /lib/x86_64-linux-gnu/libselinux.so.1
7ffa38d38000-7ffa38d39000 rw-p 00020000 08:02 1441806                    /lib/x86_64-linux-gnu/libselinux.so.1
7ffa38d39000-7ffa38d3b000 rw-p 00000000 00:00 0 
7ffa38d40000-7ffa38e46000 r-xp 00000000 08:02 1443043                    /lib/x86_64-linux-gnu/libglib-2.0.so.0.4002.0
7ffa38e46000-7ffa39045000 ---p 00106000 08:02 1443043                    /lib/x86_64-linux-gnu/libglib-2.0.so.0.4002.0
7ffa39045000-7ffa39046000 r--p 00105000 08:02 1443043                    /lib/x86_64-linux-gnu/libglib-2.0.so.0.4002.0
7ffa39046000-7ffa39047000 rw-p 00106000 08:02 1443043                    /lib/x86_64-linux-gnu/libglib-2.0.so.0.4002.0
7ffa39047000-7ffa39048000 rw-p 00000000 00:00 0 
7ffa39048000-7ffa3904b000 r-xp 00000000 08:02 1181655                    /usr/lib/x86_64-linux-gnu/libgmodule-2.0.so.0.4002.0
7ffa3904b000-7ffa3924a000 ---p 00003000 08:02 1181655                    /usr/lib/x86_64-linux-gnu/libgmodule-2.0.so.0.4002.0
7ffa3924a000-7ffa3924b000 r--p 00002000 08:02 1181655                    /usr/lib/x86_64-linux-gnu/libgmodule-2.0.so.0.4002.0
7ffa3924b000-7ffa3924c000 rw-p 00003000 08:02 1181655                    /usr/lib/x86_64-linux-gnu/libgmodule-2.0.so.0.4002.0
7ffa39250000-7ffa39277000 r-xp 00000000 08:02 1445908                    /lib/x86_64-linux-gnu/libexpat.so.1.6.0
7ffa39277000-7ffa39477000 ---p 00027000 08:02 1445908                    /lib/x86_64-linux-gnu/libexpat.so.1.6.0
7ffa39477000-7ffa39479000 r--p 00027000 08:02 1445908                    /lib/x86_64-linux-gnu/libexpat.so.1.6.0
7ffa39479000-7ffa3947a000 rw-p 00029000 08:02 1445908                    /lib/x86_64-linux-gnu/libexpat.so.1.6.0
7ffa39480000-7ffa3951d000 r-xp 00000000 08:02 1180395                    /usr/lib/x86_64-linux-gnu/libfreetype.so.6.11.1
7ffa3951d000-7ffa3971c000 ---p 0009d000 08:02 1180395                    /usr/lib/x86_64-linux-gnu/libfreetype.so.6.11.1
7ffa3971c000-7ffa39722000 r--p 0009c000 08:02 1180395                    /usr/lib/x86_64-linux-gnu/libfreetype.so.6.11.1
7ffa39722000-7ffa39723000 rw-p 000a2000 08:02 1180395                    /usr/lib/x86_64-linux-gnu/libfreetype.so.6.11.1
7ffa39728000-7ffa39737000 r-xp 00000000 08:02 1188021                    /usr/lib/x86_64-linux-gnu/libavahi-client.so.3.2.9
7ffa39737000-7ffa39937000 ---p 0000f000 08:02 1188021                    /usr/lib/x86_64-linux-gnu/libavahi-client.so.3.2.9
7ffa39937000-7ffa39938000 r--p 0000f000 08:02 1188021                    /usr/lib/x86_64-linux-gnu/libavahi-client.so.3.2.9
7ffa39938000-7ffa39939000 rw-p 00010000 08:02 1188021                    /usr/lib/x86_64-linux-gnu/libavahi-client.so.3.2.9
7ffa39940000-7ffa3994b000 r-xp 00000000 08:02 1188023                    /usr/lib/x86_64-linux-gnu/libavahi-common.so.3.5.3
7ffa3994b000-7ffa39b4a000 ---p 0000b000 08:02 1188023                    /usr/lib/x86_64-linux-gnu/libavahi-common.so.3.5.3
7ffa39b4a000-7ffa39b4b000 r--p 0000a000 08:02 1188023                    /usr/lib/x86_64-linux-gnu/libavahi-common.so.3.5.3
7ffa39b4b000-7ffa39b4c000 rw-p 0000b000 08:02 1188023                    /usr/lib/x86_64-linux-gnu/libavahi-common.so.3.5.3
7ffa39b50000-7ffa39c06000 r-xp 00000000 08:02 1183583                    /usr/lib/x86_64-linux-gnu/libgnutls.so.26.22.6
7ffa39c06000-7ffa39e06000 ---p 000b6000 08:02 1183583                    /usr/lib/x86_64-linux-gnu/libgnutls.so.26.22.6
7ffa39e06000-7ffa39e0c000 r--p 000b6000 08:02 1183583                    /usr/lib/x86_64-linux-gnu/libgnutls.so.26.22.6
7ffa39e0c000-7ffa39e0d000 rw-p 000bc000 08:02 1183583                    /usr/lib/x86_64-linux-gnu/libgnutls.so.26.22.6
7ffa39e0d000-7ffa39e0e000 rw-p 00000000 00:00 0 
7ffa39e10000-7ffa39e53000 r-xp 00000000 08:02 1182323                    /usr/lib/x86_64-linux-gnu/libgssapi_krb5.so.2.2
7ffa39e53000-7ffa3a053000 ---p 00043000 08:02 1182323                    /usr/lib/x86_64-linux-gnu/libgssapi_krb5.so.2.2
7ffa3a053000-7ffa3a054000 r--p 00043000 08:02 1182323                    /usr/lib/x86_64-linux-gnu/libgssapi_krb5.so.2.2
7ffa3a054000-7ffa3a056000 rw-p 00044000 08:02 1182323                    /usr/lib/x86_64-linux-gnu/libgssapi_krb5.so.2.2
7ffa3a058000-7ffa3a075000 r-xp 00000000 08:02 1189092                    /usr/lib/x86_64-linux-gnu/libxcb.so.1.1.0
7ffa3a075000-7ffa3a275000 ---p 0001d000 08:02 1189092                    /usr/lib/x86_64-linux-gnu/libxcb.so.1.1.0
7ffa3a275000-7ffa3a276000 r--p 0001d000 08:02 1189092                    /usr/lib/x86_64-linux-gnu/libxcb.so.1.1.0
7ffa3a276000-7ffa3a277000 rw-p 0001e000 08:02 1189092                    /usr/lib/x86_64-linux-gnu/libxcb.so.1.1.0
7ffa3a278000-7ffa3a2c7000 r-xp 00000000 08:02 1181657                    /usr/lib/x86_64-linux-gnu/libgobject-2.0.so.0.4002.0
7ffa3a2c7000-7ffa3a4c7000 ---p 0004f000 08:02 1181657                    /usr/lib/x86_64-linux-gnu/libgobject-2.0.so.0.4002.0
7ffa3a4c7000-7ffa3a4c8000 r--p 0004f000 08:02 1181657                    /usr/lib/x86_64-linux-gnu/libgobject-2.0.so.0.4002.0
7ffa3a4c8000-7ffa3a4c9000 rw-p 00050000 08:02 1181657                    /usr/lib/x86_64-linux-gnu/libgobject-2.0.so.0.4002.0
7ffa3a4d0000-7ffa3a63c000 r-xp 00000000 08:02 1181661                    /usr/lib/x86_64-linux-gnu/libgio-2.0.so.0.4002.0
7ffa3a63c000-7ffa3a83b000 ---p 0016c000 08:02 1181661                    /usr/lib/x86_64-linux-gnu/libgio-2.0.so.0.4002.0
7ffa3a83b000-7ffa3a83f000 r--p 0016b000 08:02 1181661                    /usr/lib/x86_64-linux-gnu/libgio-2.0.so.0.4002.0
7ffa3a83f000-7ffa3a841000 rw-p 0016f000 08:02 1181661                    /usr/lib/x86_64-linux-gnu/libgio-2.0.so.0.4002.0
7ffa3a841000-7ffa3a843000 rw-p 00000000 00:00 0 
7ffa3a848000-7ffa3a882000 r-xp 00000000 08:02 1196543                    /usr/lib/x86_64-linux-gnu/libfontconfig.so.1.8.0
7ffa3a882000-7ffa3aa81000 ---p 0003a000 08:02 1196543                    /usr/lib/x86_64-linux-gnu/libfontconfig.so.1.8.0
7ffa3aa81000-7ffa3aa83000 r--p 00039000 08:02 1196543                    /usr/lib/x86_64-linux-gnu/libfontconfig.so.1.8.0
7ffa3aa83000-7ffa3aa84000 rw-p 0003b000 08:02 1196543                    /usr/lib/x86_64-linux-gnu/libfontconfig.so.1.8.0
7ffa3aa88000-7ffa3aaf4000 r-xp 00000000 08:02 1180391                    /usr/lib/x86_64-linux-gnu/libcups.so.2
7ffa3aaf4000-7ffa3acf4000 ---p 0006c000 08:02 1180391                    /usr/lib/x86_64-linux-gnu/libcups.so.2
7ffa3acf4000-7ffa3acfb000 r--p 0006c000 08:02 1180391                    /usr/lib/x86_64-linux-gnu/libcups.so.2
7ffa3acfb000-7ffa3acfc000 rw-p 00073000 08:02 1180391                    /usr/lib/x86_64-linux-gnu/libcups.so.2
7ffa3ad00000-7ffa3ad0f000 r-xp 00000000 08:02 1188440                    /usr/lib/x86_64-linux-gnu/libXi.so.6.1.0
7ffa3ad0f000-7ffa3af0e000 ---p 0000f000 08:02 1188440                    /usr/lib/x86_64-linux-gnu/libXi.so.6.1.0
7ffa3af0e000-7ffa3af0f000 r--p 0000e000 08:02 1188440                    /usr/lib/x86_64-linux-gnu/libXi.so.6.1.0
7ffa3af0f000-7ffa3af10000 rw-p 0000f000 08:02 1188440                    /usr/lib/x86_64-linux-gnu/libXi.so.6.1.0
7ffa3af10000-7ffa3af15000 r-xp 00000000 08:02 1187956                    /usr/lib/x86_64-linux-gnu/libXtst.so.6.1.0
7ffa3af15000-7ffa3b114000 ---p 00005000 08:02 1187956                    /usr/lib/x86_64-linux-gnu/libXtst.so.6.1.0
7ffa3b114000-7ffa3b115000 r--p 00004000 08:02 1187956                    /usr/lib/x86_64-linux-gnu/libXtst.so.6.1.0
7ffa3b115000-7ffa3b116000 rw-p 00005000 08:02 1187956                    /usr/lib/x86_64-linux-gnu/libXtst.so.6.1.0
7ffa3b118000-7ffa3b121000 r-xp 00000000 08:02 1190129                    /usr/lib/x86_64-linux-gnu/libXrender.so.1.3.0
7ffa3b121000-7ffa3b320000 ---p 00009000 08:02 1190129                    /usr/lib/x86_64-linux-gnu/libXrender.so.1.3.0
7ffa3b320000-7ffa3b321000 r--p 00008000 08:02 1190129                    /usr/lib/x86_64-linux-gnu/libXrender.so.1.3.0
7ffa3b321000-7ffa3b322000 rw-p 00009000 08:02 1190129                    /usr/lib/x86_64-linux-gnu/libXrender.so.1.3.0
7ffa3b328000-7ffa3b458000 r-xp 00000000 08:02 1187913                    /usr/lib/x86_64-linux-gnu/libX11.so.6.3.0
7ffa3b458000-7ffa3b658000 ---p 00130000 08:02 1187913                    /usr/lib/x86_64-linux-gnu/libX11.so.6.3.0
7ffa3b658000-7ffa3b659000 r--p 00130000 08:02 1187913                    /usr/lib/x86_64-linux-gnu/libX11.so.6.3.0
7ffa3b659000-7ffa3b65d000 rw-p 00131000 08:02 1187913                    /usr/lib/x86_64-linux-gnu/libX11.so.6.3.0
7ffa3b660000-7ffa3b671000 r-xp 00000000 08:02 1190118                    /usr/lib/x86_64-linux-gnu/libXext.so.6.4.0
7ffa3b671000-7ffa3b870000 ---p 00011000 08:02 1190118                    /usr/lib/x86_64-linux-gnu/libXext.so.6.4.0
7ffa3b870000-7ffa3b871000 r--p 00010000 08:02 1190118                    /usr/lib/x86_64-linux-gnu/libXext.so.6.4.0
7ffa3b871000-7ffa3b872000 rw-p 00011000 08:02 1190118                    /usr/lib/x86_64-linux-gnu/libXext.so.6.4.0
7ffa3b875000-7ffa3b87a000 r--s 0004d000 08:02 1310924                    /usr/lib/jvm/java-7-openjdk-amd64/jre/lib/jsse.jar
7ffa3b880000-7ffa3b890000 r--s 00000000 08:02 2362835                    /usr/share/fonts/type1/gsfonts/a010015l.pfb
7ffa3b890000-7ffa3b897000 r--s 00000000 08:02 1713734                    /usr/lib/x86_64-linux-gnu/gconv/gconv-modules.cache
7ffa3b898000-7ffa3b8e0000 r-xp 00000000 08:02 1311229                    /usr/lib/jvm/java-7-openjdk-amd64/jre/lib/amd64/xawt/libmawt.so
7ffa3b8e0000-7ffa3badf000 ---p 00048000 08:02 1311229                    /usr/lib/jvm/java-7-openjdk-amd64/jre/lib/amd64/xawt/libmawt.so
7ffa3badf000-7ffa3bae0000 r--p 00047000 08:02 1311229                    /usr/lib/jvm/java-7-openjdk-amd64/jre/lib/amd64/xawt/libmawt.so
7ffa3bae0000-7ffa3bae3000 rw-p 00048000 08:02 1311229                    /usr/lib/jvm/java-7-openjdk-amd64/jre/lib/amd64/xawt/libmawt.so
7ffa3bae3000-7ffa3bae4000 rw-p 00000000 00:00 0 
7ffa3bae8000-7ffa3bb88000 r-xp 00000000 08:02 1317752                    /usr/lib/jvm/java-7-openjdk-amd64/jre/lib/amd64/libawt.so
7ffa3bb88000-7ffa3bd88000 ---p 000a0000 08:02 1317752                    /usr/lib/jvm/java-7-openjdk-amd64/jre/lib/amd64/libawt.so
7ffa3bd88000-7ffa3bd89000 r--p 000a0000 08:02 1317752                    /usr/lib/jvm/java-7-openjdk-amd64/jre/lib/amd64/libawt.so
7ffa3bd89000-7ffa3bd94000 rw-p 000a1000 08:02 1317752                    /usr/lib/jvm/java-7-openjdk-amd64/jre/lib/amd64/libawt.so
7ffa3bd94000-7ffa3bdb9000 rw-p 00000000 00:00 0 
7ffa3bdbe000-7ffa3bdc8000 r--s 000ae000 08:02 1310920                    /usr/lib/jvm/java-7-openjdk-amd64/jre/lib/resources.jar
7ffa3bdce000-7ffa3bdd2000 r--s 000a6000 08:02 2901832                    /home/xrousakis/.m2/repository/net/java/dev/jna/jna/3.5.1/jna-3.5.1.jar
7ffa3bdd3000-7ffa3bdd5000 r--s 0000b000 08:02 2105256                    /home/xrousakis/.m2/repository/com/github/tulskiy/jkeymaster/1.1/jkeymaster-1.1.jar
7ffa3bdd9000-7ffa3bddb000 r--s 00029000 08:02 2244940                    /home/xrousakis/.m2/repository/org/bytedeco/javacpp-presets/artoolkitplus/2.3.0-0.8/artoolkitplus-2.3.0-0.8-linux-x86_64.jar
7ffa3bde0000-7ffa3bde1000 r--s 00000000 08:02 2244936                    /home/xrousakis/.m2/repository/org/bytedeco/javacpp-presets/videoinput/0.200-0.8/videoinput-0.200-0.8-linux-x86_64.jar
7ffa3bde2000-7ffa3bde4000 r--s 00012000 08:02 2244934                    /home/xrousakis/.m2/repository/org/bytedeco/javacpp-presets/libfreenect/0.4-0.8/libfreenect-0.4-0.8-linux-x86_64.jar
7ffa3bde7000-7ffa3bde8000 r--s 00027000 08:02 2244931                    /home/xrousakis/.m2/repository/org/bytedeco/javacpp-presets/libdc1394/2.2.2-0.8/libdc1394-2.2.2-0.8-linux-x86_64.jar
7ffa3bde8000-7ffa3bde9000 r--s 00000000 08:02 2244929                    /home/xrousakis/.m2/repository/org/bytedeco/javacpp-presets/flycapture/1.7.17-0.8/flycapture-1.7.17-0.8-linux-x86_64.jar
7ffa3bdef000-7ffa3bdf1000 r--s 0061f000 08:02 2244944                    /home/xrousakis/.m2/repository/org/bytedeco/javacpp-presets/ffmpeg/2.2.1-0.8/ffmpeg-2.2.1-0.8-linux-x86_64.jar
7ffa3bdf5000-7ffa3bdf7000 r--s 00785000 08:02 2244956                    /home/xrousakis/.m2/repository/org/bytedeco/javacpp-presets/opencv/2.4.9-0.8/opencv-2.4.9-0.8-linux-x86_64.jar
7ffa3bdfe000-7ffa3bdff000 ---p 00000000 00:00 0 
7ffa3bdff000-7ffa3beff000 rw-p 00000000 00:00 0                          [stack:10709]
7ffa3beff000-7ffa3bf02000 ---p 00000000 00:00 0 
7ffa3bf02000-7ffa3c000000 rw-p 00000000 00:00 0                          [stack:10708]
7ffa3c000000-7ffa3c021000 rw-p 00000000 00:00 0 
7ffa3c021000-7ffa40000000 ---p 00000000 00:00 0 
7ffa40000000-7ffa40b88000 rw-p 00000000 00:00 0 
7ffa40b88000-7ffa44000000 ---p 00000000 00:00 0 
7ffa44000000-7ffa44021000 rw-p 00000000 00:00 0 
7ffa44021000-7ffa48000000 ---p 00000000 00:00 0 
7ffa48000000-7ffa48021000 rw-p 00000000 00:00 0 
7ffa48021000-7ffa4c000000 ---p 00000000 00:00 0 
7ffa4c000000-7ffa4c0f9000 rw-p 00000000 00:00 0 
7ffa4c0f9000-7ffa50000000 ---p 00000000 00:00 0 
7ffa50000000-7ffa50021000 rw-p 00000000 00:00 0 
7ffa50021000-7ffa54000000 ---p 00000000 00:00 0 
7ffa54005000-7ffa54006000 r--s 00005000 08:02 2244924                    /home/xrousakis/.m2/repository/org/bytedeco/javacpp-presets/artoolkitplus/2.3.0-0.8/artoolkitplus-2.3.0-0.8.jar
7ffa5400c000-7ffa5400e000 r--s 00004000 08:02 2244920                    /home/xrousakis/.m2/repository/org/bytedeco/javacpp-presets/libfreenect/0.4-0.8/libfreenect-0.4-0.8.jar
7ffa5400e000-7ffa54010000 r--s 00006000 08:02 2244916                    /home/xrousakis/.m2/repository/org/bytedeco/javacpp-presets/libdc1394/2.2.2-0.8/libdc1394-2.2.2-0.8.jar
7ffa54014000-7ffa54016000 r--s 00004000 08:02 2244911                    /home/xrousakis/.m2/repository/org/bytedeco/javacpp-presets/flycapture/1.7.17-0.8/flycapture-1.7.17-0.8.jar
7ffa5401d000-7ffa54020000 ---p 00000000 00:00 0 
7ffa54020000-7ffa5411e000 rw-p 00000000 00:00 0                          [stack:10707]
7ffa5411e000-7ffa54121000 ---p 00000000 00:00 0 
7ffa54121000-7ffa5421f000 rw-p 00000000 00:00 0                          [stack:10706]
7ffa5421f000-7ffa54222000 ---p 00000000 00:00 0 
7ffa54222000-7ffa58000000 rw-p 00000000 00:00 0                          [stack:10705]
7ffa58000000-7ffa58021000 rw-p 00000000 00:00 0 
7ffa58021000-7ffa5c000000 ---p 00000000 00:00 0 
7ffa5c006000-7ffa5c00c000 r--s 0002e000 08:02 2244912                    /home/xrousakis/.m2/repository/org/bytedeco/javacpp-presets/ffmpeg/2.2.1-0.8/ffmpeg-2.2.1-0.8.jar
7ffa5c012000-7ffa5c024000 r--s 000b2000 08:02 2244913                    /home/xrousakis/.m2/repository/org/bytedeco/javacpp-presets/opencv/2.4.9-0.8/opencv-2.4.9-0.8.jar
7ffa5c02a000-7ffa5c02e000 r--s 0002a000 08:02 2244914                    /home/xrousakis/.m2/repository/org/bytedeco/javacpp/0.8/javacpp-0.8.jar
7ffa5c034000-7ffa5c039000 r--s 0004c000 08:02 2244918                    /home/xrousakis/.m2/repository/org/bytedeco/javacv/0.8/javacv-0.8.jar
7ffa5c03d000-7ffa5c041000 r--s 00085000 08:02 1310935                    /usr/lib/jvm/java-7-openjdk-amd64/jre/lib/ext/localedata.jar
7ffa5c047000-7ffa5c04a000 r--s 0000f000 08:02 1310939                    /usr/lib/jvm/java-7-openjdk-amd64/jre/lib/ext/icedtea-sound.jar
7ffa5c050000-7ffa5c31a000 r--p 00000000 08:02 1186322                    /usr/lib/locale/locale-archive
7ffa5c31d000-7ffa5c320000 ---p 00000000 00:00 0 
7ffa5c320000-7ffa5c41e000 rw-p 00000000 00:00 0                          [stack:10704]
7ffa5c41e000-7ffa5c421000 ---p 00000000 00:00 0 
7ffa5c421000-7ffa5c51f000 rw-p 00000000 00:00 0                          [stack:10703]
7ffa5c51f000-7ffa5c520000 ---p 00000000 00:00 0 
7ffa5c520000-7ffa5ce49000 rw-p 00000000 00:00 0                          [stack:10702]
7ffa5ce49000-7ffa5cffa000 r--s 01d29000 08:02 1310916                    /usr/lib/jvm/java-7-openjdk-amd64/jre/lib/rt.jar
7ffa5d000000-7ffa5d270000 rwxp 00000000 00:00 0 
7ffa5d270000-7ffa60514000 rw-p 00000000 00:00 0 
7ffa60514000-7ffa64000000 ---p 00000000 00:00 0 
7ffa64003000-7ffa64004000 r--s 00003000 08:02 2244923                    /home/xrousakis/.m2/repository/org/bytedeco/javacpp-presets/videoinput/0.200-0.8/videoinput-0.200-0.8.jar
7ffa64008000-7ffa64682000 rw-p 00000000 00:00 0 
7ffa64682000-7ffa64683000 ---p 00000000 00:00 0 
7ffa64683000-7ffa64783000 rw-p 00000000 00:00 0                          [stack:10701]
7ffa64783000-7ffa64784000 ---p 00000000 00:00 0 
7ffa64784000-7ffa6488f000 rw-p 00000000 00:00 0                          [stack:10700]
7ffa6488f000-7ffa648d7000 rw-p 00000000 00:00 0 
7ffa648d7000-7ffa648fc000 rw-p 00000000 00:00 0 
7ffa648fc000-7ffa64b29000 rw-p 00000000 00:00 0 
7ffa64b29000-7ffa64b34000 rw-p 00000000 00:00 0 
7ffa64b34000-7ffa64b7c000 rw-p 00000000 00:00 0 
7ffa64b7c000-7ffa64ba1000 rw-p 00000000 00:00 0 
7ffa64ba1000-7ffa64dce000 rw-p 00000000 00:00 0 
7ffa64dce000-7ffa64de1000 rw-p 00000000 00:00 0 
7ffa64de1000-7ffa64ef7000 rw-p 00000000 00:00 0 
7ffa64ef7000-7ffa64ef8000 rw-p 00000000 00:00 0 
7ffa64ef8000-7ffa64f00000 r-xp 00000000 08:02 1310955                    /usr/lib/jvm/java-7-openjdk-amd64/jre/lib/amd64/libzip.so
7ffa64f00000-7ffa650ff000 ---p 00008000 08:02 1310955                    /usr/lib/jvm/java-7-openjdk-amd64/jre/lib/amd64/libzip.so
7ffa650ff000-7ffa65100000 r--p 00007000 08:02 1310955                    /usr/lib/jvm/java-7-openjdk-amd64/jre/lib/amd64/libzip.so
7ffa65100000-7ffa65101000 rw-p 00008000 08:02 1310955                    /usr/lib/jvm/java-7-openjdk-amd64/jre/lib/amd64/libzip.so
7ffa65108000-7ffa65113000 r-xp 00000000 08:02 1444608                    /lib/x86_64-linux-gnu/libnss_files-2.19.so
7ffa65113000-7ffa65312000 ---p 0000b000 08:02 1444608                    /lib/x86_64-linux-gnu/libnss_files-2.19.so
7ffa65312000-7ffa65313000 r--p 0000a000 08:02 1444608                    /lib/x86_64-linux-gnu/libnss_files-2.19.so
7ffa65313000-7ffa65314000 rw-p 0000b000 08:02 1444608                    /lib/x86_64-linux-gnu/libnss_files-2.19.so
7ffa65318000-7ffa65323000 r-xp 00000000 08:02 1444820                    /lib/x86_64-linux-gnu/libnss_nis-2.19.so
7ffa65323000-7ffa65522000 ---p 0000b000 08:02 1444820                    /lib/x86_64-linux-gnu/libnss_nis-2.19.so
7ffa65522000-7ffa65523000 r--p 0000a000 08:02 1444820                    /lib/x86_64-linux-gnu/libnss_nis-2.19.so
7ffa65523000-7ffa65524000 rw-p 0000b000 08:02 1444820                    /lib/x86_64-linux-gnu/libnss_nis-2.19.so
7ffa65528000-7ffa6553f000 r-xp 00000000 08:02 1444807                    /lib/x86_64-linux-gnu/libnsl-2.19.so
7ffa6553f000-7ffa6573e000 ---p 00017000 08:02 1444807                    /lib/x86_64-linux-gnu/libnsl-2.19.so
7ffa6573e000-7ffa6573f000 r--p 00016000 08:02 1444807                    /lib/x86_64-linux-gnu/libnsl-2.19.so
7ffa6573f000-7ffa65740000 rw-p 00017000 08:02 1444807                    /lib/x86_64-linux-gnu/libnsl-2.19.so
7ffa65740000-7ffa65742000 rw-p 00000000 00:00 0 
7ffa65748000-7ffa65751000 r-xp 00000000 08:02 1444806                    /lib/x86_64-linux-gnu/libnss_compat-2.19.so
7ffa65751000-7ffa65950000 ---p 00009000 08:02 1444806                    /lib/x86_64-linux-gnu/libnss_compat-2.19.so
7ffa65950000-7ffa65951000 r--p 00008000 08:02 1444806                    /lib/x86_64-linux-gnu/libnss_compat-2.19.so
7ffa65951000-7ffa65952000 rw-p 00009000 08:02 1444806                    /lib/x86_64-linux-gnu/libnss_compat-2.19.so
7ffa65958000-7ffa65983000 r-xp 00000000 08:02 1317774                    /usr/lib/jvm/java-7-openjdk-amd64/jre/lib/amd64/libjava.so
7ffa65983000-7ffa65b82000 ---p 0002b000 08:02 1317774                    /usr/lib/jvm/java-7-openjdk-amd64/jre/lib/amd64/libjava.so
7ffa65b82000-7ffa65b83000 r--p 0002a000 08:02 1317774                    /usr/lib/jvm/java-7-openjdk-amd64/jre/lib/amd64/libjava.so
7ffa65b83000-7ffa65b85000 rw-p 0002b000 08:02 1317774                    /usr/lib/jvm/java-7-openjdk-amd64/jre/lib/amd64/libjava.so
7ffa65b88000-7ffa65b98000 r-xp 00000000 08:02 1317755                    /usr/lib/jvm/java-7-openjdk-amd64/jre/lib/amd64/libverify.so
7ffa65b98000-7ffa65d97000 ---p 00010000 08:02 1317755                    /usr/lib/jvm/java-7-openjdk-amd64/jre/lib/amd64/libverify.so
7ffa65d97000-7ffa65d99000 r--p 0000f000 08:02 1317755                    /usr/lib/jvm/java-7-openjdk-amd64/jre/lib/amd64/libverify.so
7ffa65d99000-7ffa65d9a000 rw-p 00011000 08:02 1317755                    /usr/lib/jvm/java-7-openjdk-amd64/jre/lib/amd64/libverify.so
7ffa65da0000-7ffa65da7000 r-xp 00000000 08:02 1444817                    /lib/x86_64-linux-gnu/librt-2.19.so
7ffa65da7000-7ffa65fa6000 ---p 00007000 08:02 1444817                    /lib/x86_64-linux-gnu/librt-2.19.so
7ffa65fa6000-7ffa65fa7000 r--p 00006000 08:02 1444817                    /lib/x86_64-linux-gnu/librt-2.19.so
7ffa65fa7000-7ffa65fa8000 rw-p 00007000 08:02 1444817                    /lib/x86_64-linux-gnu/librt-2.19.so
7ffa65fa8000-7ffa65fbe000 r-xp 00000000 08:02 1441904                    /lib/x86_64-linux-gnu/libgcc_s.so.1
7ffa65fbe000-7ffa661bd000 ---p 00016000 08:02 1441904                    /lib/x86_64-linux-gnu/libgcc_s.so.1
7ffa661bd000-7ffa661be000 rw-p 00015000 08:02 1441904                    /lib/x86_64-linux-gnu/libgcc_s.so.1
7ffa661c0000-7ffa662c5000 r-xp 00000000 08:02 1443041                    /lib/x86_64-linux-gnu/libm-2.19.so
7ffa662c5000-7ffa664c4000 ---p 00105000 08:02 1443041                    /lib/x86_64-linux-gnu/libm-2.19.so
7ffa664c4000-7ffa664c5000 r--p 00104000 08:02 1443041                    /lib/x86_64-linux-gnu/libm-2.19.so
7ffa664c5000-7ffa664c6000 rw-p 00105000 08:02 1443041                    /lib/x86_64-linux-gnu/libm-2.19.so
7ffa664c8000-7ffa665ae000 r-xp 00000000 08:02 1188933                    /usr/lib/x86_64-linux-gnu/libstdc++.so.6.0.19
7ffa665ae000-7ffa667ad000 ---p 000e6000 08:02 1188933                    /usr/lib/x86_64-linux-gnu/libstdc++.so.6.0.19
7ffa667ad000-7ffa667b5000 r--p 000e5000 08:02 1188933                    /usr/lib/x86_64-linux-gnu/libstdc++.so.6.0.19
7ffa667b5000-7ffa667b7000 rw-p 000ed000 08:02 1188933                    /usr/lib/x86_64-linux-gnu/libstdc++.so.6.0.19
7ffa667b7000-7ffa667cc000 rw-p 00000000 00:00 0 
7ffa667d0000-7ffa672e9000 r-xp 00000000 08:02 1317743                    /usr/lib/jvm/java-7-openjdk-amd64/jre/lib/amd64/server/libjvm.so
7ffa672e9000-7ffa674e9000 ---p 00b19000 08:02 1317743                    /usr/lib/jvm/java-7-openjdk-amd64/jre/lib/amd64/server/libjvm.so
7ffa674e9000-7ffa67583000 r--p 00b19000 08:02 1317743                    /usr/lib/jvm/java-7-openjdk-amd64/jre/lib/amd64/server/libjvm.so
7ffa67583000-7ffa675a6000 rw-p 00bb3000 08:02 1317743                    /usr/lib/jvm/java-7-openjdk-amd64/jre/lib/amd64/server/libjvm.so
7ffa675a6000-7ffa675d4000 rw-p 00000000 00:00 0 
7ffa675d8000-7ffa675f0000 r-xp 00000000 08:02 1446050                    /lib/x86_64-linux-gnu/libz.so.1.2.8
7ffa675f0000-7ffa677ef000 ---p 00018000 08:02 1446050                    /lib/x86_64-linux-gnu/libz.so.1.2.8
7ffa677ef000-7ffa677f0000 r--p 00017000 08:02 1446050                    /lib/x86_64-linux-gnu/libz.so.1.2.8
7ffa677f0000-7ffa677f1000 rw-p 00018000 08:02 1446050                    /lib/x86_64-linux-gnu/libz.so.1.2.8
7ffa677f8000-7ffa67811000 r-xp 00000000 08:02 1444815                    /lib/x86_64-linux-gnu/libpthread-2.19.so
7ffa67811000-7ffa67a10000 ---p 00019000 08:02 1444815                    /lib/x86_64-linux-gnu/libpthread-2.19.so
7ffa67a10000-7ffa67a11000 r--p 00018000 08:02 1444815                    /lib/x86_64-linux-gnu/libpthread-2.19.so
7ffa67a11000-7ffa67a12000 rw-p 00019000 08:02 1444815                    /lib/x86_64-linux-gnu/libpthread-2.19.so
7ffa67a12000-7ffa67a16000 rw-p 00000000 00:00 0 
7ffa67a18000-7ffa67a1b000 r-xp 00000000 08:02 1444799                    /lib/x86_64-linux-gnu/libdl-2.19.so
7ffa67a1b000-7ffa67c1a000 ---p 00003000 08:02 1444799                    /lib/x86_64-linux-gnu/libdl-2.19.so
7ffa67c1a000-7ffa67c1b000 r--p 00002000 08:02 1444799                    /lib/x86_64-linux-gnu/libdl-2.19.so
7ffa67c1b000-7ffa67c1c000 rw-p 00003000 08:02 1444799                    /lib/x86_64-linux-gnu/libdl-2.19.so
7ffa67c20000-7ffa67ddb000 r-xp 00000000 08:02 1444814                    /lib/x86_64-linux-gnu/libc-2.19.so
7ffa67ddb000-7ffa67fda000 ---p 001bb000 08:02 1444814                    /lib/x86_64-linux-gnu/libc-2.19.so
7ffa67fda000-7ffa67fde000 r--p 001ba000 08:02 1444814                    /lib/x86_64-linux-gnu/libc-2.19.so
7ffa67fde000-7ffa67fe0000 rw-p 001be000 08:02 1444814                    /lib/x86_64-linux-gnu/libc-2.19.so
7ffa67fe0000-7ffa67fe5000 rw-p 00000000 00:00 0 
7ffa67fe8000-7ffa67ff5000 r-xp 00000000 08:02 1317741                    /usr/lib/jvm/java-7-openjdk-amd64/jre/lib/amd64/jli/libjli.so
7ffa67ff5000-7ffa681f4000 ---p 0000d000 08:02 1317741                    /usr/lib/jvm/java-7-openjdk-amd64/jre/lib/amd64/jli/libjli.so
7ffa681f4000-7ffa681f5000 r--p 0000c000 08:02 1317741                    /usr/lib/jvm/java-7-openjdk-amd64/jre/lib/amd64/jli/libjli.so
7ffa681f5000-7ffa681f6000 rw-p 0000d000 08:02 1317741                    /usr/lib/jvm/java-7-openjdk-amd64/jre/lib/amd64/jli/libjli.so
7ffa681f8000-7ffa6821b000 r-xp 00000000 08:02 1444811                    /lib/x86_64-linux-gnu/ld-2.19.so
7ffa68222000-7ffa68223000 r--s 00002000 08:02 1310936                    /usr/lib/jvm/java-7-openjdk-amd64/jre/lib/ext/dnsns.jar
7ffa68224000-7ffa68228000 r--s 0003c000 08:02 1310938                    /usr/lib/jvm/java-7-openjdk-amd64/jre/lib/ext/sunpkcs11.jar
7ffa6822c000-7ffa68230000 r--s 00034000 08:02 1310937                    /usr/lib/jvm/java-7-openjdk-amd64/jre/lib/ext/sunjce_provider.jar
7ffa68235000-7ffa6823f000 rw-p 00000000 00:00 0 
7ffa6823f000-7ffa682f5000 rw-p 00000000 00:00 0 
7ffa682f5000-7ffa682f8000 ---p 00000000 00:00 0 
7ffa682f8000-7ffa683f8000 rw-p 00000000 00:00 0                          [stack:10699]
7ffa683fe000-7ffa68400000 r--s 00006000 08:02 1842397                    /usr/share/java/java-atk-wrapper.jar
7ffa68402000-7ffa68404000 r--s 00012000 08:02 1310942                    /usr/lib/jvm/java-7-openjdk-amd64/jre/lib/ext/zipfs.jar
7ffa68408000-7ffa68410000 rw-s 00000000 08:02 262536                     /tmp/hsperfdata_xrousakis/10695
7ffa68412000-7ffa68413000 rw-p 00000000 00:00 0 
7ffa68413000-7ffa68414000 rwxp 00000000 00:00 0 
7ffa68414000-7ffa68415000 rw-p 00000000 00:00 0 
7ffa68415000-7ffa68416000 r--p 00000000 00:00 0 
7ffa68416000-7ffa6841a000 rw-p 00000000 00:00 0 
7ffa6841a000-7ffa6841b000 r--p 00022000 08:02 1444811                    /lib/x86_64-linux-gnu/ld-2.19.so
7ffa6841b000-7ffa6841c000 rw-p 00023000 08:02 1444811                    /lib/x86_64-linux-gnu/ld-2.19.so
7ffa6841c000-7ffa6841e000 rw-p 00000000 00:00 0 
7fff3043f000-7fff30461000 rw-p 00000000 00:00 0                          [stack]
7fff30490000-7fff30492000 r-xp 00000000 00:00 0                          [vdso]
ffffffffff600000-ffffffffff601000 r-xp 00000000 00:00 0                  [vsyscall]

VM Arguments:
java_command: org.scify.jthinkfreedom.gui.ApplicationLauncher
Launcher Type: SUN_STANDARD

Environment Variables:
JAVA_HOME=/usr/lib/jvm/default-java
PATH=/usr/local/sbin:/usr/local/bin:/usr/sbin:/usr/bin:/sbin:/bin:/usr/games:/usr/local/games
USERNAME=xrousakis
LD_LIBRARY_PATH=/usr/lib/jvm/default-java/jre/lib/amd64:/usr/lib/jvm/default-java/jre/lib/i386:
SHELL=/bin/bash
DISPLAY=:0

Signal Handlers:
SIGSEGV: [libjvm.so+0x94bab0], sa_mask[0]=0x7ffbfeff, sa_flags=0x10000004
SIGBUS: [libjvm.so+0x94bab0], sa_mask[0]=0x7ffbfeff, sa_flags=0x10000004
SIGFPE: [libjvm.so+0x7c38b0], sa_mask[0]=0x7ffbfeff, sa_flags=0x10000004
SIGPIPE: [libjvm.so+0x7c38b0], sa_mask[0]=0x7ffbfeff, sa_flags=0x10000004
SIGXFSZ: [libjvm.so+0x7c38b0], sa_mask[0]=0x7ffbfeff, sa_flags=0x10000004
SIGILL: [libjvm.so+0x7c38b0], sa_mask[0]=0x7ffbfeff, sa_flags=0x10000004
SIGUSR1: SIG_DFL, sa_mask[0]=0x00000000, sa_flags=0x00000000
SIGUSR2: [libjvm.so+0x7c3750], sa_mask[0]=0x00000004, sa_flags=0x10000004
SIGHUP: [libjvm.so+0x7c3930], sa_mask[0]=0x7ffbfeff, sa_flags=0x10000004
SIGINT: SIG_IGN, sa_mask[0]=0x00000000, sa_flags=0x00000000
SIGTERM: [libjvm.so+0x7c3930], sa_mask[0]=0x7ffbfeff, sa_flags=0x10000004
SIGQUIT: [libjvm.so+0x7c3930], sa_mask[0]=0x7ffbfeff, sa_flags=0x10000004
SIGTRAP: SIG_DFL, sa_mask[0]=0x00000000, sa_flags=0x00000000


---------------  S Y S T E M  ---------------

OS:LinuxMint 17 (qiana)
uname:Linux 3.14.8-031408-generic #201406161755 SMP Mon Jun 16 21:56:09 UTC 2014 x86_64
libc:glibc 2.19 NPTL 2.19 
rlimit: STACK 8192k, CORE 0k, NPROC 55132, NOFILE 4096, AS infinity
load average:1,11 0,89 0,85

/proc/meminfo:
MemTotal:        7292072 kB
MemFree:         3732400 kB
MemAvailable:    4989988 kB
Buffers:          220356 kB
Cached:          1213816 kB
SwapCached:            0 kB
Active:          2463804 kB
Inactive:         832400 kB
Active(anon):    1863052 kB
Inactive(anon):    68052 kB
Active(file):     600752 kB
Inactive(file):   764348 kB
Unevictable:           0 kB
Mlocked:               0 kB
SwapTotal:       3361788 kB
SwapFree:        3361788 kB
Dirty:               320 kB
Writeback:             0 kB
AnonPages:       1862028 kB
Mapped:           234212 kB
Shmem:             69076 kB
Slab:             149444 kB
SReclaimable:     122828 kB
SUnreclaim:        26616 kB
KernelStack:        4032 kB
PageTables:        31728 kB
NFS_Unstable:          0 kB
Bounce:                0 kB
WritebackTmp:          0 kB
CommitLimit:     7007824 kB
Committed_AS:    4700492 kB
VmallocTotal:   34359738367 kB
VmallocUsed:      315192 kB
VmallocChunk:   34359383836 kB
HardwareCorrupted:     0 kB
AnonHugePages:   1255424 kB
HugePages_Total:       0
HugePages_Free:        0
HugePages_Rsvd:        0
HugePages_Surp:        0
Hugepagesize:       2048 kB
DirectMap4k:       76120 kB
DirectMap2M:     3287040 kB
DirectMap1G:     4194304 kB


CPU:total 2 (2 cores per cpu, 1 threads per core) family 21 model 19 stepping 1, cmov, cx8, fxsr, mmx, sse, sse2, sse3, ssse3, sse4.1, sse4.2, popcnt, avx, aes, mmxext, 3dnowpref, lzcnt, sse4a, tsc, tscinvbit, tscinv

/proc/cpuinfo:
processor	: 0
vendor_id	: AuthenticAMD
cpu family	: 21
model		: 19
model name	: AMD A4-4000 APU with Radeon(tm) HD Graphics
stepping	: 1
microcode	: 0x6001119
cpu MHz		: 3000.000
cache size	: 1024 KB
physical id	: 0
siblings	: 2
core id		: 0
cpu cores	: 1
apicid		: 16
initial apicid	: 0
fpu		: yes
fpu_exception	: yes
cpuid level	: 13
wp		: yes
flags		: fpu vme de pse tsc msr pae mce cx8 apic sep mtrr pge mca cmov pat pse36 clflush mmx fxsr sse sse2 ht syscall nx mmxext fxsr_opt pdpe1gb rdtscp lm constant_tsc rep_good nopl nonstop_tsc extd_apicid aperfmperf pni pclmulqdq monitor ssse3 fma cx16 sse4_1 sse4_2 popcnt aes xsave avx f16c lahf_lm cmp_legacy svm extapic cr8_legacy abm sse4a misalignsse 3dnowprefetch osvw ibs xop skinit wdt lwp fma4 tce nodeid_msr tbm topoext perfctr_core perfctr_nb arat cpb hw_pstate npt lbrv svm_lock nrip_save tsc_scale vmcb_clean flushbyasid decodeassists pausefilter pfthreshold bmi1
bogomips	: 6030.33
TLB size	: 1536 4K pages
clflush size	: 64
cache_alignment	: 64
address sizes	: 48 bits physical, 48 bits virtual
power management: ts ttp tm 100mhzsteps hwpstate cpb eff_freq_ro

processor	: 1
vendor_id	: AuthenticAMD
cpu family	: 21
model		: 19
model name	: AMD A4-4000 APU with Radeon(tm) HD Graphics    
stepping	: 1
microcode	: 0x6001119
cpu MHz		: 3000.000
cache size	: 1024 KB
physical id	: 0
siblings	: 2
core id		: 1
cpu cores	: 1
apicid		: 17
initial apicid	: 1
fpu		: yes
fpu_exception	: yes
cpuid level	: 13
wp		: yes
flags		: fpu vme de pse tsc msr pae mce cx8 apic sep mtrr pge mca cmov pat pse36 clflush mmx fxsr sse sse2 ht syscall nx mmxext fxsr_opt pdpe1gb rdtscp lm constant_tsc rep_good nopl nonstop_tsc extd_apicid aperfmperf pni pclmulqdq monitor ssse3 fma cx16 sse4_1 sse4_2 popcnt aes xsave avx f16c lahf_lm cmp_legacy svm extapic cr8_legacy abm sse4a misalignsse 3dnowprefetch osvw ibs xop skinit wdt lwp fma4 tce nodeid_msr tbm topoext perfctr_core perfctr_nb arat cpb hw_pstate npt lbrv svm_lock nrip_save tsc_scale vmcb_clean flushbyasid decodeassists pausefilter pfthreshold bmi1
bogomips	: 6030.33
TLB size	: 1536 4K pages
clflush size	: 64
cache_alignment	: 64
address sizes	: 48 bits physical, 48 bits virtual
power management: ts ttp tm 100mhzsteps hwpstate cpb eff_freq_ro



Memory: 4k page, physical 7292072k(3732400k free), swap 3361788k(3361788k free)

vm_info: OpenJDK 64-Bit Server VM (24.79-b02) for linux-amd64 JRE (1.7.0_79-b14), built on Jul 24 2015 08:15:54 by "buildd" with gcc 4.8.2

time: Wed Aug 12 12:53:19 2015
elapsed time: 23 seconds

