#
# A fatal error has been detected by the Java Runtime Environment:
#
#  SIGSEGV (0xb) at pc=0x00007f83806ce2cc, pid=11514, tid=140202747225856
#
# JRE version: OpenJDK Runtime Environment (7.0_79-b14) (build 1.7.0_79-b14)
# Java VM: OpenJDK 64-Bit Server VM (24.79-b02 mixed mode linux-amd64 compressed oops)
# Derivative: IcedTea 2.5.6
# Distribution: Ubuntu 14.04 LTS, package 7u79-2.5.6-0ubuntu1.14.04.1
# Problematic frame:
# C  [libjpeg.so.8+0x162cc]  jpeg_has_multiple_scans+0x2c
#
# Failed to write core dump. Core dumps have been disabled. To enable core dumping, try "ulimit -c unlimited" before starting Java again
#
# If you would like to submit a bug report, please include
# instructions on how to reproduce the bug and visit:
#   http://icedtea.classpath.org/bugzilla
# The crash happened outside the Java Virtual Machine in native code.
# See problematic frame for where to report the bug.
#

---------------  T H R E A D  ---------------

Current thread (0x00007f839c02a000):  JavaThread "Image Fetcher 0" daemon [_thread_in_native, id=11579, stack(0x00007f837ee1e000,0x00007f837ef1f000)]

siginfo:si_signo=SIGSEGV: si_errno=0, si_code=1 (SEGV_MAPERR), si_addr=0x0000000000000020

Registers:
RAX=0x0000000000000000, RBX=0x00007f837ef1d4d0, RCX=0x0000000000000001, RDX=0x0000000000000000
RSP=0x00007f837ef1d1b8, RBP=0x00007f837ef1d7a0, RSI=0x0000000000000001, RDI=0x00007f837ef1d4d0
R8 =0x0000000000000000, R9 =0x0000000000000071, R10=0x00007f837ef1cf80, R11=0x00007f83806ce2a0
R12=0x0000000000000000, R13=0xffffffffffffffff, R14=0x00007f837ef1d840, R15=0x00007f839c02a000
RIP=0x00007f83806ce2cc, EFLAGS=0x0000000000010293, CSGSFS=0x0000000000000033, ERR=0x0000000000000004
  TRAPNO=0x000000000000000e

Top of Stack: (sp=0x00007f837ef1d1b8)
0x00007f837ef1d1b8:   00007f837e80fd33 00007f839c02a000
0x00007f837ef1d1c8:   00007f83d36de03b fffffff0ffffffff
0x00007f837ef1d1d8:   0000000000000000 00007f837e80fad0
0x00007f837ef1d1e8:   00007f837ef1d278 00007f837ef1d830
0x00007f837ef1d1f8:   00007f837ef1d838 00007f837ef1d840
0x00007f837ef1d208:   00007f839c02a1d8 00000000eacec2ee
0x00007f837ef1d218:   0000000000000292 00007f837e80f1e0
0x00007f837ef1d228:   00007f837e80f380 00007f837e80f500
0x00007f837ef1d238:   00007f83806d6830 00007f837e80f200
0x00007f837ef1d248:   00007f837ef1d838 00007f8300000000
0x00007f837ef1d258:   0000000000000000 00000000eacec180
0x00007f837ef1d268:   00007f837ef1d830 ffffffffffffffff
0x00007f837ef1d278:   0000000000000000 0000000000000000
0x00007f837ef1d288:   0000000000000000 00007f837ef1d280
0x00007f837ef1d298:   00000000864206e0 00007f837ef1d328
0x00007f837ef1d2a8:   00000000864c0580 0000000000000000
0x00007f837ef1d2b8:   0000000086420778 0000000000000000
0x00007f837ef1d2c8:   00007f837ef1d320 00007f837ef1d390
0x00007f837ef1d2d8:   00007f83c90004e7 0000000000000000
0x00007f837ef1d2e8:   00007f837e80fad0 0000000000000000
0x00007f837ef1d2f8:   00000000eaceb768 0000000000000006
0x00007f837ef1d308:   0000000000000007 0000000090a41c48
0x00007f837ef1d318:   0000000090a41c48 00000000eacec580
0x00007f837ef1d328:   0000000000000000 00007f8300001fa0
0x00007f837ef1d338:   00007f837ef1d3d0 00007f837ef1d5d0
0x00007f837ef1d348:   00007f837ef1d500 00007f839c02a000
0x00007f837ef1d358:   00007f839c009660 00007f837e80f280
0x00007f837ef1d368:   00007f83806dbcf0 00007f837e80f210
0x00007f837ef1d378:   00007f83806dbd60 00007f83806dbd40
0x00007f837ef1d388:   000000000000006a 000000000000003f
0x00007f837ef1d398:   0000000300000000 0000000000000000
0x00007f837ef1d3a8:   00007f8300000000 00007f837ef1d400 

Instructions: (pc=0x00007f83806ce2cc)
0x00007f83806ce2ac:   ff 83 fa 08 76 12 48 8b 17 89 42 2c 48 8b 07 c7
0x00007f83806ce2bc:   42 28 15 00 00 00 ff 10 48 8b 83 58 02 00 00 5b
0x00007f83806ce2cc:   8b 40 20 c3 53 8b 47 24 48 89 fb 8d 90 33 ff ff
0x00007f83806ce2dc:   ff 83 fa 01 76 66 3d cf 00 00 00 74 47 3d d2 00 

Register to memory mapping:

RAX=0x0000000000000000 is an unknown value
RBX=0x00007f837ef1d4d0 is pointing into the stack for thread: 0x00007f839c02a000
RCX=0x0000000000000001 is an unknown value
RDX=0x0000000000000000 is an unknown value
RSP=0x00007f837ef1d1b8 is pointing into the stack for thread: 0x00007f839c02a000
RBP=0x00007f837ef1d7a0 is pointing into the stack for thread: 0x00007f839c02a000
RSI=0x0000000000000001 is an unknown value
RDI=0x00007f837ef1d4d0 is pointing into the stack for thread: 0x00007f839c02a000
R8 =0x0000000000000000 is an unknown value
R9 =0x0000000000000071 is an unknown value
R10=0x00007f837ef1cf80 is pointing into the stack for thread: 0x00007f839c02a000
R11=0x00007f83806ce2a0: jpeg_has_multiple_scans+0 in /usr/lib/x86_64-linux-gnu/libjpeg.so.8 at 0x00007f83806b8000
R12=0x0000000000000000 is an unknown value
R13=0xffffffffffffffff is an unknown value
R14=0x00007f837ef1d840 is pointing into the stack for thread: 0x00007f839c02a000
R15=0x00007f839c02a000 is a thread


Stack: [0x00007f837ee1e000,0x00007f837ef1f000],  sp=0x00007f837ef1d1b8,  free space=1020k
Native frames: (J=compiled Java code, j=interpreted, Vv=VM code, C=native code)
C  [libjpeg.so.8+0x162cc]  jpeg_has_multiple_scans+0x2c
j  sun.awt.image.JPEGImageDecoder.readImage(Ljava/io/InputStream;[B)V+0
j  sun.awt.image.JPEGImageDecoder.produceImage()V+10
j  sun.awt.image.InputStreamImageSource.doFetch()V+51
j  sun.awt.image.ImageFetcher.fetchloop()V+33
j  sun.awt.image.ImageFetcher.run()V+5
v  ~StubRoutines::call_stub
V  [libjvm.so+0x5e80c9]  JavaCalls::call_helper(JavaValue*, methodHandle*, JavaCallArguments*, Thread*)+0x339
V  [libjvm.so+0x5e6f1e]  JavaCalls::call_virtual(JavaValue*, Handle, KlassHandle, Symbol*, Symbol*, Thread*)+0x20e
V  [libjvm.so+0x623391]  thread_entry(JavaThread*, Thread*)+0xd1
V  [libjvm.so+0x900f40]  JavaThread::thread_main_inner()+0xf0
V  [libjvm.so+0x9011b1]  JavaThread::run()+0x221
V  [libjvm.so+0x7c4f62]  java_start(Thread*)+0xf2

Java frames: (J=compiled Java code, j=interpreted, Vv=VM code)
j  sun.awt.image.JPEGImageDecoder.readImage(Ljava/io/InputStream;[B)V+0
j  sun.awt.image.JPEGImageDecoder.produceImage()V+10
j  sun.awt.image.InputStreamImageSource.doFetch()V+51
j  sun.awt.image.ImageFetcher.fetchloop()V+33
j  sun.awt.image.ImageFetcher.run()V+5
v  ~StubRoutines::call_stub

---------------  P R O C E S S  ---------------

Java Threads: ( => current thread )
=>0x00007f839c02a000 JavaThread "Image Fetcher 0" daemon [_thread_in_native, id=11579, stack(0x00007f837ee1e000,0x00007f837ef1f000)]
  0x00007f83a8070800 JavaThread "pool-2-thread-1" [_thread_blocked, id=11550, stack(0x00007f838b497000,0x00007f838b598000)]
  0x00007f8398363000 JavaThread "Thread-2" [_thread_blocked, id=11547, stack(0x00007f837f23f000,0x00007f837f340000)]
  0x00007f8398045000 JavaThread "Thread-0" [_thread_blocked, id=11546, stack(0x00007f837f5de000,0x00007f837f6df000)]
  0x00007f8398043000 JavaThread "TimerQueue" daemon [_thread_blocked, id=11545, stack(0x00007f837f6df000,0x00007f837f7e0000)]
  0x00007f83cc00e800 JavaThread "DestroyJavaVM" [_thread_blocked, id=11518, stack(0x00007f83d608c000,0x00007f83d618d000)]
  0x00007f8398210800 JavaThread "org.netbeans.modules.debugger.jpda.visual AWT Access Loop" daemon [_thread_blocked, id=11542, stack(0x00007f837faa7000,0x00007f837fba8000)]
  0x00007f83cc4ed000 JavaThread "AWT-EventQueue-0" [_thread_blocked, id=11541, stack(0x00007f837feb6000,0x00007f837ffb7000)]
  0x00007f83cc4eb000 JavaThread "AWT-Shutdown" [_thread_blocked, id=11540, stack(0x00007f837ffb7000,0x00007f83800b8000)]
  0x00007f83cc31a000 JavaThread "AWT-XAWT" daemon [_thread_in_native, id=11536, stack(0x00007f8390077000,0x00007f8390178000)]
  0x00007f83cc2fc800 JavaThread "Java2D Disposer" daemon [_thread_blocked, id=11535, stack(0x00007f83b800f000,0x00007f83b8110000)]
  0x00007f83cc0be000 JavaThread "Service Thread" daemon [_thread_blocked, id=11533, stack(0x00007f83d00a2000,0x00007f83d01a3000)]
  0x00007f83cc0bc000 JavaThread "C2 CompilerThread1" daemon [_thread_blocked, id=11532, stack(0x00007f83d01a3000,0x00007f83d02a4000)]
  0x00007f83cc0b9000 JavaThread "C2 CompilerThread0" daemon [_thread_blocked, id=11531, stack(0x00007f83d02a4000,0x00007f83d03a5000)]
  0x00007f83a4001000 JavaThread "JDWP Command Reader" daemon [_thread_in_native, id=11528, stack(0x00007f83d03a5000,0x00007f83d04a6000)]
  0x00007f83cc0b6800 JavaThread "JDWP Event Helper Thread" daemon [_thread_blocked, id=11527, stack(0x00007f83d04a6000,0x00007f83d05a7000)]
  0x00007f83cc0b3000 JavaThread "JDWP Transport Listener: dt_socket" daemon [_thread_blocked, id=11525, stack(0x00007f83d05a7000,0x00007f83d06a8000)]
  0x00007f83cc0a6000 JavaThread "Signal Dispatcher" daemon [_thread_blocked, id=11524, stack(0x00007f83d08b0000,0x00007f83d09b1000)]
  0x00007f83cc07c000 JavaThread "Finalizer" daemon [_thread_blocked, id=11523, stack(0x00007f83d09b1000,0x00007f83d0ab2000)]
  0x00007f83cc07a000 JavaThread "Reference Handler" daemon [_thread_blocked, id=11522, stack(0x00007f83d0ab2000,0x00007f83d0bb3000)]

Other Threads:
  0x00007f83cc075800 VMThread [stack: 0x00007f83d0bb3000,0x00007f83d0cb4000] [id=11521]
  0x00007f83cc0c8800 WatcherThread [stack: 0x00007f83c8eff000,0x00007f83c9000000] [id=11534]

VM state:not at safepoint (normal execution)

VM Mutex/Monitor currently owned by a thread: None

Heap
 PSYoungGen      total 446464K, used 265550K [0x00000000dae00000, 0x00000000fec00000, 0x0000000100000000)
  eden space 445952K, 59% used [0x00000000dae00000,0x00000000eb143898,0x00000000f6180000)
  from space 512K, 12% used [0x00000000feb80000,0x00000000feb90000,0x00000000fec00000)
  to   space 4096K, 0% used [0x00000000fe400000,0x00000000fe400000,0x00000000fe800000)
 ParOldGen       total 75776K, used 8691K [0x0000000090a00000, 0x0000000095400000, 0x00000000dae00000)
  object space 75776K, 11% used [0x0000000090a00000,0x000000009127ccd8,0x0000000095400000)
 PSPermGen       total 21504K, used 21056K [0x0000000086400000, 0x0000000087900000, 0x0000000090a00000)
  object space 21504K, 97% used [0x0000000086400000,0x0000000087890110,0x0000000087900000)

Card table byte_map: [0x00007f83d2189000,0x00007f83d2558000] byte_map_base: 0x00007f83d1d57000

Polling page: 0x00007f83d608b000

Code Cache  [0x00007f83c9000000, 0x00007f83c9270000, 0x00007f83cc000000)
 total_blobs=787 nmethods=208 adapters=541 free_code_cache=48119Kb largest_free_block=49202304

Compilation events (10 events):
Event: 34,707 Thread 0x00007f83cc0b9000  218             java.awt.Container::findComponentAtImpl (315 bytes)
Event: 34,747 Thread 0x00007f83cc0bc000  219             java.awt.AWTEvent::getID (5 bytes)
Event: 34,747 Thread 0x00007f83cc0bc000 nmethod 219 0x00007f83c90970d0 code [0x00007f83c9097200, 0x00007f83c9097258]
Event: 34,786 Thread 0x00007f83cc0b9000 nmethod 218 0x00007f83c9090bd0 code [0x00007f83c9090f20, 0x00007f83c9092860]
Event: 34,837 Thread 0x00007f83cc0b9000  221             sun.util.logging.PlatformLogger::isLoggable (38 bytes)
Event: 34,838 Thread 0x00007f83cc0bc000  220             sun.util.logging.PlatformLogger::isLoggable (9 bytes)
Event: 34,853 Thread 0x00007f83cc0b9000 nmethod 221 0x00007f83c9094e90 code [0x00007f83c9095000, 0x00007f83c90952f8]
Event: 34,857 Thread 0x00007f83cc0bc000 nmethod 220 0x00007f83c90941d0 code [0x00007f83c9094380, 0x00007f83c90948d8]
Event: 36,148 Thread 0x00007f83cc0b9000  222             java.util.concurrent.locks.ReentrantLock::lock (8 bytes)
Event: 36,150 Thread 0x00007f83cc0b9000 nmethod 222 0x00007f83c9096bd0 code [0x00007f83c9096d40, 0x00007f83c9096eb0]

GC Heap History (10 events):
Event: 24,983 GC heap before
{Heap before GC invocations=22 (full 0):
 PSYoungGen      total 567808K, used 567360K [0x00000000dae00000, 0x00000000ff980000, 0x0000000100000000)
  eden space 567296K, 100% used [0x00000000dae00000,0x00000000fd800000,0x00000000fd800000)
  from space 512K, 12% used [0x00000000ff380000,0x00000000ff390000,0x00000000ff400000)
  to   space 5632K, 0% used [0x00000000ff400000,0x00000000ff400000,0x00000000ff980000)
 ParOldGen       total 75776K, used 8683K [0x0000000090a00000, 0x0000000095400000, 0x00000000dae00000)
  object space 75776K, 11% used [0x0000000090a00000,0x000000009127acd8,0x0000000095400000)
 PSPermGen       total 21504K, used 19047K [0x0000000086400000, 0x0000000087900000, 0x0000000090a00000)
  object space 21504K, 88% used [0x0000000086400000,0x0000000087699f90,0x0000000087900000)
Event: 24,986 GC heap after
Heap after GC invocations=22 (full 0):
 PSYoungGen      total 541184K, used 32K [0x00000000dae00000, 0x00000000ff480000, 0x0000000100000000)
  eden space 540672K, 0% used [0x00000000dae00000,0x00000000dae00000,0x00000000fbe00000)
  from space 512K, 6% used [0x00000000ff400000,0x00000000ff408000,0x00000000ff480000)
  to   space 5120K, 0% used [0x00000000fea80000,0x00000000fea80000,0x00000000fef80000)
 ParOldGen       total 75776K, used 8683K [0x0000000090a00000, 0x0000000095400000, 0x00000000dae00000)
  object space 75776K, 11% used [0x0000000090a00000,0x000000009127acd8,0x0000000095400000)
 PSPermGen       total 21504K, used 19047K [0x0000000086400000, 0x0000000087900000, 0x0000000090a00000)
  object space 21504K, 88% used [0x0000000086400000,0x0000000087699f90,0x0000000087900000)
}
Event: 25,322 GC heap before
{Heap before GC invocations=23 (full 0):
 PSYoungGen      total 541184K, used 540704K [0x00000000dae00000, 0x00000000ff480000, 0x0000000100000000)
  eden space 540672K, 100% used [0x00000000dae00000,0x00000000fbe00000,0x00000000fbe00000)
  from space 512K, 6% used [0x00000000ff400000,0x00000000ff408000,0x00000000ff480000)
  to   space 5120K, 0% used [0x00000000fea80000,0x00000000fea80000,0x00000000fef80000)
 ParOldGen       total 75776K, used 8683K [0x0000000090a00000, 0x0000000095400000, 0x00000000dae00000)
  object space 75776K, 11% used [0x0000000090a00000,0x000000009127acd8,0x0000000095400000)
 PSPermGen       total 21504K, used 19047K [0x0000000086400000, 0x0000000087900000, 0x0000000090a00000)
  object space 21504K, 88% used [0x0000000086400000,0x0000000087699f90,0x0000000087900000)
Event: 25,324 GC heap after
Heap after GC invocations=23 (full 0):
 PSYoungGen      total 520192K, used 64K [0x00000000dae00000, 0x00000000ff480000, 0x0000000100000000)
  eden space 515072K, 0% used [0x00000000dae00000,0x00000000dae00000,0x00000000fa500000)
  from space 5120K, 1% used [0x00000000fea80000,0x00000000fea90000,0x00000000fef80000)
  to   space 5120K, 0% used [0x00000000fef80000,0x00000000fef80000,0x00000000ff480000)
 ParOldGen       total 75776K, used 8683K [0x0000000090a00000, 0x0000000095400000, 0x00000000dae00000)
  object space 75776K, 11% used [0x0000000090a00000,0x000000009127acd8,0x0000000095400000)
 PSPermGen       total 21504K, used 19047K [0x0000000086400000, 0x0000000087900000, 0x0000000090a00000)
  object space 21504K, 88% used [0x0000000086400000,0x0000000087699f90,0x0000000087900000)
}
Event: 25,576 GC heap before
{Heap before GC invocations=24 (full 0):
 PSYoungGen      total 520192K, used 515136K [0x00000000dae00000, 0x00000000ff480000, 0x0000000100000000)
  eden space 515072K, 100% used [0x00000000dae00000,0x00000000fa500000,0x00000000fa500000)
  from space 5120K, 1% used [0x00000000fea80000,0x00000000fea90000,0x00000000fef80000)
  to   space 5120K, 0% used [0x00000000fef80000,0x00000000fef80000,0x00000000ff480000)
 ParOldGen       total 75776K, used 8683K [0x0000000090a00000, 0x0000000095400000, 0x00000000dae00000)
  object space 75776K, 11% used [0x0000000090a00000,0x000000009127acd8,0x0000000095400000)
 PSPermGen       total 21504K, used 19047K [0x0000000086400000, 0x0000000087900000, 0x0000000090a00000)
  object space 21504K, 88% used [0x0000000086400000,0x0000000087699f90,0x0000000087900000)
Event: 25,577 GC heap after
Heap after GC invocations=24 (full 0):
 PSYoungGen      total 491520K, used 32K [0x00000000dae00000, 0x00000000ff000000, 0x0000000100000000)
  eden space 491008K, 0% used [0x00000000dae00000,0x00000000dae00000,0x00000000f8d80000)
  from space 512K, 6% used [0x00000000fef80000,0x00000000fef88000,0x00000000ff000000)
  to   space 4608K, 0% used [0x00000000fe700000,0x00000000fe700000,0x00000000feb80000)
 ParOldGen       total 75776K, used 8691K [0x0000000090a00000, 0x0000000095400000, 0x00000000dae00000)
  object space 75776K, 11% used [0x0000000090a00000,0x000000009127ccd8,0x0000000095400000)
 PSPermGen       total 21504K, used 19047K [0x0000000086400000, 0x0000000087900000, 0x0000000090a00000)
  object space 21504K, 88% used [0x0000000086400000,0x0000000087699f90,0x0000000087900000)
}
Event: 25,808 GC heap before
{Heap before GC invocations=25 (full 0):
 PSYoungGen      total 491520K, used 491040K [0x00000000dae00000, 0x00000000ff000000, 0x0000000100000000)
  eden space 491008K, 100% used [0x00000000dae00000,0x00000000f8d80000,0x00000000f8d80000)
  from space 512K, 6% used [0x00000000fef80000,0x00000000fef88000,0x00000000ff000000)
  to   space 4608K, 0% used [0x00000000fe700000,0x00000000fe700000,0x00000000feb80000)
 ParOldGen       total 75776K, used 8691K [0x0000000090a00000, 0x0000000095400000, 0x00000000dae00000)
  object space 75776K, 11% used [0x0000000090a00000,0x000000009127ccd8,0x0000000095400000)
 PSPermGen       total 21504K, used 19047K [0x0000000086400000, 0x0000000087900000, 0x0000000090a00000)
  object space 21504K, 88% used [0x0000000086400000,0x0000000087699f90,0x0000000087900000)
Event: 25,809 GC heap after
Heap after GC invocations=25 (full 0):
 PSYoungGen      total 472576K, used 32K [0x00000000dae00000, 0x00000000ff000000, 0x0000000100000000)
  eden space 467968K, 0% used [0x00000000dae00000,0x00000000dae00000,0x00000000f7700000)
  from space 4608K, 0% used [0x00000000fe700000,0x00000000fe708000,0x00000000feb80000)
  to   space 4608K, 0% used [0x00000000feb80000,0x00000000feb80000,0x00000000ff000000)
 ParOldGen       total 75776K, used 8691K [0x0000000090a00000, 0x0000000095400000, 0x00000000dae00000)
  object space 75776K, 11% used [0x0000000090a00000,0x000000009127ccd8,0x0000000095400000)
 PSPermGen       total 21504K, used 19047K [0x0000000086400000, 0x0000000087900000, 0x0000000090a00000)
  object space 21504K, 88% used [0x0000000086400000,0x0000000087699f90,0x0000000087900000)
}
Event: 26,124 GC heap before
{Heap before GC invocations=26 (full 0):
 PSYoungGen      total 472576K, used 468000K [0x00000000dae00000, 0x00000000ff000000, 0x0000000100000000)
  eden space 467968K, 100% used [0x00000000dae00000,0x00000000f7700000,0x00000000f7700000)
  from space 4608K, 0% used [0x00000000fe700000,0x00000000fe708000,0x00000000feb80000)
  to   space 4608K, 0% used [0x00000000feb80000,0x00000000feb80000,0x00000000ff000000)
 ParOldGen       total 75776K, used 8691K [0x0000000090a00000, 0x0000000095400000, 0x00000000dae00000)
  object space 75776K, 11% used [0x0000000090a00000,0x000000009127ccd8,0x0000000095400000)
 PSPermGen       total 21504K, used 19047K [0x0000000086400000, 0x0000000087900000, 0x0000000090a00000)
  object space 21504K, 88% used [0x0000000086400000,0x0000000087699f90,0x0000000087900000)
Event: 26,126 GC heap after
Heap after GC invocations=26 (full 0):
 PSYoungGen      total 446464K, used 64K [0x00000000dae00000, 0x00000000fec00000, 0x0000000100000000)
  eden space 445952K, 0% used [0x00000000dae00000,0x00000000dae00000,0x00000000f6180000)
  from space 512K, 12% used [0x00000000feb80000,0x00000000feb90000,0x00000000fec00000)
  to   space 4096K, 0% used [0x00000000fe400000,0x00000000fe400000,0x00000000fe800000)
 ParOldGen       total 75776K, used 8691K [0x0000000090a00000, 0x0000000095400000, 0x00000000dae00000)
  object space 75776K, 11% used [0x0000000090a00000,0x000000009127ccd8,0x0000000095400000)
 PSPermGen       total 21504K, used 19047K [0x0000000086400000, 0x0000000087900000, 0x0000000090a00000)
  object space 21504K, 88% used [0x0000000086400000,0x0000000087699f90,0x0000000087900000)
}

Deoptimization events (10 events):
Event: 4,332 Thread 0x00007f83cc00e800 Uncommon trap: reason=unloaded action=reinterpret pc=0x00007f83c90bae80 method=java.util.ArrayList.rangeCheck(I)V @ 8
Event: 4,333 Thread 0x00007f83cc00e800 Uncommon trap: reason=unloaded action=reinterpret pc=0x00007f83c90bb444 method=java.util.ArrayList.rangeCheck(I)V @ 8
Event: 6,081 Thread 0x00007f83cc320000 Uncommon trap: reason=unloaded action=reinterpret pc=0x00007f83c90c8140 method=sun.awt.image.PNGImageDecoder.produceImage()V @ 361
Event: 6,085 Thread 0x00007f83cc320000 Uncommon trap: reason=predicate action=maybe_recompile pc=0x00007f83c909453c method=sun.awt.image.PNGImageDecoder.produceImage()V @ 960
Event: 26,221 Thread 0x00007f8398363000 Uncommon trap: reason=unreached action=reinterpret pc=0x00007f83c9088d4c method=java.lang.ThreadLocal$ThreadLocalMap.getEntry(Ljava/lang/ThreadLocal;)Ljava/lang/ThreadLocal$ThreadLocalMap$Entry; @ 29
Event: 26,227 Thread 0x00007f8398363000 Uncommon trap: reason=unreached action=reinterpret pc=0x00007f83c9088838 method=java.lang.ThreadLocal$ThreadLocalMap.getEntry(Ljava/lang/ThreadLocal;)Ljava/lang/ThreadLocal$ThreadLocalMap$Entry; @ 29
Event: 26,260 Thread 0x00007f8398045000 Uncommon trap: reason=unreached action=reinterpret pc=0x00007f83c90beb48 method=org.scify.jthinkfreedom.keyboard.sensors.KeyboardSensor.getData()Ljava/lang/Character; @ 4
Event: 26,260 Thread 0x00007f8398045000 Uncommon trap: reason=unreached action=reinterpret pc=0x00007f83c90a4c14 method=org.scify.jthinkfreedom.keyboard.stimuli.CapturekeyStimulus.onDataReceived()V @ 46
Event: 26,723 Thread 0x00007f83cc31a000 Uncommon trap: reason=unreached action=reinterpret pc=0x00007f83c90a3be0 method=java.lang.String.valueOf(Ljava/lang/Object;)Ljava/lang/String; @ 1
Event: 32,639 Thread 0x00007f83cc4ed000 Uncommon trap: reason=null_assert action=make_not_entrant pc=0x00007f83c909c890 method=java.awt.Toolkit$SelectiveAWTEventListener.eventDispatched(Ljava/awt/AWTEvent;)V @ 679

Internal exceptions (10 events):
Event: 8,458 Thread 0x00007f8398363000 Threw 0x00000000dc41ec28 at /build/openjdk-7-FO0dNI/openjdk-7-7u79-2.5.6/build/openjdk/hotspot/src/share/vm/prims/jvm.cpp:1284
Event: 8,467 Thread 0x00007f8398363000 Threw 0x00000000dc43c618 at /build/openjdk-7-FO0dNI/openjdk-7-7u79-2.5.6/build/openjdk/hotspot/src/share/vm/prims/jvm.cpp:1284
Event: 8,471 Thread 0x00007f8398363000 Threw 0x00000000dc44da70 at /build/openjdk-7-FO0dNI/openjdk-7-7u79-2.5.6/build/openjdk/hotspot/src/share/vm/prims/jvm.cpp:1284
Event: 8,485 Thread 0x00007f8398363000 Threw 0x00000000dc466cb0 at /build/openjdk-7-FO0dNI/openjdk-7-7u79-2.5.6/build/openjdk/hotspot/src/share/vm/prims/jvm.cpp:1284
Event: 8,487 Thread 0x00007f8398363000 Threw 0x00000000dc477b40 at /build/openjdk-7-FO0dNI/openjdk-7-7u79-2.5.6/build/openjdk/hotspot/src/share/vm/prims/jvm.cpp:1284
Event: 26,221 Thread 0x00007f8398363000 Threw 0x00000000e5397630 at /build/openjdk-7-FO0dNI/openjdk-7-7u79-2.5.6/build/openjdk/hotspot/src/share/vm/prims/jvm.cpp:1284
Event: 26,243 Thread 0x00007f8398363000 Threw 0x00000000e651ed70 at /build/openjdk-7-FO0dNI/openjdk-7-7u79-2.5.6/build/openjdk/hotspot/src/share/vm/prims/jvm.cpp:1284
Event: 26,809 Thread 0x00007f83cc4ed000 Threw 0x00000000e80a0160 at /build/openjdk-7-FO0dNI/openjdk-7-7u79-2.5.6/build/openjdk/hotspot/src/share/vm/prims/jni.cpp:747
Event: 36,157 Thread 0x00007f8398045000 Threw 0x00000000e8768298 at /build/openjdk-7-FO0dNI/openjdk-7-7u79-2.5.6/build/openjdk/hotspot/src/share/vm/prims/jvm.cpp:1284
Event: 36,204 Thread 0x00007f8398045000 Threw 0x00000000e87d1ae0 at /build/openjdk-7-FO0dNI/openjdk-7-7u79-2.5.6/build/openjdk/hotspot/src/share/vm/prims/jvm.cpp:1284

Events (10 events):
Event: 36,187 Executing VM operation: RevokeBias done
Event: 36,204 loading class 0x00007f839c009de0
Event: 36,204 loading class 0x00007f839c009de0 done
Event: 36,228 loading class 0x00007f83cc25e440
Event: 36,229 loading class 0x00007f83cc25e440 done
Event: 36,231 Thread 0x00007f839c02a000 Thread added: 0x00007f839c02a000
Event: 36,231 Executing VM operation: RevokeBias
Event: 36,235 Executing VM operation: RevokeBias done
Event: 36,235 loading class 0x00007f83cc15cd50
Event: 36,235 loading class 0x00007f83cc15cd50 done


Dynamic libraries:
00400000-00401000 r-xp 00000000 08:02 1323751                            /usr/lib/jvm/java-7-openjdk-amd64/jre/bin/java
00600000-00601000 r--p 00000000 08:02 1323751                            /usr/lib/jvm/java-7-openjdk-amd64/jre/bin/java
00601000-00602000 rw-p 00001000 08:02 1323751                            /usr/lib/jvm/java-7-openjdk-amd64/jre/bin/java
01059000-0107a000 rw-p 00000000 00:00 0                                  [heap]
86400000-87900000 rw-p 00000000 00:00 0 
87900000-90a00000 rw-p 00000000 00:00 0 
90a00000-95400000 rw-p 00000000 00:00 0 
95400000-dae00000 rw-p 00000000 00:00 0 
dae00000-fec00000 rw-p 00000000 00:00 0 
fec00000-100000000 ---p 00000000 00:00 0 
7f837e5ce000-7f837e808000 rw-p 00000000 00:00 0 
7f837e808000-7f837e812000 r-xp 00000000 08:02 1317748                    /usr/lib/jvm/java-7-openjdk-amd64/jre/lib/amd64/libjavajpeg.so
7f837e812000-7f837ea11000 ---p 0000a000 08:02 1317748                    /usr/lib/jvm/java-7-openjdk-amd64/jre/lib/amd64/libjavajpeg.so
7f837ea11000-7f837ea12000 r--p 00009000 08:02 1317748                    /usr/lib/jvm/java-7-openjdk-amd64/jre/lib/amd64/libjavajpeg.so
7f837ea12000-7f837ea13000 rw-p 0000a000 08:02 1317748                    /usr/lib/jvm/java-7-openjdk-amd64/jre/lib/amd64/libjavajpeg.so
7f837ea1a000-7f837ea1d000 ---p 00000000 00:00 0 
7f837ea1d000-7f837eb1b000 rw-p 00000000 00:00 0 
7f837eb1b000-7f837eb1e000 ---p 00000000 00:00 0 
7f837eb1e000-7f837ec1c000 rw-p 00000000 00:00 0 
7f837ec1c000-7f837ec1f000 ---p 00000000 00:00 0 
7f837ec1f000-7f837ed1d000 rw-p 00000000 00:00 0 
7f837ed1d000-7f837ed20000 ---p 00000000 00:00 0 
7f837ed20000-7f837ee1e000 rw-p 00000000 00:00 0 
7f837ee1e000-7f837ee21000 ---p 00000000 00:00 0 
7f837ee21000-7f837ef1f000 rw-p 00000000 00:00 0                          [stack:11579]
7f837ef1f000-7f837ef22000 ---p 00000000 00:00 0 
7f837ef22000-7f837f020000 rw-p 00000000 00:00 0 
7f837f020000-7f837f037000 r-xp 00000000 08:02 271465                     /tmp/jna-xrousakis/jna3772678513176514367.tmp (deleted)
7f837f037000-7f837f237000 ---p 00017000 08:02 271465                     /tmp/jna-xrousakis/jna3772678513176514367.tmp (deleted)
7f837f237000-7f837f238000 r--p 00017000 08:02 271465                     /tmp/jna-xrousakis/jna3772678513176514367.tmp (deleted)
7f837f238000-7f837f239000 rw-p 00018000 08:02 271465                     /tmp/jna-xrousakis/jna3772678513176514367.tmp (deleted)
7f837f23f000-7f837f242000 ---p 00000000 00:00 0 
7f837f242000-7f837f340000 rw-p 00000000 00:00 0                          [stack:11547]
7f837f340000-7f837f5a2000 rw-s 00000000 00:04 6815755                    /SYSV00000000 (deleted)
7f837f5d5000-7f837f5da000 r--s 0004d000 08:02 1310924                    /usr/lib/jvm/java-7-openjdk-amd64/jre/lib/jsse.jar
7f837f5de000-7f837f5e1000 ---p 00000000 00:00 0 
7f837f5e1000-7f837f6df000 rw-p 00000000 00:00 0                          [stack:11546]
7f837f6df000-7f837f6e2000 ---p 00000000 00:00 0 
7f837f6e2000-7f837f7e0000 rw-p 00000000 00:00 0                          [stack:11545]
7f837f7e0000-7f837f7fb000 r--s 00000000 08:02 2362922                    /usr/share/fonts/type1/gsfonts/p052004l.pfb
7f837f820000-7f837f832000 r--s 00000000 08:02 2362883                    /usr/share/fonts/type1/gsfonts/n019043l.pfb
7f837f838000-7f837f844000 r--s 00000000 08:02 2362868                    /usr/share/fonts/type1/gsfonts/d050000l.pfb
7f837f878000-7f837f88a000 r--s 00000000 08:02 2362853                    /usr/share/fonts/type1/gsfonts/b018035l.pfb
7f837f8a0000-7f837f8b7000 r--s 00000000 08:02 2362934                    /usr/share/fonts/type1/gsfonts/z003034l.pfb
7f837f8b8000-7f837f8ca000 r--s 00000000 08:02 2362886                    /usr/share/fonts/type1/gsfonts/n019044l.pfb
7f837f8d0000-7f837f8d9000 r--s 00000000 08:02 2362931                    /usr/share/fonts/type1/gsfonts/s050000l.pfb
7f837f8e0000-7f837f8fb000 r--s 00000000 08:02 2362859                    /usr/share/fonts/type1/gsfonts/c059016l.pfb
7f837f968000-7f837f978000 r--s 00000000 08:02 2362838                    /usr/share/fonts/type1/gsfonts/a010033l.pfb
7f837f9b0000-7f837f9c3000 r--s 00000000 08:02 2362892                    /usr/share/fonts/type1/gsfonts/n019064l.pfb
7f837f9d8000-7f837f9f2000 r--s 00000000 08:02 2362856                    /usr/share/fonts/type1/gsfonts/c059013l.pfb
7f837f9f8000-7f837fa11000 r--s 00000000 08:02 2362844                    /usr/share/fonts/type1/gsfonts/b018012l.pfb
7f837fa28000-7f837fa31000 r--s 00000000 08:02 2362105                    /usr/share/fonts/X11/Type1/c0649bt_.pfb
7f837fa58000-7f837fa62000 r--s 00000000 08:02 2362095                    /usr/share/fonts/X11/Type1/c0583bt_.pfb
7f837faa7000-7f837faaa000 ---p 00000000 00:00 0 
7f837faaa000-7f837fba8000 rw-p 00000000 00:00 0                          [stack:11542]
7f837fba8000-7f837fbfa000 r-xp 00000000 08:02 1317750                    /usr/lib/jvm/java-7-openjdk-amd64/jre/lib/amd64/libfontmanager.so
7f837fbfa000-7f837fdf9000 ---p 00052000 08:02 1317750                    /usr/lib/jvm/java-7-openjdk-amd64/jre/lib/amd64/libfontmanager.so
7f837fdf9000-7f837fdfc000 r--p 00051000 08:02 1317750                    /usr/lib/jvm/java-7-openjdk-amd64/jre/lib/amd64/libfontmanager.so
7f837fdfc000-7f837fdfd000 rw-p 00054000 08:02 1317750                    /usr/lib/jvm/java-7-openjdk-amd64/jre/lib/amd64/libfontmanager.so
7f837fe00000-7f837fe01000 r--s 00000000 08:02 2756976                    /var/cache/fontconfig/c05880de57d1f5e948fdfacc138775d9-le64.cache-4
7f837fe08000-7f837fe13000 r--s 00000000 08:02 2756975                    /var/cache/fontconfig/945677eb7aeaf62f1d50efc3fb3ec7d8-le64.cache-4
7f837fe18000-7f837fe1a000 r--s 00000000 08:02 2756973                    /var/cache/fontconfig/99e8ed0e538f840c565b6ed5dad60d56-le64.cache-4
7f837fe20000-7f837fe26000 r--s 00000000 08:02 2756972                    /var/cache/fontconfig/2cd17615ca594fa2959ae173292e504c-le64.cache-4
7f837fe28000-7f837fe29000 r--s 00000000 08:02 2756971                    /var/cache/fontconfig/e7071f4a29fa870f4323321c154eba04-le64.cache-4
7f837fe30000-7f837fe31000 r--s 00000000 08:02 2756970                    /var/cache/fontconfig/0d8c3b2ac0904cb8a57a757ad11a4a08-le64.cache-4
7f837fe38000-7f837fe3f000 r--s 00000000 08:02 2756969                    /var/cache/fontconfig/a755afe4a08bf5b97852ceb7400b47bc-le64.cache-4
7f837fe40000-7f837fe4c000 r--s 00000000 08:02 2756968                    /var/cache/fontconfig/6d41288fd70b0be22e8c3a91e032eec0-le64.cache-4
7f837fe50000-7f837fe64000 r--s 00000000 08:02 2756967                    /var/cache/fontconfig/04aabc0a78ac019cf9454389977116d2-le64.cache-4
7f837fe68000-7f837fe69000 r--s 00000000 08:02 2756966                    /var/cache/fontconfig/1ac9eb803944fde146138c791f5cc56a-le64.cache-4
7f837fe70000-7f837fe74000 r--s 00000000 08:02 2756965                    /var/cache/fontconfig/385c0604a188198f04d133e54aba7fe7-le64.cache-4
7f837fe78000-7f837fe79000 r--s 00000000 08:02 2756964                    /var/cache/fontconfig/dc05db6664285cc2f12bf69c139ae4c3-le64.cache-4
7f837fe80000-7f837fe82000 r--s 00000000 08:02 2756963                    /var/cache/fontconfig/767a8244fc0220cfb567a839d0392e0b-le64.cache-4
7f837fe88000-7f837fe89000 r--s 00000000 08:02 2753289                    /var/cache/fontconfig/4794a0821666d79190d59a36cb4f44b5-le64.cache-4
7f837fe90000-7f837fe95000 r--s 00000000 08:02 2756961                    /var/cache/fontconfig/8801497958630a81b71ace7c5f9b32a8-le64.cache-4
7f837fe98000-7f837fe9f000 r--s 00000000 08:02 2756960                    /var/cache/fontconfig/3047814df9a2f067bd2d96a2b9c36e5a-le64.cache-4
7f837fea0000-7f837feb3000 r--s 00000000 08:02 2756956                    /var/cache/fontconfig/d52a8644073d54c13679302ca1180695-le64.cache-4
7f837feb6000-7f837feb9000 ---p 00000000 00:00 0 
7f837feb9000-7f837ffb7000 rw-p 00000000 00:00 0                          [stack:11541]
7f837ffb7000-7f837ffba000 ---p 00000000 00:00 0 
7f837ffba000-7f83800b8000 rw-p 00000000 00:00 0                          [stack:11540]
7f83800b8000-7f8380265000 r-xp 00000000 08:02 271464                     /tmp/javacpp18039607245577/libjniopencv_core.so
7f8380265000-7f8380465000 ---p 001ad000 08:02 271464                     /tmp/javacpp18039607245577/libjniopencv_core.so
7f8380465000-7f8380466000 r--p 001ad000 08:02 271464                     /tmp/javacpp18039607245577/libjniopencv_core.so
7f8380466000-7f8380468000 rw-p 001ae000 08:02 271464                     /tmp/javacpp18039607245577/libjniopencv_core.so
7f8380468000-7f83804b6000 r-xp 00000000 08:02 271463                     /tmp/javacpp18039607245577/libjniopencv_highgui.so
7f83804b6000-7f83806b5000 ---p 0004e000 08:02 271463                     /tmp/javacpp18039607245577/libjniopencv_highgui.so
7f83806b5000-7f83806b6000 r--p 0004d000 08:02 271463                     /tmp/javacpp18039607245577/libjniopencv_highgui.so
7f83806b6000-7f83806b7000 rw-p 0004e000 08:02 271463                     /tmp/javacpp18039607245577/libjniopencv_highgui.so
7f83806b8000-7f83806fb000 r-xp 00000000 08:02 1188593                    /usr/lib/x86_64-linux-gnu/libjpeg.so.8.0.2
7f83806fb000-7f83808fb000 ---p 00043000 08:02 1188593                    /usr/lib/x86_64-linux-gnu/libjpeg.so.8.0.2
7f83808fb000-7f83808fc000 r--p 00043000 08:02 1188593                    /usr/lib/x86_64-linux-gnu/libjpeg.so.8.0.2
7f83808fc000-7f83808fd000 rw-p 00044000 08:02 1188593                    /usr/lib/x86_64-linux-gnu/libjpeg.so.8.0.2
7f83808fd000-7f838090d000 rw-p 00000000 00:00 0 
7f8380910000-7f8380934000 r-xp 00000000 08:02 1188998                    /usr/lib/x86_64-linux-gnu/libv4lconvert.so.0.0.0
7f8380934000-7f8380b34000 ---p 00024000 08:02 1188998                    /usr/lib/x86_64-linux-gnu/libv4lconvert.so.0.0.0
7f8380b34000-7f8380b36000 r--p 00024000 08:02 1188998                    /usr/lib/x86_64-linux-gnu/libv4lconvert.so.0.0.0
7f8380b36000-7f8380b37000 rw-p 00026000 08:02 1188998                    /usr/lib/x86_64-linux-gnu/libv4lconvert.so.0.0.0
7f8380b37000-7f8380b89000 rw-p 00000000 00:00 0 
7f8380b90000-7f8380b96000 r-xp 00000000 08:02 1188131                    /usr/lib/x86_64-linux-gnu/libdatrie.so.1.3.1
7f8380b96000-7f8380d95000 ---p 00006000 08:02 1188131                    /usr/lib/x86_64-linux-gnu/libdatrie.so.1.3.1
7f8380d95000-7f8380d96000 r--p 00005000 08:02 1188131                    /usr/lib/x86_64-linux-gnu/libdatrie.so.1.3.1
7f8380d96000-7f8380d97000 rw-p 00006000 08:02 1188131                    /usr/lib/x86_64-linux-gnu/libdatrie.so.1.3.1
7f8380d98000-7f8380db2000 r-xp 00000000 08:02 1188402                    /usr/lib/x86_64-linux-gnu/libgraphite2.so.3.0.1
7f8380db2000-7f8380fb1000 ---p 0001a000 08:02 1188402                    /usr/lib/x86_64-linux-gnu/libgraphite2.so.3.0.1
7f8380fb1000-7f8380fb3000 r--p 00019000 08:02 1188402                    /usr/lib/x86_64-linux-gnu/libgraphite2.so.3.0.1
7f8380fb3000-7f8380fb4000 rw-p 0001b000 08:02 1188402                    /usr/lib/x86_64-linux-gnu/libgraphite2.so.3.0.1
7f8380fb8000-7f8380fc1000 r-xp 00000000 08:02 1188996                    /usr/lib/x86_64-linux-gnu/libv4l2.so.0.0.0
7f8380fc1000-7f83811c0000 ---p 00009000 08:02 1188996                    /usr/lib/x86_64-linux-gnu/libv4l2.so.0.0.0
7f83811c0000-7f83811c1000 r--p 00008000 08:02 1188996                    /usr/lib/x86_64-linux-gnu/libv4l2.so.0.0.0
7f83811c1000-7f83811c6000 rw-p 00009000 08:02 1188996                    /usr/lib/x86_64-linux-gnu/libv4l2.so.0.0.0
7f83811c8000-7f83811d0000 r-xp 00000000 08:02 1188953                    /usr/lib/x86_64-linux-gnu/libthai.so.0.2.0
7f83811d0000-7f83813cf000 ---p 00008000 08:02 1188953                    /usr/lib/x86_64-linux-gnu/libthai.so.0.2.0
7f83813cf000-7f83813d0000 r--p 00007000 08:02 1188953                    /usr/lib/x86_64-linux-gnu/libthai.so.0.2.0
7f83813d0000-7f83813d1000 rw-p 00008000 08:02 1188953                    /usr/lib/x86_64-linux-gnu/libthai.so.0.2.0
7f83813d8000-7f838142b000 r-xp 00000000 08:02 1179957                    /usr/lib/x86_64-linux-gnu/libharfbuzz.so.0.927.0
7f838142b000-7f838162b000 ---p 00053000 08:02 1179957                    /usr/lib/x86_64-linux-gnu/libharfbuzz.so.0.927.0
7f838162b000-7f838162c000 r--p 00053000 08:02 1179957                    /usr/lib/x86_64-linux-gnu/libharfbuzz.so.0.927.0
7f838162c000-7f838162d000 rw-p 00054000 08:02 1179957                    /usr/lib/x86_64-linux-gnu/libharfbuzz.so.0.927.0
7f8381630000-7f8381638000 r-xp 00000000 08:02 1189074                    /usr/lib/x86_64-linux-gnu/libxcb-render.so.0.0.0
7f8381638000-7f8381837000 ---p 00008000 08:02 1189074                    /usr/lib/x86_64-linux-gnu/libxcb-render.so.0.0.0
7f8381837000-7f8381838000 r--p 00007000 08:02 1189074                    /usr/lib/x86_64-linux-gnu/libxcb-render.so.0.0.0
7f8381838000-7f8381839000 rw-p 00008000 08:02 1189074                    /usr/lib/x86_64-linux-gnu/libxcb-render.so.0.0.0
7f8381840000-7f8381842000 r-xp 00000000 08:02 1189078                    /usr/lib/x86_64-linux-gnu/libxcb-shm.so.0.0.0
7f8381842000-7f8381a41000 ---p 00002000 08:02 1189078                    /usr/lib/x86_64-linux-gnu/libxcb-shm.so.0.0.0
7f8381a41000-7f8381a42000 r--p 00001000 08:02 1189078                    /usr/lib/x86_64-linux-gnu/libxcb-shm.so.0.0.0
7f8381a42000-7f8381a43000 rw-p 00002000 08:02 1189078                    /usr/lib/x86_64-linux-gnu/libxcb-shm.so.0.0.0
7f8381a48000-7f8381ae9000 r-xp 00000000 08:02 1188793                    /usr/lib/x86_64-linux-gnu/libpixman-1.so.0.30.2
7f8381ae9000-7f8381ce9000 ---p 000a1000 08:02 1188793                    /usr/lib/x86_64-linux-gnu/libpixman-1.so.0.30.2
7f8381ce9000-7f8381cf0000 r--p 000a1000 08:02 1188793                    /usr/lib/x86_64-linux-gnu/libpixman-1.so.0.30.2
7f8381cf0000-7f8381cf1000 rw-p 000a8000 08:02 1188793                    /usr/lib/x86_64-linux-gnu/libpixman-1.so.0.30.2
7f8381cf8000-7f8381cfa000 r-xp 00000000 08:02 1187926                    /usr/lib/x86_64-linux-gnu/libXdamage.so.1.1.0
7f8381cfa000-7f8381ef9000 ---p 00002000 08:02 1187926                    /usr/lib/x86_64-linux-gnu/libXdamage.so.1.1.0
7f8381ef9000-7f8381efa000 r--p 00001000 08:02 1187926                    /usr/lib/x86_64-linux-gnu/libXdamage.so.1.1.0
7f8381efa000-7f8381efb000 rw-p 00002000 08:02 1187926                    /usr/lib/x86_64-linux-gnu/libXdamage.so.1.1.0
7f8381f00000-7f8381f02000 r-xp 00000000 08:02 1187922                    /usr/lib/x86_64-linux-gnu/libXcomposite.so.1.0.0
7f8381f02000-7f8382101000 ---p 00002000 08:02 1187922                    /usr/lib/x86_64-linux-gnu/libXcomposite.so.1.0.0
7f8382101000-7f8382102000 r--p 00001000 08:02 1187922                    /usr/lib/x86_64-linux-gnu/libXcomposite.so.1.0.0
7f8382102000-7f8382103000 rw-p 00002000 08:02 1187922                    /usr/lib/x86_64-linux-gnu/libXcomposite.so.1.0.0
7f8382108000-7f8382111000 r-xp 00000000 08:02 1187948                    /usr/lib/x86_64-linux-gnu/libXrandr.so.2.2.0
7f8382111000-7f8382310000 ---p 00009000 08:02 1187948                    /usr/lib/x86_64-linux-gnu/libXrandr.so.2.2.0
7f8382310000-7f8382311000 r--p 00008000 08:02 1187948                    /usr/lib/x86_64-linux-gnu/libXrandr.so.2.2.0
7f8382311000-7f8382312000 rw-p 00009000 08:02 1187948                    /usr/lib/x86_64-linux-gnu/libXrandr.so.2.2.0
7f8382318000-7f838231a000 r-xp 00000000 08:02 1187940                    /usr/lib/x86_64-linux-gnu/libXinerama.so.1.0.0
7f838231a000-7f8382519000 ---p 00002000 08:02 1187940                    /usr/lib/x86_64-linux-gnu/libXinerama.so.1.0.0
7f8382519000-7f838251a000 r--p 00001000 08:02 1187940                    /usr/lib/x86_64-linux-gnu/libXinerama.so.1.0.0
7f838251a000-7f838251b000 rw-p 00002000 08:02 1187940                    /usr/lib/x86_64-linux-gnu/libXinerama.so.1.0.0
7f8382520000-7f8382525000 r-xp 00000000 08:02 1188994                    /usr/lib/x86_64-linux-gnu/libv4l1.so.0.0.0
7f8382525000-7f8382724000 ---p 00005000 08:02 1188994                    /usr/lib/x86_64-linux-gnu/libv4l1.so.0.0.0
7f8382724000-7f8382725000 r--p 00004000 08:02 1188994                    /usr/lib/x86_64-linux-gnu/libv4l1.so.0.0.0
7f8382725000-7f8382726000 rw-p 00005000 08:02 1188994                    /usr/lib/x86_64-linux-gnu/libv4l1.so.0.0.0
7f8382728000-7f8382729000 r-xp 00000000 08:02 1181659                    /usr/lib/x86_64-linux-gnu/libgthread-2.0.so.0.4002.0
7f8382729000-7f8382928000 ---p 00001000 08:02 1181659                    /usr/lib/x86_64-linux-gnu/libgthread-2.0.so.0.4002.0
7f8382928000-7f8382929000 r--p 00000000 08:02 1181659                    /usr/lib/x86_64-linux-gnu/libgthread-2.0.so.0.4002.0
7f8382929000-7f838292a000 rw-p 00001000 08:02 1181659                    /usr/lib/x86_64-linux-gnu/libgthread-2.0.so.0.4002.0
7f8382930000-7f838297a000 r-xp 00000000 08:02 1181864                    /usr/lib/x86_64-linux-gnu/libpango-1.0.so.0.3600.3
7f838297a000-7f8382b7a000 ---p 0004a000 08:02 1181864                    /usr/lib/x86_64-linux-gnu/libpango-1.0.so.0.3600.3
7f8382b7a000-7f8382b7c000 r--p 0004a000 08:02 1181864                    /usr/lib/x86_64-linux-gnu/libpango-1.0.so.0.3600.3
7f8382b7c000-7f8382b7d000 rw-p 0004c000 08:02 1181864                    /usr/lib/x86_64-linux-gnu/libpango-1.0.so.0.3600.3
7f8382b80000-7f8382b94000 r-xp 00000000 08:02 1181866                    /usr/lib/x86_64-linux-gnu/libpangoft2-1.0.so.0.3600.3
7f8382b94000-7f8382d93000 ---p 00014000 08:02 1181866                    /usr/lib/x86_64-linux-gnu/libpangoft2-1.0.so.0.3600.3
7f8382d93000-7f8382d94000 r--p 00013000 08:02 1181866                    /usr/lib/x86_64-linux-gnu/libpangoft2-1.0.so.0.3600.3
7f8382d94000-7f8382d95000 rw-p 00014000 08:02 1181866                    /usr/lib/x86_64-linux-gnu/libpangoft2-1.0.so.0.3600.3
7f8382d98000-7f8382db7000 r-xp 00000000 08:02 1188324                    /usr/lib/x86_64-linux-gnu/libgdk_pixbuf-2.0.so.0.3000.7
7f8382db7000-7f8382fb7000 ---p 0001f000 08:02 1188324                    /usr/lib/x86_64-linux-gnu/libgdk_pixbuf-2.0.so.0.3000.7
7f8382fb7000-7f8382fb8000 r--p 0001f000 08:02 1188324                    /usr/lib/x86_64-linux-gnu/libgdk_pixbuf-2.0.so.0.3000.7
7f8382fb8000-7f8382fb9000 rw-p 00020000 08:02 1188324                    /usr/lib/x86_64-linux-gnu/libgdk_pixbuf-2.0.so.0.3000.7
7f8382fc0000-7f83830c6000 r-xp 00000000 08:02 1184068                    /usr/lib/x86_64-linux-gnu/libcairo.so.2.11301.0
7f83830c6000-7f83832c5000 ---p 00106000 08:02 1184068                    /usr/lib/x86_64-linux-gnu/libcairo.so.2.11301.0
7f83832c5000-7f83832c8000 r--p 00105000 08:02 1184068                    /usr/lib/x86_64-linux-gnu/libcairo.so.2.11301.0
7f83832c8000-7f83832c9000 rw-p 00108000 08:02 1184068                    /usr/lib/x86_64-linux-gnu/libcairo.so.2.11301.0
7f83832c9000-7f83832cb000 rw-p 00000000 00:00 0 
7f83832d0000-7f83832ef000 r-xp 00000000 08:02 1188009                    /usr/lib/x86_64-linux-gnu/libatk-1.0.so.0.21009.1
7f83832ef000-7f83834ef000 ---p 0001f000 08:02 1188009                    /usr/lib/x86_64-linux-gnu/libatk-1.0.so.0.21009.1
7f83834ef000-7f83834f1000 r--p 0001f000 08:02 1188009                    /usr/lib/x86_64-linux-gnu/libatk-1.0.so.0.21009.1
7f83834f1000-7f83834f2000 rw-p 00021000 08:02 1188009                    /usr/lib/x86_64-linux-gnu/libatk-1.0.so.0.21009.1
7f83834f8000-7f8383503000 r-xp 00000000 08:02 1181862                    /usr/lib/x86_64-linux-gnu/libpangocairo-1.0.so.0.3600.3
7f8383503000-7f8383703000 ---p 0000b000 08:02 1181862                    /usr/lib/x86_64-linux-gnu/libpangocairo-1.0.so.0.3600.3
7f8383703000-7f8383704000 r--p 0000b000 08:02 1181862                    /usr/lib/x86_64-linux-gnu/libpangocairo-1.0.so.0.3600.3
7f8383704000-7f8383705000 rw-p 0000c000 08:02 1181862                    /usr/lib/x86_64-linux-gnu/libpangocairo-1.0.so.0.3600.3
7f8383708000-7f83837b5000 r-xp 00000000 08:02 1185800                    /usr/lib/x86_64-linux-gnu/libgdk-x11-2.0.so.0.2400.23
7f83837b5000-7f83839b4000 ---p 000ad000 08:02 1185800                    /usr/lib/x86_64-linux-gnu/libgdk-x11-2.0.so.0.2400.23
7f83839b4000-7f83839b8000 r--p 000ac000 08:02 1185800                    /usr/lib/x86_64-linux-gnu/libgdk-x11-2.0.so.0.2400.23
7f83839b8000-7f83839ba000 rw-p 000b0000 08:02 1185800                    /usr/lib/x86_64-linux-gnu/libgdk-x11-2.0.so.0.2400.23
7f83839c0000-7f8383def000 r-xp 00000000 08:02 1190134                    /usr/lib/x86_64-linux-gnu/libgtk-x11-2.0.so.0.2400.23
7f8383def000-7f8383fee000 ---p 0042f000 08:02 1190134                    /usr/lib/x86_64-linux-gnu/libgtk-x11-2.0.so.0.2400.23
7f8383fee000-7f8383ff5000 r--p 0042e000 08:02 1190134                    /usr/lib/x86_64-linux-gnu/libgtk-x11-2.0.so.0.2400.23
7f8383ff5000-7f8383ff9000 rw-p 00435000 08:02 1190134                    /usr/lib/x86_64-linux-gnu/libgtk-x11-2.0.so.0.2400.23
7f8383ff9000-7f8383ffc000 rw-p 00000000 00:00 0 
7f8384000000-7f83840bf000 rw-p 00000000 00:00 0 
7f83840bf000-7f8388000000 ---p 00000000 00:00 0 
7f8388000000-7f8388001000 r--s 00000000 08:02 2756959                    /var/cache/fontconfig/56cf4f4769d0f4abc89a4895d7bd3ae1-le64.cache-4
7f8388008000-7f838824f000 r-xp 00000000 08:02 271462                     /tmp/javacpp18039607245577/libopencv_highgui.so.2.4
7f838824f000-7f838844f000 ---p 00247000 08:02 271462                     /tmp/javacpp18039607245577/libopencv_highgui.so.2.4
7f838844f000-7f8388457000 r--p 00247000 08:02 271462                     /tmp/javacpp18039607245577/libopencv_highgui.so.2.4
7f8388457000-7f8388460000 rw-p 0024f000 08:02 271462                     /tmp/javacpp18039607245577/libopencv_highgui.so.2.4
7f8388460000-7f8388468000 rw-p 00000000 00:00 0 
7f8388468000-7f83886c3000 r-xp 00000000 08:02 271461                     /tmp/javacpp18039607245577/libopencv_imgproc.so.2.4
7f83886c3000-7f83888c3000 ---p 0025b000 08:02 271461                     /tmp/javacpp18039607245577/libopencv_imgproc.so.2.4
7f83888c3000-7f83888ca000 r--p 0025b000 08:02 271461                     /tmp/javacpp18039607245577/libopencv_imgproc.so.2.4
7f83888ca000-7f83888cc000 rw-p 00262000 08:02 271461                     /tmp/javacpp18039607245577/libopencv_imgproc.so.2.4
7f83888cc000-7f8388961000 rw-p 00000000 00:00 0 
7f8388968000-7f8388c11000 r-xp 00000000 08:02 271460                     /tmp/javacpp18039607245577/libopencv_core.so.2.4
7f8388c11000-7f8388e10000 ---p 002a9000 08:02 271460                     /tmp/javacpp18039607245577/libopencv_core.so.2.4
7f8388e10000-7f8388e14000 r--p 002a8000 08:02 271460                     /tmp/javacpp18039607245577/libopencv_core.so.2.4
7f8388e14000-7f8388e1d000 rw-p 002ac000 08:02 271460                     /tmp/javacpp18039607245577/libopencv_core.so.2.4
7f8388e1d000-7f8388e20000 rw-p 00000000 00:00 0 
7f8388e20000-7f8388e49000 r-xp 00000000 08:02 271458                     /tmp/javacpp18039607245577/libtbb.so
7f8388e49000-7f8389048000 ---p 00029000 08:02 271458                     /tmp/javacpp18039607245577/libtbb.so
7f8389048000-7f838904a000 r--p 00028000 08:02 271458                     /tmp/javacpp18039607245577/libtbb.so
7f838904a000-7f838904b000 rw-p 0002a000 08:02 271458                     /tmp/javacpp18039607245577/libtbb.so
7f8389050000-7f8389076000 r-xp 00000000 08:02 271457                     /tmp/javacpp18039607245577/libjnifreenect.so
7f8389076000-7f8389275000 ---p 00026000 08:02 271457                     /tmp/javacpp18039607245577/libjnifreenect.so
7f8389275000-7f8389276000 r--p 00025000 08:02 271457                     /tmp/javacpp18039607245577/libjnifreenect.so
7f8389276000-7f8389277000 rw-p 00026000 08:02 271457                     /tmp/javacpp18039607245577/libjnifreenect.so
7f8389278000-7f838927b000 r-xp 00000000 08:02 271456                     /tmp/javacpp18039607245577/libfreenect_sync.so
7f838927b000-7f838947a000 ---p 00003000 08:02 271456                     /tmp/javacpp18039607245577/libfreenect_sync.so
7f838947a000-7f838947b000 r--p 00002000 08:02 271456                     /tmp/javacpp18039607245577/libfreenect_sync.so
7f838947b000-7f838947c000 rw-p 00003000 08:02 271456                     /tmp/javacpp18039607245577/libfreenect_sync.so
7f8389480000-7f838948e000 r-xp 00000000 08:02 271455                     /tmp/javacpp18039607245577/libfreenect.so
7f838948e000-7f838968d000 ---p 0000e000 08:02 271455                     /tmp/javacpp18039607245577/libfreenect.so
7f838968d000-7f838968e000 r--p 0000d000 08:02 271455                     /tmp/javacpp18039607245577/libfreenect.so
7f838968e000-7f838968f000 rw-p 0000e000 08:02 271455                     /tmp/javacpp18039607245577/libfreenect.so
7f838968f000-7f8389690000 ---p 00000000 00:00 0 
7f8389690000-7f8389e90000 rw-p 00000000 00:00 0 
7f8389e90000-7f8389ee2000 r-xp 00000000 08:02 271454                     /tmp/javacpp18039607245577/libjnidc1394.so
7f8389ee2000-7f838a0e1000 ---p 00052000 08:02 271454                     /tmp/javacpp18039607245577/libjnidc1394.so
7f838a0e1000-7f838a0e2000 r--p 00051000 08:02 271454                     /tmp/javacpp18039607245577/libjnidc1394.so
7f838a0e2000-7f838a0e3000 rw-p 00052000 08:02 271454                     /tmp/javacpp18039607245577/libjnidc1394.so
7f838a0e8000-7f838a0f0000 r-xp 00000000 08:02 1445949                    /lib/x86_64-linux-gnu/libnih-dbus.so.1.0.0
7f838a0f0000-7f838a2f0000 ---p 00008000 08:02 1445949                    /lib/x86_64-linux-gnu/libnih-dbus.so.1.0.0
7f838a2f0000-7f838a2f1000 r--p 00008000 08:02 1445949                    /lib/x86_64-linux-gnu/libnih-dbus.so.1.0.0
7f838a2f1000-7f838a2f2000 rw-p 00009000 08:02 1445949                    /lib/x86_64-linux-gnu/libnih-dbus.so.1.0.0
7f838a2f8000-7f838a30f000 r-xp 00000000 08:02 1445951                    /lib/x86_64-linux-gnu/libnih.so.1.0.0
7f838a30f000-7f838a50e000 ---p 00017000 08:02 1445951                    /lib/x86_64-linux-gnu/libnih.so.1.0.0
7f838a50e000-7f838a50f000 r--p 00016000 08:02 1445951                    /lib/x86_64-linux-gnu/libnih.so.1.0.0
7f838a50f000-7f838a510000 rw-p 00017000 08:02 1445951                    /lib/x86_64-linux-gnu/libnih.so.1.0.0
7f838a510000-7f838a529000 r-xp 00000000 08:02 1444015                    /lib/x86_64-linux-gnu/libcgmanager.so.0.0.0
7f838a529000-7f838a728000 ---p 00019000 08:02 1444015                    /lib/x86_64-linux-gnu/libcgmanager.so.0.0.0
7f838a728000-7f838a72a000 r--p 00018000 08:02 1444015                    /lib/x86_64-linux-gnu/libcgmanager.so.0.0.0
7f838a72a000-7f838a72b000 rw-p 0001a000 08:02 1444015                    /lib/x86_64-linux-gnu/libcgmanager.so.0.0.0
7f838a730000-7f838a740000 r-xp 00000000 08:02 1442754                    /lib/x86_64-linux-gnu/libudev.so.1.3.5
7f838a740000-7f838a93f000 ---p 00010000 08:02 1442754                    /lib/x86_64-linux-gnu/libudev.so.1.3.5
7f838a93f000-7f838a940000 r--p 0000f000 08:02 1442754                    /lib/x86_64-linux-gnu/libudev.so.1.3.5
7f838a940000-7f838a941000 rw-p 00010000 08:02 1442754                    /lib/x86_64-linux-gnu/libudev.so.1.3.5
7f838a948000-7f838a95d000 r-xp 00000000 08:02 1446041                    /lib/x86_64-linux-gnu/libusb-1.0.so.0.1.0
7f838a95d000-7f838ab5d000 ---p 00015000 08:02 1446041                    /lib/x86_64-linux-gnu/libusb-1.0.so.0.1.0
7f838ab5d000-7f838ab5e000 r--p 00015000 08:02 1446041                    /lib/x86_64-linux-gnu/libusb-1.0.so.0.1.0
7f838ab5e000-7f838ab5f000 rw-p 00016000 08:02 1446041                    /lib/x86_64-linux-gnu/libusb-1.0.so.0.1.0
7f838ab60000-7f838ab6d000 r-xp 00000000 08:02 1188844                    /usr/lib/x86_64-linux-gnu/libraw1394.so.11.1.0
7f838ab6d000-7f838ad6c000 ---p 0000d000 08:02 1188844                    /usr/lib/x86_64-linux-gnu/libraw1394.so.11.1.0
7f838ad6c000-7f838ad6d000 r--p 0000c000 08:02 1188844                    /usr/lib/x86_64-linux-gnu/libraw1394.so.11.1.0
7f838ad6d000-7f838ad6e000 rw-p 0000d000 08:02 1188844                    /usr/lib/x86_64-linux-gnu/libraw1394.so.11.1.0
7f838ad70000-7f838ada3000 r-xp 00000000 08:02 271453                     /tmp/javacpp18039607245577/libdc1394.so.22
7f838ada3000-7f838afa3000 ---p 00033000 08:02 271453                     /tmp/javacpp18039607245577/libdc1394.so.22
7f838afa3000-7f838afa4000 r--p 00033000 08:02 271453                     /tmp/javacpp18039607245577/libdc1394.so.22
7f838afa4000-7f838afa5000 rw-p 00034000 08:02 271453                     /tmp/javacpp18039607245577/libdc1394.so.22
7f838afa5000-7f838afe5000 rw-p 00000000 00:00 0 
7f838afe8000-7f838afe9000 r--s 00000000 08:02 2756958                    /var/cache/fontconfig/b9d506c9ac06c20b433354fa67a72993-le64.cache-4
7f838aff0000-7f838aff6000 r--s 00000000 08:02 2756957                    /var/cache/fontconfig/b47c4e1ecd0709278f4910c18777a504-le64.cache-4
7f838aff8000-7f838b001000 r--s 00000000 08:02 2754543                    /var/cache/fontconfig/3f7329c5293ffd510edef78f73874cfd-le64.cache-4
7f838b008000-7f838b013000 r--s 00000000 08:02 2756954                    /var/cache/fontconfig/d589a48862398ed80a3d6066f4f56f4c-le64.cache-4
7f838b018000-7f838b01b000 r--s 00000000 08:02 2756942                    /var/cache/fontconfig/e13b20fdb08344e0e664864cc2ede53d-le64.cache-4
7f838b020000-7f838b036000 r--s 00000000 08:02 2362916                    /usr/share/fonts/type1/gsfonts/n022024l.pfb
7f838b050000-7f838b061000 r--s 00000000 08:02 2362880                    /usr/share/fonts/type1/gsfonts/n019024l.pfb
7f838b068000-7f838b07f000 r-xp 00000000 08:02 1317766                    /usr/lib/jvm/java-7-openjdk-amd64/jre/lib/amd64/libnet.so
7f838b07f000-7f838b27e000 ---p 00017000 08:02 1317766                    /usr/lib/jvm/java-7-openjdk-amd64/jre/lib/amd64/libnet.so
7f838b27e000-7f838b27f000 r--p 00016000 08:02 1317766                    /usr/lib/jvm/java-7-openjdk-amd64/jre/lib/amd64/libnet.so
7f838b27f000-7f838b280000 rw-p 00017000 08:02 1317766                    /usr/lib/jvm/java-7-openjdk-amd64/jre/lib/amd64/libnet.so
7f838b280000-7f838b290000 r-xp 00000000 08:02 1317771                    /usr/lib/jvm/java-7-openjdk-amd64/jre/lib/amd64/libnio.so
7f838b290000-7f838b490000 ---p 00010000 08:02 1317771                    /usr/lib/jvm/java-7-openjdk-amd64/jre/lib/amd64/libnio.so
7f838b490000-7f838b491000 r--p 00010000 08:02 1317771                    /usr/lib/jvm/java-7-openjdk-amd64/jre/lib/amd64/libnio.so
7f838b491000-7f838b492000 rw-p 00011000 08:02 1317771                    /usr/lib/jvm/java-7-openjdk-amd64/jre/lib/amd64/libnio.so
7f838b497000-7f838b49a000 ---p 00000000 00:00 0 
7f838b49a000-7f838b598000 rw-p 00000000 00:00 0                          [stack:11550]
7f838b598000-7f838b59d000 r-xp 00000000 08:02 1185797                    /usr/lib/x86_64-linux-gnu/libXfixes.so.3.1.0
7f838b59d000-7f838b79c000 ---p 00005000 08:02 1185797                    /usr/lib/x86_64-linux-gnu/libXfixes.so.3.1.0
7f838b79c000-7f838b79d000 r--p 00004000 08:02 1185797                    /usr/lib/x86_64-linux-gnu/libXfixes.so.3.1.0
7f838b79d000-7f838b79e000 rw-p 00005000 08:02 1185797                    /usr/lib/x86_64-linux-gnu/libXfixes.so.3.1.0
7f838b7a0000-7f838b7a9000 r-xp 00000000 08:02 1187924                    /usr/lib/x86_64-linux-gnu/libXcursor.so.1.0.2
7f838b7a9000-7f838b9a8000 ---p 00009000 08:02 1187924                    /usr/lib/x86_64-linux-gnu/libXcursor.so.1.0.2
7f838b9a8000-7f838b9a9000 r--p 00008000 08:02 1187924                    /usr/lib/x86_64-linux-gnu/libXcursor.so.1.0.2
7f838b9a9000-7f838b9aa000 rw-p 00009000 08:02 1187924                    /usr/lib/x86_64-linux-gnu/libXcursor.so.1.0.2
7f838b9b0000-7f838b9b4000 r-xp 00000000 08:02 1445919                    /lib/x86_64-linux-gnu/libgpg-error.so.0.10.0
7f838b9b4000-7f838bbb3000 ---p 00004000 08:02 1445919                    /lib/x86_64-linux-gnu/libgpg-error.so.0.10.0
7f838bbb3000-7f838bbb4000 r--p 00003000 08:02 1445919                    /lib/x86_64-linux-gnu/libgpg-error.so.0.10.0
7f838bbb4000-7f838bbb5000 rw-p 00004000 08:02 1445919                    /lib/x86_64-linux-gnu/libgpg-error.so.0.10.0
7f838bbb8000-7f838bbba000 r-xp 00000000 08:02 1445929                    /lib/x86_64-linux-gnu/libkeyutils.so.1.4
7f838bbba000-7f838bdba000 ---p 00002000 08:02 1445929                    /lib/x86_64-linux-gnu/libkeyutils.so.1.4
7f838bdba000-7f838bdbb000 r--p 00002000 08:02 1445929                    /lib/x86_64-linux-gnu/libkeyutils.so.1.4
7f838bdbb000-7f838bdbc000 rw-p 00003000 08:02 1445929                    /lib/x86_64-linux-gnu/libkeyutils.so.1.4
7f838bdc0000-7f838bdfd000 r-xp 00000000 08:02 1445990                    /lib/x86_64-linux-gnu/libpcre.so.3.13.1
7f838bdfd000-7f838bffc000 ---p 0003d000 08:02 1445990                    /lib/x86_64-linux-gnu/libpcre.so.3.13.1
7f838bffc000-7f838bffd000 r--p 0003c000 08:02 1445990                    /lib/x86_64-linux-gnu/libpcre.so.3.13.1
7f838bffd000-7f838bffe000 rw-p 0003d000 08:02 1445990                    /lib/x86_64-linux-gnu/libpcre.so.3.13.1
7f838c000000-7f838c021000 rw-p 00000000 00:00 0 
7f838c021000-7f8390000000 ---p 00000000 00:00 0 
7f8390000000-7f8390019000 r--s 00000000 08:02 2362898                    /usr/share/fonts/type1/gsfonts/n021004l.pfb
7f8390038000-7f8390051000 r--s 00000000 08:02 2362910                    /usr/share/fonts/type1/gsfonts/n022004l.pfb
7f8390058000-7f8390071000 r--s 00000000 08:02 2362895                    /usr/share/fonts/type1/gsfonts/n021003l.pfb
7f8390077000-7f839007a000 ---p 00000000 00:00 0 
7f839007a000-7f8390178000 rw-p 00000000 00:00 0                          [stack:11536]
7f8390178000-7f839019d000 r-xp 00000000 08:02 1446002                    /lib/x86_64-linux-gnu/libpng12.so.0.50.0
7f839019d000-7f839039c000 ---p 00025000 08:02 1446002                    /lib/x86_64-linux-gnu/libpng12.so.0.50.0
7f839039c000-7f839039d000 r--p 00024000 08:02 1446002                    /lib/x86_64-linux-gnu/libpng12.so.0.50.0
7f839039d000-7f839039e000 rw-p 00025000 08:02 1446002                    /lib/x86_64-linux-gnu/libpng12.so.0.50.0
7f83903a0000-7f83903e4000 r-xp 00000000 08:02 1444769                    /lib/x86_64-linux-gnu/libdbus-1.so.3.7.6
7f83903e4000-7f83905e3000 ---p 00044000 08:02 1444769                    /lib/x86_64-linux-gnu/libdbus-1.so.3.7.6
7f83905e3000-7f83905e4000 r--p 00043000 08:02 1444769                    /lib/x86_64-linux-gnu/libdbus-1.so.3.7.6
7f83905e4000-7f83905e5000 rw-p 00044000 08:02 1444769                    /lib/x86_64-linux-gnu/libdbus-1.so.3.7.6
7f83905e8000-7f8390623000 r-xp 00000000 08:02 1188762                    /usr/lib/x86_64-linux-gnu/libp11-kit.so.0.0.0
7f8390623000-7f8390822000 ---p 0003b000 08:02 1188762                    /usr/lib/x86_64-linux-gnu/libp11-kit.so.0.0.0
7f8390822000-7f8390828000 r--p 0003a000 08:02 1188762                    /usr/lib/x86_64-linux-gnu/libp11-kit.so.0.0.0
7f8390828000-7f839082a000 rw-p 00040000 08:02 1188762                    /usr/lib/x86_64-linux-gnu/libp11-kit.so.0.0.0
7f8390830000-7f8390842000 r-xp 00000000 08:02 1190002                    /usr/lib/x86_64-linux-gnu/libtasn1.so.6.2.0
7f8390842000-7f8390a42000 ---p 00012000 08:02 1190002                    /usr/lib/x86_64-linux-gnu/libtasn1.so.6.2.0
7f8390a42000-7f8390a43000 r--p 00012000 08:02 1190002                    /usr/lib/x86_64-linux-gnu/libtasn1.so.6.2.0
7f8390a43000-7f8390a44000 rw-p 00013000 08:02 1190002                    /usr/lib/x86_64-linux-gnu/libtasn1.so.6.2.0
7f8390a48000-7f8390ac4000 r-xp 00000000 08:02 1443002                    /lib/x86_64-linux-gnu/libgcrypt.so.11.8.2
7f8390ac4000-7f8390cc4000 ---p 0007c000 08:02 1443002                    /lib/x86_64-linux-gnu/libgcrypt.so.11.8.2
7f8390cc4000-7f8390cc5000 r--p 0007c000 08:02 1443002                    /lib/x86_64-linux-gnu/libgcrypt.so.11.8.2
7f8390cc5000-7f8390cc8000 rw-p 0007d000 08:02 1443002                    /lib/x86_64-linux-gnu/libgcrypt.so.11.8.2
7f8390cc8000-7f8390cd2000 r-xp 00000000 08:02 1185597                    /usr/lib/x86_64-linux-gnu/libkrb5support.so.0.1
7f8390cd2000-7f8390ed1000 ---p 0000a000 08:02 1185597                    /usr/lib/x86_64-linux-gnu/libkrb5support.so.0.1
7f8390ed1000-7f8390ed2000 r--p 00009000 08:02 1185597                    /usr/lib/x86_64-linux-gnu/libkrb5support.so.0.1
7f8390ed2000-7f8390ed3000 rw-p 0000a000 08:02 1185597                    /usr/lib/x86_64-linux-gnu/libkrb5support.so.0.1
7f8390ed8000-7f8390edb000 r-xp 00000000 08:02 1444828                    /lib/x86_64-linux-gnu/libcom_err.so.2.1
7f8390edb000-7f83910da000 ---p 00003000 08:02 1444828                    /lib/x86_64-linux-gnu/libcom_err.so.2.1
7f83910da000-7f83910db000 r--p 00002000 08:02 1444828                    /lib/x86_64-linux-gnu/libcom_err.so.2.1
7f83910db000-7f83910dc000 rw-p 00003000 08:02 1444828                    /lib/x86_64-linux-gnu/libcom_err.so.2.1
7f83910e0000-7f839110c000 r-xp 00000000 08:02 1180183                    /usr/lib/x86_64-linux-gnu/libk5crypto.so.3.1
7f839110c000-7f839130b000 ---p 0002c000 08:02 1180183                    /usr/lib/x86_64-linux-gnu/libk5crypto.so.3.1
7f839130b000-7f839130d000 r--p 0002b000 08:02 1180183                    /usr/lib/x86_64-linux-gnu/libk5crypto.so.3.1
7f839130d000-7f839130e000 rw-p 0002d000 08:02 1180183                    /usr/lib/x86_64-linux-gnu/libk5crypto.so.3.1
7f839130e000-7f839130f000 rw-p 00000000 00:00 0 
7f8391310000-7f83913cc000 r-xp 00000000 08:02 1185595                    /usr/lib/x86_64-linux-gnu/libkrb5.so.3.3
7f83913cc000-7f83915cc000 ---p 000bc000 08:02 1185595                    /usr/lib/x86_64-linux-gnu/libkrb5.so.3.3
7f83915cc000-7f83915d9000 r--p 000bc000 08:02 1185595                    /usr/lib/x86_64-linux-gnu/libkrb5.so.3.3
7f83915d9000-7f83915db000 rw-p 000c9000 08:02 1185595                    /usr/lib/x86_64-linux-gnu/libkrb5.so.3.3
7f83915e0000-7f83915e5000 r-xp 00000000 08:02 1187928                    /usr/lib/x86_64-linux-gnu/libXdmcp.so.6.0.0
7f83915e5000-7f83917e4000 ---p 00005000 08:02 1187928                    /usr/lib/x86_64-linux-gnu/libXdmcp.so.6.0.0
7f83917e4000-7f83917e5000 r--p 00004000 08:02 1187928                    /usr/lib/x86_64-linux-gnu/libXdmcp.so.6.0.0
7f83917e5000-7f83917e6000 rw-p 00005000 08:02 1187928                    /usr/lib/x86_64-linux-gnu/libXdmcp.so.6.0.0
7f83917e8000-7f83917ea000 r-xp 00000000 08:02 1187917                    /usr/lib/x86_64-linux-gnu/libXau.so.6.0.0
7f83917ea000-7f83919ea000 ---p 00002000 08:02 1187917                    /usr/lib/x86_64-linux-gnu/libXau.so.6.0.0
7f83919ea000-7f83919eb000 r--p 00002000 08:02 1187917                    /usr/lib/x86_64-linux-gnu/libXau.so.6.0.0
7f83919eb000-7f83919ec000 rw-p 00003000 08:02 1187917                    /usr/lib/x86_64-linux-gnu/libXau.so.6.0.0
7f83919f0000-7f83919f7000 r-xp 00000000 08:02 1188226                    /usr/lib/x86_64-linux-gnu/libffi.so.6.0.1
7f83919f7000-7f8391bf6000 ---p 00007000 08:02 1188226                    /usr/lib/x86_64-linux-gnu/libffi.so.6.0.1
7f8391bf6000-7f8391bf7000 r--p 00006000 08:02 1188226                    /usr/lib/x86_64-linux-gnu/libffi.so.6.0.1
7f8391bf7000-7f8391bf8000 rw-p 00007000 08:02 1188226                    /usr/lib/x86_64-linux-gnu/libffi.so.6.0.1
7f8391bf8000-7f8391c0f000 r-xp 00000000 08:02 1441817                    /lib/x86_64-linux-gnu/libresolv-2.19.so
7f8391c0f000-7f8391e0f000 ---p 00017000 08:02 1441817                    /lib/x86_64-linux-gnu/libresolv-2.19.so
7f8391e0f000-7f8391e10000 r--p 00017000 08:02 1441817                    /lib/x86_64-linux-gnu/libresolv-2.19.so
7f8391e10000-7f8391e11000 rw-p 00018000 08:02 1441817                    /lib/x86_64-linux-gnu/libresolv-2.19.so
7f8391e11000-7f8391e13000 rw-p 00000000 00:00 0 
7f8391e18000-7f8391e38000 r-xp 00000000 08:02 1441806                    /lib/x86_64-linux-gnu/libselinux.so.1
7f8391e38000-7f8392037000 ---p 00020000 08:02 1441806                    /lib/x86_64-linux-gnu/libselinux.so.1
7f8392037000-7f8392038000 r--p 0001f000 08:02 1441806                    /lib/x86_64-linux-gnu/libselinux.so.1
7f8392038000-7f8392039000 rw-p 00020000 08:02 1441806                    /lib/x86_64-linux-gnu/libselinux.so.1
7f8392039000-7f839203b000 rw-p 00000000 00:00 0 
7f8392040000-7f8392146000 r-xp 00000000 08:02 1443043                    /lib/x86_64-linux-gnu/libglib-2.0.so.0.4002.0
7f8392146000-7f8392345000 ---p 00106000 08:02 1443043                    /lib/x86_64-linux-gnu/libglib-2.0.so.0.4002.0
7f8392345000-7f8392346000 r--p 00105000 08:02 1443043                    /lib/x86_64-linux-gnu/libglib-2.0.so.0.4002.0
7f8392346000-7f8392347000 rw-p 00106000 08:02 1443043                    /lib/x86_64-linux-gnu/libglib-2.0.so.0.4002.0
7f8392347000-7f8392348000 rw-p 00000000 00:00 0 
7f8392348000-7f839234b000 r-xp 00000000 08:02 1181655                    /usr/lib/x86_64-linux-gnu/libgmodule-2.0.so.0.4002.0
7f839234b000-7f839254a000 ---p 00003000 08:02 1181655                    /usr/lib/x86_64-linux-gnu/libgmodule-2.0.so.0.4002.0
7f839254a000-7f839254b000 r--p 00002000 08:02 1181655                    /usr/lib/x86_64-linux-gnu/libgmodule-2.0.so.0.4002.0
7f839254b000-7f839254c000 rw-p 00003000 08:02 1181655                    /usr/lib/x86_64-linux-gnu/libgmodule-2.0.so.0.4002.0
7f8392550000-7f8392577000 r-xp 00000000 08:02 1445908                    /lib/x86_64-linux-gnu/libexpat.so.1.6.0
7f8392577000-7f8392777000 ---p 00027000 08:02 1445908                    /lib/x86_64-linux-gnu/libexpat.so.1.6.0
7f8392777000-7f8392779000 r--p 00027000 08:02 1445908                    /lib/x86_64-linux-gnu/libexpat.so.1.6.0
7f8392779000-7f839277a000 rw-p 00029000 08:02 1445908                    /lib/x86_64-linux-gnu/libexpat.so.1.6.0
7f8392780000-7f839281d000 r-xp 00000000 08:02 1180395                    /usr/lib/x86_64-linux-gnu/libfreetype.so.6.11.1
7f839281d000-7f8392a1c000 ---p 0009d000 08:02 1180395                    /usr/lib/x86_64-linux-gnu/libfreetype.so.6.11.1
7f8392a1c000-7f8392a22000 r--p 0009c000 08:02 1180395                    /usr/lib/x86_64-linux-gnu/libfreetype.so.6.11.1
7f8392a22000-7f8392a23000 rw-p 000a2000 08:02 1180395                    /usr/lib/x86_64-linux-gnu/libfreetype.so.6.11.1
7f8392a28000-7f8392a37000 r-xp 00000000 08:02 1188021                    /usr/lib/x86_64-linux-gnu/libavahi-client.so.3.2.9
7f8392a37000-7f8392c37000 ---p 0000f000 08:02 1188021                    /usr/lib/x86_64-linux-gnu/libavahi-client.so.3.2.9
7f8392c37000-7f8392c38000 r--p 0000f000 08:02 1188021                    /usr/lib/x86_64-linux-gnu/libavahi-client.so.3.2.9
7f8392c38000-7f8392c39000 rw-p 00010000 08:02 1188021                    /usr/lib/x86_64-linux-gnu/libavahi-client.so.3.2.9
7f8392c40000-7f8392c4b000 r-xp 00000000 08:02 1188023                    /usr/lib/x86_64-linux-gnu/libavahi-common.so.3.5.3
7f8392c4b000-7f8392e4a000 ---p 0000b000 08:02 1188023                    /usr/lib/x86_64-linux-gnu/libavahi-common.so.3.5.3
7f8392e4a000-7f8392e4b000 r--p 0000a000 08:02 1188023                    /usr/lib/x86_64-linux-gnu/libavahi-common.so.3.5.3
7f8392e4b000-7f8392e4c000 rw-p 0000b000 08:02 1188023                    /usr/lib/x86_64-linux-gnu/libavahi-common.so.3.5.3
7f8392e50000-7f8392f06000 r-xp 00000000 08:02 1183583                    /usr/lib/x86_64-linux-gnu/libgnutls.so.26.22.6
7f8392f06000-7f8393106000 ---p 000b6000 08:02 1183583                    /usr/lib/x86_64-linux-gnu/libgnutls.so.26.22.6
7f8393106000-7f839310c000 r--p 000b6000 08:02 1183583                    /usr/lib/x86_64-linux-gnu/libgnutls.so.26.22.6
7f839310c000-7f839310d000 rw-p 000bc000 08:02 1183583                    /usr/lib/x86_64-linux-gnu/libgnutls.so.26.22.6
7f839310d000-7f839310e000 rw-p 00000000 00:00 0 
7f8393110000-7f8393153000 r-xp 00000000 08:02 1182323                    /usr/lib/x86_64-linux-gnu/libgssapi_krb5.so.2.2
7f8393153000-7f8393353000 ---p 00043000 08:02 1182323                    /usr/lib/x86_64-linux-gnu/libgssapi_krb5.so.2.2
7f8393353000-7f8393354000 r--p 00043000 08:02 1182323                    /usr/lib/x86_64-linux-gnu/libgssapi_krb5.so.2.2
7f8393354000-7f8393356000 rw-p 00044000 08:02 1182323                    /usr/lib/x86_64-linux-gnu/libgssapi_krb5.so.2.2
7f8393358000-7f8393375000 r-xp 00000000 08:02 1189092                    /usr/lib/x86_64-linux-gnu/libxcb.so.1.1.0
7f8393375000-7f8393575000 ---p 0001d000 08:02 1189092                    /usr/lib/x86_64-linux-gnu/libxcb.so.1.1.0
7f8393575000-7f8393576000 r--p 0001d000 08:02 1189092                    /usr/lib/x86_64-linux-gnu/libxcb.so.1.1.0
7f8393576000-7f8393577000 rw-p 0001e000 08:02 1189092                    /usr/lib/x86_64-linux-gnu/libxcb.so.1.1.0
7f8393578000-7f83935c7000 r-xp 00000000 08:02 1181657                    /usr/lib/x86_64-linux-gnu/libgobject-2.0.so.0.4002.0
7f83935c7000-7f83937c7000 ---p 0004f000 08:02 1181657                    /usr/lib/x86_64-linux-gnu/libgobject-2.0.so.0.4002.0
7f83937c7000-7f83937c8000 r--p 0004f000 08:02 1181657                    /usr/lib/x86_64-linux-gnu/libgobject-2.0.so.0.4002.0
7f83937c8000-7f83937c9000 rw-p 00050000 08:02 1181657                    /usr/lib/x86_64-linux-gnu/libgobject-2.0.so.0.4002.0
7f83937d0000-7f839393c000 r-xp 00000000 08:02 1181661                    /usr/lib/x86_64-linux-gnu/libgio-2.0.so.0.4002.0
7f839393c000-7f8393b3b000 ---p 0016c000 08:02 1181661                    /usr/lib/x86_64-linux-gnu/libgio-2.0.so.0.4002.0
7f8393b3b000-7f8393b3f000 r--p 0016b000 08:02 1181661                    /usr/lib/x86_64-linux-gnu/libgio-2.0.so.0.4002.0
7f8393b3f000-7f8393b41000 rw-p 0016f000 08:02 1181661                    /usr/lib/x86_64-linux-gnu/libgio-2.0.so.0.4002.0
7f8393b41000-7f8393b43000 rw-p 00000000 00:00 0 
7f8393b48000-7f8393b82000 r-xp 00000000 08:02 1196543                    /usr/lib/x86_64-linux-gnu/libfontconfig.so.1.8.0
7f8393b82000-7f8393d81000 ---p 0003a000 08:02 1196543                    /usr/lib/x86_64-linux-gnu/libfontconfig.so.1.8.0
7f8393d81000-7f8393d83000 r--p 00039000 08:02 1196543                    /usr/lib/x86_64-linux-gnu/libfontconfig.so.1.8.0
7f8393d83000-7f8393d84000 rw-p 0003b000 08:02 1196543                    /usr/lib/x86_64-linux-gnu/libfontconfig.so.1.8.0
7f8393d88000-7f8393df4000 r-xp 00000000 08:02 1180391                    /usr/lib/x86_64-linux-gnu/libcups.so.2
7f8393df4000-7f8393ff4000 ---p 0006c000 08:02 1180391                    /usr/lib/x86_64-linux-gnu/libcups.so.2
7f8393ff4000-7f8393ffb000 r--p 0006c000 08:02 1180391                    /usr/lib/x86_64-linux-gnu/libcups.so.2
7f8393ffb000-7f8393ffc000 rw-p 00073000 08:02 1180391                    /usr/lib/x86_64-linux-gnu/libcups.so.2
7f8394000000-7f8394021000 rw-p 00000000 00:00 0 
7f8394021000-7f8398000000 ---p 00000000 00:00 0 
7f8398000000-7f8398659000 rw-p 00000000 00:00 0 
7f8398659000-7f839c000000 ---p 00000000 00:00 0 
7f839c000000-7f839c03f000 rw-p 00000000 00:00 0 
7f839c03f000-7f83a0000000 ---p 00000000 00:00 0 
7f83a0000000-7f83a0717000 rw-p 00000000 00:00 0 
7f83a0717000-7f83a4000000 ---p 00000000 00:00 0 
7f83a4000000-7f83a405d000 rw-p 00000000 00:00 0 
7f83a405d000-7f83a8000000 ---p 00000000 00:00 0 
7f83a8000000-7f83a80b1000 rw-p 00000000 00:00 0 
7f83a80b1000-7f83ac000000 ---p 00000000 00:00 0 
7f83ac000000-7f83ac021000 rw-p 00000000 00:00 0 
7f83ac021000-7f83b0000000 ---p 00000000 00:00 0 
7f83b0000000-7f83b0021000 rw-p 00000000 00:00 0 
7f83b0021000-7f83b4000000 ---p 00000000 00:00 0 
7f83b4000000-7f83b4021000 rw-p 00000000 00:00 0 
7f83b4021000-7f83b8000000 ---p 00000000 00:00 0 
7f83b8000000-7f83b8001000 r--s 00000000 08:02 2756953                    /var/cache/fontconfig/0c9eb80ebd1c36541ebe2852d3bb0c49-le64.cache-4
7f83b8008000-7f83b800c000 r--s 00000000 08:02 2756952                    /var/cache/fontconfig/7ef2298fde41cc6eeb7af42e48b7d293-le64.cache-4
7f83b800f000-7f83b8012000 ---p 00000000 00:00 0 
7f83b8012000-7f83b8110000 rw-p 00000000 00:00 0                          [stack:11535]
7f83b8110000-7f83b811f000 r-xp 00000000 08:02 1188440                    /usr/lib/x86_64-linux-gnu/libXi.so.6.1.0
7f83b811f000-7f83b831e000 ---p 0000f000 08:02 1188440                    /usr/lib/x86_64-linux-gnu/libXi.so.6.1.0
7f83b831e000-7f83b831f000 r--p 0000e000 08:02 1188440                    /usr/lib/x86_64-linux-gnu/libXi.so.6.1.0
7f83b831f000-7f83b8320000 rw-p 0000f000 08:02 1188440                    /usr/lib/x86_64-linux-gnu/libXi.so.6.1.0
7f83b8320000-7f83bc000000 rw-p 00000000 00:00 0 
7f83bc000000-7f83bc021000 rw-p 00000000 00:00 0 
7f83bc021000-7f83c0000000 ---p 00000000 00:00 0 
7f83c0000000-7f83c0021000 rw-p 00000000 00:00 0 
7f83c0021000-7f83c4000000 ---p 00000000 00:00 0 
7f83c4000000-7f83c4021000 rw-p 00000000 00:00 0 
7f83c4021000-7f83c8000000 ---p 00000000 00:00 0 
7f83c8007000-7f83c8038000 rw-p 00000000 00:00 0 
7f83c8038000-7f83c803d000 r-xp 00000000 08:02 1187956                    /usr/lib/x86_64-linux-gnu/libXtst.so.6.1.0
7f83c803d000-7f83c823c000 ---p 00005000 08:02 1187956                    /usr/lib/x86_64-linux-gnu/libXtst.so.6.1.0
7f83c823c000-7f83c823d000 r--p 00004000 08:02 1187956                    /usr/lib/x86_64-linux-gnu/libXtst.so.6.1.0
7f83c823d000-7f83c823e000 rw-p 00005000 08:02 1187956                    /usr/lib/x86_64-linux-gnu/libXtst.so.6.1.0
7f83c8240000-7f83c8249000 r-xp 00000000 08:02 1190129                    /usr/lib/x86_64-linux-gnu/libXrender.so.1.3.0
7f83c8249000-7f83c8448000 ---p 00009000 08:02 1190129                    /usr/lib/x86_64-linux-gnu/libXrender.so.1.3.0
7f83c8448000-7f83c8449000 r--p 00008000 08:02 1190129                    /usr/lib/x86_64-linux-gnu/libXrender.so.1.3.0
7f83c8449000-7f83c844a000 rw-p 00009000 08:02 1190129                    /usr/lib/x86_64-linux-gnu/libXrender.so.1.3.0
7f83c8450000-7f83c8580000 r-xp 00000000 08:02 1187913                    /usr/lib/x86_64-linux-gnu/libX11.so.6.3.0
7f83c8580000-7f83c8780000 ---p 00130000 08:02 1187913                    /usr/lib/x86_64-linux-gnu/libX11.so.6.3.0
7f83c8780000-7f83c8781000 r--p 00130000 08:02 1187913                    /usr/lib/x86_64-linux-gnu/libX11.so.6.3.0
7f83c8781000-7f83c8785000 rw-p 00131000 08:02 1187913                    /usr/lib/x86_64-linux-gnu/libX11.so.6.3.0
7f83c8788000-7f83c8799000 r-xp 00000000 08:02 1190118                    /usr/lib/x86_64-linux-gnu/libXext.so.6.4.0
7f83c8799000-7f83c8998000 ---p 00011000 08:02 1190118                    /usr/lib/x86_64-linux-gnu/libXext.so.6.4.0
7f83c8998000-7f83c8999000 r--p 00010000 08:02 1190118                    /usr/lib/x86_64-linux-gnu/libXext.so.6.4.0
7f83c8999000-7f83c899a000 rw-p 00011000 08:02 1190118                    /usr/lib/x86_64-linux-gnu/libXext.so.6.4.0
7f83c89b8000-7f83c89bf000 r--s 00000000 08:02 1713734                    /usr/lib/x86_64-linux-gnu/gconv/gconv-modules.cache
7f83c89c0000-7f83c8a08000 r-xp 00000000 08:02 1311229                    /usr/lib/jvm/java-7-openjdk-amd64/jre/lib/amd64/xawt/libmawt.so
7f83c8a08000-7f83c8c07000 ---p 00048000 08:02 1311229                    /usr/lib/jvm/java-7-openjdk-amd64/jre/lib/amd64/xawt/libmawt.so
7f83c8c07000-7f83c8c08000 r--p 00047000 08:02 1311229                    /usr/lib/jvm/java-7-openjdk-amd64/jre/lib/amd64/xawt/libmawt.so
7f83c8c08000-7f83c8c0b000 rw-p 00048000 08:02 1311229                    /usr/lib/jvm/java-7-openjdk-amd64/jre/lib/amd64/xawt/libmawt.so
7f83c8c0b000-7f83c8c0c000 rw-p 00000000 00:00 0 
7f83c8c10000-7f83c8cb0000 r-xp 00000000 08:02 1317752                    /usr/lib/jvm/java-7-openjdk-amd64/jre/lib/amd64/libawt.so
7f83c8cb0000-7f83c8eb0000 ---p 000a0000 08:02 1317752                    /usr/lib/jvm/java-7-openjdk-amd64/jre/lib/amd64/libawt.so
7f83c8eb0000-7f83c8eb1000 r--p 000a0000 08:02 1317752                    /usr/lib/jvm/java-7-openjdk-amd64/jre/lib/amd64/libawt.so
7f83c8eb1000-7f83c8ebc000 rw-p 000a1000 08:02 1317752                    /usr/lib/jvm/java-7-openjdk-amd64/jre/lib/amd64/libawt.so
7f83c8ebc000-7f83c8ee1000 rw-p 00000000 00:00 0 
7f83c8ee6000-7f83c8ef0000 r--s 000ae000 08:02 1310920                    /usr/lib/jvm/java-7-openjdk-amd64/jre/lib/resources.jar
7f83c8ef6000-7f83c8efa000 r--s 000a6000 08:02 2901832                    /home/xrousakis/.m2/repository/net/java/dev/jna/jna/3.5.1/jna-3.5.1.jar
7f83c8eff000-7f83c8f00000 ---p 00000000 00:00 0 
7f83c8f00000-7f83c9000000 rw-p 00000000 00:00 0                          [stack:11534]
7f83c9000000-7f83c9270000 rwxp 00000000 00:00 0 
7f83c9270000-7f83cc5ad000 rw-p 00000000 00:00 0 
7f83cc5ad000-7f83d0000000 ---p 00000000 00:00 0 
7f83d0003000-7f83d0005000 r--s 0000b000 08:02 2105256                    /home/xrousakis/.m2/repository/com/github/tulskiy/jkeymaster/1.1/jkeymaster-1.1.jar
7f83d0009000-7f83d000b000 r--s 00029000 08:02 2244940                    /home/xrousakis/.m2/repository/org/bytedeco/javacpp-presets/artoolkitplus/2.3.0-0.8/artoolkitplus-2.3.0-0.8-linux-x86_64.jar
7f83d0010000-7f83d0011000 r--s 00000000 08:02 2244936                    /home/xrousakis/.m2/repository/org/bytedeco/javacpp-presets/videoinput/0.200-0.8/videoinput-0.200-0.8-linux-x86_64.jar
7f83d0012000-7f83d0014000 r--s 00012000 08:02 2244934                    /home/xrousakis/.m2/repository/org/bytedeco/javacpp-presets/libfreenect/0.4-0.8/libfreenect-0.4-0.8-linux-x86_64.jar
7f83d0017000-7f83d0018000 r--s 00027000 08:02 2244931                    /home/xrousakis/.m2/repository/org/bytedeco/javacpp-presets/libdc1394/2.2.2-0.8/libdc1394-2.2.2-0.8-linux-x86_64.jar
7f83d0018000-7f83d0019000 r--s 00000000 08:02 2244929                    /home/xrousakis/.m2/repository/org/bytedeco/javacpp-presets/flycapture/1.7.17-0.8/flycapture-1.7.17-0.8-linux-x86_64.jar
7f83d001f000-7f83d0021000 r--s 0061f000 08:02 2244944                    /home/xrousakis/.m2/repository/org/bytedeco/javacpp-presets/ffmpeg/2.2.1-0.8/ffmpeg-2.2.1-0.8-linux-x86_64.jar
7f83d0025000-7f83d0027000 r--s 00785000 08:02 2244956                    /home/xrousakis/.m2/repository/org/bytedeco/javacpp-presets/opencv/2.4.9-0.8/opencv-2.4.9-0.8-linux-x86_64.jar
7f83d002d000-7f83d002e000 r--s 00005000 08:02 2244924                    /home/xrousakis/.m2/repository/org/bytedeco/javacpp-presets/artoolkitplus/2.3.0-0.8/artoolkitplus-2.3.0-0.8.jar
7f83d0033000-7f83d0034000 r--s 00003000 08:02 2244923                    /home/xrousakis/.m2/repository/org/bytedeco/javacpp-presets/videoinput/0.200-0.8/videoinput-0.200-0.8.jar
7f83d0034000-7f83d0036000 r--s 00004000 08:02 2244920                    /home/xrousakis/.m2/repository/org/bytedeco/javacpp-presets/libfreenect/0.4-0.8/libfreenect-0.4-0.8.jar
7f83d0036000-7f83d0038000 r--s 00006000 08:02 2244916                    /home/xrousakis/.m2/repository/org/bytedeco/javacpp-presets/libdc1394/2.2.2-0.8/libdc1394-2.2.2-0.8.jar
7f83d003c000-7f83d003e000 r--s 00004000 08:02 2244911                    /home/xrousakis/.m2/repository/org/bytedeco/javacpp-presets/flycapture/1.7.17-0.8/flycapture-1.7.17-0.8.jar
7f83d003e000-7f83d0044000 r--s 0002e000 08:02 2244912                    /home/xrousakis/.m2/repository/org/bytedeco/javacpp-presets/ffmpeg/2.2.1-0.8/ffmpeg-2.2.1-0.8.jar
7f83d004a000-7f83d005c000 r--s 000b2000 08:02 2244913                    /home/xrousakis/.m2/repository/org/bytedeco/javacpp-presets/opencv/2.4.9-0.8/opencv-2.4.9-0.8.jar
7f83d0062000-7f83d0066000 r--s 0002a000 08:02 2244914                    /home/xrousakis/.m2/repository/org/bytedeco/javacpp/0.8/javacpp-0.8.jar
7f83d006c000-7f83d0071000 r--s 0004c000 08:02 2244918                    /home/xrousakis/.m2/repository/org/bytedeco/javacv/0.8/javacv-0.8.jar
7f83d0072000-7f83d0073000 r--s 00002000 08:02 1310936                    /usr/lib/jvm/java-7-openjdk-amd64/jre/lib/ext/dnsns.jar
7f83d0075000-7f83d0079000 r--s 00085000 08:02 1310935                    /usr/lib/jvm/java-7-openjdk-amd64/jre/lib/ext/localedata.jar
7f83d007f000-7f83d0082000 r--s 0000f000 08:02 1310939                    /usr/lib/jvm/java-7-openjdk-amd64/jre/lib/ext/icedtea-sound.jar
7f83d0084000-7f83d0088000 r--s 0003c000 08:02 1310938                    /usr/lib/jvm/java-7-openjdk-amd64/jre/lib/ext/sunpkcs11.jar
7f83d008e000-7f83d0090000 r--s 00006000 08:02 1842397                    /usr/share/java/java-atk-wrapper.jar
7f83d0094000-7f83d0098000 r--s 00034000 08:02 1310937                    /usr/lib/jvm/java-7-openjdk-amd64/jre/lib/ext/sunjce_provider.jar
7f83d009a000-7f83d009c000 r--s 00012000 08:02 1310942                    /usr/lib/jvm/java-7-openjdk-amd64/jre/lib/ext/zipfs.jar
7f83d00a2000-7f83d00a5000 ---p 00000000 00:00 0 
7f83d00a5000-7f83d01a3000 rw-p 00000000 00:00 0                          [stack:11533]
7f83d01a3000-7f83d01a6000 ---p 00000000 00:00 0 
7f83d01a6000-7f83d02a4000 rw-p 00000000 00:00 0                          [stack:11532]
7f83d02a4000-7f83d02a7000 ---p 00000000 00:00 0 
7f83d02a7000-7f83d03a5000 rw-p 00000000 00:00 0                          [stack:11531]
7f83d03a5000-7f83d03a8000 ---p 00000000 00:00 0 
7f83d03a8000-7f83d04a6000 rw-p 00000000 00:00 0                          [stack:11528]
7f83d04a6000-7f83d04a9000 ---p 00000000 00:00 0 
7f83d04a9000-7f83d05a7000 rw-p 00000000 00:00 0                          [stack:11527]
7f83d05a7000-7f83d05aa000 ---p 00000000 00:00 0 
7f83d05aa000-7f83d06a8000 rw-p 00000000 00:00 0                          [stack:11525]
7f83d06a8000-7f83d06ac000 r-xp 00000000 08:02 1317769                    /usr/lib/jvm/java-7-openjdk-amd64/jre/lib/amd64/libdt_socket.so
7f83d06ac000-7f83d08ab000 ---p 00004000 08:02 1317769                    /usr/lib/jvm/java-7-openjdk-amd64/jre/lib/amd64/libdt_socket.so
7f83d08ab000-7f83d08ac000 r--p 00003000 08:02 1317769                    /usr/lib/jvm/java-7-openjdk-amd64/jre/lib/amd64/libdt_socket.so
7f83d08ac000-7f83d08ad000 rw-p 00004000 08:02 1317769                    /usr/lib/jvm/java-7-openjdk-amd64/jre/lib/amd64/libdt_socket.so
7f83d08b0000-7f83d08b3000 ---p 00000000 00:00 0 
7f83d08b3000-7f83d09b1000 rw-p 00000000 00:00 0                          [stack:11524]
7f83d09b1000-7f83d09b4000 ---p 00000000 00:00 0 
7f83d09b4000-7f83d0ab2000 rw-p 00000000 00:00 0                          [stack:11523]
7f83d0ab2000-7f83d0ab5000 ---p 00000000 00:00 0 
7f83d0ab5000-7f83d0bb3000 rw-p 00000000 00:00 0                          [stack:11522]
7f83d0bb3000-7f83d0bb4000 ---p 00000000 00:00 0 
7f83d0bb4000-7f83d1669000 rw-p 00000000 00:00 0                          [stack:11521]
7f83d1669000-7f83d181a000 r--s 01d29000 08:02 1310916                    /usr/lib/jvm/java-7-openjdk-amd64/jre/lib/rt.jar
7f83d181b000-7f83d1ce2000 rw-p 00000000 00:00 0 
7f83d1ce2000-7f83d1ce3000 ---p 00000000 00:00 0 
7f83d1ce3000-7f83d1de3000 rw-p 00000000 00:00 0                          [stack:11520]
7f83d1de3000-7f83d1de4000 ---p 00000000 00:00 0 
7f83d1de4000-7f83d1eef000 rw-p 00000000 00:00 0                          [stack:11519]
7f83d1eef000-7f83d1f37000 rw-p 00000000 00:00 0 
7f83d1f37000-7f83d1f5c000 rw-p 00000000 00:00 0 
7f83d1f5c000-7f83d2189000 rw-p 00000000 00:00 0 
7f83d2189000-7f83d2194000 rw-p 00000000 00:00 0 
7f83d2194000-7f83d21dc000 rw-p 00000000 00:00 0 
7f83d21dc000-7f83d2201000 rw-p 00000000 00:00 0 
7f83d2201000-7f83d242e000 rw-p 00000000 00:00 0 
7f83d242e000-7f83d254d000 rw-p 00000000 00:00 0 
7f83d254d000-7f83d2557000 ---p 00000000 00:00 0 
7f83d2557000-7f83d2558000 rw-p 00000000 00:00 0 
7f83d2558000-7f83d2560000 r-xp 00000000 08:02 1310955                    /usr/lib/jvm/java-7-openjdk-amd64/jre/lib/amd64/libzip.so
7f83d2560000-7f83d275f000 ---p 00008000 08:02 1310955                    /usr/lib/jvm/java-7-openjdk-amd64/jre/lib/amd64/libzip.so
7f83d275f000-7f83d2760000 r--p 00007000 08:02 1310955                    /usr/lib/jvm/java-7-openjdk-amd64/jre/lib/amd64/libzip.so
7f83d2760000-7f83d2761000 rw-p 00008000 08:02 1310955                    /usr/lib/jvm/java-7-openjdk-amd64/jre/lib/amd64/libzip.so
7f83d2768000-7f83d2773000 r-xp 00000000 08:02 1444608                    /lib/x86_64-linux-gnu/libnss_files-2.19.so
7f83d2773000-7f83d2972000 ---p 0000b000 08:02 1444608                    /lib/x86_64-linux-gnu/libnss_files-2.19.so
7f83d2972000-7f83d2973000 r--p 0000a000 08:02 1444608                    /lib/x86_64-linux-gnu/libnss_files-2.19.so
7f83d2973000-7f83d2974000 rw-p 0000b000 08:02 1444608                    /lib/x86_64-linux-gnu/libnss_files-2.19.so
7f83d2978000-7f83d2983000 r-xp 00000000 08:02 1444820                    /lib/x86_64-linux-gnu/libnss_nis-2.19.so
7f83d2983000-7f83d2b82000 ---p 0000b000 08:02 1444820                    /lib/x86_64-linux-gnu/libnss_nis-2.19.so
7f83d2b82000-7f83d2b83000 r--p 0000a000 08:02 1444820                    /lib/x86_64-linux-gnu/libnss_nis-2.19.so
7f83d2b83000-7f83d2b84000 rw-p 0000b000 08:02 1444820                    /lib/x86_64-linux-gnu/libnss_nis-2.19.so
7f83d2b88000-7f83d2b9f000 r-xp 00000000 08:02 1444807                    /lib/x86_64-linux-gnu/libnsl-2.19.so
7f83d2b9f000-7f83d2d9e000 ---p 00017000 08:02 1444807                    /lib/x86_64-linux-gnu/libnsl-2.19.so
7f83d2d9e000-7f83d2d9f000 r--p 00016000 08:02 1444807                    /lib/x86_64-linux-gnu/libnsl-2.19.so
7f83d2d9f000-7f83d2da0000 rw-p 00017000 08:02 1444807                    /lib/x86_64-linux-gnu/libnsl-2.19.so
7f83d2da0000-7f83d2da2000 rw-p 00000000 00:00 0 
7f83d2da8000-7f83d2db1000 r-xp 00000000 08:02 1444806                    /lib/x86_64-linux-gnu/libnss_compat-2.19.so
7f83d2db1000-7f83d2fb0000 ---p 00009000 08:02 1444806                    /lib/x86_64-linux-gnu/libnss_compat-2.19.so
7f83d2fb0000-7f83d2fb1000 r--p 00008000 08:02 1444806                    /lib/x86_64-linux-gnu/libnss_compat-2.19.so
7f83d2fb1000-7f83d2fb2000 rw-p 00009000 08:02 1444806                    /lib/x86_64-linux-gnu/libnss_compat-2.19.so
7f83d2fb8000-7f83d3282000 r--p 00000000 08:02 1186322                    /usr/lib/locale/locale-archive
7f83d3288000-7f83d328b000 r-xp 00000000 08:02 1317758                    /usr/lib/jvm/java-7-openjdk-amd64/jre/lib/amd64/libnpt.so
7f83d328b000-7f83d348a000 ---p 00003000 08:02 1317758                    /usr/lib/jvm/java-7-openjdk-amd64/jre/lib/amd64/libnpt.so
7f83d348a000-7f83d348b000 r--p 00002000 08:02 1317758                    /usr/lib/jvm/java-7-openjdk-amd64/jre/lib/amd64/libnpt.so
7f83d348b000-7f83d348c000 rw-p 00003000 08:02 1317758                    /usr/lib/jvm/java-7-openjdk-amd64/jre/lib/amd64/libnpt.so
7f83d3490000-7f83d34ca000 r-xp 00000000 08:02 1317754                    /usr/lib/jvm/java-7-openjdk-amd64/jre/lib/amd64/libjdwp.so
7f83d34ca000-7f83d36c9000 ---p 0003a000 08:02 1317754                    /usr/lib/jvm/java-7-openjdk-amd64/jre/lib/amd64/libjdwp.so
7f83d36c9000-7f83d36ca000 r--p 00039000 08:02 1317754                    /usr/lib/jvm/java-7-openjdk-amd64/jre/lib/amd64/libjdwp.so
7f83d36ca000-7f83d36cb000 rw-p 0003a000 08:02 1317754                    /usr/lib/jvm/java-7-openjdk-amd64/jre/lib/amd64/libjdwp.so
7f83d36d0000-7f83d36fb000 r-xp 00000000 08:02 1317774                    /usr/lib/jvm/java-7-openjdk-amd64/jre/lib/amd64/libjava.so
7f83d36fb000-7f83d38fa000 ---p 0002b000 08:02 1317774                    /usr/lib/jvm/java-7-openjdk-amd64/jre/lib/amd64/libjava.so
7f83d38fa000-7f83d38fb000 r--p 0002a000 08:02 1317774                    /usr/lib/jvm/java-7-openjdk-amd64/jre/lib/amd64/libjava.so
7f83d38fb000-7f83d38fd000 rw-p 0002b000 08:02 1317774                    /usr/lib/jvm/java-7-openjdk-amd64/jre/lib/amd64/libjava.so
7f83d3900000-7f83d3910000 r-xp 00000000 08:02 1317755                    /usr/lib/jvm/java-7-openjdk-amd64/jre/lib/amd64/libverify.so
7f83d3910000-7f83d3b0f000 ---p 00010000 08:02 1317755                    /usr/lib/jvm/java-7-openjdk-amd64/jre/lib/amd64/libverify.so
7f83d3b0f000-7f83d3b11000 r--p 0000f000 08:02 1317755                    /usr/lib/jvm/java-7-openjdk-amd64/jre/lib/amd64/libverify.so
7f83d3b11000-7f83d3b12000 rw-p 00011000 08:02 1317755                    /usr/lib/jvm/java-7-openjdk-amd64/jre/lib/amd64/libverify.so
7f83d3b18000-7f83d3b1f000 r-xp 00000000 08:02 1444817                    /lib/x86_64-linux-gnu/librt-2.19.so
7f83d3b1f000-7f83d3d1e000 ---p 00007000 08:02 1444817                    /lib/x86_64-linux-gnu/librt-2.19.so
7f83d3d1e000-7f83d3d1f000 r--p 00006000 08:02 1444817                    /lib/x86_64-linux-gnu/librt-2.19.so
7f83d3d1f000-7f83d3d20000 rw-p 00007000 08:02 1444817                    /lib/x86_64-linux-gnu/librt-2.19.so
7f83d3d20000-7f83d3d36000 r-xp 00000000 08:02 1441904                    /lib/x86_64-linux-gnu/libgcc_s.so.1
7f83d3d36000-7f83d3f35000 ---p 00016000 08:02 1441904                    /lib/x86_64-linux-gnu/libgcc_s.so.1
7f83d3f35000-7f83d3f36000 rw-p 00015000 08:02 1441904                    /lib/x86_64-linux-gnu/libgcc_s.so.1
7f83d3f38000-7f83d403d000 r-xp 00000000 08:02 1443041                    /lib/x86_64-linux-gnu/libm-2.19.so
7f83d403d000-7f83d423c000 ---p 00105000 08:02 1443041                    /lib/x86_64-linux-gnu/libm-2.19.so
7f83d423c000-7f83d423d000 r--p 00104000 08:02 1443041                    /lib/x86_64-linux-gnu/libm-2.19.so
7f83d423d000-7f83d423e000 rw-p 00105000 08:02 1443041                    /lib/x86_64-linux-gnu/libm-2.19.so
7f83d4240000-7f83d4326000 r-xp 00000000 08:02 1188933                    /usr/lib/x86_64-linux-gnu/libstdc++.so.6.0.19
7f83d4326000-7f83d4525000 ---p 000e6000 08:02 1188933                    /usr/lib/x86_64-linux-gnu/libstdc++.so.6.0.19
7f83d4525000-7f83d452d000 r--p 000e5000 08:02 1188933                    /usr/lib/x86_64-linux-gnu/libstdc++.so.6.0.19
7f83d452d000-7f83d452f000 rw-p 000ed000 08:02 1188933                    /usr/lib/x86_64-linux-gnu/libstdc++.so.6.0.19
7f83d452f000-7f83d4544000 rw-p 00000000 00:00 0 
7f83d4548000-7f83d5061000 r-xp 00000000 08:02 1317743                    /usr/lib/jvm/java-7-openjdk-amd64/jre/lib/amd64/server/libjvm.so
7f83d5061000-7f83d5261000 ---p 00b19000 08:02 1317743                    /usr/lib/jvm/java-7-openjdk-amd64/jre/lib/amd64/server/libjvm.so
7f83d5261000-7f83d52fb000 r--p 00b19000 08:02 1317743                    /usr/lib/jvm/java-7-openjdk-amd64/jre/lib/amd64/server/libjvm.so
7f83d52fb000-7f83d531e000 rw-p 00bb3000 08:02 1317743                    /usr/lib/jvm/java-7-openjdk-amd64/jre/lib/amd64/server/libjvm.so
7f83d531e000-7f83d534c000 rw-p 00000000 00:00 0 
7f83d5350000-7f83d5368000 r-xp 00000000 08:02 1446050                    /lib/x86_64-linux-gnu/libz.so.1.2.8
7f83d5368000-7f83d5567000 ---p 00018000 08:02 1446050                    /lib/x86_64-linux-gnu/libz.so.1.2.8
7f83d5567000-7f83d5568000 r--p 00017000 08:02 1446050                    /lib/x86_64-linux-gnu/libz.so.1.2.8
7f83d5568000-7f83d5569000 rw-p 00018000 08:02 1446050                    /lib/x86_64-linux-gnu/libz.so.1.2.8
7f83d5570000-7f83d5589000 r-xp 00000000 08:02 1444815                    /lib/x86_64-linux-gnu/libpthread-2.19.so
7f83d5589000-7f83d5788000 ---p 00019000 08:02 1444815                    /lib/x86_64-linux-gnu/libpthread-2.19.so
7f83d5788000-7f83d5789000 r--p 00018000 08:02 1444815                    /lib/x86_64-linux-gnu/libpthread-2.19.so
7f83d5789000-7f83d578a000 rw-p 00019000 08:02 1444815                    /lib/x86_64-linux-gnu/libpthread-2.19.so
7f83d578a000-7f83d578e000 rw-p 00000000 00:00 0 
7f83d5790000-7f83d5793000 r-xp 00000000 08:02 1444799                    /lib/x86_64-linux-gnu/libdl-2.19.so
7f83d5793000-7f83d5992000 ---p 00003000 08:02 1444799                    /lib/x86_64-linux-gnu/libdl-2.19.so
7f83d5992000-7f83d5993000 r--p 00002000 08:02 1444799                    /lib/x86_64-linux-gnu/libdl-2.19.so
7f83d5993000-7f83d5994000 rw-p 00003000 08:02 1444799                    /lib/x86_64-linux-gnu/libdl-2.19.so
7f83d5998000-7f83d5b53000 r-xp 00000000 08:02 1444814                    /lib/x86_64-linux-gnu/libc-2.19.so
7f83d5b53000-7f83d5d52000 ---p 001bb000 08:02 1444814                    /lib/x86_64-linux-gnu/libc-2.19.so
7f83d5d52000-7f83d5d56000 r--p 001ba000 08:02 1444814                    /lib/x86_64-linux-gnu/libc-2.19.so
7f83d5d56000-7f83d5d58000 rw-p 001be000 08:02 1444814                    /lib/x86_64-linux-gnu/libc-2.19.so
7f83d5d58000-7f83d5d5d000 rw-p 00000000 00:00 0 
7f83d5d60000-7f83d5d6d000 r-xp 00000000 08:02 1317741                    /usr/lib/jvm/java-7-openjdk-amd64/jre/lib/amd64/jli/libjli.so
7f83d5d6d000-7f83d5f6c000 ---p 0000d000 08:02 1317741                    /usr/lib/jvm/java-7-openjdk-amd64/jre/lib/amd64/jli/libjli.so
7f83d5f6c000-7f83d5f6d000 r--p 0000c000 08:02 1317741                    /usr/lib/jvm/java-7-openjdk-amd64/jre/lib/amd64/jli/libjli.so
7f83d5f6d000-7f83d5f6e000 rw-p 0000d000 08:02 1317741                    /usr/lib/jvm/java-7-openjdk-amd64/jre/lib/amd64/jli/libjli.so
7f83d5f70000-7f83d5f93000 r-xp 00000000 08:02 1444811                    /lib/x86_64-linux-gnu/ld-2.19.so
7f83d5f99000-7f83d5fca000 rw-p 00000000 00:00 0 
7f83d5fca000-7f83d6080000 rw-p 00000000 00:00 0 
7f83d6080000-7f83d6088000 rw-s 00000000 08:02 262540                     /tmp/hsperfdata_xrousakis/11514
7f83d6088000-7f83d6089000 rw-p 00000000 00:00 0 
7f83d6089000-7f83d608a000 rwxp 00000000 00:00 0 
7f83d608a000-7f83d608b000 rw-p 00000000 00:00 0 
7f83d608b000-7f83d608c000 r--p 00000000 00:00 0 
7f83d608c000-7f83d608f000 ---p 00000000 00:00 0 
7f83d608f000-7f83d6192000 rw-p 00000000 00:00 0                          [stack:11518]
7f83d6192000-7f83d6193000 r--p 00022000 08:02 1444811                    /lib/x86_64-linux-gnu/ld-2.19.so
7f83d6193000-7f83d6194000 rw-p 00023000 08:02 1444811                    /lib/x86_64-linux-gnu/ld-2.19.so
7f83d6194000-7f83d6197000 rw-p 00000000 00:00 0 
7fffb3af5000-7fffb3b17000 rw-p 00000000 00:00 0                          [stack]
7fffb3c00000-7fffb3c02000 r-xp 00000000 00:00 0                          [vdso]
ffffffffff600000-ffffffffff601000 r-xp 00000000 00:00 0                  [vsyscall]

VM Arguments:
jvm_args: -Xdebug -Xrunjdwp:transport=dt_socket,server=n,address=51980 
java_command: org.scify.jthinkfreedom.gui.ApplicationLauncher
Launcher Type: SUN_STANDARD

Environment Variables:
JAVA_HOME=/usr/lib/jvm/default-java
PATH=/usr/local/sbin:/usr/local/bin:/usr/sbin:/usr/bin:/sbin:/bin:/usr/games:/usr/local/games
USERNAME=xrousakis
LD_LIBRARY_PATH=/usr/lib/jvm/default-java/jre/lib/amd64:/usr/lib/jvm/default-java/jre/lib/i386:
SHELL=/bin/bash
DISPLAY=:0.0

Signal Handlers:
SIGSEGV: [libjvm.so+0x94bab0], sa_mask[0]=0x7ffbfeff, sa_flags=0x10000004
SIGBUS: [libjvm.so+0x94bab0], sa_mask[0]=0x7ffbfeff, sa_flags=0x10000004
SIGFPE: [libjvm.so+0x7c38b0], sa_mask[0]=0x7ffbfeff, sa_flags=0x10000004
SIGPIPE: [libjvm.so+0x7c38b0], sa_mask[0]=0x7ffbfeff, sa_flags=0x10000004
SIGXFSZ: [libjvm.so+0x7c38b0], sa_mask[0]=0x7ffbfeff, sa_flags=0x10000004
SIGILL: [libjvm.so+0x7c38b0], sa_mask[0]=0x7ffbfeff, sa_flags=0x10000004
SIGUSR1: SIG_DFL, sa_mask[0]=0x00000000, sa_flags=0x00000000
SIGUSR2: [libjvm.so+0x7c3750], sa_mask[0]=0x00000004, sa_flags=0x10000004
SIGHUP: [libjvm.so+0x7c3930], sa_mask[0]=0x7ffbfeff, sa_flags=0x10000004
SIGINT: SIG_IGN, sa_mask[0]=0x00000000, sa_flags=0x00000000
SIGTERM: [libjvm.so+0x7c3930], sa_mask[0]=0x7ffbfeff, sa_flags=0x10000004
SIGQUIT: [libjvm.so+0x7c3930], sa_mask[0]=0x7ffbfeff, sa_flags=0x10000004
SIGTRAP: SIG_DFL, sa_mask[0]=0x00000000, sa_flags=0x00000000


---------------  S Y S T E M  ---------------

OS:LinuxMint 17 (qiana)
uname:Linux 3.14.8-031408-generic #201406161755 SMP Mon Jun 16 21:56:09 UTC 2014 x86_64
libc:glibc 2.19 NPTL 2.19 
rlimit: STACK 8192k, CORE 0k, NPROC 55132, NOFILE 4096, AS infinity
load average:1,79 1,42 0,93

/proc/meminfo:
MemTotal:        7292072 kB
MemFree:         2821628 kB
MemAvailable:    4210292 kB
Buffers:          234088 kB
Cached:          1369288 kB
SwapCached:            0 kB
Active:          3254132 kB
Inactive:         931016 kB
Active(anon):    2582788 kB
Inactive(anon):   112924 kB
Active(file):     671344 kB
Inactive(file):   818092 kB
Unevictable:           0 kB
Mlocked:               0 kB
SwapTotal:       3361788 kB
SwapFree:        3361788 kB
Dirty:              7392 kB
Writeback:             0 kB
AnonPages:       2581804 kB
Mapped:           319032 kB
Shmem:            113944 kB
Slab:             163760 kB
SReclaimable:     136308 kB
SUnreclaim:        27452 kB
KernelStack:        4216 kB
PageTables:        35656 kB
NFS_Unstable:          0 kB
Bounce:                0 kB
WritebackTmp:          0 kB
CommitLimit:     7007824 kB
Committed_AS:    5996736 kB
VmallocTotal:   34359738367 kB
VmallocUsed:      315128 kB
VmallocChunk:   34359369956 kB
HardwareCorrupted:     0 kB
AnonHugePages:   1589248 kB
HugePages_Total:       0
HugePages_Free:        0
HugePages_Rsvd:        0
HugePages_Surp:        0
Hugepagesize:       2048 kB
DirectMap4k:       78168 kB
DirectMap2M:     3284992 kB
DirectMap1G:     4194304 kB


CPU:total 2 (2 cores per cpu, 1 threads per core) family 21 model 19 stepping 1, cmov, cx8, fxsr, mmx, sse, sse2, sse3, ssse3, sse4.1, sse4.2, popcnt, avx, aes, mmxext, 3dnowpref, lzcnt, sse4a, tsc, tscinvbit, tscinv

/proc/cpuinfo:
processor	: 0
vendor_id	: AuthenticAMD
cpu family	: 21
model		: 19
model name	: AMD A4-4000 APU with Radeon(tm) HD Graphics
stepping	: 1
microcode	: 0x6001119
cpu MHz		: 3000.000
cache size	: 1024 KB
physical id	: 0
siblings	: 2
core id		: 0
cpu cores	: 1
apicid		: 16
initial apicid	: 0
fpu		: yes
fpu_exception	: yes
cpuid level	: 13
wp		: yes
flags		: fpu vme de pse tsc msr pae mce cx8 apic sep mtrr pge mca cmov pat pse36 clflush mmx fxsr sse sse2 ht syscall nx mmxext fxsr_opt pdpe1gb rdtscp lm constant_tsc rep_good nopl nonstop_tsc extd_apicid aperfmperf pni pclmulqdq monitor ssse3 fma cx16 sse4_1 sse4_2 popcnt aes xsave avx f16c lahf_lm cmp_legacy svm extapic cr8_legacy abm sse4a misalignsse 3dnowprefetch osvw ibs xop skinit wdt lwp fma4 tce nodeid_msr tbm topoext perfctr_core perfctr_nb arat cpb hw_pstate npt lbrv svm_lock nrip_save tsc_scale vmcb_clean flushbyasid decodeassists pausefilter pfthreshold bmi1
bogomips	: 6029.96
TLB size	: 1536 4K pages
clflush size	: 64
cache_alignment	: 64
address sizes	: 48 bits physical, 48 bits virtual
power management: ts ttp tm 100mhzsteps hwpstate cpb eff_freq_ro

processor	: 1
vendor_id	: AuthenticAMD
cpu family	: 21
model		: 19
model name	: AMD A4-4000 APU with Radeon(tm) HD Graphics    
stepping	: 1
microcode	: 0x6001119
cpu MHz		: 3000.000
cache size	: 1024 KB
physical id	: 0
siblings	: 2
core id		: 1
cpu cores	: 1
apicid		: 17
initial apicid	: 1
fpu		: yes
fpu_exception	: yes
cpuid level	: 13
wp		: yes
flags		: fpu vme de pse tsc msr pae mce cx8 apic sep mtrr pge mca cmov pat pse36 clflush mmx fxsr sse sse2 ht syscall nx mmxext fxsr_opt pdpe1gb rdtscp lm constant_tsc rep_good nopl nonstop_tsc extd_apicid aperfmperf pni pclmulqdq monitor ssse3 fma cx16 sse4_1 sse4_2 popcnt aes xsave avx f16c lahf_lm cmp_legacy svm extapic cr8_legacy abm sse4a misalignsse 3dnowprefetch osvw ibs xop skinit wdt lwp fma4 tce nodeid_msr tbm topoext perfctr_core perfctr_nb arat cpb hw_pstate npt lbrv svm_lock nrip_save tsc_scale vmcb_clean flushbyasid decodeassists pausefilter pfthreshold bmi1
bogomips	: 6029.96
TLB size	: 1536 4K pages
clflush size	: 64
cache_alignment	: 64
address sizes	: 48 bits physical, 48 bits virtual
power management: ts ttp tm 100mhzsteps hwpstate cpb eff_freq_ro



Memory: 4k page, physical 7292072k(2821628k free), swap 3361788k(3361788k free)

vm_info: OpenJDK 64-Bit Server VM (24.79-b02) for linux-amd64 JRE (1.7.0_79-b14), built on Jul 24 2015 08:15:54 by "buildd" with gcc 4.8.2

time: Tue Aug 11 15:13:57 2015
elapsed time: 36 seconds

