#
# A fatal error has been detected by the Java Runtime Environment:
#
#  SIGSEGV (0xb) at pc=0x00007fee456ee2cc, pid=8441, tid=140661729519360
#
# JRE version: OpenJDK Runtime Environment (7.0_79-b14) (build 1.7.0_79-b14)
# Java VM: OpenJDK 64-Bit Server VM (24.79-b02 mixed mode linux-amd64 compressed oops)
# Derivative: IcedTea 2.5.6
# Distribution: Ubuntu 14.04 LTS, package 7u79-2.5.6-0ubuntu1.14.04.1
# Problematic frame:
# C  [libjpeg.so.8+0x162cc]  jpeg_has_multiple_scans+0x2c
#
# Failed to write core dump. Core dumps have been disabled. To enable core dumping, try "ulimit -c unlimited" before starting Java again
#
# If you would like to submit a bug report, please include
# instructions on how to reproduce the bug and visit:
#   http://icedtea.classpath.org/bugzilla
# The crash happened outside the Java Virtual Machine in native code.
# See problematic frame for where to report the bug.
#

---------------  T H R E A D  ---------------

Current thread (0x00007fee902ca800):  JavaThread "Image Fetcher 0" daemon [_thread_in_native, id=8458, stack(0x00007fee5c5be000,0x00007fee5c6bf000)]

siginfo:si_signo=SIGSEGV: si_errno=0, si_code=1 (SEGV_MAPERR), si_addr=0x0000000000000020

Registers:
RAX=0x0000000000000000, RBX=0x00007fee5c6bd4d0, RCX=0x0000000000000001, RDX=0x0000000000000000
RSP=0x00007fee5c6bd1b8, RBP=0x00007fee5c6bd7a0, RSI=0x0000000000000001, RDI=0x00007fee5c6bd4d0
R8 =0x0000000000000000, R9 =0x00007fee50000078, R10=0x00007fee5c6bcf80, R11=0x00007fee456ee2a0
R12=0x0000000000000000, R13=0xffffffffffffffff, R14=0x00007fee5c6bd840, R15=0x00007fee902ca800
RIP=0x00007fee456ee2cc, EFLAGS=0x0000000000010293, CSGSFS=0x0000000000000033, ERR=0x0000000000000004
  TRAPNO=0x000000000000000e

Top of Stack: (sp=0x00007fee5c6bd1b8)
0x00007fee5c6bd1b8:   00007fee3fdf7d33 00007fee902ca800
0x00007fee5c6bd1c8:   00007fee8fdde03b fffffff0ffffffff
0x00007fee5c6bd1d8:   0000000000000000 00007fee3fdf7ad0
0x00007fee5c6bd1e8:   00007fee5c6bd278 00007fee5c6bd830
0x00007fee5c6bd1f8:   00007fee5c6bd838 00007fee5c6bd840
0x00007fee5c6bd208:   00007fee902ca9d8 00000000dc590fc6
0x00007fee5c6bd218:   0000000000000292 00007fee3fdf71e0
0x00007fee5c6bd228:   00007fee3fdf7380 00007fee3fdf7500
0x00007fee5c6bd238:   00007fee456f6830 00007fee3fdf7200
0x00007fee5c6bd248:   00007fee5c6bd838 00007fee00000000
0x00007fee5c6bd258:   0000000000000000 00000000dc590e58
0x00007fee5c6bd268:   00007fee5c6bd830 ffffffffffffffff
0x00007fee5c6bd278:   0000000000000000 0000000000000000
0x00007fee5c6bd288:   0000000000000000 00007fee5c6bd280
0x00007fee5c6bd298:   0000000086420280 00007fee5c6bd328
0x00007fee5c6bd2a8:   00000000864be230 0000000000000000
0x00007fee5c6bd2b8:   0000000086420318 0000000000000000
0x00007fee5c6bd2c8:   00007fee5c6bd320 00007fee5c6bd390
0x00007fee5c6bd2d8:   00007fee8c3704e7 0000000000000000
0x00007fee5c6bd2e8:   00007fee3fdf7ad0 0000000000000000
0x00007fee5c6bd2f8:   00000000dc590440 0000000000000006
0x00007fee5c6bd308:   0000000000000007 00000000dcab1278
0x00007fee5c6bd318:   00000000dcab1278 00000000dc591258
0x00007fee5c6bd328:   0000000000000000 00007fee00001fa0
0x00007fee5c6bd338:   00007fee5c6bd3d0 00007fee5c6bd5d0
0x00007fee5c6bd348:   00007fee5c6bd500 00007fee902ca800
0x00007fee5c6bd358:   00007fee60001c10 00007fee3fdf7280
0x00007fee5c6bd368:   00007fee456fbcf0 00007fee3fdf7210
0x00007fee5c6bd378:   00007fee456fbd60 00007fee456fbd40
0x00007fee5c6bd388:   000000000000006a 000000000000003f
0x00007fee5c6bd398:   0000000300000000 0000000000000000
0x00007fee5c6bd3a8:   00007fee00000000 00007fee5c6bd400 

Instructions: (pc=0x00007fee456ee2cc)
0x00007fee456ee2ac:   ff 83 fa 08 76 12 48 8b 17 89 42 2c 48 8b 07 c7
0x00007fee456ee2bc:   42 28 15 00 00 00 ff 10 48 8b 83 58 02 00 00 5b
0x00007fee456ee2cc:   8b 40 20 c3 53 8b 47 24 48 89 fb 8d 90 33 ff ff
0x00007fee456ee2dc:   ff 83 fa 01 76 66 3d cf 00 00 00 74 47 3d d2 00 

Register to memory mapping:

RAX=0x0000000000000000 is an unknown value
RBX=0x00007fee5c6bd4d0 is pointing into the stack for thread: 0x00007fee902ca800
RCX=0x0000000000000001 is an unknown value
RDX=0x0000000000000000 is an unknown value
RSP=0x00007fee5c6bd1b8 is pointing into the stack for thread: 0x00007fee902ca800
RBP=0x00007fee5c6bd7a0 is pointing into the stack for thread: 0x00007fee902ca800
RSI=0x0000000000000001 is an unknown value
RDI=0x00007fee5c6bd4d0 is pointing into the stack for thread: 0x00007fee902ca800
R8 =0x0000000000000000 is an unknown value
R9 =0x00007fee50000078 is an unknown value
R10=0x00007fee5c6bcf80 is pointing into the stack for thread: 0x00007fee902ca800
R11=0x00007fee456ee2a0: jpeg_has_multiple_scans+0 in /usr/lib/x86_64-linux-gnu/libjpeg.so.8 at 0x00007fee456d8000
R12=0x0000000000000000 is an unknown value
R13=0xffffffffffffffff is an unknown value
R14=0x00007fee5c6bd840 is pointing into the stack for thread: 0x00007fee902ca800
R15=0x00007fee902ca800 is a thread


Stack: [0x00007fee5c5be000,0x00007fee5c6bf000],  sp=0x00007fee5c6bd1b8,  free space=1020k
Native frames: (J=compiled Java code, j=interpreted, Vv=VM code, C=native code)
C  [libjpeg.so.8+0x162cc]  jpeg_has_multiple_scans+0x2c
j  sun.awt.image.JPEGImageDecoder.readImage(Ljava/io/InputStream;[B)V+0
j  sun.awt.image.JPEGImageDecoder.produceImage()V+10
j  sun.awt.image.InputStreamImageSource.doFetch()V+51
j  sun.awt.image.ImageFetcher.fetchloop()V+33
j  sun.awt.image.ImageFetcher.run()V+5
v  ~StubRoutines::call_stub
V  [libjvm.so+0x5e80c9]  JavaCalls::call_helper(JavaValue*, methodHandle*, JavaCallArguments*, Thread*)+0x339
V  [libjvm.so+0x5e6f1e]  JavaCalls::call_virtual(JavaValue*, Handle, KlassHandle, Symbol*, Symbol*, Thread*)+0x20e
V  [libjvm.so+0x623391]  thread_entry(JavaThread*, Thread*)+0xd1
V  [libjvm.so+0x900f40]  JavaThread::thread_main_inner()+0xf0
V  [libjvm.so+0x9011b1]  JavaThread::run()+0x221
V  [libjvm.so+0x7c4f62]  java_start(Thread*)+0xf2

Java frames: (J=compiled Java code, j=interpreted, Vv=VM code)
j  sun.awt.image.JPEGImageDecoder.readImage(Ljava/io/InputStream;[B)V+0
j  sun.awt.image.JPEGImageDecoder.produceImage()V+10
j  sun.awt.image.InputStreamImageSource.doFetch()V+51
j  sun.awt.image.ImageFetcher.fetchloop()V+33
j  sun.awt.image.ImageFetcher.run()V+5
v  ~StubRoutines::call_stub

---------------  P R O C E S S  ---------------

Java Threads: ( => current thread )
  0x00007fee4c00d800 JavaThread "pool-2-thread-1" [_thread_blocked, id=8467, stack(0x00007fee442cf000,0x00007fee443d0000)]
  0x0000000000fb2800 JavaThread "Thread-2" [_thread_blocked, id=8466, stack(0x00007fee445ef000,0x00007fee446f0000)]
  0x0000000000ec7000 JavaThread "Thread-0" [_thread_blocked, id=8465, stack(0x00007fee44966000,0x00007fee44a67000)]
  0x0000000000ec5000 JavaThread "TimerQueue" daemon [_thread_blocked, id=8464, stack(0x00007fee44a67000,0x00007fee44b68000)]
  0x00007fee9000b000 JavaThread "DestroyJavaVM" [_thread_blocked, id=8443, stack(0x00007fee96877000,0x00007fee96978000)]
  0x00007fee903f0000 JavaThread "AWT-EventQueue-0" [_thread_blocked, id=8462, stack(0x00007fee44fd7000,0x00007fee450d8000)]
  0x00007fee903e4800 JavaThread "AWT-Shutdown" [_thread_blocked, id=8461, stack(0x00007fee5c08f000,0x00007fee5c190000)]
=>0x00007fee902ca800 JavaThread "Image Fetcher 0" daemon [_thread_in_native, id=8458, stack(0x00007fee5c5be000,0x00007fee5c6bf000)]
  0x00007fee902c5000 JavaThread "AWT-XAWT" daemon [_thread_in_native, id=8457, stack(0x00007fee5c6bf000,0x00007fee5c7c0000)]
  0x00007fee902a8000 JavaThread "Java2D Disposer" daemon [_thread_blocked, id=8456, stack(0x00007fee5cbd7000,0x00007fee5ccd8000)]
  0x00007fee900ae000 JavaThread "Service Thread" daemon [_thread_blocked, id=8454, stack(0x00007fee864e4000,0x00007fee865e5000)]
  0x00007fee900ab800 JavaThread "C2 CompilerThread1" daemon [_thread_in_native, id=8453, stack(0x00007fee865e5000,0x00007fee866e6000)]
  0x00007fee900a8800 JavaThread "C2 CompilerThread0" daemon [_thread_in_native, id=8452, stack(0x00007fee866e6000,0x00007fee867e7000)]
  0x00007fee900a6800 JavaThread "Signal Dispatcher" daemon [_thread_blocked, id=8451, stack(0x00007fee867e7000,0x00007fee868e8000)]
  0x00007fee90078800 JavaThread "Finalizer" daemon [_thread_blocked, id=8450, stack(0x00007fee86bb9000,0x00007fee86cba000)]
  0x00007fee90076800 JavaThread "Reference Handler" daemon [_thread_blocked, id=8449, stack(0x00007fee86cba000,0x00007fee86dbb000)]

Other Threads:
  0x00007fee90072000 VMThread [stack: 0x00007fee86dbb000,0x00007fee86ebc000] [id=8448]
  0x00007fee900b8800 WatcherThread [stack: 0x00007fee863e3000,0x00007fee864e4000] [id=8455]

VM state:not at safepoint (normal execution)

VM Mutex/Monitor currently owned by a thread: None

Heap
 PSYoungGen      total 33792K, used 31897K [0x00000000dae00000, 0x00000000dd380000, 0x0000000100000000)
  eden space 29184K, 96% used [0x00000000dae00000,0x00000000dc967248,0x00000000dca80000)
  from space 4608K, 83% used [0x00000000dca80000,0x00000000dce3f370,0x00000000dcf00000)
  to   space 4608K, 0% used [0x00000000dcf00000,0x00000000dcf00000,0x00000000dd380000)
 ParOldGen       total 75776K, used 8K [0x0000000090a00000, 0x0000000095400000, 0x00000000dae00000)
  object space 75776K, 0% used [0x0000000090a00000,0x0000000090a02000,0x0000000095400000)
 PSPermGen       total 21504K, used 20788K [0x0000000086400000, 0x0000000087900000, 0x0000000090a00000)
  object space 21504K, 96% used [0x0000000086400000,0x000000008784d1b0,0x0000000087900000)

Card table byte_map: [0x00007fee8bfa1000,0x00007fee8c370000] byte_map_base: 0x00007fee8bb6f000

Polling page: 0x00007fee96876000

Code Cache  [0x00007fee8c370000, 0x00007fee8c5e0000, 0x00007fee8f370000)
 total_blobs=792 nmethods=206 adapters=540 free_code_cache=48129Kb largest_free_block=49260096

Compilation events (10 events):
Event: 15,260 Thread 0x00007fee900ab800  218             sun.util.logging.PlatformLogger::isLoggable (9 bytes)
Event: 15,266 Thread 0x00007fee900ab800 nmethod 218 0x00007fee8c474750 code [0x00007fee8c474900, 0x00007fee8c474c78]
Event: 15,266 Thread 0x00007fee900ab800  219             sun.util.logging.PlatformLogger::isLoggable (38 bytes)
Event: 15,270 Thread 0x00007fee900ab800 nmethod 219 0x00007fee8c4740d0 code [0x00007fee8c474240, 0x00007fee8c474418]
Event: 15,272 Thread 0x00007fee900a8800  220             java.util.concurrent.locks.AbstractOwnableSynchronizer::getExclusiveOwnerThread (5 bytes)
Event: 15,272 Thread 0x00007fee900a8800 nmethod 220 0x00007fee8c400e50 code [0x00007fee8c400f80, 0x00007fee8c400fd8]
Event: 15,275 Thread 0x00007fee900ab800  221             java.util.logging.Logger::log (38 bytes)
Event: 15,285 Thread 0x00007fee900ab800 nmethod 221 0x00007fee8c475110 code [0x00007fee8c4752a0, 0x00007fee8c475570]
Event: 15,286 Thread 0x00007fee900a8800  222 % !         sun.awt.image.PNGImageDecoder::produceImage @ 960 (1920 bytes)
Event: 15,296 Thread 0x00007fee900ab800  223 %           org.scify.jthinkfreedom.skeleton.sensors.SensorAdapter::updateStimuli @ 17 (49 bytes)

GC Heap History (2 events):
Event: 2,087 GC heap before
{Heap before GC invocations=1 (full 0):
 PSYoungGen      total 33792K, used 29184K [0x00000000dae00000, 0x00000000dd380000, 0x0000000100000000)
  eden space 29184K, 100% used [0x00000000dae00000,0x00000000dca80000,0x00000000dca80000)
  from space 4608K, 0% used [0x00000000dcf00000,0x00000000dcf00000,0x00000000dd380000)
  to   space 4608K, 0% used [0x00000000dca80000,0x00000000dca80000,0x00000000dcf00000)
 ParOldGen       total 75776K, used 0K [0x0000000090a00000, 0x0000000095400000, 0x00000000dae00000)
  object space 75776K, 0% used [0x0000000090a00000,0x0000000090a00000,0x0000000095400000)
 PSPermGen       total 21504K, used 16142K [0x0000000086400000, 0x0000000087900000, 0x0000000090a00000)
  object space 21504K, 75% used [0x0000000086400000,0x00000000873c39e8,0x0000000087900000)
Event: 2,107 GC heap after
Heap after GC invocations=1 (full 0):
 PSYoungGen      total 33792K, used 3836K [0x00000000dae00000, 0x00000000dd380000, 0x0000000100000000)
  eden space 29184K, 0% used [0x00000000dae00000,0x00000000dae00000,0x00000000dca80000)
  from space 4608K, 83% used [0x00000000dca80000,0x00000000dce3f370,0x00000000dcf00000)
  to   space 4608K, 0% used [0x00000000dcf00000,0x00000000dcf00000,0x00000000dd380000)
 ParOldGen       total 75776K, used 8K [0x0000000090a00000, 0x0000000095400000, 0x00000000dae00000)
  object space 75776K, 0% used [0x0000000090a00000,0x0000000090a02000,0x0000000095400000)
 PSPermGen       total 21504K, used 16142K [0x0000000086400000, 0x0000000087900000, 0x0000000090a00000)
  object space 21504K, 75% used [0x0000000086400000,0x00000000873c39e8,0x0000000087900000)
}

Deoptimization events (10 events):
Event: 6,399 Thread 0x00007fee902ca800 Uncommon trap: reason=unloaded action=reinterpret pc=0x00007fee8c42b310 method=sun.awt.image.PNGImageDecoder.produceImage()V @ 361
Event: 6,402 Thread 0x00007fee902ca800 Uncommon trap: reason=predicate action=maybe_recompile pc=0x00007fee8c3f9ff4 method=sun.awt.image.PNGImageDecoder.produceImage()V @ 960
Event: 7,396 Thread 0x00007fee903f0000 Uncommon trap: reason=class_check action=maybe_recompile pc=0x00007fee8c3f68d4 method=sun.util.logging.PlatformLogger.finest(Ljava/lang/String;)V @ 8
Event: 7,396 Thread 0x00007fee903f0000 Uncommon trap: reason=class_check action=maybe_recompile pc=0x00007fee8c3f68d4 method=sun.util.logging.PlatformLogger.finest(Ljava/lang/String;)V @ 8
Event: 7,396 Thread 0x00007fee903f0000 Uncommon trap: reason=class_check action=maybe_recompile pc=0x00007fee8c3f68d4 method=sun.util.logging.PlatformLogger.finest(Ljava/lang/String;)V @ 8
Event: 7,399 Thread 0x00007fee902c5000 Uncommon trap: reason=class_check action=maybe_recompile pc=0x00007fee8c3f68d4 method=sun.util.logging.PlatformLogger.finest(Ljava/lang/String;)V @ 8
Event: 11,235 Thread 0x0000000000fb2800 Uncommon trap: reason=unreached action=reinterpret pc=0x00007fee8c436988 method=java.lang.ThreadLocal$ThreadLocalMap.getEntry(Ljava/lang/ThreadLocal;)Ljava/lang/ThreadLocal$ThreadLocalMap$Entry; @ 29
Event: 11,237 Thread 0x0000000000fb2800 Uncommon trap: reason=unreached action=reinterpret pc=0x00007fee8c43351c method=java.lang.ThreadLocal$ThreadLocalMap.getEntry(Ljava/lang/ThreadLocal;)Ljava/lang/ThreadLocal$ThreadLocalMap$Entry; @ 29
Event: 11,246 Thread 0x0000000000ec7000 Uncommon trap: reason=unreached action=reinterpret pc=0x00007fee8c465034 method=org.scify.jthinkfreedom.keyboard.stimuli.CapturekeyStimulus.onDataReceived()V @ 46
Event: 15,296 Thread 0x0000000000ec7000 Uncommon trap: reason=unreached action=reinterpret pc=0x00007fee8c4610a0 method=org.scify.jthinkfreedom.keyboard.stimuli.CapturekeyStimulus.onDataReceived()V @ 46

Internal exceptions (10 events):
Event: 7,611 Thread 0x0000000000fb2800 Threw 0x00000000dc47ea38 at /build/openjdk-7-FO0dNI/openjdk-7-7u79-2.5.6/build/openjdk/hotspot/src/share/vm/prims/jvm.cpp:1284
Event: 7,613 Thread 0x0000000000fb2800 Threw 0x00000000dc48ff38 at /build/openjdk-7-FO0dNI/openjdk-7-7u79-2.5.6/build/openjdk/hotspot/src/share/vm/prims/jvm.cpp:1284
Event: 7,621 Thread 0x0000000000fb2800 Threw 0x00000000dc4a9178 at /build/openjdk-7-FO0dNI/openjdk-7-7u79-2.5.6/build/openjdk/hotspot/src/share/vm/prims/jvm.cpp:1284
Event: 7,622 Thread 0x0000000000fb2800 Threw 0x00000000dc4ba328 at /build/openjdk-7-FO0dNI/openjdk-7-7u79-2.5.6/build/openjdk/hotspot/src/share/vm/prims/jvm.cpp:1284
Event: 11,235 Thread 0x0000000000fb2800 Threw 0x00000000dc4d7220 at /build/openjdk-7-FO0dNI/openjdk-7-7u79-2.5.6/build/openjdk/hotspot/src/share/vm/prims/jvm.cpp:1284
Event: 11,244 Thread 0x0000000000fb2800 Threw 0x00000000dc4efca8 at /build/openjdk-7-FO0dNI/openjdk-7-7u79-2.5.6/build/openjdk/hotspot/src/share/vm/prims/jvm.cpp:1284
Event: 11,546 Thread 0x00007fee903f0000 Threw 0x00000000dc7d7248 at /build/openjdk-7-FO0dNI/openjdk-7-7u79-2.5.6/build/openjdk/hotspot/src/share/vm/prims/jni.cpp:747
Event: 15,234 Thread 0x0000000000ec7000 Threw 0x00000000dc6cee78 at /build/openjdk-7-FO0dNI/openjdk-7-7u79-2.5.6/build/openjdk/hotspot/src/share/vm/prims/jvm.cpp:1284
Event: 15,267 Thread 0x0000000000ec7000 Threw 0x00000000dc6e4928 at /build/openjdk-7-FO0dNI/openjdk-7-7u79-2.5.6/build/openjdk/hotspot/src/share/vm/prims/jvm.cpp:1284
Event: 15,292 Thread 0x0000000000ec7000 Threw 0x00000000dc93fef0 at /build/openjdk-7-FO0dNI/openjdk-7-7u79-2.5.6/build/openjdk/hotspot/src/share/vm/prims/jvm.cpp:1284

Events (10 events):
Event: 15,292 loading class 0x00007fee90100cd0 done
Event: 15,292 loading class 0x00007fee903b2480
Event: 15,292 loading class 0x00007fee903b2480 done
Event: 15,296 Thread 0x0000000000ec7000 Uncommon trap: trap_request=0xffffffad fr.pc=0x00007fee8c4610a0
Event: 15,296 Thread 0x0000000000ec7000 DEOPT PACKING pc=0x00007fee8c4610a0 sp=0x00007fee44a658e0
Event: 15,296 Thread 0x0000000000ec7000 DEOPT UNPACKING pc=0x00007fee8c3a9045 sp=0x00007fee44a658a8 mode 2
Event: 15,296 Executing VM operation: RevokeBias
Event: 15,301 Executing VM operation: RevokeBias done
Event: 15,301 loading class 0x00007fee90100350
Event: 15,301 loading class 0x00007fee90100350 done


Dynamic libraries:
00400000-00401000 r-xp 00000000 08:02 1323751                            /usr/lib/jvm/java-7-openjdk-amd64/jre/bin/java
00600000-00601000 r--p 00000000 08:02 1323751                            /usr/lib/jvm/java-7-openjdk-amd64/jre/bin/java
00601000-00602000 rw-p 00001000 08:02 1323751                            /usr/lib/jvm/java-7-openjdk-amd64/jre/bin/java
00ebc000-0106a000 rw-p 00000000 00:00 0                                  [heap]
86400000-87900000 rw-p 00000000 00:00 0 
87900000-90a00000 rw-p 00000000 00:00 0 
90a00000-95400000 rw-p 00000000 00:00 0 
95400000-dae00000 rw-p 00000000 00:00 0 
dae00000-dd380000 rw-p 00000000 00:00 0 
dd380000-100000000 rw-p 00000000 00:00 0 
7fee3fbb6000-7fee3fdf0000 rw-p 00000000 00:00 0 
7fee3fdf0000-7fee3fdfa000 r-xp 00000000 08:02 1317748                    /usr/lib/jvm/java-7-openjdk-amd64/jre/lib/amd64/libjavajpeg.so
7fee3fdfa000-7fee3fff9000 ---p 0000a000 08:02 1317748                    /usr/lib/jvm/java-7-openjdk-amd64/jre/lib/amd64/libjavajpeg.so
7fee3fff9000-7fee3fffa000 r--p 00009000 08:02 1317748                    /usr/lib/jvm/java-7-openjdk-amd64/jre/lib/amd64/libjavajpeg.so
7fee3fffa000-7fee3fffb000 rw-p 0000a000 08:02 1317748                    /usr/lib/jvm/java-7-openjdk-amd64/jre/lib/amd64/libjavajpeg.so
7fee40000000-7fee40021000 rw-p 00000000 00:00 0 
7fee40021000-7fee44000000 ---p 00000000 00:00 0 
7fee440cd000-7fee440d0000 ---p 00000000 00:00 0 
7fee440d0000-7fee441ce000 rw-p 00000000 00:00 0 
7fee441ce000-7fee441d1000 ---p 00000000 00:00 0 
7fee441d1000-7fee442cf000 rw-p 00000000 00:00 0 
7fee442cf000-7fee442d2000 ---p 00000000 00:00 0 
7fee442d2000-7fee443d0000 rw-p 00000000 00:00 0                          [stack:8467]
7fee443d0000-7fee443e7000 r-xp 00000000 08:02 263135                     /tmp/jna-xrousakis/jna7109113022602129224.tmp (deleted)
7fee443e7000-7fee445e7000 ---p 00017000 08:02 263135                     /tmp/jna-xrousakis/jna7109113022602129224.tmp (deleted)
7fee445e7000-7fee445e8000 r--p 00017000 08:02 263135                     /tmp/jna-xrousakis/jna7109113022602129224.tmp (deleted)
7fee445e8000-7fee445e9000 rw-p 00018000 08:02 263135                     /tmp/jna-xrousakis/jna7109113022602129224.tmp (deleted)
7fee445ef000-7fee445f2000 ---p 00000000 00:00 0 
7fee445f2000-7fee446f0000 rw-p 00000000 00:00 0                          [stack:8466]
7fee446f0000-7fee4492d000 rw-s 00000000 00:04 3670026                    /SYSV00000000 (deleted)
7fee44966000-7fee44969000 ---p 00000000 00:00 0 
7fee44969000-7fee44a67000 rw-p 00000000 00:00 0                          [stack:8465]
7fee44a67000-7fee44a6a000 ---p 00000000 00:00 0 
7fee44a6a000-7fee44b68000 rw-p 00000000 00:00 0                          [stack:8464]
7fee44b68000-7fee44b83000 r--s 00000000 08:02 2362922                    /usr/share/fonts/type1/gsfonts/p052004l.pfb
7fee44b88000-7fee44ba3000 r--s 00000000 08:02 2362925                    /usr/share/fonts/type1/gsfonts/p052023l.pfb
7fee44ba8000-7fee44bba000 r--s 00000000 08:02 2362883                    /usr/share/fonts/type1/gsfonts/n019043l.pfb
7fee44bc0000-7fee44bcc000 r--s 00000000 08:02 2362868                    /usr/share/fonts/type1/gsfonts/d050000l.pfb
7fee44bd0000-7fee44be3000 r--s 00000000 08:02 2362847                    /usr/share/fonts/type1/gsfonts/b018015l.pfb
7fee44be8000-7fee44bf9000 r--s 00000000 08:02 2362889                    /usr/share/fonts/type1/gsfonts/n019063l.pfb
7fee44c00000-7fee44c12000 r--s 00000000 08:02 2362853                    /usr/share/fonts/type1/gsfonts/b018035l.pfb
7fee44c18000-7fee44c28000 r--s 00000000 08:02 2362832                    /usr/share/fonts/type1/gsfonts/a010013l.pfb
7fee44c28000-7fee44c3f000 r--s 00000000 08:02 2362934                    /usr/share/fonts/type1/gsfonts/z003034l.pfb
7fee44c40000-7fee44c52000 r--s 00000000 08:02 2362886                    /usr/share/fonts/type1/gsfonts/n019044l.pfb
7fee44c58000-7fee44c73000 r--s 00000000 08:02 2362859                    /usr/share/fonts/type1/gsfonts/c059016l.pfb
7fee44c78000-7fee44c79000 r--s 00000000 08:02 2756976                    /var/cache/fontconfig/c05880de57d1f5e948fdfacc138775d9-le64.cache-4
7fee44c80000-7fee44c8b000 r--s 00000000 08:02 2756975                    /var/cache/fontconfig/945677eb7aeaf62f1d50efc3fb3ec7d8-le64.cache-4
7fee44c90000-7fee44c92000 r--s 00000000 08:02 2756973                    /var/cache/fontconfig/99e8ed0e538f840c565b6ed5dad60d56-le64.cache-4
7fee44c98000-7fee44c9e000 r--s 00000000 08:02 2756972                    /var/cache/fontconfig/2cd17615ca594fa2959ae173292e504c-le64.cache-4
7fee44ca0000-7fee44ca1000 r--s 00000000 08:02 2756971                    /var/cache/fontconfig/e7071f4a29fa870f4323321c154eba04-le64.cache-4
7fee44ca8000-7fee44ca9000 r--s 00000000 08:02 2756970                    /var/cache/fontconfig/0d8c3b2ac0904cb8a57a757ad11a4a08-le64.cache-4
7fee44cb0000-7fee44cb7000 r--s 00000000 08:02 2756969                    /var/cache/fontconfig/a755afe4a08bf5b97852ceb7400b47bc-le64.cache-4
7fee44cb8000-7fee44cc4000 r--s 00000000 08:02 2756968                    /var/cache/fontconfig/6d41288fd70b0be22e8c3a91e032eec0-le64.cache-4
7fee44cc8000-7fee44cdc000 r--s 00000000 08:02 2756967                    /var/cache/fontconfig/04aabc0a78ac019cf9454389977116d2-le64.cache-4
7fee44ce0000-7fee44ce1000 r--s 00000000 08:02 2756966                    /var/cache/fontconfig/1ac9eb803944fde146138c791f5cc56a-le64.cache-4
7fee44ce8000-7fee44cec000 r--s 00000000 08:02 2756965                    /var/cache/fontconfig/385c0604a188198f04d133e54aba7fe7-le64.cache-4
7fee44cf0000-7fee44cf1000 r--s 00000000 08:02 2756964                    /var/cache/fontconfig/dc05db6664285cc2f12bf69c139ae4c3-le64.cache-4
7fee44cf8000-7fee44cfa000 r--s 00000000 08:02 2756963                    /var/cache/fontconfig/767a8244fc0220cfb567a839d0392e0b-le64.cache-4
7fee44d00000-7fee44d01000 r--s 00000000 08:02 2753289                    /var/cache/fontconfig/4794a0821666d79190d59a36cb4f44b5-le64.cache-4
7fee44d08000-7fee44d0d000 r--s 00000000 08:02 2756961                    /var/cache/fontconfig/8801497958630a81b71ace7c5f9b32a8-le64.cache-4
7fee44d10000-7fee44d17000 r--s 00000000 08:02 2756960                    /var/cache/fontconfig/3047814df9a2f067bd2d96a2b9c36e5a-le64.cache-4
7fee44d18000-7fee44d19000 r--s 00000000 08:02 2756959                    /var/cache/fontconfig/56cf4f4769d0f4abc89a4895d7bd3ae1-le64.cache-4
7fee44d20000-7fee44d26000 r--s 00000000 08:02 2756957                    /var/cache/fontconfig/b47c4e1ecd0709278f4910c18777a504-le64.cache-4
7fee44d28000-7fee44d3b000 r--s 00000000 08:02 2756956                    /var/cache/fontconfig/d52a8644073d54c13679302ca1180695-le64.cache-4
7fee44d40000-7fee44d49000 r--s 00000000 08:02 2754543                    /var/cache/fontconfig/3f7329c5293ffd510edef78f73874cfd-le64.cache-4
7fee44d50000-7fee44d5b000 r--s 00000000 08:02 2756954                    /var/cache/fontconfig/d589a48862398ed80a3d6066f4f56f4c-le64.cache-4
7fee44d60000-7fee44d63000 r--s 00000000 08:02 2756942                    /var/cache/fontconfig/e13b20fdb08344e0e664864cc2ede53d-le64.cache-4
7fee44d70000-7fee44d79000 r--s 00000000 08:02 2362931                    /usr/share/fonts/type1/gsfonts/s050000l.pfb
7fee44d80000-7fee44dd2000 r-xp 00000000 08:02 1317750                    /usr/lib/jvm/java-7-openjdk-amd64/jre/lib/amd64/libfontmanager.so
7fee44dd2000-7fee44fd1000 ---p 00052000 08:02 1317750                    /usr/lib/jvm/java-7-openjdk-amd64/jre/lib/amd64/libfontmanager.so
7fee44fd1000-7fee44fd4000 r--p 00051000 08:02 1317750                    /usr/lib/jvm/java-7-openjdk-amd64/jre/lib/amd64/libfontmanager.so
7fee44fd4000-7fee44fd5000 rw-p 00054000 08:02 1317750                    /usr/lib/jvm/java-7-openjdk-amd64/jre/lib/amd64/libfontmanager.so
7fee44fd7000-7fee44fda000 ---p 00000000 00:00 0 
7fee44fda000-7fee450d8000 rw-p 00000000 00:00 0                          [stack:8462]
7fee450d8000-7fee45285000 r-xp 00000000 08:02 263134                     /tmp/javacpp6687344285346/libjniopencv_core.so
7fee45285000-7fee45485000 ---p 001ad000 08:02 263134                     /tmp/javacpp6687344285346/libjniopencv_core.so
7fee45485000-7fee45486000 r--p 001ad000 08:02 263134                     /tmp/javacpp6687344285346/libjniopencv_core.so
7fee45486000-7fee45488000 rw-p 001ae000 08:02 263134                     /tmp/javacpp6687344285346/libjniopencv_core.so
7fee45488000-7fee454d6000 r-xp 00000000 08:02 262621                     /tmp/javacpp6687344285346/libjniopencv_highgui.so
7fee454d6000-7fee456d5000 ---p 0004e000 08:02 262621                     /tmp/javacpp6687344285346/libjniopencv_highgui.so
7fee456d5000-7fee456d6000 r--p 0004d000 08:02 262621                     /tmp/javacpp6687344285346/libjniopencv_highgui.so
7fee456d6000-7fee456d7000 rw-p 0004e000 08:02 262621                     /tmp/javacpp6687344285346/libjniopencv_highgui.so
7fee456d8000-7fee4571b000 r-xp 00000000 08:02 1188593                    /usr/lib/x86_64-linux-gnu/libjpeg.so.8.0.2
7fee4571b000-7fee4591b000 ---p 00043000 08:02 1188593                    /usr/lib/x86_64-linux-gnu/libjpeg.so.8.0.2
7fee4591b000-7fee4591c000 r--p 00043000 08:02 1188593                    /usr/lib/x86_64-linux-gnu/libjpeg.so.8.0.2
7fee4591c000-7fee4591d000 rw-p 00044000 08:02 1188593                    /usr/lib/x86_64-linux-gnu/libjpeg.so.8.0.2
7fee4591d000-7fee4592d000 rw-p 00000000 00:00 0 
7fee45930000-7fee45954000 r-xp 00000000 08:02 1188998                    /usr/lib/x86_64-linux-gnu/libv4lconvert.so.0.0.0
7fee45954000-7fee45b54000 ---p 00024000 08:02 1188998                    /usr/lib/x86_64-linux-gnu/libv4lconvert.so.0.0.0
7fee45b54000-7fee45b56000 r--p 00024000 08:02 1188998                    /usr/lib/x86_64-linux-gnu/libv4lconvert.so.0.0.0
7fee45b56000-7fee45b57000 rw-p 00026000 08:02 1188998                    /usr/lib/x86_64-linux-gnu/libv4lconvert.so.0.0.0
7fee45b57000-7fee45ba9000 rw-p 00000000 00:00 0 
7fee45bb0000-7fee45bb6000 r-xp 00000000 08:02 1188131                    /usr/lib/x86_64-linux-gnu/libdatrie.so.1.3.1
7fee45bb6000-7fee45db5000 ---p 00006000 08:02 1188131                    /usr/lib/x86_64-linux-gnu/libdatrie.so.1.3.1
7fee45db5000-7fee45db6000 r--p 00005000 08:02 1188131                    /usr/lib/x86_64-linux-gnu/libdatrie.so.1.3.1
7fee45db6000-7fee45db7000 rw-p 00006000 08:02 1188131                    /usr/lib/x86_64-linux-gnu/libdatrie.so.1.3.1
7fee45db8000-7fee45dd2000 r-xp 00000000 08:02 1188402                    /usr/lib/x86_64-linux-gnu/libgraphite2.so.3.0.1
7fee45dd2000-7fee45fd1000 ---p 0001a000 08:02 1188402                    /usr/lib/x86_64-linux-gnu/libgraphite2.so.3.0.1
7fee45fd1000-7fee45fd3000 r--p 00019000 08:02 1188402                    /usr/lib/x86_64-linux-gnu/libgraphite2.so.3.0.1
7fee45fd3000-7fee45fd4000 rw-p 0001b000 08:02 1188402                    /usr/lib/x86_64-linux-gnu/libgraphite2.so.3.0.1
7fee45fd8000-7fee45fe1000 r-xp 00000000 08:02 1188996                    /usr/lib/x86_64-linux-gnu/libv4l2.so.0.0.0
7fee45fe1000-7fee461e0000 ---p 00009000 08:02 1188996                    /usr/lib/x86_64-linux-gnu/libv4l2.so.0.0.0
7fee461e0000-7fee461e1000 r--p 00008000 08:02 1188996                    /usr/lib/x86_64-linux-gnu/libv4l2.so.0.0.0
7fee461e1000-7fee461e6000 rw-p 00009000 08:02 1188996                    /usr/lib/x86_64-linux-gnu/libv4l2.so.0.0.0
7fee461e8000-7fee461f0000 r-xp 00000000 08:02 1188953                    /usr/lib/x86_64-linux-gnu/libthai.so.0.2.0
7fee461f0000-7fee463ef000 ---p 00008000 08:02 1188953                    /usr/lib/x86_64-linux-gnu/libthai.so.0.2.0
7fee463ef000-7fee463f0000 r--p 00007000 08:02 1188953                    /usr/lib/x86_64-linux-gnu/libthai.so.0.2.0
7fee463f0000-7fee463f1000 rw-p 00008000 08:02 1188953                    /usr/lib/x86_64-linux-gnu/libthai.so.0.2.0
7fee463f8000-7fee4644b000 r-xp 00000000 08:02 1179957                    /usr/lib/x86_64-linux-gnu/libharfbuzz.so.0.927.0
7fee4644b000-7fee4664b000 ---p 00053000 08:02 1179957                    /usr/lib/x86_64-linux-gnu/libharfbuzz.so.0.927.0
7fee4664b000-7fee4664c000 r--p 00053000 08:02 1179957                    /usr/lib/x86_64-linux-gnu/libharfbuzz.so.0.927.0
7fee4664c000-7fee4664d000 rw-p 00054000 08:02 1179957                    /usr/lib/x86_64-linux-gnu/libharfbuzz.so.0.927.0
7fee46650000-7fee46658000 r-xp 00000000 08:02 1189074                    /usr/lib/x86_64-linux-gnu/libxcb-render.so.0.0.0
7fee46658000-7fee46857000 ---p 00008000 08:02 1189074                    /usr/lib/x86_64-linux-gnu/libxcb-render.so.0.0.0
7fee46857000-7fee46858000 r--p 00007000 08:02 1189074                    /usr/lib/x86_64-linux-gnu/libxcb-render.so.0.0.0
7fee46858000-7fee46859000 rw-p 00008000 08:02 1189074                    /usr/lib/x86_64-linux-gnu/libxcb-render.so.0.0.0
7fee46860000-7fee46862000 r-xp 00000000 08:02 1189078                    /usr/lib/x86_64-linux-gnu/libxcb-shm.so.0.0.0
7fee46862000-7fee46a61000 ---p 00002000 08:02 1189078                    /usr/lib/x86_64-linux-gnu/libxcb-shm.so.0.0.0
7fee46a61000-7fee46a62000 r--p 00001000 08:02 1189078                    /usr/lib/x86_64-linux-gnu/libxcb-shm.so.0.0.0
7fee46a62000-7fee46a63000 rw-p 00002000 08:02 1189078                    /usr/lib/x86_64-linux-gnu/libxcb-shm.so.0.0.0
7fee46a68000-7fee46b09000 r-xp 00000000 08:02 1188793                    /usr/lib/x86_64-linux-gnu/libpixman-1.so.0.30.2
7fee46b09000-7fee46d09000 ---p 000a1000 08:02 1188793                    /usr/lib/x86_64-linux-gnu/libpixman-1.so.0.30.2
7fee46d09000-7fee46d10000 r--p 000a1000 08:02 1188793                    /usr/lib/x86_64-linux-gnu/libpixman-1.so.0.30.2
7fee46d10000-7fee46d11000 rw-p 000a8000 08:02 1188793                    /usr/lib/x86_64-linux-gnu/libpixman-1.so.0.30.2
7fee46d18000-7fee46d1a000 r-xp 00000000 08:02 1187926                    /usr/lib/x86_64-linux-gnu/libXdamage.so.1.1.0
7fee46d1a000-7fee46f19000 ---p 00002000 08:02 1187926                    /usr/lib/x86_64-linux-gnu/libXdamage.so.1.1.0
7fee46f19000-7fee46f1a000 r--p 00001000 08:02 1187926                    /usr/lib/x86_64-linux-gnu/libXdamage.so.1.1.0
7fee46f1a000-7fee46f1b000 rw-p 00002000 08:02 1187926                    /usr/lib/x86_64-linux-gnu/libXdamage.so.1.1.0
7fee46f20000-7fee46f22000 r-xp 00000000 08:02 1187922                    /usr/lib/x86_64-linux-gnu/libXcomposite.so.1.0.0
7fee46f22000-7fee47121000 ---p 00002000 08:02 1187922                    /usr/lib/x86_64-linux-gnu/libXcomposite.so.1.0.0
7fee47121000-7fee47122000 r--p 00001000 08:02 1187922                    /usr/lib/x86_64-linux-gnu/libXcomposite.so.1.0.0
7fee47122000-7fee47123000 rw-p 00002000 08:02 1187922                    /usr/lib/x86_64-linux-gnu/libXcomposite.so.1.0.0
7fee47128000-7fee47131000 r-xp 00000000 08:02 1187948                    /usr/lib/x86_64-linux-gnu/libXrandr.so.2.2.0
7fee47131000-7fee47330000 ---p 00009000 08:02 1187948                    /usr/lib/x86_64-linux-gnu/libXrandr.so.2.2.0
7fee47330000-7fee47331000 r--p 00008000 08:02 1187948                    /usr/lib/x86_64-linux-gnu/libXrandr.so.2.2.0
7fee47331000-7fee47332000 rw-p 00009000 08:02 1187948                    /usr/lib/x86_64-linux-gnu/libXrandr.so.2.2.0
7fee47338000-7fee4733a000 r-xp 00000000 08:02 1187940                    /usr/lib/x86_64-linux-gnu/libXinerama.so.1.0.0
7fee4733a000-7fee47539000 ---p 00002000 08:02 1187940                    /usr/lib/x86_64-linux-gnu/libXinerama.so.1.0.0
7fee47539000-7fee4753a000 r--p 00001000 08:02 1187940                    /usr/lib/x86_64-linux-gnu/libXinerama.so.1.0.0
7fee4753a000-7fee4753b000 rw-p 00002000 08:02 1187940                    /usr/lib/x86_64-linux-gnu/libXinerama.so.1.0.0
7fee47540000-7fee47545000 r-xp 00000000 08:02 1188994                    /usr/lib/x86_64-linux-gnu/libv4l1.so.0.0.0
7fee47545000-7fee47744000 ---p 00005000 08:02 1188994                    /usr/lib/x86_64-linux-gnu/libv4l1.so.0.0.0
7fee47744000-7fee47745000 r--p 00004000 08:02 1188994                    /usr/lib/x86_64-linux-gnu/libv4l1.so.0.0.0
7fee47745000-7fee47746000 rw-p 00005000 08:02 1188994                    /usr/lib/x86_64-linux-gnu/libv4l1.so.0.0.0
7fee47748000-7fee47749000 r-xp 00000000 08:02 1181659                    /usr/lib/x86_64-linux-gnu/libgthread-2.0.so.0.4002.0
7fee47749000-7fee47948000 ---p 00001000 08:02 1181659                    /usr/lib/x86_64-linux-gnu/libgthread-2.0.so.0.4002.0
7fee47948000-7fee47949000 r--p 00000000 08:02 1181659                    /usr/lib/x86_64-linux-gnu/libgthread-2.0.so.0.4002.0
7fee47949000-7fee4794a000 rw-p 00001000 08:02 1181659                    /usr/lib/x86_64-linux-gnu/libgthread-2.0.so.0.4002.0
7fee47950000-7fee4799a000 r-xp 00000000 08:02 1181864                    /usr/lib/x86_64-linux-gnu/libpango-1.0.so.0.3600.3
7fee4799a000-7fee47b9a000 ---p 0004a000 08:02 1181864                    /usr/lib/x86_64-linux-gnu/libpango-1.0.so.0.3600.3
7fee47b9a000-7fee47b9c000 r--p 0004a000 08:02 1181864                    /usr/lib/x86_64-linux-gnu/libpango-1.0.so.0.3600.3
7fee47b9c000-7fee47b9d000 rw-p 0004c000 08:02 1181864                    /usr/lib/x86_64-linux-gnu/libpango-1.0.so.0.3600.3
7fee47ba0000-7fee47bb4000 r-xp 00000000 08:02 1181866                    /usr/lib/x86_64-linux-gnu/libpangoft2-1.0.so.0.3600.3
7fee47bb4000-7fee47db3000 ---p 00014000 08:02 1181866                    /usr/lib/x86_64-linux-gnu/libpangoft2-1.0.so.0.3600.3
7fee47db3000-7fee47db4000 r--p 00013000 08:02 1181866                    /usr/lib/x86_64-linux-gnu/libpangoft2-1.0.so.0.3600.3
7fee47db4000-7fee47db5000 rw-p 00014000 08:02 1181866                    /usr/lib/x86_64-linux-gnu/libpangoft2-1.0.so.0.3600.3
7fee47db8000-7fee47dd7000 r-xp 00000000 08:02 1188324                    /usr/lib/x86_64-linux-gnu/libgdk_pixbuf-2.0.so.0.3000.7
7fee47dd7000-7fee47fd7000 ---p 0001f000 08:02 1188324                    /usr/lib/x86_64-linux-gnu/libgdk_pixbuf-2.0.so.0.3000.7
7fee47fd7000-7fee47fd8000 r--p 0001f000 08:02 1188324                    /usr/lib/x86_64-linux-gnu/libgdk_pixbuf-2.0.so.0.3000.7
7fee47fd8000-7fee47fd9000 rw-p 00020000 08:02 1188324                    /usr/lib/x86_64-linux-gnu/libgdk_pixbuf-2.0.so.0.3000.7
7fee47fe0000-7fee480e6000 r-xp 00000000 08:02 1184068                    /usr/lib/x86_64-linux-gnu/libcairo.so.2.11301.0
7fee480e6000-7fee482e5000 ---p 00106000 08:02 1184068                    /usr/lib/x86_64-linux-gnu/libcairo.so.2.11301.0
7fee482e5000-7fee482e8000 r--p 00105000 08:02 1184068                    /usr/lib/x86_64-linux-gnu/libcairo.so.2.11301.0
7fee482e8000-7fee482e9000 rw-p 00108000 08:02 1184068                    /usr/lib/x86_64-linux-gnu/libcairo.so.2.11301.0
7fee482e9000-7fee482eb000 rw-p 00000000 00:00 0 
7fee482f0000-7fee4830f000 r-xp 00000000 08:02 1188009                    /usr/lib/x86_64-linux-gnu/libatk-1.0.so.0.21009.1
7fee4830f000-7fee4850f000 ---p 0001f000 08:02 1188009                    /usr/lib/x86_64-linux-gnu/libatk-1.0.so.0.21009.1
7fee4850f000-7fee48511000 r--p 0001f000 08:02 1188009                    /usr/lib/x86_64-linux-gnu/libatk-1.0.so.0.21009.1
7fee48511000-7fee48512000 rw-p 00021000 08:02 1188009                    /usr/lib/x86_64-linux-gnu/libatk-1.0.so.0.21009.1
7fee48518000-7fee48523000 r-xp 00000000 08:02 1181862                    /usr/lib/x86_64-linux-gnu/libpangocairo-1.0.so.0.3600.3
7fee48523000-7fee48723000 ---p 0000b000 08:02 1181862                    /usr/lib/x86_64-linux-gnu/libpangocairo-1.0.so.0.3600.3
7fee48723000-7fee48724000 r--p 0000b000 08:02 1181862                    /usr/lib/x86_64-linux-gnu/libpangocairo-1.0.so.0.3600.3
7fee48724000-7fee48725000 rw-p 0000c000 08:02 1181862                    /usr/lib/x86_64-linux-gnu/libpangocairo-1.0.so.0.3600.3
7fee48728000-7fee487d5000 r-xp 00000000 08:02 1185800                    /usr/lib/x86_64-linux-gnu/libgdk-x11-2.0.so.0.2400.23
7fee487d5000-7fee489d4000 ---p 000ad000 08:02 1185800                    /usr/lib/x86_64-linux-gnu/libgdk-x11-2.0.so.0.2400.23
7fee489d4000-7fee489d8000 r--p 000ac000 08:02 1185800                    /usr/lib/x86_64-linux-gnu/libgdk-x11-2.0.so.0.2400.23
7fee489d8000-7fee489da000 rw-p 000b0000 08:02 1185800                    /usr/lib/x86_64-linux-gnu/libgdk-x11-2.0.so.0.2400.23
7fee489e0000-7fee48e0f000 r-xp 00000000 08:02 1190134                    /usr/lib/x86_64-linux-gnu/libgtk-x11-2.0.so.0.2400.23
7fee48e0f000-7fee4900e000 ---p 0042f000 08:02 1190134                    /usr/lib/x86_64-linux-gnu/libgtk-x11-2.0.so.0.2400.23
7fee4900e000-7fee49015000 r--p 0042e000 08:02 1190134                    /usr/lib/x86_64-linux-gnu/libgtk-x11-2.0.so.0.2400.23
7fee49015000-7fee49019000 rw-p 00435000 08:02 1190134                    /usr/lib/x86_64-linux-gnu/libgtk-x11-2.0.so.0.2400.23
7fee49019000-7fee4901c000 rw-p 00000000 00:00 0 
7fee49020000-7fee49267000 r-xp 00000000 08:02 262620                     /tmp/javacpp6687344285346/libopencv_highgui.so.2.4
7fee49267000-7fee49467000 ---p 00247000 08:02 262620                     /tmp/javacpp6687344285346/libopencv_highgui.so.2.4
7fee49467000-7fee4946f000 r--p 00247000 08:02 262620                     /tmp/javacpp6687344285346/libopencv_highgui.so.2.4
7fee4946f000-7fee49478000 rw-p 0024f000 08:02 262620                     /tmp/javacpp6687344285346/libopencv_highgui.so.2.4
7fee49478000-7fee49480000 rw-p 00000000 00:00 0 
7fee49480000-7fee496db000 r-xp 00000000 08:02 262619                     /tmp/javacpp6687344285346/libopencv_imgproc.so.2.4
7fee496db000-7fee498db000 ---p 0025b000 08:02 262619                     /tmp/javacpp6687344285346/libopencv_imgproc.so.2.4
7fee498db000-7fee498e2000 r--p 0025b000 08:02 262619                     /tmp/javacpp6687344285346/libopencv_imgproc.so.2.4
7fee498e2000-7fee498e4000 rw-p 00262000 08:02 262619                     /tmp/javacpp6687344285346/libopencv_imgproc.so.2.4
7fee498e4000-7fee49979000 rw-p 00000000 00:00 0 
7fee49980000-7fee49c29000 r-xp 00000000 08:02 262618                     /tmp/javacpp6687344285346/libopencv_core.so.2.4
7fee49c29000-7fee49e28000 ---p 002a9000 08:02 262618                     /tmp/javacpp6687344285346/libopencv_core.so.2.4
7fee49e28000-7fee49e2c000 r--p 002a8000 08:02 262618                     /tmp/javacpp6687344285346/libopencv_core.so.2.4
7fee49e2c000-7fee49e35000 rw-p 002ac000 08:02 262618                     /tmp/javacpp6687344285346/libopencv_core.so.2.4
7fee49e35000-7fee49e38000 rw-p 00000000 00:00 0 
7fee49e38000-7fee49e61000 r-xp 00000000 08:02 262617                     /tmp/javacpp6687344285346/libtbb.so
7fee49e61000-7fee4a060000 ---p 00029000 08:02 262617                     /tmp/javacpp6687344285346/libtbb.so
7fee4a060000-7fee4a062000 r--p 00028000 08:02 262617                     /tmp/javacpp6687344285346/libtbb.so
7fee4a062000-7fee4a063000 rw-p 0002a000 08:02 262617                     /tmp/javacpp6687344285346/libtbb.so
7fee4a068000-7fee4a08e000 r-xp 00000000 08:02 262614                     /tmp/javacpp6687344285346/libjnifreenect.so
7fee4a08e000-7fee4a28d000 ---p 00026000 08:02 262614                     /tmp/javacpp6687344285346/libjnifreenect.so
7fee4a28d000-7fee4a28e000 r--p 00025000 08:02 262614                     /tmp/javacpp6687344285346/libjnifreenect.so
7fee4a28e000-7fee4a28f000 rw-p 00026000 08:02 262614                     /tmp/javacpp6687344285346/libjnifreenect.so
7fee4a290000-7fee4a293000 r-xp 00000000 08:02 262613                     /tmp/javacpp6687344285346/libfreenect_sync.so
7fee4a293000-7fee4a492000 ---p 00003000 08:02 262613                     /tmp/javacpp6687344285346/libfreenect_sync.so
7fee4a492000-7fee4a493000 r--p 00002000 08:02 262613                     /tmp/javacpp6687344285346/libfreenect_sync.so
7fee4a493000-7fee4a494000 rw-p 00003000 08:02 262613                     /tmp/javacpp6687344285346/libfreenect_sync.so
7fee4a498000-7fee4a4a6000 r-xp 00000000 08:02 262612                     /tmp/javacpp6687344285346/libfreenect.so
7fee4a4a6000-7fee4a6a5000 ---p 0000e000 08:02 262612                     /tmp/javacpp6687344285346/libfreenect.so
7fee4a6a5000-7fee4a6a6000 r--p 0000d000 08:02 262612                     /tmp/javacpp6687344285346/libfreenect.so
7fee4a6a6000-7fee4a6a7000 rw-p 0000e000 08:02 262612                     /tmp/javacpp6687344285346/libfreenect.so
7fee4a6a7000-7fee4a6a8000 ---p 00000000 00:00 0 
7fee4a6a8000-7fee4aea8000 rw-p 00000000 00:00 0 
7fee4aea8000-7fee4aefa000 r-xp 00000000 08:02 262544                     /tmp/javacpp6687344285346/libjnidc1394.so
7fee4aefa000-7fee4b0f9000 ---p 00052000 08:02 262544                     /tmp/javacpp6687344285346/libjnidc1394.so
7fee4b0f9000-7fee4b0fa000 r--p 00051000 08:02 262544                     /tmp/javacpp6687344285346/libjnidc1394.so
7fee4b0fa000-7fee4b0fb000 rw-p 00052000 08:02 262544                     /tmp/javacpp6687344285346/libjnidc1394.so
7fee4b100000-7fee4b108000 r-xp 00000000 08:02 1445949                    /lib/x86_64-linux-gnu/libnih-dbus.so.1.0.0
7fee4b108000-7fee4b308000 ---p 00008000 08:02 1445949                    /lib/x86_64-linux-gnu/libnih-dbus.so.1.0.0
7fee4b308000-7fee4b309000 r--p 00008000 08:02 1445949                    /lib/x86_64-linux-gnu/libnih-dbus.so.1.0.0
7fee4b309000-7fee4b30a000 rw-p 00009000 08:02 1445949                    /lib/x86_64-linux-gnu/libnih-dbus.so.1.0.0
7fee4b310000-7fee4b327000 r-xp 00000000 08:02 1445951                    /lib/x86_64-linux-gnu/libnih.so.1.0.0
7fee4b327000-7fee4b526000 ---p 00017000 08:02 1445951                    /lib/x86_64-linux-gnu/libnih.so.1.0.0
7fee4b526000-7fee4b527000 r--p 00016000 08:02 1445951                    /lib/x86_64-linux-gnu/libnih.so.1.0.0
7fee4b527000-7fee4b528000 rw-p 00017000 08:02 1445951                    /lib/x86_64-linux-gnu/libnih.so.1.0.0
7fee4b528000-7fee4b541000 r-xp 00000000 08:02 1444015                    /lib/x86_64-linux-gnu/libcgmanager.so.0.0.0
7fee4b541000-7fee4b740000 ---p 00019000 08:02 1444015                    /lib/x86_64-linux-gnu/libcgmanager.so.0.0.0
7fee4b740000-7fee4b742000 r--p 00018000 08:02 1444015                    /lib/x86_64-linux-gnu/libcgmanager.so.0.0.0
7fee4b742000-7fee4b743000 rw-p 0001a000 08:02 1444015                    /lib/x86_64-linux-gnu/libcgmanager.so.0.0.0
7fee4b748000-7fee4b758000 r-xp 00000000 08:02 1442754                    /lib/x86_64-linux-gnu/libudev.so.1.3.5
7fee4b758000-7fee4b957000 ---p 00010000 08:02 1442754                    /lib/x86_64-linux-gnu/libudev.so.1.3.5
7fee4b957000-7fee4b958000 r--p 0000f000 08:02 1442754                    /lib/x86_64-linux-gnu/libudev.so.1.3.5
7fee4b958000-7fee4b959000 rw-p 00010000 08:02 1442754                    /lib/x86_64-linux-gnu/libudev.so.1.3.5
7fee4b960000-7fee4b975000 r-xp 00000000 08:02 1446041                    /lib/x86_64-linux-gnu/libusb-1.0.so.0.1.0
7fee4b975000-7fee4bb75000 ---p 00015000 08:02 1446041                    /lib/x86_64-linux-gnu/libusb-1.0.so.0.1.0
7fee4bb75000-7fee4bb76000 r--p 00015000 08:02 1446041                    /lib/x86_64-linux-gnu/libusb-1.0.so.0.1.0
7fee4bb76000-7fee4bb77000 rw-p 00016000 08:02 1446041                    /lib/x86_64-linux-gnu/libusb-1.0.so.0.1.0
7fee4bb78000-7fee4bb85000 r-xp 00000000 08:02 1188844                    /usr/lib/x86_64-linux-gnu/libraw1394.so.11.1.0
7fee4bb85000-7fee4bd84000 ---p 0000d000 08:02 1188844                    /usr/lib/x86_64-linux-gnu/libraw1394.so.11.1.0
7fee4bd84000-7fee4bd85000 r--p 0000c000 08:02 1188844                    /usr/lib/x86_64-linux-gnu/libraw1394.so.11.1.0
7fee4bd85000-7fee4bd86000 rw-p 0000d000 08:02 1188844                    /usr/lib/x86_64-linux-gnu/libraw1394.so.11.1.0
7fee4bd88000-7fee4bdbb000 r-xp 00000000 08:02 262542                     /tmp/javacpp6687344285346/libdc1394.so.22
7fee4bdbb000-7fee4bfbb000 ---p 00033000 08:02 262542                     /tmp/javacpp6687344285346/libdc1394.so.22
7fee4bfbb000-7fee4bfbc000 r--p 00033000 08:02 262542                     /tmp/javacpp6687344285346/libdc1394.so.22
7fee4bfbc000-7fee4bfbd000 rw-p 00034000 08:02 262542                     /tmp/javacpp6687344285346/libdc1394.so.22
7fee4bfbd000-7fee4bffd000 rw-p 00000000 00:00 0 
7fee4c000000-7fee4c078000 rw-p 00000000 00:00 0 
7fee4c078000-7fee50000000 ---p 00000000 00:00 0 
7fee50000000-7fee50100000 rw-p 00000000 00:00 0 
7fee50100000-7fee54000000 ---p 00000000 00:00 0 
7fee54000000-7fee54021000 rw-p 00000000 00:00 0 
7fee54021000-7fee58000000 ---p 00000000 00:00 0 
7fee58000000-7fee58021000 rw-p 00000000 00:00 0 
7fee58021000-7fee5c000000 ---p 00000000 00:00 0 
7fee5c000000-7fee5c001000 r--s 00000000 08:02 2756958                    /var/cache/fontconfig/b9d506c9ac06c20b433354fa67a72993-le64.cache-4
7fee5c010000-7fee5c021000 r--s 00000000 08:02 2362841                    /usr/share/fonts/type1/gsfonts/a010035l.pfb
7fee5c028000-7fee5c040000 r--s 00000000 08:02 2362862                    /usr/share/fonts/type1/gsfonts/c059033l.pfb
7fee5c040000-7fee5c055000 r--s 00000000 08:02 2362850                    /usr/share/fonts/type1/gsfonts/b018032l.pfb
7fee5c058000-7fee5c074000 r--s 00000000 08:02 2362928                    /usr/share/fonts/type1/gsfonts/p052024l.pfb
7fee5c078000-7fee5c088000 r--s 00000000 08:02 2362838                    /usr/share/fonts/type1/gsfonts/a010033l.pfb
7fee5c08f000-7fee5c092000 ---p 00000000 00:00 0 
7fee5c092000-7fee5c190000 rw-p 00000000 00:00 0                          [stack:8461]
7fee5c190000-7fee5c1a7000 r-xp 00000000 08:02 1317766                    /usr/lib/jvm/java-7-openjdk-amd64/jre/lib/amd64/libnet.so
7fee5c1a7000-7fee5c3a6000 ---p 00017000 08:02 1317766                    /usr/lib/jvm/java-7-openjdk-amd64/jre/lib/amd64/libnet.so
7fee5c3a6000-7fee5c3a7000 r--p 00016000 08:02 1317766                    /usr/lib/jvm/java-7-openjdk-amd64/jre/lib/amd64/libnet.so
7fee5c3a7000-7fee5c3a8000 rw-p 00017000 08:02 1317766                    /usr/lib/jvm/java-7-openjdk-amd64/jre/lib/amd64/libnet.so
7fee5c3a8000-7fee5c3b8000 r-xp 00000000 08:02 1317771                    /usr/lib/jvm/java-7-openjdk-amd64/jre/lib/amd64/libnio.so
7fee5c3b8000-7fee5c5b8000 ---p 00010000 08:02 1317771                    /usr/lib/jvm/java-7-openjdk-amd64/jre/lib/amd64/libnio.so
7fee5c5b8000-7fee5c5b9000 r--p 00010000 08:02 1317771                    /usr/lib/jvm/java-7-openjdk-amd64/jre/lib/amd64/libnio.so
7fee5c5b9000-7fee5c5ba000 rw-p 00011000 08:02 1317771                    /usr/lib/jvm/java-7-openjdk-amd64/jre/lib/amd64/libnio.so
7fee5c5be000-7fee5c5c1000 ---p 00000000 00:00 0 
7fee5c5c1000-7fee5c6bf000 rw-p 00000000 00:00 0                          [stack:8458]
7fee5c6bf000-7fee5c6c2000 ---p 00000000 00:00 0 
7fee5c6c2000-7fee5c7c0000 rw-p 00000000 00:00 0                          [stack:8457]
7fee5c7c0000-7fee5c7c5000 r-xp 00000000 08:02 1185797                    /usr/lib/x86_64-linux-gnu/libXfixes.so.3.1.0
7fee5c7c5000-7fee5c9c4000 ---p 00005000 08:02 1185797                    /usr/lib/x86_64-linux-gnu/libXfixes.so.3.1.0
7fee5c9c4000-7fee5c9c5000 r--p 00004000 08:02 1185797                    /usr/lib/x86_64-linux-gnu/libXfixes.so.3.1.0
7fee5c9c5000-7fee5c9c6000 rw-p 00005000 08:02 1185797                    /usr/lib/x86_64-linux-gnu/libXfixes.so.3.1.0
7fee5c9c8000-7fee5c9d1000 r-xp 00000000 08:02 1187924                    /usr/lib/x86_64-linux-gnu/libXcursor.so.1.0.2
7fee5c9d1000-7fee5cbd0000 ---p 00009000 08:02 1187924                    /usr/lib/x86_64-linux-gnu/libXcursor.so.1.0.2
7fee5cbd0000-7fee5cbd1000 r--p 00008000 08:02 1187924                    /usr/lib/x86_64-linux-gnu/libXcursor.so.1.0.2
7fee5cbd1000-7fee5cbd2000 rw-p 00009000 08:02 1187924                    /usr/lib/x86_64-linux-gnu/libXcursor.so.1.0.2
7fee5cbd7000-7fee5cbda000 ---p 00000000 00:00 0 
7fee5cbda000-7fee5ccd8000 rw-p 00000000 00:00 0                          [stack:8456]
7fee5ccd8000-7fee5ccdc000 r-xp 00000000 08:02 1445919                    /lib/x86_64-linux-gnu/libgpg-error.so.0.10.0
7fee5ccdc000-7fee5cedb000 ---p 00004000 08:02 1445919                    /lib/x86_64-linux-gnu/libgpg-error.so.0.10.0
7fee5cedb000-7fee5cedc000 r--p 00003000 08:02 1445919                    /lib/x86_64-linux-gnu/libgpg-error.so.0.10.0
7fee5cedc000-7fee5cedd000 rw-p 00004000 08:02 1445919                    /lib/x86_64-linux-gnu/libgpg-error.so.0.10.0
7fee5cee0000-7fee5cee2000 r-xp 00000000 08:02 1445929                    /lib/x86_64-linux-gnu/libkeyutils.so.1.4
7fee5cee2000-7fee5d0e2000 ---p 00002000 08:02 1445929                    /lib/x86_64-linux-gnu/libkeyutils.so.1.4
7fee5d0e2000-7fee5d0e3000 r--p 00002000 08:02 1445929                    /lib/x86_64-linux-gnu/libkeyutils.so.1.4
7fee5d0e3000-7fee5d0e4000 rw-p 00003000 08:02 1445929                    /lib/x86_64-linux-gnu/libkeyutils.so.1.4
7fee5d0e8000-7fee5d125000 r-xp 00000000 08:02 1445990                    /lib/x86_64-linux-gnu/libpcre.so.3.13.1
7fee5d125000-7fee5d324000 ---p 0003d000 08:02 1445990                    /lib/x86_64-linux-gnu/libpcre.so.3.13.1
7fee5d324000-7fee5d325000 r--p 0003c000 08:02 1445990                    /lib/x86_64-linux-gnu/libpcre.so.3.13.1
7fee5d325000-7fee5d326000 rw-p 0003d000 08:02 1445990                    /lib/x86_64-linux-gnu/libpcre.so.3.13.1
7fee5d328000-7fee5d34d000 r-xp 00000000 08:02 1446002                    /lib/x86_64-linux-gnu/libpng12.so.0.50.0
7fee5d34d000-7fee5d54c000 ---p 00025000 08:02 1446002                    /lib/x86_64-linux-gnu/libpng12.so.0.50.0
7fee5d54c000-7fee5d54d000 r--p 00024000 08:02 1446002                    /lib/x86_64-linux-gnu/libpng12.so.0.50.0
7fee5d54d000-7fee5d54e000 rw-p 00025000 08:02 1446002                    /lib/x86_64-linux-gnu/libpng12.so.0.50.0
7fee5d550000-7fee5d594000 r-xp 00000000 08:02 1444769                    /lib/x86_64-linux-gnu/libdbus-1.so.3.7.6
7fee5d594000-7fee5d793000 ---p 00044000 08:02 1444769                    /lib/x86_64-linux-gnu/libdbus-1.so.3.7.6
7fee5d793000-7fee5d794000 r--p 00043000 08:02 1444769                    /lib/x86_64-linux-gnu/libdbus-1.so.3.7.6
7fee5d794000-7fee5d795000 rw-p 00044000 08:02 1444769                    /lib/x86_64-linux-gnu/libdbus-1.so.3.7.6
7fee5d798000-7fee5d7d3000 r-xp 00000000 08:02 1188762                    /usr/lib/x86_64-linux-gnu/libp11-kit.so.0.0.0
7fee5d7d3000-7fee5d9d2000 ---p 0003b000 08:02 1188762                    /usr/lib/x86_64-linux-gnu/libp11-kit.so.0.0.0
7fee5d9d2000-7fee5d9d8000 r--p 0003a000 08:02 1188762                    /usr/lib/x86_64-linux-gnu/libp11-kit.so.0.0.0
7fee5d9d8000-7fee5d9da000 rw-p 00040000 08:02 1188762                    /usr/lib/x86_64-linux-gnu/libp11-kit.so.0.0.0
7fee5d9e0000-7fee5d9f2000 r-xp 00000000 08:02 1190002                    /usr/lib/x86_64-linux-gnu/libtasn1.so.6.2.0
7fee5d9f2000-7fee5dbf2000 ---p 00012000 08:02 1190002                    /usr/lib/x86_64-linux-gnu/libtasn1.so.6.2.0
7fee5dbf2000-7fee5dbf3000 r--p 00012000 08:02 1190002                    /usr/lib/x86_64-linux-gnu/libtasn1.so.6.2.0
7fee5dbf3000-7fee5dbf4000 rw-p 00013000 08:02 1190002                    /usr/lib/x86_64-linux-gnu/libtasn1.so.6.2.0
7fee5dbf8000-7fee5dc74000 r-xp 00000000 08:02 1443002                    /lib/x86_64-linux-gnu/libgcrypt.so.11.8.2
7fee5dc74000-7fee5de74000 ---p 0007c000 08:02 1443002                    /lib/x86_64-linux-gnu/libgcrypt.so.11.8.2
7fee5de74000-7fee5de75000 r--p 0007c000 08:02 1443002                    /lib/x86_64-linux-gnu/libgcrypt.so.11.8.2
7fee5de75000-7fee5de78000 rw-p 0007d000 08:02 1443002                    /lib/x86_64-linux-gnu/libgcrypt.so.11.8.2
7fee5de78000-7fee5de82000 r-xp 00000000 08:02 1185597                    /usr/lib/x86_64-linux-gnu/libkrb5support.so.0.1
7fee5de82000-7fee5e081000 ---p 0000a000 08:02 1185597                    /usr/lib/x86_64-linux-gnu/libkrb5support.so.0.1
7fee5e081000-7fee5e082000 r--p 00009000 08:02 1185597                    /usr/lib/x86_64-linux-gnu/libkrb5support.so.0.1
7fee5e082000-7fee5e083000 rw-p 0000a000 08:02 1185597                    /usr/lib/x86_64-linux-gnu/libkrb5support.so.0.1
7fee5e088000-7fee5e08b000 r-xp 00000000 08:02 1444828                    /lib/x86_64-linux-gnu/libcom_err.so.2.1
7fee5e08b000-7fee5e28a000 ---p 00003000 08:02 1444828                    /lib/x86_64-linux-gnu/libcom_err.so.2.1
7fee5e28a000-7fee5e28b000 r--p 00002000 08:02 1444828                    /lib/x86_64-linux-gnu/libcom_err.so.2.1
7fee5e28b000-7fee5e28c000 rw-p 00003000 08:02 1444828                    /lib/x86_64-linux-gnu/libcom_err.so.2.1
7fee5e290000-7fee5e2bc000 r-xp 00000000 08:02 1180183                    /usr/lib/x86_64-linux-gnu/libk5crypto.so.3.1
7fee5e2bc000-7fee5e4bb000 ---p 0002c000 08:02 1180183                    /usr/lib/x86_64-linux-gnu/libk5crypto.so.3.1
7fee5e4bb000-7fee5e4bd000 r--p 0002b000 08:02 1180183                    /usr/lib/x86_64-linux-gnu/libk5crypto.so.3.1
7fee5e4bd000-7fee5e4be000 rw-p 0002d000 08:02 1180183                    /usr/lib/x86_64-linux-gnu/libk5crypto.so.3.1
7fee5e4be000-7fee5e4bf000 rw-p 00000000 00:00 0 
7fee5e4c0000-7fee5e57c000 r-xp 00000000 08:02 1185595                    /usr/lib/x86_64-linux-gnu/libkrb5.so.3.3
7fee5e57c000-7fee5e77c000 ---p 000bc000 08:02 1185595                    /usr/lib/x86_64-linux-gnu/libkrb5.so.3.3
7fee5e77c000-7fee5e789000 r--p 000bc000 08:02 1185595                    /usr/lib/x86_64-linux-gnu/libkrb5.so.3.3
7fee5e789000-7fee5e78b000 rw-p 000c9000 08:02 1185595                    /usr/lib/x86_64-linux-gnu/libkrb5.so.3.3
7fee5e790000-7fee5e795000 r-xp 00000000 08:02 1187928                    /usr/lib/x86_64-linux-gnu/libXdmcp.so.6.0.0
7fee5e795000-7fee5e994000 ---p 00005000 08:02 1187928                    /usr/lib/x86_64-linux-gnu/libXdmcp.so.6.0.0
7fee5e994000-7fee5e995000 r--p 00004000 08:02 1187928                    /usr/lib/x86_64-linux-gnu/libXdmcp.so.6.0.0
7fee5e995000-7fee5e996000 rw-p 00005000 08:02 1187928                    /usr/lib/x86_64-linux-gnu/libXdmcp.so.6.0.0
7fee5e998000-7fee5e99a000 r-xp 00000000 08:02 1187917                    /usr/lib/x86_64-linux-gnu/libXau.so.6.0.0
7fee5e99a000-7fee5eb9a000 ---p 00002000 08:02 1187917                    /usr/lib/x86_64-linux-gnu/libXau.so.6.0.0
7fee5eb9a000-7fee5eb9b000 r--p 00002000 08:02 1187917                    /usr/lib/x86_64-linux-gnu/libXau.so.6.0.0
7fee5eb9b000-7fee5eb9c000 rw-p 00003000 08:02 1187917                    /usr/lib/x86_64-linux-gnu/libXau.so.6.0.0
7fee5eba0000-7fee5eba7000 r-xp 00000000 08:02 1188226                    /usr/lib/x86_64-linux-gnu/libffi.so.6.0.1
7fee5eba7000-7fee5eda6000 ---p 00007000 08:02 1188226                    /usr/lib/x86_64-linux-gnu/libffi.so.6.0.1
7fee5eda6000-7fee5eda7000 r--p 00006000 08:02 1188226                    /usr/lib/x86_64-linux-gnu/libffi.so.6.0.1
7fee5eda7000-7fee5eda8000 rw-p 00007000 08:02 1188226                    /usr/lib/x86_64-linux-gnu/libffi.so.6.0.1
7fee5eda8000-7fee5edbf000 r-xp 00000000 08:02 1441817                    /lib/x86_64-linux-gnu/libresolv-2.19.so
7fee5edbf000-7fee5efbf000 ---p 00017000 08:02 1441817                    /lib/x86_64-linux-gnu/libresolv-2.19.so
7fee5efbf000-7fee5efc0000 r--p 00017000 08:02 1441817                    /lib/x86_64-linux-gnu/libresolv-2.19.so
7fee5efc0000-7fee5efc1000 rw-p 00018000 08:02 1441817                    /lib/x86_64-linux-gnu/libresolv-2.19.so
7fee5efc1000-7fee5efc3000 rw-p 00000000 00:00 0 
7fee5efc8000-7fee5efe8000 r-xp 00000000 08:02 1441806                    /lib/x86_64-linux-gnu/libselinux.so.1
7fee5efe8000-7fee5f1e7000 ---p 00020000 08:02 1441806                    /lib/x86_64-linux-gnu/libselinux.so.1
7fee5f1e7000-7fee5f1e8000 r--p 0001f000 08:02 1441806                    /lib/x86_64-linux-gnu/libselinux.so.1
7fee5f1e8000-7fee5f1e9000 rw-p 00020000 08:02 1441806                    /lib/x86_64-linux-gnu/libselinux.so.1
7fee5f1e9000-7fee5f1eb000 rw-p 00000000 00:00 0 
7fee5f1f0000-7fee5f2f6000 r-xp 00000000 08:02 1443043                    /lib/x86_64-linux-gnu/libglib-2.0.so.0.4002.0
7fee5f2f6000-7fee5f4f5000 ---p 00106000 08:02 1443043                    /lib/x86_64-linux-gnu/libglib-2.0.so.0.4002.0
7fee5f4f5000-7fee5f4f6000 r--p 00105000 08:02 1443043                    /lib/x86_64-linux-gnu/libglib-2.0.so.0.4002.0
7fee5f4f6000-7fee5f4f7000 rw-p 00106000 08:02 1443043                    /lib/x86_64-linux-gnu/libglib-2.0.so.0.4002.0
7fee5f4f7000-7fee5f4f8000 rw-p 00000000 00:00 0 
7fee5f4f8000-7fee5f4fb000 r-xp 00000000 08:02 1181655                    /usr/lib/x86_64-linux-gnu/libgmodule-2.0.so.0.4002.0
7fee5f4fb000-7fee5f6fa000 ---p 00003000 08:02 1181655                    /usr/lib/x86_64-linux-gnu/libgmodule-2.0.so.0.4002.0
7fee5f6fa000-7fee5f6fb000 r--p 00002000 08:02 1181655                    /usr/lib/x86_64-linux-gnu/libgmodule-2.0.so.0.4002.0
7fee5f6fb000-7fee5f6fc000 rw-p 00003000 08:02 1181655                    /usr/lib/x86_64-linux-gnu/libgmodule-2.0.so.0.4002.0
7fee5f700000-7fee5f727000 r-xp 00000000 08:02 1445908                    /lib/x86_64-linux-gnu/libexpat.so.1.6.0
7fee5f727000-7fee5f927000 ---p 00027000 08:02 1445908                    /lib/x86_64-linux-gnu/libexpat.so.1.6.0
7fee5f927000-7fee5f929000 r--p 00027000 08:02 1445908                    /lib/x86_64-linux-gnu/libexpat.so.1.6.0
7fee5f929000-7fee5f92a000 rw-p 00029000 08:02 1445908                    /lib/x86_64-linux-gnu/libexpat.so.1.6.0
7fee5f930000-7fee5f9cd000 r-xp 00000000 08:02 1180395                    /usr/lib/x86_64-linux-gnu/libfreetype.so.6.11.1
7fee5f9cd000-7fee5fbcc000 ---p 0009d000 08:02 1180395                    /usr/lib/x86_64-linux-gnu/libfreetype.so.6.11.1
7fee5fbcc000-7fee5fbd2000 r--p 0009c000 08:02 1180395                    /usr/lib/x86_64-linux-gnu/libfreetype.so.6.11.1
7fee5fbd2000-7fee5fbd3000 rw-p 000a2000 08:02 1180395                    /usr/lib/x86_64-linux-gnu/libfreetype.so.6.11.1
7fee5fbd8000-7fee5fbe7000 r-xp 00000000 08:02 1188021                    /usr/lib/x86_64-linux-gnu/libavahi-client.so.3.2.9
7fee5fbe7000-7fee5fde7000 ---p 0000f000 08:02 1188021                    /usr/lib/x86_64-linux-gnu/libavahi-client.so.3.2.9
7fee5fde7000-7fee5fde8000 r--p 0000f000 08:02 1188021                    /usr/lib/x86_64-linux-gnu/libavahi-client.so.3.2.9
7fee5fde8000-7fee5fde9000 rw-p 00010000 08:02 1188021                    /usr/lib/x86_64-linux-gnu/libavahi-client.so.3.2.9
7fee5fdf0000-7fee5fdfb000 r-xp 00000000 08:02 1188023                    /usr/lib/x86_64-linux-gnu/libavahi-common.so.3.5.3
7fee5fdfb000-7fee5fffa000 ---p 0000b000 08:02 1188023                    /usr/lib/x86_64-linux-gnu/libavahi-common.so.3.5.3
7fee5fffa000-7fee5fffb000 r--p 0000a000 08:02 1188023                    /usr/lib/x86_64-linux-gnu/libavahi-common.so.3.5.3
7fee5fffb000-7fee5fffc000 rw-p 0000b000 08:02 1188023                    /usr/lib/x86_64-linux-gnu/libavahi-common.so.3.5.3
7fee60000000-7fee6071f000 rw-p 00000000 00:00 0 
7fee6071f000-7fee64000000 ---p 00000000 00:00 0 
7fee64000000-7fee64021000 rw-p 00000000 00:00 0 
7fee64021000-7fee68000000 ---p 00000000 00:00 0 
7fee68000000-7fee68021000 rw-p 00000000 00:00 0 
7fee68021000-7fee6c000000 ---p 00000000 00:00 0 
7fee6c000000-7fee6c61a000 rw-p 00000000 00:00 0 
7fee6c61a000-7fee70000000 ---p 00000000 00:00 0 
7fee70000000-7fee70021000 rw-p 00000000 00:00 0 
7fee70021000-7fee74000000 ---p 00000000 00:00 0 
7fee74000000-7fee74021000 rw-p 00000000 00:00 0 
7fee74021000-7fee78000000 ---p 00000000 00:00 0 
7fee78000000-7fee78021000 rw-p 00000000 00:00 0 
7fee78021000-7fee7c000000 ---p 00000000 00:00 0 
7fee7c000000-7fee7c079000 rw-p 00000000 00:00 0 
7fee7c079000-7fee80000000 ---p 00000000 00:00 0 
7fee80000000-7fee80021000 rw-p 00000000 00:00 0 
7fee80021000-7fee84000000 ---p 00000000 00:00 0 
7fee84000000-7fee84001000 r--s 00000000 08:02 2756953                    /var/cache/fontconfig/0c9eb80ebd1c36541ebe2852d3bb0c49-le64.cache-4
7fee84008000-7fee84020000 r--s 00000000 08:02 2362865                    /usr/share/fonts/type1/gsfonts/c059036l.pfb
7fee84020000-7fee8403b000 r--s 00000000 08:02 2362919                    /usr/share/fonts/type1/gsfonts/p052003l.pfb
7fee84040000-7fee84053000 r--s 00000000 08:02 2362892                    /usr/share/fonts/type1/gsfonts/n019064l.pfb
7fee84058000-7fee84072000 r--s 00000000 08:02 2362856                    /usr/share/fonts/type1/gsfonts/c059013l.pfb
7fee84078000-7fee84091000 r--s 00000000 08:02 2362844                    /usr/share/fonts/type1/gsfonts/b018012l.pfb
7fee84097000-7fee840c8000 rw-p 00000000 00:00 0 
7fee840c8000-7fee8417e000 r-xp 00000000 08:02 1183583                    /usr/lib/x86_64-linux-gnu/libgnutls.so.26.22.6
7fee8417e000-7fee8437e000 ---p 000b6000 08:02 1183583                    /usr/lib/x86_64-linux-gnu/libgnutls.so.26.22.6
7fee8437e000-7fee84384000 r--p 000b6000 08:02 1183583                    /usr/lib/x86_64-linux-gnu/libgnutls.so.26.22.6
7fee84384000-7fee84385000 rw-p 000bc000 08:02 1183583                    /usr/lib/x86_64-linux-gnu/libgnutls.so.26.22.6
7fee84385000-7fee84386000 rw-p 00000000 00:00 0 
7fee84388000-7fee843cb000 r-xp 00000000 08:02 1182323                    /usr/lib/x86_64-linux-gnu/libgssapi_krb5.so.2.2
7fee843cb000-7fee845cb000 ---p 00043000 08:02 1182323                    /usr/lib/x86_64-linux-gnu/libgssapi_krb5.so.2.2
7fee845cb000-7fee845cc000 r--p 00043000 08:02 1182323                    /usr/lib/x86_64-linux-gnu/libgssapi_krb5.so.2.2
7fee845cc000-7fee845ce000 rw-p 00044000 08:02 1182323                    /usr/lib/x86_64-linux-gnu/libgssapi_krb5.so.2.2
7fee845d0000-7fee845ed000 r-xp 00000000 08:02 1189092                    /usr/lib/x86_64-linux-gnu/libxcb.so.1.1.0
7fee845ed000-7fee847ed000 ---p 0001d000 08:02 1189092                    /usr/lib/x86_64-linux-gnu/libxcb.so.1.1.0
7fee847ed000-7fee847ee000 r--p 0001d000 08:02 1189092                    /usr/lib/x86_64-linux-gnu/libxcb.so.1.1.0
7fee847ee000-7fee847ef000 rw-p 0001e000 08:02 1189092                    /usr/lib/x86_64-linux-gnu/libxcb.so.1.1.0
7fee847f0000-7fee8483f000 r-xp 00000000 08:02 1181657                    /usr/lib/x86_64-linux-gnu/libgobject-2.0.so.0.4002.0
7fee8483f000-7fee84a3f000 ---p 0004f000 08:02 1181657                    /usr/lib/x86_64-linux-gnu/libgobject-2.0.so.0.4002.0
7fee84a3f000-7fee84a40000 r--p 0004f000 08:02 1181657                    /usr/lib/x86_64-linux-gnu/libgobject-2.0.so.0.4002.0
7fee84a40000-7fee84a41000 rw-p 00050000 08:02 1181657                    /usr/lib/x86_64-linux-gnu/libgobject-2.0.so.0.4002.0
7fee84a48000-7fee84bb4000 r-xp 00000000 08:02 1181661                    /usr/lib/x86_64-linux-gnu/libgio-2.0.so.0.4002.0
7fee84bb4000-7fee84db3000 ---p 0016c000 08:02 1181661                    /usr/lib/x86_64-linux-gnu/libgio-2.0.so.0.4002.0
7fee84db3000-7fee84db7000 r--p 0016b000 08:02 1181661                    /usr/lib/x86_64-linux-gnu/libgio-2.0.so.0.4002.0
7fee84db7000-7fee84db9000 rw-p 0016f000 08:02 1181661                    /usr/lib/x86_64-linux-gnu/libgio-2.0.so.0.4002.0
7fee84db9000-7fee84dbb000 rw-p 00000000 00:00 0 
7fee84dc0000-7fee84dfa000 r-xp 00000000 08:02 1196543                    /usr/lib/x86_64-linux-gnu/libfontconfig.so.1.8.0
7fee84dfa000-7fee84ff9000 ---p 0003a000 08:02 1196543                    /usr/lib/x86_64-linux-gnu/libfontconfig.so.1.8.0
7fee84ff9000-7fee84ffb000 r--p 00039000 08:02 1196543                    /usr/lib/x86_64-linux-gnu/libfontconfig.so.1.8.0
7fee84ffb000-7fee84ffc000 rw-p 0003b000 08:02 1196543                    /usr/lib/x86_64-linux-gnu/libfontconfig.so.1.8.0
7fee85000000-7fee8506c000 r-xp 00000000 08:02 1180391                    /usr/lib/x86_64-linux-gnu/libcups.so.2
7fee8506c000-7fee8526c000 ---p 0006c000 08:02 1180391                    /usr/lib/x86_64-linux-gnu/libcups.so.2
7fee8526c000-7fee85273000 r--p 0006c000 08:02 1180391                    /usr/lib/x86_64-linux-gnu/libcups.so.2
7fee85273000-7fee85274000 rw-p 00073000 08:02 1180391                    /usr/lib/x86_64-linux-gnu/libcups.so.2
7fee85278000-7fee85287000 r-xp 00000000 08:02 1188440                    /usr/lib/x86_64-linux-gnu/libXi.so.6.1.0
7fee85287000-7fee85486000 ---p 0000f000 08:02 1188440                    /usr/lib/x86_64-linux-gnu/libXi.so.6.1.0
7fee85486000-7fee85487000 r--p 0000e000 08:02 1188440                    /usr/lib/x86_64-linux-gnu/libXi.so.6.1.0
7fee85487000-7fee85488000 rw-p 0000f000 08:02 1188440                    /usr/lib/x86_64-linux-gnu/libXi.so.6.1.0
7fee85488000-7fee8548d000 r-xp 00000000 08:02 1187956                    /usr/lib/x86_64-linux-gnu/libXtst.so.6.1.0
7fee8548d000-7fee8568c000 ---p 00005000 08:02 1187956                    /usr/lib/x86_64-linux-gnu/libXtst.so.6.1.0
7fee8568c000-7fee8568d000 r--p 00004000 08:02 1187956                    /usr/lib/x86_64-linux-gnu/libXtst.so.6.1.0
7fee8568d000-7fee8568e000 rw-p 00005000 08:02 1187956                    /usr/lib/x86_64-linux-gnu/libXtst.so.6.1.0
7fee85690000-7fee85699000 r-xp 00000000 08:02 1190129                    /usr/lib/x86_64-linux-gnu/libXrender.so.1.3.0
7fee85699000-7fee85898000 ---p 00009000 08:02 1190129                    /usr/lib/x86_64-linux-gnu/libXrender.so.1.3.0
7fee85898000-7fee85899000 r--p 00008000 08:02 1190129                    /usr/lib/x86_64-linux-gnu/libXrender.so.1.3.0
7fee85899000-7fee8589a000 rw-p 00009000 08:02 1190129                    /usr/lib/x86_64-linux-gnu/libXrender.so.1.3.0
7fee858a0000-7fee859d0000 r-xp 00000000 08:02 1187913                    /usr/lib/x86_64-linux-gnu/libX11.so.6.3.0
7fee859d0000-7fee85bd0000 ---p 00130000 08:02 1187913                    /usr/lib/x86_64-linux-gnu/libX11.so.6.3.0
7fee85bd0000-7fee85bd1000 r--p 00130000 08:02 1187913                    /usr/lib/x86_64-linux-gnu/libX11.so.6.3.0
7fee85bd1000-7fee85bd5000 rw-p 00131000 08:02 1187913                    /usr/lib/x86_64-linux-gnu/libX11.so.6.3.0
7fee85bd8000-7fee85be9000 r-xp 00000000 08:02 1190118                    /usr/lib/x86_64-linux-gnu/libXext.so.6.4.0
7fee85be9000-7fee85de8000 ---p 00011000 08:02 1190118                    /usr/lib/x86_64-linux-gnu/libXext.so.6.4.0
7fee85de8000-7fee85de9000 r--p 00010000 08:02 1190118                    /usr/lib/x86_64-linux-gnu/libXext.so.6.4.0
7fee85de9000-7fee85dea000 rw-p 00011000 08:02 1190118                    /usr/lib/x86_64-linux-gnu/libXext.so.6.4.0
7fee85ded000-7fee85df2000 r--s 0004d000 08:02 1310924                    /usr/lib/jvm/java-7-openjdk-amd64/jre/lib/jsse.jar
7fee85df8000-7fee85e08000 r--s 00000000 08:02 2362835                    /usr/share/fonts/type1/gsfonts/a010015l.pfb
7fee85e08000-7fee85e0f000 r--s 00000000 08:02 1713734                    /usr/lib/x86_64-linux-gnu/gconv/gconv-modules.cache
7fee85e10000-7fee85e58000 r-xp 00000000 08:02 1311229                    /usr/lib/jvm/java-7-openjdk-amd64/jre/lib/amd64/xawt/libmawt.so
7fee85e58000-7fee86057000 ---p 00048000 08:02 1311229                    /usr/lib/jvm/java-7-openjdk-amd64/jre/lib/amd64/xawt/libmawt.so
7fee86057000-7fee86058000 r--p 00047000 08:02 1311229                    /usr/lib/jvm/java-7-openjdk-amd64/jre/lib/amd64/xawt/libmawt.so
7fee86058000-7fee8605b000 rw-p 00048000 08:02 1311229                    /usr/lib/jvm/java-7-openjdk-amd64/jre/lib/amd64/xawt/libmawt.so
7fee8605b000-7fee8605c000 rw-p 00000000 00:00 0 
7fee86060000-7fee86100000 r-xp 00000000 08:02 1317752                    /usr/lib/jvm/java-7-openjdk-amd64/jre/lib/amd64/libawt.so
7fee86100000-7fee86300000 ---p 000a0000 08:02 1317752                    /usr/lib/jvm/java-7-openjdk-amd64/jre/lib/amd64/libawt.so
7fee86300000-7fee86301000 r--p 000a0000 08:02 1317752                    /usr/lib/jvm/java-7-openjdk-amd64/jre/lib/amd64/libawt.so
7fee86301000-7fee8630c000 rw-p 000a1000 08:02 1317752                    /usr/lib/jvm/java-7-openjdk-amd64/jre/lib/amd64/libawt.so
7fee8630c000-7fee86331000 rw-p 00000000 00:00 0 
7fee86336000-7fee86340000 r--s 000ae000 08:02 1310920                    /usr/lib/jvm/java-7-openjdk-amd64/jre/lib/resources.jar
7fee86347000-7fee86349000 r--s 0061f000 08:02 2244944                    /home/xrousakis/.m2/repository/org/bytedeco/javacpp-presets/ffmpeg/2.2.1-0.8/ffmpeg-2.2.1-0.8-linux-x86_64.jar
7fee86350000-7fee86354000 r--s 00000000 08:02 2756952                    /var/cache/fontconfig/7ef2298fde41cc6eeb7af42e48b7d293-le64.cache-4
7fee86356000-7fee8635a000 r--s 000a6000 08:02 2901832                    /home/xrousakis/.m2/repository/net/java/dev/jna/jna/3.5.1/jna-3.5.1.jar
7fee8635b000-7fee8635d000 r--s 0000b000 08:02 2105256                    /home/xrousakis/.m2/repository/com/github/tulskiy/jkeymaster/1.1/jkeymaster-1.1.jar
7fee86361000-7fee86363000 r--s 00029000 08:02 2244940                    /home/xrousakis/.m2/repository/org/bytedeco/javacpp-presets/artoolkitplus/2.3.0-0.8/artoolkitplus-2.3.0-0.8-linux-x86_64.jar
7fee86368000-7fee86369000 r--s 00000000 08:02 2244936                    /home/xrousakis/.m2/repository/org/bytedeco/javacpp-presets/videoinput/0.200-0.8/videoinput-0.200-0.8-linux-x86_64.jar
7fee8636a000-7fee8636c000 r--s 00012000 08:02 2244934                    /home/xrousakis/.m2/repository/org/bytedeco/javacpp-presets/libfreenect/0.4-0.8/libfreenect-0.4-0.8-linux-x86_64.jar
7fee8636f000-7fee86370000 r--s 00027000 08:02 2244931                    /home/xrousakis/.m2/repository/org/bytedeco/javacpp-presets/libdc1394/2.2.2-0.8/libdc1394-2.2.2-0.8-linux-x86_64.jar
7fee86370000-7fee86371000 r--s 00000000 08:02 2244929                    /home/xrousakis/.m2/repository/org/bytedeco/javacpp-presets/flycapture/1.7.17-0.8/flycapture-1.7.17-0.8-linux-x86_64.jar
7fee86375000-7fee86377000 r--s 00785000 08:02 2244956                    /home/xrousakis/.m2/repository/org/bytedeco/javacpp-presets/opencv/2.4.9-0.8/opencv-2.4.9-0.8-linux-x86_64.jar
7fee8637d000-7fee8637e000 r--s 00005000 08:02 2244924                    /home/xrousakis/.m2/repository/org/bytedeco/javacpp-presets/artoolkitplus/2.3.0-0.8/artoolkitplus-2.3.0-0.8.jar
7fee86383000-7fee86384000 r--s 00003000 08:02 2244923                    /home/xrousakis/.m2/repository/org/bytedeco/javacpp-presets/videoinput/0.200-0.8/videoinput-0.200-0.8.jar
7fee86384000-7fee86386000 r--s 00004000 08:02 2244920                    /home/xrousakis/.m2/repository/org/bytedeco/javacpp-presets/libfreenect/0.4-0.8/libfreenect-0.4-0.8.jar
7fee86386000-7fee86388000 r--s 00006000 08:02 2244916                    /home/xrousakis/.m2/repository/org/bytedeco/javacpp-presets/libdc1394/2.2.2-0.8/libdc1394-2.2.2-0.8.jar
7fee8638c000-7fee8638e000 r--s 00004000 08:02 2244911                    /home/xrousakis/.m2/repository/org/bytedeco/javacpp-presets/flycapture/1.7.17-0.8/flycapture-1.7.17-0.8.jar
7fee8638e000-7fee86394000 r--s 0002e000 08:02 2244912                    /home/xrousakis/.m2/repository/org/bytedeco/javacpp-presets/ffmpeg/2.2.1-0.8/ffmpeg-2.2.1-0.8.jar
7fee8639a000-7fee863ac000 r--s 000b2000 08:02 2244913                    /home/xrousakis/.m2/repository/org/bytedeco/javacpp-presets/opencv/2.4.9-0.8/opencv-2.4.9-0.8.jar
7fee863b2000-7fee863b6000 r--s 0002a000 08:02 2244914                    /home/xrousakis/.m2/repository/org/bytedeco/javacpp/0.8/javacpp-0.8.jar
7fee863bc000-7fee863c1000 r--s 0004c000 08:02 2244918                    /home/xrousakis/.m2/repository/org/bytedeco/javacv/0.8/javacv-0.8.jar
7fee863c2000-7fee863c3000 r--s 00002000 08:02 1310936                    /usr/lib/jvm/java-7-openjdk-amd64/jre/lib/ext/dnsns.jar
7fee863c5000-7fee863c9000 r--s 00085000 08:02 1310935                    /usr/lib/jvm/java-7-openjdk-amd64/jre/lib/ext/localedata.jar
7fee863cf000-7fee863d2000 r--s 0000f000 08:02 1310939                    /usr/lib/jvm/java-7-openjdk-amd64/jre/lib/ext/icedtea-sound.jar
7fee863d4000-7fee863d8000 r--s 0003c000 08:02 1310938                    /usr/lib/jvm/java-7-openjdk-amd64/jre/lib/ext/sunpkcs11.jar
7fee863dc000-7fee863e0000 r--s 00034000 08:02 1310937                    /usr/lib/jvm/java-7-openjdk-amd64/jre/lib/ext/sunjce_provider.jar
7fee863e3000-7fee863e4000 ---p 00000000 00:00 0 
7fee863e4000-7fee864e4000 rw-p 00000000 00:00 0                          [stack:8455]
7fee864e4000-7fee864e7000 ---p 00000000 00:00 0 
7fee864e7000-7fee865e5000 rw-p 00000000 00:00 0                          [stack:8454]
7fee865e5000-7fee865e8000 ---p 00000000 00:00 0 
7fee865e8000-7fee866e6000 rw-p 00000000 00:00 0                          [stack:8453]
7fee866e6000-7fee866e9000 ---p 00000000 00:00 0 
7fee866e9000-7fee867e7000 rw-p 00000000 00:00 0                          [stack:8452]
7fee867e7000-7fee867ea000 ---p 00000000 00:00 0 
7fee867ea000-7fee868e8000 rw-p 00000000 00:00 0                          [stack:8451]
7fee868e8000-7fee86bb2000 r--p 00000000 08:02 1186322                    /usr/lib/locale/locale-archive
7fee86bb9000-7fee86bbc000 ---p 00000000 00:00 0 
7fee86bbc000-7fee86cba000 rw-p 00000000 00:00 0                          [stack:8450]
7fee86cba000-7fee86cbd000 ---p 00000000 00:00 0 
7fee86cbd000-7fee86dbb000 rw-p 00000000 00:00 0                          [stack:8449]
7fee86dbb000-7fee86dbc000 ---p 00000000 00:00 0 
7fee86dbc000-7fee87871000 rw-p 00000000 00:00 0                          [stack:8448]
7fee87871000-7fee87a22000 r--s 01d29000 08:02 1310916                    /usr/lib/jvm/java-7-openjdk-amd64/jre/lib/rt.jar
7fee87a29000-7fee8bb4d000 rw-p 00000000 00:00 0 
7fee8bb4d000-7fee8bb4e000 ---p 00000000 00:00 0 
7fee8bb4e000-7fee8bc4e000 rw-p 00000000 00:00 0                          [stack:8447]
7fee8bc4e000-7fee8bc4f000 ---p 00000000 00:00 0 
7fee8bc4f000-7fee8bd74000 rw-p 00000000 00:00 0                          [stack:8446]
7fee8bd74000-7fee8bfa1000 rw-p 00000000 00:00 0 
7fee8bfa1000-7fee8bfac000 rw-p 00000000 00:00 0 
7fee8bfac000-7fee8bff4000 rw-p 00000000 00:00 0 
7fee8bff4000-7fee8c019000 rw-p 00000000 00:00 0 
7fee8c019000-7fee8c246000 rw-p 00000000 00:00 0 
7fee8c246000-7fee8c259000 rw-p 00000000 00:00 0 
7fee8c259000-7fee8c36f000 rw-p 00000000 00:00 0 
7fee8c36f000-7fee8c370000 rw-p 00000000 00:00 0 
7fee8c370000-7fee8c5e0000 rwxp 00000000 00:00 0 
7fee8c5e0000-7fee8f370000 rw-p 00000000 00:00 0 
7fee8f370000-7fee8f378000 r-xp 00000000 08:02 1310955                    /usr/lib/jvm/java-7-openjdk-amd64/jre/lib/amd64/libzip.so
7fee8f378000-7fee8f577000 ---p 00008000 08:02 1310955                    /usr/lib/jvm/java-7-openjdk-amd64/jre/lib/amd64/libzip.so
7fee8f577000-7fee8f578000 r--p 00007000 08:02 1310955                    /usr/lib/jvm/java-7-openjdk-amd64/jre/lib/amd64/libzip.so
7fee8f578000-7fee8f579000 rw-p 00008000 08:02 1310955                    /usr/lib/jvm/java-7-openjdk-amd64/jre/lib/amd64/libzip.so
7fee8f580000-7fee8f58b000 r-xp 00000000 08:02 1444608                    /lib/x86_64-linux-gnu/libnss_files-2.19.so
7fee8f58b000-7fee8f78a000 ---p 0000b000 08:02 1444608                    /lib/x86_64-linux-gnu/libnss_files-2.19.so
7fee8f78a000-7fee8f78b000 r--p 0000a000 08:02 1444608                    /lib/x86_64-linux-gnu/libnss_files-2.19.so
7fee8f78b000-7fee8f78c000 rw-p 0000b000 08:02 1444608                    /lib/x86_64-linux-gnu/libnss_files-2.19.so
7fee8f790000-7fee8f79b000 r-xp 00000000 08:02 1444820                    /lib/x86_64-linux-gnu/libnss_nis-2.19.so
7fee8f79b000-7fee8f99a000 ---p 0000b000 08:02 1444820                    /lib/x86_64-linux-gnu/libnss_nis-2.19.so
7fee8f99a000-7fee8f99b000 r--p 0000a000 08:02 1444820                    /lib/x86_64-linux-gnu/libnss_nis-2.19.so
7fee8f99b000-7fee8f99c000 rw-p 0000b000 08:02 1444820                    /lib/x86_64-linux-gnu/libnss_nis-2.19.so
7fee8f9a0000-7fee8f9b7000 r-xp 00000000 08:02 1444807                    /lib/x86_64-linux-gnu/libnsl-2.19.so
7fee8f9b7000-7fee8fbb6000 ---p 00017000 08:02 1444807                    /lib/x86_64-linux-gnu/libnsl-2.19.so
7fee8fbb6000-7fee8fbb7000 r--p 00016000 08:02 1444807                    /lib/x86_64-linux-gnu/libnsl-2.19.so
7fee8fbb7000-7fee8fbb8000 rw-p 00017000 08:02 1444807                    /lib/x86_64-linux-gnu/libnsl-2.19.so
7fee8fbb8000-7fee8fbba000 rw-p 00000000 00:00 0 
7fee8fbc0000-7fee8fbc9000 r-xp 00000000 08:02 1444806                    /lib/x86_64-linux-gnu/libnss_compat-2.19.so
7fee8fbc9000-7fee8fdc8000 ---p 00009000 08:02 1444806                    /lib/x86_64-linux-gnu/libnss_compat-2.19.so
7fee8fdc8000-7fee8fdc9000 r--p 00008000 08:02 1444806                    /lib/x86_64-linux-gnu/libnss_compat-2.19.so
7fee8fdc9000-7fee8fdca000 rw-p 00009000 08:02 1444806                    /lib/x86_64-linux-gnu/libnss_compat-2.19.so
7fee8fdd0000-7fee8fdfb000 r-xp 00000000 08:02 1317774                    /usr/lib/jvm/java-7-openjdk-amd64/jre/lib/amd64/libjava.so
7fee8fdfb000-7fee8fffa000 ---p 0002b000 08:02 1317774                    /usr/lib/jvm/java-7-openjdk-amd64/jre/lib/amd64/libjava.so
7fee8fffa000-7fee8fffb000 r--p 0002a000 08:02 1317774                    /usr/lib/jvm/java-7-openjdk-amd64/jre/lib/amd64/libjava.so
7fee8fffb000-7fee8fffd000 rw-p 0002b000 08:02 1317774                    /usr/lib/jvm/java-7-openjdk-amd64/jre/lib/amd64/libjava.so
7fee90000000-7fee90506000 rw-p 00000000 00:00 0 
7fee90506000-7fee94000000 ---p 00000000 00:00 0 
7fee94006000-7fee94008000 r--s 00006000 08:02 1842397                    /usr/share/java/java-atk-wrapper.jar
7fee9400a000-7fee9400c000 r--s 00012000 08:02 1310942                    /usr/lib/jvm/java-7-openjdk-amd64/jre/lib/ext/zipfs.jar
7fee94012000-7fee940a0000 rw-p 00000000 00:00 0 
7fee940a0000-7fee940e8000 rw-p 00000000 00:00 0 
7fee940e8000-7fee940f8000 r-xp 00000000 08:02 1317755                    /usr/lib/jvm/java-7-openjdk-amd64/jre/lib/amd64/libverify.so
7fee940f8000-7fee942f7000 ---p 00010000 08:02 1317755                    /usr/lib/jvm/java-7-openjdk-amd64/jre/lib/amd64/libverify.so
7fee942f7000-7fee942f9000 r--p 0000f000 08:02 1317755                    /usr/lib/jvm/java-7-openjdk-amd64/jre/lib/amd64/libverify.so
7fee942f9000-7fee942fa000 rw-p 00011000 08:02 1317755                    /usr/lib/jvm/java-7-openjdk-amd64/jre/lib/amd64/libverify.so
7fee94300000-7fee94307000 r-xp 00000000 08:02 1444817                    /lib/x86_64-linux-gnu/librt-2.19.so
7fee94307000-7fee94506000 ---p 00007000 08:02 1444817                    /lib/x86_64-linux-gnu/librt-2.19.so
7fee94506000-7fee94507000 r--p 00006000 08:02 1444817                    /lib/x86_64-linux-gnu/librt-2.19.so
7fee94507000-7fee94508000 rw-p 00007000 08:02 1444817                    /lib/x86_64-linux-gnu/librt-2.19.so
7fee94508000-7fee9451e000 r-xp 00000000 08:02 1441904                    /lib/x86_64-linux-gnu/libgcc_s.so.1
7fee9451e000-7fee9471d000 ---p 00016000 08:02 1441904                    /lib/x86_64-linux-gnu/libgcc_s.so.1
7fee9471d000-7fee9471e000 rw-p 00015000 08:02 1441904                    /lib/x86_64-linux-gnu/libgcc_s.so.1
7fee94720000-7fee94825000 r-xp 00000000 08:02 1443041                    /lib/x86_64-linux-gnu/libm-2.19.so
7fee94825000-7fee94a24000 ---p 00105000 08:02 1443041                    /lib/x86_64-linux-gnu/libm-2.19.so
7fee94a24000-7fee94a25000 r--p 00104000 08:02 1443041                    /lib/x86_64-linux-gnu/libm-2.19.so
7fee94a25000-7fee94a26000 rw-p 00105000 08:02 1443041                    /lib/x86_64-linux-gnu/libm-2.19.so
7fee94a28000-7fee94b0e000 r-xp 00000000 08:02 1188933                    /usr/lib/x86_64-linux-gnu/libstdc++.so.6.0.19
7fee94b0e000-7fee94d0d000 ---p 000e6000 08:02 1188933                    /usr/lib/x86_64-linux-gnu/libstdc++.so.6.0.19
7fee94d0d000-7fee94d15000 r--p 000e5000 08:02 1188933                    /usr/lib/x86_64-linux-gnu/libstdc++.so.6.0.19
7fee94d15000-7fee94d17000 rw-p 000ed000 08:02 1188933                    /usr/lib/x86_64-linux-gnu/libstdc++.so.6.0.19
7fee94d17000-7fee94d2c000 rw-p 00000000 00:00 0 
7fee94d30000-7fee95849000 r-xp 00000000 08:02 1317743                    /usr/lib/jvm/java-7-openjdk-amd64/jre/lib/amd64/server/libjvm.so
7fee95849000-7fee95a49000 ---p 00b19000 08:02 1317743                    /usr/lib/jvm/java-7-openjdk-amd64/jre/lib/amd64/server/libjvm.so
7fee95a49000-7fee95ae3000 r--p 00b19000 08:02 1317743                    /usr/lib/jvm/java-7-openjdk-amd64/jre/lib/amd64/server/libjvm.so
7fee95ae3000-7fee95b06000 rw-p 00bb3000 08:02 1317743                    /usr/lib/jvm/java-7-openjdk-amd64/jre/lib/amd64/server/libjvm.so
7fee95b06000-7fee95b34000 rw-p 00000000 00:00 0 
7fee95b38000-7fee95b50000 r-xp 00000000 08:02 1446050                    /lib/x86_64-linux-gnu/libz.so.1.2.8
7fee95b50000-7fee95d4f000 ---p 00018000 08:02 1446050                    /lib/x86_64-linux-gnu/libz.so.1.2.8
7fee95d4f000-7fee95d50000 r--p 00017000 08:02 1446050                    /lib/x86_64-linux-gnu/libz.so.1.2.8
7fee95d50000-7fee95d51000 rw-p 00018000 08:02 1446050                    /lib/x86_64-linux-gnu/libz.so.1.2.8
7fee95d58000-7fee95d71000 r-xp 00000000 08:02 1444815                    /lib/x86_64-linux-gnu/libpthread-2.19.so
7fee95d71000-7fee95f70000 ---p 00019000 08:02 1444815                    /lib/x86_64-linux-gnu/libpthread-2.19.so
7fee95f70000-7fee95f71000 r--p 00018000 08:02 1444815                    /lib/x86_64-linux-gnu/libpthread-2.19.so
7fee95f71000-7fee95f72000 rw-p 00019000 08:02 1444815                    /lib/x86_64-linux-gnu/libpthread-2.19.so
7fee95f72000-7fee95f76000 rw-p 00000000 00:00 0 
7fee95f78000-7fee95f7b000 r-xp 00000000 08:02 1444799                    /lib/x86_64-linux-gnu/libdl-2.19.so
7fee95f7b000-7fee9617a000 ---p 00003000 08:02 1444799                    /lib/x86_64-linux-gnu/libdl-2.19.so
7fee9617a000-7fee9617b000 r--p 00002000 08:02 1444799                    /lib/x86_64-linux-gnu/libdl-2.19.so
7fee9617b000-7fee9617c000 rw-p 00003000 08:02 1444799                    /lib/x86_64-linux-gnu/libdl-2.19.so
7fee96180000-7fee9633b000 r-xp 00000000 08:02 1444814                    /lib/x86_64-linux-gnu/libc-2.19.so
7fee9633b000-7fee9653a000 ---p 001bb000 08:02 1444814                    /lib/x86_64-linux-gnu/libc-2.19.so
7fee9653a000-7fee9653e000 r--p 001ba000 08:02 1444814                    /lib/x86_64-linux-gnu/libc-2.19.so
7fee9653e000-7fee96540000 rw-p 001be000 08:02 1444814                    /lib/x86_64-linux-gnu/libc-2.19.so
7fee96540000-7fee96545000 rw-p 00000000 00:00 0 
7fee96548000-7fee96555000 r-xp 00000000 08:02 1317741                    /usr/lib/jvm/java-7-openjdk-amd64/jre/lib/amd64/jli/libjli.so
7fee96555000-7fee96754000 ---p 0000d000 08:02 1317741                    /usr/lib/jvm/java-7-openjdk-amd64/jre/lib/amd64/jli/libjli.so
7fee96754000-7fee96755000 r--p 0000c000 08:02 1317741                    /usr/lib/jvm/java-7-openjdk-amd64/jre/lib/amd64/jli/libjli.so
7fee96755000-7fee96756000 rw-p 0000d000 08:02 1317741                    /usr/lib/jvm/java-7-openjdk-amd64/jre/lib/amd64/jli/libjli.so
7fee96758000-7fee9677b000 r-xp 00000000 08:02 1444811                    /lib/x86_64-linux-gnu/ld-2.19.so
7fee96781000-7fee967b2000 rw-p 00000000 00:00 0 
7fee967b2000-7fee96868000 rw-p 00000000 00:00 0 
7fee96868000-7fee96870000 rw-s 00000000 08:02 262540                     /tmp/hsperfdata_xrousakis/8441
7fee96873000-7fee96874000 rw-p 00000000 00:00 0 
7fee96874000-7fee96875000 rwxp 00000000 00:00 0 
7fee96875000-7fee96876000 rw-p 00000000 00:00 0 
7fee96876000-7fee96877000 r--p 00000000 00:00 0 
7fee96877000-7fee9687a000 ---p 00000000 00:00 0 
7fee9687a000-7fee9697a000 rw-p 00000000 00:00 0                          [stack:8443]
7fee9697a000-7fee9697b000 r--p 00022000 08:02 1444811                    /lib/x86_64-linux-gnu/ld-2.19.so
7fee9697b000-7fee9697c000 rw-p 00023000 08:02 1444811                    /lib/x86_64-linux-gnu/ld-2.19.so
7fee9697c000-7fee9697e000 rw-p 00000000 00:00 0 
7fee9697e000-7fee96982000 rw-p 00000000 00:00 0 
7ffffe4c8000-7ffffe4ea000 rw-p 00000000 00:00 0                          [stack]
7ffffe5c0000-7ffffe5c2000 r-xp 00000000 00:00 0                          [vdso]
ffffffffff600000-ffffffffff601000 r-xp 00000000 00:00 0                  [vsyscall]

VM Arguments:
java_command: org.scify.jthinkfreedom.gui.ApplicationLauncher
Launcher Type: SUN_STANDARD

Environment Variables:
JAVA_HOME=/usr/lib/jvm/default-java
PATH=/usr/local/sbin:/usr/local/bin:/usr/sbin:/usr/bin:/sbin:/bin:/usr/games:/usr/local/games
USERNAME=xrousakis
LD_LIBRARY_PATH=/usr/lib/jvm/default-java/jre/lib/amd64:/usr/lib/jvm/default-java/jre/lib/i386:
SHELL=/bin/bash
DISPLAY=:0.0

Signal Handlers:
SIGSEGV: [libjvm.so+0x94bab0], sa_mask[0]=0x7ffbfeff, sa_flags=0x10000004
SIGBUS: [libjvm.so+0x94bab0], sa_mask[0]=0x7ffbfeff, sa_flags=0x10000004
SIGFPE: [libjvm.so+0x7c38b0], sa_mask[0]=0x7ffbfeff, sa_flags=0x10000004
SIGPIPE: [libjvm.so+0x7c38b0], sa_mask[0]=0x7ffbfeff, sa_flags=0x10000004
SIGXFSZ: [libjvm.so+0x7c38b0], sa_mask[0]=0x7ffbfeff, sa_flags=0x10000004
SIGILL: [libjvm.so+0x7c38b0], sa_mask[0]=0x7ffbfeff, sa_flags=0x10000004
SIGUSR1: SIG_DFL, sa_mask[0]=0x00000000, sa_flags=0x00000000
SIGUSR2: [libjvm.so+0x7c3750], sa_mask[0]=0x00000004, sa_flags=0x10000004
SIGHUP: [libjvm.so+0x7c3930], sa_mask[0]=0x7ffbfeff, sa_flags=0x10000004
SIGINT: SIG_IGN, sa_mask[0]=0x00000000, sa_flags=0x00000000
SIGTERM: [libjvm.so+0x7c3930], sa_mask[0]=0x7ffbfeff, sa_flags=0x10000004
SIGQUIT: [libjvm.so+0x7c3930], sa_mask[0]=0x7ffbfeff, sa_flags=0x10000004
SIGTRAP: SIG_DFL, sa_mask[0]=0x00000000, sa_flags=0x00000000


---------------  S Y S T E M  ---------------

OS:LinuxMint 17 (qiana)
uname:Linux 3.14.8-031408-generic #201406161755 SMP Mon Jun 16 21:56:09 UTC 2014 x86_64
libc:glibc 2.19 NPTL 2.19 
rlimit: STACK 8192k, CORE 0k, NPROC 55132, NOFILE 4096, AS infinity
load average:2,00 1,63 1,09

/proc/meminfo:
MemTotal:        7292072 kB
MemFree:         3664068 kB
MemAvailable:    4917432 kB
Buffers:          216212 kB
Cached:          1234192 kB
SwapCached:            0 kB
Active:          2485080 kB
Inactive:         871944 kB
Active(anon):    1907640 kB
Inactive(anon):    92312 kB
Active(file):     577440 kB
Inactive(file):   779632 kB
Unevictable:           0 kB
Mlocked:               0 kB
SwapTotal:       3361788 kB
SwapFree:        3361788 kB
Dirty:                36 kB
Writeback:             0 kB
AnonPages:       1906616 kB
Mapped:           255452 kB
Shmem:             93336 kB
Slab:             156796 kB
SReclaimable:     130436 kB
SUnreclaim:        26360 kB
KernelStack:        3904 kB
PageTables:        31188 kB
NFS_Unstable:          0 kB
Bounce:                0 kB
WritebackTmp:          0 kB
CommitLimit:     7007824 kB
Committed_AS:    4896280 kB
VmallocTotal:   34359738367 kB
VmallocUsed:      315128 kB
VmallocChunk:   34359369956 kB
HardwareCorrupted:     0 kB
AnonHugePages:   1212416 kB
HugePages_Total:       0
HugePages_Free:        0
HugePages_Rsvd:        0
HugePages_Surp:        0
Hugepagesize:       2048 kB
DirectMap4k:       78168 kB
DirectMap2M:     3284992 kB
DirectMap1G:     4194304 kB


CPU:total 2 (2 cores per cpu, 1 threads per core) family 21 model 19 stepping 1, cmov, cx8, fxsr, mmx, sse, sse2, sse3, ssse3, sse4.1, sse4.2, popcnt, avx, aes, mmxext, 3dnowpref, lzcnt, sse4a, tsc, tscinvbit, tscinv

/proc/cpuinfo:
processor	: 0
vendor_id	: AuthenticAMD
cpu family	: 21
model		: 19
model name	: AMD A4-4000 APU with Radeon(tm) HD Graphics
stepping	: 1
microcode	: 0x6001119
cpu MHz		: 3000.000
cache size	: 1024 KB
physical id	: 0
siblings	: 2
core id		: 0
cpu cores	: 1
apicid		: 16
initial apicid	: 0
fpu		: yes
fpu_exception	: yes
cpuid level	: 13
wp		: yes
flags		: fpu vme de pse tsc msr pae mce cx8 apic sep mtrr pge mca cmov pat pse36 clflush mmx fxsr sse sse2 ht syscall nx mmxext fxsr_opt pdpe1gb rdtscp lm constant_tsc rep_good nopl nonstop_tsc extd_apicid aperfmperf pni pclmulqdq monitor ssse3 fma cx16 sse4_1 sse4_2 popcnt aes xsave avx f16c lahf_lm cmp_legacy svm extapic cr8_legacy abm sse4a misalignsse 3dnowprefetch osvw ibs xop skinit wdt lwp fma4 tce nodeid_msr tbm topoext perfctr_core perfctr_nb arat cpb hw_pstate npt lbrv svm_lock nrip_save tsc_scale vmcb_clean flushbyasid decodeassists pausefilter pfthreshold bmi1
bogomips	: 6029.96
TLB size	: 1536 4K pages
clflush size	: 64
cache_alignment	: 64
address sizes	: 48 bits physical, 48 bits virtual
power management: ts ttp tm 100mhzsteps hwpstate cpb eff_freq_ro

processor	: 1
vendor_id	: AuthenticAMD
cpu family	: 21
model		: 19
model name	: AMD A4-4000 APU with Radeon(tm) HD Graphics    
stepping	: 1
microcode	: 0x6001119
cpu MHz		: 3000.000
cache size	: 1024 KB
physical id	: 0
siblings	: 2
core id		: 1
cpu cores	: 1
apicid		: 17
initial apicid	: 1
fpu		: yes
fpu_exception	: yes
cpuid level	: 13
wp		: yes
flags		: fpu vme de pse tsc msr pae mce cx8 apic sep mtrr pge mca cmov pat pse36 clflush mmx fxsr sse sse2 ht syscall nx mmxext fxsr_opt pdpe1gb rdtscp lm constant_tsc rep_good nopl nonstop_tsc extd_apicid aperfmperf pni pclmulqdq monitor ssse3 fma cx16 sse4_1 sse4_2 popcnt aes xsave avx f16c lahf_lm cmp_legacy svm extapic cr8_legacy abm sse4a misalignsse 3dnowprefetch osvw ibs xop skinit wdt lwp fma4 tce nodeid_msr tbm topoext perfctr_core perfctr_nb arat cpb hw_pstate npt lbrv svm_lock nrip_save tsc_scale vmcb_clean flushbyasid decodeassists pausefilter pfthreshold bmi1
bogomips	: 6029.96
TLB size	: 1536 4K pages
clflush size	: 64
cache_alignment	: 64
address sizes	: 48 bits physical, 48 bits virtual
power management: ts ttp tm 100mhzsteps hwpstate cpb eff_freq_ro



Memory: 4k page, physical 7292072k(3664068k free), swap 3361788k(3361788k free)

vm_info: OpenJDK 64-Bit Server VM (24.79-b02) for linux-amd64 JRE (1.7.0_79-b14), built on Jul 24 2015 08:15:54 by "buildd" with gcc 4.8.2

time: Tue Aug 11 12:04:24 2015
elapsed time: 15 seconds

