#
# A fatal error has been detected by the Java Runtime Environment:
#
#  SIGSEGV (0xb) at pc=0x00007fe5c12be2cc, pid=11223, tid=140625082803968
#
# JRE version: OpenJDK Runtime Environment (7.0_79-b14) (build 1.7.0_79-b14)
# Java VM: OpenJDK 64-Bit Server VM (24.79-b02 mixed mode linux-amd64 compressed oops)
# Derivative: IcedTea 2.5.6
# Distribution: Ubuntu 14.04 LTS, package 7u79-2.5.6-0ubuntu1.14.04.1
# Problematic frame:
# C  [libjpeg.so.8+0x162cc]  jpeg_has_multiple_scans+0x2c
#
# Failed to write core dump. Core dumps have been disabled. To enable core dumping, try "ulimit -c unlimited" before starting Java again
#
# If you would like to submit a bug report, please include
# instructions on how to reproduce the bug and visit:
#   http://icedtea.classpath.org/bugzilla
# The crash happened outside the Java Virtual Machine in native code.
# See problematic frame for where to report the bug.
#

---------------  T H R E A D  ---------------

Current thread (0x00000000021c1000):  JavaThread "Image Fetcher 0" daemon [_thread_in_native, id=11259, stack(0x00007fe5d40b6000,0x00007fe5d41b7000)]

siginfo:si_signo=SIGSEGV: si_errno=0, si_code=1 (SEGV_MAPERR), si_addr=0x0000000000000020

Registers:
RAX=0x0000000000000000, RBX=0x00007fe5d41b54d0, RCX=0x0000000000000001, RDX=0x0000000000000000
RSP=0x00007fe5d41b51b8, RBP=0x00007fe5d41b57a0, RSI=0x0000000000000001, RDI=0x00007fe5d41b54d0
R8 =0x0000000000000000, R9 =0x00007fe5cc000078, R10=0x00007fe5d41b4f80, R11=0x00007fe5c12be2a0
R12=0x0000000000000000, R13=0xffffffffffffffff, R14=0x00007fe5d41b5840, R15=0x00000000021c1000
RIP=0x00007fe5c12be2cc, EFLAGS=0x0000000000010293, CSGSFS=0x0000000000000033, ERR=0x0000000000000004
  TRAPNO=0x000000000000000e

Top of Stack: (sp=0x00007fe5d41b51b8)
0x00007fe5d41b51b8:   00007fe5bb87fd33 00000000021c1000
0x00007fe5d41b51c8:   00007fe60b9be03b fffffff0ffffffff
0x00007fe5d41b51d8:   0000000000000000 00007fe5bb87fad0
0x00007fe5d41b51e8:   00007fe5d41b5278 00007fe5d41b5830
0x00007fe5d41b51f8:   00007fe5d41b5838 00007fe5d41b5840
0x00007fe5d41b5208:   00000000021c11d8 00000000dae797e6
0x00007fe5d41b5218:   0000000000000292 00007fe5bb87f1e0
0x00007fe5d41b5228:   00007fe5bb87f380 00007fe5bb87f500
0x00007fe5d41b5238:   00007fe5c12c6830 00007fe5bb87f200
0x00007fe5d41b5248:   00007fe5d41b5838 00007fe500000000
0x00007fe5d41b5258:   0000000000000000 00000000dae79678
0x00007fe5d41b5268:   00007fe5d41b5830 ffffffffffffffff
0x00007fe5d41b5278:   0000000000000000 0000000000000000
0x00007fe5d41b5288:   0000000000000000 00007fe5d41b5280
0x00007fe5d41b5298:   0000000086420280 00007fe5d41b5328
0x00007fe5d41b52a8:   00000000864be230 0000000000000000
0x00007fe5d41b52b8:   0000000086420318 0000000000000000
0x00007fe5d41b52c8:   00007fe5d41b5320 00007fe5d41b5390
0x00007fe5d41b52d8:   00007fe607f504e7 0000000000000000
0x00007fe5d41b52e8:   00007fe5bb87fad0 0000000000000000
0x00007fe5d41b52f8:   00000000dae78c60 0000000000000006
0x00007fe5d41b5308:   0000000000000007 00000000dcf06950
0x00007fe5d41b5318:   00000000dcf06950 00000000dae79a78
0x00007fe5d41b5328:   0000000000000000 00007fe500001fa0
0x00007fe5d41b5338:   00007fe5d41b53d0 00007fe5d41b55d0
0x00007fe5d41b5348:   00007fe5d41b5500 00000000021c1000
0x00007fe5d41b5358:   00007fe5e0001f50 00007fe5bb87f280
0x00007fe5d41b5368:   00007fe5c12cbcf0 00007fe5bb87f210
0x00007fe5d41b5378:   00007fe5c12cbd60 00007fe5c12cbd40
0x00007fe5d41b5388:   000000000000006a 000000000000003f
0x00007fe5d41b5398:   0000000300000000 0000000000000000
0x00007fe5d41b53a8:   0000000000000000 00007fe5d41b5400 

Instructions: (pc=0x00007fe5c12be2cc)
0x00007fe5c12be2ac:   ff 83 fa 08 76 12 48 8b 17 89 42 2c 48 8b 07 c7
0x00007fe5c12be2bc:   42 28 15 00 00 00 ff 10 48 8b 83 58 02 00 00 5b
0x00007fe5c12be2cc:   8b 40 20 c3 53 8b 47 24 48 89 fb 8d 90 33 ff ff
0x00007fe5c12be2dc:   ff 83 fa 01 76 66 3d cf 00 00 00 74 47 3d d2 00 

Register to memory mapping:

RAX=0x0000000000000000 is an unknown value
RBX=0x00007fe5d41b54d0 is pointing into the stack for thread: 0x00000000021c1000
RCX=0x0000000000000001 is an unknown value
RDX=0x0000000000000000 is an unknown value
RSP=0x00007fe5d41b51b8 is pointing into the stack for thread: 0x00000000021c1000
RBP=0x00007fe5d41b57a0 is pointing into the stack for thread: 0x00000000021c1000
RSI=0x0000000000000001 is an unknown value
RDI=0x00007fe5d41b54d0 is pointing into the stack for thread: 0x00000000021c1000
R8 =0x0000000000000000 is an unknown value
R9 =0x00007fe5cc000078 is an unknown value
R10=0x00007fe5d41b4f80 is pointing into the stack for thread: 0x00000000021c1000
R11=0x00007fe5c12be2a0: jpeg_has_multiple_scans+0 in /usr/lib/x86_64-linux-gnu/libjpeg.so.8 at 0x00007fe5c12a8000
R12=0x0000000000000000 is an unknown value
R13=0xffffffffffffffff is an unknown value
R14=0x00007fe5d41b5840 is pointing into the stack for thread: 0x00000000021c1000
R15=0x00000000021c1000 is a thread


Stack: [0x00007fe5d40b6000,0x00007fe5d41b7000],  sp=0x00007fe5d41b51b8,  free space=1020k
Native frames: (J=compiled Java code, j=interpreted, Vv=VM code, C=native code)
C  [libjpeg.so.8+0x162cc]  jpeg_has_multiple_scans+0x2c
j  sun.awt.image.JPEGImageDecoder.readImage(Ljava/io/InputStream;[B)V+0
j  sun.awt.image.JPEGImageDecoder.produceImage()V+10
j  sun.awt.image.InputStreamImageSource.doFetch()V+51
j  sun.awt.image.ImageFetcher.fetchloop()V+33
j  sun.awt.image.ImageFetcher.run()V+5
v  ~StubRoutines::call_stub
V  [libjvm.so+0x5e80c9]  JavaCalls::call_helper(JavaValue*, methodHandle*, JavaCallArguments*, Thread*)+0x339
V  [libjvm.so+0x5e6f1e]  JavaCalls::call_virtual(JavaValue*, Handle, KlassHandle, Symbol*, Symbol*, Thread*)+0x20e
V  [libjvm.so+0x623391]  thread_entry(JavaThread*, Thread*)+0xd1
V  [libjvm.so+0x900f40]  JavaThread::thread_main_inner()+0xf0
V  [libjvm.so+0x9011b1]  JavaThread::run()+0x221
V  [libjvm.so+0x7c4f62]  java_start(Thread*)+0xf2

Java frames: (J=compiled Java code, j=interpreted, Vv=VM code)
j  sun.awt.image.JPEGImageDecoder.readImage(Ljava/io/InputStream;[B)V+0
j  sun.awt.image.JPEGImageDecoder.produceImage()V+10
j  sun.awt.image.InputStreamImageSource.doFetch()V+51
j  sun.awt.image.ImageFetcher.fetchloop()V+33
j  sun.awt.image.ImageFetcher.run()V+5
v  ~StubRoutines::call_stub

---------------  P R O C E S S  ---------------

Java Threads: ( => current thread )
  0x00007fe5cc0ab800 JavaThread "pool-3-thread-1" [_thread_blocked, id=11263, stack(0x00007fe5c0229000,0x00007fe5c032a000)]
  0x00000000020b4000 JavaThread "Thread-2" [_thread_blocked, id=11262, stack(0x00007fe5c0128000,0x00007fe5c0229000)]
  0x00000000021be000 JavaThread "Thread-0" [_thread_blocked, id=11261, stack(0x00007fe5c0027000,0x00007fe5c0128000)]
  0x00000000020a4000 JavaThread "Image Fetcher 1" daemon [_thread_blocked, id=11260, stack(0x00007fe5c032a000,0x00007fe5c042b000)]
=>0x00000000021c1000 JavaThread "Image Fetcher 0" daemon [_thread_in_native, id=11259, stack(0x00007fe5d40b6000,0x00007fe5d41b7000)]
  0x00000000020bf000 JavaThread "TimerQueue" daemon [_thread_blocked, id=11246, stack(0x00007fe5c0437000,0x00007fe5c0538000)]
  0x00007fe60c00b000 JavaThread "DestroyJavaVM" [_thread_blocked, id=11227, stack(0x00007fe61246e000,0x00007fe61256f000)]
  0x00007fe60c46f000 JavaThread "AWT-EventQueue-0" [_thread_blocked, id=11244, stack(0x00007fe5c0aa6000,0x00007fe5c0ba7000)]
  0x00007fe60c4a3800 JavaThread "AWT-Shutdown" [_thread_blocked, id=11243, stack(0x00007fe5c0ba7000,0x00007fe5c0ca8000)]
  0x00007fe60c2e3000 JavaThread "AWT-XAWT" daemon [_thread_in_native, id=11239, stack(0x00007fe5d41b7000,0x00007fe5d42b8000)]
  0x00007fe60c2c6000 JavaThread "Java2D Disposer" daemon [_thread_blocked, id=11238, stack(0x00007fe5d46cf000,0x00007fe5d47d0000)]
  0x00007fe60c0ac000 JavaThread "Service Thread" daemon [_thread_blocked, id=11236, stack(0x00007fe605dcc000,0x00007fe605ecd000)]
  0x00007fe60c0a9800 JavaThread "C2 CompilerThread1" daemon [_thread_blocked, id=11235, stack(0x00007fe605ecd000,0x00007fe605fce000)]
  0x00007fe60c0a6800 JavaThread "C2 CompilerThread0" daemon [_thread_blocked, id=11234, stack(0x00007fe605fce000,0x00007fe6060cf000)]
  0x00007fe60c0a4800 JavaThread "Signal Dispatcher" daemon [_thread_blocked, id=11233, stack(0x00007fe6060cf000,0x00007fe6061d0000)]
  0x00007fe60c078800 JavaThread "Finalizer" daemon [_thread_blocked, id=11232, stack(0x00007fe60649a000,0x00007fe60659b000)]
  0x00007fe60c076800 JavaThread "Reference Handler" daemon [_thread_blocked, id=11231, stack(0x00007fe60659b000,0x00007fe60669c000)]

Other Threads:
  0x00007fe60c072000 VMThread [stack: 0x00007fe60669c000,0x00007fe60679d000] [id=11230]
  0x00007fe60c0b6800 WatcherThread [stack: 0x00007fe605ccb000,0x00007fe605dcc000] [id=11237]

VM state:not at safepoint (normal execution)

VM Mutex/Monitor currently owned by a thread: None

Heap
 PSYoungGen      total 33792K, used 20162K [0x00000000dae00000, 0x00000000dd380000, 0x0000000100000000)
  eden space 29184K, 53% used [0x00000000dae00000,0x00000000dbd38258,0x00000000dca80000)
  from space 4608K, 99% used [0x00000000dcf00000,0x00000000dd3788a0,0x00000000dd380000)
  to   space 4608K, 0% used [0x00000000dca80000,0x00000000dca80000,0x00000000dcf00000)
 ParOldGen       total 75776K, used 1801K [0x0000000090a00000, 0x0000000095400000, 0x00000000dae00000)
  object space 75776K, 2% used [0x0000000090a00000,0x0000000090bc2410,0x0000000095400000)
 PSPermGen       total 22016K, used 21816K [0x0000000086400000, 0x0000000087980000, 0x0000000090a00000)
  object space 22016K, 99% used [0x0000000086400000,0x000000008794e300,0x0000000087980000)

Card table byte_map: [0x00007fe607b81000,0x00007fe607f50000] byte_map_base: 0x00007fe60774f000

Polling page: 0x00007fe61246d000

Code Cache  [0x00007fe607f50000, 0x00007fe6081c0000, 0x00007fe60af50000)
 total_blobs=877 nmethods=289 adapters=542 free_code_cache=47915Kb largest_free_block=49027072

Compilation events (10 events):
Event: 21,851 Thread 0x00007fe60c0a6800 nmethod 304 0x00007fe608009d10 code [0x00007fe608009ea0, 0x00007fe60800a7e8]
Event: 21,851 Thread 0x00007fe60c0a6800  306             java.io.BufferedWriter::newLine (9 bytes)
Event: 21,859 Thread 0x00007fe60c0a6800 nmethod 306 0x00007fe60807c810 code [0x00007fe60807c960, 0x00007fe60807ca08]
Event: 21,859 Thread 0x00007fe60c0a6800  307 %           org.scify.jthinkfreedom.skeleton.sensors.SensorAdapter::updateStimuli @ 0 (49 bytes)
Event: 21,873 Thread 0x00007fe60c0a9800 nmethod 305 0x00007fe60800b9d0 code [0x00007fe60800bba0, 0x00007fe60800c6d0]
Event: 21,903 Thread 0x00007fe60c0a6800 nmethod 307% 0x00007fe607fd5750 code [0x00007fe607fd5900, 0x00007fe607fd5e88]
Event: 22,884 Thread 0x00007fe60c0a9800  308             sun.reflect.ClassFileAssembler::emitByte (11 bytes)
Event: 22,886 Thread 0x00007fe60c0a9800 nmethod 308 0x00007fe607fd67d0 code [0x00007fe607fd6920, 0x00007fe607fd6a68]
Event: 22,887 Thread 0x00007fe60c0a6800  309             sun.reflect.ByteVectorImpl::add (38 bytes)
Event: 22,889 Thread 0x00007fe60c0a6800 nmethod 309 0x00007fe60807f710 code [0x00007fe60807f860, 0x00007fe60807f948]

GC Heap History (4 events):
Event: 2,025 GC heap before
{Heap before GC invocations=1 (full 0):
 PSYoungGen      total 33792K, used 29184K [0x00000000dae00000, 0x00000000dd380000, 0x0000000100000000)
  eden space 29184K, 100% used [0x00000000dae00000,0x00000000dca80000,0x00000000dca80000)
  from space 4608K, 0% used [0x00000000dcf00000,0x00000000dcf00000,0x00000000dd380000)
  to   space 4608K, 0% used [0x00000000dca80000,0x00000000dca80000,0x00000000dcf00000)
 ParOldGen       total 75776K, used 0K [0x0000000090a00000, 0x0000000095400000, 0x00000000dae00000)
  object space 75776K, 0% used [0x0000000090a00000,0x0000000090a00000,0x0000000095400000)
 PSPermGen       total 21504K, used 16127K [0x0000000086400000, 0x0000000087900000, 0x0000000090a00000)
  object space 21504K, 74% used [0x0000000086400000,0x00000000873bfdc0,0x0000000087900000)
Event: 2,038 GC heap after
Heap after GC invocations=1 (full 0):
 PSYoungGen      total 33792K, used 3786K [0x00000000dae00000, 0x00000000dd380000, 0x0000000100000000)
  eden space 29184K, 0% used [0x00000000dae00000,0x00000000dae00000,0x00000000dca80000)
  from space 4608K, 82% used [0x00000000dca80000,0x00000000dce32b50,0x00000000dcf00000)
  to   space 4608K, 0% used [0x00000000dcf00000,0x00000000dcf00000,0x00000000dd380000)
 ParOldGen       total 75776K, used 8K [0x0000000090a00000, 0x0000000095400000, 0x00000000dae00000)
  object space 75776K, 0% used [0x0000000090a00000,0x0000000090a02000,0x0000000095400000)
 PSPermGen       total 21504K, used 16127K [0x0000000086400000, 0x0000000087900000, 0x0000000090a00000)
  object space 21504K, 74% used [0x0000000086400000,0x00000000873bfdc0,0x0000000087900000)
}
Event: 19,385 GC heap before
{Heap before GC invocations=2 (full 0):
 PSYoungGen      total 33792K, used 32970K [0x00000000dae00000, 0x00000000dd380000, 0x0000000100000000)
  eden space 29184K, 100% used [0x00000000dae00000,0x00000000dca80000,0x00000000dca80000)
  from space 4608K, 82% used [0x00000000dca80000,0x00000000dce32b50,0x00000000dcf00000)
  to   space 4608K, 0% used [0x00000000dcf00000,0x00000000dcf00000,0x00000000dd380000)
 ParOldGen       total 75776K, used 8K [0x0000000090a00000, 0x0000000095400000, 0x00000000dae00000)
  object space 75776K, 0% used [0x0000000090a00000,0x0000000090a02000,0x0000000095400000)
 PSPermGen       total 21504K, used 20777K [0x0000000086400000, 0x0000000087900000, 0x0000000090a00000)
  object space 21504K, 96% used [0x0000000086400000,0x000000008784a660,0x0000000087900000)
Event: 19,399 GC heap after
Heap after GC invocations=2 (full 0):
 PSYoungGen      total 33792K, used 4578K [0x00000000dae00000, 0x00000000dd380000, 0x0000000100000000)
  eden space 29184K, 0% used [0x00000000dae00000,0x00000000dae00000,0x00000000dca80000)
  from space 4608K, 99% used [0x00000000dcf00000,0x00000000dd3788a0,0x00000000dd380000)
  to   space 4608K, 0% used [0x00000000dca80000,0x00000000dca80000,0x00000000dcf00000)
 ParOldGen       total 75776K, used 1801K [0x0000000090a00000, 0x0000000095400000, 0x00000000dae00000)
  object space 75776K, 2% used [0x0000000090a00000,0x0000000090bc2410,0x0000000095400000)
 PSPermGen       total 21504K, used 20777K [0x0000000086400000, 0x0000000087900000, 0x0000000090a00000)
  object space 21504K, 96% used [0x0000000086400000,0x000000008784a660,0x0000000087900000)
}

Deoptimization events (10 events):
Event: 20,687 Thread 0x00007fe60c46f000 Uncommon trap: reason=class_check action=maybe_recompile pc=0x00007fe6080320d4 method=sun.util.logging.PlatformLogger.finest(Ljava/lang/String;)V @ 8
Event: 20,687 Thread 0x00007fe60c46f000 Uncommon trap: reason=class_check action=maybe_recompile pc=0x00007fe6080320d4 method=sun.util.logging.PlatformLogger.finest(Ljava/lang/String;)V @ 8
Event: 20,689 Thread 0x00007fe60c46f000 Uncommon trap: reason=class_check action=maybe_recompile pc=0x00007fe6080320d4 method=sun.util.logging.PlatformLogger.finest(Ljava/lang/String;)V @ 8
Event: 20,690 Thread 0x00007fe60c2e3000 Uncommon trap: reason=class_check action=maybe_recompile pc=0x00007fe60804beb0 method=sun.util.logging.PlatformLogger.finest(Ljava/lang/String;)V @ 8
Event: 22,880 Thread 0x00000000020b4000 Uncommon trap: reason=unreached action=reinterpret pc=0x00007fe608018a48 method=java.lang.ThreadLocal$ThreadLocalMap.getEntry(Ljava/lang/ThreadLocal;)Ljava/lang/ThreadLocal$ThreadLocalMap$Entry; @ 29
Event: 22,883 Thread 0x00000000020b4000 Uncommon trap: reason=unreached action=reinterpret pc=0x00007fe60801869c method=java.lang.ThreadLocal$ThreadLocalMap.getEntry(Ljava/lang/ThreadLocal;)Ljava/lang/ThreadLocal$ThreadLocalMap$Entry; @ 29
Event: 22,889 Thread 0x00000000020b4000 Uncommon trap: reason=unreached action=reinterpret pc=0x00007fe60807d438 method=java.lang.String.valueOf(Ljava/lang/Object;)Ljava/lang/String; @ 1
Event: 22,977 Thread 0x00000000021be000 Uncommon trap: reason=unreached action=reinterpret pc=0x00007fe60800daf8 method=org.scify.jthinkfreedom.keyboard.sensors.KeyboardSensor.getData()Ljava/lang/Character; @ 4
Event: 22,978 Thread 0x00000000021be000 Uncommon trap: reason=unreached action=reinterpret pc=0x00007fe607fd90e4 method=java.lang.String.valueOf(Ljava/lang/Object;)Ljava/lang/String; @ 1
Event: 22,978 Thread 0x00000000021be000 Uncommon trap: reason=unreached action=reinterpret pc=0x00007fe607fd5c74 method=org.scify.jthinkfreedom.keyboard.stimuli.CapturekeyStimulus.onDataReceived()V @ 46

Internal exceptions (10 events):
Event: 21,004 Thread 0x00000000020b4000 Threw 0x00000000db888390 at /build/openjdk-7-FO0dNI/openjdk-7-7u79-2.5.6/build/openjdk/hotspot/src/share/vm/prims/jvm.cpp:1284
Event: 21,011 Thread 0x00000000020b4000 Threw 0x00000000db8988a8 at /build/openjdk-7-FO0dNI/openjdk-7-7u79-2.5.6/build/openjdk/hotspot/src/share/vm/prims/jvm.cpp:1284
Event: 21,016 Thread 0x00000000020b4000 Threw 0x00000000db8b5fd8 at /build/openjdk-7-FO0dNI/openjdk-7-7u79-2.5.6/build/openjdk/hotspot/src/share/vm/prims/jvm.cpp:1284
Event: 21,018 Thread 0x00000000020b4000 Threw 0x00000000db8c7430 at /build/openjdk-7-FO0dNI/openjdk-7-7u79-2.5.6/build/openjdk/hotspot/src/share/vm/prims/jvm.cpp:1284
Event: 21,046 Thread 0x00000000020b4000 Threw 0x00000000db8e05f8 at /build/openjdk-7-FO0dNI/openjdk-7-7u79-2.5.6/build/openjdk/hotspot/src/share/vm/prims/jvm.cpp:1284
Event: 21,048 Thread 0x00000000020b4000 Threw 0x00000000db8f1488 at /build/openjdk-7-FO0dNI/openjdk-7-7u79-2.5.6/build/openjdk/hotspot/src/share/vm/prims/jvm.cpp:1284
Event: 22,881 Thread 0x00000000020b4000 Threw 0x00000000db90e0c8 at /build/openjdk-7-FO0dNI/openjdk-7-7u79-2.5.6/build/openjdk/hotspot/src/share/vm/prims/jvm.cpp:1284
Event: 22,896 Thread 0x00000000020b4000 Threw 0x00000000dbcd97a0 at /build/openjdk-7-FO0dNI/openjdk-7-7u79-2.5.6/build/openjdk/hotspot/src/share/vm/prims/jvm.cpp:1284
Event: 22,978 Thread 0x00000000021be000 Threw 0x00000000dbca81f0 at /build/openjdk-7-FO0dNI/openjdk-7-7u79-2.5.6/build/openjdk/hotspot/src/share/vm/prims/jvm.cpp:1284
Event: 22,983 Thread 0x00000000021be000 Threw 0x00000000dbcbae30 at /build/openjdk-7-FO0dNI/openjdk-7-7u79-2.5.6/build/openjdk/hotspot/src/share/vm/prims/jvm.cpp:1284

Events (10 events):
Event: 22,983 loading class 0x00007fe5cc03bc70
Event: 22,983 loading class 0x00007fe5cc03bc70 done
Event: 22,993 Executing VM operation: RevokeBias
Event: 23,000 Executing VM operation: RevokeBias done
Event: 23,012 loading class 0x00007fe60c0f9d10
Event: 23,012 loading class 0x00007fe60c0f9d10 done
Event: 23,012 Executing VM operation: RevokeBias
Event: 23,012 Executing VM operation: RevokeBias done
Event: 23,013 loading class 0x00007fe5e40735b0
Event: 23,013 loading class 0x00007fe5e40735b0 done


Dynamic libraries:
00400000-00401000 r-xp 00000000 08:02 1323751                            /usr/lib/jvm/java-7-openjdk-amd64/jre/bin/java
00600000-00601000 r--p 00000000 08:02 1323751                            /usr/lib/jvm/java-7-openjdk-amd64/jre/bin/java
00601000-00602000 rw-p 00001000 08:02 1323751                            /usr/lib/jvm/java-7-openjdk-amd64/jre/bin/java
01fea000-021dc000 rw-p 00000000 00:00 0                                  [heap]
86400000-87980000 rw-p 00000000 00:00 0 
87980000-90a00000 rw-p 00000000 00:00 0 
90a00000-95400000 rw-p 00000000 00:00 0 
95400000-dae00000 rw-p 00000000 00:00 0 
dae00000-dd380000 rw-p 00000000 00:00 0 
dd380000-100000000 rw-p 00000000 00:00 0 
7fe5bb63e000-7fe5bb878000 rw-p 00000000 00:00 0 
7fe5bb878000-7fe5bb882000 r-xp 00000000 08:02 1317748                    /usr/lib/jvm/java-7-openjdk-amd64/jre/lib/amd64/libjavajpeg.so
7fe5bb882000-7fe5bba81000 ---p 0000a000 08:02 1317748                    /usr/lib/jvm/java-7-openjdk-amd64/jre/lib/amd64/libjavajpeg.so
7fe5bba81000-7fe5bba82000 r--p 00009000 08:02 1317748                    /usr/lib/jvm/java-7-openjdk-amd64/jre/lib/amd64/libjavajpeg.so
7fe5bba82000-7fe5bba83000 rw-p 0000a000 08:02 1317748                    /usr/lib/jvm/java-7-openjdk-amd64/jre/lib/amd64/libjavajpeg.so
7fe5bba88000-7fe5bbd0f000 rw-s 00000000 00:04 6914062                    /SYSV00000000 (deleted)
7fe5bbde0000-7fe5bbdf7000 r-xp 00000000 08:02 271386                     /tmp/jna-xrousakis/jna7366138195219366168.tmp (deleted)
7fe5bbdf7000-7fe5bbff7000 ---p 00017000 08:02 271386                     /tmp/jna-xrousakis/jna7366138195219366168.tmp (deleted)
7fe5bbff7000-7fe5bbff8000 r--p 00017000 08:02 271386                     /tmp/jna-xrousakis/jna7366138195219366168.tmp (deleted)
7fe5bbff8000-7fe5bbff9000 rw-p 00018000 08:02 271386                     /tmp/jna-xrousakis/jna7366138195219366168.tmp (deleted)
7fe5bc000000-7fe5bc021000 rw-p 00000000 00:00 0 
7fe5bc021000-7fe5c0000000 ---p 00000000 00:00 0 
7fe5c0027000-7fe5c002a000 ---p 00000000 00:00 0 
7fe5c002a000-7fe5c0128000 rw-p 00000000 00:00 0                          [stack:11261]
7fe5c0128000-7fe5c012b000 ---p 00000000 00:00 0 
7fe5c012b000-7fe5c0229000 rw-p 00000000 00:00 0                          [stack:11262]
7fe5c0229000-7fe5c022c000 ---p 00000000 00:00 0 
7fe5c022c000-7fe5c032a000 rw-p 00000000 00:00 0                          [stack:11263]
7fe5c032a000-7fe5c032d000 ---p 00000000 00:00 0 
7fe5c032d000-7fe5c042b000 rw-p 00000000 00:00 0                          [stack:11260]
7fe5c042b000-7fe5c0435000 r--s 00203000 08:02 1310919                    /usr/lib/jvm/java-7-openjdk-amd64/jre/lib/charsets.jar
7fe5c0437000-7fe5c043a000 ---p 00000000 00:00 0 
7fe5c043a000-7fe5c0538000 rw-p 00000000 00:00 0                          [stack:11246]
7fe5c056e000-7fe5c0571000 ---p 00000000 00:00 0 
7fe5c0571000-7fe5c066f000 rw-p 00000000 00:00 0 
7fe5c066f000-7fe5c0672000 ---p 00000000 00:00 0 
7fe5c0672000-7fe5c0770000 rw-p 00000000 00:00 0 
7fe5c0770000-7fe5c078b000 r--s 00000000 08:02 2362922                    /usr/share/fonts/type1/gsfonts/p052004l.pfb
7fe5c0790000-7fe5c07ab000 r--s 00000000 08:02 2362925                    /usr/share/fonts/type1/gsfonts/p052023l.pfb
7fe5c07b0000-7fe5c07c2000 r--s 00000000 08:02 2362883                    /usr/share/fonts/type1/gsfonts/n019043l.pfb
7fe5c07c8000-7fe5c07d4000 r--s 00000000 08:02 2362868                    /usr/share/fonts/type1/gsfonts/d050000l.pfb
7fe5c07d8000-7fe5c07eb000 r--s 00000000 08:02 2362847                    /usr/share/fonts/type1/gsfonts/b018015l.pfb
7fe5c07f0000-7fe5c0801000 r--s 00000000 08:02 2362889                    /usr/share/fonts/type1/gsfonts/n019063l.pfb
7fe5c0808000-7fe5c081a000 r--s 00000000 08:02 2362853                    /usr/share/fonts/type1/gsfonts/b018035l.pfb
7fe5c0820000-7fe5c0837000 r--s 00000000 08:02 2362934                    /usr/share/fonts/type1/gsfonts/z003034l.pfb
7fe5c0838000-7fe5c084a000 r--s 00000000 08:02 2362886                    /usr/share/fonts/type1/gsfonts/n019044l.pfb
7fe5c0850000-7fe5c08a2000 r-xp 00000000 08:02 1317750                    /usr/lib/jvm/java-7-openjdk-amd64/jre/lib/amd64/libfontmanager.so
7fe5c08a2000-7fe5c0aa1000 ---p 00052000 08:02 1317750                    /usr/lib/jvm/java-7-openjdk-amd64/jre/lib/amd64/libfontmanager.so
7fe5c0aa1000-7fe5c0aa4000 r--p 00051000 08:02 1317750                    /usr/lib/jvm/java-7-openjdk-amd64/jre/lib/amd64/libfontmanager.so
7fe5c0aa4000-7fe5c0aa5000 rw-p 00054000 08:02 1317750                    /usr/lib/jvm/java-7-openjdk-amd64/jre/lib/amd64/libfontmanager.so
7fe5c0aa6000-7fe5c0aa9000 ---p 00000000 00:00 0 
7fe5c0aa9000-7fe5c0ba7000 rw-p 00000000 00:00 0                          [stack:11244]
7fe5c0ba7000-7fe5c0baa000 ---p 00000000 00:00 0 
7fe5c0baa000-7fe5c0ca8000 rw-p 00000000 00:00 0                          [stack:11243]
7fe5c0ca8000-7fe5c0e55000 r-xp 00000000 08:02 271385                     /tmp/javacpp10190762400994/libjniopencv_core.so
7fe5c0e55000-7fe5c1055000 ---p 001ad000 08:02 271385                     /tmp/javacpp10190762400994/libjniopencv_core.so
7fe5c1055000-7fe5c1056000 r--p 001ad000 08:02 271385                     /tmp/javacpp10190762400994/libjniopencv_core.so
7fe5c1056000-7fe5c1058000 rw-p 001ae000 08:02 271385                     /tmp/javacpp10190762400994/libjniopencv_core.so
7fe5c1058000-7fe5c10a6000 r-xp 00000000 08:02 271384                     /tmp/javacpp10190762400994/libjniopencv_highgui.so
7fe5c10a6000-7fe5c12a5000 ---p 0004e000 08:02 271384                     /tmp/javacpp10190762400994/libjniopencv_highgui.so
7fe5c12a5000-7fe5c12a6000 r--p 0004d000 08:02 271384                     /tmp/javacpp10190762400994/libjniopencv_highgui.so
7fe5c12a6000-7fe5c12a7000 rw-p 0004e000 08:02 271384                     /tmp/javacpp10190762400994/libjniopencv_highgui.so
7fe5c12a8000-7fe5c12eb000 r-xp 00000000 08:02 1188593                    /usr/lib/x86_64-linux-gnu/libjpeg.so.8.0.2
7fe5c12eb000-7fe5c14eb000 ---p 00043000 08:02 1188593                    /usr/lib/x86_64-linux-gnu/libjpeg.so.8.0.2
7fe5c14eb000-7fe5c14ec000 r--p 00043000 08:02 1188593                    /usr/lib/x86_64-linux-gnu/libjpeg.so.8.0.2
7fe5c14ec000-7fe5c14ed000 rw-p 00044000 08:02 1188593                    /usr/lib/x86_64-linux-gnu/libjpeg.so.8.0.2
7fe5c14ed000-7fe5c14fd000 rw-p 00000000 00:00 0 
7fe5c1500000-7fe5c1524000 r-xp 00000000 08:02 1188998                    /usr/lib/x86_64-linux-gnu/libv4lconvert.so.0.0.0
7fe5c1524000-7fe5c1724000 ---p 00024000 08:02 1188998                    /usr/lib/x86_64-linux-gnu/libv4lconvert.so.0.0.0
7fe5c1724000-7fe5c1726000 r--p 00024000 08:02 1188998                    /usr/lib/x86_64-linux-gnu/libv4lconvert.so.0.0.0
7fe5c1726000-7fe5c1727000 rw-p 00026000 08:02 1188998                    /usr/lib/x86_64-linux-gnu/libv4lconvert.so.0.0.0
7fe5c1727000-7fe5c1779000 rw-p 00000000 00:00 0 
7fe5c1780000-7fe5c1786000 r-xp 00000000 08:02 1188131                    /usr/lib/x86_64-linux-gnu/libdatrie.so.1.3.1
7fe5c1786000-7fe5c1985000 ---p 00006000 08:02 1188131                    /usr/lib/x86_64-linux-gnu/libdatrie.so.1.3.1
7fe5c1985000-7fe5c1986000 r--p 00005000 08:02 1188131                    /usr/lib/x86_64-linux-gnu/libdatrie.so.1.3.1
7fe5c1986000-7fe5c1987000 rw-p 00006000 08:02 1188131                    /usr/lib/x86_64-linux-gnu/libdatrie.so.1.3.1
7fe5c1988000-7fe5c19a2000 r-xp 00000000 08:02 1188402                    /usr/lib/x86_64-linux-gnu/libgraphite2.so.3.0.1
7fe5c19a2000-7fe5c1ba1000 ---p 0001a000 08:02 1188402                    /usr/lib/x86_64-linux-gnu/libgraphite2.so.3.0.1
7fe5c1ba1000-7fe5c1ba3000 r--p 00019000 08:02 1188402                    /usr/lib/x86_64-linux-gnu/libgraphite2.so.3.0.1
7fe5c1ba3000-7fe5c1ba4000 rw-p 0001b000 08:02 1188402                    /usr/lib/x86_64-linux-gnu/libgraphite2.so.3.0.1
7fe5c1ba8000-7fe5c1bb1000 r-xp 00000000 08:02 1188996                    /usr/lib/x86_64-linux-gnu/libv4l2.so.0.0.0
7fe5c1bb1000-7fe5c1db0000 ---p 00009000 08:02 1188996                    /usr/lib/x86_64-linux-gnu/libv4l2.so.0.0.0
7fe5c1db0000-7fe5c1db1000 r--p 00008000 08:02 1188996                    /usr/lib/x86_64-linux-gnu/libv4l2.so.0.0.0
7fe5c1db1000-7fe5c1db6000 rw-p 00009000 08:02 1188996                    /usr/lib/x86_64-linux-gnu/libv4l2.so.0.0.0
7fe5c1db8000-7fe5c1dc0000 r-xp 00000000 08:02 1188953                    /usr/lib/x86_64-linux-gnu/libthai.so.0.2.0
7fe5c1dc0000-7fe5c1fbf000 ---p 00008000 08:02 1188953                    /usr/lib/x86_64-linux-gnu/libthai.so.0.2.0
7fe5c1fbf000-7fe5c1fc0000 r--p 00007000 08:02 1188953                    /usr/lib/x86_64-linux-gnu/libthai.so.0.2.0
7fe5c1fc0000-7fe5c1fc1000 rw-p 00008000 08:02 1188953                    /usr/lib/x86_64-linux-gnu/libthai.so.0.2.0
7fe5c1fc8000-7fe5c201b000 r-xp 00000000 08:02 1179957                    /usr/lib/x86_64-linux-gnu/libharfbuzz.so.0.927.0
7fe5c201b000-7fe5c221b000 ---p 00053000 08:02 1179957                    /usr/lib/x86_64-linux-gnu/libharfbuzz.so.0.927.0
7fe5c221b000-7fe5c221c000 r--p 00053000 08:02 1179957                    /usr/lib/x86_64-linux-gnu/libharfbuzz.so.0.927.0
7fe5c221c000-7fe5c221d000 rw-p 00054000 08:02 1179957                    /usr/lib/x86_64-linux-gnu/libharfbuzz.so.0.927.0
7fe5c2220000-7fe5c2228000 r-xp 00000000 08:02 1189074                    /usr/lib/x86_64-linux-gnu/libxcb-render.so.0.0.0
7fe5c2228000-7fe5c2427000 ---p 00008000 08:02 1189074                    /usr/lib/x86_64-linux-gnu/libxcb-render.so.0.0.0
7fe5c2427000-7fe5c2428000 r--p 00007000 08:02 1189074                    /usr/lib/x86_64-linux-gnu/libxcb-render.so.0.0.0
7fe5c2428000-7fe5c2429000 rw-p 00008000 08:02 1189074                    /usr/lib/x86_64-linux-gnu/libxcb-render.so.0.0.0
7fe5c2430000-7fe5c2432000 r-xp 00000000 08:02 1189078                    /usr/lib/x86_64-linux-gnu/libxcb-shm.so.0.0.0
7fe5c2432000-7fe5c2631000 ---p 00002000 08:02 1189078                    /usr/lib/x86_64-linux-gnu/libxcb-shm.so.0.0.0
7fe5c2631000-7fe5c2632000 r--p 00001000 08:02 1189078                    /usr/lib/x86_64-linux-gnu/libxcb-shm.so.0.0.0
7fe5c2632000-7fe5c2633000 rw-p 00002000 08:02 1189078                    /usr/lib/x86_64-linux-gnu/libxcb-shm.so.0.0.0
7fe5c2638000-7fe5c26d9000 r-xp 00000000 08:02 1188793                    /usr/lib/x86_64-linux-gnu/libpixman-1.so.0.30.2
7fe5c26d9000-7fe5c28d9000 ---p 000a1000 08:02 1188793                    /usr/lib/x86_64-linux-gnu/libpixman-1.so.0.30.2
7fe5c28d9000-7fe5c28e0000 r--p 000a1000 08:02 1188793                    /usr/lib/x86_64-linux-gnu/libpixman-1.so.0.30.2
7fe5c28e0000-7fe5c28e1000 rw-p 000a8000 08:02 1188793                    /usr/lib/x86_64-linux-gnu/libpixman-1.so.0.30.2
7fe5c28e8000-7fe5c28ea000 r-xp 00000000 08:02 1187926                    /usr/lib/x86_64-linux-gnu/libXdamage.so.1.1.0
7fe5c28ea000-7fe5c2ae9000 ---p 00002000 08:02 1187926                    /usr/lib/x86_64-linux-gnu/libXdamage.so.1.1.0
7fe5c2ae9000-7fe5c2aea000 r--p 00001000 08:02 1187926                    /usr/lib/x86_64-linux-gnu/libXdamage.so.1.1.0
7fe5c2aea000-7fe5c2aeb000 rw-p 00002000 08:02 1187926                    /usr/lib/x86_64-linux-gnu/libXdamage.so.1.1.0
7fe5c2af0000-7fe5c2af2000 r-xp 00000000 08:02 1187922                    /usr/lib/x86_64-linux-gnu/libXcomposite.so.1.0.0
7fe5c2af2000-7fe5c2cf1000 ---p 00002000 08:02 1187922                    /usr/lib/x86_64-linux-gnu/libXcomposite.so.1.0.0
7fe5c2cf1000-7fe5c2cf2000 r--p 00001000 08:02 1187922                    /usr/lib/x86_64-linux-gnu/libXcomposite.so.1.0.0
7fe5c2cf2000-7fe5c2cf3000 rw-p 00002000 08:02 1187922                    /usr/lib/x86_64-linux-gnu/libXcomposite.so.1.0.0
7fe5c2cf8000-7fe5c2d01000 r-xp 00000000 08:02 1187948                    /usr/lib/x86_64-linux-gnu/libXrandr.so.2.2.0
7fe5c2d01000-7fe5c2f00000 ---p 00009000 08:02 1187948                    /usr/lib/x86_64-linux-gnu/libXrandr.so.2.2.0
7fe5c2f00000-7fe5c2f01000 r--p 00008000 08:02 1187948                    /usr/lib/x86_64-linux-gnu/libXrandr.so.2.2.0
7fe5c2f01000-7fe5c2f02000 rw-p 00009000 08:02 1187948                    /usr/lib/x86_64-linux-gnu/libXrandr.so.2.2.0
7fe5c2f08000-7fe5c2f0a000 r-xp 00000000 08:02 1187940                    /usr/lib/x86_64-linux-gnu/libXinerama.so.1.0.0
7fe5c2f0a000-7fe5c3109000 ---p 00002000 08:02 1187940                    /usr/lib/x86_64-linux-gnu/libXinerama.so.1.0.0
7fe5c3109000-7fe5c310a000 r--p 00001000 08:02 1187940                    /usr/lib/x86_64-linux-gnu/libXinerama.so.1.0.0
7fe5c310a000-7fe5c310b000 rw-p 00002000 08:02 1187940                    /usr/lib/x86_64-linux-gnu/libXinerama.so.1.0.0
7fe5c3110000-7fe5c3115000 r-xp 00000000 08:02 1188994                    /usr/lib/x86_64-linux-gnu/libv4l1.so.0.0.0
7fe5c3115000-7fe5c3314000 ---p 00005000 08:02 1188994                    /usr/lib/x86_64-linux-gnu/libv4l1.so.0.0.0
7fe5c3314000-7fe5c3315000 r--p 00004000 08:02 1188994                    /usr/lib/x86_64-linux-gnu/libv4l1.so.0.0.0
7fe5c3315000-7fe5c3316000 rw-p 00005000 08:02 1188994                    /usr/lib/x86_64-linux-gnu/libv4l1.so.0.0.0
7fe5c3318000-7fe5c3319000 r-xp 00000000 08:02 1181659                    /usr/lib/x86_64-linux-gnu/libgthread-2.0.so.0.4002.0
7fe5c3319000-7fe5c3518000 ---p 00001000 08:02 1181659                    /usr/lib/x86_64-linux-gnu/libgthread-2.0.so.0.4002.0
7fe5c3518000-7fe5c3519000 r--p 00000000 08:02 1181659                    /usr/lib/x86_64-linux-gnu/libgthread-2.0.so.0.4002.0
7fe5c3519000-7fe5c351a000 rw-p 00001000 08:02 1181659                    /usr/lib/x86_64-linux-gnu/libgthread-2.0.so.0.4002.0
7fe5c3520000-7fe5c356a000 r-xp 00000000 08:02 1181864                    /usr/lib/x86_64-linux-gnu/libpango-1.0.so.0.3600.3
7fe5c356a000-7fe5c376a000 ---p 0004a000 08:02 1181864                    /usr/lib/x86_64-linux-gnu/libpango-1.0.so.0.3600.3
7fe5c376a000-7fe5c376c000 r--p 0004a000 08:02 1181864                    /usr/lib/x86_64-linux-gnu/libpango-1.0.so.0.3600.3
7fe5c376c000-7fe5c376d000 rw-p 0004c000 08:02 1181864                    /usr/lib/x86_64-linux-gnu/libpango-1.0.so.0.3600.3
7fe5c3770000-7fe5c3784000 r-xp 00000000 08:02 1181866                    /usr/lib/x86_64-linux-gnu/libpangoft2-1.0.so.0.3600.3
7fe5c3784000-7fe5c3983000 ---p 00014000 08:02 1181866                    /usr/lib/x86_64-linux-gnu/libpangoft2-1.0.so.0.3600.3
7fe5c3983000-7fe5c3984000 r--p 00013000 08:02 1181866                    /usr/lib/x86_64-linux-gnu/libpangoft2-1.0.so.0.3600.3
7fe5c3984000-7fe5c3985000 rw-p 00014000 08:02 1181866                    /usr/lib/x86_64-linux-gnu/libpangoft2-1.0.so.0.3600.3
7fe5c3988000-7fe5c39a7000 r-xp 00000000 08:02 1188324                    /usr/lib/x86_64-linux-gnu/libgdk_pixbuf-2.0.so.0.3000.7
7fe5c39a7000-7fe5c3ba7000 ---p 0001f000 08:02 1188324                    /usr/lib/x86_64-linux-gnu/libgdk_pixbuf-2.0.so.0.3000.7
7fe5c3ba7000-7fe5c3ba8000 r--p 0001f000 08:02 1188324                    /usr/lib/x86_64-linux-gnu/libgdk_pixbuf-2.0.so.0.3000.7
7fe5c3ba8000-7fe5c3ba9000 rw-p 00020000 08:02 1188324                    /usr/lib/x86_64-linux-gnu/libgdk_pixbuf-2.0.so.0.3000.7
7fe5c3bb0000-7fe5c3cb6000 r-xp 00000000 08:02 1184068                    /usr/lib/x86_64-linux-gnu/libcairo.so.2.11301.0
7fe5c3cb6000-7fe5c3eb5000 ---p 00106000 08:02 1184068                    /usr/lib/x86_64-linux-gnu/libcairo.so.2.11301.0
7fe5c3eb5000-7fe5c3eb8000 r--p 00105000 08:02 1184068                    /usr/lib/x86_64-linux-gnu/libcairo.so.2.11301.0
7fe5c3eb8000-7fe5c3eb9000 rw-p 00108000 08:02 1184068                    /usr/lib/x86_64-linux-gnu/libcairo.so.2.11301.0
7fe5c3eb9000-7fe5c3ebb000 rw-p 00000000 00:00 0 
7fe5c3ec0000-7fe5c3edf000 r-xp 00000000 08:02 1188009                    /usr/lib/x86_64-linux-gnu/libatk-1.0.so.0.21009.1
7fe5c3edf000-7fe5c40df000 ---p 0001f000 08:02 1188009                    /usr/lib/x86_64-linux-gnu/libatk-1.0.so.0.21009.1
7fe5c40df000-7fe5c40e1000 r--p 0001f000 08:02 1188009                    /usr/lib/x86_64-linux-gnu/libatk-1.0.so.0.21009.1
7fe5c40e1000-7fe5c40e2000 rw-p 00021000 08:02 1188009                    /usr/lib/x86_64-linux-gnu/libatk-1.0.so.0.21009.1
7fe5c40e8000-7fe5c40f3000 r-xp 00000000 08:02 1181862                    /usr/lib/x86_64-linux-gnu/libpangocairo-1.0.so.0.3600.3
7fe5c40f3000-7fe5c42f3000 ---p 0000b000 08:02 1181862                    /usr/lib/x86_64-linux-gnu/libpangocairo-1.0.so.0.3600.3
7fe5c42f3000-7fe5c42f4000 r--p 0000b000 08:02 1181862                    /usr/lib/x86_64-linux-gnu/libpangocairo-1.0.so.0.3600.3
7fe5c42f4000-7fe5c42f5000 rw-p 0000c000 08:02 1181862                    /usr/lib/x86_64-linux-gnu/libpangocairo-1.0.so.0.3600.3
7fe5c42f8000-7fe5c43a5000 r-xp 00000000 08:02 1185800                    /usr/lib/x86_64-linux-gnu/libgdk-x11-2.0.so.0.2400.23
7fe5c43a5000-7fe5c45a4000 ---p 000ad000 08:02 1185800                    /usr/lib/x86_64-linux-gnu/libgdk-x11-2.0.so.0.2400.23
7fe5c45a4000-7fe5c45a8000 r--p 000ac000 08:02 1185800                    /usr/lib/x86_64-linux-gnu/libgdk-x11-2.0.so.0.2400.23
7fe5c45a8000-7fe5c45aa000 rw-p 000b0000 08:02 1185800                    /usr/lib/x86_64-linux-gnu/libgdk-x11-2.0.so.0.2400.23
7fe5c45b0000-7fe5c49df000 r-xp 00000000 08:02 1190134                    /usr/lib/x86_64-linux-gnu/libgtk-x11-2.0.so.0.2400.23
7fe5c49df000-7fe5c4bde000 ---p 0042f000 08:02 1190134                    /usr/lib/x86_64-linux-gnu/libgtk-x11-2.0.so.0.2400.23
7fe5c4bde000-7fe5c4be5000 r--p 0042e000 08:02 1190134                    /usr/lib/x86_64-linux-gnu/libgtk-x11-2.0.so.0.2400.23
7fe5c4be5000-7fe5c4be9000 rw-p 00435000 08:02 1190134                    /usr/lib/x86_64-linux-gnu/libgtk-x11-2.0.so.0.2400.23
7fe5c4be9000-7fe5c4bec000 rw-p 00000000 00:00 0 
7fe5c4bf0000-7fe5c4e37000 r-xp 00000000 08:02 271383                     /tmp/javacpp10190762400994/libopencv_highgui.so.2.4
7fe5c4e37000-7fe5c5037000 ---p 00247000 08:02 271383                     /tmp/javacpp10190762400994/libopencv_highgui.so.2.4
7fe5c5037000-7fe5c503f000 r--p 00247000 08:02 271383                     /tmp/javacpp10190762400994/libopencv_highgui.so.2.4
7fe5c503f000-7fe5c5048000 rw-p 0024f000 08:02 271383                     /tmp/javacpp10190762400994/libopencv_highgui.so.2.4
7fe5c5048000-7fe5c5050000 rw-p 00000000 00:00 0 
7fe5c5050000-7fe5c52ab000 r-xp 00000000 08:02 271382                     /tmp/javacpp10190762400994/libopencv_imgproc.so.2.4
7fe5c52ab000-7fe5c54ab000 ---p 0025b000 08:02 271382                     /tmp/javacpp10190762400994/libopencv_imgproc.so.2.4
7fe5c54ab000-7fe5c54b2000 r--p 0025b000 08:02 271382                     /tmp/javacpp10190762400994/libopencv_imgproc.so.2.4
7fe5c54b2000-7fe5c54b4000 rw-p 00262000 08:02 271382                     /tmp/javacpp10190762400994/libopencv_imgproc.so.2.4
7fe5c54b4000-7fe5c5549000 rw-p 00000000 00:00 0 
7fe5c5550000-7fe5c57f9000 r-xp 00000000 08:02 271381                     /tmp/javacpp10190762400994/libopencv_core.so.2.4
7fe5c57f9000-7fe5c59f8000 ---p 002a9000 08:02 271381                     /tmp/javacpp10190762400994/libopencv_core.so.2.4
7fe5c59f8000-7fe5c59fc000 r--p 002a8000 08:02 271381                     /tmp/javacpp10190762400994/libopencv_core.so.2.4
7fe5c59fc000-7fe5c5a05000 rw-p 002ac000 08:02 271381                     /tmp/javacpp10190762400994/libopencv_core.so.2.4
7fe5c5a05000-7fe5c5a08000 rw-p 00000000 00:00 0 
7fe5c5a08000-7fe5c5a31000 r-xp 00000000 08:02 271380                     /tmp/javacpp10190762400994/libtbb.so
7fe5c5a31000-7fe5c5c30000 ---p 00029000 08:02 271380                     /tmp/javacpp10190762400994/libtbb.so
7fe5c5c30000-7fe5c5c32000 r--p 00028000 08:02 271380                     /tmp/javacpp10190762400994/libtbb.so
7fe5c5c32000-7fe5c5c33000 rw-p 0002a000 08:02 271380                     /tmp/javacpp10190762400994/libtbb.so
7fe5c5c38000-7fe5c5c5e000 r-xp 00000000 08:02 271379                     /tmp/javacpp10190762400994/libjnifreenect.so
7fe5c5c5e000-7fe5c5e5d000 ---p 00026000 08:02 271379                     /tmp/javacpp10190762400994/libjnifreenect.so
7fe5c5e5d000-7fe5c5e5e000 r--p 00025000 08:02 271379                     /tmp/javacpp10190762400994/libjnifreenect.so
7fe5c5e5e000-7fe5c5e5f000 rw-p 00026000 08:02 271379                     /tmp/javacpp10190762400994/libjnifreenect.so
7fe5c5e60000-7fe5c5e63000 r-xp 00000000 08:02 271378                     /tmp/javacpp10190762400994/libfreenect_sync.so
7fe5c5e63000-7fe5c6062000 ---p 00003000 08:02 271378                     /tmp/javacpp10190762400994/libfreenect_sync.so
7fe5c6062000-7fe5c6063000 r--p 00002000 08:02 271378                     /tmp/javacpp10190762400994/libfreenect_sync.so
7fe5c6063000-7fe5c6064000 rw-p 00003000 08:02 271378                     /tmp/javacpp10190762400994/libfreenect_sync.so
7fe5c6068000-7fe5c6076000 r-xp 00000000 08:02 271377                     /tmp/javacpp10190762400994/libfreenect.so
7fe5c6076000-7fe5c6275000 ---p 0000e000 08:02 271377                     /tmp/javacpp10190762400994/libfreenect.so
7fe5c6275000-7fe5c6276000 r--p 0000d000 08:02 271377                     /tmp/javacpp10190762400994/libfreenect.so
7fe5c6276000-7fe5c6277000 rw-p 0000e000 08:02 271377                     /tmp/javacpp10190762400994/libfreenect.so
7fe5c6277000-7fe5c6278000 ---p 00000000 00:00 0 
7fe5c6278000-7fe5c6a78000 rw-p 00000000 00:00 0 
7fe5c6a78000-7fe5c6aca000 r-xp 00000000 08:02 271376                     /tmp/javacpp10190762400994/libjnidc1394.so
7fe5c6aca000-7fe5c6cc9000 ---p 00052000 08:02 271376                     /tmp/javacpp10190762400994/libjnidc1394.so
7fe5c6cc9000-7fe5c6cca000 r--p 00051000 08:02 271376                     /tmp/javacpp10190762400994/libjnidc1394.so
7fe5c6cca000-7fe5c6ccb000 rw-p 00052000 08:02 271376                     /tmp/javacpp10190762400994/libjnidc1394.so
7fe5c6cd0000-7fe5c6cd8000 r-xp 00000000 08:02 1445949                    /lib/x86_64-linux-gnu/libnih-dbus.so.1.0.0
7fe5c6cd8000-7fe5c6ed8000 ---p 00008000 08:02 1445949                    /lib/x86_64-linux-gnu/libnih-dbus.so.1.0.0
7fe5c6ed8000-7fe5c6ed9000 r--p 00008000 08:02 1445949                    /lib/x86_64-linux-gnu/libnih-dbus.so.1.0.0
7fe5c6ed9000-7fe5c6eda000 rw-p 00009000 08:02 1445949                    /lib/x86_64-linux-gnu/libnih-dbus.so.1.0.0
7fe5c6ee0000-7fe5c6ef7000 r-xp 00000000 08:02 1445951                    /lib/x86_64-linux-gnu/libnih.so.1.0.0
7fe5c6ef7000-7fe5c70f6000 ---p 00017000 08:02 1445951                    /lib/x86_64-linux-gnu/libnih.so.1.0.0
7fe5c70f6000-7fe5c70f7000 r--p 00016000 08:02 1445951                    /lib/x86_64-linux-gnu/libnih.so.1.0.0
7fe5c70f7000-7fe5c70f8000 rw-p 00017000 08:02 1445951                    /lib/x86_64-linux-gnu/libnih.so.1.0.0
7fe5c70f8000-7fe5c7111000 r-xp 00000000 08:02 1444015                    /lib/x86_64-linux-gnu/libcgmanager.so.0.0.0
7fe5c7111000-7fe5c7310000 ---p 00019000 08:02 1444015                    /lib/x86_64-linux-gnu/libcgmanager.so.0.0.0
7fe5c7310000-7fe5c7312000 r--p 00018000 08:02 1444015                    /lib/x86_64-linux-gnu/libcgmanager.so.0.0.0
7fe5c7312000-7fe5c7313000 rw-p 0001a000 08:02 1444015                    /lib/x86_64-linux-gnu/libcgmanager.so.0.0.0
7fe5c7318000-7fe5c7328000 r-xp 00000000 08:02 1442754                    /lib/x86_64-linux-gnu/libudev.so.1.3.5
7fe5c7328000-7fe5c7527000 ---p 00010000 08:02 1442754                    /lib/x86_64-linux-gnu/libudev.so.1.3.5
7fe5c7527000-7fe5c7528000 r--p 0000f000 08:02 1442754                    /lib/x86_64-linux-gnu/libudev.so.1.3.5
7fe5c7528000-7fe5c7529000 rw-p 00010000 08:02 1442754                    /lib/x86_64-linux-gnu/libudev.so.1.3.5
7fe5c7530000-7fe5c7545000 r-xp 00000000 08:02 1446041                    /lib/x86_64-linux-gnu/libusb-1.0.so.0.1.0
7fe5c7545000-7fe5c7745000 ---p 00015000 08:02 1446041                    /lib/x86_64-linux-gnu/libusb-1.0.so.0.1.0
7fe5c7745000-7fe5c7746000 r--p 00015000 08:02 1446041                    /lib/x86_64-linux-gnu/libusb-1.0.so.0.1.0
7fe5c7746000-7fe5c7747000 rw-p 00016000 08:02 1446041                    /lib/x86_64-linux-gnu/libusb-1.0.so.0.1.0
7fe5c7748000-7fe5c7755000 r-xp 00000000 08:02 1188844                    /usr/lib/x86_64-linux-gnu/libraw1394.so.11.1.0
7fe5c7755000-7fe5c7954000 ---p 0000d000 08:02 1188844                    /usr/lib/x86_64-linux-gnu/libraw1394.so.11.1.0
7fe5c7954000-7fe5c7955000 r--p 0000c000 08:02 1188844                    /usr/lib/x86_64-linux-gnu/libraw1394.so.11.1.0
7fe5c7955000-7fe5c7956000 rw-p 0000d000 08:02 1188844                    /usr/lib/x86_64-linux-gnu/libraw1394.so.11.1.0
7fe5c7958000-7fe5c798b000 r-xp 00000000 08:02 271375                     /tmp/javacpp10190762400994/libdc1394.so.22
7fe5c798b000-7fe5c7b8b000 ---p 00033000 08:02 271375                     /tmp/javacpp10190762400994/libdc1394.so.22
7fe5c7b8b000-7fe5c7b8c000 r--p 00033000 08:02 271375                     /tmp/javacpp10190762400994/libdc1394.so.22
7fe5c7b8c000-7fe5c7b8d000 rw-p 00034000 08:02 271375                     /tmp/javacpp10190762400994/libdc1394.so.22
7fe5c7b8d000-7fe5c7bcd000 rw-p 00000000 00:00 0 
7fe5c7bd0000-7fe5c7be7000 r-xp 00000000 08:02 1317766                    /usr/lib/jvm/java-7-openjdk-amd64/jre/lib/amd64/libnet.so
7fe5c7be7000-7fe5c7de6000 ---p 00017000 08:02 1317766                    /usr/lib/jvm/java-7-openjdk-amd64/jre/lib/amd64/libnet.so
7fe5c7de6000-7fe5c7de7000 r--p 00016000 08:02 1317766                    /usr/lib/jvm/java-7-openjdk-amd64/jre/lib/amd64/libnet.so
7fe5c7de7000-7fe5c7de8000 rw-p 00017000 08:02 1317766                    /usr/lib/jvm/java-7-openjdk-amd64/jre/lib/amd64/libnet.so
7fe5c7de8000-7fe5c7df8000 r-xp 00000000 08:02 1317771                    /usr/lib/jvm/java-7-openjdk-amd64/jre/lib/amd64/libnio.so
7fe5c7df8000-7fe5c7ff8000 ---p 00010000 08:02 1317771                    /usr/lib/jvm/java-7-openjdk-amd64/jre/lib/amd64/libnio.so
7fe5c7ff8000-7fe5c7ff9000 r--p 00010000 08:02 1317771                    /usr/lib/jvm/java-7-openjdk-amd64/jre/lib/amd64/libnio.so
7fe5c7ff9000-7fe5c7ffa000 rw-p 00011000 08:02 1317771                    /usr/lib/jvm/java-7-openjdk-amd64/jre/lib/amd64/libnio.so
7fe5c8000000-7fe5c8021000 rw-p 00000000 00:00 0 
7fe5c8021000-7fe5cc000000 ---p 00000000 00:00 0 
7fe5cc000000-7fe5cc105000 rw-p 00000000 00:00 0 
7fe5cc105000-7fe5d0000000 ---p 00000000 00:00 0 
7fe5d0000000-7fe5d0021000 rw-p 00000000 00:00 0 
7fe5d0021000-7fe5d4000000 ---p 00000000 00:00 0 
7fe5d4008000-7fe5d4018000 r--s 00000000 08:02 2362832                    /usr/share/fonts/type1/gsfonts/a010013l.pfb
7fe5d4018000-7fe5d4021000 r--s 00000000 08:02 2362931                    /usr/share/fonts/type1/gsfonts/s050000l.pfb
7fe5d4028000-7fe5d4029000 r--s 00000000 08:02 2756976                    /var/cache/fontconfig/c05880de57d1f5e948fdfacc138775d9-le64.cache-4
7fe5d4030000-7fe5d403b000 r--s 00000000 08:02 2756975                    /var/cache/fontconfig/945677eb7aeaf62f1d50efc3fb3ec7d8-le64.cache-4
7fe5d4040000-7fe5d4042000 r--s 00000000 08:02 2756973                    /var/cache/fontconfig/99e8ed0e538f840c565b6ed5dad60d56-le64.cache-4
7fe5d4048000-7fe5d404e000 r--s 00000000 08:02 2756972                    /var/cache/fontconfig/2cd17615ca594fa2959ae173292e504c-le64.cache-4
7fe5d4050000-7fe5d4051000 r--s 00000000 08:02 2756971                    /var/cache/fontconfig/e7071f4a29fa870f4323321c154eba04-le64.cache-4
7fe5d4058000-7fe5d4059000 r--s 00000000 08:02 2756970                    /var/cache/fontconfig/0d8c3b2ac0904cb8a57a757ad11a4a08-le64.cache-4
7fe5d4060000-7fe5d4067000 r--s 00000000 08:02 2756969                    /var/cache/fontconfig/a755afe4a08bf5b97852ceb7400b47bc-le64.cache-4
7fe5d4068000-7fe5d4074000 r--s 00000000 08:02 2756968                    /var/cache/fontconfig/6d41288fd70b0be22e8c3a91e032eec0-le64.cache-4
7fe5d4078000-7fe5d408c000 r--s 00000000 08:02 2756967                    /var/cache/fontconfig/04aabc0a78ac019cf9454389977116d2-le64.cache-4
7fe5d4090000-7fe5d4091000 r--s 00000000 08:02 2756966                    /var/cache/fontconfig/1ac9eb803944fde146138c791f5cc56a-le64.cache-4
7fe5d4098000-7fe5d409c000 r--s 00000000 08:02 2756965                    /var/cache/fontconfig/385c0604a188198f04d133e54aba7fe7-le64.cache-4
7fe5d40a0000-7fe5d40a1000 r--s 00000000 08:02 2756964                    /var/cache/fontconfig/dc05db6664285cc2f12bf69c139ae4c3-le64.cache-4
7fe5d40a8000-7fe5d40aa000 r--s 00000000 08:02 2756963                    /var/cache/fontconfig/767a8244fc0220cfb567a839d0392e0b-le64.cache-4
7fe5d40b0000-7fe5d40b5000 r--s 00000000 08:02 2756961                    /var/cache/fontconfig/8801497958630a81b71ace7c5f9b32a8-le64.cache-4
7fe5d40b6000-7fe5d40b9000 ---p 00000000 00:00 0 
7fe5d40b9000-7fe5d41b7000 rw-p 00000000 00:00 0                          [stack:11259]
7fe5d41b7000-7fe5d41ba000 ---p 00000000 00:00 0 
7fe5d41ba000-7fe5d42b8000 rw-p 00000000 00:00 0                          [stack:11239]
7fe5d42b8000-7fe5d42bd000 r-xp 00000000 08:02 1185797                    /usr/lib/x86_64-linux-gnu/libXfixes.so.3.1.0
7fe5d42bd000-7fe5d44bc000 ---p 00005000 08:02 1185797                    /usr/lib/x86_64-linux-gnu/libXfixes.so.3.1.0
7fe5d44bc000-7fe5d44bd000 r--p 00004000 08:02 1185797                    /usr/lib/x86_64-linux-gnu/libXfixes.so.3.1.0
7fe5d44bd000-7fe5d44be000 rw-p 00005000 08:02 1185797                    /usr/lib/x86_64-linux-gnu/libXfixes.so.3.1.0
7fe5d44c0000-7fe5d44c9000 r-xp 00000000 08:02 1187924                    /usr/lib/x86_64-linux-gnu/libXcursor.so.1.0.2
7fe5d44c9000-7fe5d46c8000 ---p 00009000 08:02 1187924                    /usr/lib/x86_64-linux-gnu/libXcursor.so.1.0.2
7fe5d46c8000-7fe5d46c9000 r--p 00008000 08:02 1187924                    /usr/lib/x86_64-linux-gnu/libXcursor.so.1.0.2
7fe5d46c9000-7fe5d46ca000 rw-p 00009000 08:02 1187924                    /usr/lib/x86_64-linux-gnu/libXcursor.so.1.0.2
7fe5d46cf000-7fe5d46d2000 ---p 00000000 00:00 0 
7fe5d46d2000-7fe5d47d0000 rw-p 00000000 00:00 0                          [stack:11238]
7fe5d47d0000-7fe5d47d4000 r-xp 00000000 08:02 1445919                    /lib/x86_64-linux-gnu/libgpg-error.so.0.10.0
7fe5d47d4000-7fe5d49d3000 ---p 00004000 08:02 1445919                    /lib/x86_64-linux-gnu/libgpg-error.so.0.10.0
7fe5d49d3000-7fe5d49d4000 r--p 00003000 08:02 1445919                    /lib/x86_64-linux-gnu/libgpg-error.so.0.10.0
7fe5d49d4000-7fe5d49d5000 rw-p 00004000 08:02 1445919                    /lib/x86_64-linux-gnu/libgpg-error.so.0.10.0
7fe5d49d8000-7fe5d49da000 r-xp 00000000 08:02 1445929                    /lib/x86_64-linux-gnu/libkeyutils.so.1.4
7fe5d49da000-7fe5d4bda000 ---p 00002000 08:02 1445929                    /lib/x86_64-linux-gnu/libkeyutils.so.1.4
7fe5d4bda000-7fe5d4bdb000 r--p 00002000 08:02 1445929                    /lib/x86_64-linux-gnu/libkeyutils.so.1.4
7fe5d4bdb000-7fe5d4bdc000 rw-p 00003000 08:02 1445929                    /lib/x86_64-linux-gnu/libkeyutils.so.1.4
7fe5d4be0000-7fe5d4c1d000 r-xp 00000000 08:02 1445990                    /lib/x86_64-linux-gnu/libpcre.so.3.13.1
7fe5d4c1d000-7fe5d4e1c000 ---p 0003d000 08:02 1445990                    /lib/x86_64-linux-gnu/libpcre.so.3.13.1
7fe5d4e1c000-7fe5d4e1d000 r--p 0003c000 08:02 1445990                    /lib/x86_64-linux-gnu/libpcre.so.3.13.1
7fe5d4e1d000-7fe5d4e1e000 rw-p 0003d000 08:02 1445990                    /lib/x86_64-linux-gnu/libpcre.so.3.13.1
7fe5d4e20000-7fe5d4e45000 r-xp 00000000 08:02 1446002                    /lib/x86_64-linux-gnu/libpng12.so.0.50.0
7fe5d4e45000-7fe5d5044000 ---p 00025000 08:02 1446002                    /lib/x86_64-linux-gnu/libpng12.so.0.50.0
7fe5d5044000-7fe5d5045000 r--p 00024000 08:02 1446002                    /lib/x86_64-linux-gnu/libpng12.so.0.50.0
7fe5d5045000-7fe5d5046000 rw-p 00025000 08:02 1446002                    /lib/x86_64-linux-gnu/libpng12.so.0.50.0
7fe5d5048000-7fe5d508c000 r-xp 00000000 08:02 1444769                    /lib/x86_64-linux-gnu/libdbus-1.so.3.7.6
7fe5d508c000-7fe5d528b000 ---p 00044000 08:02 1444769                    /lib/x86_64-linux-gnu/libdbus-1.so.3.7.6
7fe5d528b000-7fe5d528c000 r--p 00043000 08:02 1444769                    /lib/x86_64-linux-gnu/libdbus-1.so.3.7.6
7fe5d528c000-7fe5d528d000 rw-p 00044000 08:02 1444769                    /lib/x86_64-linux-gnu/libdbus-1.so.3.7.6
7fe5d5290000-7fe5d52cb000 r-xp 00000000 08:02 1188762                    /usr/lib/x86_64-linux-gnu/libp11-kit.so.0.0.0
7fe5d52cb000-7fe5d54ca000 ---p 0003b000 08:02 1188762                    /usr/lib/x86_64-linux-gnu/libp11-kit.so.0.0.0
7fe5d54ca000-7fe5d54d0000 r--p 0003a000 08:02 1188762                    /usr/lib/x86_64-linux-gnu/libp11-kit.so.0.0.0
7fe5d54d0000-7fe5d54d2000 rw-p 00040000 08:02 1188762                    /usr/lib/x86_64-linux-gnu/libp11-kit.so.0.0.0
7fe5d54d8000-7fe5d54ea000 r-xp 00000000 08:02 1190002                    /usr/lib/x86_64-linux-gnu/libtasn1.so.6.2.0
7fe5d54ea000-7fe5d56ea000 ---p 00012000 08:02 1190002                    /usr/lib/x86_64-linux-gnu/libtasn1.so.6.2.0
7fe5d56ea000-7fe5d56eb000 r--p 00012000 08:02 1190002                    /usr/lib/x86_64-linux-gnu/libtasn1.so.6.2.0
7fe5d56eb000-7fe5d56ec000 rw-p 00013000 08:02 1190002                    /usr/lib/x86_64-linux-gnu/libtasn1.so.6.2.0
7fe5d56f0000-7fe5d576c000 r-xp 00000000 08:02 1443002                    /lib/x86_64-linux-gnu/libgcrypt.so.11.8.2
7fe5d576c000-7fe5d596c000 ---p 0007c000 08:02 1443002                    /lib/x86_64-linux-gnu/libgcrypt.so.11.8.2
7fe5d596c000-7fe5d596d000 r--p 0007c000 08:02 1443002                    /lib/x86_64-linux-gnu/libgcrypt.so.11.8.2
7fe5d596d000-7fe5d5970000 rw-p 0007d000 08:02 1443002                    /lib/x86_64-linux-gnu/libgcrypt.so.11.8.2
7fe5d5970000-7fe5d597a000 r-xp 00000000 08:02 1185597                    /usr/lib/x86_64-linux-gnu/libkrb5support.so.0.1
7fe5d597a000-7fe5d5b79000 ---p 0000a000 08:02 1185597                    /usr/lib/x86_64-linux-gnu/libkrb5support.so.0.1
7fe5d5b79000-7fe5d5b7a000 r--p 00009000 08:02 1185597                    /usr/lib/x86_64-linux-gnu/libkrb5support.so.0.1
7fe5d5b7a000-7fe5d5b7b000 rw-p 0000a000 08:02 1185597                    /usr/lib/x86_64-linux-gnu/libkrb5support.so.0.1
7fe5d5b80000-7fe5d5b83000 r-xp 00000000 08:02 1444828                    /lib/x86_64-linux-gnu/libcom_err.so.2.1
7fe5d5b83000-7fe5d5d82000 ---p 00003000 08:02 1444828                    /lib/x86_64-linux-gnu/libcom_err.so.2.1
7fe5d5d82000-7fe5d5d83000 r--p 00002000 08:02 1444828                    /lib/x86_64-linux-gnu/libcom_err.so.2.1
7fe5d5d83000-7fe5d5d84000 rw-p 00003000 08:02 1444828                    /lib/x86_64-linux-gnu/libcom_err.so.2.1
7fe5d5d88000-7fe5d5db4000 r-xp 00000000 08:02 1180183                    /usr/lib/x86_64-linux-gnu/libk5crypto.so.3.1
7fe5d5db4000-7fe5d5fb3000 ---p 0002c000 08:02 1180183                    /usr/lib/x86_64-linux-gnu/libk5crypto.so.3.1
7fe5d5fb3000-7fe5d5fb5000 r--p 0002b000 08:02 1180183                    /usr/lib/x86_64-linux-gnu/libk5crypto.so.3.1
7fe5d5fb5000-7fe5d5fb6000 rw-p 0002d000 08:02 1180183                    /usr/lib/x86_64-linux-gnu/libk5crypto.so.3.1
7fe5d5fb6000-7fe5d5fb7000 rw-p 00000000 00:00 0 
7fe5d5fb8000-7fe5d6074000 r-xp 00000000 08:02 1185595                    /usr/lib/x86_64-linux-gnu/libkrb5.so.3.3
7fe5d6074000-7fe5d6274000 ---p 000bc000 08:02 1185595                    /usr/lib/x86_64-linux-gnu/libkrb5.so.3.3
7fe5d6274000-7fe5d6281000 r--p 000bc000 08:02 1185595                    /usr/lib/x86_64-linux-gnu/libkrb5.so.3.3
7fe5d6281000-7fe5d6283000 rw-p 000c9000 08:02 1185595                    /usr/lib/x86_64-linux-gnu/libkrb5.so.3.3
7fe5d6288000-7fe5d628d000 r-xp 00000000 08:02 1187928                    /usr/lib/x86_64-linux-gnu/libXdmcp.so.6.0.0
7fe5d628d000-7fe5d648c000 ---p 00005000 08:02 1187928                    /usr/lib/x86_64-linux-gnu/libXdmcp.so.6.0.0
7fe5d648c000-7fe5d648d000 r--p 00004000 08:02 1187928                    /usr/lib/x86_64-linux-gnu/libXdmcp.so.6.0.0
7fe5d648d000-7fe5d648e000 rw-p 00005000 08:02 1187928                    /usr/lib/x86_64-linux-gnu/libXdmcp.so.6.0.0
7fe5d6490000-7fe5d6492000 r-xp 00000000 08:02 1187917                    /usr/lib/x86_64-linux-gnu/libXau.so.6.0.0
7fe5d6492000-7fe5d6692000 ---p 00002000 08:02 1187917                    /usr/lib/x86_64-linux-gnu/libXau.so.6.0.0
7fe5d6692000-7fe5d6693000 r--p 00002000 08:02 1187917                    /usr/lib/x86_64-linux-gnu/libXau.so.6.0.0
7fe5d6693000-7fe5d6694000 rw-p 00003000 08:02 1187917                    /usr/lib/x86_64-linux-gnu/libXau.so.6.0.0
7fe5d6698000-7fe5d669f000 r-xp 00000000 08:02 1188226                    /usr/lib/x86_64-linux-gnu/libffi.so.6.0.1
7fe5d669f000-7fe5d689e000 ---p 00007000 08:02 1188226                    /usr/lib/x86_64-linux-gnu/libffi.so.6.0.1
7fe5d689e000-7fe5d689f000 r--p 00006000 08:02 1188226                    /usr/lib/x86_64-linux-gnu/libffi.so.6.0.1
7fe5d689f000-7fe5d68a0000 rw-p 00007000 08:02 1188226                    /usr/lib/x86_64-linux-gnu/libffi.so.6.0.1
7fe5d68a0000-7fe5d68b7000 r-xp 00000000 08:02 1441817                    /lib/x86_64-linux-gnu/libresolv-2.19.so
7fe5d68b7000-7fe5d6ab7000 ---p 00017000 08:02 1441817                    /lib/x86_64-linux-gnu/libresolv-2.19.so
7fe5d6ab7000-7fe5d6ab8000 r--p 00017000 08:02 1441817                    /lib/x86_64-linux-gnu/libresolv-2.19.so
7fe5d6ab8000-7fe5d6ab9000 rw-p 00018000 08:02 1441817                    /lib/x86_64-linux-gnu/libresolv-2.19.so
7fe5d6ab9000-7fe5d6abb000 rw-p 00000000 00:00 0 
7fe5d6ac0000-7fe5d6ae0000 r-xp 00000000 08:02 1441806                    /lib/x86_64-linux-gnu/libselinux.so.1
7fe5d6ae0000-7fe5d6cdf000 ---p 00020000 08:02 1441806                    /lib/x86_64-linux-gnu/libselinux.so.1
7fe5d6cdf000-7fe5d6ce0000 r--p 0001f000 08:02 1441806                    /lib/x86_64-linux-gnu/libselinux.so.1
7fe5d6ce0000-7fe5d6ce1000 rw-p 00020000 08:02 1441806                    /lib/x86_64-linux-gnu/libselinux.so.1
7fe5d6ce1000-7fe5d6ce3000 rw-p 00000000 00:00 0 
7fe5d6ce8000-7fe5d6dee000 r-xp 00000000 08:02 1443043                    /lib/x86_64-linux-gnu/libglib-2.0.so.0.4002.0
7fe5d6dee000-7fe5d6fed000 ---p 00106000 08:02 1443043                    /lib/x86_64-linux-gnu/libglib-2.0.so.0.4002.0
7fe5d6fed000-7fe5d6fee000 r--p 00105000 08:02 1443043                    /lib/x86_64-linux-gnu/libglib-2.0.so.0.4002.0
7fe5d6fee000-7fe5d6fef000 rw-p 00106000 08:02 1443043                    /lib/x86_64-linux-gnu/libglib-2.0.so.0.4002.0
7fe5d6fef000-7fe5d6ff0000 rw-p 00000000 00:00 0 
7fe5d6ff0000-7fe5d6ff3000 r-xp 00000000 08:02 1181655                    /usr/lib/x86_64-linux-gnu/libgmodule-2.0.so.0.4002.0
7fe5d6ff3000-7fe5d71f2000 ---p 00003000 08:02 1181655                    /usr/lib/x86_64-linux-gnu/libgmodule-2.0.so.0.4002.0
7fe5d71f2000-7fe5d71f3000 r--p 00002000 08:02 1181655                    /usr/lib/x86_64-linux-gnu/libgmodule-2.0.so.0.4002.0
7fe5d71f3000-7fe5d71f4000 rw-p 00003000 08:02 1181655                    /usr/lib/x86_64-linux-gnu/libgmodule-2.0.so.0.4002.0
7fe5d71f8000-7fe5d721f000 r-xp 00000000 08:02 1445908                    /lib/x86_64-linux-gnu/libexpat.so.1.6.0
7fe5d721f000-7fe5d741f000 ---p 00027000 08:02 1445908                    /lib/x86_64-linux-gnu/libexpat.so.1.6.0
7fe5d741f000-7fe5d7421000 r--p 00027000 08:02 1445908                    /lib/x86_64-linux-gnu/libexpat.so.1.6.0
7fe5d7421000-7fe5d7422000 rw-p 00029000 08:02 1445908                    /lib/x86_64-linux-gnu/libexpat.so.1.6.0
7fe5d7428000-7fe5d74c5000 r-xp 00000000 08:02 1180395                    /usr/lib/x86_64-linux-gnu/libfreetype.so.6.11.1
7fe5d74c5000-7fe5d76c4000 ---p 0009d000 08:02 1180395                    /usr/lib/x86_64-linux-gnu/libfreetype.so.6.11.1
7fe5d76c4000-7fe5d76ca000 r--p 0009c000 08:02 1180395                    /usr/lib/x86_64-linux-gnu/libfreetype.so.6.11.1
7fe5d76ca000-7fe5d76cb000 rw-p 000a2000 08:02 1180395                    /usr/lib/x86_64-linux-gnu/libfreetype.so.6.11.1
7fe5d76d0000-7fe5d76df000 r-xp 00000000 08:02 1188021                    /usr/lib/x86_64-linux-gnu/libavahi-client.so.3.2.9
7fe5d76df000-7fe5d78df000 ---p 0000f000 08:02 1188021                    /usr/lib/x86_64-linux-gnu/libavahi-client.so.3.2.9
7fe5d78df000-7fe5d78e0000 r--p 0000f000 08:02 1188021                    /usr/lib/x86_64-linux-gnu/libavahi-client.so.3.2.9
7fe5d78e0000-7fe5d78e1000 rw-p 00010000 08:02 1188021                    /usr/lib/x86_64-linux-gnu/libavahi-client.so.3.2.9
7fe5d78e8000-7fe5d78f3000 r-xp 00000000 08:02 1188023                    /usr/lib/x86_64-linux-gnu/libavahi-common.so.3.5.3
7fe5d78f3000-7fe5d7af2000 ---p 0000b000 08:02 1188023                    /usr/lib/x86_64-linux-gnu/libavahi-common.so.3.5.3
7fe5d7af2000-7fe5d7af3000 r--p 0000a000 08:02 1188023                    /usr/lib/x86_64-linux-gnu/libavahi-common.so.3.5.3
7fe5d7af3000-7fe5d7af4000 rw-p 0000b000 08:02 1188023                    /usr/lib/x86_64-linux-gnu/libavahi-common.so.3.5.3
7fe5d7af8000-7fe5d7bae000 r-xp 00000000 08:02 1183583                    /usr/lib/x86_64-linux-gnu/libgnutls.so.26.22.6
7fe5d7bae000-7fe5d7dae000 ---p 000b6000 08:02 1183583                    /usr/lib/x86_64-linux-gnu/libgnutls.so.26.22.6
7fe5d7dae000-7fe5d7db4000 r--p 000b6000 08:02 1183583                    /usr/lib/x86_64-linux-gnu/libgnutls.so.26.22.6
7fe5d7db4000-7fe5d7db5000 rw-p 000bc000 08:02 1183583                    /usr/lib/x86_64-linux-gnu/libgnutls.so.26.22.6
7fe5d7db5000-7fe5d7db6000 rw-p 00000000 00:00 0 
7fe5d7db8000-7fe5d7dfb000 r-xp 00000000 08:02 1182323                    /usr/lib/x86_64-linux-gnu/libgssapi_krb5.so.2.2
7fe5d7dfb000-7fe5d7ffb000 ---p 00043000 08:02 1182323                    /usr/lib/x86_64-linux-gnu/libgssapi_krb5.so.2.2
7fe5d7ffb000-7fe5d7ffc000 r--p 00043000 08:02 1182323                    /usr/lib/x86_64-linux-gnu/libgssapi_krb5.so.2.2
7fe5d7ffc000-7fe5d7ffe000 rw-p 00044000 08:02 1182323                    /usr/lib/x86_64-linux-gnu/libgssapi_krb5.so.2.2
7fe5d8000000-7fe5d8021000 rw-p 00000000 00:00 0 
7fe5d8021000-7fe5dc000000 ---p 00000000 00:00 0 
7fe5dc000000-7fe5dc021000 rw-p 00000000 00:00 0 
7fe5dc021000-7fe5e0000000 ---p 00000000 00:00 0 
7fe5e0000000-7fe5e087a000 rw-p 00000000 00:00 0 
7fe5e087a000-7fe5e4000000 ---p 00000000 00:00 0 
7fe5e4000000-7fe5e4986000 rw-p 00000000 00:00 0 
7fe5e4986000-7fe5e8000000 ---p 00000000 00:00 0 
7fe5e8000000-7fe5e8021000 rw-p 00000000 00:00 0 
7fe5e8021000-7fe5ec000000 ---p 00000000 00:00 0 
7fe5ec000000-7fe5ec021000 rw-p 00000000 00:00 0 
7fe5ec021000-7fe5f0000000 ---p 00000000 00:00 0 
7fe5f0000000-7fe5f0021000 rw-p 00000000 00:00 0 
7fe5f0021000-7fe5f4000000 ---p 00000000 00:00 0 
7fe5f4000000-7fe5f4001000 r--s 00000000 08:02 2753289                    /var/cache/fontconfig/4794a0821666d79190d59a36cb4f44b5-le64.cache-4
7fe5f4008000-7fe5f400f000 r--s 00000000 08:02 2756960                    /var/cache/fontconfig/3047814df9a2f067bd2d96a2b9c36e5a-le64.cache-4
7fe5f4010000-7fe5f4011000 r--s 00000000 08:02 2756959                    /var/cache/fontconfig/56cf4f4769d0f4abc89a4895d7bd3ae1-le64.cache-4
7fe5f4018000-7fe5f4019000 r--s 00000000 08:02 2756958                    /var/cache/fontconfig/b9d506c9ac06c20b433354fa67a72993-le64.cache-4
7fe5f4020000-7fe5f4026000 r--s 00000000 08:02 2756957                    /var/cache/fontconfig/b47c4e1ecd0709278f4910c18777a504-le64.cache-4
7fe5f4028000-7fe5f403b000 r--s 00000000 08:02 2756956                    /var/cache/fontconfig/d52a8644073d54c13679302ca1180695-le64.cache-4
7fe5f4040000-7fe5f4049000 r--s 00000000 08:02 2754543                    /var/cache/fontconfig/3f7329c5293ffd510edef78f73874cfd-le64.cache-4
7fe5f4050000-7fe5f405b000 r--s 00000000 08:02 2756954                    /var/cache/fontconfig/d589a48862398ed80a3d6066f4f56f4c-le64.cache-4
7fe5f4060000-7fe5f407b000 r--s 00000000 08:02 2362859                    /usr/share/fonts/type1/gsfonts/c059016l.pfb
7fe5f4080000-7fe5f4091000 r--s 00000000 08:02 2362841                    /usr/share/fonts/type1/gsfonts/a010035l.pfb
7fe5f4098000-7fe5f40b0000 r--s 00000000 08:02 2362862                    /usr/share/fonts/type1/gsfonts/c059033l.pfb
7fe5f40b0000-7fe5f40c5000 r--s 00000000 08:02 2362850                    /usr/share/fonts/type1/gsfonts/b018032l.pfb
7fe5f40c8000-7fe5f40e4000 r--s 00000000 08:02 2362928                    /usr/share/fonts/type1/gsfonts/p052024l.pfb
7fe5f40e8000-7fe5f4100000 r--s 00000000 08:02 2362865                    /usr/share/fonts/type1/gsfonts/c059036l.pfb
7fe5f4100000-7fe5f411d000 r-xp 00000000 08:02 1189092                    /usr/lib/x86_64-linux-gnu/libxcb.so.1.1.0
7fe5f411d000-7fe5f431d000 ---p 0001d000 08:02 1189092                    /usr/lib/x86_64-linux-gnu/libxcb.so.1.1.0
7fe5f431d000-7fe5f431e000 r--p 0001d000 08:02 1189092                    /usr/lib/x86_64-linux-gnu/libxcb.so.1.1.0
7fe5f431e000-7fe5f431f000 rw-p 0001e000 08:02 1189092                    /usr/lib/x86_64-linux-gnu/libxcb.so.1.1.0
7fe5f4320000-7fe5f8000000 rw-p 00000000 00:00 0 
7fe5f8000000-7fe5f8021000 rw-p 00000000 00:00 0 
7fe5f8021000-7fe5fc000000 ---p 00000000 00:00 0 
7fe5fc000000-7fe5fc0e9000 rw-p 00000000 00:00 0 
7fe5fc0e9000-7fe600000000 ---p 00000000 00:00 0 
7fe600000000-7fe600021000 rw-p 00000000 00:00 0 
7fe600021000-7fe604000000 ---p 00000000 00:00 0 
7fe604000000-7fe604001000 r--s 00000000 08:02 2756953                    /var/cache/fontconfig/0c9eb80ebd1c36541ebe2852d3bb0c49-le64.cache-4
7fe604008000-7fe60400b000 r--s 00000000 08:02 2756942                    /var/cache/fontconfig/e13b20fdb08344e0e664864cc2ede53d-le64.cache-4
7fe604018000-7fe604028000 r--s 00000000 08:02 2362838                    /usr/share/fonts/type1/gsfonts/a010033l.pfb
7fe604028000-7fe604043000 r--s 00000000 08:02 2362919                    /usr/share/fonts/type1/gsfonts/p052003l.pfb
7fe604048000-7fe60405b000 r--s 00000000 08:02 2362892                    /usr/share/fonts/type1/gsfonts/n019064l.pfb
7fe604060000-7fe60407a000 r--s 00000000 08:02 2362856                    /usr/share/fonts/type1/gsfonts/c059013l.pfb
7fe604080000-7fe604099000 r--s 00000000 08:02 2362844                    /usr/share/fonts/type1/gsfonts/b018012l.pfb
7fe60409f000-7fe6040d0000 rw-p 00000000 00:00 0 
7fe6040d0000-7fe60411f000 r-xp 00000000 08:02 1181657                    /usr/lib/x86_64-linux-gnu/libgobject-2.0.so.0.4002.0
7fe60411f000-7fe60431f000 ---p 0004f000 08:02 1181657                    /usr/lib/x86_64-linux-gnu/libgobject-2.0.so.0.4002.0
7fe60431f000-7fe604320000 r--p 0004f000 08:02 1181657                    /usr/lib/x86_64-linux-gnu/libgobject-2.0.so.0.4002.0
7fe604320000-7fe604321000 rw-p 00050000 08:02 1181657                    /usr/lib/x86_64-linux-gnu/libgobject-2.0.so.0.4002.0
7fe604328000-7fe604494000 r-xp 00000000 08:02 1181661                    /usr/lib/x86_64-linux-gnu/libgio-2.0.so.0.4002.0
7fe604494000-7fe604693000 ---p 0016c000 08:02 1181661                    /usr/lib/x86_64-linux-gnu/libgio-2.0.so.0.4002.0
7fe604693000-7fe604697000 r--p 0016b000 08:02 1181661                    /usr/lib/x86_64-linux-gnu/libgio-2.0.so.0.4002.0
7fe604697000-7fe604699000 rw-p 0016f000 08:02 1181661                    /usr/lib/x86_64-linux-gnu/libgio-2.0.so.0.4002.0
7fe604699000-7fe60469b000 rw-p 00000000 00:00 0 
7fe6046a0000-7fe6046da000 r-xp 00000000 08:02 1196543                    /usr/lib/x86_64-linux-gnu/libfontconfig.so.1.8.0
7fe6046da000-7fe6048d9000 ---p 0003a000 08:02 1196543                    /usr/lib/x86_64-linux-gnu/libfontconfig.so.1.8.0
7fe6048d9000-7fe6048db000 r--p 00039000 08:02 1196543                    /usr/lib/x86_64-linux-gnu/libfontconfig.so.1.8.0
7fe6048db000-7fe6048dc000 rw-p 0003b000 08:02 1196543                    /usr/lib/x86_64-linux-gnu/libfontconfig.so.1.8.0
7fe6048e0000-7fe60494c000 r-xp 00000000 08:02 1180391                    /usr/lib/x86_64-linux-gnu/libcups.so.2
7fe60494c000-7fe604b4c000 ---p 0006c000 08:02 1180391                    /usr/lib/x86_64-linux-gnu/libcups.so.2
7fe604b4c000-7fe604b53000 r--p 0006c000 08:02 1180391                    /usr/lib/x86_64-linux-gnu/libcups.so.2
7fe604b53000-7fe604b54000 rw-p 00073000 08:02 1180391                    /usr/lib/x86_64-linux-gnu/libcups.so.2
7fe604b58000-7fe604b67000 r-xp 00000000 08:02 1188440                    /usr/lib/x86_64-linux-gnu/libXi.so.6.1.0
7fe604b67000-7fe604d66000 ---p 0000f000 08:02 1188440                    /usr/lib/x86_64-linux-gnu/libXi.so.6.1.0
7fe604d66000-7fe604d67000 r--p 0000e000 08:02 1188440                    /usr/lib/x86_64-linux-gnu/libXi.so.6.1.0
7fe604d67000-7fe604d68000 rw-p 0000f000 08:02 1188440                    /usr/lib/x86_64-linux-gnu/libXi.so.6.1.0
7fe604d68000-7fe604d6d000 r-xp 00000000 08:02 1187956                    /usr/lib/x86_64-linux-gnu/libXtst.so.6.1.0
7fe604d6d000-7fe604f6c000 ---p 00005000 08:02 1187956                    /usr/lib/x86_64-linux-gnu/libXtst.so.6.1.0
7fe604f6c000-7fe604f6d000 r--p 00004000 08:02 1187956                    /usr/lib/x86_64-linux-gnu/libXtst.so.6.1.0
7fe604f6d000-7fe604f6e000 rw-p 00005000 08:02 1187956                    /usr/lib/x86_64-linux-gnu/libXtst.so.6.1.0
7fe604f70000-7fe604f79000 r-xp 00000000 08:02 1190129                    /usr/lib/x86_64-linux-gnu/libXrender.so.1.3.0
7fe604f79000-7fe605178000 ---p 00009000 08:02 1190129                    /usr/lib/x86_64-linux-gnu/libXrender.so.1.3.0
7fe605178000-7fe605179000 r--p 00008000 08:02 1190129                    /usr/lib/x86_64-linux-gnu/libXrender.so.1.3.0
7fe605179000-7fe60517a000 rw-p 00009000 08:02 1190129                    /usr/lib/x86_64-linux-gnu/libXrender.so.1.3.0
7fe605180000-7fe6052b0000 r-xp 00000000 08:02 1187913                    /usr/lib/x86_64-linux-gnu/libX11.so.6.3.0
7fe6052b0000-7fe6054b0000 ---p 00130000 08:02 1187913                    /usr/lib/x86_64-linux-gnu/libX11.so.6.3.0
7fe6054b0000-7fe6054b1000 r--p 00130000 08:02 1187913                    /usr/lib/x86_64-linux-gnu/libX11.so.6.3.0
7fe6054b1000-7fe6054b5000 rw-p 00131000 08:02 1187913                    /usr/lib/x86_64-linux-gnu/libX11.so.6.3.0
7fe6054b8000-7fe6054c9000 r-xp 00000000 08:02 1190118                    /usr/lib/x86_64-linux-gnu/libXext.so.6.4.0
7fe6054c9000-7fe6056c8000 ---p 00011000 08:02 1190118                    /usr/lib/x86_64-linux-gnu/libXext.so.6.4.0
7fe6056c8000-7fe6056c9000 r--p 00010000 08:02 1190118                    /usr/lib/x86_64-linux-gnu/libXext.so.6.4.0
7fe6056c9000-7fe6056ca000 rw-p 00011000 08:02 1190118                    /usr/lib/x86_64-linux-gnu/libXext.so.6.4.0
7fe6056cd000-7fe6056d2000 r--s 0004d000 08:02 1310924                    /usr/lib/jvm/java-7-openjdk-amd64/jre/lib/jsse.jar
7fe6056d8000-7fe6056e8000 r--s 00000000 08:02 2362835                    /usr/share/fonts/type1/gsfonts/a010015l.pfb
7fe6056e8000-7fe6056ef000 r--s 00000000 08:02 1713734                    /usr/lib/x86_64-linux-gnu/gconv/gconv-modules.cache
7fe6056f0000-7fe605738000 r-xp 00000000 08:02 1311229                    /usr/lib/jvm/java-7-openjdk-amd64/jre/lib/amd64/xawt/libmawt.so
7fe605738000-7fe605937000 ---p 00048000 08:02 1311229                    /usr/lib/jvm/java-7-openjdk-amd64/jre/lib/amd64/xawt/libmawt.so
7fe605937000-7fe605938000 r--p 00047000 08:02 1311229                    /usr/lib/jvm/java-7-openjdk-amd64/jre/lib/amd64/xawt/libmawt.so
7fe605938000-7fe60593b000 rw-p 00048000 08:02 1311229                    /usr/lib/jvm/java-7-openjdk-amd64/jre/lib/amd64/xawt/libmawt.so
7fe60593b000-7fe60593c000 rw-p 00000000 00:00 0 
7fe605940000-7fe6059e0000 r-xp 00000000 08:02 1317752                    /usr/lib/jvm/java-7-openjdk-amd64/jre/lib/amd64/libawt.so
7fe6059e0000-7fe605be0000 ---p 000a0000 08:02 1317752                    /usr/lib/jvm/java-7-openjdk-amd64/jre/lib/amd64/libawt.so
7fe605be0000-7fe605be1000 r--p 000a0000 08:02 1317752                    /usr/lib/jvm/java-7-openjdk-amd64/jre/lib/amd64/libawt.so
7fe605be1000-7fe605bec000 rw-p 000a1000 08:02 1317752                    /usr/lib/jvm/java-7-openjdk-amd64/jre/lib/amd64/libawt.so
7fe605bec000-7fe605c11000 rw-p 00000000 00:00 0 
7fe605c16000-7fe605c20000 r--s 000ae000 08:02 1310920                    /usr/lib/jvm/java-7-openjdk-amd64/jre/lib/resources.jar
7fe605c27000-7fe605c29000 r--s 0061f000 08:02 2244944                    /home/xrousakis/.m2/repository/org/bytedeco/javacpp-presets/ffmpeg/2.2.1-0.8/ffmpeg-2.2.1-0.8-linux-x86_64.jar
7fe605c30000-7fe605c34000 r--s 00000000 08:02 2756952                    /var/cache/fontconfig/7ef2298fde41cc6eeb7af42e48b7d293-le64.cache-4
7fe605c36000-7fe605c3a000 r--s 000a6000 08:02 2901832                    /home/xrousakis/.m2/repository/net/java/dev/jna/jna/3.5.1/jna-3.5.1.jar
7fe605c3b000-7fe605c3d000 r--s 0000b000 08:02 2105256                    /home/xrousakis/.m2/repository/com/github/tulskiy/jkeymaster/1.1/jkeymaster-1.1.jar
7fe605c41000-7fe605c43000 r--s 00029000 08:02 2244940                    /home/xrousakis/.m2/repository/org/bytedeco/javacpp-presets/artoolkitplus/2.3.0-0.8/artoolkitplus-2.3.0-0.8-linux-x86_64.jar
7fe605c48000-7fe605c49000 r--s 00000000 08:02 2244936                    /home/xrousakis/.m2/repository/org/bytedeco/javacpp-presets/videoinput/0.200-0.8/videoinput-0.200-0.8-linux-x86_64.jar
7fe605c4a000-7fe605c4c000 r--s 00012000 08:02 2244934                    /home/xrousakis/.m2/repository/org/bytedeco/javacpp-presets/libfreenect/0.4-0.8/libfreenect-0.4-0.8-linux-x86_64.jar
7fe605c4f000-7fe605c50000 r--s 00027000 08:02 2244931                    /home/xrousakis/.m2/repository/org/bytedeco/javacpp-presets/libdc1394/2.2.2-0.8/libdc1394-2.2.2-0.8-linux-x86_64.jar
7fe605c50000-7fe605c51000 r--s 00000000 08:02 2244929                    /home/xrousakis/.m2/repository/org/bytedeco/javacpp-presets/flycapture/1.7.17-0.8/flycapture-1.7.17-0.8-linux-x86_64.jar
7fe605c55000-7fe605c57000 r--s 00785000 08:02 2244956                    /home/xrousakis/.m2/repository/org/bytedeco/javacpp-presets/opencv/2.4.9-0.8/opencv-2.4.9-0.8-linux-x86_64.jar
7fe605c5d000-7fe605c5e000 r--s 00005000 08:02 2244924                    /home/xrousakis/.m2/repository/org/bytedeco/javacpp-presets/artoolkitplus/2.3.0-0.8/artoolkitplus-2.3.0-0.8.jar
7fe605c63000-7fe605c64000 r--s 00003000 08:02 2244923                    /home/xrousakis/.m2/repository/org/bytedeco/javacpp-presets/videoinput/0.200-0.8/videoinput-0.200-0.8.jar
7fe605c64000-7fe605c66000 r--s 00004000 08:02 2244920                    /home/xrousakis/.m2/repository/org/bytedeco/javacpp-presets/libfreenect/0.4-0.8/libfreenect-0.4-0.8.jar
7fe605c66000-7fe605c68000 r--s 00006000 08:02 2244916                    /home/xrousakis/.m2/repository/org/bytedeco/javacpp-presets/libdc1394/2.2.2-0.8/libdc1394-2.2.2-0.8.jar
7fe605c6c000-7fe605c6e000 r--s 00004000 08:02 2244911                    /home/xrousakis/.m2/repository/org/bytedeco/javacpp-presets/flycapture/1.7.17-0.8/flycapture-1.7.17-0.8.jar
7fe605c6e000-7fe605c74000 r--s 0002e000 08:02 2244912                    /home/xrousakis/.m2/repository/org/bytedeco/javacpp-presets/ffmpeg/2.2.1-0.8/ffmpeg-2.2.1-0.8.jar
7fe605c7a000-7fe605c8c000 r--s 000b2000 08:02 2244913                    /home/xrousakis/.m2/repository/org/bytedeco/javacpp-presets/opencv/2.4.9-0.8/opencv-2.4.9-0.8.jar
7fe605c92000-7fe605c96000 r--s 0002a000 08:02 2244914                    /home/xrousakis/.m2/repository/org/bytedeco/javacpp/0.8/javacpp-0.8.jar
7fe605c9c000-7fe605ca1000 r--s 0004c000 08:02 2244918                    /home/xrousakis/.m2/repository/org/bytedeco/javacv/0.8/javacv-0.8.jar
7fe605ca2000-7fe605ca3000 r--s 00002000 08:02 1310936                    /usr/lib/jvm/java-7-openjdk-amd64/jre/lib/ext/dnsns.jar
7fe605ca5000-7fe605ca9000 r--s 00085000 08:02 1310935                    /usr/lib/jvm/java-7-openjdk-amd64/jre/lib/ext/localedata.jar
7fe605caf000-7fe605cb2000 r--s 0000f000 08:02 1310939                    /usr/lib/jvm/java-7-openjdk-amd64/jre/lib/ext/icedtea-sound.jar
7fe605cb4000-7fe605cb8000 r--s 0003c000 08:02 1310938                    /usr/lib/jvm/java-7-openjdk-amd64/jre/lib/ext/sunpkcs11.jar
7fe605cbe000-7fe605cc0000 r--s 00006000 08:02 1842397                    /usr/share/java/java-atk-wrapper.jar
7fe605cc4000-7fe605cc8000 r--s 00034000 08:02 1310937                    /usr/lib/jvm/java-7-openjdk-amd64/jre/lib/ext/sunjce_provider.jar
7fe605ccb000-7fe605ccc000 ---p 00000000 00:00 0 
7fe605ccc000-7fe605dcc000 rw-p 00000000 00:00 0                          [stack:11237]
7fe605dcc000-7fe605dcf000 ---p 00000000 00:00 0 
7fe605dcf000-7fe605ecd000 rw-p 00000000 00:00 0                          [stack:11236]
7fe605ecd000-7fe605ed0000 ---p 00000000 00:00 0 
7fe605ed0000-7fe605fce000 rw-p 00000000 00:00 0                          [stack:11235]
7fe605fce000-7fe605fd1000 ---p 00000000 00:00 0 
7fe605fd1000-7fe6060cf000 rw-p 00000000 00:00 0                          [stack:11234]
7fe6060cf000-7fe6060d2000 ---p 00000000 00:00 0 
7fe6060d2000-7fe6061d0000 rw-p 00000000 00:00 0                          [stack:11233]
7fe6061d0000-7fe60649a000 r--p 00000000 08:02 1186322                    /usr/lib/locale/locale-archive
7fe60649a000-7fe60649d000 ---p 00000000 00:00 0 
7fe60649d000-7fe60659b000 rw-p 00000000 00:00 0                          [stack:11232]
7fe60659b000-7fe60659e000 ---p 00000000 00:00 0 
7fe60659e000-7fe60669c000 rw-p 00000000 00:00 0                          [stack:11231]
7fe60669c000-7fe60669d000 ---p 00000000 00:00 0 
7fe60669d000-7fe607131000 rw-p 00000000 00:00 0                          [stack:11230]
7fe607131000-7fe6072e2000 r--s 01d29000 08:02 1310916                    /usr/lib/jvm/java-7-openjdk-amd64/jre/lib/rt.jar
7fe6072e9000-7fe60772d000 rw-p 00000000 00:00 0 
7fe60772d000-7fe60772e000 ---p 00000000 00:00 0 
7fe60772e000-7fe60782e000 rw-p 00000000 00:00 0                          [stack:11229]
7fe60782e000-7fe60782f000 ---p 00000000 00:00 0 
7fe60782f000-7fe607954000 rw-p 00000000 00:00 0                          [stack:11228]
7fe607954000-7fe607b81000 rw-p 00000000 00:00 0 
7fe607b81000-7fe607b8c000 rw-p 00000000 00:00 0 
7fe607b8c000-7fe607bd4000 rw-p 00000000 00:00 0 
7fe607bd4000-7fe607bf9000 rw-p 00000000 00:00 0 
7fe607bf9000-7fe607e26000 rw-p 00000000 00:00 0 
7fe607e26000-7fe607e39000 rw-p 00000000 00:00 0 
7fe607e39000-7fe607f4f000 rw-p 00000000 00:00 0 
7fe607f4f000-7fe607f50000 rw-p 00000000 00:00 0 
7fe607f50000-7fe6081c0000 rwxp 00000000 00:00 0 
7fe6081c0000-7fe60af50000 rw-p 00000000 00:00 0 
7fe60af50000-7fe60af58000 r-xp 00000000 08:02 1310955                    /usr/lib/jvm/java-7-openjdk-amd64/jre/lib/amd64/libzip.so
7fe60af58000-7fe60b157000 ---p 00008000 08:02 1310955                    /usr/lib/jvm/java-7-openjdk-amd64/jre/lib/amd64/libzip.so
7fe60b157000-7fe60b158000 r--p 00007000 08:02 1310955                    /usr/lib/jvm/java-7-openjdk-amd64/jre/lib/amd64/libzip.so
7fe60b158000-7fe60b159000 rw-p 00008000 08:02 1310955                    /usr/lib/jvm/java-7-openjdk-amd64/jre/lib/amd64/libzip.so
7fe60b160000-7fe60b16b000 r-xp 00000000 08:02 1444608                    /lib/x86_64-linux-gnu/libnss_files-2.19.so
7fe60b16b000-7fe60b36a000 ---p 0000b000 08:02 1444608                    /lib/x86_64-linux-gnu/libnss_files-2.19.so
7fe60b36a000-7fe60b36b000 r--p 0000a000 08:02 1444608                    /lib/x86_64-linux-gnu/libnss_files-2.19.so
7fe60b36b000-7fe60b36c000 rw-p 0000b000 08:02 1444608                    /lib/x86_64-linux-gnu/libnss_files-2.19.so
7fe60b370000-7fe60b37b000 r-xp 00000000 08:02 1444820                    /lib/x86_64-linux-gnu/libnss_nis-2.19.so
7fe60b37b000-7fe60b57a000 ---p 0000b000 08:02 1444820                    /lib/x86_64-linux-gnu/libnss_nis-2.19.so
7fe60b57a000-7fe60b57b000 r--p 0000a000 08:02 1444820                    /lib/x86_64-linux-gnu/libnss_nis-2.19.so
7fe60b57b000-7fe60b57c000 rw-p 0000b000 08:02 1444820                    /lib/x86_64-linux-gnu/libnss_nis-2.19.so
7fe60b580000-7fe60b597000 r-xp 00000000 08:02 1444807                    /lib/x86_64-linux-gnu/libnsl-2.19.so
7fe60b597000-7fe60b796000 ---p 00017000 08:02 1444807                    /lib/x86_64-linux-gnu/libnsl-2.19.so
7fe60b796000-7fe60b797000 r--p 00016000 08:02 1444807                    /lib/x86_64-linux-gnu/libnsl-2.19.so
7fe60b797000-7fe60b798000 rw-p 00017000 08:02 1444807                    /lib/x86_64-linux-gnu/libnsl-2.19.so
7fe60b798000-7fe60b79a000 rw-p 00000000 00:00 0 
7fe60b7a0000-7fe60b7a9000 r-xp 00000000 08:02 1444806                    /lib/x86_64-linux-gnu/libnss_compat-2.19.so
7fe60b7a9000-7fe60b9a8000 ---p 00009000 08:02 1444806                    /lib/x86_64-linux-gnu/libnss_compat-2.19.so
7fe60b9a8000-7fe60b9a9000 r--p 00008000 08:02 1444806                    /lib/x86_64-linux-gnu/libnss_compat-2.19.so
7fe60b9a9000-7fe60b9aa000 rw-p 00009000 08:02 1444806                    /lib/x86_64-linux-gnu/libnss_compat-2.19.so
7fe60b9b0000-7fe60b9db000 r-xp 00000000 08:02 1317774                    /usr/lib/jvm/java-7-openjdk-amd64/jre/lib/amd64/libjava.so
7fe60b9db000-7fe60bbda000 ---p 0002b000 08:02 1317774                    /usr/lib/jvm/java-7-openjdk-amd64/jre/lib/amd64/libjava.so
7fe60bbda000-7fe60bbdb000 r--p 0002a000 08:02 1317774                    /usr/lib/jvm/java-7-openjdk-amd64/jre/lib/amd64/libjava.so
7fe60bbdb000-7fe60bbdd000 rw-p 0002b000 08:02 1317774                    /usr/lib/jvm/java-7-openjdk-amd64/jre/lib/amd64/libjava.so
7fe60bbe0000-7fe60bbf0000 r-xp 00000000 08:02 1317755                    /usr/lib/jvm/java-7-openjdk-amd64/jre/lib/amd64/libverify.so
7fe60bbf0000-7fe60bdef000 ---p 00010000 08:02 1317755                    /usr/lib/jvm/java-7-openjdk-amd64/jre/lib/amd64/libverify.so
7fe60bdef000-7fe60bdf1000 r--p 0000f000 08:02 1317755                    /usr/lib/jvm/java-7-openjdk-amd64/jre/lib/amd64/libverify.so
7fe60bdf1000-7fe60bdf2000 rw-p 00011000 08:02 1317755                    /usr/lib/jvm/java-7-openjdk-amd64/jre/lib/amd64/libverify.so
7fe60bdf8000-7fe60bdff000 r-xp 00000000 08:02 1444817                    /lib/x86_64-linux-gnu/librt-2.19.so
7fe60bdff000-7fe60bffe000 ---p 00007000 08:02 1444817                    /lib/x86_64-linux-gnu/librt-2.19.so
7fe60bffe000-7fe60bfff000 r--p 00006000 08:02 1444817                    /lib/x86_64-linux-gnu/librt-2.19.so
7fe60bfff000-7fe60c000000 rw-p 00007000 08:02 1444817                    /lib/x86_64-linux-gnu/librt-2.19.so
7fe60c000000-7fe60c579000 rw-p 00000000 00:00 0 
7fe60c579000-7fe610000000 ---p 00000000 00:00 0 
7fe610002000-7fe610004000 r--s 00012000 08:02 1310942                    /usr/lib/jvm/java-7-openjdk-amd64/jre/lib/ext/zipfs.jar
7fe610009000-7fe6100b8000 rw-p 00000000 00:00 0 
7fe6100b8000-7fe610100000 rw-p 00000000 00:00 0 
7fe610100000-7fe610116000 r-xp 00000000 08:02 1441904                    /lib/x86_64-linux-gnu/libgcc_s.so.1
7fe610116000-7fe610315000 ---p 00016000 08:02 1441904                    /lib/x86_64-linux-gnu/libgcc_s.so.1
7fe610315000-7fe610316000 rw-p 00015000 08:02 1441904                    /lib/x86_64-linux-gnu/libgcc_s.so.1
7fe610318000-7fe61041d000 r-xp 00000000 08:02 1443041                    /lib/x86_64-linux-gnu/libm-2.19.so
7fe61041d000-7fe61061c000 ---p 00105000 08:02 1443041                    /lib/x86_64-linux-gnu/libm-2.19.so
7fe61061c000-7fe61061d000 r--p 00104000 08:02 1443041                    /lib/x86_64-linux-gnu/libm-2.19.so
7fe61061d000-7fe61061e000 rw-p 00105000 08:02 1443041                    /lib/x86_64-linux-gnu/libm-2.19.so
7fe610620000-7fe610706000 r-xp 00000000 08:02 1188933                    /usr/lib/x86_64-linux-gnu/libstdc++.so.6.0.19
7fe610706000-7fe610905000 ---p 000e6000 08:02 1188933                    /usr/lib/x86_64-linux-gnu/libstdc++.so.6.0.19
7fe610905000-7fe61090d000 r--p 000e5000 08:02 1188933                    /usr/lib/x86_64-linux-gnu/libstdc++.so.6.0.19
7fe61090d000-7fe61090f000 rw-p 000ed000 08:02 1188933                    /usr/lib/x86_64-linux-gnu/libstdc++.so.6.0.19
7fe61090f000-7fe610924000 rw-p 00000000 00:00 0 
7fe610928000-7fe611441000 r-xp 00000000 08:02 1317743                    /usr/lib/jvm/java-7-openjdk-amd64/jre/lib/amd64/server/libjvm.so
7fe611441000-7fe611641000 ---p 00b19000 08:02 1317743                    /usr/lib/jvm/java-7-openjdk-amd64/jre/lib/amd64/server/libjvm.so
7fe611641000-7fe6116db000 r--p 00b19000 08:02 1317743                    /usr/lib/jvm/java-7-openjdk-amd64/jre/lib/amd64/server/libjvm.so
7fe6116db000-7fe6116fe000 rw-p 00bb3000 08:02 1317743                    /usr/lib/jvm/java-7-openjdk-amd64/jre/lib/amd64/server/libjvm.so
7fe6116fe000-7fe61172c000 rw-p 00000000 00:00 0 
7fe611730000-7fe611748000 r-xp 00000000 08:02 1446050                    /lib/x86_64-linux-gnu/libz.so.1.2.8
7fe611748000-7fe611947000 ---p 00018000 08:02 1446050                    /lib/x86_64-linux-gnu/libz.so.1.2.8
7fe611947000-7fe611948000 r--p 00017000 08:02 1446050                    /lib/x86_64-linux-gnu/libz.so.1.2.8
7fe611948000-7fe611949000 rw-p 00018000 08:02 1446050                    /lib/x86_64-linux-gnu/libz.so.1.2.8
7fe611950000-7fe611969000 r-xp 00000000 08:02 1444815                    /lib/x86_64-linux-gnu/libpthread-2.19.so
7fe611969000-7fe611b68000 ---p 00019000 08:02 1444815                    /lib/x86_64-linux-gnu/libpthread-2.19.so
7fe611b68000-7fe611b69000 r--p 00018000 08:02 1444815                    /lib/x86_64-linux-gnu/libpthread-2.19.so
7fe611b69000-7fe611b6a000 rw-p 00019000 08:02 1444815                    /lib/x86_64-linux-gnu/libpthread-2.19.so
7fe611b6a000-7fe611b6e000 rw-p 00000000 00:00 0 
7fe611b70000-7fe611b73000 r-xp 00000000 08:02 1444799                    /lib/x86_64-linux-gnu/libdl-2.19.so
7fe611b73000-7fe611d72000 ---p 00003000 08:02 1444799                    /lib/x86_64-linux-gnu/libdl-2.19.so
7fe611d72000-7fe611d73000 r--p 00002000 08:02 1444799                    /lib/x86_64-linux-gnu/libdl-2.19.so
7fe611d73000-7fe611d74000 rw-p 00003000 08:02 1444799                    /lib/x86_64-linux-gnu/libdl-2.19.so
7fe611d78000-7fe611f33000 r-xp 00000000 08:02 1444814                    /lib/x86_64-linux-gnu/libc-2.19.so
7fe611f33000-7fe612132000 ---p 001bb000 08:02 1444814                    /lib/x86_64-linux-gnu/libc-2.19.so
7fe612132000-7fe612136000 r--p 001ba000 08:02 1444814                    /lib/x86_64-linux-gnu/libc-2.19.so
7fe612136000-7fe612138000 rw-p 001be000 08:02 1444814                    /lib/x86_64-linux-gnu/libc-2.19.so
7fe612138000-7fe61213d000 rw-p 00000000 00:00 0 
7fe612140000-7fe61214d000 r-xp 00000000 08:02 1317741                    /usr/lib/jvm/java-7-openjdk-amd64/jre/lib/amd64/jli/libjli.so
7fe61214d000-7fe61234c000 ---p 0000d000 08:02 1317741                    /usr/lib/jvm/java-7-openjdk-amd64/jre/lib/amd64/jli/libjli.so
7fe61234c000-7fe61234d000 r--p 0000c000 08:02 1317741                    /usr/lib/jvm/java-7-openjdk-amd64/jre/lib/amd64/jli/libjli.so
7fe61234d000-7fe61234e000 rw-p 0000d000 08:02 1317741                    /usr/lib/jvm/java-7-openjdk-amd64/jre/lib/amd64/jli/libjli.so
7fe612350000-7fe612373000 r-xp 00000000 08:02 1444811                    /lib/x86_64-linux-gnu/ld-2.19.so
7fe612379000-7fe6123aa000 rw-p 00000000 00:00 0 
7fe6123aa000-7fe612460000 rw-p 00000000 00:00 0 
7fe612460000-7fe612468000 rw-s 00000000 08:02 262544                     /tmp/hsperfdata_xrousakis/11223
7fe61246a000-7fe61246b000 rw-p 00000000 00:00 0 
7fe61246b000-7fe61246c000 rwxp 00000000 00:00 0 
7fe61246c000-7fe61246d000 rw-p 00000000 00:00 0 
7fe61246d000-7fe61246e000 r--p 00000000 00:00 0 
7fe61246e000-7fe612471000 ---p 00000000 00:00 0 
7fe612471000-7fe612572000 rw-p 00000000 00:00 0                          [stack:11227]
7fe612572000-7fe612573000 r--p 00022000 08:02 1444811                    /lib/x86_64-linux-gnu/ld-2.19.so
7fe612573000-7fe612574000 rw-p 00023000 08:02 1444811                    /lib/x86_64-linux-gnu/ld-2.19.so
7fe612574000-7fe612576000 rw-p 00000000 00:00 0 
7fe612576000-7fe612579000 rw-p 00000000 00:00 0 
7fff6709f000-7fff670c1000 rw-p 00000000 00:00 0                          [stack]
7fff67168000-7fff6716a000 r-xp 00000000 00:00 0                          [vdso]
ffffffffff600000-ffffffffff601000 r-xp 00000000 00:00 0                  [vsyscall]

VM Arguments:
java_command: org.scify.jthinkfreedom.gui.ApplicationLauncher
Launcher Type: SUN_STANDARD

Environment Variables:
JAVA_HOME=/usr/lib/jvm/default-java
PATH=/usr/local/sbin:/usr/local/bin:/usr/sbin:/usr/bin:/sbin:/bin:/usr/games:/usr/local/games
USERNAME=xrousakis
LD_LIBRARY_PATH=/usr/lib/jvm/default-java/jre/lib/amd64:/usr/lib/jvm/default-java/jre/lib/i386:
SHELL=/bin/bash
DISPLAY=:0

Signal Handlers:
SIGSEGV: [libjvm.so+0x94bab0], sa_mask[0]=0x7ffbfeff, sa_flags=0x10000004
SIGBUS: [libjvm.so+0x94bab0], sa_mask[0]=0x7ffbfeff, sa_flags=0x10000004
SIGFPE: [libjvm.so+0x7c38b0], sa_mask[0]=0x7ffbfeff, sa_flags=0x10000004
SIGPIPE: [libjvm.so+0x7c38b0], sa_mask[0]=0x7ffbfeff, sa_flags=0x10000004
SIGXFSZ: [libjvm.so+0x7c38b0], sa_mask[0]=0x7ffbfeff, sa_flags=0x10000004
SIGILL: [libjvm.so+0x7c38b0], sa_mask[0]=0x7ffbfeff, sa_flags=0x10000004
SIGUSR1: SIG_DFL, sa_mask[0]=0x00000000, sa_flags=0x00000000
SIGUSR2: [libjvm.so+0x7c3750], sa_mask[0]=0x00000004, sa_flags=0x10000004
SIGHUP: [libjvm.so+0x7c3930], sa_mask[0]=0x7ffbfeff, sa_flags=0x10000004
SIGINT: SIG_IGN, sa_mask[0]=0x00000000, sa_flags=0x00000000
SIGTERM: [libjvm.so+0x7c3930], sa_mask[0]=0x7ffbfeff, sa_flags=0x10000004
SIGQUIT: [libjvm.so+0x7c3930], sa_mask[0]=0x7ffbfeff, sa_flags=0x10000004
SIGTRAP: SIG_DFL, sa_mask[0]=0x00000000, sa_flags=0x00000000


---------------  S Y S T E M  ---------------

OS:LinuxMint 17 (qiana)
uname:Linux 3.14.8-031408-generic #201406161755 SMP Mon Jun 16 21:56:09 UTC 2014 x86_64
libc:glibc 2.19 NPTL 2.19 
rlimit: STACK 8192k, CORE 0k, NPROC 55132, NOFILE 4096, AS infinity
load average:1,37 1,09 0,89

/proc/meminfo:
MemTotal:        7292072 kB
MemFree:         3752888 kB
MemAvailable:    5025056 kB
Buffers:          221572 kB
Cached:          1216844 kB
SwapCached:            0 kB
Active:          2449908 kB
Inactive:         824644 kB
Active(anon):    1837152 kB
Inactive(anon):    57976 kB
Active(file):     612756 kB
Inactive(file):   766668 kB
Unevictable:           0 kB
Mlocked:               0 kB
SwapTotal:       3361788 kB
SwapFree:        3361788 kB
Dirty:               248 kB
Writeback:             0 kB
AnonPages:       1836132 kB
Mapped:           222928 kB
Shmem:             58996 kB
Slab:             150248 kB
SReclaimable:     123340 kB
SUnreclaim:        26908 kB
KernelStack:        4040 kB
PageTables:        31584 kB
NFS_Unstable:          0 kB
Bounce:                0 kB
WritebackTmp:          0 kB
CommitLimit:     7007824 kB
Committed_AS:    4625940 kB
VmallocTotal:   34359738367 kB
VmallocUsed:      315192 kB
VmallocChunk:   34359383836 kB
HardwareCorrupted:     0 kB
AnonHugePages:   1224704 kB
HugePages_Total:       0
HugePages_Free:        0
HugePages_Rsvd:        0
HugePages_Surp:        0
Hugepagesize:       2048 kB
DirectMap4k:       76120 kB
DirectMap2M:     3287040 kB
DirectMap1G:     4194304 kB


CPU:total 2 (2 cores per cpu, 1 threads per core) family 21 model 19 stepping 1, cmov, cx8, fxsr, mmx, sse, sse2, sse3, ssse3, sse4.1, sse4.2, popcnt, avx, aes, mmxext, 3dnowpref, lzcnt, sse4a, tsc, tscinvbit, tscinv

/proc/cpuinfo:
processor	: 0
vendor_id	: AuthenticAMD
cpu family	: 21
model		: 19
model name	: AMD A4-4000 APU with Radeon(tm) HD Graphics
stepping	: 1
microcode	: 0x6001119
cpu MHz		: 3000.000
cache size	: 1024 KB
physical id	: 0
siblings	: 2
core id		: 0
cpu cores	: 1
apicid		: 16
initial apicid	: 0
fpu		: yes
fpu_exception	: yes
cpuid level	: 13
wp		: yes
flags		: fpu vme de pse tsc msr pae mce cx8 apic sep mtrr pge mca cmov pat pse36 clflush mmx fxsr sse sse2 ht syscall nx mmxext fxsr_opt pdpe1gb rdtscp lm constant_tsc rep_good nopl nonstop_tsc extd_apicid aperfmperf pni pclmulqdq monitor ssse3 fma cx16 sse4_1 sse4_2 popcnt aes xsave avx f16c lahf_lm cmp_legacy svm extapic cr8_legacy abm sse4a misalignsse 3dnowprefetch osvw ibs xop skinit wdt lwp fma4 tce nodeid_msr tbm topoext perfctr_core perfctr_nb arat cpb hw_pstate npt lbrv svm_lock nrip_save tsc_scale vmcb_clean flushbyasid decodeassists pausefilter pfthreshold bmi1
bogomips	: 6030.33
TLB size	: 1536 4K pages
clflush size	: 64
cache_alignment	: 64
address sizes	: 48 bits physical, 48 bits virtual
power management: ts ttp tm 100mhzsteps hwpstate cpb eff_freq_ro

processor	: 1
vendor_id	: AuthenticAMD
cpu family	: 21
model		: 19
model name	: AMD A4-4000 APU with Radeon(tm) HD Graphics    
stepping	: 1
microcode	: 0x6001119
cpu MHz		: 3000.000
cache size	: 1024 KB
physical id	: 0
siblings	: 2
core id		: 1
cpu cores	: 1
apicid		: 17
initial apicid	: 1
fpu		: yes
fpu_exception	: yes
cpuid level	: 13
wp		: yes
flags		: fpu vme de pse tsc msr pae mce cx8 apic sep mtrr pge mca cmov pat pse36 clflush mmx fxsr sse sse2 ht syscall nx mmxext fxsr_opt pdpe1gb rdtscp lm constant_tsc rep_good nopl nonstop_tsc extd_apicid aperfmperf pni pclmulqdq monitor ssse3 fma cx16 sse4_1 sse4_2 popcnt aes xsave avx f16c lahf_lm cmp_legacy svm extapic cr8_legacy abm sse4a misalignsse 3dnowprefetch osvw ibs xop skinit wdt lwp fma4 tce nodeid_msr tbm topoext perfctr_core perfctr_nb arat cpb hw_pstate npt lbrv svm_lock nrip_save tsc_scale vmcb_clean flushbyasid decodeassists pausefilter pfthreshold bmi1
bogomips	: 6030.33
TLB size	: 1536 4K pages
clflush size	: 64
cache_alignment	: 64
address sizes	: 48 bits physical, 48 bits virtual
power management: ts ttp tm 100mhzsteps hwpstate cpb eff_freq_ro



Memory: 4k page, physical 7292072k(3752888k free), swap 3361788k(3361788k free)

vm_info: OpenJDK 64-Bit Server VM (24.79-b02) for linux-amd64 JRE (1.7.0_79-b14), built on Jul 24 2015 08:15:54 by "buildd" with gcc 4.8.2

time: Wed Aug 12 13:03:06 2015
elapsed time: 23 seconds

