#
# A fatal error has been detected by the Java Runtime Environment:
#
#  SIGSEGV (0xb) at pc=0x00007f3f463de2cc, pid=13174, tid=139909716702976
#
# JRE version: OpenJDK Runtime Environment (7.0_79-b14) (build 1.7.0_79-b14)
# Java VM: OpenJDK 64-Bit Server VM (24.79-b02 mixed mode linux-amd64 compressed oops)
# Derivative: IcedTea 2.5.6
# Distribution: Ubuntu 14.04 LTS, package 7u79-2.5.6-0ubuntu1.14.04.1
# Problematic frame:
# C  [libjpeg.so.8+0x162cc]  jpeg_has_multiple_scans+0x2c
#
# Failed to write core dump. Core dumps have been disabled. To enable core dumping, try "ulimit -c unlimited" before starting Java again
#
# If you would like to submit a bug report, please include
# instructions on how to reproduce the bug and visit:
#   http://icedtea.classpath.org/bugzilla
# The crash happened outside the Java Virtual Machine in native code.
# See problematic frame for where to report the bug.
#

---------------  T H R E A D  ---------------

Current thread (0x00007f3f58004000):  JavaThread "Image Fetcher 0" daemon [_thread_in_native, id=13216, stack(0x00007f3f44e6f000,0x00007f3f44f70000)]

siginfo:si_signo=SIGSEGV: si_errno=0, si_code=1 (SEGV_MAPERR), si_addr=0x0000000000000020

Registers:
RAX=0x0000000000000000, RBX=0x00007f3f44f6e4d0, RCX=0x0000000000000001, RDX=0x0000000000000000
RSP=0x00007f3f44f6e1b8, RBP=0x00007f3f44f6e7a0, RSI=0x0000000000000001, RDI=0x00007f3f44f6e4d0
R8 =0x0000000000000000, R9 =0x0000000000000071, R10=0x00007f3f44f6df80, R11=0x00007f3f463de2a0
R12=0x0000000000000000, R13=0xffffffffffffffff, R14=0x00007f3f44f6e840, R15=0x00007f3f58004000
RIP=0x00007f3f463de2cc, EFLAGS=0x0000000000010293, CSGSFS=0x0000000000000033, ERR=0x0000000000000004
  TRAPNO=0x000000000000000e

Top of Stack: (sp=0x00007f3f44f6e1b8)
0x00007f3f44f6e1b8:   00007f3f449dfd33 00007f3f58004000
0x00007f3f44f6e1c8:   00007f3f94a1603b fffffff0ffffffff
0x00007f3f44f6e1d8:   0000000000000000 00007f3f449dfad0
0x00007f3f44f6e1e8:   00007f3f44f6e278 00007f3f44f6e830
0x00007f3f44f6e1f8:   00007f3f44f6e838 00007f3f44f6e840
0x00007f3f44f6e208:   00007f3f580041d8 00000000dc01cb2e
0x00007f3f44f6e218:   0000000000000292 00007f3f449df1e0
0x00007f3f44f6e228:   00007f3f449df380 00007f3f449df500
0x00007f3f44f6e238:   00007f3f463e6830 00007f3f449df200
0x00007f3f44f6e248:   00007f3f44f6e838 00007f3f00000000
0x00007f3f44f6e258:   0000000000000000 00000000dc01c9c0
0x00007f3f44f6e268:   00007f3f44f6e830 ffffffffffffffff
0x00007f3f44f6e278:   0000000000000000 0000000000000000
0x00007f3f44f6e288:   0000000000000000 00007f3f44f6e280
0x00007f3f44f6e298:   0000000086420280 00007f3f44f6e328
0x00007f3f44f6e2a8:   00000000864be230 0000000000000000
0x00007f3f44f6e2b8:   0000000086420318 0000000000000000
0x00007f3f44f6e2c8:   00007f3f44f6e320 00007f3f44f6e390
0x00007f3f44f6e2d8:   00007f3f8cdf04e7 0000000000000000
0x00007f3f44f6e2e8:   00007f3f449dfad0 0000000000000000
0x00007f3f44f6e2f8:   00000000dc01bfa8 0000000000000006
0x00007f3f44f6e308:   0000000000000007 00000000dcf035e8
0x00007f3f44f6e318:   00000000dcf035e8 00000000dc01cdc0
0x00007f3f44f6e328:   0000000000000000 00007f3f00001fa0
0x00007f3f44f6e338:   00007f3f44f6e3d0 00007f3f44f6e5d0
0x00007f3f44f6e348:   00007f3f44f6e500 00007f3f58004000
0x00007f3f44f6e358:   00007f3f6c07f390 00007f3f449df280
0x00007f3f44f6e368:   00007f3f463ebcf0 00007f3f449df210
0x00007f3f44f6e378:   00007f3f463ebd60 00007f3f463ebd40
0x00007f3f44f6e388:   000000000000006a 000000000000003f
0x00007f3f44f6e398:   0000000300000000 0000000000000000
0x00007f3f44f6e3a8:   00007f3f00000000 00007f3f44f6e400 

Instructions: (pc=0x00007f3f463de2cc)
0x00007f3f463de2ac:   ff 83 fa 08 76 12 48 8b 17 89 42 2c 48 8b 07 c7
0x00007f3f463de2bc:   42 28 15 00 00 00 ff 10 48 8b 83 58 02 00 00 5b
0x00007f3f463de2cc:   8b 40 20 c3 53 8b 47 24 48 89 fb 8d 90 33 ff ff
0x00007f3f463de2dc:   ff 83 fa 01 76 66 3d cf 00 00 00 74 47 3d d2 00 

Register to memory mapping:

RAX=0x0000000000000000 is an unknown value
RBX=0x00007f3f44f6e4d0 is pointing into the stack for thread: 0x00007f3f58004000
RCX=0x0000000000000001 is an unknown value
RDX=0x0000000000000000 is an unknown value
RSP=0x00007f3f44f6e1b8 is pointing into the stack for thread: 0x00007f3f58004000
RBP=0x00007f3f44f6e7a0 is pointing into the stack for thread: 0x00007f3f58004000
RSI=0x0000000000000001 is an unknown value
RDI=0x00007f3f44f6e4d0 is pointing into the stack for thread: 0x00007f3f58004000
R8 =0x0000000000000000 is an unknown value
R9 =0x0000000000000071 is an unknown value
R10=0x00007f3f44f6df80 is pointing into the stack for thread: 0x00007f3f58004000
R11=0x00007f3f463de2a0: jpeg_has_multiple_scans+0 in /usr/lib/x86_64-linux-gnu/libjpeg.so.8 at 0x00007f3f463c8000
R12=0x0000000000000000 is an unknown value
R13=0xffffffffffffffff is an unknown value
R14=0x00007f3f44f6e840 is pointing into the stack for thread: 0x00007f3f58004000
R15=0x00007f3f58004000 is a thread


Stack: [0x00007f3f44e6f000,0x00007f3f44f70000],  sp=0x00007f3f44f6e1b8,  free space=1020k
Native frames: (J=compiled Java code, j=interpreted, Vv=VM code, C=native code)
C  [libjpeg.so.8+0x162cc]  jpeg_has_multiple_scans+0x2c
j  sun.awt.image.JPEGImageDecoder.readImage(Ljava/io/InputStream;[B)V+0
j  sun.awt.image.JPEGImageDecoder.produceImage()V+10
j  sun.awt.image.InputStreamImageSource.doFetch()V+51
j  sun.awt.image.ImageFetcher.fetchloop()V+33
j  sun.awt.image.ImageFetcher.run()V+5
v  ~StubRoutines::call_stub
V  [libjvm.so+0x5e80c9]  JavaCalls::call_helper(JavaValue*, methodHandle*, JavaCallArguments*, Thread*)+0x339
V  [libjvm.so+0x5e6f1e]  JavaCalls::call_virtual(JavaValue*, Handle, KlassHandle, Symbol*, Symbol*, Thread*)+0x20e
V  [libjvm.so+0x623391]  thread_entry(JavaThread*, Thread*)+0xd1
V  [libjvm.so+0x900f40]  JavaThread::thread_main_inner()+0xf0
V  [libjvm.so+0x9011b1]  JavaThread::run()+0x221
V  [libjvm.so+0x7c4f62]  java_start(Thread*)+0xf2

Java frames: (J=compiled Java code, j=interpreted, Vv=VM code)
j  sun.awt.image.JPEGImageDecoder.readImage(Ljava/io/InputStream;[B)V+0
j  sun.awt.image.JPEGImageDecoder.produceImage()V+10
j  sun.awt.image.InputStreamImageSource.doFetch()V+51
j  sun.awt.image.ImageFetcher.fetchloop()V+33
j  sun.awt.image.ImageFetcher.run()V+5
v  ~StubRoutines::call_stub

---------------  P R O C E S S  ---------------

Java Threads: ( => current thread )
=>0x00007f3f58004000 JavaThread "Image Fetcher 0" daemon [_thread_in_native, id=13216, stack(0x00007f3f44e6f000,0x00007f3f44f70000)]
  0x00007f3f4c041800 JavaThread "pool-3-thread-1" [_thread_blocked, id=13215, stack(0x00007f3f5d1c6000,0x00007f3f5d2c7000)]
  0x0000000002159800 JavaThread "Thread-2" [_thread_blocked, id=13213, stack(0x00007f3f455c6000,0x00007f3f456c7000)]
  0x0000000002140000 JavaThread "Thread-0" [_thread_blocked, id=13212, stack(0x00007f3f4528d000,0x00007f3f4538e000)]
  0x0000000002069000 JavaThread "TimerQueue" daemon [_thread_blocked, id=13197, stack(0x00007f3f4548f000,0x00007f3f45590000)]
  0x00007f3f9000b000 JavaThread "DestroyJavaVM" [_thread_blocked, id=13178, stack(0x00007f3f973c9000,0x00007f3f974ca000)]
  0x00007f3f903f1000 JavaThread "AWT-EventQueue-0" [_thread_blocked, id=13195, stack(0x00007f3f45bc6000,0x00007f3f45cc7000)]
  0x00007f3f90425800 JavaThread "AWT-Shutdown" [_thread_blocked, id=13194, stack(0x00007f3f45cc7000,0x00007f3f45dc8000)]
  0x00007f3f902d5000 JavaThread "AWT-XAWT" daemon [_thread_in_native, id=13190, stack(0x00007f3f5d2c7000,0x00007f3f5d3c8000)]
  0x00007f3f902b8000 JavaThread "Java2D Disposer" daemon [_thread_blocked, id=13189, stack(0x00007f3f80017000,0x00007f3f80118000)]
  0x00007f3f900ae000 JavaThread "Service Thread" daemon [_thread_blocked, id=13187, stack(0x00007f3f83024000,0x00007f3f83125000)]
  0x00007f3f900ab800 JavaThread "C2 CompilerThread1" daemon [_thread_blocked, id=13186, stack(0x00007f3f83125000,0x00007f3f83226000)]
  0x00007f3f900a8800 JavaThread "C2 CompilerThread0" daemon [_thread_blocked, id=13185, stack(0x00007f3f83226000,0x00007f3f83327000)]
  0x00007f3f900a6800 JavaThread "Signal Dispatcher" daemon [_thread_blocked, id=13184, stack(0x00007f3f83327000,0x00007f3f83428000)]
  0x00007f3f90078800 JavaThread "Finalizer" daemon [_thread_blocked, id=13183, stack(0x00007f3f836f7000,0x00007f3f837f8000)]
  0x00007f3f90076800 JavaThread "Reference Handler" daemon [_thread_blocked, id=13182, stack(0x00007f3f837f8000,0x00007f3f838f9000)]

Other Threads:
  0x00007f3f90072000 VMThread [stack: 0x00007f3f838f9000,0x00007f3f839fa000] [id=13181]
  0x00007f3f900b8800 WatcherThread [stack: 0x00007f3f82f23000,0x00007f3f83024000] [id=13188]

VM state:not at safepoint (normal execution)

VM Mutex/Monitor currently owned by a thread: None

Heap
 PSYoungGen      total 33792K, used 23256K [0x00000000dae00000, 0x00000000dd380000, 0x0000000100000000)
  eden space 29184K, 64% used [0x00000000dae00000,0x00000000dc03d8b8,0x00000000dca80000)
  from space 4608K, 99% used [0x00000000dcf00000,0x00000000dd3788a0,0x00000000dd380000)
  to   space 4608K, 0% used [0x00000000dca80000,0x00000000dca80000,0x00000000dcf00000)
 ParOldGen       total 75776K, used 1866K [0x0000000090a00000, 0x0000000095400000, 0x00000000dae00000)
  object space 75776K, 2% used [0x0000000090a00000,0x0000000090bd2bf0,0x0000000095400000)
 PSPermGen       total 22016K, used 21847K [0x0000000086400000, 0x0000000087980000, 0x0000000090a00000)
  object space 22016K, 99% used [0x0000000086400000,0x0000000087955fd0,0x0000000087980000)

Card table byte_map: [0x00007f3f8ca21000,0x00007f3f8cdf0000] byte_map_base: 0x00007f3f8c5ef000

Polling page: 0x00007f3f973c8000

Code Cache  [0x00007f3f8cdf0000, 0x00007f3f8d060000, 0x00007f3f8fdf0000)
 total_blobs=868 nmethods=280 adapters=542 free_code_cache=47943Kb largest_free_block=49052544

Compilation events (10 events):
Event: 22,487 Thread 0x00007f3f900ab800 nmethod 293 0x00007f3f8ce9e510 code [0x00007f3f8ce9e660, 0x00007f3f8ce9e9e8]
Event: 22,616 Thread 0x00007f3f900a8800 nmethod 296 0x00007f3f8cf25a10 code [0x00007f3f8cf25c60, 0x00007f3f8cf26fd0]
Event: 22,627 Thread 0x00007f3f900ab800  297             org.scify.jthinkfreedom.keyboard.sensors.KeyboardSensor::getData (33 bytes)
Event: 22,628 Thread 0x00007f3f900ab800 nmethod 297 0x00007f3f8cef3fd0 code [0x00007f3f8cef4100, 0x00007f3f8cef4178]
Event: 22,645 Thread 0x00007f3f900ab800  298 %           org.scify.jthinkfreedom.skeleton.sensors.SensorAdapter::updateStimuli @ 0 (49 bytes)
Event: 22,652 Thread 0x00007f3f900ab800 nmethod 298% 0x00007f3f8ce9dd90 code [0x00007f3f8ce9df00, 0x00007f3f8ce9e1a8]
Event: 30,111 Thread 0x00007f3f900a8800  299             sun.reflect.ClassFileAssembler::emitByte (11 bytes)
Event: 30,113 Thread 0x00007f3f900a8800 nmethod 299 0x00007f3f8ce9d8d0 code [0x00007f3f8ce9da20, 0x00007f3f8ce9db68]
Event: 30,113 Thread 0x00007f3f900a8800  300             sun.reflect.ByteVectorImpl::add (38 bytes)
Event: 30,115 Thread 0x00007f3f900a8800 nmethod 300 0x00007f3f8cef3c90 code [0x00007f3f8cef3de0, 0x00007f3f8cef3ec8]

GC Heap History (4 events):
Event: 2,155 GC heap before
{Heap before GC invocations=1 (full 0):
 PSYoungGen      total 33792K, used 29184K [0x00000000dae00000, 0x00000000dd380000, 0x0000000100000000)
  eden space 29184K, 100% used [0x00000000dae00000,0x00000000dca80000,0x00000000dca80000)
  from space 4608K, 0% used [0x00000000dcf00000,0x00000000dcf00000,0x00000000dd380000)
  to   space 4608K, 0% used [0x00000000dca80000,0x00000000dca80000,0x00000000dcf00000)
 ParOldGen       total 75776K, used 0K [0x0000000090a00000, 0x0000000095400000, 0x00000000dae00000)
  object space 75776K, 0% used [0x0000000090a00000,0x0000000090a00000,0x0000000095400000)
 PSPermGen       total 21504K, used 16135K [0x0000000086400000, 0x0000000087900000, 0x0000000090a00000)
  object space 21504K, 75% used [0x0000000086400000,0x00000000873c1fd0,0x0000000087900000)
Event: 2,166 GC heap after
Heap after GC invocations=1 (full 0):
 PSYoungGen      total 33792K, used 3956K [0x00000000dae00000, 0x00000000dd380000, 0x0000000100000000)
  eden space 29184K, 0% used [0x00000000dae00000,0x00000000dae00000,0x00000000dca80000)
  from space 4608K, 85% used [0x00000000dca80000,0x00000000dce5d070,0x00000000dcf00000)
  to   space 4608K, 0% used [0x00000000dcf00000,0x00000000dcf00000,0x00000000dd380000)
 ParOldGen       total 75776K, used 8K [0x0000000090a00000, 0x0000000095400000, 0x00000000dae00000)
  object space 75776K, 0% used [0x0000000090a00000,0x0000000090a02000,0x0000000095400000)
 PSPermGen       total 21504K, used 16135K [0x0000000086400000, 0x0000000087900000, 0x0000000090a00000)
  object space 21504K, 75% used [0x0000000086400000,0x00000000873c1fd0,0x0000000087900000)
}
Event: 19,843 GC heap before
{Heap before GC invocations=2 (full 0):
 PSYoungGen      total 33792K, used 33140K [0x00000000dae00000, 0x00000000dd380000, 0x0000000100000000)
  eden space 29184K, 100% used [0x00000000dae00000,0x00000000dca80000,0x00000000dca80000)
  from space 4608K, 85% used [0x00000000dca80000,0x00000000dce5d070,0x00000000dcf00000)
  to   space 4608K, 0% used [0x00000000dcf00000,0x00000000dcf00000,0x00000000dd380000)
 ParOldGen       total 75776K, used 8K [0x0000000090a00000, 0x0000000095400000, 0x00000000dae00000)
  object space 75776K, 0% used [0x0000000090a00000,0x0000000090a02000,0x0000000095400000)
 PSPermGen       total 21504K, used 20812K [0x0000000086400000, 0x0000000087900000, 0x0000000090a00000)
  object space 21504K, 96% used [0x0000000086400000,0x00000000878530b8,0x0000000087900000)
Event: 19,860 GC heap after
Heap after GC invocations=2 (full 0):
 PSYoungGen      total 33792K, used 4578K [0x00000000dae00000, 0x00000000dd380000, 0x0000000100000000)
  eden space 29184K, 0% used [0x00000000dae00000,0x00000000dae00000,0x00000000dca80000)
  from space 4608K, 99% used [0x00000000dcf00000,0x00000000dd3788a0,0x00000000dd380000)
  to   space 4608K, 0% used [0x00000000dca80000,0x00000000dca80000,0x00000000dcf00000)
 ParOldGen       total 75776K, used 1866K [0x0000000090a00000, 0x0000000095400000, 0x00000000dae00000)
  object space 75776K, 2% used [0x0000000090a00000,0x0000000090bd2bf0,0x0000000095400000)
 PSPermGen       total 21504K, used 20812K [0x0000000086400000, 0x0000000087900000, 0x0000000090a00000)
  object space 21504K, 96% used [0x0000000086400000,0x00000000878530b8,0x0000000087900000)
}

Deoptimization events (10 events):
Event: 21,595 Thread 0x00007f3f903f1000 Uncommon trap: reason=unreached action=reinterpret pc=0x00007f3f8ce8c454 method=sun.util.logging.PlatformLogger.isLoggable(Lsun/util/logging/PlatformLogger$Level;)Z @ 18
Event: 21,596 Thread 0x00007f3f903f1000 Uncommon trap: reason=class_check action=maybe_recompile pc=0x00007f3f8cecfcd4 method=sun.util.logging.PlatformLogger.finest(Ljava/lang/String;)V @ 8
Event: 21,596 Thread 0x00007f3f903f1000 Uncommon trap: reason=class_check action=maybe_recompile pc=0x00007f3f8cecfcd4 method=sun.util.logging.PlatformLogger.finest(Ljava/lang/String;)V @ 8
Event: 21,596 Thread 0x00007f3f903f1000 Uncommon trap: reason=class_check action=maybe_recompile pc=0x00007f3f8cecfcd4 method=sun.util.logging.PlatformLogger.finest(Ljava/lang/String;)V @ 8
Event: 21,599 Thread 0x00007f3f903f1000 Uncommon trap: reason=class_check action=maybe_recompile pc=0x00007f3f8cecfcd4 method=sun.util.logging.PlatformLogger.finest(Ljava/lang/String;)V @ 8
Event: 21,600 Thread 0x00007f3f902d5000 Uncommon trap: reason=class_check action=maybe_recompile pc=0x00007f3f8ceef770 method=sun.util.logging.PlatformLogger.finest(Ljava/lang/String;)V @ 8
Event: 30,108 Thread 0x0000000002159800 Uncommon trap: reason=unreached action=reinterpret pc=0x00007f3f8ceb4b48 method=java.lang.ThreadLocal$ThreadLocalMap.getEntry(Ljava/lang/ThreadLocal;)Ljava/lang/ThreadLocal$ThreadLocalMap$Entry; @ 29
Event: 30,110 Thread 0x0000000002159800 Uncommon trap: reason=unreached action=reinterpret pc=0x00007f3f8cebb11c method=java.lang.ThreadLocal$ThreadLocalMap.getEntry(Ljava/lang/ThreadLocal;)Ljava/lang/ThreadLocal$ThreadLocalMap$Entry; @ 29
Event: 30,275 Thread 0x0000000002140000 Uncommon trap: reason=unreached action=reinterpret pc=0x00007f3f8cef4148 method=org.scify.jthinkfreedom.keyboard.sensors.KeyboardSensor.getData()Ljava/lang/Character; @ 4
Event: 30,275 Thread 0x0000000002140000 Uncommon trap: reason=null_assert action=make_not_entrant pc=0x00007f3f8cf26138 method=org.scify.jthinkfreedom.keyboard.stimuli.CapturekeyStimulus.onDataReceived()V @ 44

Internal exceptions (10 events):
Event: 21,955 Thread 0x0000000002159800 Threw 0x00000000db867cc0 at /build/openjdk-7-FO0dNI/openjdk-7-7u79-2.5.6/build/openjdk/hotspot/src/share/vm/prims/jvm.cpp:1284
Event: 21,959 Thread 0x0000000002159800 Threw 0x00000000db8781d8 at /build/openjdk-7-FO0dNI/openjdk-7-7u79-2.5.6/build/openjdk/hotspot/src/share/vm/prims/jvm.cpp:1284
Event: 21,968 Thread 0x0000000002159800 Threw 0x00000000db895c10 at /build/openjdk-7-FO0dNI/openjdk-7-7u79-2.5.6/build/openjdk/hotspot/src/share/vm/prims/jvm.cpp:1284
Event: 21,970 Thread 0x0000000002159800 Threw 0x00000000db8a7068 at /build/openjdk-7-FO0dNI/openjdk-7-7u79-2.5.6/build/openjdk/hotspot/src/share/vm/prims/jvm.cpp:1284
Event: 21,983 Thread 0x0000000002159800 Threw 0x00000000db8c02f0 at /build/openjdk-7-FO0dNI/openjdk-7-7u79-2.5.6/build/openjdk/hotspot/src/share/vm/prims/jvm.cpp:1284
Event: 21,984 Thread 0x0000000002159800 Threw 0x00000000db8d1180 at /build/openjdk-7-FO0dNI/openjdk-7-7u79-2.5.6/build/openjdk/hotspot/src/share/vm/prims/jvm.cpp:1284
Event: 30,108 Thread 0x0000000002159800 Threw 0x00000000db8ee600 at /build/openjdk-7-FO0dNI/openjdk-7-7u79-2.5.6/build/openjdk/hotspot/src/share/vm/prims/jvm.cpp:1284
Event: 30,133 Thread 0x0000000002159800 Threw 0x00000000dbfb82a8 at /build/openjdk-7-FO0dNI/openjdk-7-7u79-2.5.6/build/openjdk/hotspot/src/share/vm/prims/jvm.cpp:1284
Event: 30,276 Thread 0x0000000002140000 Threw 0x00000000dbf9d420 at /build/openjdk-7-FO0dNI/openjdk-7-7u79-2.5.6/build/openjdk/hotspot/src/share/vm/prims/jvm.cpp:1284
Event: 30,280 Thread 0x0000000002140000 Threw 0x00000000dbff91e0 at /build/openjdk-7-FO0dNI/openjdk-7-7u79-2.5.6/build/openjdk/hotspot/src/share/vm/prims/jvm.cpp:1284

Events (10 events):
Event: 30,280 loading class 0x00007f3f58002940 done
Event: 30,281 Executing VM operation: BulkRevokeBias
Event: 30,281 Executing VM operation: BulkRevokeBias done
Event: 30,291 loading class 0x00007f3f6c03e080
Event: 30,292 loading class 0x00007f3f6c03e080 done
Event: 30,297 Thread 0x00007f3f58004000 Thread added: 0x00007f3f58004000
Event: 30,298 Executing VM operation: RevokeBias
Event: 30,298 Executing VM operation: RevokeBias done
Event: 30,298 loading class 0x00007f3f6c073240
Event: 30,298 loading class 0x00007f3f6c073240 done


Dynamic libraries:
00400000-00401000 r-xp 00000000 08:02 1323751                            /usr/lib/jvm/java-7-openjdk-amd64/jre/bin/java
00600000-00601000 r--p 00000000 08:02 1323751                            /usr/lib/jvm/java-7-openjdk-amd64/jre/bin/java
00601000-00602000 rw-p 00001000 08:02 1323751                            /usr/lib/jvm/java-7-openjdk-amd64/jre/bin/java
01fbc000-021a8000 rw-p 00000000 00:00 0                                  [heap]
86400000-87980000 rw-p 00000000 00:00 0 
87980000-90a00000 rw-p 00000000 00:00 0 
90a00000-95400000 rw-p 00000000 00:00 0 
95400000-dae00000 rw-p 00000000 00:00 0 
dae00000-dd380000 rw-p 00000000 00:00 0 
dd380000-100000000 rw-p 00000000 00:00 0 
7f3f40000000-7f3f40021000 rw-p 00000000 00:00 0 
7f3f40021000-7f3f44000000 ---p 00000000 00:00 0 
7f3f44877000-7f3f449d8000 rw-p 00000000 00:00 0 
7f3f449d8000-7f3f449e2000 r-xp 00000000 08:02 1317748                    /usr/lib/jvm/java-7-openjdk-amd64/jre/lib/amd64/libjavajpeg.so
7f3f449e2000-7f3f44be1000 ---p 0000a000 08:02 1317748                    /usr/lib/jvm/java-7-openjdk-amd64/jre/lib/amd64/libjavajpeg.so
7f3f44be1000-7f3f44be2000 r--p 00009000 08:02 1317748                    /usr/lib/jvm/java-7-openjdk-amd64/jre/lib/amd64/libjavajpeg.so
7f3f44be2000-7f3f44be3000 rw-p 0000a000 08:02 1317748                    /usr/lib/jvm/java-7-openjdk-amd64/jre/lib/amd64/libjavajpeg.so
7f3f44be8000-7f3f44e6f000 rw-s 00000000 00:04 9338896                    /SYSV00000000 (deleted)
7f3f44e6f000-7f3f44e72000 ---p 00000000 00:00 0 
7f3f44e72000-7f3f44f70000 rw-p 00000000 00:00 0                          [stack:13216]
7f3f44f97000-7f3f45070000 rw-p 00000000 00:00 0 
7f3f45070000-7f3f45087000 r-xp 00000000 08:02 271410                     /tmp/jna-xrousakis/jna4573035044770267824.tmp (deleted)
7f3f45087000-7f3f45287000 ---p 00017000 08:02 271410                     /tmp/jna-xrousakis/jna4573035044770267824.tmp (deleted)
7f3f45287000-7f3f45288000 r--p 00017000 08:02 271410                     /tmp/jna-xrousakis/jna4573035044770267824.tmp (deleted)
7f3f45288000-7f3f45289000 rw-p 00018000 08:02 271410                     /tmp/jna-xrousakis/jna4573035044770267824.tmp (deleted)
7f3f4528d000-7f3f45290000 ---p 00000000 00:00 0 
7f3f45290000-7f3f4538e000 rw-p 00000000 00:00 0                          [stack:13212]
7f3f4538e000-7f3f45391000 ---p 00000000 00:00 0 
7f3f45391000-7f3f4548f000 rw-p 00000000 00:00 0 
7f3f4548f000-7f3f45492000 ---p 00000000 00:00 0 
7f3f45492000-7f3f45590000 rw-p 00000000 00:00 0                          [stack:13197]
7f3f455c6000-7f3f455c9000 ---p 00000000 00:00 0 
7f3f455c9000-7f3f456c7000 rw-p 00000000 00:00 0                          [stack:13213]
7f3f456c7000-7f3f456ca000 ---p 00000000 00:00 0 
7f3f456ca000-7f3f457c8000 rw-p 00000000 00:00 0 
7f3f457c8000-7f3f457c9000 r--s 00000000 08:02 2756976                    /var/cache/fontconfig/c05880de57d1f5e948fdfacc138775d9-le64.cache-4
7f3f457d0000-7f3f457db000 r--s 00000000 08:02 2756975                    /var/cache/fontconfig/945677eb7aeaf62f1d50efc3fb3ec7d8-le64.cache-4
7f3f457e0000-7f3f457e2000 r--s 00000000 08:02 2756973                    /var/cache/fontconfig/99e8ed0e538f840c565b6ed5dad60d56-le64.cache-4
7f3f457e8000-7f3f457ee000 r--s 00000000 08:02 2756972                    /var/cache/fontconfig/2cd17615ca594fa2959ae173292e504c-le64.cache-4
7f3f457f0000-7f3f457f1000 r--s 00000000 08:02 2756971                    /var/cache/fontconfig/e7071f4a29fa870f4323321c154eba04-le64.cache-4
7f3f457f8000-7f3f457f9000 r--s 00000000 08:02 2756970                    /var/cache/fontconfig/0d8c3b2ac0904cb8a57a757ad11a4a08-le64.cache-4
7f3f45800000-7f3f45807000 r--s 00000000 08:02 2756969                    /var/cache/fontconfig/a755afe4a08bf5b97852ceb7400b47bc-le64.cache-4
7f3f45808000-7f3f45814000 r--s 00000000 08:02 2756968                    /var/cache/fontconfig/6d41288fd70b0be22e8c3a91e032eec0-le64.cache-4
7f3f45818000-7f3f4582c000 r--s 00000000 08:02 2756967                    /var/cache/fontconfig/04aabc0a78ac019cf9454389977116d2-le64.cache-4
7f3f45830000-7f3f45831000 r--s 00000000 08:02 2756966                    /var/cache/fontconfig/1ac9eb803944fde146138c791f5cc56a-le64.cache-4
7f3f45838000-7f3f4583c000 r--s 00000000 08:02 2756965                    /var/cache/fontconfig/385c0604a188198f04d133e54aba7fe7-le64.cache-4
7f3f45840000-7f3f45841000 r--s 00000000 08:02 2756964                    /var/cache/fontconfig/dc05db6664285cc2f12bf69c139ae4c3-le64.cache-4
7f3f45848000-7f3f4584a000 r--s 00000000 08:02 2756963                    /var/cache/fontconfig/767a8244fc0220cfb567a839d0392e0b-le64.cache-4
7f3f45850000-7f3f45851000 r--s 00000000 08:02 2753289                    /var/cache/fontconfig/4794a0821666d79190d59a36cb4f44b5-le64.cache-4
7f3f45858000-7f3f4585d000 r--s 00000000 08:02 2756961                    /var/cache/fontconfig/8801497958630a81b71ace7c5f9b32a8-le64.cache-4
7f3f45860000-7f3f45867000 r--s 00000000 08:02 2756960                    /var/cache/fontconfig/3047814df9a2f067bd2d96a2b9c36e5a-le64.cache-4
7f3f45868000-7f3f45869000 r--s 00000000 08:02 2756959                    /var/cache/fontconfig/56cf4f4769d0f4abc89a4895d7bd3ae1-le64.cache-4
7f3f45870000-7f3f45871000 r--s 00000000 08:02 2756958                    /var/cache/fontconfig/b9d506c9ac06c20b433354fa67a72993-le64.cache-4
7f3f45878000-7f3f4587e000 r--s 00000000 08:02 2756957                    /var/cache/fontconfig/b47c4e1ecd0709278f4910c18777a504-le64.cache-4
7f3f45880000-7f3f45893000 r--s 00000000 08:02 2756956                    /var/cache/fontconfig/d52a8644073d54c13679302ca1180695-le64.cache-4
7f3f45898000-7f3f458a1000 r--s 00000000 08:02 2754543                    /var/cache/fontconfig/3f7329c5293ffd510edef78f73874cfd-le64.cache-4
7f3f458a8000-7f3f458b3000 r--s 00000000 08:02 2756954                    /var/cache/fontconfig/d589a48862398ed80a3d6066f4f56f4c-le64.cache-4
7f3f458b8000-7f3f458bb000 r--s 00000000 08:02 2756942                    /var/cache/fontconfig/e13b20fdb08344e0e664864cc2ede53d-le64.cache-4
7f3f458c0000-7f3f458c4000 r--s 00000000 08:02 2756952                    /var/cache/fontconfig/7ef2298fde41cc6eeb7af42e48b7d293-le64.cache-4
7f3f45970000-7f3f459c2000 r-xp 00000000 08:02 1317750                    /usr/lib/jvm/java-7-openjdk-amd64/jre/lib/amd64/libfontmanager.so
7f3f459c2000-7f3f45bc1000 ---p 00052000 08:02 1317750                    /usr/lib/jvm/java-7-openjdk-amd64/jre/lib/amd64/libfontmanager.so
7f3f45bc1000-7f3f45bc4000 r--p 00051000 08:02 1317750                    /usr/lib/jvm/java-7-openjdk-amd64/jre/lib/amd64/libfontmanager.so
7f3f45bc4000-7f3f45bc5000 rw-p 00054000 08:02 1317750                    /usr/lib/jvm/java-7-openjdk-amd64/jre/lib/amd64/libfontmanager.so
7f3f45bc6000-7f3f45bc9000 ---p 00000000 00:00 0 
7f3f45bc9000-7f3f45cc7000 rw-p 00000000 00:00 0                          [stack:13195]
7f3f45cc7000-7f3f45cca000 ---p 00000000 00:00 0 
7f3f45cca000-7f3f45dc8000 rw-p 00000000 00:00 0                          [stack:13194]
7f3f45dc8000-7f3f45f75000 r-xp 00000000 08:02 271409                     /tmp/javacpp13659774154075/libjniopencv_core.so
7f3f45f75000-7f3f46175000 ---p 001ad000 08:02 271409                     /tmp/javacpp13659774154075/libjniopencv_core.so
7f3f46175000-7f3f46176000 r--p 001ad000 08:02 271409                     /tmp/javacpp13659774154075/libjniopencv_core.so
7f3f46176000-7f3f46178000 rw-p 001ae000 08:02 271409                     /tmp/javacpp13659774154075/libjniopencv_core.so
7f3f46178000-7f3f461c6000 r-xp 00000000 08:02 271408                     /tmp/javacpp13659774154075/libjniopencv_highgui.so
7f3f461c6000-7f3f463c5000 ---p 0004e000 08:02 271408                     /tmp/javacpp13659774154075/libjniopencv_highgui.so
7f3f463c5000-7f3f463c6000 r--p 0004d000 08:02 271408                     /tmp/javacpp13659774154075/libjniopencv_highgui.so
7f3f463c6000-7f3f463c7000 rw-p 0004e000 08:02 271408                     /tmp/javacpp13659774154075/libjniopencv_highgui.so
7f3f463c8000-7f3f4640b000 r-xp 00000000 08:02 1188593                    /usr/lib/x86_64-linux-gnu/libjpeg.so.8.0.2
7f3f4640b000-7f3f4660b000 ---p 00043000 08:02 1188593                    /usr/lib/x86_64-linux-gnu/libjpeg.so.8.0.2
7f3f4660b000-7f3f4660c000 r--p 00043000 08:02 1188593                    /usr/lib/x86_64-linux-gnu/libjpeg.so.8.0.2
7f3f4660c000-7f3f4660d000 rw-p 00044000 08:02 1188593                    /usr/lib/x86_64-linux-gnu/libjpeg.so.8.0.2
7f3f4660d000-7f3f4661d000 rw-p 00000000 00:00 0 
7f3f46620000-7f3f46644000 r-xp 00000000 08:02 1188998                    /usr/lib/x86_64-linux-gnu/libv4lconvert.so.0.0.0
7f3f46644000-7f3f46844000 ---p 00024000 08:02 1188998                    /usr/lib/x86_64-linux-gnu/libv4lconvert.so.0.0.0
7f3f46844000-7f3f46846000 r--p 00024000 08:02 1188998                    /usr/lib/x86_64-linux-gnu/libv4lconvert.so.0.0.0
7f3f46846000-7f3f46847000 rw-p 00026000 08:02 1188998                    /usr/lib/x86_64-linux-gnu/libv4lconvert.so.0.0.0
7f3f46847000-7f3f46899000 rw-p 00000000 00:00 0 
7f3f468a0000-7f3f468a6000 r-xp 00000000 08:02 1188131                    /usr/lib/x86_64-linux-gnu/libdatrie.so.1.3.1
7f3f468a6000-7f3f46aa5000 ---p 00006000 08:02 1188131                    /usr/lib/x86_64-linux-gnu/libdatrie.so.1.3.1
7f3f46aa5000-7f3f46aa6000 r--p 00005000 08:02 1188131                    /usr/lib/x86_64-linux-gnu/libdatrie.so.1.3.1
7f3f46aa6000-7f3f46aa7000 rw-p 00006000 08:02 1188131                    /usr/lib/x86_64-linux-gnu/libdatrie.so.1.3.1
7f3f46aa8000-7f3f46ac2000 r-xp 00000000 08:02 1188402                    /usr/lib/x86_64-linux-gnu/libgraphite2.so.3.0.1
7f3f46ac2000-7f3f46cc1000 ---p 0001a000 08:02 1188402                    /usr/lib/x86_64-linux-gnu/libgraphite2.so.3.0.1
7f3f46cc1000-7f3f46cc3000 r--p 00019000 08:02 1188402                    /usr/lib/x86_64-linux-gnu/libgraphite2.so.3.0.1
7f3f46cc3000-7f3f46cc4000 rw-p 0001b000 08:02 1188402                    /usr/lib/x86_64-linux-gnu/libgraphite2.so.3.0.1
7f3f46cc8000-7f3f46cd1000 r-xp 00000000 08:02 1188996                    /usr/lib/x86_64-linux-gnu/libv4l2.so.0.0.0
7f3f46cd1000-7f3f46ed0000 ---p 00009000 08:02 1188996                    /usr/lib/x86_64-linux-gnu/libv4l2.so.0.0.0
7f3f46ed0000-7f3f46ed1000 r--p 00008000 08:02 1188996                    /usr/lib/x86_64-linux-gnu/libv4l2.so.0.0.0
7f3f46ed1000-7f3f46ed6000 rw-p 00009000 08:02 1188996                    /usr/lib/x86_64-linux-gnu/libv4l2.so.0.0.0
7f3f46ed8000-7f3f46ee0000 r-xp 00000000 08:02 1188953                    /usr/lib/x86_64-linux-gnu/libthai.so.0.2.0
7f3f46ee0000-7f3f470df000 ---p 00008000 08:02 1188953                    /usr/lib/x86_64-linux-gnu/libthai.so.0.2.0
7f3f470df000-7f3f470e0000 r--p 00007000 08:02 1188953                    /usr/lib/x86_64-linux-gnu/libthai.so.0.2.0
7f3f470e0000-7f3f470e1000 rw-p 00008000 08:02 1188953                    /usr/lib/x86_64-linux-gnu/libthai.so.0.2.0
7f3f470e8000-7f3f4713b000 r-xp 00000000 08:02 1179957                    /usr/lib/x86_64-linux-gnu/libharfbuzz.so.0.927.0
7f3f4713b000-7f3f4733b000 ---p 00053000 08:02 1179957                    /usr/lib/x86_64-linux-gnu/libharfbuzz.so.0.927.0
7f3f4733b000-7f3f4733c000 r--p 00053000 08:02 1179957                    /usr/lib/x86_64-linux-gnu/libharfbuzz.so.0.927.0
7f3f4733c000-7f3f4733d000 rw-p 00054000 08:02 1179957                    /usr/lib/x86_64-linux-gnu/libharfbuzz.so.0.927.0
7f3f47340000-7f3f47348000 r-xp 00000000 08:02 1189074                    /usr/lib/x86_64-linux-gnu/libxcb-render.so.0.0.0
7f3f47348000-7f3f47547000 ---p 00008000 08:02 1189074                    /usr/lib/x86_64-linux-gnu/libxcb-render.so.0.0.0
7f3f47547000-7f3f47548000 r--p 00007000 08:02 1189074                    /usr/lib/x86_64-linux-gnu/libxcb-render.so.0.0.0
7f3f47548000-7f3f47549000 rw-p 00008000 08:02 1189074                    /usr/lib/x86_64-linux-gnu/libxcb-render.so.0.0.0
7f3f47550000-7f3f47552000 r-xp 00000000 08:02 1189078                    /usr/lib/x86_64-linux-gnu/libxcb-shm.so.0.0.0
7f3f47552000-7f3f47751000 ---p 00002000 08:02 1189078                    /usr/lib/x86_64-linux-gnu/libxcb-shm.so.0.0.0
7f3f47751000-7f3f47752000 r--p 00001000 08:02 1189078                    /usr/lib/x86_64-linux-gnu/libxcb-shm.so.0.0.0
7f3f47752000-7f3f47753000 rw-p 00002000 08:02 1189078                    /usr/lib/x86_64-linux-gnu/libxcb-shm.so.0.0.0
7f3f47758000-7f3f477f9000 r-xp 00000000 08:02 1188793                    /usr/lib/x86_64-linux-gnu/libpixman-1.so.0.30.2
7f3f477f9000-7f3f479f9000 ---p 000a1000 08:02 1188793                    /usr/lib/x86_64-linux-gnu/libpixman-1.so.0.30.2
7f3f479f9000-7f3f47a00000 r--p 000a1000 08:02 1188793                    /usr/lib/x86_64-linux-gnu/libpixman-1.so.0.30.2
7f3f47a00000-7f3f47a01000 rw-p 000a8000 08:02 1188793                    /usr/lib/x86_64-linux-gnu/libpixman-1.so.0.30.2
7f3f47a08000-7f3f47a0a000 r-xp 00000000 08:02 1187926                    /usr/lib/x86_64-linux-gnu/libXdamage.so.1.1.0
7f3f47a0a000-7f3f47c09000 ---p 00002000 08:02 1187926                    /usr/lib/x86_64-linux-gnu/libXdamage.so.1.1.0
7f3f47c09000-7f3f47c0a000 r--p 00001000 08:02 1187926                    /usr/lib/x86_64-linux-gnu/libXdamage.so.1.1.0
7f3f47c0a000-7f3f47c0b000 rw-p 00002000 08:02 1187926                    /usr/lib/x86_64-linux-gnu/libXdamage.so.1.1.0
7f3f47c10000-7f3f47c12000 r-xp 00000000 08:02 1187922                    /usr/lib/x86_64-linux-gnu/libXcomposite.so.1.0.0
7f3f47c12000-7f3f47e11000 ---p 00002000 08:02 1187922                    /usr/lib/x86_64-linux-gnu/libXcomposite.so.1.0.0
7f3f47e11000-7f3f47e12000 r--p 00001000 08:02 1187922                    /usr/lib/x86_64-linux-gnu/libXcomposite.so.1.0.0
7f3f47e12000-7f3f47e13000 rw-p 00002000 08:02 1187922                    /usr/lib/x86_64-linux-gnu/libXcomposite.so.1.0.0
7f3f47e18000-7f3f47e21000 r-xp 00000000 08:02 1187948                    /usr/lib/x86_64-linux-gnu/libXrandr.so.2.2.0
7f3f47e21000-7f3f48020000 ---p 00009000 08:02 1187948                    /usr/lib/x86_64-linux-gnu/libXrandr.so.2.2.0
7f3f48020000-7f3f48021000 r--p 00008000 08:02 1187948                    /usr/lib/x86_64-linux-gnu/libXrandr.so.2.2.0
7f3f48021000-7f3f48022000 rw-p 00009000 08:02 1187948                    /usr/lib/x86_64-linux-gnu/libXrandr.so.2.2.0
7f3f48028000-7f3f4802a000 r-xp 00000000 08:02 1187940                    /usr/lib/x86_64-linux-gnu/libXinerama.so.1.0.0
7f3f4802a000-7f3f48229000 ---p 00002000 08:02 1187940                    /usr/lib/x86_64-linux-gnu/libXinerama.so.1.0.0
7f3f48229000-7f3f4822a000 r--p 00001000 08:02 1187940                    /usr/lib/x86_64-linux-gnu/libXinerama.so.1.0.0
7f3f4822a000-7f3f4822b000 rw-p 00002000 08:02 1187940                    /usr/lib/x86_64-linux-gnu/libXinerama.so.1.0.0
7f3f48230000-7f3f48235000 r-xp 00000000 08:02 1188994                    /usr/lib/x86_64-linux-gnu/libv4l1.so.0.0.0
7f3f48235000-7f3f48434000 ---p 00005000 08:02 1188994                    /usr/lib/x86_64-linux-gnu/libv4l1.so.0.0.0
7f3f48434000-7f3f48435000 r--p 00004000 08:02 1188994                    /usr/lib/x86_64-linux-gnu/libv4l1.so.0.0.0
7f3f48435000-7f3f48436000 rw-p 00005000 08:02 1188994                    /usr/lib/x86_64-linux-gnu/libv4l1.so.0.0.0
7f3f48438000-7f3f48439000 r-xp 00000000 08:02 1181659                    /usr/lib/x86_64-linux-gnu/libgthread-2.0.so.0.4002.0
7f3f48439000-7f3f48638000 ---p 00001000 08:02 1181659                    /usr/lib/x86_64-linux-gnu/libgthread-2.0.so.0.4002.0
7f3f48638000-7f3f48639000 r--p 00000000 08:02 1181659                    /usr/lib/x86_64-linux-gnu/libgthread-2.0.so.0.4002.0
7f3f48639000-7f3f4863a000 rw-p 00001000 08:02 1181659                    /usr/lib/x86_64-linux-gnu/libgthread-2.0.so.0.4002.0
7f3f48640000-7f3f4868a000 r-xp 00000000 08:02 1181864                    /usr/lib/x86_64-linux-gnu/libpango-1.0.so.0.3600.3
7f3f4868a000-7f3f4888a000 ---p 0004a000 08:02 1181864                    /usr/lib/x86_64-linux-gnu/libpango-1.0.so.0.3600.3
7f3f4888a000-7f3f4888c000 r--p 0004a000 08:02 1181864                    /usr/lib/x86_64-linux-gnu/libpango-1.0.so.0.3600.3
7f3f4888c000-7f3f4888d000 rw-p 0004c000 08:02 1181864                    /usr/lib/x86_64-linux-gnu/libpango-1.0.so.0.3600.3
7f3f48890000-7f3f488a4000 r-xp 00000000 08:02 1181866                    /usr/lib/x86_64-linux-gnu/libpangoft2-1.0.so.0.3600.3
7f3f488a4000-7f3f48aa3000 ---p 00014000 08:02 1181866                    /usr/lib/x86_64-linux-gnu/libpangoft2-1.0.so.0.3600.3
7f3f48aa3000-7f3f48aa4000 r--p 00013000 08:02 1181866                    /usr/lib/x86_64-linux-gnu/libpangoft2-1.0.so.0.3600.3
7f3f48aa4000-7f3f48aa5000 rw-p 00014000 08:02 1181866                    /usr/lib/x86_64-linux-gnu/libpangoft2-1.0.so.0.3600.3
7f3f48aa8000-7f3f48ac7000 r-xp 00000000 08:02 1188324                    /usr/lib/x86_64-linux-gnu/libgdk_pixbuf-2.0.so.0.3000.7
7f3f48ac7000-7f3f48cc7000 ---p 0001f000 08:02 1188324                    /usr/lib/x86_64-linux-gnu/libgdk_pixbuf-2.0.so.0.3000.7
7f3f48cc7000-7f3f48cc8000 r--p 0001f000 08:02 1188324                    /usr/lib/x86_64-linux-gnu/libgdk_pixbuf-2.0.so.0.3000.7
7f3f48cc8000-7f3f48cc9000 rw-p 00020000 08:02 1188324                    /usr/lib/x86_64-linux-gnu/libgdk_pixbuf-2.0.so.0.3000.7
7f3f48cd0000-7f3f48dd6000 r-xp 00000000 08:02 1184068                    /usr/lib/x86_64-linux-gnu/libcairo.so.2.11301.0
7f3f48dd6000-7f3f48fd5000 ---p 00106000 08:02 1184068                    /usr/lib/x86_64-linux-gnu/libcairo.so.2.11301.0
7f3f48fd5000-7f3f48fd8000 r--p 00105000 08:02 1184068                    /usr/lib/x86_64-linux-gnu/libcairo.so.2.11301.0
7f3f48fd8000-7f3f48fd9000 rw-p 00108000 08:02 1184068                    /usr/lib/x86_64-linux-gnu/libcairo.so.2.11301.0
7f3f48fd9000-7f3f48fdb000 rw-p 00000000 00:00 0 
7f3f48fe0000-7f3f48fff000 r-xp 00000000 08:02 1188009                    /usr/lib/x86_64-linux-gnu/libatk-1.0.so.0.21009.1
7f3f48fff000-7f3f491ff000 ---p 0001f000 08:02 1188009                    /usr/lib/x86_64-linux-gnu/libatk-1.0.so.0.21009.1
7f3f491ff000-7f3f49201000 r--p 0001f000 08:02 1188009                    /usr/lib/x86_64-linux-gnu/libatk-1.0.so.0.21009.1
7f3f49201000-7f3f49202000 rw-p 00021000 08:02 1188009                    /usr/lib/x86_64-linux-gnu/libatk-1.0.so.0.21009.1
7f3f49208000-7f3f49213000 r-xp 00000000 08:02 1181862                    /usr/lib/x86_64-linux-gnu/libpangocairo-1.0.so.0.3600.3
7f3f49213000-7f3f49413000 ---p 0000b000 08:02 1181862                    /usr/lib/x86_64-linux-gnu/libpangocairo-1.0.so.0.3600.3
7f3f49413000-7f3f49414000 r--p 0000b000 08:02 1181862                    /usr/lib/x86_64-linux-gnu/libpangocairo-1.0.so.0.3600.3
7f3f49414000-7f3f49415000 rw-p 0000c000 08:02 1181862                    /usr/lib/x86_64-linux-gnu/libpangocairo-1.0.so.0.3600.3
7f3f49418000-7f3f494c5000 r-xp 00000000 08:02 1185800                    /usr/lib/x86_64-linux-gnu/libgdk-x11-2.0.so.0.2400.23
7f3f494c5000-7f3f496c4000 ---p 000ad000 08:02 1185800                    /usr/lib/x86_64-linux-gnu/libgdk-x11-2.0.so.0.2400.23
7f3f496c4000-7f3f496c8000 r--p 000ac000 08:02 1185800                    /usr/lib/x86_64-linux-gnu/libgdk-x11-2.0.so.0.2400.23
7f3f496c8000-7f3f496ca000 rw-p 000b0000 08:02 1185800                    /usr/lib/x86_64-linux-gnu/libgdk-x11-2.0.so.0.2400.23
7f3f496d0000-7f3f49aff000 r-xp 00000000 08:02 1190134                    /usr/lib/x86_64-linux-gnu/libgtk-x11-2.0.so.0.2400.23
7f3f49aff000-7f3f49cfe000 ---p 0042f000 08:02 1190134                    /usr/lib/x86_64-linux-gnu/libgtk-x11-2.0.so.0.2400.23
7f3f49cfe000-7f3f49d05000 r--p 0042e000 08:02 1190134                    /usr/lib/x86_64-linux-gnu/libgtk-x11-2.0.so.0.2400.23
7f3f49d05000-7f3f49d09000 rw-p 00435000 08:02 1190134                    /usr/lib/x86_64-linux-gnu/libgtk-x11-2.0.so.0.2400.23
7f3f49d09000-7f3f49d0c000 rw-p 00000000 00:00 0 
7f3f49d10000-7f3f49f57000 r-xp 00000000 08:02 271407                     /tmp/javacpp13659774154075/libopencv_highgui.so.2.4
7f3f49f57000-7f3f4a157000 ---p 00247000 08:02 271407                     /tmp/javacpp13659774154075/libopencv_highgui.so.2.4
7f3f4a157000-7f3f4a15f000 r--p 00247000 08:02 271407                     /tmp/javacpp13659774154075/libopencv_highgui.so.2.4
7f3f4a15f000-7f3f4a168000 rw-p 0024f000 08:02 271407                     /tmp/javacpp13659774154075/libopencv_highgui.so.2.4
7f3f4a168000-7f3f4a170000 rw-p 00000000 00:00 0 
7f3f4a170000-7f3f4a3cb000 r-xp 00000000 08:02 271406                     /tmp/javacpp13659774154075/libopencv_imgproc.so.2.4
7f3f4a3cb000-7f3f4a5cb000 ---p 0025b000 08:02 271406                     /tmp/javacpp13659774154075/libopencv_imgproc.so.2.4
7f3f4a5cb000-7f3f4a5d2000 r--p 0025b000 08:02 271406                     /tmp/javacpp13659774154075/libopencv_imgproc.so.2.4
7f3f4a5d2000-7f3f4a5d4000 rw-p 00262000 08:02 271406                     /tmp/javacpp13659774154075/libopencv_imgproc.so.2.4
7f3f4a5d4000-7f3f4a669000 rw-p 00000000 00:00 0 
7f3f4a670000-7f3f4a919000 r-xp 00000000 08:02 271405                     /tmp/javacpp13659774154075/libopencv_core.so.2.4
7f3f4a919000-7f3f4ab18000 ---p 002a9000 08:02 271405                     /tmp/javacpp13659774154075/libopencv_core.so.2.4
7f3f4ab18000-7f3f4ab1c000 r--p 002a8000 08:02 271405                     /tmp/javacpp13659774154075/libopencv_core.so.2.4
7f3f4ab1c000-7f3f4ab25000 rw-p 002ac000 08:02 271405                     /tmp/javacpp13659774154075/libopencv_core.so.2.4
7f3f4ab25000-7f3f4ab28000 rw-p 00000000 00:00 0 
7f3f4ab28000-7f3f4ab51000 r-xp 00000000 08:02 271404                     /tmp/javacpp13659774154075/libtbb.so
7f3f4ab51000-7f3f4ad50000 ---p 00029000 08:02 271404                     /tmp/javacpp13659774154075/libtbb.so
7f3f4ad50000-7f3f4ad52000 r--p 00028000 08:02 271404                     /tmp/javacpp13659774154075/libtbb.so
7f3f4ad52000-7f3f4ad53000 rw-p 0002a000 08:02 271404                     /tmp/javacpp13659774154075/libtbb.so
7f3f4ad58000-7f3f4ad7e000 r-xp 00000000 08:02 271403                     /tmp/javacpp13659774154075/libjnifreenect.so
7f3f4ad7e000-7f3f4af7d000 ---p 00026000 08:02 271403                     /tmp/javacpp13659774154075/libjnifreenect.so
7f3f4af7d000-7f3f4af7e000 r--p 00025000 08:02 271403                     /tmp/javacpp13659774154075/libjnifreenect.so
7f3f4af7e000-7f3f4af7f000 rw-p 00026000 08:02 271403                     /tmp/javacpp13659774154075/libjnifreenect.so
7f3f4af80000-7f3f4af83000 r-xp 00000000 08:02 271402                     /tmp/javacpp13659774154075/libfreenect_sync.so
7f3f4af83000-7f3f4b182000 ---p 00003000 08:02 271402                     /tmp/javacpp13659774154075/libfreenect_sync.so
7f3f4b182000-7f3f4b183000 r--p 00002000 08:02 271402                     /tmp/javacpp13659774154075/libfreenect_sync.so
7f3f4b183000-7f3f4b184000 rw-p 00003000 08:02 271402                     /tmp/javacpp13659774154075/libfreenect_sync.so
7f3f4b188000-7f3f4b196000 r-xp 00000000 08:02 271401                     /tmp/javacpp13659774154075/libfreenect.so
7f3f4b196000-7f3f4b395000 ---p 0000e000 08:02 271401                     /tmp/javacpp13659774154075/libfreenect.so
7f3f4b395000-7f3f4b396000 r--p 0000d000 08:02 271401                     /tmp/javacpp13659774154075/libfreenect.so
7f3f4b396000-7f3f4b397000 rw-p 0000e000 08:02 271401                     /tmp/javacpp13659774154075/libfreenect.so
7f3f4b397000-7f3f4b398000 ---p 00000000 00:00 0 
7f3f4b398000-7f3f4bb98000 rw-p 00000000 00:00 0 
7f3f4bb98000-7f3f4bbea000 r-xp 00000000 08:02 271400                     /tmp/javacpp13659774154075/libjnidc1394.so
7f3f4bbea000-7f3f4bde9000 ---p 00052000 08:02 271400                     /tmp/javacpp13659774154075/libjnidc1394.so
7f3f4bde9000-7f3f4bdea000 r--p 00051000 08:02 271400                     /tmp/javacpp13659774154075/libjnidc1394.so
7f3f4bdea000-7f3f4bdeb000 rw-p 00052000 08:02 271400                     /tmp/javacpp13659774154075/libjnidc1394.so
7f3f4bdf0000-7f3f4bdf8000 r-xp 00000000 08:02 1445949                    /lib/x86_64-linux-gnu/libnih-dbus.so.1.0.0
7f3f4bdf8000-7f3f4bff8000 ---p 00008000 08:02 1445949                    /lib/x86_64-linux-gnu/libnih-dbus.so.1.0.0
7f3f4bff8000-7f3f4bff9000 r--p 00008000 08:02 1445949                    /lib/x86_64-linux-gnu/libnih-dbus.so.1.0.0
7f3f4bff9000-7f3f4bffa000 rw-p 00009000 08:02 1445949                    /lib/x86_64-linux-gnu/libnih-dbus.so.1.0.0
7f3f4c000000-7f3f4c07f000 rw-p 00000000 00:00 0 
7f3f4c07f000-7f3f50000000 ---p 00000000 00:00 0 
7f3f50000000-7f3f500b5000 rw-p 00000000 00:00 0 
7f3f500b5000-7f3f54000000 ---p 00000000 00:00 0 
7f3f54000000-7f3f54021000 rw-p 00000000 00:00 0 
7f3f54021000-7f3f58000000 ---p 00000000 00:00 0 
7f3f58000000-7f3f58021000 rw-p 00000000 00:00 0 
7f3f58021000-7f3f5c000000 ---p 00000000 00:00 0 
7f3f5c078000-7f3f5c08f000 r-xp 00000000 08:02 1445951                    /lib/x86_64-linux-gnu/libnih.so.1.0.0
7f3f5c08f000-7f3f5c28e000 ---p 00017000 08:02 1445951                    /lib/x86_64-linux-gnu/libnih.so.1.0.0
7f3f5c28e000-7f3f5c28f000 r--p 00016000 08:02 1445951                    /lib/x86_64-linux-gnu/libnih.so.1.0.0
7f3f5c28f000-7f3f5c290000 rw-p 00017000 08:02 1445951                    /lib/x86_64-linux-gnu/libnih.so.1.0.0
7f3f5c290000-7f3f5c2a9000 r-xp 00000000 08:02 1444015                    /lib/x86_64-linux-gnu/libcgmanager.so.0.0.0
7f3f5c2a9000-7f3f5c4a8000 ---p 00019000 08:02 1444015                    /lib/x86_64-linux-gnu/libcgmanager.so.0.0.0
7f3f5c4a8000-7f3f5c4aa000 r--p 00018000 08:02 1444015                    /lib/x86_64-linux-gnu/libcgmanager.so.0.0.0
7f3f5c4aa000-7f3f5c4ab000 rw-p 0001a000 08:02 1444015                    /lib/x86_64-linux-gnu/libcgmanager.so.0.0.0
7f3f5c4b0000-7f3f5c4c0000 r-xp 00000000 08:02 1442754                    /lib/x86_64-linux-gnu/libudev.so.1.3.5
7f3f5c4c0000-7f3f5c6bf000 ---p 00010000 08:02 1442754                    /lib/x86_64-linux-gnu/libudev.so.1.3.5
7f3f5c6bf000-7f3f5c6c0000 r--p 0000f000 08:02 1442754                    /lib/x86_64-linux-gnu/libudev.so.1.3.5
7f3f5c6c0000-7f3f5c6c1000 rw-p 00010000 08:02 1442754                    /lib/x86_64-linux-gnu/libudev.so.1.3.5
7f3f5c6c8000-7f3f5c6dd000 r-xp 00000000 08:02 1446041                    /lib/x86_64-linux-gnu/libusb-1.0.so.0.1.0
7f3f5c6dd000-7f3f5c8dd000 ---p 00015000 08:02 1446041                    /lib/x86_64-linux-gnu/libusb-1.0.so.0.1.0
7f3f5c8dd000-7f3f5c8de000 r--p 00015000 08:02 1446041                    /lib/x86_64-linux-gnu/libusb-1.0.so.0.1.0
7f3f5c8de000-7f3f5c8df000 rw-p 00016000 08:02 1446041                    /lib/x86_64-linux-gnu/libusb-1.0.so.0.1.0
7f3f5c8e0000-7f3f5c8ed000 r-xp 00000000 08:02 1188844                    /usr/lib/x86_64-linux-gnu/libraw1394.so.11.1.0
7f3f5c8ed000-7f3f5caec000 ---p 0000d000 08:02 1188844                    /usr/lib/x86_64-linux-gnu/libraw1394.so.11.1.0
7f3f5caec000-7f3f5caed000 r--p 0000c000 08:02 1188844                    /usr/lib/x86_64-linux-gnu/libraw1394.so.11.1.0
7f3f5caed000-7f3f5caee000 rw-p 0000d000 08:02 1188844                    /usr/lib/x86_64-linux-gnu/libraw1394.so.11.1.0
7f3f5caf0000-7f3f5cb23000 r-xp 00000000 08:02 271399                     /tmp/javacpp13659774154075/libdc1394.so.22
7f3f5cb23000-7f3f5cd23000 ---p 00033000 08:02 271399                     /tmp/javacpp13659774154075/libdc1394.so.22
7f3f5cd23000-7f3f5cd24000 r--p 00033000 08:02 271399                     /tmp/javacpp13659774154075/libdc1394.so.22
7f3f5cd24000-7f3f5cd25000 rw-p 00034000 08:02 271399                     /tmp/javacpp13659774154075/libdc1394.so.22
7f3f5cd25000-7f3f5cd65000 rw-p 00000000 00:00 0 
7f3f5cd67000-7f3f5cd98000 rw-p 00000000 00:00 0 
7f3f5cd98000-7f3f5cdaf000 r-xp 00000000 08:02 1317766                    /usr/lib/jvm/java-7-openjdk-amd64/jre/lib/amd64/libnet.so
7f3f5cdaf000-7f3f5cfae000 ---p 00017000 08:02 1317766                    /usr/lib/jvm/java-7-openjdk-amd64/jre/lib/amd64/libnet.so
7f3f5cfae000-7f3f5cfaf000 r--p 00016000 08:02 1317766                    /usr/lib/jvm/java-7-openjdk-amd64/jre/lib/amd64/libnet.so
7f3f5cfaf000-7f3f5cfb0000 rw-p 00017000 08:02 1317766                    /usr/lib/jvm/java-7-openjdk-amd64/jre/lib/amd64/libnet.so
7f3f5cfb0000-7f3f5cfc0000 r-xp 00000000 08:02 1317771                    /usr/lib/jvm/java-7-openjdk-amd64/jre/lib/amd64/libnio.so
7f3f5cfc0000-7f3f5d1c0000 ---p 00010000 08:02 1317771                    /usr/lib/jvm/java-7-openjdk-amd64/jre/lib/amd64/libnio.so
7f3f5d1c0000-7f3f5d1c1000 r--p 00010000 08:02 1317771                    /usr/lib/jvm/java-7-openjdk-amd64/jre/lib/amd64/libnio.so
7f3f5d1c1000-7f3f5d1c2000 rw-p 00011000 08:02 1317771                    /usr/lib/jvm/java-7-openjdk-amd64/jre/lib/amd64/libnio.so
7f3f5d1c6000-7f3f5d1c9000 ---p 00000000 00:00 0 
7f3f5d1c9000-7f3f5d2c7000 rw-p 00000000 00:00 0                          [stack:13215]
7f3f5d2c7000-7f3f5d2ca000 ---p 00000000 00:00 0 
7f3f5d2ca000-7f3f5d3c8000 rw-p 00000000 00:00 0                          [stack:13190]
7f3f5d3c8000-7f3f5d3cd000 r-xp 00000000 08:02 1185797                    /usr/lib/x86_64-linux-gnu/libXfixes.so.3.1.0
7f3f5d3cd000-7f3f5d5cc000 ---p 00005000 08:02 1185797                    /usr/lib/x86_64-linux-gnu/libXfixes.so.3.1.0
7f3f5d5cc000-7f3f5d5cd000 r--p 00004000 08:02 1185797                    /usr/lib/x86_64-linux-gnu/libXfixes.so.3.1.0
7f3f5d5cd000-7f3f5d5ce000 rw-p 00005000 08:02 1185797                    /usr/lib/x86_64-linux-gnu/libXfixes.so.3.1.0
7f3f5d5d0000-7f3f5d5d9000 r-xp 00000000 08:02 1187924                    /usr/lib/x86_64-linux-gnu/libXcursor.so.1.0.2
7f3f5d5d9000-7f3f5d7d8000 ---p 00009000 08:02 1187924                    /usr/lib/x86_64-linux-gnu/libXcursor.so.1.0.2
7f3f5d7d8000-7f3f5d7d9000 r--p 00008000 08:02 1187924                    /usr/lib/x86_64-linux-gnu/libXcursor.so.1.0.2
7f3f5d7d9000-7f3f5d7da000 rw-p 00009000 08:02 1187924                    /usr/lib/x86_64-linux-gnu/libXcursor.so.1.0.2
7f3f5d7e0000-7f3f5d7e4000 r-xp 00000000 08:02 1445919                    /lib/x86_64-linux-gnu/libgpg-error.so.0.10.0
7f3f5d7e4000-7f3f5d9e3000 ---p 00004000 08:02 1445919                    /lib/x86_64-linux-gnu/libgpg-error.so.0.10.0
7f3f5d9e3000-7f3f5d9e4000 r--p 00003000 08:02 1445919                    /lib/x86_64-linux-gnu/libgpg-error.so.0.10.0
7f3f5d9e4000-7f3f5d9e5000 rw-p 00004000 08:02 1445919                    /lib/x86_64-linux-gnu/libgpg-error.so.0.10.0
7f3f5d9e8000-7f3f5d9ea000 r-xp 00000000 08:02 1445929                    /lib/x86_64-linux-gnu/libkeyutils.so.1.4
7f3f5d9ea000-7f3f5dbea000 ---p 00002000 08:02 1445929                    /lib/x86_64-linux-gnu/libkeyutils.so.1.4
7f3f5dbea000-7f3f5dbeb000 r--p 00002000 08:02 1445929                    /lib/x86_64-linux-gnu/libkeyutils.so.1.4
7f3f5dbeb000-7f3f5dbec000 rw-p 00003000 08:02 1445929                    /lib/x86_64-linux-gnu/libkeyutils.so.1.4
7f3f5dbf0000-7f3f5dc2d000 r-xp 00000000 08:02 1445990                    /lib/x86_64-linux-gnu/libpcre.so.3.13.1
7f3f5dc2d000-7f3f5de2c000 ---p 0003d000 08:02 1445990                    /lib/x86_64-linux-gnu/libpcre.so.3.13.1
7f3f5de2c000-7f3f5de2d000 r--p 0003c000 08:02 1445990                    /lib/x86_64-linux-gnu/libpcre.so.3.13.1
7f3f5de2d000-7f3f5de2e000 rw-p 0003d000 08:02 1445990                    /lib/x86_64-linux-gnu/libpcre.so.3.13.1
7f3f5de30000-7f3f5de55000 r-xp 00000000 08:02 1446002                    /lib/x86_64-linux-gnu/libpng12.so.0.50.0
7f3f5de55000-7f3f5e054000 ---p 00025000 08:02 1446002                    /lib/x86_64-linux-gnu/libpng12.so.0.50.0
7f3f5e054000-7f3f5e055000 r--p 00024000 08:02 1446002                    /lib/x86_64-linux-gnu/libpng12.so.0.50.0
7f3f5e055000-7f3f5e056000 rw-p 00025000 08:02 1446002                    /lib/x86_64-linux-gnu/libpng12.so.0.50.0
7f3f5e058000-7f3f5e09c000 r-xp 00000000 08:02 1444769                    /lib/x86_64-linux-gnu/libdbus-1.so.3.7.6
7f3f5e09c000-7f3f5e29b000 ---p 00044000 08:02 1444769                    /lib/x86_64-linux-gnu/libdbus-1.so.3.7.6
7f3f5e29b000-7f3f5e29c000 r--p 00043000 08:02 1444769                    /lib/x86_64-linux-gnu/libdbus-1.so.3.7.6
7f3f5e29c000-7f3f5e29d000 rw-p 00044000 08:02 1444769                    /lib/x86_64-linux-gnu/libdbus-1.so.3.7.6
7f3f5e2a0000-7f3f5e2db000 r-xp 00000000 08:02 1188762                    /usr/lib/x86_64-linux-gnu/libp11-kit.so.0.0.0
7f3f5e2db000-7f3f5e4da000 ---p 0003b000 08:02 1188762                    /usr/lib/x86_64-linux-gnu/libp11-kit.so.0.0.0
7f3f5e4da000-7f3f5e4e0000 r--p 0003a000 08:02 1188762                    /usr/lib/x86_64-linux-gnu/libp11-kit.so.0.0.0
7f3f5e4e0000-7f3f5e4e2000 rw-p 00040000 08:02 1188762                    /usr/lib/x86_64-linux-gnu/libp11-kit.so.0.0.0
7f3f5e4e8000-7f3f5e4fa000 r-xp 00000000 08:02 1190002                    /usr/lib/x86_64-linux-gnu/libtasn1.so.6.2.0
7f3f5e4fa000-7f3f5e6fa000 ---p 00012000 08:02 1190002                    /usr/lib/x86_64-linux-gnu/libtasn1.so.6.2.0
7f3f5e6fa000-7f3f5e6fb000 r--p 00012000 08:02 1190002                    /usr/lib/x86_64-linux-gnu/libtasn1.so.6.2.0
7f3f5e6fb000-7f3f5e6fc000 rw-p 00013000 08:02 1190002                    /usr/lib/x86_64-linux-gnu/libtasn1.so.6.2.0
7f3f5e700000-7f3f5e77c000 r-xp 00000000 08:02 1443002                    /lib/x86_64-linux-gnu/libgcrypt.so.11.8.2
7f3f5e77c000-7f3f5e97c000 ---p 0007c000 08:02 1443002                    /lib/x86_64-linux-gnu/libgcrypt.so.11.8.2
7f3f5e97c000-7f3f5e97d000 r--p 0007c000 08:02 1443002                    /lib/x86_64-linux-gnu/libgcrypt.so.11.8.2
7f3f5e97d000-7f3f5e980000 rw-p 0007d000 08:02 1443002                    /lib/x86_64-linux-gnu/libgcrypt.so.11.8.2
7f3f5e980000-7f3f5e98a000 r-xp 00000000 08:02 1185597                    /usr/lib/x86_64-linux-gnu/libkrb5support.so.0.1
7f3f5e98a000-7f3f5eb89000 ---p 0000a000 08:02 1185597                    /usr/lib/x86_64-linux-gnu/libkrb5support.so.0.1
7f3f5eb89000-7f3f5eb8a000 r--p 00009000 08:02 1185597                    /usr/lib/x86_64-linux-gnu/libkrb5support.so.0.1
7f3f5eb8a000-7f3f5eb8b000 rw-p 0000a000 08:02 1185597                    /usr/lib/x86_64-linux-gnu/libkrb5support.so.0.1
7f3f5eb90000-7f3f5eb93000 r-xp 00000000 08:02 1444828                    /lib/x86_64-linux-gnu/libcom_err.so.2.1
7f3f5eb93000-7f3f5ed92000 ---p 00003000 08:02 1444828                    /lib/x86_64-linux-gnu/libcom_err.so.2.1
7f3f5ed92000-7f3f5ed93000 r--p 00002000 08:02 1444828                    /lib/x86_64-linux-gnu/libcom_err.so.2.1
7f3f5ed93000-7f3f5ed94000 rw-p 00003000 08:02 1444828                    /lib/x86_64-linux-gnu/libcom_err.so.2.1
7f3f5ed98000-7f3f5edc4000 r-xp 00000000 08:02 1180183                    /usr/lib/x86_64-linux-gnu/libk5crypto.so.3.1
7f3f5edc4000-7f3f5efc3000 ---p 0002c000 08:02 1180183                    /usr/lib/x86_64-linux-gnu/libk5crypto.so.3.1
7f3f5efc3000-7f3f5efc5000 r--p 0002b000 08:02 1180183                    /usr/lib/x86_64-linux-gnu/libk5crypto.so.3.1
7f3f5efc5000-7f3f5efc6000 rw-p 0002d000 08:02 1180183                    /usr/lib/x86_64-linux-gnu/libk5crypto.so.3.1
7f3f5efc6000-7f3f5efc7000 rw-p 00000000 00:00 0 
7f3f5efc8000-7f3f5f084000 r-xp 00000000 08:02 1185595                    /usr/lib/x86_64-linux-gnu/libkrb5.so.3.3
7f3f5f084000-7f3f5f284000 ---p 000bc000 08:02 1185595                    /usr/lib/x86_64-linux-gnu/libkrb5.so.3.3
7f3f5f284000-7f3f5f291000 r--p 000bc000 08:02 1185595                    /usr/lib/x86_64-linux-gnu/libkrb5.so.3.3
7f3f5f291000-7f3f5f293000 rw-p 000c9000 08:02 1185595                    /usr/lib/x86_64-linux-gnu/libkrb5.so.3.3
7f3f5f298000-7f3f5f29d000 r-xp 00000000 08:02 1187928                    /usr/lib/x86_64-linux-gnu/libXdmcp.so.6.0.0
7f3f5f29d000-7f3f5f49c000 ---p 00005000 08:02 1187928                    /usr/lib/x86_64-linux-gnu/libXdmcp.so.6.0.0
7f3f5f49c000-7f3f5f49d000 r--p 00004000 08:02 1187928                    /usr/lib/x86_64-linux-gnu/libXdmcp.so.6.0.0
7f3f5f49d000-7f3f5f49e000 rw-p 00005000 08:02 1187928                    /usr/lib/x86_64-linux-gnu/libXdmcp.so.6.0.0
7f3f5f4a0000-7f3f5f4a2000 r-xp 00000000 08:02 1187917                    /usr/lib/x86_64-linux-gnu/libXau.so.6.0.0
7f3f5f4a2000-7f3f5f6a2000 ---p 00002000 08:02 1187917                    /usr/lib/x86_64-linux-gnu/libXau.so.6.0.0
7f3f5f6a2000-7f3f5f6a3000 r--p 00002000 08:02 1187917                    /usr/lib/x86_64-linux-gnu/libXau.so.6.0.0
7f3f5f6a3000-7f3f5f6a4000 rw-p 00003000 08:02 1187917                    /usr/lib/x86_64-linux-gnu/libXau.so.6.0.0
7f3f5f6a8000-7f3f5f6af000 r-xp 00000000 08:02 1188226                    /usr/lib/x86_64-linux-gnu/libffi.so.6.0.1
7f3f5f6af000-7f3f5f8ae000 ---p 00007000 08:02 1188226                    /usr/lib/x86_64-linux-gnu/libffi.so.6.0.1
7f3f5f8ae000-7f3f5f8af000 r--p 00006000 08:02 1188226                    /usr/lib/x86_64-linux-gnu/libffi.so.6.0.1
7f3f5f8af000-7f3f5f8b0000 rw-p 00007000 08:02 1188226                    /usr/lib/x86_64-linux-gnu/libffi.so.6.0.1
7f3f5f8b0000-7f3f5f8c7000 r-xp 00000000 08:02 1441817                    /lib/x86_64-linux-gnu/libresolv-2.19.so
7f3f5f8c7000-7f3f5fac7000 ---p 00017000 08:02 1441817                    /lib/x86_64-linux-gnu/libresolv-2.19.so
7f3f5fac7000-7f3f5fac8000 r--p 00017000 08:02 1441817                    /lib/x86_64-linux-gnu/libresolv-2.19.so
7f3f5fac8000-7f3f5fac9000 rw-p 00018000 08:02 1441817                    /lib/x86_64-linux-gnu/libresolv-2.19.so
7f3f5fac9000-7f3f5facb000 rw-p 00000000 00:00 0 
7f3f5fad0000-7f3f5faf0000 r-xp 00000000 08:02 1441806                    /lib/x86_64-linux-gnu/libselinux.so.1
7f3f5faf0000-7f3f5fcef000 ---p 00020000 08:02 1441806                    /lib/x86_64-linux-gnu/libselinux.so.1
7f3f5fcef000-7f3f5fcf0000 r--p 0001f000 08:02 1441806                    /lib/x86_64-linux-gnu/libselinux.so.1
7f3f5fcf0000-7f3f5fcf1000 rw-p 00020000 08:02 1441806                    /lib/x86_64-linux-gnu/libselinux.so.1
7f3f5fcf1000-7f3f5fcf3000 rw-p 00000000 00:00 0 
7f3f5fcf8000-7f3f5fdfe000 r-xp 00000000 08:02 1443043                    /lib/x86_64-linux-gnu/libglib-2.0.so.0.4002.0
7f3f5fdfe000-7f3f5fffd000 ---p 00106000 08:02 1443043                    /lib/x86_64-linux-gnu/libglib-2.0.so.0.4002.0
7f3f5fffd000-7f3f5fffe000 r--p 00105000 08:02 1443043                    /lib/x86_64-linux-gnu/libglib-2.0.so.0.4002.0
7f3f5fffe000-7f3f5ffff000 rw-p 00106000 08:02 1443043                    /lib/x86_64-linux-gnu/libglib-2.0.so.0.4002.0
7f3f5ffff000-7f3f60000000 rw-p 00000000 00:00 0 
7f3f60000000-7f3f60987000 rw-p 00000000 00:00 0 
7f3f60987000-7f3f64000000 ---p 00000000 00:00 0 
7f3f64000000-7f3f64021000 rw-p 00000000 00:00 0 
7f3f64021000-7f3f68000000 ---p 00000000 00:00 0 
7f3f68000000-7f3f68021000 rw-p 00000000 00:00 0 
7f3f68021000-7f3f6c000000 ---p 00000000 00:00 0 
7f3f6c000000-7f3f6c556000 rw-p 00000000 00:00 0 
7f3f6c556000-7f3f70000000 ---p 00000000 00:00 0 
7f3f70000000-7f3f70021000 rw-p 00000000 00:00 0 
7f3f70021000-7f3f74000000 ---p 00000000 00:00 0 
7f3f74000000-7f3f74021000 rw-p 00000000 00:00 0 
7f3f74021000-7f3f78000000 ---p 00000000 00:00 0 
7f3f78000000-7f3f78139000 rw-p 00000000 00:00 0 
7f3f78139000-7f3f7c000000 ---p 00000000 00:00 0 
7f3f7c000000-7f3f7c021000 rw-p 00000000 00:00 0 
7f3f7c021000-7f3f80000000 ---p 00000000 00:00 0 
7f3f80000000-7f3f80001000 r--s 00000000 08:02 2756953                    /var/cache/fontconfig/0c9eb80ebd1c36541ebe2852d3bb0c49-le64.cache-4
7f3f80017000-7f3f8001a000 ---p 00000000 00:00 0 
7f3f8001a000-7f3f80118000 rw-p 00000000 00:00 0                          [stack:13189]
7f3f80118000-7f3f8011b000 r-xp 00000000 08:02 1181655                    /usr/lib/x86_64-linux-gnu/libgmodule-2.0.so.0.4002.0
7f3f8011b000-7f3f8031a000 ---p 00003000 08:02 1181655                    /usr/lib/x86_64-linux-gnu/libgmodule-2.0.so.0.4002.0
7f3f8031a000-7f3f8031b000 r--p 00002000 08:02 1181655                    /usr/lib/x86_64-linux-gnu/libgmodule-2.0.so.0.4002.0
7f3f8031b000-7f3f8031c000 rw-p 00003000 08:02 1181655                    /usr/lib/x86_64-linux-gnu/libgmodule-2.0.so.0.4002.0
7f3f80320000-7f3f80347000 r-xp 00000000 08:02 1445908                    /lib/x86_64-linux-gnu/libexpat.so.1.6.0
7f3f80347000-7f3f80547000 ---p 00027000 08:02 1445908                    /lib/x86_64-linux-gnu/libexpat.so.1.6.0
7f3f80547000-7f3f80549000 r--p 00027000 08:02 1445908                    /lib/x86_64-linux-gnu/libexpat.so.1.6.0
7f3f80549000-7f3f8054a000 rw-p 00029000 08:02 1445908                    /lib/x86_64-linux-gnu/libexpat.so.1.6.0
7f3f80550000-7f3f805ed000 r-xp 00000000 08:02 1180395                    /usr/lib/x86_64-linux-gnu/libfreetype.so.6.11.1
7f3f805ed000-7f3f807ec000 ---p 0009d000 08:02 1180395                    /usr/lib/x86_64-linux-gnu/libfreetype.so.6.11.1
7f3f807ec000-7f3f807f2000 r--p 0009c000 08:02 1180395                    /usr/lib/x86_64-linux-gnu/libfreetype.so.6.11.1
7f3f807f2000-7f3f807f3000 rw-p 000a2000 08:02 1180395                    /usr/lib/x86_64-linux-gnu/libfreetype.so.6.11.1
7f3f807f8000-7f3f80807000 r-xp 00000000 08:02 1188021                    /usr/lib/x86_64-linux-gnu/libavahi-client.so.3.2.9
7f3f80807000-7f3f80a07000 ---p 0000f000 08:02 1188021                    /usr/lib/x86_64-linux-gnu/libavahi-client.so.3.2.9
7f3f80a07000-7f3f80a08000 r--p 0000f000 08:02 1188021                    /usr/lib/x86_64-linux-gnu/libavahi-client.so.3.2.9
7f3f80a08000-7f3f80a09000 rw-p 00010000 08:02 1188021                    /usr/lib/x86_64-linux-gnu/libavahi-client.so.3.2.9
7f3f80a10000-7f3f80a1b000 r-xp 00000000 08:02 1188023                    /usr/lib/x86_64-linux-gnu/libavahi-common.so.3.5.3
7f3f80a1b000-7f3f80c1a000 ---p 0000b000 08:02 1188023                    /usr/lib/x86_64-linux-gnu/libavahi-common.so.3.5.3
7f3f80c1a000-7f3f80c1b000 r--p 0000a000 08:02 1188023                    /usr/lib/x86_64-linux-gnu/libavahi-common.so.3.5.3
7f3f80c1b000-7f3f80c1c000 rw-p 0000b000 08:02 1188023                    /usr/lib/x86_64-linux-gnu/libavahi-common.so.3.5.3
7f3f80c20000-7f3f80cd6000 r-xp 00000000 08:02 1183583                    /usr/lib/x86_64-linux-gnu/libgnutls.so.26.22.6
7f3f80cd6000-7f3f80ed6000 ---p 000b6000 08:02 1183583                    /usr/lib/x86_64-linux-gnu/libgnutls.so.26.22.6
7f3f80ed6000-7f3f80edc000 r--p 000b6000 08:02 1183583                    /usr/lib/x86_64-linux-gnu/libgnutls.so.26.22.6
7f3f80edc000-7f3f80edd000 rw-p 000bc000 08:02 1183583                    /usr/lib/x86_64-linux-gnu/libgnutls.so.26.22.6
7f3f80edd000-7f3f80ede000 rw-p 00000000 00:00 0 
7f3f80ee0000-7f3f80f23000 r-xp 00000000 08:02 1182323                    /usr/lib/x86_64-linux-gnu/libgssapi_krb5.so.2.2
7f3f80f23000-7f3f81123000 ---p 00043000 08:02 1182323                    /usr/lib/x86_64-linux-gnu/libgssapi_krb5.so.2.2
7f3f81123000-7f3f81124000 r--p 00043000 08:02 1182323                    /usr/lib/x86_64-linux-gnu/libgssapi_krb5.so.2.2
7f3f81124000-7f3f81126000 rw-p 00044000 08:02 1182323                    /usr/lib/x86_64-linux-gnu/libgssapi_krb5.so.2.2
7f3f81128000-7f3f81145000 r-xp 00000000 08:02 1189092                    /usr/lib/x86_64-linux-gnu/libxcb.so.1.1.0
7f3f81145000-7f3f81345000 ---p 0001d000 08:02 1189092                    /usr/lib/x86_64-linux-gnu/libxcb.so.1.1.0
7f3f81345000-7f3f81346000 r--p 0001d000 08:02 1189092                    /usr/lib/x86_64-linux-gnu/libxcb.so.1.1.0
7f3f81346000-7f3f81347000 rw-p 0001e000 08:02 1189092                    /usr/lib/x86_64-linux-gnu/libxcb.so.1.1.0
7f3f81348000-7f3f81397000 r-xp 00000000 08:02 1181657                    /usr/lib/x86_64-linux-gnu/libgobject-2.0.so.0.4002.0
7f3f81397000-7f3f81597000 ---p 0004f000 08:02 1181657                    /usr/lib/x86_64-linux-gnu/libgobject-2.0.so.0.4002.0
7f3f81597000-7f3f81598000 r--p 0004f000 08:02 1181657                    /usr/lib/x86_64-linux-gnu/libgobject-2.0.so.0.4002.0
7f3f81598000-7f3f81599000 rw-p 00050000 08:02 1181657                    /usr/lib/x86_64-linux-gnu/libgobject-2.0.so.0.4002.0
7f3f815a0000-7f3f8170c000 r-xp 00000000 08:02 1181661                    /usr/lib/x86_64-linux-gnu/libgio-2.0.so.0.4002.0
7f3f8170c000-7f3f8190b000 ---p 0016c000 08:02 1181661                    /usr/lib/x86_64-linux-gnu/libgio-2.0.so.0.4002.0
7f3f8190b000-7f3f8190f000 r--p 0016b000 08:02 1181661                    /usr/lib/x86_64-linux-gnu/libgio-2.0.so.0.4002.0
7f3f8190f000-7f3f81911000 rw-p 0016f000 08:02 1181661                    /usr/lib/x86_64-linux-gnu/libgio-2.0.so.0.4002.0
7f3f81911000-7f3f81913000 rw-p 00000000 00:00 0 
7f3f81918000-7f3f81952000 r-xp 00000000 08:02 1196543                    /usr/lib/x86_64-linux-gnu/libfontconfig.so.1.8.0
7f3f81952000-7f3f81b51000 ---p 0003a000 08:02 1196543                    /usr/lib/x86_64-linux-gnu/libfontconfig.so.1.8.0
7f3f81b51000-7f3f81b53000 r--p 00039000 08:02 1196543                    /usr/lib/x86_64-linux-gnu/libfontconfig.so.1.8.0
7f3f81b53000-7f3f81b54000 rw-p 0003b000 08:02 1196543                    /usr/lib/x86_64-linux-gnu/libfontconfig.so.1.8.0
7f3f81b58000-7f3f81bc4000 r-xp 00000000 08:02 1180391                    /usr/lib/x86_64-linux-gnu/libcups.so.2
7f3f81bc4000-7f3f81dc4000 ---p 0006c000 08:02 1180391                    /usr/lib/x86_64-linux-gnu/libcups.so.2
7f3f81dc4000-7f3f81dcb000 r--p 0006c000 08:02 1180391                    /usr/lib/x86_64-linux-gnu/libcups.so.2
7f3f81dcb000-7f3f81dcc000 rw-p 00073000 08:02 1180391                    /usr/lib/x86_64-linux-gnu/libcups.so.2
7f3f81dd0000-7f3f81ddf000 r-xp 00000000 08:02 1188440                    /usr/lib/x86_64-linux-gnu/libXi.so.6.1.0
7f3f81ddf000-7f3f81fde000 ---p 0000f000 08:02 1188440                    /usr/lib/x86_64-linux-gnu/libXi.so.6.1.0
7f3f81fde000-7f3f81fdf000 r--p 0000e000 08:02 1188440                    /usr/lib/x86_64-linux-gnu/libXi.so.6.1.0
7f3f81fdf000-7f3f81fe0000 rw-p 0000f000 08:02 1188440                    /usr/lib/x86_64-linux-gnu/libXi.so.6.1.0
7f3f81fe0000-7f3f81fe5000 r-xp 00000000 08:02 1187956                    /usr/lib/x86_64-linux-gnu/libXtst.so.6.1.0
7f3f81fe5000-7f3f821e4000 ---p 00005000 08:02 1187956                    /usr/lib/x86_64-linux-gnu/libXtst.so.6.1.0
7f3f821e4000-7f3f821e5000 r--p 00004000 08:02 1187956                    /usr/lib/x86_64-linux-gnu/libXtst.so.6.1.0
7f3f821e5000-7f3f821e6000 rw-p 00005000 08:02 1187956                    /usr/lib/x86_64-linux-gnu/libXtst.so.6.1.0
7f3f821e8000-7f3f821f1000 r-xp 00000000 08:02 1190129                    /usr/lib/x86_64-linux-gnu/libXrender.so.1.3.0
7f3f821f1000-7f3f823f0000 ---p 00009000 08:02 1190129                    /usr/lib/x86_64-linux-gnu/libXrender.so.1.3.0
7f3f823f0000-7f3f823f1000 r--p 00008000 08:02 1190129                    /usr/lib/x86_64-linux-gnu/libXrender.so.1.3.0
7f3f823f1000-7f3f823f2000 rw-p 00009000 08:02 1190129                    /usr/lib/x86_64-linux-gnu/libXrender.so.1.3.0
7f3f823f8000-7f3f82528000 r-xp 00000000 08:02 1187913                    /usr/lib/x86_64-linux-gnu/libX11.so.6.3.0
7f3f82528000-7f3f82728000 ---p 00130000 08:02 1187913                    /usr/lib/x86_64-linux-gnu/libX11.so.6.3.0
7f3f82728000-7f3f82729000 r--p 00130000 08:02 1187913                    /usr/lib/x86_64-linux-gnu/libX11.so.6.3.0
7f3f82729000-7f3f8272d000 rw-p 00131000 08:02 1187913                    /usr/lib/x86_64-linux-gnu/libX11.so.6.3.0
7f3f82730000-7f3f82741000 r-xp 00000000 08:02 1190118                    /usr/lib/x86_64-linux-gnu/libXext.so.6.4.0
7f3f82741000-7f3f82940000 ---p 00011000 08:02 1190118                    /usr/lib/x86_64-linux-gnu/libXext.so.6.4.0
7f3f82940000-7f3f82941000 r--p 00010000 08:02 1190118                    /usr/lib/x86_64-linux-gnu/libXext.so.6.4.0
7f3f82941000-7f3f82942000 rw-p 00011000 08:02 1190118                    /usr/lib/x86_64-linux-gnu/libXext.so.6.4.0
7f3f8294d000-7f3f82952000 r--s 0004d000 08:02 1310924                    /usr/lib/jvm/java-7-openjdk-amd64/jre/lib/jsse.jar
7f3f82953000-7f3f8295d000 r--s 00203000 08:02 1310919                    /usr/lib/jvm/java-7-openjdk-amd64/jre/lib/charsets.jar
7f3f82960000-7f3f82967000 r--s 00000000 08:02 1713734                    /usr/lib/x86_64-linux-gnu/gconv/gconv-modules.cache
7f3f82968000-7f3f829b0000 r-xp 00000000 08:02 1311229                    /usr/lib/jvm/java-7-openjdk-amd64/jre/lib/amd64/xawt/libmawt.so
7f3f829b0000-7f3f82baf000 ---p 00048000 08:02 1311229                    /usr/lib/jvm/java-7-openjdk-amd64/jre/lib/amd64/xawt/libmawt.so
7f3f82baf000-7f3f82bb0000 r--p 00047000 08:02 1311229                    /usr/lib/jvm/java-7-openjdk-amd64/jre/lib/amd64/xawt/libmawt.so
7f3f82bb0000-7f3f82bb3000 rw-p 00048000 08:02 1311229                    /usr/lib/jvm/java-7-openjdk-amd64/jre/lib/amd64/xawt/libmawt.so
7f3f82bb3000-7f3f82bb4000 rw-p 00000000 00:00 0 
7f3f82bb8000-7f3f82c58000 r-xp 00000000 08:02 1317752                    /usr/lib/jvm/java-7-openjdk-amd64/jre/lib/amd64/libawt.so
7f3f82c58000-7f3f82e58000 ---p 000a0000 08:02 1317752                    /usr/lib/jvm/java-7-openjdk-amd64/jre/lib/amd64/libawt.so
7f3f82e58000-7f3f82e59000 r--p 000a0000 08:02 1317752                    /usr/lib/jvm/java-7-openjdk-amd64/jre/lib/amd64/libawt.so
7f3f82e59000-7f3f82e64000 rw-p 000a1000 08:02 1317752                    /usr/lib/jvm/java-7-openjdk-amd64/jre/lib/amd64/libawt.so
7f3f82e64000-7f3f82e89000 rw-p 00000000 00:00 0 
7f3f82e8e000-7f3f82e98000 r--s 000ae000 08:02 1310920                    /usr/lib/jvm/java-7-openjdk-amd64/jre/lib/resources.jar
7f3f82e9e000-7f3f82ea2000 r--s 000a6000 08:02 2901832                    /home/xrousakis/.m2/repository/net/java/dev/jna/jna/3.5.1/jna-3.5.1.jar
7f3f82ea3000-7f3f82ea5000 r--s 0000b000 08:02 2105256                    /home/xrousakis/.m2/repository/com/github/tulskiy/jkeymaster/1.1/jkeymaster-1.1.jar
7f3f82ea9000-7f3f82eab000 r--s 00029000 08:02 2244940                    /home/xrousakis/.m2/repository/org/bytedeco/javacpp-presets/artoolkitplus/2.3.0-0.8/artoolkitplus-2.3.0-0.8-linux-x86_64.jar
7f3f82eb0000-7f3f82eb1000 r--s 00000000 08:02 2244936                    /home/xrousakis/.m2/repository/org/bytedeco/javacpp-presets/videoinput/0.200-0.8/videoinput-0.200-0.8-linux-x86_64.jar
7f3f82eb2000-7f3f82eb4000 r--s 00012000 08:02 2244934                    /home/xrousakis/.m2/repository/org/bytedeco/javacpp-presets/libfreenect/0.4-0.8/libfreenect-0.4-0.8-linux-x86_64.jar
7f3f82eb7000-7f3f82eb8000 r--s 00027000 08:02 2244931                    /home/xrousakis/.m2/repository/org/bytedeco/javacpp-presets/libdc1394/2.2.2-0.8/libdc1394-2.2.2-0.8-linux-x86_64.jar
7f3f82eb8000-7f3f82eb9000 r--s 00000000 08:02 2244929                    /home/xrousakis/.m2/repository/org/bytedeco/javacpp-presets/flycapture/1.7.17-0.8/flycapture-1.7.17-0.8-linux-x86_64.jar
7f3f82ebf000-7f3f82ec1000 r--s 0061f000 08:02 2244944                    /home/xrousakis/.m2/repository/org/bytedeco/javacpp-presets/ffmpeg/2.2.1-0.8/ffmpeg-2.2.1-0.8-linux-x86_64.jar
7f3f82ec5000-7f3f82ec7000 r--s 00785000 08:02 2244956                    /home/xrousakis/.m2/repository/org/bytedeco/javacpp-presets/opencv/2.4.9-0.8/opencv-2.4.9-0.8-linux-x86_64.jar
7f3f82ecd000-7f3f82ece000 r--s 00005000 08:02 2244924                    /home/xrousakis/.m2/repository/org/bytedeco/javacpp-presets/artoolkitplus/2.3.0-0.8/artoolkitplus-2.3.0-0.8.jar
7f3f82ed3000-7f3f82ed4000 r--s 00003000 08:02 2244923                    /home/xrousakis/.m2/repository/org/bytedeco/javacpp-presets/videoinput/0.200-0.8/videoinput-0.200-0.8.jar
7f3f82ed4000-7f3f82ed6000 r--s 00004000 08:02 2244920                    /home/xrousakis/.m2/repository/org/bytedeco/javacpp-presets/libfreenect/0.4-0.8/libfreenect-0.4-0.8.jar
7f3f82ed6000-7f3f82ed8000 r--s 00006000 08:02 2244916                    /home/xrousakis/.m2/repository/org/bytedeco/javacpp-presets/libdc1394/2.2.2-0.8/libdc1394-2.2.2-0.8.jar
7f3f82edc000-7f3f82ede000 r--s 00004000 08:02 2244911                    /home/xrousakis/.m2/repository/org/bytedeco/javacpp-presets/flycapture/1.7.17-0.8/flycapture-1.7.17-0.8.jar
7f3f82ede000-7f3f82ee4000 r--s 0002e000 08:02 2244912                    /home/xrousakis/.m2/repository/org/bytedeco/javacpp-presets/ffmpeg/2.2.1-0.8/ffmpeg-2.2.1-0.8.jar
7f3f82eea000-7f3f82efc000 r--s 000b2000 08:02 2244913                    /home/xrousakis/.m2/repository/org/bytedeco/javacpp-presets/opencv/2.4.9-0.8/opencv-2.4.9-0.8.jar
7f3f82f02000-7f3f82f06000 r--s 0002a000 08:02 2244914                    /home/xrousakis/.m2/repository/org/bytedeco/javacpp/0.8/javacpp-0.8.jar
7f3f82f0c000-7f3f82f11000 r--s 0004c000 08:02 2244918                    /home/xrousakis/.m2/repository/org/bytedeco/javacv/0.8/javacv-0.8.jar
7f3f82f12000-7f3f82f13000 r--s 00002000 08:02 1310936                    /usr/lib/jvm/java-7-openjdk-amd64/jre/lib/ext/dnsns.jar
7f3f82f15000-7f3f82f19000 r--s 00085000 08:02 1310935                    /usr/lib/jvm/java-7-openjdk-amd64/jre/lib/ext/localedata.jar
7f3f82f1f000-7f3f82f22000 r--s 0000f000 08:02 1310939                    /usr/lib/jvm/java-7-openjdk-amd64/jre/lib/ext/icedtea-sound.jar
7f3f82f23000-7f3f82f24000 ---p 00000000 00:00 0 
7f3f82f24000-7f3f83024000 rw-p 00000000 00:00 0                          [stack:13188]
7f3f83024000-7f3f83027000 ---p 00000000 00:00 0 
7f3f83027000-7f3f83125000 rw-p 00000000 00:00 0                          [stack:13187]
7f3f83125000-7f3f83128000 ---p 00000000 00:00 0 
7f3f83128000-7f3f83226000 rw-p 00000000 00:00 0                          [stack:13186]
7f3f83226000-7f3f83229000 ---p 00000000 00:00 0 
7f3f83229000-7f3f83327000 rw-p 00000000 00:00 0                          [stack:13185]
7f3f83327000-7f3f8332a000 ---p 00000000 00:00 0 
7f3f8332a000-7f3f83428000 rw-p 00000000 00:00 0                          [stack:13184]
7f3f83428000-7f3f836f2000 r--p 00000000 08:02 1186322                    /usr/lib/locale/locale-archive
7f3f836f7000-7f3f836fa000 ---p 00000000 00:00 0 
7f3f836fa000-7f3f837f8000 rw-p 00000000 00:00 0                          [stack:13183]
7f3f837f8000-7f3f837fb000 ---p 00000000 00:00 0 
7f3f837fb000-7f3f838f9000 rw-p 00000000 00:00 0                          [stack:13182]
7f3f838f9000-7f3f838fa000 ---p 00000000 00:00 0 
7f3f838fa000-7f3f84000000 rw-p 00000000 00:00 0                          [stack:13181]
7f3f84000000-7f3f84021000 rw-p 00000000 00:00 0 
7f3f84021000-7f3f88000000 ---p 00000000 00:00 0 
7f3f88004000-7f3f88008000 r--s 0003c000 08:02 1310938                    /usr/lib/jvm/java-7-openjdk-amd64/jre/lib/ext/sunpkcs11.jar
7f3f8800b000-7f3f88399000 rw-p 00000000 00:00 0 
7f3f88399000-7f3f8854a000 r--s 01d29000 08:02 1310916                    /usr/lib/jvm/java-7-openjdk-amd64/jre/lib/rt.jar
7f3f8854f000-7f3f8c6ce000 rw-p 00000000 00:00 0 
7f3f8c6ce000-7f3f8c6cf000 ---p 00000000 00:00 0 
7f3f8c6cf000-7f3f8c7f4000 rw-p 00000000 00:00 0                          [stack:13180]
7f3f8c7f4000-7f3f8ca21000 rw-p 00000000 00:00 0 
7f3f8ca21000-7f3f8ca2c000 rw-p 00000000 00:00 0 
7f3f8ca2c000-7f3f8ca74000 rw-p 00000000 00:00 0 
7f3f8ca74000-7f3f8ca99000 rw-p 00000000 00:00 0 
7f3f8ca99000-7f3f8ccc6000 rw-p 00000000 00:00 0 
7f3f8ccc6000-7f3f8ccd9000 rw-p 00000000 00:00 0 
7f3f8ccd9000-7f3f8cdef000 rw-p 00000000 00:00 0 
7f3f8cdef000-7f3f8cdf0000 rw-p 00000000 00:00 0 
7f3f8cdf0000-7f3f8d060000 rwxp 00000000 00:00 0 
7f3f8d060000-7f3f8fdf0000 rw-p 00000000 00:00 0 
7f3f8fdf0000-7f3f8fdf8000 r-xp 00000000 08:02 1310955                    /usr/lib/jvm/java-7-openjdk-amd64/jre/lib/amd64/libzip.so
7f3f8fdf8000-7f3f8fff7000 ---p 00008000 08:02 1310955                    /usr/lib/jvm/java-7-openjdk-amd64/jre/lib/amd64/libzip.so
7f3f8fff7000-7f3f8fff8000 r--p 00007000 08:02 1310955                    /usr/lib/jvm/java-7-openjdk-amd64/jre/lib/amd64/libzip.so
7f3f8fff8000-7f3f8fff9000 rw-p 00008000 08:02 1310955                    /usr/lib/jvm/java-7-openjdk-amd64/jre/lib/amd64/libzip.so
7f3f90000000-7f3f90552000 rw-p 00000000 00:00 0 
7f3f90552000-7f3f94000000 ---p 00000000 00:00 0 
7f3f94006000-7f3f94008000 r--s 00006000 08:02 1842397                    /usr/share/java/java-atk-wrapper.jar
7f3f9400c000-7f3f94010000 r--s 00034000 08:02 1310937                    /usr/lib/jvm/java-7-openjdk-amd64/jre/lib/ext/sunjce_provider.jar
7f3f94012000-7f3f94014000 r--s 00012000 08:02 1310942                    /usr/lib/jvm/java-7-openjdk-amd64/jre/lib/ext/zipfs.jar
7f3f9401b000-7f3f94064000 rw-p 00000000 00:00 0 
7f3f94064000-7f3f94065000 ---p 00000000 00:00 0 
7f3f94065000-7f3f94170000 rw-p 00000000 00:00 0                          [stack:13179]
7f3f94170000-7f3f941b8000 rw-p 00000000 00:00 0 
7f3f941b8000-7f3f941c3000 r-xp 00000000 08:02 1444608                    /lib/x86_64-linux-gnu/libnss_files-2.19.so
7f3f941c3000-7f3f943c2000 ---p 0000b000 08:02 1444608                    /lib/x86_64-linux-gnu/libnss_files-2.19.so
7f3f943c2000-7f3f943c3000 r--p 0000a000 08:02 1444608                    /lib/x86_64-linux-gnu/libnss_files-2.19.so
7f3f943c3000-7f3f943c4000 rw-p 0000b000 08:02 1444608                    /lib/x86_64-linux-gnu/libnss_files-2.19.so
7f3f943c8000-7f3f943d3000 r-xp 00000000 08:02 1444820                    /lib/x86_64-linux-gnu/libnss_nis-2.19.so
7f3f943d3000-7f3f945d2000 ---p 0000b000 08:02 1444820                    /lib/x86_64-linux-gnu/libnss_nis-2.19.so
7f3f945d2000-7f3f945d3000 r--p 0000a000 08:02 1444820                    /lib/x86_64-linux-gnu/libnss_nis-2.19.so
7f3f945d3000-7f3f945d4000 rw-p 0000b000 08:02 1444820                    /lib/x86_64-linux-gnu/libnss_nis-2.19.so
7f3f945d8000-7f3f945ef000 r-xp 00000000 08:02 1444807                    /lib/x86_64-linux-gnu/libnsl-2.19.so
7f3f945ef000-7f3f947ee000 ---p 00017000 08:02 1444807                    /lib/x86_64-linux-gnu/libnsl-2.19.so
7f3f947ee000-7f3f947ef000 r--p 00016000 08:02 1444807                    /lib/x86_64-linux-gnu/libnsl-2.19.so
7f3f947ef000-7f3f947f0000 rw-p 00017000 08:02 1444807                    /lib/x86_64-linux-gnu/libnsl-2.19.so
7f3f947f0000-7f3f947f2000 rw-p 00000000 00:00 0 
7f3f947f8000-7f3f94801000 r-xp 00000000 08:02 1444806                    /lib/x86_64-linux-gnu/libnss_compat-2.19.so
7f3f94801000-7f3f94a00000 ---p 00009000 08:02 1444806                    /lib/x86_64-linux-gnu/libnss_compat-2.19.so
7f3f94a00000-7f3f94a01000 r--p 00008000 08:02 1444806                    /lib/x86_64-linux-gnu/libnss_compat-2.19.so
7f3f94a01000-7f3f94a02000 rw-p 00009000 08:02 1444806                    /lib/x86_64-linux-gnu/libnss_compat-2.19.so
7f3f94a08000-7f3f94a33000 r-xp 00000000 08:02 1317774                    /usr/lib/jvm/java-7-openjdk-amd64/jre/lib/amd64/libjava.so
7f3f94a33000-7f3f94c32000 ---p 0002b000 08:02 1317774                    /usr/lib/jvm/java-7-openjdk-amd64/jre/lib/amd64/libjava.so
7f3f94c32000-7f3f94c33000 r--p 0002a000 08:02 1317774                    /usr/lib/jvm/java-7-openjdk-amd64/jre/lib/amd64/libjava.so
7f3f94c33000-7f3f94c35000 rw-p 0002b000 08:02 1317774                    /usr/lib/jvm/java-7-openjdk-amd64/jre/lib/amd64/libjava.so
7f3f94c38000-7f3f94c48000 r-xp 00000000 08:02 1317755                    /usr/lib/jvm/java-7-openjdk-amd64/jre/lib/amd64/libverify.so
7f3f94c48000-7f3f94e47000 ---p 00010000 08:02 1317755                    /usr/lib/jvm/java-7-openjdk-amd64/jre/lib/amd64/libverify.so
7f3f94e47000-7f3f94e49000 r--p 0000f000 08:02 1317755                    /usr/lib/jvm/java-7-openjdk-amd64/jre/lib/amd64/libverify.so
7f3f94e49000-7f3f94e4a000 rw-p 00011000 08:02 1317755                    /usr/lib/jvm/java-7-openjdk-amd64/jre/lib/amd64/libverify.so
7f3f94e50000-7f3f94e57000 r-xp 00000000 08:02 1444817                    /lib/x86_64-linux-gnu/librt-2.19.so
7f3f94e57000-7f3f95056000 ---p 00007000 08:02 1444817                    /lib/x86_64-linux-gnu/librt-2.19.so
7f3f95056000-7f3f95057000 r--p 00006000 08:02 1444817                    /lib/x86_64-linux-gnu/librt-2.19.so
7f3f95057000-7f3f95058000 rw-p 00007000 08:02 1444817                    /lib/x86_64-linux-gnu/librt-2.19.so
7f3f95058000-7f3f9506e000 r-xp 00000000 08:02 1441904                    /lib/x86_64-linux-gnu/libgcc_s.so.1
7f3f9506e000-7f3f9526d000 ---p 00016000 08:02 1441904                    /lib/x86_64-linux-gnu/libgcc_s.so.1
7f3f9526d000-7f3f9526e000 rw-p 00015000 08:02 1441904                    /lib/x86_64-linux-gnu/libgcc_s.so.1
7f3f95270000-7f3f95375000 r-xp 00000000 08:02 1443041                    /lib/x86_64-linux-gnu/libm-2.19.so
7f3f95375000-7f3f95574000 ---p 00105000 08:02 1443041                    /lib/x86_64-linux-gnu/libm-2.19.so
7f3f95574000-7f3f95575000 r--p 00104000 08:02 1443041                    /lib/x86_64-linux-gnu/libm-2.19.so
7f3f95575000-7f3f95576000 rw-p 00105000 08:02 1443041                    /lib/x86_64-linux-gnu/libm-2.19.so
7f3f95578000-7f3f9565e000 r-xp 00000000 08:02 1188933                    /usr/lib/x86_64-linux-gnu/libstdc++.so.6.0.19
7f3f9565e000-7f3f9585d000 ---p 000e6000 08:02 1188933                    /usr/lib/x86_64-linux-gnu/libstdc++.so.6.0.19
7f3f9585d000-7f3f95865000 r--p 000e5000 08:02 1188933                    /usr/lib/x86_64-linux-gnu/libstdc++.so.6.0.19
7f3f95865000-7f3f95867000 rw-p 000ed000 08:02 1188933                    /usr/lib/x86_64-linux-gnu/libstdc++.so.6.0.19
7f3f95867000-7f3f9587c000 rw-p 00000000 00:00 0 
7f3f95880000-7f3f96399000 r-xp 00000000 08:02 1317743                    /usr/lib/jvm/java-7-openjdk-amd64/jre/lib/amd64/server/libjvm.so
7f3f96399000-7f3f96599000 ---p 00b19000 08:02 1317743                    /usr/lib/jvm/java-7-openjdk-amd64/jre/lib/amd64/server/libjvm.so
7f3f96599000-7f3f96633000 r--p 00b19000 08:02 1317743                    /usr/lib/jvm/java-7-openjdk-amd64/jre/lib/amd64/server/libjvm.so
7f3f96633000-7f3f96656000 rw-p 00bb3000 08:02 1317743                    /usr/lib/jvm/java-7-openjdk-amd64/jre/lib/amd64/server/libjvm.so
7f3f96656000-7f3f96684000 rw-p 00000000 00:00 0 
7f3f96688000-7f3f966a0000 r-xp 00000000 08:02 1446050                    /lib/x86_64-linux-gnu/libz.so.1.2.8
7f3f966a0000-7f3f9689f000 ---p 00018000 08:02 1446050                    /lib/x86_64-linux-gnu/libz.so.1.2.8
7f3f9689f000-7f3f968a0000 r--p 00017000 08:02 1446050                    /lib/x86_64-linux-gnu/libz.so.1.2.8
7f3f968a0000-7f3f968a1000 rw-p 00018000 08:02 1446050                    /lib/x86_64-linux-gnu/libz.so.1.2.8
7f3f968a8000-7f3f968c1000 r-xp 00000000 08:02 1444815                    /lib/x86_64-linux-gnu/libpthread-2.19.so
7f3f968c1000-7f3f96ac0000 ---p 00019000 08:02 1444815                    /lib/x86_64-linux-gnu/libpthread-2.19.so
7f3f96ac0000-7f3f96ac1000 r--p 00018000 08:02 1444815                    /lib/x86_64-linux-gnu/libpthread-2.19.so
7f3f96ac1000-7f3f96ac2000 rw-p 00019000 08:02 1444815                    /lib/x86_64-linux-gnu/libpthread-2.19.so
7f3f96ac2000-7f3f96ac6000 rw-p 00000000 00:00 0 
7f3f96ac8000-7f3f96acb000 r-xp 00000000 08:02 1444799                    /lib/x86_64-linux-gnu/libdl-2.19.so
7f3f96acb000-7f3f96cca000 ---p 00003000 08:02 1444799                    /lib/x86_64-linux-gnu/libdl-2.19.so
7f3f96cca000-7f3f96ccb000 r--p 00002000 08:02 1444799                    /lib/x86_64-linux-gnu/libdl-2.19.so
7f3f96ccb000-7f3f96ccc000 rw-p 00003000 08:02 1444799                    /lib/x86_64-linux-gnu/libdl-2.19.so
7f3f96cd0000-7f3f96e8b000 r-xp 00000000 08:02 1444814                    /lib/x86_64-linux-gnu/libc-2.19.so
7f3f96e8b000-7f3f9708a000 ---p 001bb000 08:02 1444814                    /lib/x86_64-linux-gnu/libc-2.19.so
7f3f9708a000-7f3f9708e000 r--p 001ba000 08:02 1444814                    /lib/x86_64-linux-gnu/libc-2.19.so
7f3f9708e000-7f3f97090000 rw-p 001be000 08:02 1444814                    /lib/x86_64-linux-gnu/libc-2.19.so
7f3f97090000-7f3f97095000 rw-p 00000000 00:00 0 
7f3f97098000-7f3f970a5000 r-xp 00000000 08:02 1317741                    /usr/lib/jvm/java-7-openjdk-amd64/jre/lib/amd64/jli/libjli.so
7f3f970a5000-7f3f972a4000 ---p 0000d000 08:02 1317741                    /usr/lib/jvm/java-7-openjdk-amd64/jre/lib/amd64/jli/libjli.so
7f3f972a4000-7f3f972a5000 r--p 0000c000 08:02 1317741                    /usr/lib/jvm/java-7-openjdk-amd64/jre/lib/amd64/jli/libjli.so
7f3f972a5000-7f3f972a6000 rw-p 0000d000 08:02 1317741                    /usr/lib/jvm/java-7-openjdk-amd64/jre/lib/amd64/jli/libjli.so
7f3f972a8000-7f3f972cb000 r-xp 00000000 08:02 1444811                    /lib/x86_64-linux-gnu/ld-2.19.so
7f3f972d1000-7f3f97302000 rw-p 00000000 00:00 0 
7f3f97302000-7f3f973b8000 rw-p 00000000 00:00 0 
7f3f973b8000-7f3f973c0000 rw-s 00000000 08:02 271372                     /tmp/hsperfdata_xrousakis/13174
7f3f973c5000-7f3f973c6000 rw-p 00000000 00:00 0 
7f3f973c6000-7f3f973c7000 rwxp 00000000 00:00 0 
7f3f973c7000-7f3f973c8000 rw-p 00000000 00:00 0 
7f3f973c8000-7f3f973c9000 r--p 00000000 00:00 0 
7f3f973c9000-7f3f973cc000 ---p 00000000 00:00 0 
7f3f973cc000-7f3f974ca000 rw-p 00000000 00:00 0                          [stack:13178]
7f3f974ca000-7f3f974cb000 r--p 00022000 08:02 1444811                    /lib/x86_64-linux-gnu/ld-2.19.so
7f3f974cb000-7f3f974cc000 rw-p 00023000 08:02 1444811                    /lib/x86_64-linux-gnu/ld-2.19.so
7f3f974cc000-7f3f974cf000 rw-p 00000000 00:00 0 
7f3f974cf000-7f3f974d4000 rw-p 00000000 00:00 0 
7fff97249000-7fff9726b000 rw-p 00000000 00:00 0                          [stack]
7fff97388000-7fff9738a000 r-xp 00000000 00:00 0                          [vdso]
ffffffffff600000-ffffffffff601000 r-xp 00000000 00:00 0                  [vsyscall]

VM Arguments:
java_command: org.scify.jthinkfreedom.gui.ApplicationLauncher
Launcher Type: SUN_STANDARD

Environment Variables:
JAVA_HOME=/usr/lib/jvm/default-java
PATH=/usr/local/sbin:/usr/local/bin:/usr/sbin:/usr/bin:/sbin:/bin:/usr/games:/usr/local/games
USERNAME=xrousakis
LD_LIBRARY_PATH=/usr/lib/jvm/default-java/jre/lib/amd64:/usr/lib/jvm/default-java/jre/lib/i386:
SHELL=/bin/bash
DISPLAY=:0

Signal Handlers:
SIGSEGV: [libjvm.so+0x94bab0], sa_mask[0]=0x7ffbfeff, sa_flags=0x10000004
SIGBUS: [libjvm.so+0x94bab0], sa_mask[0]=0x7ffbfeff, sa_flags=0x10000004
SIGFPE: [libjvm.so+0x7c38b0], sa_mask[0]=0x7ffbfeff, sa_flags=0x10000004
SIGPIPE: [libjvm.so+0x7c38b0], sa_mask[0]=0x7ffbfeff, sa_flags=0x10000004
SIGXFSZ: [libjvm.so+0x7c38b0], sa_mask[0]=0x7ffbfeff, sa_flags=0x10000004
SIGILL: [libjvm.so+0x7c38b0], sa_mask[0]=0x7ffbfeff, sa_flags=0x10000004
SIGUSR1: SIG_DFL, sa_mask[0]=0x00000000, sa_flags=0x00000000
SIGUSR2: [libjvm.so+0x7c3750], sa_mask[0]=0x00000004, sa_flags=0x10000004
SIGHUP: [libjvm.so+0x7c3930], sa_mask[0]=0x7ffbfeff, sa_flags=0x10000004
SIGINT: SIG_IGN, sa_mask[0]=0x00000000, sa_flags=0x00000000
SIGTERM: [libjvm.so+0x7c3930], sa_mask[0]=0x7ffbfeff, sa_flags=0x10000004
SIGQUIT: [libjvm.so+0x7c3930], sa_mask[0]=0x7ffbfeff, sa_flags=0x10000004
SIGTRAP: SIG_DFL, sa_mask[0]=0x00000000, sa_flags=0x00000000


---------------  S Y S T E M  ---------------

OS:LinuxMint 17 (qiana)
uname:Linux 3.14.8-031408-generic #201406161755 SMP Mon Jun 16 21:56:09 UTC 2014 x86_64
libc:glibc 2.19 NPTL 2.19 
rlimit: STACK 8192k, CORE 0k, NPROC 55132, NOFILE 4096, AS infinity
load average:1,35 0,80 0,75

/proc/meminfo:
MemTotal:        7292072 kB
MemFree:         3722384 kB
MemAvailable:    5033848 kB
Buffers:          227920 kB
Cached:          1268604 kB
SwapCached:            0 kB
Active:          2457980 kB
Inactive:         845504 kB
Active(anon):    1808024 kB
Inactive(anon):    77580 kB
Active(file):     649956 kB
Inactive(file):   767924 kB
Unevictable:           0 kB
Mlocked:               0 kB
SwapTotal:       3361788 kB
SwapFree:        3361788 kB
Dirty:             10932 kB
Writeback:             0 kB
AnonPages:       1807004 kB
Mapped:           245520 kB
Shmem:             78600 kB
Slab:             152216 kB
SReclaimable:     125020 kB
SUnreclaim:        27196 kB
KernelStack:        3968 kB
PageTables:        31772 kB
NFS_Unstable:          0 kB
Bounce:                0 kB
WritebackTmp:          0 kB
CommitLimit:     7007824 kB
Committed_AS:    4731260 kB
VmallocTotal:   34359738367 kB
VmallocUsed:      315192 kB
VmallocChunk:   34359383836 kB
HardwareCorrupted:     0 kB
AnonHugePages:   1181696 kB
HugePages_Total:       0
HugePages_Free:        0
HugePages_Rsvd:        0
HugePages_Surp:        0
Hugepagesize:       2048 kB
DirectMap4k:       76120 kB
DirectMap2M:     3287040 kB
DirectMap1G:     4194304 kB


CPU:total 2 (2 cores per cpu, 1 threads per core) family 21 model 19 stepping 1, cmov, cx8, fxsr, mmx, sse, sse2, sse3, ssse3, sse4.1, sse4.2, popcnt, avx, aes, mmxext, 3dnowpref, lzcnt, sse4a, tsc, tscinvbit, tscinv

/proc/cpuinfo:
processor	: 0
vendor_id	: AuthenticAMD
cpu family	: 21
model		: 19
model name	: AMD A4-4000 APU with Radeon(tm) HD Graphics
stepping	: 1
microcode	: 0x6001119
cpu MHz		: 3000.000
cache size	: 1024 KB
physical id	: 0
siblings	: 2
core id		: 0
cpu cores	: 1
apicid		: 16
initial apicid	: 0
fpu		: yes
fpu_exception	: yes
cpuid level	: 13
wp		: yes
flags		: fpu vme de pse tsc msr pae mce cx8 apic sep mtrr pge mca cmov pat pse36 clflush mmx fxsr sse sse2 ht syscall nx mmxext fxsr_opt pdpe1gb rdtscp lm constant_tsc rep_good nopl nonstop_tsc extd_apicid aperfmperf pni pclmulqdq monitor ssse3 fma cx16 sse4_1 sse4_2 popcnt aes xsave avx f16c lahf_lm cmp_legacy svm extapic cr8_legacy abm sse4a misalignsse 3dnowprefetch osvw ibs xop skinit wdt lwp fma4 tce nodeid_msr tbm topoext perfctr_core perfctr_nb arat cpb hw_pstate npt lbrv svm_lock nrip_save tsc_scale vmcb_clean flushbyasid decodeassists pausefilter pfthreshold bmi1
bogomips	: 6030.33
TLB size	: 1536 4K pages
clflush size	: 64
cache_alignment	: 64
address sizes	: 48 bits physical, 48 bits virtual
power management: ts ttp tm 100mhzsteps hwpstate cpb eff_freq_ro

processor	: 1
vendor_id	: AuthenticAMD
cpu family	: 21
model		: 19
model name	: AMD A4-4000 APU with Radeon(tm) HD Graphics    
stepping	: 1
microcode	: 0x6001119
cpu MHz		: 3000.000
cache size	: 1024 KB
physical id	: 0
siblings	: 2
core id		: 1
cpu cores	: 1
apicid		: 17
initial apicid	: 1
fpu		: yes
fpu_exception	: yes
cpuid level	: 13
wp		: yes
flags		: fpu vme de pse tsc msr pae mce cx8 apic sep mtrr pge mca cmov pat pse36 clflush mmx fxsr sse sse2 ht syscall nx mmxext fxsr_opt pdpe1gb rdtscp lm constant_tsc rep_good nopl nonstop_tsc extd_apicid aperfmperf pni pclmulqdq monitor ssse3 fma cx16 sse4_1 sse4_2 popcnt aes xsave avx f16c lahf_lm cmp_legacy svm extapic cr8_legacy abm sse4a misalignsse 3dnowprefetch osvw ibs xop skinit wdt lwp fma4 tce nodeid_msr tbm topoext perfctr_core perfctr_nb arat cpb hw_pstate npt lbrv svm_lock nrip_save tsc_scale vmcb_clean flushbyasid decodeassists pausefilter pfthreshold bmi1
bogomips	: 6030.33
TLB size	: 1536 4K pages
clflush size	: 64
cache_alignment	: 64
address sizes	: 48 bits physical, 48 bits virtual
power management: ts ttp tm 100mhzsteps hwpstate cpb eff_freq_ro



Memory: 4k page, physical 7292072k(3721660k free), swap 3361788k(3361788k free)

vm_info: OpenJDK 64-Bit Server VM (24.79-b02) for linux-amd64 JRE (1.7.0_79-b14), built on Jul 24 2015 08:15:54 by "buildd" with gcc 4.8.2

time: Wed Aug 12 14:01:02 2015
elapsed time: 30 seconds

