#
# A fatal error has been detected by the Java Runtime Environment:
#
#  SIGSEGV (0xb) at pc=0x00007ff0828462cc, pid=8516, tid=140670941656832
#
# JRE version: OpenJDK Runtime Environment (7.0_79-b14) (build 1.7.0_79-b14)
# Java VM: OpenJDK 64-Bit Server VM (24.79-b02 mixed mode linux-amd64 compressed oops)
# Derivative: IcedTea 2.5.6
# Distribution: Ubuntu 14.04 LTS, package 7u79-2.5.6-0ubuntu1.14.04.1
# Problematic frame:
# C  [libjpeg.so.8+0x162cc]  jpeg_has_multiple_scans+0x2c
#
# Failed to write core dump. Core dumps have been disabled. To enable core dumping, try "ulimit -c unlimited" before starting Java again
#
# If you would like to submit a bug report, please include
# instructions on how to reproduce the bug and visit:
#   http://icedtea.classpath.org/bugzilla
# The crash happened outside the Java Virtual Machine in native code.
# See problematic frame for where to report the bug.
#

---------------  T H R E A D  ---------------

Current thread (0x00007ff08800f000):  JavaThread "Image Fetcher 0" daemon [_thread_in_native, id=8572, stack(0x00007ff08171f000,0x00007ff081820000)]

siginfo:si_signo=SIGSEGV: si_errno=0, si_code=1 (SEGV_MAPERR), si_addr=0x0000000000000020

Registers:
RAX=0x0000000000000000, RBX=0x00007ff08181e4d0, RCX=0x0000000000000001, RDX=0x0000000000000000
RSP=0x00007ff08181e1b8, RBP=0x00007ff08181e7a0, RSI=0x0000000000000001, RDI=0x00007ff08181e4d0
R8 =0x0000000000000000, R9 =0x00007ff07c000078, R10=0x00007ff08181df80, R11=0x00007ff0828462a0
R12=0x0000000000000000, R13=0xffffffffffffffff, R14=0x00007ff08181e840, R15=0x00007ff08800f000
RIP=0x00007ff0828462cc, EFLAGS=0x0000000000010293, CSGSFS=0x0000000000000033, ERR=0x0000000000000004
  TRAPNO=0x000000000000000e

Top of Stack: (sp=0x00007ff08181e1b8)
0x00007ff08181e1b8:   00007ff080cb7d33 00007ff08800f000
0x00007ff08181e1c8:   00007ff0d0e3e03b fffffff0ffffffff
0x00007ff08181e1d8:   0000000000000000 00007ff080cb7ad0
0x00007ff08181e1e8:   00007ff08181e278 00007ff08181e830
0x00007ff08181e1f8:   00007ff08181e838 00007ff08181e840
0x00007ff08181e208:   00007ff08800f1d8 00000000daffd046
0x00007ff08181e218:   0000000000000292 00007ff080cb71e0
0x00007ff08181e228:   00007ff080cb7380 00007ff080cb7500
0x00007ff08181e238:   00007ff08284e830 00007ff080cb7200
0x00007ff08181e248:   00007ff08181e838 00007ff000000000
0x00007ff08181e258:   0000000000000000 00000000daffced8
0x00007ff08181e268:   00007ff08181e830 ffffffffffffffff
0x00007ff08181e278:   0000000000000000 0000000000000000
0x00007ff08181e288:   0000000000000000 00007ff08181e280
0x00007ff08181e298:   0000000086420280 00007ff08181e328
0x00007ff08181e2a8:   00000000864be230 0000000000000000
0x00007ff08181e2b8:   0000000086420318 0000000000000000
0x00007ff08181e2c8:   00007ff08181e320 00007ff08181e390
0x00007ff08181e2d8:   00007ff0c90004e7 0000000000000000
0x00007ff08181e2e8:   00007ff080cb7ad0 0000000000000000
0x00007ff08181e2f8:   00000000daffc4c0 0000000000000006
0x00007ff08181e308:   0000000000000007 00000000debc0860
0x00007ff08181e318:   00000000debc0860 00000000daffd2d8
0x00007ff08181e328:   0000000000000000 00007ff000001fa0
0x00007ff08181e338:   00007ff08181e3d0 00007ff08181e5d0
0x00007ff08181e348:   00007ff08181e500 00007ff08800f000
0x00007ff08181e358:   00007ff0a8276ec0 00007ff080cb7280
0x00007ff08181e368:   00007ff082853cf0 00007ff080cb7210
0x00007ff08181e378:   00007ff082853d60 00007ff082853d40
0x00007ff08181e388:   000000000000006a 000000000000003f
0x00007ff08181e398:   0000000300000000 0000000000000000
0x00007ff08181e3a8:   00007ff000000000 00007ff08181e400 

Instructions: (pc=0x00007ff0828462cc)
0x00007ff0828462ac:   ff 83 fa 08 76 12 48 8b 17 89 42 2c 48 8b 07 c7
0x00007ff0828462bc:   42 28 15 00 00 00 ff 10 48 8b 83 58 02 00 00 5b
0x00007ff0828462cc:   8b 40 20 c3 53 8b 47 24 48 89 fb 8d 90 33 ff ff
0x00007ff0828462dc:   ff 83 fa 01 76 66 3d cf 00 00 00 74 47 3d d2 00 

Register to memory mapping:

RAX=0x0000000000000000 is an unknown value
RBX=0x00007ff08181e4d0 is pointing into the stack for thread: 0x00007ff08800f000
RCX=0x0000000000000001 is an unknown value
RDX=0x0000000000000000 is an unknown value
RSP=0x00007ff08181e1b8 is pointing into the stack for thread: 0x00007ff08800f000
RBP=0x00007ff08181e7a0 is pointing into the stack for thread: 0x00007ff08800f000
RSI=0x0000000000000001 is an unknown value
RDI=0x00007ff08181e4d0 is pointing into the stack for thread: 0x00007ff08800f000
R8 =0x0000000000000000 is an unknown value
R9 =0x00007ff07c000078 is an unknown value
R10=0x00007ff08181df80 is pointing into the stack for thread: 0x00007ff08800f000
R11=0x00007ff0828462a0: jpeg_has_multiple_scans+0 in /usr/lib/x86_64-linux-gnu/libjpeg.so.8 at 0x00007ff082830000
R12=0x0000000000000000 is an unknown value
R13=0xffffffffffffffff is an unknown value
R14=0x00007ff08181e840 is pointing into the stack for thread: 0x00007ff08800f000
R15=0x00007ff08800f000 is a thread


Stack: [0x00007ff08171f000,0x00007ff081820000],  sp=0x00007ff08181e1b8,  free space=1020k
Native frames: (J=compiled Java code, j=interpreted, Vv=VM code, C=native code)
C  [libjpeg.so.8+0x162cc]  jpeg_has_multiple_scans+0x2c
j  sun.awt.image.JPEGImageDecoder.readImage(Ljava/io/InputStream;[B)V+0
j  sun.awt.image.JPEGImageDecoder.produceImage()V+10
j  sun.awt.image.InputStreamImageSource.doFetch()V+51
j  sun.awt.image.ImageFetcher.fetchloop()V+33
j  sun.awt.image.ImageFetcher.run()V+5
v  ~StubRoutines::call_stub
V  [libjvm.so+0x5e80c9]  JavaCalls::call_helper(JavaValue*, methodHandle*, JavaCallArguments*, Thread*)+0x339
V  [libjvm.so+0x5e6f1e]  JavaCalls::call_virtual(JavaValue*, Handle, KlassHandle, Symbol*, Symbol*, Thread*)+0x20e
V  [libjvm.so+0x623391]  thread_entry(JavaThread*, Thread*)+0xd1
V  [libjvm.so+0x900f40]  JavaThread::thread_main_inner()+0xf0
V  [libjvm.so+0x9011b1]  JavaThread::run()+0x221
V  [libjvm.so+0x7c4f62]  java_start(Thread*)+0xf2

Java frames: (J=compiled Java code, j=interpreted, Vv=VM code)
j  sun.awt.image.JPEGImageDecoder.readImage(Ljava/io/InputStream;[B)V+0
j  sun.awt.image.JPEGImageDecoder.produceImage()V+10
j  sun.awt.image.InputStreamImageSource.doFetch()V+51
j  sun.awt.image.ImageFetcher.fetchloop()V+33
j  sun.awt.image.ImageFetcher.run()V+5
v  ~StubRoutines::call_stub

---------------  P R O C E S S  ---------------

Java Threads: ( => current thread )
=>0x00007ff08800f000 JavaThread "Image Fetcher 0" daemon [_thread_in_native, id=8572, stack(0x00007ff08171f000,0x00007ff081820000)]
  0x00007ff090045800 JavaThread "pool-2-thread-1" [_thread_blocked, id=8561, stack(0x00007ff0995ee000,0x00007ff0996ef000)]
  0x0000000001681800 JavaThread "Thread-2" [_thread_blocked, id=8542, stack(0x00007ff0813df000,0x00007ff0814e0000)]
  0x000000000167d000 JavaThread "Thread-0" [_thread_blocked, id=8541, stack(0x00007ff081856000,0x00007ff081957000)]
  0x000000000167b000 JavaThread "TimerQueue" daemon [_thread_blocked, id=8540, stack(0x00007ff081957000,0x00007ff081a58000)]
  0x00007ff0cc00b000 JavaThread "DestroyJavaVM" [_thread_blocked, id=8520, stack(0x00007ff0d37ee000,0x00007ff0d38ef000)]
  0x00007ff0cc3eb800 JavaThread "AWT-EventQueue-0" [_thread_blocked, id=8537, stack(0x00007ff08202e000,0x00007ff08212f000)]
  0x00007ff0cc3e0000 JavaThread "AWT-Shutdown" [_thread_blocked, id=8536, stack(0x00007ff08212f000,0x00007ff082230000)]
  0x00007ff0cc2bb000 JavaThread "AWT-XAWT" daemon [_thread_in_native, id=8532, stack(0x00007ff0996ef000,0x00007ff0997f0000)]
  0x00007ff0cc29e000 JavaThread "Java2D Disposer" daemon [_thread_blocked, id=8531, stack(0x00007ff099c07000,0x00007ff099d08000)]
  0x00007ff0cc0ac000 JavaThread "Service Thread" daemon [_thread_blocked, id=8529, stack(0x00007ff0c3124000,0x00007ff0c3225000)]
  0x00007ff0cc0a9800 JavaThread "C2 CompilerThread1" daemon [_thread_in_native, id=8528, stack(0x00007ff0c3225000,0x00007ff0c3326000)]
  0x00007ff0cc0a6800 JavaThread "C2 CompilerThread0" daemon [_thread_in_native, id=8527, stack(0x00007ff0c3326000,0x00007ff0c3427000)]
  0x00007ff0cc0a4800 JavaThread "Signal Dispatcher" daemon [_thread_blocked, id=8526, stack(0x00007ff0c3427000,0x00007ff0c3528000)]
  0x00007ff0cc078800 JavaThread "Finalizer" daemon [_thread_blocked, id=8525, stack(0x00007ff0c37f8000,0x00007ff0c38f9000)]
  0x00007ff0cc076800 JavaThread "Reference Handler" daemon [_thread_blocked, id=8524, stack(0x00007ff0c38f9000,0x00007ff0c39fa000)]

Other Threads:
  0x00007ff0cc072000 VMThread [stack: 0x00007ff0c39fa000,0x00007ff0c3afb000] [id=8523]
  0x00007ff0cc0b6800 WatcherThread [stack: 0x00007ff0c3023000,0x00007ff0c3124000] [id=8530]

VM state:not at safepoint (normal execution)

VM Mutex/Monitor currently owned by a thread: None

Heap
 PSYoungGen      total 33792K, used 6712K [0x00000000dae00000, 0x00000000df000000, 0x0000000100000000)
  eden space 29184K, 7% used [0x00000000dae00000,0x00000000db00f608,0x00000000dca80000)
  from space 4608K, 99% used [0x00000000deb80000,0x00000000deffecd0,0x00000000df000000)
  to   space 4608K, 0% used [0x00000000dca80000,0x00000000dca80000,0x00000000dcf00000)
 ParOldGen       total 75776K, used 2477K [0x0000000090a00000, 0x0000000095400000, 0x00000000dae00000)
  object space 75776K, 3% used [0x0000000090a00000,0x0000000090c6b610,0x0000000095400000)
 PSPermGen       total 21504K, used 21107K [0x0000000086400000, 0x0000000087900000, 0x0000000090a00000)
  object space 21504K, 98% used [0x0000000086400000,0x000000008789cd18,0x0000000087900000)

Card table byte_map: [0x00007ff0d0001000,0x00007ff0d03d0000] byte_map_base: 0x00007ff0cfbcf000

Polling page: 0x00007ff0d37ed000

Code Cache  [0x00007ff0c9000000, 0x00007ff0c9270000, 0x00007ff0cc000000)
 total_blobs=790 nmethods=203 adapters=541 free_code_cache=48135Kb largest_free_block=49260032

Compilation events (10 events):
Event: 48,662 Thread 0x00007ff0cc0a6800  215             sun.awt.AWTAccessor::getComponentAccessor (19 bytes)
Event: 48,663 Thread 0x00007ff0cc0a6800 nmethod 215 0x00007ff0c90b3d50 code [0x00007ff0c90b3e80, 0x00007ff0c90b3ef8]
Event: 48,735 Thread 0x00007ff0cc0a6800  216             java.awt.Component::inside (30 bytes)
Event: 48,736 Thread 0x00007ff0cc0a6800 nmethod 216 0x00007ff0c9102810 code [0x00007ff0c9102940, 0x00007ff0c91029b8]
Event: 48,990 Thread 0x00007ff0cc0a9800  217             javax.swing.JComponent::contains (27 bytes)
Event: 48,992 Thread 0x00007ff0cc0a9800 nmethod 217 0x00007ff0c90b37d0 code [0x00007ff0c90b3900, 0x00007ff0c90b3998]
Event: 49,240 Thread 0x00007ff0cc0a6800  218             sun.awt.AppContext::getAppContext (51 bytes)
Event: 49,241 Thread 0x00007ff0cc0a6800 nmethod 218 0x00007ff0c909fd10 code [0x00007ff0c909fe60, 0x00007ff0c909ff48]
Event: 49,278 Thread 0x00007ff0cc0a9800  219 % !         sun.awt.image.PNGImageDecoder::produceImage @ 960 (1920 bytes)
Event: 49,290 Thread 0x00007ff0cc0a6800  220 %           org.scify.jthinkfreedom.skeleton.sensors.SensorAdapter::updateStimuli @ 17 (49 bytes)

GC Heap History (4 events):
Event: 1,986 GC heap before
{Heap before GC invocations=1 (full 0):
 PSYoungGen      total 33792K, used 29184K [0x00000000dae00000, 0x00000000dd380000, 0x0000000100000000)
  eden space 29184K, 100% used [0x00000000dae00000,0x00000000dca80000,0x00000000dca80000)
  from space 4608K, 0% used [0x00000000dcf00000,0x00000000dcf00000,0x00000000dd380000)
  to   space 4608K, 0% used [0x00000000dca80000,0x00000000dca80000,0x00000000dcf00000)
 ParOldGen       total 75776K, used 0K [0x0000000090a00000, 0x0000000095400000, 0x00000000dae00000)
  object space 75776K, 0% used [0x0000000090a00000,0x0000000090a00000,0x0000000095400000)
 PSPermGen       total 21504K, used 16131K [0x0000000086400000, 0x0000000087900000, 0x0000000090a00000)
  object space 21504K, 75% used [0x0000000086400000,0x00000000873c0f80,0x0000000087900000)
Event: 2,007 GC heap after
Heap after GC invocations=1 (full 0):
 PSYoungGen      total 33792K, used 3747K [0x00000000dae00000, 0x00000000df000000, 0x0000000100000000)
  eden space 29184K, 0% used [0x00000000dae00000,0x00000000dae00000,0x00000000dca80000)
  from space 4608K, 81% used [0x00000000dca80000,0x00000000dce28fa0,0x00000000dcf00000)
  to   space 4608K, 0% used [0x00000000deb80000,0x00000000deb80000,0x00000000df000000)
 ParOldGen       total 75776K, used 0K [0x0000000090a00000, 0x0000000095400000, 0x00000000dae00000)
  object space 75776K, 0% used [0x0000000090a00000,0x0000000090a00000,0x0000000095400000)
 PSPermGen       total 21504K, used 16131K [0x0000000086400000, 0x0000000087900000, 0x0000000090a00000)
  object space 21504K, 75% used [0x0000000086400000,0x00000000873c0f80,0x0000000087900000)
}
Event: 46,997 GC heap before
{Heap before GC invocations=2 (full 0):
 PSYoungGen      total 33792K, used 32931K [0x00000000dae00000, 0x00000000df000000, 0x0000000100000000)
  eden space 29184K, 100% used [0x00000000dae00000,0x00000000dca80000,0x00000000dca80000)
  from space 4608K, 81% used [0x00000000dca80000,0x00000000dce28fa0,0x00000000dcf00000)
  to   space 4608K, 0% used [0x00000000deb80000,0x00000000deb80000,0x00000000df000000)
 ParOldGen       total 75776K, used 0K [0x0000000090a00000, 0x0000000095400000, 0x00000000dae00000)
  object space 75776K, 0% used [0x0000000090a00000,0x0000000090a00000,0x0000000095400000)
 PSPermGen       total 21504K, used 20979K [0x0000000086400000, 0x0000000087900000, 0x0000000090a00000)
  object space 21504K, 97% used [0x0000000086400000,0x000000008787cf58,0x0000000087900000)
Event: 47,012 GC heap after
Heap after GC invocations=2 (full 0):
 PSYoungGen      total 33792K, used 4603K [0x00000000dae00000, 0x00000000df000000, 0x0000000100000000)
  eden space 29184K, 0% used [0x00000000dae00000,0x00000000dae00000,0x00000000dca80000)
  from space 4608K, 99% used [0x00000000deb80000,0x00000000deffecd0,0x00000000df000000)
  to   space 4608K, 0% used [0x00000000dca80000,0x00000000dca80000,0x00000000dcf00000)
 ParOldGen       total 75776K, used 2477K [0x0000000090a00000, 0x0000000095400000, 0x00000000dae00000)
  object space 75776K, 3% used [0x0000000090a00000,0x0000000090c6b610,0x0000000095400000)
 PSPermGen       total 21504K, used 20979K [0x0000000086400000, 0x0000000087900000, 0x0000000090a00000)
  object space 21504K, 97% used [0x0000000086400000,0x000000008787cf58,0x0000000087900000)
}

Deoptimization events (10 events):
Event: 2,116 Thread 0x00007ff0cc00b000 Uncommon trap: reason=unloaded action=reinterpret pc=0x00007ff0c90c95d8 method=java.lang.CharacterData.of(I)Ljava/lang/CharacterData; @ 96
Event: 2,319 Thread 0x00007ff0cc00b000 Uncommon trap: reason=unloaded action=reinterpret pc=0x00007ff0c90b398c method=java.util.ArrayList.rangeCheck(I)V @ 8
Event: 2,319 Thread 0x00007ff0cc00b000 Uncommon trap: reason=unloaded action=reinterpret pc=0x00007ff0c90b3ec4 method=java.util.ArrayList.rangeCheck(I)V @ 8
Event: 2,409 Thread 0x00007ff0cc2bb000 Uncommon trap: reason=unreached action=reinterpret pc=0x00007ff0c90b8448 method=java.lang.ThreadLocal.get()Ljava/lang/Object; @ 11
Event: 5,267 Thread 0x00007ff0cc2be800 Uncommon trap: reason=unloaded action=reinterpret pc=0x00007ff0c90bf9d0 method=sun.awt.image.PNGImageDecoder.produceImage()V @ 361
Event: 5,270 Thread 0x00007ff0cc2be800 Uncommon trap: reason=predicate action=maybe_recompile pc=0x00007ff0c908a304 method=sun.awt.image.PNGImageDecoder.produceImage()V @ 960
Event: 40,074 Thread 0x0000000001681800 Uncommon trap: reason=unreached action=reinterpret pc=0x00007ff0c90b7fc8 method=java.lang.ThreadLocal$ThreadLocalMap.getEntry(Ljava/lang/ThreadLocal;)Ljava/lang/ThreadLocal$ThreadLocalMap$Entry; @ 29
Event: 40,076 Thread 0x0000000001681800 Uncommon trap: reason=unreached action=reinterpret pc=0x00007ff0c90b7c1c method=java.lang.ThreadLocal$ThreadLocalMap.getEntry(Ljava/lang/ThreadLocal;)Ljava/lang/ThreadLocal$ThreadLocalMap$Entry; @ 29
Event: 40,085 Thread 0x000000000167d000 Uncommon trap: reason=unreached action=reinterpret pc=0x00007ff0c90f3ff4 method=org.scify.jthinkfreedom.keyboard.stimuli.CapturekeyStimulus.onDataReceived()V @ 46
Event: 49,296 Thread 0x000000000167d000 Uncommon trap: reason=null_assert action=make_not_entrant pc=0x00007ff0c90f2004 method=org.scify.jthinkfreedom.keyboard.sensors.KeyboardSensor.getData()Ljava/lang/Object; @ 4

Internal exceptions (10 events):
Event: 40,075 Thread 0x0000000001681800 Threw 0x00000000dc66b710 at /build/openjdk-7-FO0dNI/openjdk-7-7u79-2.5.6/build/openjdk/hotspot/src/share/vm/prims/jvm.cpp:1284
Event: 40,082 Thread 0x0000000001681800 Threw 0x00000000dc684588 at /build/openjdk-7-FO0dNI/openjdk-7-7u79-2.5.6/build/openjdk/hotspot/src/share/vm/prims/jvm.cpp:1284
Event: 40,377 Thread 0x00007ff0cc3eb800 Threw 0x00000000dc93edd0 at /build/openjdk-7-FO0dNI/openjdk-7-7u79-2.5.6/build/openjdk/hotspot/src/share/vm/prims/jni.cpp:747
Event: 46,979 Thread 0x00007ff0cc3eb800 Threw 0x00000000dca276a0 at /build/openjdk-7-FO0dNI/openjdk-7-7u79-2.5.6/build/openjdk/hotspot/src/share/vm/prims/jvm.cpp:1284
Event: 46,980 Thread 0x00007ff0cc3eb800 Threw 0x00000000dca36578 at /build/openjdk-7-FO0dNI/openjdk-7-7u79-2.5.6/build/openjdk/hotspot/src/share/vm/prims/jvm.cpp:1284
Event: 46,982 Thread 0x00007ff0cc3eb800 Threw 0x00000000dca47520 at /build/openjdk-7-FO0dNI/openjdk-7-7u79-2.5.6/build/openjdk/hotspot/src/share/vm/prims/jvm.cpp:1284
Event: 46,983 Thread 0x00007ff0cc3eb800 Threw 0x00000000dca565b0 at /build/openjdk-7-FO0dNI/openjdk-7-7u79-2.5.6/build/openjdk/hotspot/src/share/vm/prims/jvm.cpp:1284
Event: 49,248 Thread 0x000000000167d000 Threw 0x00000000dafa90e0 at /build/openjdk-7-FO0dNI/openjdk-7-7u79-2.5.6/build/openjdk/hotspot/src/share/vm/prims/jvm.cpp:1284
Event: 49,262 Thread 0x000000000167d000 Threw 0x00000000dafbeb90 at /build/openjdk-7-FO0dNI/openjdk-7-7u79-2.5.6/build/openjdk/hotspot/src/share/vm/prims/jvm.cpp:1284
Event: 49,286 Thread 0x000000000167d000 Threw 0x00000000dafd3490 at /build/openjdk-7-FO0dNI/openjdk-7-7u79-2.5.6/build/openjdk/hotspot/src/share/vm/prims/jvm.cpp:1284

Events (10 events):
Event: 49,285 loading class 0x00007ff09c155f40 done
Event: 49,286 loading class 0x00007ff0cc3afc80
Event: 49,286 loading class 0x00007ff0cc3afc80 done
Event: 49,296 Thread 0x000000000167d000 Uncommon trap: trap_request=0xffffffec fr.pc=0x00007ff0c90f2004
Event: 49,296 Thread 0x000000000167d000 DEOPT PACKING pc=0x00007ff0c90f2004 sp=0x00007ff0819558e0
Event: 49,296 Thread 0x000000000167d000 DEOPT UNPACKING pc=0x00007ff0c9039045 sp=0x00007ff081955848 mode 2
Event: 49,297 Executing VM operation: RevokeBias
Event: 49,297 Executing VM operation: RevokeBias done
Event: 49,297 loading class 0x00007ff09c1555c0
Event: 49,297 loading class 0x00007ff09c1555c0 done


Dynamic libraries:
00400000-00401000 r-xp 00000000 08:02 1323751                            /usr/lib/jvm/java-7-openjdk-amd64/jre/bin/java
00600000-00601000 r--p 00000000 08:02 1323751                            /usr/lib/jvm/java-7-openjdk-amd64/jre/bin/java
00601000-00602000 rw-p 00001000 08:02 1323751                            /usr/lib/jvm/java-7-openjdk-amd64/jre/bin/java
0158b000-0173e000 rw-p 00000000 00:00 0                                  [heap]
86400000-87900000 rw-p 00000000 00:00 0 
87900000-90a00000 rw-p 00000000 00:00 0 
90a00000-95400000 rw-p 00000000 00:00 0 
95400000-dae00000 rw-p 00000000 00:00 0 
dae00000-df000000 rw-p 00000000 00:00 0 
df000000-100000000 rw-p 00000000 00:00 0 
7ff07c000000-7ff07c03d000 rw-p 00000000 00:00 0 
7ff07c03d000-7ff080000000 ---p 00000000 00:00 0 
7ff080cb0000-7ff080cba000 r-xp 00000000 08:02 1317748                    /usr/lib/jvm/java-7-openjdk-amd64/jre/lib/amd64/libjavajpeg.so
7ff080cba000-7ff080eb9000 ---p 0000a000 08:02 1317748                    /usr/lib/jvm/java-7-openjdk-amd64/jre/lib/amd64/libjavajpeg.so
7ff080eb9000-7ff080eba000 r--p 00009000 08:02 1317748                    /usr/lib/jvm/java-7-openjdk-amd64/jre/lib/amd64/libjavajpeg.so
7ff080eba000-7ff080ebb000 rw-p 0000a000 08:02 1317748                    /usr/lib/jvm/java-7-openjdk-amd64/jre/lib/amd64/libjavajpeg.so
7ff080ebd000-7ff080ec0000 ---p 00000000 00:00 0 
7ff080ec0000-7ff080fbe000 rw-p 00000000 00:00 0 
7ff080fbe000-7ff080fc1000 ---p 00000000 00:00 0 
7ff080fc1000-7ff0810bf000 rw-p 00000000 00:00 0 
7ff0810bf000-7ff0810c2000 ---p 00000000 00:00 0 
7ff0810c2000-7ff0811c0000 rw-p 00000000 00:00 0 
7ff0811c0000-7ff0811d7000 r-xp 00000000 08:02 271346                     /tmp/jna-xrousakis/jna4877102518370259677.tmp (deleted)
7ff0811d7000-7ff0813d7000 ---p 00017000 08:02 271346                     /tmp/jna-xrousakis/jna4877102518370259677.tmp (deleted)
7ff0813d7000-7ff0813d8000 r--p 00017000 08:02 271346                     /tmp/jna-xrousakis/jna4877102518370259677.tmp (deleted)
7ff0813d8000-7ff0813d9000 rw-p 00018000 08:02 271346                     /tmp/jna-xrousakis/jna4877102518370259677.tmp (deleted)
7ff0813df000-7ff0813e2000 ---p 00000000 00:00 0 
7ff0813e2000-7ff0814e0000 rw-p 00000000 00:00 0                          [stack:8542]
7ff0814e0000-7ff08171d000 rw-s 00000000 00:04 3768330                    /SYSV00000000 (deleted)
7ff08171f000-7ff081722000 ---p 00000000 00:00 0 
7ff081722000-7ff081820000 rw-p 00000000 00:00 0                          [stack:8572]
7ff081856000-7ff081859000 ---p 00000000 00:00 0 
7ff081859000-7ff081957000 rw-p 00000000 00:00 0                          [stack:8541]
7ff081957000-7ff08195a000 ---p 00000000 00:00 0 
7ff08195a000-7ff081a58000 rw-p 00000000 00:00 0                          [stack:8540]
7ff081a97000-7ff081bf8000 rw-p 00000000 00:00 0 
7ff081bf8000-7ff081bf9000 r--s 00000000 08:02 2756976                    /var/cache/fontconfig/c05880de57d1f5e948fdfacc138775d9-le64.cache-4
7ff081c00000-7ff081c0b000 r--s 00000000 08:02 2756975                    /var/cache/fontconfig/945677eb7aeaf62f1d50efc3fb3ec7d8-le64.cache-4
7ff081c10000-7ff081c12000 r--s 00000000 08:02 2756973                    /var/cache/fontconfig/99e8ed0e538f840c565b6ed5dad60d56-le64.cache-4
7ff081c18000-7ff081c1e000 r--s 00000000 08:02 2756972                    /var/cache/fontconfig/2cd17615ca594fa2959ae173292e504c-le64.cache-4
7ff081c20000-7ff081c21000 r--s 00000000 08:02 2756971                    /var/cache/fontconfig/e7071f4a29fa870f4323321c154eba04-le64.cache-4
7ff081c28000-7ff081c29000 r--s 00000000 08:02 2756970                    /var/cache/fontconfig/0d8c3b2ac0904cb8a57a757ad11a4a08-le64.cache-4
7ff081c30000-7ff081c37000 r--s 00000000 08:02 2756969                    /var/cache/fontconfig/a755afe4a08bf5b97852ceb7400b47bc-le64.cache-4
7ff081c38000-7ff081c44000 r--s 00000000 08:02 2756968                    /var/cache/fontconfig/6d41288fd70b0be22e8c3a91e032eec0-le64.cache-4
7ff081c48000-7ff081c5c000 r--s 00000000 08:02 2756967                    /var/cache/fontconfig/04aabc0a78ac019cf9454389977116d2-le64.cache-4
7ff081c60000-7ff081c61000 r--s 00000000 08:02 2756966                    /var/cache/fontconfig/1ac9eb803944fde146138c791f5cc56a-le64.cache-4
7ff081c68000-7ff081c6c000 r--s 00000000 08:02 2756965                    /var/cache/fontconfig/385c0604a188198f04d133e54aba7fe7-le64.cache-4
7ff081c70000-7ff081c71000 r--s 00000000 08:02 2756964                    /var/cache/fontconfig/dc05db6664285cc2f12bf69c139ae4c3-le64.cache-4
7ff081c78000-7ff081c7a000 r--s 00000000 08:02 2756963                    /var/cache/fontconfig/767a8244fc0220cfb567a839d0392e0b-le64.cache-4
7ff081c80000-7ff081c81000 r--s 00000000 08:02 2753289                    /var/cache/fontconfig/4794a0821666d79190d59a36cb4f44b5-le64.cache-4
7ff081c88000-7ff081c8d000 r--s 00000000 08:02 2756961                    /var/cache/fontconfig/8801497958630a81b71ace7c5f9b32a8-le64.cache-4
7ff081c90000-7ff081c97000 r--s 00000000 08:02 2756960                    /var/cache/fontconfig/3047814df9a2f067bd2d96a2b9c36e5a-le64.cache-4
7ff081c98000-7ff081c99000 r--s 00000000 08:02 2756959                    /var/cache/fontconfig/56cf4f4769d0f4abc89a4895d7bd3ae1-le64.cache-4
7ff081ca0000-7ff081ca6000 r--s 00000000 08:02 2756957                    /var/cache/fontconfig/b47c4e1ecd0709278f4910c18777a504-le64.cache-4
7ff081ca8000-7ff081cbb000 r--s 00000000 08:02 2756956                    /var/cache/fontconfig/d52a8644073d54c13679302ca1180695-le64.cache-4
7ff081cc0000-7ff081cc9000 r--s 00000000 08:02 2754543                    /var/cache/fontconfig/3f7329c5293ffd510edef78f73874cfd-le64.cache-4
7ff081cd0000-7ff081cdb000 r--s 00000000 08:02 2756954                    /var/cache/fontconfig/d589a48862398ed80a3d6066f4f56f4c-le64.cache-4
7ff081ce0000-7ff081ce3000 r--s 00000000 08:02 2756942                    /var/cache/fontconfig/e13b20fdb08344e0e664864cc2ede53d-le64.cache-4
7ff081cff000-7ff081dd8000 rw-p 00000000 00:00 0 
7ff081dd8000-7ff081e2a000 r-xp 00000000 08:02 1317750                    /usr/lib/jvm/java-7-openjdk-amd64/jre/lib/amd64/libfontmanager.so
7ff081e2a000-7ff082029000 ---p 00052000 08:02 1317750                    /usr/lib/jvm/java-7-openjdk-amd64/jre/lib/amd64/libfontmanager.so
7ff082029000-7ff08202c000 r--p 00051000 08:02 1317750                    /usr/lib/jvm/java-7-openjdk-amd64/jre/lib/amd64/libfontmanager.so
7ff08202c000-7ff08202d000 rw-p 00054000 08:02 1317750                    /usr/lib/jvm/java-7-openjdk-amd64/jre/lib/amd64/libfontmanager.so
7ff08202e000-7ff082031000 ---p 00000000 00:00 0 
7ff082031000-7ff08212f000 rw-p 00000000 00:00 0                          [stack:8537]
7ff08212f000-7ff082132000 ---p 00000000 00:00 0 
7ff082132000-7ff082230000 rw-p 00000000 00:00 0                          [stack:8536]
7ff082230000-7ff0823dd000 r-xp 00000000 08:02 271345                     /tmp/javacpp6962658153373/libjniopencv_core.so
7ff0823dd000-7ff0825dd000 ---p 001ad000 08:02 271345                     /tmp/javacpp6962658153373/libjniopencv_core.so
7ff0825dd000-7ff0825de000 r--p 001ad000 08:02 271345                     /tmp/javacpp6962658153373/libjniopencv_core.so
7ff0825de000-7ff0825e0000 rw-p 001ae000 08:02 271345                     /tmp/javacpp6962658153373/libjniopencv_core.so
7ff0825e0000-7ff08262e000 r-xp 00000000 08:02 271344                     /tmp/javacpp6962658153373/libjniopencv_highgui.so
7ff08262e000-7ff08282d000 ---p 0004e000 08:02 271344                     /tmp/javacpp6962658153373/libjniopencv_highgui.so
7ff08282d000-7ff08282e000 r--p 0004d000 08:02 271344                     /tmp/javacpp6962658153373/libjniopencv_highgui.so
7ff08282e000-7ff08282f000 rw-p 0004e000 08:02 271344                     /tmp/javacpp6962658153373/libjniopencv_highgui.so
7ff082830000-7ff082873000 r-xp 00000000 08:02 1188593                    /usr/lib/x86_64-linux-gnu/libjpeg.so.8.0.2
7ff082873000-7ff082a73000 ---p 00043000 08:02 1188593                    /usr/lib/x86_64-linux-gnu/libjpeg.so.8.0.2
7ff082a73000-7ff082a74000 r--p 00043000 08:02 1188593                    /usr/lib/x86_64-linux-gnu/libjpeg.so.8.0.2
7ff082a74000-7ff082a75000 rw-p 00044000 08:02 1188593                    /usr/lib/x86_64-linux-gnu/libjpeg.so.8.0.2
7ff082a75000-7ff082a85000 rw-p 00000000 00:00 0 
7ff082a88000-7ff082aac000 r-xp 00000000 08:02 1188998                    /usr/lib/x86_64-linux-gnu/libv4lconvert.so.0.0.0
7ff082aac000-7ff082cac000 ---p 00024000 08:02 1188998                    /usr/lib/x86_64-linux-gnu/libv4lconvert.so.0.0.0
7ff082cac000-7ff082cae000 r--p 00024000 08:02 1188998                    /usr/lib/x86_64-linux-gnu/libv4lconvert.so.0.0.0
7ff082cae000-7ff082caf000 rw-p 00026000 08:02 1188998                    /usr/lib/x86_64-linux-gnu/libv4lconvert.so.0.0.0
7ff082caf000-7ff082d01000 rw-p 00000000 00:00 0 
7ff082d08000-7ff082d0e000 r-xp 00000000 08:02 1188131                    /usr/lib/x86_64-linux-gnu/libdatrie.so.1.3.1
7ff082d0e000-7ff082f0d000 ---p 00006000 08:02 1188131                    /usr/lib/x86_64-linux-gnu/libdatrie.so.1.3.1
7ff082f0d000-7ff082f0e000 r--p 00005000 08:02 1188131                    /usr/lib/x86_64-linux-gnu/libdatrie.so.1.3.1
7ff082f0e000-7ff082f0f000 rw-p 00006000 08:02 1188131                    /usr/lib/x86_64-linux-gnu/libdatrie.so.1.3.1
7ff082f10000-7ff082f2a000 r-xp 00000000 08:02 1188402                    /usr/lib/x86_64-linux-gnu/libgraphite2.so.3.0.1
7ff082f2a000-7ff083129000 ---p 0001a000 08:02 1188402                    /usr/lib/x86_64-linux-gnu/libgraphite2.so.3.0.1
7ff083129000-7ff08312b000 r--p 00019000 08:02 1188402                    /usr/lib/x86_64-linux-gnu/libgraphite2.so.3.0.1
7ff08312b000-7ff08312c000 rw-p 0001b000 08:02 1188402                    /usr/lib/x86_64-linux-gnu/libgraphite2.so.3.0.1
7ff083130000-7ff083139000 r-xp 00000000 08:02 1188996                    /usr/lib/x86_64-linux-gnu/libv4l2.so.0.0.0
7ff083139000-7ff083338000 ---p 00009000 08:02 1188996                    /usr/lib/x86_64-linux-gnu/libv4l2.so.0.0.0
7ff083338000-7ff083339000 r--p 00008000 08:02 1188996                    /usr/lib/x86_64-linux-gnu/libv4l2.so.0.0.0
7ff083339000-7ff08333e000 rw-p 00009000 08:02 1188996                    /usr/lib/x86_64-linux-gnu/libv4l2.so.0.0.0
7ff083340000-7ff083348000 r-xp 00000000 08:02 1188953                    /usr/lib/x86_64-linux-gnu/libthai.so.0.2.0
7ff083348000-7ff083547000 ---p 00008000 08:02 1188953                    /usr/lib/x86_64-linux-gnu/libthai.so.0.2.0
7ff083547000-7ff083548000 r--p 00007000 08:02 1188953                    /usr/lib/x86_64-linux-gnu/libthai.so.0.2.0
7ff083548000-7ff083549000 rw-p 00008000 08:02 1188953                    /usr/lib/x86_64-linux-gnu/libthai.so.0.2.0
7ff083550000-7ff0835a3000 r-xp 00000000 08:02 1179957                    /usr/lib/x86_64-linux-gnu/libharfbuzz.so.0.927.0
7ff0835a3000-7ff0837a3000 ---p 00053000 08:02 1179957                    /usr/lib/x86_64-linux-gnu/libharfbuzz.so.0.927.0
7ff0837a3000-7ff0837a4000 r--p 00053000 08:02 1179957                    /usr/lib/x86_64-linux-gnu/libharfbuzz.so.0.927.0
7ff0837a4000-7ff0837a5000 rw-p 00054000 08:02 1179957                    /usr/lib/x86_64-linux-gnu/libharfbuzz.so.0.927.0
7ff0837a8000-7ff0837b0000 r-xp 00000000 08:02 1189074                    /usr/lib/x86_64-linux-gnu/libxcb-render.so.0.0.0
7ff0837b0000-7ff0839af000 ---p 00008000 08:02 1189074                    /usr/lib/x86_64-linux-gnu/libxcb-render.so.0.0.0
7ff0839af000-7ff0839b0000 r--p 00007000 08:02 1189074                    /usr/lib/x86_64-linux-gnu/libxcb-render.so.0.0.0
7ff0839b0000-7ff0839b1000 rw-p 00008000 08:02 1189074                    /usr/lib/x86_64-linux-gnu/libxcb-render.so.0.0.0
7ff0839b8000-7ff0839ba000 r-xp 00000000 08:02 1189078                    /usr/lib/x86_64-linux-gnu/libxcb-shm.so.0.0.0
7ff0839ba000-7ff083bb9000 ---p 00002000 08:02 1189078                    /usr/lib/x86_64-linux-gnu/libxcb-shm.so.0.0.0
7ff083bb9000-7ff083bba000 r--p 00001000 08:02 1189078                    /usr/lib/x86_64-linux-gnu/libxcb-shm.so.0.0.0
7ff083bba000-7ff083bbb000 rw-p 00002000 08:02 1189078                    /usr/lib/x86_64-linux-gnu/libxcb-shm.so.0.0.0
7ff083bc0000-7ff083c61000 r-xp 00000000 08:02 1188793                    /usr/lib/x86_64-linux-gnu/libpixman-1.so.0.30.2
7ff083c61000-7ff083e61000 ---p 000a1000 08:02 1188793                    /usr/lib/x86_64-linux-gnu/libpixman-1.so.0.30.2
7ff083e61000-7ff083e68000 r--p 000a1000 08:02 1188793                    /usr/lib/x86_64-linux-gnu/libpixman-1.so.0.30.2
7ff083e68000-7ff083e69000 rw-p 000a8000 08:02 1188793                    /usr/lib/x86_64-linux-gnu/libpixman-1.so.0.30.2
7ff083e70000-7ff083e72000 r-xp 00000000 08:02 1187926                    /usr/lib/x86_64-linux-gnu/libXdamage.so.1.1.0
7ff083e72000-7ff084071000 ---p 00002000 08:02 1187926                    /usr/lib/x86_64-linux-gnu/libXdamage.so.1.1.0
7ff084071000-7ff084072000 r--p 00001000 08:02 1187926                    /usr/lib/x86_64-linux-gnu/libXdamage.so.1.1.0
7ff084072000-7ff084073000 rw-p 00002000 08:02 1187926                    /usr/lib/x86_64-linux-gnu/libXdamage.so.1.1.0
7ff084078000-7ff08407a000 r-xp 00000000 08:02 1187922                    /usr/lib/x86_64-linux-gnu/libXcomposite.so.1.0.0
7ff08407a000-7ff084279000 ---p 00002000 08:02 1187922                    /usr/lib/x86_64-linux-gnu/libXcomposite.so.1.0.0
7ff084279000-7ff08427a000 r--p 00001000 08:02 1187922                    /usr/lib/x86_64-linux-gnu/libXcomposite.so.1.0.0
7ff08427a000-7ff08427b000 rw-p 00002000 08:02 1187922                    /usr/lib/x86_64-linux-gnu/libXcomposite.so.1.0.0
7ff084280000-7ff084289000 r-xp 00000000 08:02 1187948                    /usr/lib/x86_64-linux-gnu/libXrandr.so.2.2.0
7ff084289000-7ff084488000 ---p 00009000 08:02 1187948                    /usr/lib/x86_64-linux-gnu/libXrandr.so.2.2.0
7ff084488000-7ff084489000 r--p 00008000 08:02 1187948                    /usr/lib/x86_64-linux-gnu/libXrandr.so.2.2.0
7ff084489000-7ff08448a000 rw-p 00009000 08:02 1187948                    /usr/lib/x86_64-linux-gnu/libXrandr.so.2.2.0
7ff084490000-7ff084492000 r-xp 00000000 08:02 1187940                    /usr/lib/x86_64-linux-gnu/libXinerama.so.1.0.0
7ff084492000-7ff084691000 ---p 00002000 08:02 1187940                    /usr/lib/x86_64-linux-gnu/libXinerama.so.1.0.0
7ff084691000-7ff084692000 r--p 00001000 08:02 1187940                    /usr/lib/x86_64-linux-gnu/libXinerama.so.1.0.0
7ff084692000-7ff084693000 rw-p 00002000 08:02 1187940                    /usr/lib/x86_64-linux-gnu/libXinerama.so.1.0.0
7ff084698000-7ff08469d000 r-xp 00000000 08:02 1188994                    /usr/lib/x86_64-linux-gnu/libv4l1.so.0.0.0
7ff08469d000-7ff08489c000 ---p 00005000 08:02 1188994                    /usr/lib/x86_64-linux-gnu/libv4l1.so.0.0.0
7ff08489c000-7ff08489d000 r--p 00004000 08:02 1188994                    /usr/lib/x86_64-linux-gnu/libv4l1.so.0.0.0
7ff08489d000-7ff08489e000 rw-p 00005000 08:02 1188994                    /usr/lib/x86_64-linux-gnu/libv4l1.so.0.0.0
7ff0848a0000-7ff0848a1000 r-xp 00000000 08:02 1181659                    /usr/lib/x86_64-linux-gnu/libgthread-2.0.so.0.4002.0
7ff0848a1000-7ff084aa0000 ---p 00001000 08:02 1181659                    /usr/lib/x86_64-linux-gnu/libgthread-2.0.so.0.4002.0
7ff084aa0000-7ff084aa1000 r--p 00000000 08:02 1181659                    /usr/lib/x86_64-linux-gnu/libgthread-2.0.so.0.4002.0
7ff084aa1000-7ff084aa2000 rw-p 00001000 08:02 1181659                    /usr/lib/x86_64-linux-gnu/libgthread-2.0.so.0.4002.0
7ff084aa8000-7ff084af2000 r-xp 00000000 08:02 1181864                    /usr/lib/x86_64-linux-gnu/libpango-1.0.so.0.3600.3
7ff084af2000-7ff084cf2000 ---p 0004a000 08:02 1181864                    /usr/lib/x86_64-linux-gnu/libpango-1.0.so.0.3600.3
7ff084cf2000-7ff084cf4000 r--p 0004a000 08:02 1181864                    /usr/lib/x86_64-linux-gnu/libpango-1.0.so.0.3600.3
7ff084cf4000-7ff084cf5000 rw-p 0004c000 08:02 1181864                    /usr/lib/x86_64-linux-gnu/libpango-1.0.so.0.3600.3
7ff084cf8000-7ff084d0c000 r-xp 00000000 08:02 1181866                    /usr/lib/x86_64-linux-gnu/libpangoft2-1.0.so.0.3600.3
7ff084d0c000-7ff084f0b000 ---p 00014000 08:02 1181866                    /usr/lib/x86_64-linux-gnu/libpangoft2-1.0.so.0.3600.3
7ff084f0b000-7ff084f0c000 r--p 00013000 08:02 1181866                    /usr/lib/x86_64-linux-gnu/libpangoft2-1.0.so.0.3600.3
7ff084f0c000-7ff084f0d000 rw-p 00014000 08:02 1181866                    /usr/lib/x86_64-linux-gnu/libpangoft2-1.0.so.0.3600.3
7ff084f10000-7ff084f2f000 r-xp 00000000 08:02 1188324                    /usr/lib/x86_64-linux-gnu/libgdk_pixbuf-2.0.so.0.3000.7
7ff084f2f000-7ff08512f000 ---p 0001f000 08:02 1188324                    /usr/lib/x86_64-linux-gnu/libgdk_pixbuf-2.0.so.0.3000.7
7ff08512f000-7ff085130000 r--p 0001f000 08:02 1188324                    /usr/lib/x86_64-linux-gnu/libgdk_pixbuf-2.0.so.0.3000.7
7ff085130000-7ff085131000 rw-p 00020000 08:02 1188324                    /usr/lib/x86_64-linux-gnu/libgdk_pixbuf-2.0.so.0.3000.7
7ff085138000-7ff08523e000 r-xp 00000000 08:02 1184068                    /usr/lib/x86_64-linux-gnu/libcairo.so.2.11301.0
7ff08523e000-7ff08543d000 ---p 00106000 08:02 1184068                    /usr/lib/x86_64-linux-gnu/libcairo.so.2.11301.0
7ff08543d000-7ff085440000 r--p 00105000 08:02 1184068                    /usr/lib/x86_64-linux-gnu/libcairo.so.2.11301.0
7ff085440000-7ff085441000 rw-p 00108000 08:02 1184068                    /usr/lib/x86_64-linux-gnu/libcairo.so.2.11301.0
7ff085441000-7ff085443000 rw-p 00000000 00:00 0 
7ff085448000-7ff085467000 r-xp 00000000 08:02 1188009                    /usr/lib/x86_64-linux-gnu/libatk-1.0.so.0.21009.1
7ff085467000-7ff085667000 ---p 0001f000 08:02 1188009                    /usr/lib/x86_64-linux-gnu/libatk-1.0.so.0.21009.1
7ff085667000-7ff085669000 r--p 0001f000 08:02 1188009                    /usr/lib/x86_64-linux-gnu/libatk-1.0.so.0.21009.1
7ff085669000-7ff08566a000 rw-p 00021000 08:02 1188009                    /usr/lib/x86_64-linux-gnu/libatk-1.0.so.0.21009.1
7ff085670000-7ff08567b000 r-xp 00000000 08:02 1181862                    /usr/lib/x86_64-linux-gnu/libpangocairo-1.0.so.0.3600.3
7ff08567b000-7ff08587b000 ---p 0000b000 08:02 1181862                    /usr/lib/x86_64-linux-gnu/libpangocairo-1.0.so.0.3600.3
7ff08587b000-7ff08587c000 r--p 0000b000 08:02 1181862                    /usr/lib/x86_64-linux-gnu/libpangocairo-1.0.so.0.3600.3
7ff08587c000-7ff08587d000 rw-p 0000c000 08:02 1181862                    /usr/lib/x86_64-linux-gnu/libpangocairo-1.0.so.0.3600.3
7ff085880000-7ff08592d000 r-xp 00000000 08:02 1185800                    /usr/lib/x86_64-linux-gnu/libgdk-x11-2.0.so.0.2400.23
7ff08592d000-7ff085b2c000 ---p 000ad000 08:02 1185800                    /usr/lib/x86_64-linux-gnu/libgdk-x11-2.0.so.0.2400.23
7ff085b2c000-7ff085b30000 r--p 000ac000 08:02 1185800                    /usr/lib/x86_64-linux-gnu/libgdk-x11-2.0.so.0.2400.23
7ff085b30000-7ff085b32000 rw-p 000b0000 08:02 1185800                    /usr/lib/x86_64-linux-gnu/libgdk-x11-2.0.so.0.2400.23
7ff085b38000-7ff085f67000 r-xp 00000000 08:02 1190134                    /usr/lib/x86_64-linux-gnu/libgtk-x11-2.0.so.0.2400.23
7ff085f67000-7ff086166000 ---p 0042f000 08:02 1190134                    /usr/lib/x86_64-linux-gnu/libgtk-x11-2.0.so.0.2400.23
7ff086166000-7ff08616d000 r--p 0042e000 08:02 1190134                    /usr/lib/x86_64-linux-gnu/libgtk-x11-2.0.so.0.2400.23
7ff08616d000-7ff086171000 rw-p 00435000 08:02 1190134                    /usr/lib/x86_64-linux-gnu/libgtk-x11-2.0.so.0.2400.23
7ff086171000-7ff086174000 rw-p 00000000 00:00 0 
7ff086178000-7ff0863bf000 r-xp 00000000 08:02 271342                     /tmp/javacpp6962658153373/libopencv_highgui.so.2.4
7ff0863bf000-7ff0865bf000 ---p 00247000 08:02 271342                     /tmp/javacpp6962658153373/libopencv_highgui.so.2.4
7ff0865bf000-7ff0865c7000 r--p 00247000 08:02 271342                     /tmp/javacpp6962658153373/libopencv_highgui.so.2.4
7ff0865c7000-7ff0865d0000 rw-p 0024f000 08:02 271342                     /tmp/javacpp6962658153373/libopencv_highgui.so.2.4
7ff0865d0000-7ff0865d8000 rw-p 00000000 00:00 0 
7ff0865d8000-7ff086833000 r-xp 00000000 08:02 271341                     /tmp/javacpp6962658153373/libopencv_imgproc.so.2.4
7ff086833000-7ff086a33000 ---p 0025b000 08:02 271341                     /tmp/javacpp6962658153373/libopencv_imgproc.so.2.4
7ff086a33000-7ff086a3a000 r--p 0025b000 08:02 271341                     /tmp/javacpp6962658153373/libopencv_imgproc.so.2.4
7ff086a3a000-7ff086a3c000 rw-p 00262000 08:02 271341                     /tmp/javacpp6962658153373/libopencv_imgproc.so.2.4
7ff086a3c000-7ff086ad1000 rw-p 00000000 00:00 0 
7ff086ad8000-7ff086d81000 r-xp 00000000 08:02 271340                     /tmp/javacpp6962658153373/libopencv_core.so.2.4
7ff086d81000-7ff086f80000 ---p 002a9000 08:02 271340                     /tmp/javacpp6962658153373/libopencv_core.so.2.4
7ff086f80000-7ff086f84000 r--p 002a8000 08:02 271340                     /tmp/javacpp6962658153373/libopencv_core.so.2.4
7ff086f84000-7ff086f8d000 rw-p 002ac000 08:02 271340                     /tmp/javacpp6962658153373/libopencv_core.so.2.4
7ff086f8d000-7ff086f90000 rw-p 00000000 00:00 0 
7ff086f90000-7ff086fb9000 r-xp 00000000 08:02 271339                     /tmp/javacpp6962658153373/libtbb.so
7ff086fb9000-7ff0871b8000 ---p 00029000 08:02 271339                     /tmp/javacpp6962658153373/libtbb.so
7ff0871b8000-7ff0871ba000 r--p 00028000 08:02 271339                     /tmp/javacpp6962658153373/libtbb.so
7ff0871ba000-7ff0871bb000 rw-p 0002a000 08:02 271339                     /tmp/javacpp6962658153373/libtbb.so
7ff0871c0000-7ff0871e6000 r-xp 00000000 08:02 271338                     /tmp/javacpp6962658153373/libjnifreenect.so
7ff0871e6000-7ff0873e5000 ---p 00026000 08:02 271338                     /tmp/javacpp6962658153373/libjnifreenect.so
7ff0873e5000-7ff0873e6000 r--p 00025000 08:02 271338                     /tmp/javacpp6962658153373/libjnifreenect.so
7ff0873e6000-7ff0873e7000 rw-p 00026000 08:02 271338                     /tmp/javacpp6962658153373/libjnifreenect.so
7ff0873e8000-7ff0873eb000 r-xp 00000000 08:02 271337                     /tmp/javacpp6962658153373/libfreenect_sync.so
7ff0873eb000-7ff0875ea000 ---p 00003000 08:02 271337                     /tmp/javacpp6962658153373/libfreenect_sync.so
7ff0875ea000-7ff0875eb000 r--p 00002000 08:02 271337                     /tmp/javacpp6962658153373/libfreenect_sync.so
7ff0875eb000-7ff0875ec000 rw-p 00003000 08:02 271337                     /tmp/javacpp6962658153373/libfreenect_sync.so
7ff0875f0000-7ff0875fe000 r-xp 00000000 08:02 271336                     /tmp/javacpp6962658153373/libfreenect.so
7ff0875fe000-7ff0877fd000 ---p 0000e000 08:02 271336                     /tmp/javacpp6962658153373/libfreenect.so
7ff0877fd000-7ff0877fe000 r--p 0000d000 08:02 271336                     /tmp/javacpp6962658153373/libfreenect.so
7ff0877fe000-7ff0877ff000 rw-p 0000e000 08:02 271336                     /tmp/javacpp6962658153373/libfreenect.so
7ff0877ff000-7ff087800000 ---p 00000000 00:00 0 
7ff087800000-7ff088000000 rw-p 00000000 00:00 0 
7ff088000000-7ff08804a000 rw-p 00000000 00:00 0 
7ff08804a000-7ff08c000000 ---p 00000000 00:00 0 
7ff08c000000-7ff08c08e000 rw-p 00000000 00:00 0 
7ff08c08e000-7ff090000000 ---p 00000000 00:00 0 
7ff090000000-7ff090072000 rw-p 00000000 00:00 0 
7ff090072000-7ff094000000 ---p 00000000 00:00 0 
7ff094000000-7ff094021000 rw-p 00000000 00:00 0 
7ff094021000-7ff098000000 ---p 00000000 00:00 0 
7ff098000000-7ff098001000 r--s 00000000 08:02 2756958                    /var/cache/fontconfig/b9d506c9ac06c20b433354fa67a72993-le64.cache-4
7ff098008000-7ff09800c000 r--s 00000000 08:02 2756952                    /var/cache/fontconfig/7ef2298fde41cc6eeb7af42e48b7d293-le64.cache-4
7ff098038000-7ff09808a000 r-xp 00000000 08:02 271335                     /tmp/javacpp6962658153373/libjnidc1394.so
7ff09808a000-7ff098289000 ---p 00052000 08:02 271335                     /tmp/javacpp6962658153373/libjnidc1394.so
7ff098289000-7ff09828a000 r--p 00051000 08:02 271335                     /tmp/javacpp6962658153373/libjnidc1394.so
7ff09828a000-7ff09828b000 rw-p 00052000 08:02 271335                     /tmp/javacpp6962658153373/libjnidc1394.so
7ff098290000-7ff098298000 r-xp 00000000 08:02 1445949                    /lib/x86_64-linux-gnu/libnih-dbus.so.1.0.0
7ff098298000-7ff098498000 ---p 00008000 08:02 1445949                    /lib/x86_64-linux-gnu/libnih-dbus.so.1.0.0
7ff098498000-7ff098499000 r--p 00008000 08:02 1445949                    /lib/x86_64-linux-gnu/libnih-dbus.so.1.0.0
7ff098499000-7ff09849a000 rw-p 00009000 08:02 1445949                    /lib/x86_64-linux-gnu/libnih-dbus.so.1.0.0
7ff0984a0000-7ff0984b7000 r-xp 00000000 08:02 1445951                    /lib/x86_64-linux-gnu/libnih.so.1.0.0
7ff0984b7000-7ff0986b6000 ---p 00017000 08:02 1445951                    /lib/x86_64-linux-gnu/libnih.so.1.0.0
7ff0986b6000-7ff0986b7000 r--p 00016000 08:02 1445951                    /lib/x86_64-linux-gnu/libnih.so.1.0.0
7ff0986b7000-7ff0986b8000 rw-p 00017000 08:02 1445951                    /lib/x86_64-linux-gnu/libnih.so.1.0.0
7ff0986b8000-7ff0986d1000 r-xp 00000000 08:02 1444015                    /lib/x86_64-linux-gnu/libcgmanager.so.0.0.0
7ff0986d1000-7ff0988d0000 ---p 00019000 08:02 1444015                    /lib/x86_64-linux-gnu/libcgmanager.so.0.0.0
7ff0988d0000-7ff0988d2000 r--p 00018000 08:02 1444015                    /lib/x86_64-linux-gnu/libcgmanager.so.0.0.0
7ff0988d2000-7ff0988d3000 rw-p 0001a000 08:02 1444015                    /lib/x86_64-linux-gnu/libcgmanager.so.0.0.0
7ff0988d8000-7ff0988e8000 r-xp 00000000 08:02 1442754                    /lib/x86_64-linux-gnu/libudev.so.1.3.5
7ff0988e8000-7ff098ae7000 ---p 00010000 08:02 1442754                    /lib/x86_64-linux-gnu/libudev.so.1.3.5
7ff098ae7000-7ff098ae8000 r--p 0000f000 08:02 1442754                    /lib/x86_64-linux-gnu/libudev.so.1.3.5
7ff098ae8000-7ff098ae9000 rw-p 00010000 08:02 1442754                    /lib/x86_64-linux-gnu/libudev.so.1.3.5
7ff098af0000-7ff098b05000 r-xp 00000000 08:02 1446041                    /lib/x86_64-linux-gnu/libusb-1.0.so.0.1.0
7ff098b05000-7ff098d05000 ---p 00015000 08:02 1446041                    /lib/x86_64-linux-gnu/libusb-1.0.so.0.1.0
7ff098d05000-7ff098d06000 r--p 00015000 08:02 1446041                    /lib/x86_64-linux-gnu/libusb-1.0.so.0.1.0
7ff098d06000-7ff098d07000 rw-p 00016000 08:02 1446041                    /lib/x86_64-linux-gnu/libusb-1.0.so.0.1.0
7ff098d08000-7ff098d15000 r-xp 00000000 08:02 1188844                    /usr/lib/x86_64-linux-gnu/libraw1394.so.11.1.0
7ff098d15000-7ff098f14000 ---p 0000d000 08:02 1188844                    /usr/lib/x86_64-linux-gnu/libraw1394.so.11.1.0
7ff098f14000-7ff098f15000 r--p 0000c000 08:02 1188844                    /usr/lib/x86_64-linux-gnu/libraw1394.so.11.1.0
7ff098f15000-7ff098f16000 rw-p 0000d000 08:02 1188844                    /usr/lib/x86_64-linux-gnu/libraw1394.so.11.1.0
7ff098f18000-7ff098f4b000 r-xp 00000000 08:02 271334                     /tmp/javacpp6962658153373/libdc1394.so.22
7ff098f4b000-7ff09914b000 ---p 00033000 08:02 271334                     /tmp/javacpp6962658153373/libdc1394.so.22
7ff09914b000-7ff09914c000 r--p 00033000 08:02 271334                     /tmp/javacpp6962658153373/libdc1394.so.22
7ff09914c000-7ff09914d000 rw-p 00034000 08:02 271334                     /tmp/javacpp6962658153373/libdc1394.so.22
7ff09914d000-7ff09918d000 rw-p 00000000 00:00 0 
7ff09918f000-7ff0991c0000 rw-p 00000000 00:00 0 
7ff0991c0000-7ff0991d7000 r-xp 00000000 08:02 1317766                    /usr/lib/jvm/java-7-openjdk-amd64/jre/lib/amd64/libnet.so
7ff0991d7000-7ff0993d6000 ---p 00017000 08:02 1317766                    /usr/lib/jvm/java-7-openjdk-amd64/jre/lib/amd64/libnet.so
7ff0993d6000-7ff0993d7000 r--p 00016000 08:02 1317766                    /usr/lib/jvm/java-7-openjdk-amd64/jre/lib/amd64/libnet.so
7ff0993d7000-7ff0993d8000 rw-p 00017000 08:02 1317766                    /usr/lib/jvm/java-7-openjdk-amd64/jre/lib/amd64/libnet.so
7ff0993d8000-7ff0993e8000 r-xp 00000000 08:02 1317771                    /usr/lib/jvm/java-7-openjdk-amd64/jre/lib/amd64/libnio.so
7ff0993e8000-7ff0995e8000 ---p 00010000 08:02 1317771                    /usr/lib/jvm/java-7-openjdk-amd64/jre/lib/amd64/libnio.so
7ff0995e8000-7ff0995e9000 r--p 00010000 08:02 1317771                    /usr/lib/jvm/java-7-openjdk-amd64/jre/lib/amd64/libnio.so
7ff0995e9000-7ff0995ea000 rw-p 00011000 08:02 1317771                    /usr/lib/jvm/java-7-openjdk-amd64/jre/lib/amd64/libnio.so
7ff0995ee000-7ff0995f1000 ---p 00000000 00:00 0 
7ff0995f1000-7ff0996ef000 rw-p 00000000 00:00 0                          [stack:8561]
7ff0996ef000-7ff0996f2000 ---p 00000000 00:00 0 
7ff0996f2000-7ff0997f0000 rw-p 00000000 00:00 0                          [stack:8532]
7ff0997f0000-7ff0997f5000 r-xp 00000000 08:02 1185797                    /usr/lib/x86_64-linux-gnu/libXfixes.so.3.1.0
7ff0997f5000-7ff0999f4000 ---p 00005000 08:02 1185797                    /usr/lib/x86_64-linux-gnu/libXfixes.so.3.1.0
7ff0999f4000-7ff0999f5000 r--p 00004000 08:02 1185797                    /usr/lib/x86_64-linux-gnu/libXfixes.so.3.1.0
7ff0999f5000-7ff0999f6000 rw-p 00005000 08:02 1185797                    /usr/lib/x86_64-linux-gnu/libXfixes.so.3.1.0
7ff0999f8000-7ff099a01000 r-xp 00000000 08:02 1187924                    /usr/lib/x86_64-linux-gnu/libXcursor.so.1.0.2
7ff099a01000-7ff099c00000 ---p 00009000 08:02 1187924                    /usr/lib/x86_64-linux-gnu/libXcursor.so.1.0.2
7ff099c00000-7ff099c01000 r--p 00008000 08:02 1187924                    /usr/lib/x86_64-linux-gnu/libXcursor.so.1.0.2
7ff099c01000-7ff099c02000 rw-p 00009000 08:02 1187924                    /usr/lib/x86_64-linux-gnu/libXcursor.so.1.0.2
7ff099c07000-7ff099c0a000 ---p 00000000 00:00 0 
7ff099c0a000-7ff099d08000 rw-p 00000000 00:00 0                          [stack:8531]
7ff099d08000-7ff099d0c000 r-xp 00000000 08:02 1445919                    /lib/x86_64-linux-gnu/libgpg-error.so.0.10.0
7ff099d0c000-7ff099f0b000 ---p 00004000 08:02 1445919                    /lib/x86_64-linux-gnu/libgpg-error.so.0.10.0
7ff099f0b000-7ff099f0c000 r--p 00003000 08:02 1445919                    /lib/x86_64-linux-gnu/libgpg-error.so.0.10.0
7ff099f0c000-7ff099f0d000 rw-p 00004000 08:02 1445919                    /lib/x86_64-linux-gnu/libgpg-error.so.0.10.0
7ff099f10000-7ff099f12000 r-xp 00000000 08:02 1445929                    /lib/x86_64-linux-gnu/libkeyutils.so.1.4
7ff099f12000-7ff09a112000 ---p 00002000 08:02 1445929                    /lib/x86_64-linux-gnu/libkeyutils.so.1.4
7ff09a112000-7ff09a113000 r--p 00002000 08:02 1445929                    /lib/x86_64-linux-gnu/libkeyutils.so.1.4
7ff09a113000-7ff09a114000 rw-p 00003000 08:02 1445929                    /lib/x86_64-linux-gnu/libkeyutils.so.1.4
7ff09a118000-7ff09a155000 r-xp 00000000 08:02 1445990                    /lib/x86_64-linux-gnu/libpcre.so.3.13.1
7ff09a155000-7ff09a354000 ---p 0003d000 08:02 1445990                    /lib/x86_64-linux-gnu/libpcre.so.3.13.1
7ff09a354000-7ff09a355000 r--p 0003c000 08:02 1445990                    /lib/x86_64-linux-gnu/libpcre.so.3.13.1
7ff09a355000-7ff09a356000 rw-p 0003d000 08:02 1445990                    /lib/x86_64-linux-gnu/libpcre.so.3.13.1
7ff09a358000-7ff09a37d000 r-xp 00000000 08:02 1446002                    /lib/x86_64-linux-gnu/libpng12.so.0.50.0
7ff09a37d000-7ff09a57c000 ---p 00025000 08:02 1446002                    /lib/x86_64-linux-gnu/libpng12.so.0.50.0
7ff09a57c000-7ff09a57d000 r--p 00024000 08:02 1446002                    /lib/x86_64-linux-gnu/libpng12.so.0.50.0
7ff09a57d000-7ff09a57e000 rw-p 00025000 08:02 1446002                    /lib/x86_64-linux-gnu/libpng12.so.0.50.0
7ff09a580000-7ff09a5c4000 r-xp 00000000 08:02 1444769                    /lib/x86_64-linux-gnu/libdbus-1.so.3.7.6
7ff09a5c4000-7ff09a7c3000 ---p 00044000 08:02 1444769                    /lib/x86_64-linux-gnu/libdbus-1.so.3.7.6
7ff09a7c3000-7ff09a7c4000 r--p 00043000 08:02 1444769                    /lib/x86_64-linux-gnu/libdbus-1.so.3.7.6
7ff09a7c4000-7ff09a7c5000 rw-p 00044000 08:02 1444769                    /lib/x86_64-linux-gnu/libdbus-1.so.3.7.6
7ff09a7c8000-7ff09a803000 r-xp 00000000 08:02 1188762                    /usr/lib/x86_64-linux-gnu/libp11-kit.so.0.0.0
7ff09a803000-7ff09aa02000 ---p 0003b000 08:02 1188762                    /usr/lib/x86_64-linux-gnu/libp11-kit.so.0.0.0
7ff09aa02000-7ff09aa08000 r--p 0003a000 08:02 1188762                    /usr/lib/x86_64-linux-gnu/libp11-kit.so.0.0.0
7ff09aa08000-7ff09aa0a000 rw-p 00040000 08:02 1188762                    /usr/lib/x86_64-linux-gnu/libp11-kit.so.0.0.0
7ff09aa10000-7ff09aa22000 r-xp 00000000 08:02 1190002                    /usr/lib/x86_64-linux-gnu/libtasn1.so.6.2.0
7ff09aa22000-7ff09ac22000 ---p 00012000 08:02 1190002                    /usr/lib/x86_64-linux-gnu/libtasn1.so.6.2.0
7ff09ac22000-7ff09ac23000 r--p 00012000 08:02 1190002                    /usr/lib/x86_64-linux-gnu/libtasn1.so.6.2.0
7ff09ac23000-7ff09ac24000 rw-p 00013000 08:02 1190002                    /usr/lib/x86_64-linux-gnu/libtasn1.so.6.2.0
7ff09ac28000-7ff09aca4000 r-xp 00000000 08:02 1443002                    /lib/x86_64-linux-gnu/libgcrypt.so.11.8.2
7ff09aca4000-7ff09aea4000 ---p 0007c000 08:02 1443002                    /lib/x86_64-linux-gnu/libgcrypt.so.11.8.2
7ff09aea4000-7ff09aea5000 r--p 0007c000 08:02 1443002                    /lib/x86_64-linux-gnu/libgcrypt.so.11.8.2
7ff09aea5000-7ff09aea8000 rw-p 0007d000 08:02 1443002                    /lib/x86_64-linux-gnu/libgcrypt.so.11.8.2
7ff09aea8000-7ff09aeb2000 r-xp 00000000 08:02 1185597                    /usr/lib/x86_64-linux-gnu/libkrb5support.so.0.1
7ff09aeb2000-7ff09b0b1000 ---p 0000a000 08:02 1185597                    /usr/lib/x86_64-linux-gnu/libkrb5support.so.0.1
7ff09b0b1000-7ff09b0b2000 r--p 00009000 08:02 1185597                    /usr/lib/x86_64-linux-gnu/libkrb5support.so.0.1
7ff09b0b2000-7ff09b0b3000 rw-p 0000a000 08:02 1185597                    /usr/lib/x86_64-linux-gnu/libkrb5support.so.0.1
7ff09b0b8000-7ff09b0bb000 r-xp 00000000 08:02 1444828                    /lib/x86_64-linux-gnu/libcom_err.so.2.1
7ff09b0bb000-7ff09b2ba000 ---p 00003000 08:02 1444828                    /lib/x86_64-linux-gnu/libcom_err.so.2.1
7ff09b2ba000-7ff09b2bb000 r--p 00002000 08:02 1444828                    /lib/x86_64-linux-gnu/libcom_err.so.2.1
7ff09b2bb000-7ff09b2bc000 rw-p 00003000 08:02 1444828                    /lib/x86_64-linux-gnu/libcom_err.so.2.1
7ff09b2c0000-7ff09b2ec000 r-xp 00000000 08:02 1180183                    /usr/lib/x86_64-linux-gnu/libk5crypto.so.3.1
7ff09b2ec000-7ff09b4eb000 ---p 0002c000 08:02 1180183                    /usr/lib/x86_64-linux-gnu/libk5crypto.so.3.1
7ff09b4eb000-7ff09b4ed000 r--p 0002b000 08:02 1180183                    /usr/lib/x86_64-linux-gnu/libk5crypto.so.3.1
7ff09b4ed000-7ff09b4ee000 rw-p 0002d000 08:02 1180183                    /usr/lib/x86_64-linux-gnu/libk5crypto.so.3.1
7ff09b4ee000-7ff09b4ef000 rw-p 00000000 00:00 0 
7ff09b4f0000-7ff09b5ac000 r-xp 00000000 08:02 1185595                    /usr/lib/x86_64-linux-gnu/libkrb5.so.3.3
7ff09b5ac000-7ff09b7ac000 ---p 000bc000 08:02 1185595                    /usr/lib/x86_64-linux-gnu/libkrb5.so.3.3
7ff09b7ac000-7ff09b7b9000 r--p 000bc000 08:02 1185595                    /usr/lib/x86_64-linux-gnu/libkrb5.so.3.3
7ff09b7b9000-7ff09b7bb000 rw-p 000c9000 08:02 1185595                    /usr/lib/x86_64-linux-gnu/libkrb5.so.3.3
7ff09b7c0000-7ff09b7c5000 r-xp 00000000 08:02 1187928                    /usr/lib/x86_64-linux-gnu/libXdmcp.so.6.0.0
7ff09b7c5000-7ff09b9c4000 ---p 00005000 08:02 1187928                    /usr/lib/x86_64-linux-gnu/libXdmcp.so.6.0.0
7ff09b9c4000-7ff09b9c5000 r--p 00004000 08:02 1187928                    /usr/lib/x86_64-linux-gnu/libXdmcp.so.6.0.0
7ff09b9c5000-7ff09b9c6000 rw-p 00005000 08:02 1187928                    /usr/lib/x86_64-linux-gnu/libXdmcp.so.6.0.0
7ff09b9c8000-7ff09b9ca000 r-xp 00000000 08:02 1187917                    /usr/lib/x86_64-linux-gnu/libXau.so.6.0.0
7ff09b9ca000-7ff09bbca000 ---p 00002000 08:02 1187917                    /usr/lib/x86_64-linux-gnu/libXau.so.6.0.0
7ff09bbca000-7ff09bbcb000 r--p 00002000 08:02 1187917                    /usr/lib/x86_64-linux-gnu/libXau.so.6.0.0
7ff09bbcb000-7ff09bbcc000 rw-p 00003000 08:02 1187917                    /usr/lib/x86_64-linux-gnu/libXau.so.6.0.0
7ff09bbd0000-7ff09bbd7000 r-xp 00000000 08:02 1188226                    /usr/lib/x86_64-linux-gnu/libffi.so.6.0.1
7ff09bbd7000-7ff09bdd6000 ---p 00007000 08:02 1188226                    /usr/lib/x86_64-linux-gnu/libffi.so.6.0.1
7ff09bdd6000-7ff09bdd7000 r--p 00006000 08:02 1188226                    /usr/lib/x86_64-linux-gnu/libffi.so.6.0.1
7ff09bdd7000-7ff09bdd8000 rw-p 00007000 08:02 1188226                    /usr/lib/x86_64-linux-gnu/libffi.so.6.0.1
7ff09bdd8000-7ff09bdf8000 r-xp 00000000 08:02 1441806                    /lib/x86_64-linux-gnu/libselinux.so.1
7ff09bdf8000-7ff09bff7000 ---p 00020000 08:02 1441806                    /lib/x86_64-linux-gnu/libselinux.so.1
7ff09bff7000-7ff09bff8000 r--p 0001f000 08:02 1441806                    /lib/x86_64-linux-gnu/libselinux.so.1
7ff09bff8000-7ff09bff9000 rw-p 00020000 08:02 1441806                    /lib/x86_64-linux-gnu/libselinux.so.1
7ff09bff9000-7ff09bffb000 rw-p 00000000 00:00 0 
7ff09c000000-7ff09c692000 rw-p 00000000 00:00 0 
7ff09c692000-7ff0a0000000 ---p 00000000 00:00 0 
7ff0a0000000-7ff0a0021000 rw-p 00000000 00:00 0 
7ff0a0021000-7ff0a4000000 ---p 00000000 00:00 0 
7ff0a4000000-7ff0a4021000 rw-p 00000000 00:00 0 
7ff0a4021000-7ff0a8000000 ---p 00000000 00:00 0 
7ff0a8000000-7ff0a8569000 rw-p 00000000 00:00 0 
7ff0a8569000-7ff0ac000000 ---p 00000000 00:00 0 
7ff0ac000000-7ff0ac021000 rw-p 00000000 00:00 0 
7ff0ac021000-7ff0b0000000 ---p 00000000 00:00 0 
7ff0b0000000-7ff0b0021000 rw-p 00000000 00:00 0 
7ff0b0021000-7ff0b4000000 ---p 00000000 00:00 0 
7ff0b4000000-7ff0b4081000 rw-p 00000000 00:00 0 
7ff0b4081000-7ff0b8000000 ---p 00000000 00:00 0 
7ff0b8018000-7ff0b811e000 r-xp 00000000 08:02 1443043                    /lib/x86_64-linux-gnu/libglib-2.0.so.0.4002.0
7ff0b811e000-7ff0b831d000 ---p 00106000 08:02 1443043                    /lib/x86_64-linux-gnu/libglib-2.0.so.0.4002.0
7ff0b831d000-7ff0b831e000 r--p 00105000 08:02 1443043                    /lib/x86_64-linux-gnu/libglib-2.0.so.0.4002.0
7ff0b831e000-7ff0b831f000 rw-p 00106000 08:02 1443043                    /lib/x86_64-linux-gnu/libglib-2.0.so.0.4002.0
7ff0b831f000-7ff0bc000000 rw-p 00000000 00:00 0 
7ff0bc000000-7ff0bc021000 rw-p 00000000 00:00 0 
7ff0bc021000-7ff0c0000000 ---p 00000000 00:00 0 
7ff0c0000000-7ff0c0001000 r--s 00000000 08:02 2756953                    /var/cache/fontconfig/0c9eb80ebd1c36541ebe2852d3bb0c49-le64.cache-4
7ff0c0008000-7ff0c001f000 r-xp 00000000 08:02 1441817                    /lib/x86_64-linux-gnu/libresolv-2.19.so
7ff0c001f000-7ff0c021f000 ---p 00017000 08:02 1441817                    /lib/x86_64-linux-gnu/libresolv-2.19.so
7ff0c021f000-7ff0c0220000 r--p 00017000 08:02 1441817                    /lib/x86_64-linux-gnu/libresolv-2.19.so
7ff0c0220000-7ff0c0221000 rw-p 00018000 08:02 1441817                    /lib/x86_64-linux-gnu/libresolv-2.19.so
7ff0c0221000-7ff0c0223000 rw-p 00000000 00:00 0 
7ff0c0228000-7ff0c022b000 r-xp 00000000 08:02 1181655                    /usr/lib/x86_64-linux-gnu/libgmodule-2.0.so.0.4002.0
7ff0c022b000-7ff0c042a000 ---p 00003000 08:02 1181655                    /usr/lib/x86_64-linux-gnu/libgmodule-2.0.so.0.4002.0
7ff0c042a000-7ff0c042b000 r--p 00002000 08:02 1181655                    /usr/lib/x86_64-linux-gnu/libgmodule-2.0.so.0.4002.0
7ff0c042b000-7ff0c042c000 rw-p 00003000 08:02 1181655                    /usr/lib/x86_64-linux-gnu/libgmodule-2.0.so.0.4002.0
7ff0c0430000-7ff0c0457000 r-xp 00000000 08:02 1445908                    /lib/x86_64-linux-gnu/libexpat.so.1.6.0
7ff0c0457000-7ff0c0657000 ---p 00027000 08:02 1445908                    /lib/x86_64-linux-gnu/libexpat.so.1.6.0
7ff0c0657000-7ff0c0659000 r--p 00027000 08:02 1445908                    /lib/x86_64-linux-gnu/libexpat.so.1.6.0
7ff0c0659000-7ff0c065a000 rw-p 00029000 08:02 1445908                    /lib/x86_64-linux-gnu/libexpat.so.1.6.0
7ff0c0660000-7ff0c06fd000 r-xp 00000000 08:02 1180395                    /usr/lib/x86_64-linux-gnu/libfreetype.so.6.11.1
7ff0c06fd000-7ff0c08fc000 ---p 0009d000 08:02 1180395                    /usr/lib/x86_64-linux-gnu/libfreetype.so.6.11.1
7ff0c08fc000-7ff0c0902000 r--p 0009c000 08:02 1180395                    /usr/lib/x86_64-linux-gnu/libfreetype.so.6.11.1
7ff0c0902000-7ff0c0903000 rw-p 000a2000 08:02 1180395                    /usr/lib/x86_64-linux-gnu/libfreetype.so.6.11.1
7ff0c0908000-7ff0c0917000 r-xp 00000000 08:02 1188021                    /usr/lib/x86_64-linux-gnu/libavahi-client.so.3.2.9
7ff0c0917000-7ff0c0b17000 ---p 0000f000 08:02 1188021                    /usr/lib/x86_64-linux-gnu/libavahi-client.so.3.2.9
7ff0c0b17000-7ff0c0b18000 r--p 0000f000 08:02 1188021                    /usr/lib/x86_64-linux-gnu/libavahi-client.so.3.2.9
7ff0c0b18000-7ff0c0b19000 rw-p 00010000 08:02 1188021                    /usr/lib/x86_64-linux-gnu/libavahi-client.so.3.2.9
7ff0c0b20000-7ff0c0b2b000 r-xp 00000000 08:02 1188023                    /usr/lib/x86_64-linux-gnu/libavahi-common.so.3.5.3
7ff0c0b2b000-7ff0c0d2a000 ---p 0000b000 08:02 1188023                    /usr/lib/x86_64-linux-gnu/libavahi-common.so.3.5.3
7ff0c0d2a000-7ff0c0d2b000 r--p 0000a000 08:02 1188023                    /usr/lib/x86_64-linux-gnu/libavahi-common.so.3.5.3
7ff0c0d2b000-7ff0c0d2c000 rw-p 0000b000 08:02 1188023                    /usr/lib/x86_64-linux-gnu/libavahi-common.so.3.5.3
7ff0c0d30000-7ff0c0de6000 r-xp 00000000 08:02 1183583                    /usr/lib/x86_64-linux-gnu/libgnutls.so.26.22.6
7ff0c0de6000-7ff0c0fe6000 ---p 000b6000 08:02 1183583                    /usr/lib/x86_64-linux-gnu/libgnutls.so.26.22.6
7ff0c0fe6000-7ff0c0fec000 r--p 000b6000 08:02 1183583                    /usr/lib/x86_64-linux-gnu/libgnutls.so.26.22.6
7ff0c0fec000-7ff0c0fed000 rw-p 000bc000 08:02 1183583                    /usr/lib/x86_64-linux-gnu/libgnutls.so.26.22.6
7ff0c0fed000-7ff0c0fee000 rw-p 00000000 00:00 0 
7ff0c0ff0000-7ff0c1033000 r-xp 00000000 08:02 1182323                    /usr/lib/x86_64-linux-gnu/libgssapi_krb5.so.2.2
7ff0c1033000-7ff0c1233000 ---p 00043000 08:02 1182323                    /usr/lib/x86_64-linux-gnu/libgssapi_krb5.so.2.2
7ff0c1233000-7ff0c1234000 r--p 00043000 08:02 1182323                    /usr/lib/x86_64-linux-gnu/libgssapi_krb5.so.2.2
7ff0c1234000-7ff0c1236000 rw-p 00044000 08:02 1182323                    /usr/lib/x86_64-linux-gnu/libgssapi_krb5.so.2.2
7ff0c1238000-7ff0c1255000 r-xp 00000000 08:02 1189092                    /usr/lib/x86_64-linux-gnu/libxcb.so.1.1.0
7ff0c1255000-7ff0c1455000 ---p 0001d000 08:02 1189092                    /usr/lib/x86_64-linux-gnu/libxcb.so.1.1.0
7ff0c1455000-7ff0c1456000 r--p 0001d000 08:02 1189092                    /usr/lib/x86_64-linux-gnu/libxcb.so.1.1.0
7ff0c1456000-7ff0c1457000 rw-p 0001e000 08:02 1189092                    /usr/lib/x86_64-linux-gnu/libxcb.so.1.1.0
7ff0c1458000-7ff0c14a7000 r-xp 00000000 08:02 1181657                    /usr/lib/x86_64-linux-gnu/libgobject-2.0.so.0.4002.0
7ff0c14a7000-7ff0c16a7000 ---p 0004f000 08:02 1181657                    /usr/lib/x86_64-linux-gnu/libgobject-2.0.so.0.4002.0
7ff0c16a7000-7ff0c16a8000 r--p 0004f000 08:02 1181657                    /usr/lib/x86_64-linux-gnu/libgobject-2.0.so.0.4002.0
7ff0c16a8000-7ff0c16a9000 rw-p 00050000 08:02 1181657                    /usr/lib/x86_64-linux-gnu/libgobject-2.0.so.0.4002.0
7ff0c16b0000-7ff0c181c000 r-xp 00000000 08:02 1181661                    /usr/lib/x86_64-linux-gnu/libgio-2.0.so.0.4002.0
7ff0c181c000-7ff0c1a1b000 ---p 0016c000 08:02 1181661                    /usr/lib/x86_64-linux-gnu/libgio-2.0.so.0.4002.0
7ff0c1a1b000-7ff0c1a1f000 r--p 0016b000 08:02 1181661                    /usr/lib/x86_64-linux-gnu/libgio-2.0.so.0.4002.0
7ff0c1a1f000-7ff0c1a21000 rw-p 0016f000 08:02 1181661                    /usr/lib/x86_64-linux-gnu/libgio-2.0.so.0.4002.0
7ff0c1a21000-7ff0c1a23000 rw-p 00000000 00:00 0 
7ff0c1a28000-7ff0c1a62000 r-xp 00000000 08:02 1196543                    /usr/lib/x86_64-linux-gnu/libfontconfig.so.1.8.0
7ff0c1a62000-7ff0c1c61000 ---p 0003a000 08:02 1196543                    /usr/lib/x86_64-linux-gnu/libfontconfig.so.1.8.0
7ff0c1c61000-7ff0c1c63000 r--p 00039000 08:02 1196543                    /usr/lib/x86_64-linux-gnu/libfontconfig.so.1.8.0
7ff0c1c63000-7ff0c1c64000 rw-p 0003b000 08:02 1196543                    /usr/lib/x86_64-linux-gnu/libfontconfig.so.1.8.0
7ff0c1c68000-7ff0c1cd4000 r-xp 00000000 08:02 1180391                    /usr/lib/x86_64-linux-gnu/libcups.so.2
7ff0c1cd4000-7ff0c1ed4000 ---p 0006c000 08:02 1180391                    /usr/lib/x86_64-linux-gnu/libcups.so.2
7ff0c1ed4000-7ff0c1edb000 r--p 0006c000 08:02 1180391                    /usr/lib/x86_64-linux-gnu/libcups.so.2
7ff0c1edb000-7ff0c1edc000 rw-p 00073000 08:02 1180391                    /usr/lib/x86_64-linux-gnu/libcups.so.2
7ff0c1ee0000-7ff0c1eef000 r-xp 00000000 08:02 1188440                    /usr/lib/x86_64-linux-gnu/libXi.so.6.1.0
7ff0c1eef000-7ff0c20ee000 ---p 0000f000 08:02 1188440                    /usr/lib/x86_64-linux-gnu/libXi.so.6.1.0
7ff0c20ee000-7ff0c20ef000 r--p 0000e000 08:02 1188440                    /usr/lib/x86_64-linux-gnu/libXi.so.6.1.0
7ff0c20ef000-7ff0c20f0000 rw-p 0000f000 08:02 1188440                    /usr/lib/x86_64-linux-gnu/libXi.so.6.1.0
7ff0c20f0000-7ff0c20f5000 r-xp 00000000 08:02 1187956                    /usr/lib/x86_64-linux-gnu/libXtst.so.6.1.0
7ff0c20f5000-7ff0c22f4000 ---p 00005000 08:02 1187956                    /usr/lib/x86_64-linux-gnu/libXtst.so.6.1.0
7ff0c22f4000-7ff0c22f5000 r--p 00004000 08:02 1187956                    /usr/lib/x86_64-linux-gnu/libXtst.so.6.1.0
7ff0c22f5000-7ff0c22f6000 rw-p 00005000 08:02 1187956                    /usr/lib/x86_64-linux-gnu/libXtst.so.6.1.0
7ff0c22f8000-7ff0c2301000 r-xp 00000000 08:02 1190129                    /usr/lib/x86_64-linux-gnu/libXrender.so.1.3.0
7ff0c2301000-7ff0c2500000 ---p 00009000 08:02 1190129                    /usr/lib/x86_64-linux-gnu/libXrender.so.1.3.0
7ff0c2500000-7ff0c2501000 r--p 00008000 08:02 1190129                    /usr/lib/x86_64-linux-gnu/libXrender.so.1.3.0
7ff0c2501000-7ff0c2502000 rw-p 00009000 08:02 1190129                    /usr/lib/x86_64-linux-gnu/libXrender.so.1.3.0
7ff0c2508000-7ff0c2638000 r-xp 00000000 08:02 1187913                    /usr/lib/x86_64-linux-gnu/libX11.so.6.3.0
7ff0c2638000-7ff0c2838000 ---p 00130000 08:02 1187913                    /usr/lib/x86_64-linux-gnu/libX11.so.6.3.0
7ff0c2838000-7ff0c2839000 r--p 00130000 08:02 1187913                    /usr/lib/x86_64-linux-gnu/libX11.so.6.3.0
7ff0c2839000-7ff0c283d000 rw-p 00131000 08:02 1187913                    /usr/lib/x86_64-linux-gnu/libX11.so.6.3.0
7ff0c2840000-7ff0c2851000 r-xp 00000000 08:02 1190118                    /usr/lib/x86_64-linux-gnu/libXext.so.6.4.0
7ff0c2851000-7ff0c2a50000 ---p 00011000 08:02 1190118                    /usr/lib/x86_64-linux-gnu/libXext.so.6.4.0
7ff0c2a50000-7ff0c2a51000 r--p 00010000 08:02 1190118                    /usr/lib/x86_64-linux-gnu/libXext.so.6.4.0
7ff0c2a51000-7ff0c2a52000 rw-p 00011000 08:02 1190118                    /usr/lib/x86_64-linux-gnu/libXext.so.6.4.0
7ff0c2a55000-7ff0c2a5a000 r--s 0004d000 08:02 1310924                    /usr/lib/jvm/java-7-openjdk-amd64/jre/lib/jsse.jar
7ff0c2a70000-7ff0c2a77000 r--s 00000000 08:02 1713734                    /usr/lib/x86_64-linux-gnu/gconv/gconv-modules.cache
7ff0c2a78000-7ff0c2ac0000 r-xp 00000000 08:02 1311229                    /usr/lib/jvm/java-7-openjdk-amd64/jre/lib/amd64/xawt/libmawt.so
7ff0c2ac0000-7ff0c2cbf000 ---p 00048000 08:02 1311229                    /usr/lib/jvm/java-7-openjdk-amd64/jre/lib/amd64/xawt/libmawt.so
7ff0c2cbf000-7ff0c2cc0000 r--p 00047000 08:02 1311229                    /usr/lib/jvm/java-7-openjdk-amd64/jre/lib/amd64/xawt/libmawt.so
7ff0c2cc0000-7ff0c2cc3000 rw-p 00048000 08:02 1311229                    /usr/lib/jvm/java-7-openjdk-amd64/jre/lib/amd64/xawt/libmawt.so
7ff0c2cc3000-7ff0c2cc4000 rw-p 00000000 00:00 0 
7ff0c2cc8000-7ff0c2d68000 r-xp 00000000 08:02 1317752                    /usr/lib/jvm/java-7-openjdk-amd64/jre/lib/amd64/libawt.so
7ff0c2d68000-7ff0c2f68000 ---p 000a0000 08:02 1317752                    /usr/lib/jvm/java-7-openjdk-amd64/jre/lib/amd64/libawt.so
7ff0c2f68000-7ff0c2f69000 r--p 000a0000 08:02 1317752                    /usr/lib/jvm/java-7-openjdk-amd64/jre/lib/amd64/libawt.so
7ff0c2f69000-7ff0c2f74000 rw-p 000a1000 08:02 1317752                    /usr/lib/jvm/java-7-openjdk-amd64/jre/lib/amd64/libawt.so
7ff0c2f74000-7ff0c2f99000 rw-p 00000000 00:00 0 
7ff0c2f9e000-7ff0c2fa8000 r--s 000ae000 08:02 1310920                    /usr/lib/jvm/java-7-openjdk-amd64/jre/lib/resources.jar
7ff0c2fae000-7ff0c2fb2000 r--s 000a6000 08:02 2901832                    /home/xrousakis/.m2/repository/net/java/dev/jna/jna/3.5.1/jna-3.5.1.jar
7ff0c2fb3000-7ff0c2fb5000 r--s 0000b000 08:02 2105256                    /home/xrousakis/.m2/repository/com/github/tulskiy/jkeymaster/1.1/jkeymaster-1.1.jar
7ff0c2fb9000-7ff0c2fbb000 r--s 00029000 08:02 2244940                    /home/xrousakis/.m2/repository/org/bytedeco/javacpp-presets/artoolkitplus/2.3.0-0.8/artoolkitplus-2.3.0-0.8-linux-x86_64.jar
7ff0c2fc0000-7ff0c2fc1000 r--s 00000000 08:02 2244936                    /home/xrousakis/.m2/repository/org/bytedeco/javacpp-presets/videoinput/0.200-0.8/videoinput-0.200-0.8-linux-x86_64.jar
7ff0c2fc2000-7ff0c2fc4000 r--s 00012000 08:02 2244934                    /home/xrousakis/.m2/repository/org/bytedeco/javacpp-presets/libfreenect/0.4-0.8/libfreenect-0.4-0.8-linux-x86_64.jar
7ff0c2fc7000-7ff0c2fc8000 r--s 00027000 08:02 2244931                    /home/xrousakis/.m2/repository/org/bytedeco/javacpp-presets/libdc1394/2.2.2-0.8/libdc1394-2.2.2-0.8-linux-x86_64.jar
7ff0c2fc8000-7ff0c2fc9000 r--s 00000000 08:02 2244929                    /home/xrousakis/.m2/repository/org/bytedeco/javacpp-presets/flycapture/1.7.17-0.8/flycapture-1.7.17-0.8-linux-x86_64.jar
7ff0c2fcf000-7ff0c2fd1000 r--s 0061f000 08:02 2244944                    /home/xrousakis/.m2/repository/org/bytedeco/javacpp-presets/ffmpeg/2.2.1-0.8/ffmpeg-2.2.1-0.8-linux-x86_64.jar
7ff0c2fd5000-7ff0c2fd7000 r--s 00785000 08:02 2244956                    /home/xrousakis/.m2/repository/org/bytedeco/javacpp-presets/opencv/2.4.9-0.8/opencv-2.4.9-0.8-linux-x86_64.jar
7ff0c2fdd000-7ff0c2fde000 r--s 00005000 08:02 2244924                    /home/xrousakis/.m2/repository/org/bytedeco/javacpp-presets/artoolkitplus/2.3.0-0.8/artoolkitplus-2.3.0-0.8.jar
7ff0c2fe3000-7ff0c2fe4000 r--s 00003000 08:02 2244923                    /home/xrousakis/.m2/repository/org/bytedeco/javacpp-presets/videoinput/0.200-0.8/videoinput-0.200-0.8.jar
7ff0c2fe4000-7ff0c2fe6000 r--s 00004000 08:02 2244920                    /home/xrousakis/.m2/repository/org/bytedeco/javacpp-presets/libfreenect/0.4-0.8/libfreenect-0.4-0.8.jar
7ff0c2fe6000-7ff0c2fe8000 r--s 00006000 08:02 2244916                    /home/xrousakis/.m2/repository/org/bytedeco/javacpp-presets/libdc1394/2.2.2-0.8/libdc1394-2.2.2-0.8.jar
7ff0c2fec000-7ff0c2fee000 r--s 00004000 08:02 2244911                    /home/xrousakis/.m2/repository/org/bytedeco/javacpp-presets/flycapture/1.7.17-0.8/flycapture-1.7.17-0.8.jar
7ff0c2fee000-7ff0c2ff4000 r--s 0002e000 08:02 2244912                    /home/xrousakis/.m2/repository/org/bytedeco/javacpp-presets/ffmpeg/2.2.1-0.8/ffmpeg-2.2.1-0.8.jar
7ff0c2ffa000-7ff0c300c000 r--s 000b2000 08:02 2244913                    /home/xrousakis/.m2/repository/org/bytedeco/javacpp-presets/opencv/2.4.9-0.8/opencv-2.4.9-0.8.jar
7ff0c3012000-7ff0c3016000 r--s 0002a000 08:02 2244914                    /home/xrousakis/.m2/repository/org/bytedeco/javacpp/0.8/javacpp-0.8.jar
7ff0c301c000-7ff0c3021000 r--s 0004c000 08:02 2244918                    /home/xrousakis/.m2/repository/org/bytedeco/javacv/0.8/javacv-0.8.jar
7ff0c3022000-7ff0c3023000 r--s 00002000 08:02 1310936                    /usr/lib/jvm/java-7-openjdk-amd64/jre/lib/ext/dnsns.jar
7ff0c3023000-7ff0c3024000 ---p 00000000 00:00 0 
7ff0c3024000-7ff0c3124000 rw-p 00000000 00:00 0                          [stack:8530]
7ff0c3124000-7ff0c3127000 ---p 00000000 00:00 0 
7ff0c3127000-7ff0c3225000 rw-p 00000000 00:00 0                          [stack:8529]
7ff0c3225000-7ff0c3228000 ---p 00000000 00:00 0 
7ff0c3228000-7ff0c3326000 rw-p 00000000 00:00 0                          [stack:8528]
7ff0c3326000-7ff0c3329000 ---p 00000000 00:00 0 
7ff0c3329000-7ff0c3427000 rw-p 00000000 00:00 0                          [stack:8527]
7ff0c3427000-7ff0c342a000 ---p 00000000 00:00 0 
7ff0c342a000-7ff0c3528000 rw-p 00000000 00:00 0                          [stack:8526]
7ff0c3528000-7ff0c37f2000 r--p 00000000 08:02 1186322                    /usr/lib/locale/locale-archive
7ff0c37f8000-7ff0c37fb000 ---p 00000000 00:00 0 
7ff0c37fb000-7ff0c38f9000 rw-p 00000000 00:00 0                          [stack:8525]
7ff0c38f9000-7ff0c38fc000 ---p 00000000 00:00 0 
7ff0c38fc000-7ff0c39fa000 rw-p 00000000 00:00 0                          [stack:8524]
7ff0c39fa000-7ff0c39fb000 ---p 00000000 00:00 0 
7ff0c39fb000-7ff0c4000000 rw-p 00000000 00:00 0                          [stack:8523]
7ff0c4000000-7ff0c4021000 rw-p 00000000 00:00 0 
7ff0c4021000-7ff0c8000000 ---p 00000000 00:00 0 
7ff0c8005000-7ff0c8009000 r--s 00085000 08:02 1310935                    /usr/lib/jvm/java-7-openjdk-amd64/jre/lib/ext/localedata.jar
7ff0c800f000-7ff0c8012000 r--s 0000f000 08:02 1310939                    /usr/lib/jvm/java-7-openjdk-amd64/jre/lib/ext/icedtea-sound.jar
7ff0c8014000-7ff0c8018000 r--s 0003c000 08:02 1310938                    /usr/lib/jvm/java-7-openjdk-amd64/jre/lib/ext/sunpkcs11.jar
7ff0c801e000-7ff0c8020000 r--s 00006000 08:02 1842397                    /usr/share/java/java-atk-wrapper.jar
7ff0c8024000-7ff0c8028000 r--s 00034000 08:02 1310937                    /usr/lib/jvm/java-7-openjdk-amd64/jre/lib/ext/sunjce_provider.jar
7ff0c802a000-7ff0c802c000 r--s 00012000 08:02 1310942                    /usr/lib/jvm/java-7-openjdk-amd64/jre/lib/ext/zipfs.jar
7ff0c8031000-7ff0c84e1000 rw-p 00000000 00:00 0 
7ff0c84e1000-7ff0c8692000 r--s 01d29000 08:02 1310916                    /usr/lib/jvm/java-7-openjdk-amd64/jre/lib/rt.jar
7ff0c8692000-7ff0c8b59000 rw-p 00000000 00:00 0 
7ff0c8b59000-7ff0c8b5a000 ---p 00000000 00:00 0 
7ff0c8b5a000-7ff0c8c5a000 rw-p 00000000 00:00 0                          [stack:8522]
7ff0c8c5a000-7ff0c8c5b000 ---p 00000000 00:00 0 
7ff0c8c5b000-7ff0c8d66000 rw-p 00000000 00:00 0                          [stack:8521]
7ff0c8d66000-7ff0c8dae000 rw-p 00000000 00:00 0 
7ff0c8dae000-7ff0c8dd3000 rw-p 00000000 00:00 0 
7ff0c8dd3000-7ff0c9000000 rw-p 00000000 00:00 0 
7ff0c9000000-7ff0c9270000 rwxp 00000000 00:00 0 
7ff0c9270000-7ff0cc54d000 rw-p 00000000 00:00 0 
7ff0cc54d000-7ff0d0000000 ---p 00000000 00:00 0 
7ff0d0001000-7ff0d000c000 rw-p 00000000 00:00 0 
7ff0d000c000-7ff0d0054000 rw-p 00000000 00:00 0 
7ff0d0054000-7ff0d0079000 rw-p 00000000 00:00 0 
7ff0d0079000-7ff0d02a6000 rw-p 00000000 00:00 0 
7ff0d02a6000-7ff0d02c7000 rw-p 00000000 00:00 0 
7ff0d02c7000-7ff0d03cf000 rw-p 00000000 00:00 0 
7ff0d03cf000-7ff0d03d0000 rw-p 00000000 00:00 0 
7ff0d03d0000-7ff0d03d8000 r-xp 00000000 08:02 1310955                    /usr/lib/jvm/java-7-openjdk-amd64/jre/lib/amd64/libzip.so
7ff0d03d8000-7ff0d05d7000 ---p 00008000 08:02 1310955                    /usr/lib/jvm/java-7-openjdk-amd64/jre/lib/amd64/libzip.so
7ff0d05d7000-7ff0d05d8000 r--p 00007000 08:02 1310955                    /usr/lib/jvm/java-7-openjdk-amd64/jre/lib/amd64/libzip.so
7ff0d05d8000-7ff0d05d9000 rw-p 00008000 08:02 1310955                    /usr/lib/jvm/java-7-openjdk-amd64/jre/lib/amd64/libzip.so
7ff0d05e0000-7ff0d05eb000 r-xp 00000000 08:02 1444608                    /lib/x86_64-linux-gnu/libnss_files-2.19.so
7ff0d05eb000-7ff0d07ea000 ---p 0000b000 08:02 1444608                    /lib/x86_64-linux-gnu/libnss_files-2.19.so
7ff0d07ea000-7ff0d07eb000 r--p 0000a000 08:02 1444608                    /lib/x86_64-linux-gnu/libnss_files-2.19.so
7ff0d07eb000-7ff0d07ec000 rw-p 0000b000 08:02 1444608                    /lib/x86_64-linux-gnu/libnss_files-2.19.so
7ff0d07f0000-7ff0d07fb000 r-xp 00000000 08:02 1444820                    /lib/x86_64-linux-gnu/libnss_nis-2.19.so
7ff0d07fb000-7ff0d09fa000 ---p 0000b000 08:02 1444820                    /lib/x86_64-linux-gnu/libnss_nis-2.19.so
7ff0d09fa000-7ff0d09fb000 r--p 0000a000 08:02 1444820                    /lib/x86_64-linux-gnu/libnss_nis-2.19.so
7ff0d09fb000-7ff0d09fc000 rw-p 0000b000 08:02 1444820                    /lib/x86_64-linux-gnu/libnss_nis-2.19.so
7ff0d0a00000-7ff0d0a17000 r-xp 00000000 08:02 1444807                    /lib/x86_64-linux-gnu/libnsl-2.19.so
7ff0d0a17000-7ff0d0c16000 ---p 00017000 08:02 1444807                    /lib/x86_64-linux-gnu/libnsl-2.19.so
7ff0d0c16000-7ff0d0c17000 r--p 00016000 08:02 1444807                    /lib/x86_64-linux-gnu/libnsl-2.19.so
7ff0d0c17000-7ff0d0c18000 rw-p 00017000 08:02 1444807                    /lib/x86_64-linux-gnu/libnsl-2.19.so
7ff0d0c18000-7ff0d0c1a000 rw-p 00000000 00:00 0 
7ff0d0c20000-7ff0d0c29000 r-xp 00000000 08:02 1444806                    /lib/x86_64-linux-gnu/libnss_compat-2.19.so
7ff0d0c29000-7ff0d0e28000 ---p 00009000 08:02 1444806                    /lib/x86_64-linux-gnu/libnss_compat-2.19.so
7ff0d0e28000-7ff0d0e29000 r--p 00008000 08:02 1444806                    /lib/x86_64-linux-gnu/libnss_compat-2.19.so
7ff0d0e29000-7ff0d0e2a000 rw-p 00009000 08:02 1444806                    /lib/x86_64-linux-gnu/libnss_compat-2.19.so
7ff0d0e30000-7ff0d0e5b000 r-xp 00000000 08:02 1317774                    /usr/lib/jvm/java-7-openjdk-amd64/jre/lib/amd64/libjava.so
7ff0d0e5b000-7ff0d105a000 ---p 0002b000 08:02 1317774                    /usr/lib/jvm/java-7-openjdk-amd64/jre/lib/amd64/libjava.so
7ff0d105a000-7ff0d105b000 r--p 0002a000 08:02 1317774                    /usr/lib/jvm/java-7-openjdk-amd64/jre/lib/amd64/libjava.so
7ff0d105b000-7ff0d105d000 rw-p 0002b000 08:02 1317774                    /usr/lib/jvm/java-7-openjdk-amd64/jre/lib/amd64/libjava.so
7ff0d1060000-7ff0d1070000 r-xp 00000000 08:02 1317755                    /usr/lib/jvm/java-7-openjdk-amd64/jre/lib/amd64/libverify.so
7ff0d1070000-7ff0d126f000 ---p 00010000 08:02 1317755                    /usr/lib/jvm/java-7-openjdk-amd64/jre/lib/amd64/libverify.so
7ff0d126f000-7ff0d1271000 r--p 0000f000 08:02 1317755                    /usr/lib/jvm/java-7-openjdk-amd64/jre/lib/amd64/libverify.so
7ff0d1271000-7ff0d1272000 rw-p 00011000 08:02 1317755                    /usr/lib/jvm/java-7-openjdk-amd64/jre/lib/amd64/libverify.so
7ff0d1278000-7ff0d127f000 r-xp 00000000 08:02 1444817                    /lib/x86_64-linux-gnu/librt-2.19.so
7ff0d127f000-7ff0d147e000 ---p 00007000 08:02 1444817                    /lib/x86_64-linux-gnu/librt-2.19.so
7ff0d147e000-7ff0d147f000 r--p 00006000 08:02 1444817                    /lib/x86_64-linux-gnu/librt-2.19.so
7ff0d147f000-7ff0d1480000 rw-p 00007000 08:02 1444817                    /lib/x86_64-linux-gnu/librt-2.19.so
7ff0d1480000-7ff0d1496000 r-xp 00000000 08:02 1441904                    /lib/x86_64-linux-gnu/libgcc_s.so.1
7ff0d1496000-7ff0d1695000 ---p 00016000 08:02 1441904                    /lib/x86_64-linux-gnu/libgcc_s.so.1
7ff0d1695000-7ff0d1696000 rw-p 00015000 08:02 1441904                    /lib/x86_64-linux-gnu/libgcc_s.so.1
7ff0d1698000-7ff0d179d000 r-xp 00000000 08:02 1443041                    /lib/x86_64-linux-gnu/libm-2.19.so
7ff0d179d000-7ff0d199c000 ---p 00105000 08:02 1443041                    /lib/x86_64-linux-gnu/libm-2.19.so
7ff0d199c000-7ff0d199d000 r--p 00104000 08:02 1443041                    /lib/x86_64-linux-gnu/libm-2.19.so
7ff0d199d000-7ff0d199e000 rw-p 00105000 08:02 1443041                    /lib/x86_64-linux-gnu/libm-2.19.so
7ff0d19a0000-7ff0d1a86000 r-xp 00000000 08:02 1188933                    /usr/lib/x86_64-linux-gnu/libstdc++.so.6.0.19
7ff0d1a86000-7ff0d1c85000 ---p 000e6000 08:02 1188933                    /usr/lib/x86_64-linux-gnu/libstdc++.so.6.0.19
7ff0d1c85000-7ff0d1c8d000 r--p 000e5000 08:02 1188933                    /usr/lib/x86_64-linux-gnu/libstdc++.so.6.0.19
7ff0d1c8d000-7ff0d1c8f000 rw-p 000ed000 08:02 1188933                    /usr/lib/x86_64-linux-gnu/libstdc++.so.6.0.19
7ff0d1c8f000-7ff0d1ca4000 rw-p 00000000 00:00 0 
7ff0d1ca8000-7ff0d27c1000 r-xp 00000000 08:02 1317743                    /usr/lib/jvm/java-7-openjdk-amd64/jre/lib/amd64/server/libjvm.so
7ff0d27c1000-7ff0d29c1000 ---p 00b19000 08:02 1317743                    /usr/lib/jvm/java-7-openjdk-amd64/jre/lib/amd64/server/libjvm.so
7ff0d29c1000-7ff0d2a5b000 r--p 00b19000 08:02 1317743                    /usr/lib/jvm/java-7-openjdk-amd64/jre/lib/amd64/server/libjvm.so
7ff0d2a5b000-7ff0d2a7e000 rw-p 00bb3000 08:02 1317743                    /usr/lib/jvm/java-7-openjdk-amd64/jre/lib/amd64/server/libjvm.so
7ff0d2a7e000-7ff0d2aac000 rw-p 00000000 00:00 0 
7ff0d2ab0000-7ff0d2ac8000 r-xp 00000000 08:02 1446050                    /lib/x86_64-linux-gnu/libz.so.1.2.8
7ff0d2ac8000-7ff0d2cc7000 ---p 00018000 08:02 1446050                    /lib/x86_64-linux-gnu/libz.so.1.2.8
7ff0d2cc7000-7ff0d2cc8000 r--p 00017000 08:02 1446050                    /lib/x86_64-linux-gnu/libz.so.1.2.8
7ff0d2cc8000-7ff0d2cc9000 rw-p 00018000 08:02 1446050                    /lib/x86_64-linux-gnu/libz.so.1.2.8
7ff0d2cd0000-7ff0d2ce9000 r-xp 00000000 08:02 1444815                    /lib/x86_64-linux-gnu/libpthread-2.19.so
7ff0d2ce9000-7ff0d2ee8000 ---p 00019000 08:02 1444815                    /lib/x86_64-linux-gnu/libpthread-2.19.so
7ff0d2ee8000-7ff0d2ee9000 r--p 00018000 08:02 1444815                    /lib/x86_64-linux-gnu/libpthread-2.19.so
7ff0d2ee9000-7ff0d2eea000 rw-p 00019000 08:02 1444815                    /lib/x86_64-linux-gnu/libpthread-2.19.so
7ff0d2eea000-7ff0d2eee000 rw-p 00000000 00:00 0 
7ff0d2ef0000-7ff0d2ef3000 r-xp 00000000 08:02 1444799                    /lib/x86_64-linux-gnu/libdl-2.19.so
7ff0d2ef3000-7ff0d30f2000 ---p 00003000 08:02 1444799                    /lib/x86_64-linux-gnu/libdl-2.19.so
7ff0d30f2000-7ff0d30f3000 r--p 00002000 08:02 1444799                    /lib/x86_64-linux-gnu/libdl-2.19.so
7ff0d30f3000-7ff0d30f4000 rw-p 00003000 08:02 1444799                    /lib/x86_64-linux-gnu/libdl-2.19.so
7ff0d30f8000-7ff0d32b3000 r-xp 00000000 08:02 1444814                    /lib/x86_64-linux-gnu/libc-2.19.so
7ff0d32b3000-7ff0d34b2000 ---p 001bb000 08:02 1444814                    /lib/x86_64-linux-gnu/libc-2.19.so
7ff0d34b2000-7ff0d34b6000 r--p 001ba000 08:02 1444814                    /lib/x86_64-linux-gnu/libc-2.19.so
7ff0d34b6000-7ff0d34b8000 rw-p 001be000 08:02 1444814                    /lib/x86_64-linux-gnu/libc-2.19.so
7ff0d34b8000-7ff0d34bd000 rw-p 00000000 00:00 0 
7ff0d34c0000-7ff0d34cd000 r-xp 00000000 08:02 1317741                    /usr/lib/jvm/java-7-openjdk-amd64/jre/lib/amd64/jli/libjli.so
7ff0d34cd000-7ff0d36cc000 ---p 0000d000 08:02 1317741                    /usr/lib/jvm/java-7-openjdk-amd64/jre/lib/amd64/jli/libjli.so
7ff0d36cc000-7ff0d36cd000 r--p 0000c000 08:02 1317741                    /usr/lib/jvm/java-7-openjdk-amd64/jre/lib/amd64/jli/libjli.so
7ff0d36cd000-7ff0d36ce000 rw-p 0000d000 08:02 1317741                    /usr/lib/jvm/java-7-openjdk-amd64/jre/lib/amd64/jli/libjli.so
7ff0d36d0000-7ff0d36f3000 r-xp 00000000 08:02 1444811                    /lib/x86_64-linux-gnu/ld-2.19.so
7ff0d36f9000-7ff0d372a000 rw-p 00000000 00:00 0 
7ff0d372a000-7ff0d37e0000 rw-p 00000000 00:00 0 
7ff0d37e0000-7ff0d37e8000 rw-s 00000000 08:02 262540                     /tmp/hsperfdata_xrousakis/8516
7ff0d37ea000-7ff0d37eb000 rw-p 00000000 00:00 0 
7ff0d37eb000-7ff0d37ec000 rwxp 00000000 00:00 0 
7ff0d37ec000-7ff0d37ed000 rw-p 00000000 00:00 0 
7ff0d37ed000-7ff0d37ee000 r--p 00000000 00:00 0 
7ff0d37ee000-7ff0d37f1000 ---p 00000000 00:00 0 
7ff0d37f1000-7ff0d38f2000 rw-p 00000000 00:00 0                          [stack:8520]
7ff0d38f2000-7ff0d38f3000 r--p 00022000 08:02 1444811                    /lib/x86_64-linux-gnu/ld-2.19.so
7ff0d38f3000-7ff0d38f4000 rw-p 00023000 08:02 1444811                    /lib/x86_64-linux-gnu/ld-2.19.so
7ff0d38f4000-7ff0d38f6000 rw-p 00000000 00:00 0 
7ff0d38f6000-7ff0d38f9000 rw-p 00000000 00:00 0 
7fff2ac60000-7fff2ac82000 rw-p 00000000 00:00 0                          [stack]
7fff2acd0000-7fff2acd2000 r-xp 00000000 00:00 0                          [vdso]
ffffffffff600000-ffffffffff601000 r-xp 00000000 00:00 0                  [vsyscall]

VM Arguments:
java_command: org.scify.jthinkfreedom.gui.ApplicationLauncher
Launcher Type: SUN_STANDARD

Environment Variables:
JAVA_HOME=/usr/lib/jvm/default-java
PATH=/usr/local/sbin:/usr/local/bin:/usr/sbin:/usr/bin:/sbin:/bin:/usr/games:/usr/local/games
USERNAME=xrousakis
LD_LIBRARY_PATH=/usr/lib/jvm/default-java/jre/lib/amd64:/usr/lib/jvm/default-java/jre/lib/i386:
SHELL=/bin/bash
DISPLAY=:0.0

Signal Handlers:
SIGSEGV: [libjvm.so+0x94bab0], sa_mask[0]=0x7ffbfeff, sa_flags=0x10000004
SIGBUS: [libjvm.so+0x94bab0], sa_mask[0]=0x7ffbfeff, sa_flags=0x10000004
SIGFPE: [libjvm.so+0x7c38b0], sa_mask[0]=0x7ffbfeff, sa_flags=0x10000004
SIGPIPE: [libjvm.so+0x7c38b0], sa_mask[0]=0x7ffbfeff, sa_flags=0x10000004
SIGXFSZ: [libjvm.so+0x7c38b0], sa_mask[0]=0x7ffbfeff, sa_flags=0x10000004
SIGILL: [libjvm.so+0x7c38b0], sa_mask[0]=0x7ffbfeff, sa_flags=0x10000004
SIGUSR1: SIG_DFL, sa_mask[0]=0x00000000, sa_flags=0x00000000
SIGUSR2: [libjvm.so+0x7c3750], sa_mask[0]=0x00000004, sa_flags=0x10000004
SIGHUP: [libjvm.so+0x7c3930], sa_mask[0]=0x7ffbfeff, sa_flags=0x10000004
SIGINT: SIG_IGN, sa_mask[0]=0x00000000, sa_flags=0x00000000
SIGTERM: [libjvm.so+0x7c3930], sa_mask[0]=0x7ffbfeff, sa_flags=0x10000004
SIGQUIT: [libjvm.so+0x7c3930], sa_mask[0]=0x7ffbfeff, sa_flags=0x10000004
SIGTRAP: SIG_DFL, sa_mask[0]=0x00000000, sa_flags=0x00000000


---------------  S Y S T E M  ---------------

OS:LinuxMint 17 (qiana)
uname:Linux 3.14.8-031408-generic #201406161755 SMP Mon Jun 16 21:56:09 UTC 2014 x86_64
libc:glibc 2.19 NPTL 2.19 
rlimit: STACK 8192k, CORE 0k, NPROC 55132, NOFILE 4096, AS infinity
load average:0,77 0,96 0,94

/proc/meminfo:
MemTotal:        7292072 kB
MemFree:         3630876 kB
MemAvailable:    4895792 kB
Buffers:          216676 kB
Cached:          1244960 kB
SwapCached:            0 kB
Active:          2517048 kB
Inactive:         872260 kB
Active(anon):    1928692 kB
Inactive(anon):    92312 kB
Active(file):     588356 kB
Inactive(file):   779948 kB
Unevictable:           0 kB
Mlocked:               0 kB
SwapTotal:       3361788 kB
SwapFree:        3361788 kB
Dirty:               168 kB
Writeback:             0 kB
AnonPages:       1927668 kB
Mapped:           255260 kB
Shmem:             93336 kB
Slab:             157348 kB
SReclaimable:     131080 kB
SUnreclaim:        26268 kB
KernelStack:        3840 kB
PageTables:        31204 kB
NFS_Unstable:          0 kB
Bounce:                0 kB
WritebackTmp:          0 kB
CommitLimit:     7007824 kB
Committed_AS:    4967992 kB
VmallocTotal:   34359738367 kB
VmallocUsed:      315128 kB
VmallocChunk:   34359369956 kB
HardwareCorrupted:     0 kB
AnonHugePages:   1239040 kB
HugePages_Total:       0
HugePages_Free:        0
HugePages_Rsvd:        0
HugePages_Surp:        0
Hugepagesize:       2048 kB
DirectMap4k:       78168 kB
DirectMap2M:     3284992 kB
DirectMap1G:     4194304 kB


CPU:total 2 (2 cores per cpu, 1 threads per core) family 21 model 19 stepping 1, cmov, cx8, fxsr, mmx, sse, sse2, sse3, ssse3, sse4.1, sse4.2, popcnt, avx, aes, mmxext, 3dnowpref, lzcnt, sse4a, tsc, tscinvbit, tscinv

/proc/cpuinfo:
processor	: 0
vendor_id	: AuthenticAMD
cpu family	: 21
model		: 19
model name	: AMD A4-4000 APU with Radeon(tm) HD Graphics
stepping	: 1
microcode	: 0x6001119
cpu MHz		: 3000.000
cache size	: 1024 KB
physical id	: 0
siblings	: 2
core id		: 0
cpu cores	: 1
apicid		: 16
initial apicid	: 0
fpu		: yes
fpu_exception	: yes
cpuid level	: 13
wp		: yes
flags		: fpu vme de pse tsc msr pae mce cx8 apic sep mtrr pge mca cmov pat pse36 clflush mmx fxsr sse sse2 ht syscall nx mmxext fxsr_opt pdpe1gb rdtscp lm constant_tsc rep_good nopl nonstop_tsc extd_apicid aperfmperf pni pclmulqdq monitor ssse3 fma cx16 sse4_1 sse4_2 popcnt aes xsave avx f16c lahf_lm cmp_legacy svm extapic cr8_legacy abm sse4a misalignsse 3dnowprefetch osvw ibs xop skinit wdt lwp fma4 tce nodeid_msr tbm topoext perfctr_core perfctr_nb arat cpb hw_pstate npt lbrv svm_lock nrip_save tsc_scale vmcb_clean flushbyasid decodeassists pausefilter pfthreshold bmi1
bogomips	: 6029.96
TLB size	: 1536 4K pages
clflush size	: 64
cache_alignment	: 64
address sizes	: 48 bits physical, 48 bits virtual
power management: ts ttp tm 100mhzsteps hwpstate cpb eff_freq_ro

processor	: 1
vendor_id	: AuthenticAMD
cpu family	: 21
model		: 19
model name	: AMD A4-4000 APU with Radeon(tm) HD Graphics    
stepping	: 1
microcode	: 0x6001119
cpu MHz		: 3000.000
cache size	: 1024 KB
physical id	: 0
siblings	: 2
core id		: 1
cpu cores	: 1
apicid		: 17
initial apicid	: 1
fpu		: yes
fpu_exception	: yes
cpuid level	: 13
wp		: yes
flags		: fpu vme de pse tsc msr pae mce cx8 apic sep mtrr pge mca cmov pat pse36 clflush mmx fxsr sse sse2 ht syscall nx mmxext fxsr_opt pdpe1gb rdtscp lm constant_tsc rep_good nopl nonstop_tsc extd_apicid aperfmperf pni pclmulqdq monitor ssse3 fma cx16 sse4_1 sse4_2 popcnt aes xsave avx f16c lahf_lm cmp_legacy svm extapic cr8_legacy abm sse4a misalignsse 3dnowprefetch osvw ibs xop skinit wdt lwp fma4 tce nodeid_msr tbm topoext perfctr_core perfctr_nb arat cpb hw_pstate npt lbrv svm_lock nrip_save tsc_scale vmcb_clean flushbyasid decodeassists pausefilter pfthreshold bmi1
bogomips	: 6029.96
TLB size	: 1536 4K pages
clflush size	: 64
cache_alignment	: 64
address sizes	: 48 bits physical, 48 bits virtual
power management: ts ttp tm 100mhzsteps hwpstate cpb eff_freq_ro



Memory: 4k page, physical 7292072k(3630876k free), swap 3361788k(3361788k free)

vm_info: OpenJDK 64-Bit Server VM (24.79-b02) for linux-amd64 JRE (1.7.0_79-b14), built on Jul 24 2015 08:15:54 by "buildd" with gcc 4.8.2

time: Tue Aug 11 12:09:33 2015
elapsed time: 49 seconds

