#
# A fatal error has been detected by the Java Runtime Environment:
#
#  SIGSEGV (0xb) at pc=0x00007f229cd0e2cc, pid=15677, tid=139786483234560
#
# JRE version: OpenJDK Runtime Environment (7.0_79-b14) (build 1.7.0_79-b14)
# Java VM: OpenJDK 64-Bit Server VM (24.79-b02 mixed mode linux-amd64 compressed oops)
# Derivative: IcedTea 2.5.6
# Distribution: Ubuntu 14.04 LTS, package 7u79-2.5.6-0ubuntu1.14.04.1
# Problematic frame:
# C  [libjpeg.so.8+0x162cc]  jpeg_has_multiple_scans+0x2c
#
# Failed to write core dump. Core dumps have been disabled. To enable core dumping, try "ulimit -c unlimited" before starting Java again
#
# If you would like to submit a bug report, please include
# instructions on how to reproduce the bug and visit:
#   http://icedtea.classpath.org/bugzilla
# The crash happened outside the Java Virtual Machine in native code.
# See problematic frame for where to report the bug.
#

---------------  T H R E A D  ---------------

Current thread (0x0000000000f1a000):  JavaThread "Image Fetcher 1" daemon [_thread_in_native, id=15712, stack(0x00007f22939d7000,0x00007f2293ad8000)]

siginfo:si_signo=SIGSEGV: si_errno=0, si_code=1 (SEGV_MAPERR), si_addr=0x0000000000000020

Registers:
RAX=0x0000000000000000, RBX=0x00007f2293ad64d0, RCX=0x0000000000000001, RDX=0x0000000000000000
RSP=0x00007f2293ad61b8, RBP=0x00007f2293ad67a0, RSI=0x0000000000000001, RDI=0x00007f2293ad64d0
R8 =0x0000000000000000, R9 =0x0000000000000071, R10=0x00007f2293ad5f80, R11=0x00007f229cd0e2a0
R12=0x0000000000000000, R13=0xffffffffffffffff, R14=0x00007f2293ad6840, R15=0x0000000000f1a000
RIP=0x00007f229cd0e2cc, EFLAGS=0x0000000000010293, CSGSFS=0x0000000000000033, ERR=0x0000000000000004
  TRAPNO=0x000000000000000e

Top of Stack: (sp=0x00007f2293ad61b8)
0x00007f2293ad61b8:   00007f2293547d33 0000000000f1a000
0x00007f2293ad61c8:   00007f22e76c603b fffffff0ffffffff
0x00007f2293ad61d8:   0000000000000000 00007f2293547ad0
0x00007f2293ad61e8:   00007f2293ad6278 00007f2293ad6830
0x00007f2293ad61f8:   00007f2293ad6838 00007f2293ad6840
0x00007f2293ad6208:   0000000000f1a1d8 00000000dbc6705e
0x00007f2293ad6218:   0000000000000292 00007f22935471e0
0x00007f2293ad6228:   00007f2293547380 00007f2293547500
0x00007f2293ad6238:   00007f229cd16830 00007f2293547200
0x00007f2293ad6248:   00007f2293ad6838 00007f2200000000
0x00007f2293ad6258:   0000000000000000 00000000dbc66ef0
0x00007f2293ad6268:   00007f2293ad6830 ffffffffffffffff
0x00007f2293ad6278:   0000000000000000 0000000000000000
0x00007f2293ad6288:   0000000000000000 00007f2293ad6280
0x00007f2293ad6298:   0000000086420280 00007f2293ad6328
0x00007f2293ad62a8:   00000000864be230 0000000000000000
0x00007f2293ad62b8:   0000000086420318 0000000000000000
0x00007f2293ad62c8:   00007f2293ad6320 00007f2293ad6390
0x00007f2293ad62d8:   00007f22dd0004e7 0000000000000000
0x00007f2293ad62e8:   00007f2293547ad0 0000000000000000
0x00007f2293ad62f8:   00000000dbc664d8 0000000000000006
0x00007f2293ad6308:   0000000000000007 00000000dcf1b5e8
0x00007f2293ad6318:   00000000dcf1b5e8 00000000dbc672f0
0x00007f2293ad6328:   0000000000000000 00007f2200001fa0
0x00007f2293ad6338:   00007f2293ad63d0 00007f2293ad65d0
0x00007f2293ad6348:   00007f2293ad6500 0000000000f1a000
0x00007f2293ad6358:   0000000000f1f600 00007f2293547280
0x00007f2293ad6368:   00007f229cd1bcf0 00007f2293547210
0x00007f2293ad6378:   00007f229cd1bd60 00007f229cd1bd40
0x00007f2293ad6388:   000000000000006a 000000000000003f
0x00007f2293ad6398:   0000000300000000 0000000000000000
0x00007f2293ad63a8:   0000000000000000 00007f2293ad6400 

Instructions: (pc=0x00007f229cd0e2cc)
0x00007f229cd0e2ac:   ff 83 fa 08 76 12 48 8b 17 89 42 2c 48 8b 07 c7
0x00007f229cd0e2bc:   42 28 15 00 00 00 ff 10 48 8b 83 58 02 00 00 5b
0x00007f229cd0e2cc:   8b 40 20 c3 53 8b 47 24 48 89 fb 8d 90 33 ff ff
0x00007f229cd0e2dc:   ff 83 fa 01 76 66 3d cf 00 00 00 74 47 3d d2 00 

Register to memory mapping:

RAX=0x0000000000000000 is an unknown value
RBX=0x00007f2293ad64d0 is pointing into the stack for thread: 0x0000000000f1a000
RCX=0x0000000000000001 is an unknown value
RDX=0x0000000000000000 is an unknown value
RSP=0x00007f2293ad61b8 is pointing into the stack for thread: 0x0000000000f1a000
RBP=0x00007f2293ad67a0 is pointing into the stack for thread: 0x0000000000f1a000
RSI=0x0000000000000001 is an unknown value
RDI=0x00007f2293ad64d0 is pointing into the stack for thread: 0x0000000000f1a000
R8 =0x0000000000000000 is an unknown value
R9 =0x0000000000000071 is an unknown value
R10=0x00007f2293ad5f80 is pointing into the stack for thread: 0x0000000000f1a000
R11=0x00007f229cd0e2a0: jpeg_has_multiple_scans+0 in /usr/lib/x86_64-linux-gnu/libjpeg.so.8 at 0x00007f229ccf8000
R12=0x0000000000000000 is an unknown value
R13=0xffffffffffffffff is an unknown value
R14=0x00007f2293ad6840 is pointing into the stack for thread: 0x0000000000f1a000
R15=0x0000000000f1a000 is a thread


Stack: [0x00007f22939d7000,0x00007f2293ad8000],  sp=0x00007f2293ad61b8,  free space=1020k
Native frames: (J=compiled Java code, j=interpreted, Vv=VM code, C=native code)
C  [libjpeg.so.8+0x162cc]  jpeg_has_multiple_scans+0x2c
j  sun.awt.image.JPEGImageDecoder.readImage(Ljava/io/InputStream;[B)V+0
j  sun.awt.image.JPEGImageDecoder.produceImage()V+10
j  sun.awt.image.InputStreamImageSource.doFetch()V+51
j  sun.awt.image.ImageFetcher.fetchloop()V+33
j  sun.awt.image.ImageFetcher.run()V+5
v  ~StubRoutines::call_stub
V  [libjvm.so+0x5e80c9]  JavaCalls::call_helper(JavaValue*, methodHandle*, JavaCallArguments*, Thread*)+0x339
V  [libjvm.so+0x5e6f1e]  JavaCalls::call_virtual(JavaValue*, Handle, KlassHandle, Symbol*, Symbol*, Thread*)+0x20e
V  [libjvm.so+0x623391]  thread_entry(JavaThread*, Thread*)+0xd1
V  [libjvm.so+0x900f40]  JavaThread::thread_main_inner()+0xf0
V  [libjvm.so+0x9011b1]  JavaThread::run()+0x221
V  [libjvm.so+0x7c4f62]  java_start(Thread*)+0xf2

Java frames: (J=compiled Java code, j=interpreted, Vv=VM code)
j  sun.awt.image.JPEGImageDecoder.readImage(Ljava/io/InputStream;[B)V+0
j  sun.awt.image.JPEGImageDecoder.produceImage()V+10
j  sun.awt.image.InputStreamImageSource.doFetch()V+51
j  sun.awt.image.ImageFetcher.fetchloop()V+33
j  sun.awt.image.ImageFetcher.run()V+5
v  ~StubRoutines::call_stub

---------------  P R O C E S S  ---------------

Java Threads: ( => current thread )
  0x00007f22a801e000 JavaThread "pool-3-thread-1" [_thread_blocked, id=15715, stack(0x00007f229c247000,0x00007f229c348000)]
  0x0000000000fad000 JavaThread "Thread-2" [_thread_blocked, id=15714, stack(0x00007f2293df1000,0x00007f2293ef2000)]
  0x0000000000f21000 JavaThread "Thread-0" [_thread_blocked, id=15713, stack(0x00007f2293ef2000,0x00007f2293ff3000)]
=>0x0000000000f1a000 JavaThread "Image Fetcher 1" daemon [_thread_in_native, id=15712, stack(0x00007f22939d7000,0x00007f2293ad8000)]
  0x0000000000ed3800 JavaThread "Image Fetcher 0" daemon [_thread_blocked, id=15701, stack(0x00007f22a7bf6000,0x00007f22a7cf7000)]
  0x0000000000e45000 JavaThread "TimerQueue" daemon [_thread_blocked, id=15700, stack(0x00007f229c00f000,0x00007f229c110000)]
  0x00007f22e000b000 JavaThread "DestroyJavaVM" [_thread_blocked, id=15681, stack(0x00007f22ea077000,0x00007f22ea178000)]
  0x00007f22e0431000 JavaThread "AWT-EventQueue-0" [_thread_blocked, id=15698, stack(0x00007f229c5f7000,0x00007f229c6f8000)]
  0x00007f22e0435000 JavaThread "AWT-Shutdown" [_thread_blocked, id=15697, stack(0x00007f22a40a7000,0x00007f22a41a8000)]
  0x00007f22e02d3000 JavaThread "AWT-XAWT" daemon [_thread_in_native, id=15693, stack(0x00007f22a7cf7000,0x00007f22a7df8000)]
  0x00007f22e02b6000 JavaThread "Java2D Disposer" daemon [_thread_blocked, id=15692, stack(0x00007f22dc0e7000,0x00007f22dc1e8000)]
  0x00007f22e00ac000 JavaThread "Service Thread" daemon [_thread_blocked, id=15690, stack(0x00007f22e49dc000,0x00007f22e4add000)]
  0x00007f22e00a9800 JavaThread "C2 CompilerThread1" daemon [_thread_blocked, id=15689, stack(0x00007f22e4add000,0x00007f22e4bde000)]
  0x00007f22e00a6800 JavaThread "C2 CompilerThread0" daemon [_thread_blocked, id=15688, stack(0x00007f22e4bde000,0x00007f22e4cdf000)]
  0x00007f22e00a4800 JavaThread "Signal Dispatcher" daemon [_thread_blocked, id=15687, stack(0x00007f22e4cdf000,0x00007f22e4de0000)]
  0x00007f22e0078800 JavaThread "Finalizer" daemon [_thread_blocked, id=15686, stack(0x00007f22e50b1000,0x00007f22e51b2000)]
  0x00007f22e0076800 JavaThread "Reference Handler" daemon [_thread_blocked, id=15685, stack(0x00007f22e51b2000,0x00007f22e52b3000)]

Other Threads:
  0x00007f22e0072000 VMThread [stack: 0x00007f22e52b3000,0x00007f22e53b4000] [id=15684]
  0x00007f22e00b6800 WatcherThread [stack: 0x00007f22e48db000,0x00007f22e49dc000] [id=15691]

VM state:not at safepoint (normal execution)

VM Mutex/Monitor currently owned by a thread: None

Heap
 PSYoungGen      total 33792K, used 19466K [0x00000000dae00000, 0x00000000dd380000, 0x0000000100000000)
  eden space 29184K, 50% used [0x00000000dae00000,0x00000000dbc87de8,0x00000000dca80000)
  from space 4608K, 99% used [0x00000000dcf00000,0x00000000dd37ac50,0x00000000dd380000)
  to   space 4608K, 0% used [0x00000000dca80000,0x00000000dca80000,0x00000000dcf00000)
 ParOldGen       total 75776K, used 1870K [0x0000000090a00000, 0x0000000095400000, 0x00000000dae00000)
  object space 75776K, 2% used [0x0000000090a00000,0x0000000090bd3bb0,0x0000000095400000)
 PSPermGen       total 22016K, used 21838K [0x0000000086400000, 0x0000000087980000, 0x0000000090a00000)
  object space 22016K, 99% used [0x0000000086400000,0x0000000087953af8,0x0000000087980000)

Card table byte_map: [0x00007f22e6889000,0x00007f22e6c58000] byte_map_base: 0x00007f22e6457000

Polling page: 0x00007f22ea17d000

Code Cache  [0x00007f22dd000000, 0x00007f22dd270000, 0x00007f22e0000000)
 total_blobs=873 nmethods=283 adapters=544 free_code_cache=47849Kb largest_free_block=48964544

Compilation events (10 events):
Event: 27,371 Thread 0x00007f22e00a9800 nmethod 292 0x00007f22dd1466d0 code [0x00007f22dd146820, 0x00007f22dd146b88]
Event: 27,521 Thread 0x00007f22e00a6800 nmethod 294 0x00007f22dd14b1d0 code [0x00007f22dd14b420, 0x00007f22dd14c790]
Event: 27,573 Thread 0x00007f22e00a9800  295             org.scify.jthinkfreedom.keyboard.sensors.KeyboardSensor::getData (33 bytes)
Event: 27,577 Thread 0x00007f22e00a9800 nmethod 295 0x00007f22dd146490 code [0x00007f22dd1465c0, 0x00007f22dd146638]
Event: 27,637 Thread 0x00007f22e00a6800  296 %           org.scify.jthinkfreedom.skeleton.sensors.SensorAdapter::updateStimuli @ 0 (49 bytes)
Event: 27,643 Thread 0x00007f22e00a6800 nmethod 296% 0x00007f22dd119d50 code [0x00007f22dd119ec0, 0x00007f22dd11a168]
Event: 30,068 Thread 0x00007f22e00a9800  297             sun.reflect.ClassFileAssembler::emitByte (11 bytes)
Event: 30,070 Thread 0x00007f22e00a9800 nmethod 297 0x00007f22dd119910 code [0x00007f22dd119a60, 0x00007f22dd119ba8]
Event: 30,074 Thread 0x00007f22e00a9800  298             sun.reflect.ByteVectorImpl::add (38 bytes)
Event: 30,076 Thread 0x00007f22e00a9800 nmethod 298 0x00007f22dd149690 code [0x00007f22dd1497e0, 0x00007f22dd1498c8]

GC Heap History (4 events):
Event: 1,967 GC heap before
{Heap before GC invocations=1 (full 0):
 PSYoungGen      total 33792K, used 29184K [0x00000000dae00000, 0x00000000dd380000, 0x0000000100000000)
  eden space 29184K, 100% used [0x00000000dae00000,0x00000000dca80000,0x00000000dca80000)
  from space 4608K, 0% used [0x00000000dcf00000,0x00000000dcf00000,0x00000000dd380000)
  to   space 4608K, 0% used [0x00000000dca80000,0x00000000dca80000,0x00000000dcf00000)
 ParOldGen       total 75776K, used 0K [0x0000000090a00000, 0x0000000095400000, 0x00000000dae00000)
  object space 75776K, 0% used [0x0000000090a00000,0x0000000090a00000,0x0000000095400000)
 PSPermGen       total 21504K, used 16127K [0x0000000086400000, 0x0000000087900000, 0x0000000090a00000)
  object space 21504K, 74% used [0x0000000086400000,0x00000000873bfde8,0x0000000087900000)
Event: 1,982 GC heap after
Heap after GC invocations=1 (full 0):
 PSYoungGen      total 33792K, used 3804K [0x00000000dae00000, 0x00000000dd380000, 0x0000000100000000)
  eden space 29184K, 0% used [0x00000000dae00000,0x00000000dae00000,0x00000000dca80000)
  from space 4608K, 82% used [0x00000000dca80000,0x00000000dce37370,0x00000000dcf00000)
  to   space 4608K, 0% used [0x00000000dcf00000,0x00000000dcf00000,0x00000000dd380000)
 ParOldGen       total 75776K, used 8K [0x0000000090a00000, 0x0000000095400000, 0x00000000dae00000)
  object space 75776K, 0% used [0x0000000090a00000,0x0000000090a02000,0x0000000095400000)
 PSPermGen       total 21504K, used 16127K [0x0000000086400000, 0x0000000087900000, 0x0000000090a00000)
  object space 21504K, 74% used [0x0000000086400000,0x00000000873bfde8,0x0000000087900000)
}
Event: 25,454 GC heap before
{Heap before GC invocations=2 (full 0):
 PSYoungGen      total 33792K, used 32988K [0x00000000dae00000, 0x00000000dd380000, 0x0000000100000000)
  eden space 29184K, 100% used [0x00000000dae00000,0x00000000dca80000,0x00000000dca80000)
  from space 4608K, 82% used [0x00000000dca80000,0x00000000dce37370,0x00000000dcf00000)
  to   space 4608K, 0% used [0x00000000dcf00000,0x00000000dcf00000,0x00000000dd380000)
 ParOldGen       total 75776K, used 8K [0x0000000090a00000, 0x0000000095400000, 0x00000000dae00000)
  object space 75776K, 0% used [0x0000000090a00000,0x0000000090a02000,0x0000000095400000)
 PSPermGen       total 21504K, used 20799K [0x0000000086400000, 0x0000000087900000, 0x0000000090a00000)
  object space 21504K, 96% used [0x0000000086400000,0x000000008784fd18,0x0000000087900000)
Event: 25,471 GC heap after
Heap after GC invocations=2 (full 0):
 PSYoungGen      total 33792K, used 4587K [0x00000000dae00000, 0x00000000dd380000, 0x0000000100000000)
  eden space 29184K, 0% used [0x00000000dae00000,0x00000000dae00000,0x00000000dca80000)
  from space 4608K, 99% used [0x00000000dcf00000,0x00000000dd37ac50,0x00000000dd380000)
  to   space 4608K, 0% used [0x00000000dca80000,0x00000000dca80000,0x00000000dcf00000)
 ParOldGen       total 75776K, used 1870K [0x0000000090a00000, 0x0000000095400000, 0x00000000dae00000)
  object space 75776K, 2% used [0x0000000090a00000,0x0000000090bd3bb0,0x0000000095400000)
 PSPermGen       total 21504K, used 20799K [0x0000000086400000, 0x0000000087900000, 0x0000000090a00000)
  object space 21504K, 96% used [0x0000000086400000,0x000000008784fd18,0x0000000087900000)
}

Deoptimization events (10 events):
Event: 26,395 Thread 0x00007f22e02d3000 Uncommon trap: reason=unreached action=reinterpret pc=0x00007f22dd09f394 method=sun.util.logging.PlatformLogger.isLoggable(Lsun/util/logging/PlatformLogger$Level;)Z @ 18
Event: 26,404 Thread 0x00007f22e0431000 Uncommon trap: reason=class_check action=maybe_recompile pc=0x00007f22dd0e41d4 method=sun.util.logging.PlatformLogger.finest(Ljava/lang/String;)V @ 8
Event: 26,404 Thread 0x00007f22e0431000 Uncommon trap: reason=class_check action=maybe_recompile pc=0x00007f22dd0e41d4 method=sun.util.logging.PlatformLogger.finest(Ljava/lang/String;)V @ 8
Event: 26,404 Thread 0x00007f22e0431000 Uncommon trap: reason=class_check action=maybe_recompile pc=0x00007f22dd0e41d4 method=sun.util.logging.PlatformLogger.finest(Ljava/lang/String;)V @ 8
Event: 26,407 Thread 0x00007f22e0431000 Uncommon trap: reason=class_check action=maybe_recompile pc=0x00007f22dd0e41d4 method=sun.util.logging.PlatformLogger.finest(Ljava/lang/String;)V @ 8
Event: 26,407 Thread 0x00007f22e02d3000 Uncommon trap: reason=class_check action=maybe_recompile pc=0x00007f22dd104e70 method=sun.util.logging.PlatformLogger.finest(Ljava/lang/String;)V @ 8
Event: 30,066 Thread 0x0000000000fad000 Uncommon trap: reason=unreached action=reinterpret pc=0x00007f22dd0c6e08 method=java.lang.ThreadLocal$ThreadLocalMap.getEntry(Ljava/lang/ThreadLocal;)Ljava/lang/ThreadLocal$ThreadLocalMap$Entry; @ 29
Event: 30,067 Thread 0x0000000000fad000 Uncommon trap: reason=unreached action=reinterpret pc=0x00007f22dd0cf5dc method=java.lang.ThreadLocal$ThreadLocalMap.getEntry(Ljava/lang/ThreadLocal;)Ljava/lang/ThreadLocal$ThreadLocalMap$Entry; @ 29
Event: 30,304 Thread 0x0000000000f21000 Uncommon trap: reason=unreached action=reinterpret pc=0x00007f22dd146608 method=org.scify.jthinkfreedom.keyboard.sensors.KeyboardSensor.getData()Ljava/lang/Character; @ 4
Event: 30,304 Thread 0x0000000000f21000 Uncommon trap: reason=null_assert action=make_not_entrant pc=0x00007f22dd14b8f8 method=org.scify.jthinkfreedom.keyboard.stimuli.CapturekeyStimulus.onDataReceived()V @ 44

Internal exceptions (10 events):
Event: 26,688 Thread 0x0000000000fad000 Threw 0x00000000db837098 at /build/openjdk-7-FO0dNI/openjdk-7-7u79-2.5.6/build/openjdk/hotspot/src/share/vm/prims/jvm.cpp:1284
Event: 26,696 Thread 0x0000000000fad000 Threw 0x00000000db8475b0 at /build/openjdk-7-FO0dNI/openjdk-7-7u79-2.5.6/build/openjdk/hotspot/src/share/vm/prims/jvm.cpp:1284
Event: 26,704 Thread 0x0000000000fad000 Threw 0x00000000db864ce0 at /build/openjdk-7-FO0dNI/openjdk-7-7u79-2.5.6/build/openjdk/hotspot/src/share/vm/prims/jvm.cpp:1284
Event: 26,706 Thread 0x0000000000fad000 Threw 0x00000000db876138 at /build/openjdk-7-FO0dNI/openjdk-7-7u79-2.5.6/build/openjdk/hotspot/src/share/vm/prims/jvm.cpp:1284
Event: 26,727 Thread 0x0000000000fad000 Threw 0x00000000db88f300 at /build/openjdk-7-FO0dNI/openjdk-7-7u79-2.5.6/build/openjdk/hotspot/src/share/vm/prims/jvm.cpp:1284
Event: 26,739 Thread 0x0000000000fad000 Threw 0x00000000db8a0190 at /build/openjdk-7-FO0dNI/openjdk-7-7u79-2.5.6/build/openjdk/hotspot/src/share/vm/prims/jvm.cpp:1284
Event: 30,066 Thread 0x0000000000fad000 Threw 0x00000000db8e39f0 at /build/openjdk-7-FO0dNI/openjdk-7-7u79-2.5.6/build/openjdk/hotspot/src/share/vm/prims/jvm.cpp:1284
Event: 30,080 Thread 0x0000000000fad000 Threw 0x00000000dbc04c00 at /build/openjdk-7-FO0dNI/openjdk-7-7u79-2.5.6/build/openjdk/hotspot/src/share/vm/prims/jvm.cpp:1284
Event: 30,304 Thread 0x0000000000f21000 Threw 0x00000000dbbf1900 at /build/openjdk-7-FO0dNI/openjdk-7-7u79-2.5.6/build/openjdk/hotspot/src/share/vm/prims/jvm.cpp:1284
Event: 30,309 Thread 0x0000000000f21000 Threw 0x00000000dbc4d6c8 at /build/openjdk-7-FO0dNI/openjdk-7-7u79-2.5.6/build/openjdk/hotspot/src/share/vm/prims/jvm.cpp:1284

Events (10 events):
Event: 30,309 loading class 0x00007f22ac001ba0
Event: 30,309 loading class 0x00007f22ac001ba0 done
Event: 30,311 Executing VM operation: RevokeBias
Event: 30,311 Executing VM operation: RevokeBias done
Event: 30,341 loading class 0x00007f22b806e020
Event: 30,341 loading class 0x00007f22b806e020 done
Event: 30,341 Executing VM operation: RevokeBias
Event: 30,342 Executing VM operation: RevokeBias done
Event: 30,342 loading class 0x00007f22e012deb0
Event: 30,342 loading class 0x00007f22e012deb0 done


Dynamic libraries:
00400000-00401000 r-xp 00000000 08:02 1323751                            /usr/lib/jvm/java-7-openjdk-amd64/jre/bin/java
00600000-00601000 r--p 00000000 08:02 1323751                            /usr/lib/jvm/java-7-openjdk-amd64/jre/bin/java
00601000-00602000 rw-p 00001000 08:02 1323751                            /usr/lib/jvm/java-7-openjdk-amd64/jre/bin/java
00e40000-0100c000 rw-p 00000000 00:00 0                                  [heap]
86400000-87980000 rw-p 00000000 00:00 0 
87980000-90a00000 rw-p 00000000 00:00 0 
90a00000-95400000 rw-p 00000000 00:00 0 
95400000-dae00000 rw-p 00000000 00:00 0 
dae00000-dd380000 rw-p 00000000 00:00 0 
dd380000-100000000 rw-p 00000000 00:00 0 
7f22933df000-7f2293540000 rw-p 00000000 00:00 0 
7f2293540000-7f229354a000 r-xp 00000000 08:02 1317748                    /usr/lib/jvm/java-7-openjdk-amd64/jre/lib/amd64/libjavajpeg.so
7f229354a000-7f2293749000 ---p 0000a000 08:02 1317748                    /usr/lib/jvm/java-7-openjdk-amd64/jre/lib/amd64/libjavajpeg.so
7f2293749000-7f229374a000 r--p 00009000 08:02 1317748                    /usr/lib/jvm/java-7-openjdk-amd64/jre/lib/amd64/libjavajpeg.so
7f229374a000-7f229374b000 rw-p 0000a000 08:02 1317748                    /usr/lib/jvm/java-7-openjdk-amd64/jre/lib/amd64/libjavajpeg.so
7f2293750000-7f22939d7000 rw-s 00000000 00:04 11567120                   /SYSV00000000 (deleted)
7f22939d7000-7f22939da000 ---p 00000000 00:00 0 
7f22939da000-7f2293ad8000 rw-p 00000000 00:00 0                          [stack:15712]
7f2293aff000-7f2293bd8000 rw-p 00000000 00:00 0 
7f2293bd8000-7f2293bef000 r-xp 00000000 08:02 271475                     /tmp/jna-xrousakis/jna404831093299083092.tmp (deleted)
7f2293bef000-7f2293def000 ---p 00017000 08:02 271475                     /tmp/jna-xrousakis/jna404831093299083092.tmp (deleted)
7f2293def000-7f2293df0000 r--p 00017000 08:02 271475                     /tmp/jna-xrousakis/jna404831093299083092.tmp (deleted)
7f2293df0000-7f2293df1000 rw-p 00018000 08:02 271475                     /tmp/jna-xrousakis/jna404831093299083092.tmp (deleted)
7f2293df1000-7f2293df4000 ---p 00000000 00:00 0 
7f2293df4000-7f2293ef2000 rw-p 00000000 00:00 0                          [stack:15714]
7f2293ef2000-7f2293ef5000 ---p 00000000 00:00 0 
7f2293ef5000-7f2293ff3000 rw-p 00000000 00:00 0                          [stack:15713]
7f2293ff3000-7f2293ffd000 r--s 00203000 08:02 1310919                    /usr/lib/jvm/java-7-openjdk-amd64/jre/lib/charsets.jar
7f2294000000-7f2294021000 rw-p 00000000 00:00 0 
7f2294021000-7f2298000000 ---p 00000000 00:00 0 
7f2298000000-7f22980ac000 rw-p 00000000 00:00 0 
7f22980ac000-7f229c000000 ---p 00000000 00:00 0 
7f229c00f000-7f229c012000 ---p 00000000 00:00 0 
7f229c012000-7f229c110000 rw-p 00000000 00:00 0                          [stack:15700]
7f229c146000-7f229c149000 ---p 00000000 00:00 0 
7f229c149000-7f229c247000 rw-p 00000000 00:00 0 
7f229c247000-7f229c24a000 ---p 00000000 00:00 0 
7f229c24a000-7f229c348000 rw-p 00000000 00:00 0                          [stack:15715]
7f229c3a0000-7f229c3f2000 r-xp 00000000 08:02 1317750                    /usr/lib/jvm/java-7-openjdk-amd64/jre/lib/amd64/libfontmanager.so
7f229c3f2000-7f229c5f1000 ---p 00052000 08:02 1317750                    /usr/lib/jvm/java-7-openjdk-amd64/jre/lib/amd64/libfontmanager.so
7f229c5f1000-7f229c5f4000 r--p 00051000 08:02 1317750                    /usr/lib/jvm/java-7-openjdk-amd64/jre/lib/amd64/libfontmanager.so
7f229c5f4000-7f229c5f5000 rw-p 00054000 08:02 1317750                    /usr/lib/jvm/java-7-openjdk-amd64/jre/lib/amd64/libfontmanager.so
7f229c5f7000-7f229c5fa000 ---p 00000000 00:00 0 
7f229c5fa000-7f229c6f8000 rw-p 00000000 00:00 0                          [stack:15698]
7f229c6f8000-7f229c8a5000 r-xp 00000000 08:02 271474                     /tmp/javacpp20929498449618/libjniopencv_core.so
7f229c8a5000-7f229caa5000 ---p 001ad000 08:02 271474                     /tmp/javacpp20929498449618/libjniopencv_core.so
7f229caa5000-7f229caa6000 r--p 001ad000 08:02 271474                     /tmp/javacpp20929498449618/libjniopencv_core.so
7f229caa6000-7f229caa8000 rw-p 001ae000 08:02 271474                     /tmp/javacpp20929498449618/libjniopencv_core.so
7f229caa8000-7f229caf6000 r-xp 00000000 08:02 271473                     /tmp/javacpp20929498449618/libjniopencv_highgui.so
7f229caf6000-7f229ccf5000 ---p 0004e000 08:02 271473                     /tmp/javacpp20929498449618/libjniopencv_highgui.so
7f229ccf5000-7f229ccf6000 r--p 0004d000 08:02 271473                     /tmp/javacpp20929498449618/libjniopencv_highgui.so
7f229ccf6000-7f229ccf7000 rw-p 0004e000 08:02 271473                     /tmp/javacpp20929498449618/libjniopencv_highgui.so
7f229ccf8000-7f229cd3b000 r-xp 00000000 08:02 1188593                    /usr/lib/x86_64-linux-gnu/libjpeg.so.8.0.2
7f229cd3b000-7f229cf3b000 ---p 00043000 08:02 1188593                    /usr/lib/x86_64-linux-gnu/libjpeg.so.8.0.2
7f229cf3b000-7f229cf3c000 r--p 00043000 08:02 1188593                    /usr/lib/x86_64-linux-gnu/libjpeg.so.8.0.2
7f229cf3c000-7f229cf3d000 rw-p 00044000 08:02 1188593                    /usr/lib/x86_64-linux-gnu/libjpeg.so.8.0.2
7f229cf3d000-7f229cf4d000 rw-p 00000000 00:00 0 
7f229cf50000-7f229cf74000 r-xp 00000000 08:02 1188998                    /usr/lib/x86_64-linux-gnu/libv4lconvert.so.0.0.0
7f229cf74000-7f229d174000 ---p 00024000 08:02 1188998                    /usr/lib/x86_64-linux-gnu/libv4lconvert.so.0.0.0
7f229d174000-7f229d176000 r--p 00024000 08:02 1188998                    /usr/lib/x86_64-linux-gnu/libv4lconvert.so.0.0.0
7f229d176000-7f229d177000 rw-p 00026000 08:02 1188998                    /usr/lib/x86_64-linux-gnu/libv4lconvert.so.0.0.0
7f229d177000-7f229d1c9000 rw-p 00000000 00:00 0 
7f229d1d0000-7f229d1d6000 r-xp 00000000 08:02 1188131                    /usr/lib/x86_64-linux-gnu/libdatrie.so.1.3.1
7f229d1d6000-7f229d3d5000 ---p 00006000 08:02 1188131                    /usr/lib/x86_64-linux-gnu/libdatrie.so.1.3.1
7f229d3d5000-7f229d3d6000 r--p 00005000 08:02 1188131                    /usr/lib/x86_64-linux-gnu/libdatrie.so.1.3.1
7f229d3d6000-7f229d3d7000 rw-p 00006000 08:02 1188131                    /usr/lib/x86_64-linux-gnu/libdatrie.so.1.3.1
7f229d3d8000-7f229d3f2000 r-xp 00000000 08:02 1188402                    /usr/lib/x86_64-linux-gnu/libgraphite2.so.3.0.1
7f229d3f2000-7f229d5f1000 ---p 0001a000 08:02 1188402                    /usr/lib/x86_64-linux-gnu/libgraphite2.so.3.0.1
7f229d5f1000-7f229d5f3000 r--p 00019000 08:02 1188402                    /usr/lib/x86_64-linux-gnu/libgraphite2.so.3.0.1
7f229d5f3000-7f229d5f4000 rw-p 0001b000 08:02 1188402                    /usr/lib/x86_64-linux-gnu/libgraphite2.so.3.0.1
7f229d5f8000-7f229d601000 r-xp 00000000 08:02 1188996                    /usr/lib/x86_64-linux-gnu/libv4l2.so.0.0.0
7f229d601000-7f229d800000 ---p 00009000 08:02 1188996                    /usr/lib/x86_64-linux-gnu/libv4l2.so.0.0.0
7f229d800000-7f229d801000 r--p 00008000 08:02 1188996                    /usr/lib/x86_64-linux-gnu/libv4l2.so.0.0.0
7f229d801000-7f229d806000 rw-p 00009000 08:02 1188996                    /usr/lib/x86_64-linux-gnu/libv4l2.so.0.0.0
7f229d808000-7f229d810000 r-xp 00000000 08:02 1188953                    /usr/lib/x86_64-linux-gnu/libthai.so.0.2.0
7f229d810000-7f229da0f000 ---p 00008000 08:02 1188953                    /usr/lib/x86_64-linux-gnu/libthai.so.0.2.0
7f229da0f000-7f229da10000 r--p 00007000 08:02 1188953                    /usr/lib/x86_64-linux-gnu/libthai.so.0.2.0
7f229da10000-7f229da11000 rw-p 00008000 08:02 1188953                    /usr/lib/x86_64-linux-gnu/libthai.so.0.2.0
7f229da18000-7f229da6b000 r-xp 00000000 08:02 1179957                    /usr/lib/x86_64-linux-gnu/libharfbuzz.so.0.927.0
7f229da6b000-7f229dc6b000 ---p 00053000 08:02 1179957                    /usr/lib/x86_64-linux-gnu/libharfbuzz.so.0.927.0
7f229dc6b000-7f229dc6c000 r--p 00053000 08:02 1179957                    /usr/lib/x86_64-linux-gnu/libharfbuzz.so.0.927.0
7f229dc6c000-7f229dc6d000 rw-p 00054000 08:02 1179957                    /usr/lib/x86_64-linux-gnu/libharfbuzz.so.0.927.0
7f229dc70000-7f229dc78000 r-xp 00000000 08:02 1189074                    /usr/lib/x86_64-linux-gnu/libxcb-render.so.0.0.0
7f229dc78000-7f229de77000 ---p 00008000 08:02 1189074                    /usr/lib/x86_64-linux-gnu/libxcb-render.so.0.0.0
7f229de77000-7f229de78000 r--p 00007000 08:02 1189074                    /usr/lib/x86_64-linux-gnu/libxcb-render.so.0.0.0
7f229de78000-7f229de79000 rw-p 00008000 08:02 1189074                    /usr/lib/x86_64-linux-gnu/libxcb-render.so.0.0.0
7f229de80000-7f229de82000 r-xp 00000000 08:02 1189078                    /usr/lib/x86_64-linux-gnu/libxcb-shm.so.0.0.0
7f229de82000-7f229e081000 ---p 00002000 08:02 1189078                    /usr/lib/x86_64-linux-gnu/libxcb-shm.so.0.0.0
7f229e081000-7f229e082000 r--p 00001000 08:02 1189078                    /usr/lib/x86_64-linux-gnu/libxcb-shm.so.0.0.0
7f229e082000-7f229e083000 rw-p 00002000 08:02 1189078                    /usr/lib/x86_64-linux-gnu/libxcb-shm.so.0.0.0
7f229e088000-7f229e129000 r-xp 00000000 08:02 1188793                    /usr/lib/x86_64-linux-gnu/libpixman-1.so.0.30.2
7f229e129000-7f229e329000 ---p 000a1000 08:02 1188793                    /usr/lib/x86_64-linux-gnu/libpixman-1.so.0.30.2
7f229e329000-7f229e330000 r--p 000a1000 08:02 1188793                    /usr/lib/x86_64-linux-gnu/libpixman-1.so.0.30.2
7f229e330000-7f229e331000 rw-p 000a8000 08:02 1188793                    /usr/lib/x86_64-linux-gnu/libpixman-1.so.0.30.2
7f229e338000-7f229e33a000 r-xp 00000000 08:02 1187926                    /usr/lib/x86_64-linux-gnu/libXdamage.so.1.1.0
7f229e33a000-7f229e539000 ---p 00002000 08:02 1187926                    /usr/lib/x86_64-linux-gnu/libXdamage.so.1.1.0
7f229e539000-7f229e53a000 r--p 00001000 08:02 1187926                    /usr/lib/x86_64-linux-gnu/libXdamage.so.1.1.0
7f229e53a000-7f229e53b000 rw-p 00002000 08:02 1187926                    /usr/lib/x86_64-linux-gnu/libXdamage.so.1.1.0
7f229e540000-7f229e542000 r-xp 00000000 08:02 1187922                    /usr/lib/x86_64-linux-gnu/libXcomposite.so.1.0.0
7f229e542000-7f229e741000 ---p 00002000 08:02 1187922                    /usr/lib/x86_64-linux-gnu/libXcomposite.so.1.0.0
7f229e741000-7f229e742000 r--p 00001000 08:02 1187922                    /usr/lib/x86_64-linux-gnu/libXcomposite.so.1.0.0
7f229e742000-7f229e743000 rw-p 00002000 08:02 1187922                    /usr/lib/x86_64-linux-gnu/libXcomposite.so.1.0.0
7f229e748000-7f229e751000 r-xp 00000000 08:02 1187948                    /usr/lib/x86_64-linux-gnu/libXrandr.so.2.2.0
7f229e751000-7f229e950000 ---p 00009000 08:02 1187948                    /usr/lib/x86_64-linux-gnu/libXrandr.so.2.2.0
7f229e950000-7f229e951000 r--p 00008000 08:02 1187948                    /usr/lib/x86_64-linux-gnu/libXrandr.so.2.2.0
7f229e951000-7f229e952000 rw-p 00009000 08:02 1187948                    /usr/lib/x86_64-linux-gnu/libXrandr.so.2.2.0
7f229e958000-7f229e95a000 r-xp 00000000 08:02 1187940                    /usr/lib/x86_64-linux-gnu/libXinerama.so.1.0.0
7f229e95a000-7f229eb59000 ---p 00002000 08:02 1187940                    /usr/lib/x86_64-linux-gnu/libXinerama.so.1.0.0
7f229eb59000-7f229eb5a000 r--p 00001000 08:02 1187940                    /usr/lib/x86_64-linux-gnu/libXinerama.so.1.0.0
7f229eb5a000-7f229eb5b000 rw-p 00002000 08:02 1187940                    /usr/lib/x86_64-linux-gnu/libXinerama.so.1.0.0
7f229eb60000-7f229eb65000 r-xp 00000000 08:02 1188994                    /usr/lib/x86_64-linux-gnu/libv4l1.so.0.0.0
7f229eb65000-7f229ed64000 ---p 00005000 08:02 1188994                    /usr/lib/x86_64-linux-gnu/libv4l1.so.0.0.0
7f229ed64000-7f229ed65000 r--p 00004000 08:02 1188994                    /usr/lib/x86_64-linux-gnu/libv4l1.so.0.0.0
7f229ed65000-7f229ed66000 rw-p 00005000 08:02 1188994                    /usr/lib/x86_64-linux-gnu/libv4l1.so.0.0.0
7f229ed68000-7f229ed69000 r-xp 00000000 08:02 1181659                    /usr/lib/x86_64-linux-gnu/libgthread-2.0.so.0.4002.0
7f229ed69000-7f229ef68000 ---p 00001000 08:02 1181659                    /usr/lib/x86_64-linux-gnu/libgthread-2.0.so.0.4002.0
7f229ef68000-7f229ef69000 r--p 00000000 08:02 1181659                    /usr/lib/x86_64-linux-gnu/libgthread-2.0.so.0.4002.0
7f229ef69000-7f229ef6a000 rw-p 00001000 08:02 1181659                    /usr/lib/x86_64-linux-gnu/libgthread-2.0.so.0.4002.0
7f229ef70000-7f229efba000 r-xp 00000000 08:02 1181864                    /usr/lib/x86_64-linux-gnu/libpango-1.0.so.0.3600.3
7f229efba000-7f229f1ba000 ---p 0004a000 08:02 1181864                    /usr/lib/x86_64-linux-gnu/libpango-1.0.so.0.3600.3
7f229f1ba000-7f229f1bc000 r--p 0004a000 08:02 1181864                    /usr/lib/x86_64-linux-gnu/libpango-1.0.so.0.3600.3
7f229f1bc000-7f229f1bd000 rw-p 0004c000 08:02 1181864                    /usr/lib/x86_64-linux-gnu/libpango-1.0.so.0.3600.3
7f229f1c0000-7f229f1d4000 r-xp 00000000 08:02 1181866                    /usr/lib/x86_64-linux-gnu/libpangoft2-1.0.so.0.3600.3
7f229f1d4000-7f229f3d3000 ---p 00014000 08:02 1181866                    /usr/lib/x86_64-linux-gnu/libpangoft2-1.0.so.0.3600.3
7f229f3d3000-7f229f3d4000 r--p 00013000 08:02 1181866                    /usr/lib/x86_64-linux-gnu/libpangoft2-1.0.so.0.3600.3
7f229f3d4000-7f229f3d5000 rw-p 00014000 08:02 1181866                    /usr/lib/x86_64-linux-gnu/libpangoft2-1.0.so.0.3600.3
7f229f3d8000-7f229f3f7000 r-xp 00000000 08:02 1188324                    /usr/lib/x86_64-linux-gnu/libgdk_pixbuf-2.0.so.0.3000.7
7f229f3f7000-7f229f5f7000 ---p 0001f000 08:02 1188324                    /usr/lib/x86_64-linux-gnu/libgdk_pixbuf-2.0.so.0.3000.7
7f229f5f7000-7f229f5f8000 r--p 0001f000 08:02 1188324                    /usr/lib/x86_64-linux-gnu/libgdk_pixbuf-2.0.so.0.3000.7
7f229f5f8000-7f229f5f9000 rw-p 00020000 08:02 1188324                    /usr/lib/x86_64-linux-gnu/libgdk_pixbuf-2.0.so.0.3000.7
7f229f600000-7f229f706000 r-xp 00000000 08:02 1184068                    /usr/lib/x86_64-linux-gnu/libcairo.so.2.11301.0
7f229f706000-7f229f905000 ---p 00106000 08:02 1184068                    /usr/lib/x86_64-linux-gnu/libcairo.so.2.11301.0
7f229f905000-7f229f908000 r--p 00105000 08:02 1184068                    /usr/lib/x86_64-linux-gnu/libcairo.so.2.11301.0
7f229f908000-7f229f909000 rw-p 00108000 08:02 1184068                    /usr/lib/x86_64-linux-gnu/libcairo.so.2.11301.0
7f229f909000-7f229f90b000 rw-p 00000000 00:00 0 
7f229f910000-7f229f92f000 r-xp 00000000 08:02 1188009                    /usr/lib/x86_64-linux-gnu/libatk-1.0.so.0.21009.1
7f229f92f000-7f229fb2f000 ---p 0001f000 08:02 1188009                    /usr/lib/x86_64-linux-gnu/libatk-1.0.so.0.21009.1
7f229fb2f000-7f229fb31000 r--p 0001f000 08:02 1188009                    /usr/lib/x86_64-linux-gnu/libatk-1.0.so.0.21009.1
7f229fb31000-7f229fb32000 rw-p 00021000 08:02 1188009                    /usr/lib/x86_64-linux-gnu/libatk-1.0.so.0.21009.1
7f229fb38000-7f229fb43000 r-xp 00000000 08:02 1181862                    /usr/lib/x86_64-linux-gnu/libpangocairo-1.0.so.0.3600.3
7f229fb43000-7f229fd43000 ---p 0000b000 08:02 1181862                    /usr/lib/x86_64-linux-gnu/libpangocairo-1.0.so.0.3600.3
7f229fd43000-7f229fd44000 r--p 0000b000 08:02 1181862                    /usr/lib/x86_64-linux-gnu/libpangocairo-1.0.so.0.3600.3
7f229fd44000-7f229fd45000 rw-p 0000c000 08:02 1181862                    /usr/lib/x86_64-linux-gnu/libpangocairo-1.0.so.0.3600.3
7f229fd48000-7f229fdf5000 r-xp 00000000 08:02 1185800                    /usr/lib/x86_64-linux-gnu/libgdk-x11-2.0.so.0.2400.23
7f229fdf5000-7f229fff4000 ---p 000ad000 08:02 1185800                    /usr/lib/x86_64-linux-gnu/libgdk-x11-2.0.so.0.2400.23
7f229fff4000-7f229fff8000 r--p 000ac000 08:02 1185800                    /usr/lib/x86_64-linux-gnu/libgdk-x11-2.0.so.0.2400.23
7f229fff8000-7f229fffa000 rw-p 000b0000 08:02 1185800                    /usr/lib/x86_64-linux-gnu/libgdk-x11-2.0.so.0.2400.23
7f22a0000000-7f22a0021000 rw-p 00000000 00:00 0 
7f22a0021000-7f22a4000000 ---p 00000000 00:00 0 
7f22a40a7000-7f22a40aa000 ---p 00000000 00:00 0 
7f22a40aa000-7f22a41a8000 rw-p 00000000 00:00 0                          [stack:15697]
7f22a41a8000-7f22a45d7000 r-xp 00000000 08:02 1190134                    /usr/lib/x86_64-linux-gnu/libgtk-x11-2.0.so.0.2400.23
7f22a45d7000-7f22a47d6000 ---p 0042f000 08:02 1190134                    /usr/lib/x86_64-linux-gnu/libgtk-x11-2.0.so.0.2400.23
7f22a47d6000-7f22a47dd000 r--p 0042e000 08:02 1190134                    /usr/lib/x86_64-linux-gnu/libgtk-x11-2.0.so.0.2400.23
7f22a47dd000-7f22a47e1000 rw-p 00435000 08:02 1190134                    /usr/lib/x86_64-linux-gnu/libgtk-x11-2.0.so.0.2400.23
7f22a47e1000-7f22a47e4000 rw-p 00000000 00:00 0 
7f22a47e8000-7f22a4a2f000 r-xp 00000000 08:02 271472                     /tmp/javacpp20929498449618/libopencv_highgui.so.2.4
7f22a4a2f000-7f22a4c2f000 ---p 00247000 08:02 271472                     /tmp/javacpp20929498449618/libopencv_highgui.so.2.4
7f22a4c2f000-7f22a4c37000 r--p 00247000 08:02 271472                     /tmp/javacpp20929498449618/libopencv_highgui.so.2.4
7f22a4c37000-7f22a4c40000 rw-p 0024f000 08:02 271472                     /tmp/javacpp20929498449618/libopencv_highgui.so.2.4
7f22a4c40000-7f22a4c48000 rw-p 00000000 00:00 0 
7f22a4c48000-7f22a4ea3000 r-xp 00000000 08:02 271471                     /tmp/javacpp20929498449618/libopencv_imgproc.so.2.4
7f22a4ea3000-7f22a50a3000 ---p 0025b000 08:02 271471                     /tmp/javacpp20929498449618/libopencv_imgproc.so.2.4
7f22a50a3000-7f22a50aa000 r--p 0025b000 08:02 271471                     /tmp/javacpp20929498449618/libopencv_imgproc.so.2.4
7f22a50aa000-7f22a50ac000 rw-p 00262000 08:02 271471                     /tmp/javacpp20929498449618/libopencv_imgproc.so.2.4
7f22a50ac000-7f22a5141000 rw-p 00000000 00:00 0 
7f22a5148000-7f22a53f1000 r-xp 00000000 08:02 271470                     /tmp/javacpp20929498449618/libopencv_core.so.2.4
7f22a53f1000-7f22a55f0000 ---p 002a9000 08:02 271470                     /tmp/javacpp20929498449618/libopencv_core.so.2.4
7f22a55f0000-7f22a55f4000 r--p 002a8000 08:02 271470                     /tmp/javacpp20929498449618/libopencv_core.so.2.4
7f22a55f4000-7f22a55fd000 rw-p 002ac000 08:02 271470                     /tmp/javacpp20929498449618/libopencv_core.so.2.4
7f22a55fd000-7f22a5600000 rw-p 00000000 00:00 0 
7f22a5600000-7f22a5629000 r-xp 00000000 08:02 271469                     /tmp/javacpp20929498449618/libtbb.so
7f22a5629000-7f22a5828000 ---p 00029000 08:02 271469                     /tmp/javacpp20929498449618/libtbb.so
7f22a5828000-7f22a582a000 r--p 00028000 08:02 271469                     /tmp/javacpp20929498449618/libtbb.so
7f22a582a000-7f22a582b000 rw-p 0002a000 08:02 271469                     /tmp/javacpp20929498449618/libtbb.so
7f22a5830000-7f22a5856000 r-xp 00000000 08:02 271468                     /tmp/javacpp20929498449618/libjnifreenect.so
7f22a5856000-7f22a5a55000 ---p 00026000 08:02 271468                     /tmp/javacpp20929498449618/libjnifreenect.so
7f22a5a55000-7f22a5a56000 r--p 00025000 08:02 271468                     /tmp/javacpp20929498449618/libjnifreenect.so
7f22a5a56000-7f22a5a57000 rw-p 00026000 08:02 271468                     /tmp/javacpp20929498449618/libjnifreenect.so
7f22a5a58000-7f22a5a5b000 r-xp 00000000 08:02 271467                     /tmp/javacpp20929498449618/libfreenect_sync.so
7f22a5a5b000-7f22a5c5a000 ---p 00003000 08:02 271467                     /tmp/javacpp20929498449618/libfreenect_sync.so
7f22a5c5a000-7f22a5c5b000 r--p 00002000 08:02 271467                     /tmp/javacpp20929498449618/libfreenect_sync.so
7f22a5c5b000-7f22a5c5c000 rw-p 00003000 08:02 271467                     /tmp/javacpp20929498449618/libfreenect_sync.so
7f22a5c60000-7f22a5c6e000 r-xp 00000000 08:02 271466                     /tmp/javacpp20929498449618/libfreenect.so
7f22a5c6e000-7f22a5e6d000 ---p 0000e000 08:02 271466                     /tmp/javacpp20929498449618/libfreenect.so
7f22a5e6d000-7f22a5e6e000 r--p 0000d000 08:02 271466                     /tmp/javacpp20929498449618/libfreenect.so
7f22a5e6e000-7f22a5e6f000 rw-p 0000e000 08:02 271466                     /tmp/javacpp20929498449618/libfreenect.so
7f22a5e6f000-7f22a5e70000 ---p 00000000 00:00 0 
7f22a5e70000-7f22a6670000 rw-p 00000000 00:00 0 
7f22a6670000-7f22a66c2000 r-xp 00000000 08:02 271464                     /tmp/javacpp20929498449618/libjnidc1394.so
7f22a66c2000-7f22a68c1000 ---p 00052000 08:02 271464                     /tmp/javacpp20929498449618/libjnidc1394.so
7f22a68c1000-7f22a68c2000 r--p 00051000 08:02 271464                     /tmp/javacpp20929498449618/libjnidc1394.so
7f22a68c2000-7f22a68c3000 rw-p 00052000 08:02 271464                     /tmp/javacpp20929498449618/libjnidc1394.so
7f22a68c8000-7f22a68d0000 r-xp 00000000 08:02 1445949                    /lib/x86_64-linux-gnu/libnih-dbus.so.1.0.0
7f22a68d0000-7f22a6ad0000 ---p 00008000 08:02 1445949                    /lib/x86_64-linux-gnu/libnih-dbus.so.1.0.0
7f22a6ad0000-7f22a6ad1000 r--p 00008000 08:02 1445949                    /lib/x86_64-linux-gnu/libnih-dbus.so.1.0.0
7f22a6ad1000-7f22a6ad2000 rw-p 00009000 08:02 1445949                    /lib/x86_64-linux-gnu/libnih-dbus.so.1.0.0
7f22a6ad8000-7f22a6aef000 r-xp 00000000 08:02 1445951                    /lib/x86_64-linux-gnu/libnih.so.1.0.0
7f22a6aef000-7f22a6cee000 ---p 00017000 08:02 1445951                    /lib/x86_64-linux-gnu/libnih.so.1.0.0
7f22a6cee000-7f22a6cef000 r--p 00016000 08:02 1445951                    /lib/x86_64-linux-gnu/libnih.so.1.0.0
7f22a6cef000-7f22a6cf0000 rw-p 00017000 08:02 1445951                    /lib/x86_64-linux-gnu/libnih.so.1.0.0
7f22a6cf0000-7f22a6d09000 r-xp 00000000 08:02 1444015                    /lib/x86_64-linux-gnu/libcgmanager.so.0.0.0
7f22a6d09000-7f22a6f08000 ---p 00019000 08:02 1444015                    /lib/x86_64-linux-gnu/libcgmanager.so.0.0.0
7f22a6f08000-7f22a6f0a000 r--p 00018000 08:02 1444015                    /lib/x86_64-linux-gnu/libcgmanager.so.0.0.0
7f22a6f0a000-7f22a6f0b000 rw-p 0001a000 08:02 1444015                    /lib/x86_64-linux-gnu/libcgmanager.so.0.0.0
7f22a6f10000-7f22a6f20000 r-xp 00000000 08:02 1442754                    /lib/x86_64-linux-gnu/libudev.so.1.3.5
7f22a6f20000-7f22a711f000 ---p 00010000 08:02 1442754                    /lib/x86_64-linux-gnu/libudev.so.1.3.5
7f22a711f000-7f22a7120000 r--p 0000f000 08:02 1442754                    /lib/x86_64-linux-gnu/libudev.so.1.3.5
7f22a7120000-7f22a7121000 rw-p 00010000 08:02 1442754                    /lib/x86_64-linux-gnu/libudev.so.1.3.5
7f22a7128000-7f22a713d000 r-xp 00000000 08:02 1446041                    /lib/x86_64-linux-gnu/libusb-1.0.so.0.1.0
7f22a713d000-7f22a733d000 ---p 00015000 08:02 1446041                    /lib/x86_64-linux-gnu/libusb-1.0.so.0.1.0
7f22a733d000-7f22a733e000 r--p 00015000 08:02 1446041                    /lib/x86_64-linux-gnu/libusb-1.0.so.0.1.0
7f22a733e000-7f22a733f000 rw-p 00016000 08:02 1446041                    /lib/x86_64-linux-gnu/libusb-1.0.so.0.1.0
7f22a7340000-7f22a734d000 r-xp 00000000 08:02 1188844                    /usr/lib/x86_64-linux-gnu/libraw1394.so.11.1.0
7f22a734d000-7f22a754c000 ---p 0000d000 08:02 1188844                    /usr/lib/x86_64-linux-gnu/libraw1394.so.11.1.0
7f22a754c000-7f22a754d000 r--p 0000c000 08:02 1188844                    /usr/lib/x86_64-linux-gnu/libraw1394.so.11.1.0
7f22a754d000-7f22a754e000 rw-p 0000d000 08:02 1188844                    /usr/lib/x86_64-linux-gnu/libraw1394.so.11.1.0
7f22a7550000-7f22a7583000 r-xp 00000000 08:02 271463                     /tmp/javacpp20929498449618/libdc1394.so.22
7f22a7583000-7f22a7783000 ---p 00033000 08:02 271463                     /tmp/javacpp20929498449618/libdc1394.so.22
7f22a7783000-7f22a7784000 r--p 00033000 08:02 271463                     /tmp/javacpp20929498449618/libdc1394.so.22
7f22a7784000-7f22a7785000 rw-p 00034000 08:02 271463                     /tmp/javacpp20929498449618/libdc1394.so.22
7f22a7785000-7f22a77c5000 rw-p 00000000 00:00 0 
7f22a77c8000-7f22a77df000 r-xp 00000000 08:02 1317766                    /usr/lib/jvm/java-7-openjdk-amd64/jre/lib/amd64/libnet.so
7f22a77df000-7f22a79de000 ---p 00017000 08:02 1317766                    /usr/lib/jvm/java-7-openjdk-amd64/jre/lib/amd64/libnet.so
7f22a79de000-7f22a79df000 r--p 00016000 08:02 1317766                    /usr/lib/jvm/java-7-openjdk-amd64/jre/lib/amd64/libnet.so
7f22a79df000-7f22a79e0000 rw-p 00017000 08:02 1317766                    /usr/lib/jvm/java-7-openjdk-amd64/jre/lib/amd64/libnet.so
7f22a79e0000-7f22a79f0000 r-xp 00000000 08:02 1317771                    /usr/lib/jvm/java-7-openjdk-amd64/jre/lib/amd64/libnio.so
7f22a79f0000-7f22a7bf0000 ---p 00010000 08:02 1317771                    /usr/lib/jvm/java-7-openjdk-amd64/jre/lib/amd64/libnio.so
7f22a7bf0000-7f22a7bf1000 r--p 00010000 08:02 1317771                    /usr/lib/jvm/java-7-openjdk-amd64/jre/lib/amd64/libnio.so
7f22a7bf1000-7f22a7bf2000 rw-p 00011000 08:02 1317771                    /usr/lib/jvm/java-7-openjdk-amd64/jre/lib/amd64/libnio.so
7f22a7bf6000-7f22a7bf9000 ---p 00000000 00:00 0 
7f22a7bf9000-7f22a7cf7000 rw-p 00000000 00:00 0                          [stack:15701]
7f22a7cf7000-7f22a7cfa000 ---p 00000000 00:00 0 
7f22a7cfa000-7f22a7df8000 rw-p 00000000 00:00 0                          [stack:15693]
7f22a7df8000-7f22a7dfd000 r-xp 00000000 08:02 1185797                    /usr/lib/x86_64-linux-gnu/libXfixes.so.3.1.0
7f22a7dfd000-7f22a7ffc000 ---p 00005000 08:02 1185797                    /usr/lib/x86_64-linux-gnu/libXfixes.so.3.1.0
7f22a7ffc000-7f22a7ffd000 r--p 00004000 08:02 1185797                    /usr/lib/x86_64-linux-gnu/libXfixes.so.3.1.0
7f22a7ffd000-7f22a7ffe000 rw-p 00005000 08:02 1185797                    /usr/lib/x86_64-linux-gnu/libXfixes.so.3.1.0
7f22a8000000-7f22a806e000 rw-p 00000000 00:00 0 
7f22a806e000-7f22ac000000 ---p 00000000 00:00 0 
7f22ac000000-7f22ac021000 rw-p 00000000 00:00 0 
7f22ac021000-7f22b0000000 ---p 00000000 00:00 0 
7f22b0000000-7f22b0021000 rw-p 00000000 00:00 0 
7f22b0021000-7f22b4000000 ---p 00000000 00:00 0 
7f22b4028000-7f22b4031000 r-xp 00000000 08:02 1187924                    /usr/lib/x86_64-linux-gnu/libXcursor.so.1.0.2
7f22b4031000-7f22b4230000 ---p 00009000 08:02 1187924                    /usr/lib/x86_64-linux-gnu/libXcursor.so.1.0.2
7f22b4230000-7f22b4231000 r--p 00008000 08:02 1187924                    /usr/lib/x86_64-linux-gnu/libXcursor.so.1.0.2
7f22b4231000-7f22b4232000 rw-p 00009000 08:02 1187924                    /usr/lib/x86_64-linux-gnu/libXcursor.so.1.0.2
7f22b4238000-7f22b423c000 r-xp 00000000 08:02 1445919                    /lib/x86_64-linux-gnu/libgpg-error.so.0.10.0
7f22b423c000-7f22b443b000 ---p 00004000 08:02 1445919                    /lib/x86_64-linux-gnu/libgpg-error.so.0.10.0
7f22b443b000-7f22b443c000 r--p 00003000 08:02 1445919                    /lib/x86_64-linux-gnu/libgpg-error.so.0.10.0
7f22b443c000-7f22b443d000 rw-p 00004000 08:02 1445919                    /lib/x86_64-linux-gnu/libgpg-error.so.0.10.0
7f22b4440000-7f22b4442000 r-xp 00000000 08:02 1445929                    /lib/x86_64-linux-gnu/libkeyutils.so.1.4
7f22b4442000-7f22b4642000 ---p 00002000 08:02 1445929                    /lib/x86_64-linux-gnu/libkeyutils.so.1.4
7f22b4642000-7f22b4643000 r--p 00002000 08:02 1445929                    /lib/x86_64-linux-gnu/libkeyutils.so.1.4
7f22b4643000-7f22b4644000 rw-p 00003000 08:02 1445929                    /lib/x86_64-linux-gnu/libkeyutils.so.1.4
7f22b4648000-7f22b4685000 r-xp 00000000 08:02 1445990                    /lib/x86_64-linux-gnu/libpcre.so.3.13.1
7f22b4685000-7f22b4884000 ---p 0003d000 08:02 1445990                    /lib/x86_64-linux-gnu/libpcre.so.3.13.1
7f22b4884000-7f22b4885000 r--p 0003c000 08:02 1445990                    /lib/x86_64-linux-gnu/libpcre.so.3.13.1
7f22b4885000-7f22b4886000 rw-p 0003d000 08:02 1445990                    /lib/x86_64-linux-gnu/libpcre.so.3.13.1
7f22b4888000-7f22b48ad000 r-xp 00000000 08:02 1446002                    /lib/x86_64-linux-gnu/libpng12.so.0.50.0
7f22b48ad000-7f22b4aac000 ---p 00025000 08:02 1446002                    /lib/x86_64-linux-gnu/libpng12.so.0.50.0
7f22b4aac000-7f22b4aad000 r--p 00024000 08:02 1446002                    /lib/x86_64-linux-gnu/libpng12.so.0.50.0
7f22b4aad000-7f22b4aae000 rw-p 00025000 08:02 1446002                    /lib/x86_64-linux-gnu/libpng12.so.0.50.0
7f22b4ab0000-7f22b4af4000 r-xp 00000000 08:02 1444769                    /lib/x86_64-linux-gnu/libdbus-1.so.3.7.6
7f22b4af4000-7f22b4cf3000 ---p 00044000 08:02 1444769                    /lib/x86_64-linux-gnu/libdbus-1.so.3.7.6
7f22b4cf3000-7f22b4cf4000 r--p 00043000 08:02 1444769                    /lib/x86_64-linux-gnu/libdbus-1.so.3.7.6
7f22b4cf4000-7f22b4cf5000 rw-p 00044000 08:02 1444769                    /lib/x86_64-linux-gnu/libdbus-1.so.3.7.6
7f22b4cf8000-7f22b4d33000 r-xp 00000000 08:02 1188762                    /usr/lib/x86_64-linux-gnu/libp11-kit.so.0.0.0
7f22b4d33000-7f22b4f32000 ---p 0003b000 08:02 1188762                    /usr/lib/x86_64-linux-gnu/libp11-kit.so.0.0.0
7f22b4f32000-7f22b4f38000 r--p 0003a000 08:02 1188762                    /usr/lib/x86_64-linux-gnu/libp11-kit.so.0.0.0
7f22b4f38000-7f22b4f3a000 rw-p 00040000 08:02 1188762                    /usr/lib/x86_64-linux-gnu/libp11-kit.so.0.0.0
7f22b4f40000-7f22b4f52000 r-xp 00000000 08:02 1190002                    /usr/lib/x86_64-linux-gnu/libtasn1.so.6.2.0
7f22b4f52000-7f22b5152000 ---p 00012000 08:02 1190002                    /usr/lib/x86_64-linux-gnu/libtasn1.so.6.2.0
7f22b5152000-7f22b5153000 r--p 00012000 08:02 1190002                    /usr/lib/x86_64-linux-gnu/libtasn1.so.6.2.0
7f22b5153000-7f22b5154000 rw-p 00013000 08:02 1190002                    /usr/lib/x86_64-linux-gnu/libtasn1.so.6.2.0
7f22b5158000-7f22b51d4000 r-xp 00000000 08:02 1443002                    /lib/x86_64-linux-gnu/libgcrypt.so.11.8.2
7f22b51d4000-7f22b53d4000 ---p 0007c000 08:02 1443002                    /lib/x86_64-linux-gnu/libgcrypt.so.11.8.2
7f22b53d4000-7f22b53d5000 r--p 0007c000 08:02 1443002                    /lib/x86_64-linux-gnu/libgcrypt.so.11.8.2
7f22b53d5000-7f22b53d8000 rw-p 0007d000 08:02 1443002                    /lib/x86_64-linux-gnu/libgcrypt.so.11.8.2
7f22b53d8000-7f22b53e2000 r-xp 00000000 08:02 1185597                    /usr/lib/x86_64-linux-gnu/libkrb5support.so.0.1
7f22b53e2000-7f22b55e1000 ---p 0000a000 08:02 1185597                    /usr/lib/x86_64-linux-gnu/libkrb5support.so.0.1
7f22b55e1000-7f22b55e2000 r--p 00009000 08:02 1185597                    /usr/lib/x86_64-linux-gnu/libkrb5support.so.0.1
7f22b55e2000-7f22b55e3000 rw-p 0000a000 08:02 1185597                    /usr/lib/x86_64-linux-gnu/libkrb5support.so.0.1
7f22b55e8000-7f22b55eb000 r-xp 00000000 08:02 1444828                    /lib/x86_64-linux-gnu/libcom_err.so.2.1
7f22b55eb000-7f22b57ea000 ---p 00003000 08:02 1444828                    /lib/x86_64-linux-gnu/libcom_err.so.2.1
7f22b57ea000-7f22b57eb000 r--p 00002000 08:02 1444828                    /lib/x86_64-linux-gnu/libcom_err.so.2.1
7f22b57eb000-7f22b57ec000 rw-p 00003000 08:02 1444828                    /lib/x86_64-linux-gnu/libcom_err.so.2.1
7f22b57f0000-7f22b581c000 r-xp 00000000 08:02 1180183                    /usr/lib/x86_64-linux-gnu/libk5crypto.so.3.1
7f22b581c000-7f22b5a1b000 ---p 0002c000 08:02 1180183                    /usr/lib/x86_64-linux-gnu/libk5crypto.so.3.1
7f22b5a1b000-7f22b5a1d000 r--p 0002b000 08:02 1180183                    /usr/lib/x86_64-linux-gnu/libk5crypto.so.3.1
7f22b5a1d000-7f22b5a1e000 rw-p 0002d000 08:02 1180183                    /usr/lib/x86_64-linux-gnu/libk5crypto.so.3.1
7f22b5a1e000-7f22b5a1f000 rw-p 00000000 00:00 0 
7f22b5a20000-7f22b5adc000 r-xp 00000000 08:02 1185595                    /usr/lib/x86_64-linux-gnu/libkrb5.so.3.3
7f22b5adc000-7f22b5cdc000 ---p 000bc000 08:02 1185595                    /usr/lib/x86_64-linux-gnu/libkrb5.so.3.3
7f22b5cdc000-7f22b5ce9000 r--p 000bc000 08:02 1185595                    /usr/lib/x86_64-linux-gnu/libkrb5.so.3.3
7f22b5ce9000-7f22b5ceb000 rw-p 000c9000 08:02 1185595                    /usr/lib/x86_64-linux-gnu/libkrb5.so.3.3
7f22b5cf0000-7f22b5cf5000 r-xp 00000000 08:02 1187928                    /usr/lib/x86_64-linux-gnu/libXdmcp.so.6.0.0
7f22b5cf5000-7f22b5ef4000 ---p 00005000 08:02 1187928                    /usr/lib/x86_64-linux-gnu/libXdmcp.so.6.0.0
7f22b5ef4000-7f22b5ef5000 r--p 00004000 08:02 1187928                    /usr/lib/x86_64-linux-gnu/libXdmcp.so.6.0.0
7f22b5ef5000-7f22b5ef6000 rw-p 00005000 08:02 1187928                    /usr/lib/x86_64-linux-gnu/libXdmcp.so.6.0.0
7f22b5ef8000-7f22b5efa000 r-xp 00000000 08:02 1187917                    /usr/lib/x86_64-linux-gnu/libXau.so.6.0.0
7f22b5efa000-7f22b60fa000 ---p 00002000 08:02 1187917                    /usr/lib/x86_64-linux-gnu/libXau.so.6.0.0
7f22b60fa000-7f22b60fb000 r--p 00002000 08:02 1187917                    /usr/lib/x86_64-linux-gnu/libXau.so.6.0.0
7f22b60fb000-7f22b60fc000 rw-p 00003000 08:02 1187917                    /usr/lib/x86_64-linux-gnu/libXau.so.6.0.0
7f22b6100000-7f22b6107000 r-xp 00000000 08:02 1188226                    /usr/lib/x86_64-linux-gnu/libffi.so.6.0.1
7f22b6107000-7f22b6306000 ---p 00007000 08:02 1188226                    /usr/lib/x86_64-linux-gnu/libffi.so.6.0.1
7f22b6306000-7f22b6307000 r--p 00006000 08:02 1188226                    /usr/lib/x86_64-linux-gnu/libffi.so.6.0.1
7f22b6307000-7f22b6308000 rw-p 00007000 08:02 1188226                    /usr/lib/x86_64-linux-gnu/libffi.so.6.0.1
7f22b6308000-7f22b631f000 r-xp 00000000 08:02 1441817                    /lib/x86_64-linux-gnu/libresolv-2.19.so
7f22b631f000-7f22b651f000 ---p 00017000 08:02 1441817                    /lib/x86_64-linux-gnu/libresolv-2.19.so
7f22b651f000-7f22b6520000 r--p 00017000 08:02 1441817                    /lib/x86_64-linux-gnu/libresolv-2.19.so
7f22b6520000-7f22b6521000 rw-p 00018000 08:02 1441817                    /lib/x86_64-linux-gnu/libresolv-2.19.so
7f22b6521000-7f22b6523000 rw-p 00000000 00:00 0 
7f22b6528000-7f22b6548000 r-xp 00000000 08:02 1441806                    /lib/x86_64-linux-gnu/libselinux.so.1
7f22b6548000-7f22b6747000 ---p 00020000 08:02 1441806                    /lib/x86_64-linux-gnu/libselinux.so.1
7f22b6747000-7f22b6748000 r--p 0001f000 08:02 1441806                    /lib/x86_64-linux-gnu/libselinux.so.1
7f22b6748000-7f22b6749000 rw-p 00020000 08:02 1441806                    /lib/x86_64-linux-gnu/libselinux.so.1
7f22b6749000-7f22b674b000 rw-p 00000000 00:00 0 
7f22b6750000-7f22b6856000 r-xp 00000000 08:02 1443043                    /lib/x86_64-linux-gnu/libglib-2.0.so.0.4002.0
7f22b6856000-7f22b6a55000 ---p 00106000 08:02 1443043                    /lib/x86_64-linux-gnu/libglib-2.0.so.0.4002.0
7f22b6a55000-7f22b6a56000 r--p 00105000 08:02 1443043                    /lib/x86_64-linux-gnu/libglib-2.0.so.0.4002.0
7f22b6a56000-7f22b6a57000 rw-p 00106000 08:02 1443043                    /lib/x86_64-linux-gnu/libglib-2.0.so.0.4002.0
7f22b6a57000-7f22b6a58000 rw-p 00000000 00:00 0 
7f22b6a58000-7f22b6a5b000 r-xp 00000000 08:02 1181655                    /usr/lib/x86_64-linux-gnu/libgmodule-2.0.so.0.4002.0
7f22b6a5b000-7f22b6c5a000 ---p 00003000 08:02 1181655                    /usr/lib/x86_64-linux-gnu/libgmodule-2.0.so.0.4002.0
7f22b6c5a000-7f22b6c5b000 r--p 00002000 08:02 1181655                    /usr/lib/x86_64-linux-gnu/libgmodule-2.0.so.0.4002.0
7f22b6c5b000-7f22b6c5c000 rw-p 00003000 08:02 1181655                    /usr/lib/x86_64-linux-gnu/libgmodule-2.0.so.0.4002.0
7f22b6c60000-7f22b6c87000 r-xp 00000000 08:02 1445908                    /lib/x86_64-linux-gnu/libexpat.so.1.6.0
7f22b6c87000-7f22b6e87000 ---p 00027000 08:02 1445908                    /lib/x86_64-linux-gnu/libexpat.so.1.6.0
7f22b6e87000-7f22b6e89000 r--p 00027000 08:02 1445908                    /lib/x86_64-linux-gnu/libexpat.so.1.6.0
7f22b6e89000-7f22b6e8a000 rw-p 00029000 08:02 1445908                    /lib/x86_64-linux-gnu/libexpat.so.1.6.0
7f22b6e90000-7f22b6f2d000 r-xp 00000000 08:02 1180395                    /usr/lib/x86_64-linux-gnu/libfreetype.so.6.11.1
7f22b6f2d000-7f22b712c000 ---p 0009d000 08:02 1180395                    /usr/lib/x86_64-linux-gnu/libfreetype.so.6.11.1
7f22b712c000-7f22b7132000 r--p 0009c000 08:02 1180395                    /usr/lib/x86_64-linux-gnu/libfreetype.so.6.11.1
7f22b7132000-7f22b7133000 rw-p 000a2000 08:02 1180395                    /usr/lib/x86_64-linux-gnu/libfreetype.so.6.11.1
7f22b7138000-7f22b7147000 r-xp 00000000 08:02 1188021                    /usr/lib/x86_64-linux-gnu/libavahi-client.so.3.2.9
7f22b7147000-7f22b7347000 ---p 0000f000 08:02 1188021                    /usr/lib/x86_64-linux-gnu/libavahi-client.so.3.2.9
7f22b7347000-7f22b7348000 r--p 0000f000 08:02 1188021                    /usr/lib/x86_64-linux-gnu/libavahi-client.so.3.2.9
7f22b7348000-7f22b7349000 rw-p 00010000 08:02 1188021                    /usr/lib/x86_64-linux-gnu/libavahi-client.so.3.2.9
7f22b7350000-7f22b735b000 r-xp 00000000 08:02 1188023                    /usr/lib/x86_64-linux-gnu/libavahi-common.so.3.5.3
7f22b735b000-7f22b755a000 ---p 0000b000 08:02 1188023                    /usr/lib/x86_64-linux-gnu/libavahi-common.so.3.5.3
7f22b755a000-7f22b755b000 r--p 0000a000 08:02 1188023                    /usr/lib/x86_64-linux-gnu/libavahi-common.so.3.5.3
7f22b755b000-7f22b755c000 rw-p 0000b000 08:02 1188023                    /usr/lib/x86_64-linux-gnu/libavahi-common.so.3.5.3
7f22b7560000-7f22b7616000 r-xp 00000000 08:02 1183583                    /usr/lib/x86_64-linux-gnu/libgnutls.so.26.22.6
7f22b7616000-7f22b7816000 ---p 000b6000 08:02 1183583                    /usr/lib/x86_64-linux-gnu/libgnutls.so.26.22.6
7f22b7816000-7f22b781c000 r--p 000b6000 08:02 1183583                    /usr/lib/x86_64-linux-gnu/libgnutls.so.26.22.6
7f22b781c000-7f22b781d000 rw-p 000bc000 08:02 1183583                    /usr/lib/x86_64-linux-gnu/libgnutls.so.26.22.6
7f22b781d000-7f22b781e000 rw-p 00000000 00:00 0 
7f22b7820000-7f22b7863000 r-xp 00000000 08:02 1182323                    /usr/lib/x86_64-linux-gnu/libgssapi_krb5.so.2.2
7f22b7863000-7f22b7a63000 ---p 00043000 08:02 1182323                    /usr/lib/x86_64-linux-gnu/libgssapi_krb5.so.2.2
7f22b7a63000-7f22b7a64000 r--p 00043000 08:02 1182323                    /usr/lib/x86_64-linux-gnu/libgssapi_krb5.so.2.2
7f22b7a64000-7f22b7a66000 rw-p 00044000 08:02 1182323                    /usr/lib/x86_64-linux-gnu/libgssapi_krb5.so.2.2
7f22b7a68000-7f22b7a85000 r-xp 00000000 08:02 1189092                    /usr/lib/x86_64-linux-gnu/libxcb.so.1.1.0
7f22b7a85000-7f22b7c85000 ---p 0001d000 08:02 1189092                    /usr/lib/x86_64-linux-gnu/libxcb.so.1.1.0
7f22b7c85000-7f22b7c86000 r--p 0001d000 08:02 1189092                    /usr/lib/x86_64-linux-gnu/libxcb.so.1.1.0
7f22b7c86000-7f22b7c87000 rw-p 0001e000 08:02 1189092                    /usr/lib/x86_64-linux-gnu/libxcb.so.1.1.0
7f22b7c88000-7f22b7df4000 r-xp 00000000 08:02 1181661                    /usr/lib/x86_64-linux-gnu/libgio-2.0.so.0.4002.0
7f22b7df4000-7f22b7ff3000 ---p 0016c000 08:02 1181661                    /usr/lib/x86_64-linux-gnu/libgio-2.0.so.0.4002.0
7f22b7ff3000-7f22b7ff7000 r--p 0016b000 08:02 1181661                    /usr/lib/x86_64-linux-gnu/libgio-2.0.so.0.4002.0
7f22b7ff7000-7f22b7ff9000 rw-p 0016f000 08:02 1181661                    /usr/lib/x86_64-linux-gnu/libgio-2.0.so.0.4002.0
7f22b7ff9000-7f22b7ffb000 rw-p 00000000 00:00 0 
7f22b8000000-7f22b893c000 rw-p 00000000 00:00 0 
7f22b893c000-7f22bc000000 ---p 00000000 00:00 0 
7f22bc000000-7f22bc6d9000 rw-p 00000000 00:00 0 
7f22bc6d9000-7f22c0000000 ---p 00000000 00:00 0 
7f22c0000000-7f22c0021000 rw-p 00000000 00:00 0 
7f22c0021000-7f22c4000000 ---p 00000000 00:00 0 
7f22c4000000-7f22c4021000 rw-p 00000000 00:00 0 
7f22c4021000-7f22c8000000 ---p 00000000 00:00 0 
7f22c8000000-7f22c8021000 rw-p 00000000 00:00 0 
7f22c8021000-7f22cc000000 ---p 00000000 00:00 0 
7f22cc010000-7f22cc011000 r--s 00000000 08:02 2756976                    /var/cache/fontconfig/c05880de57d1f5e948fdfacc138775d9-le64.cache-4
7f22cc018000-7f22cc023000 r--s 00000000 08:02 2756975                    /var/cache/fontconfig/945677eb7aeaf62f1d50efc3fb3ec7d8-le64.cache-4
7f22cc028000-7f22cc02a000 r--s 00000000 08:02 2756973                    /var/cache/fontconfig/99e8ed0e538f840c565b6ed5dad60d56-le64.cache-4
7f22cc030000-7f22cc036000 r--s 00000000 08:02 2756972                    /var/cache/fontconfig/2cd17615ca594fa2959ae173292e504c-le64.cache-4
7f22cc038000-7f22cc039000 r--s 00000000 08:02 2756971                    /var/cache/fontconfig/e7071f4a29fa870f4323321c154eba04-le64.cache-4
7f22cc040000-7f22cc041000 r--s 00000000 08:02 2756970                    /var/cache/fontconfig/0d8c3b2ac0904cb8a57a757ad11a4a08-le64.cache-4
7f22cc048000-7f22cc04f000 r--s 00000000 08:02 2756969                    /var/cache/fontconfig/a755afe4a08bf5b97852ceb7400b47bc-le64.cache-4
7f22cc050000-7f22cc05c000 r--s 00000000 08:02 2756968                    /var/cache/fontconfig/6d41288fd70b0be22e8c3a91e032eec0-le64.cache-4
7f22cc060000-7f22cc074000 r--s 00000000 08:02 2756967                    /var/cache/fontconfig/04aabc0a78ac019cf9454389977116d2-le64.cache-4
7f22cc078000-7f22cc079000 r--s 00000000 08:02 2756966                    /var/cache/fontconfig/1ac9eb803944fde146138c791f5cc56a-le64.cache-4
7f22cc080000-7f22cc084000 r--s 00000000 08:02 2756965                    /var/cache/fontconfig/385c0604a188198f04d133e54aba7fe7-le64.cache-4
7f22cc088000-7f22cc089000 r--s 00000000 08:02 2756964                    /var/cache/fontconfig/dc05db6664285cc2f12bf69c139ae4c3-le64.cache-4
7f22cc090000-7f22cc092000 r--s 00000000 08:02 2756963                    /var/cache/fontconfig/767a8244fc0220cfb567a839d0392e0b-le64.cache-4
7f22cc098000-7f22cc099000 r--s 00000000 08:02 2753289                    /var/cache/fontconfig/4794a0821666d79190d59a36cb4f44b5-le64.cache-4
7f22cc0a0000-7f22cc0a5000 r--s 00000000 08:02 2756961                    /var/cache/fontconfig/8801497958630a81b71ace7c5f9b32a8-le64.cache-4
7f22cc0a8000-7f22cc0af000 r--s 00000000 08:02 2756960                    /var/cache/fontconfig/3047814df9a2f067bd2d96a2b9c36e5a-le64.cache-4
7f22cc0b0000-7f22cc0c3000 r--s 00000000 08:02 2756956                    /var/cache/fontconfig/d52a8644073d54c13679302ca1180695-le64.cache-4
7f22cc0c8000-7f22cc117000 r-xp 00000000 08:02 1181657                    /usr/lib/x86_64-linux-gnu/libgobject-2.0.so.0.4002.0
7f22cc117000-7f22cc317000 ---p 0004f000 08:02 1181657                    /usr/lib/x86_64-linux-gnu/libgobject-2.0.so.0.4002.0
7f22cc317000-7f22cc318000 r--p 0004f000 08:02 1181657                    /usr/lib/x86_64-linux-gnu/libgobject-2.0.so.0.4002.0
7f22cc318000-7f22cc319000 rw-p 00050000 08:02 1181657                    /usr/lib/x86_64-linux-gnu/libgobject-2.0.so.0.4002.0
7f22cc320000-7f22d0000000 rw-p 00000000 00:00 0 
7f22d0000000-7f22d0021000 rw-p 00000000 00:00 0 
7f22d0021000-7f22d4000000 ---p 00000000 00:00 0 
7f22d4000000-7f22d4109000 rw-p 00000000 00:00 0 
7f22d4109000-7f22d8000000 ---p 00000000 00:00 0 
7f22d8000000-7f22d8021000 rw-p 00000000 00:00 0 
7f22d8021000-7f22dc000000 ---p 00000000 00:00 0 
7f22dc000000-7f22dc001000 r--s 00000000 08:02 2756959                    /var/cache/fontconfig/56cf4f4769d0f4abc89a4895d7bd3ae1-le64.cache-4
7f22dc008000-7f22dc009000 r--s 00000000 08:02 2756958                    /var/cache/fontconfig/b9d506c9ac06c20b433354fa67a72993-le64.cache-4
7f22dc010000-7f22dc016000 r--s 00000000 08:02 2756957                    /var/cache/fontconfig/b47c4e1ecd0709278f4910c18777a504-le64.cache-4
7f22dc018000-7f22dc021000 r--s 00000000 08:02 2754543                    /var/cache/fontconfig/3f7329c5293ffd510edef78f73874cfd-le64.cache-4
7f22dc028000-7f22dc033000 r--s 00000000 08:02 2756954                    /var/cache/fontconfig/d589a48862398ed80a3d6066f4f56f4c-le64.cache-4
7f22dc038000-7f22dc039000 r--s 00000000 08:02 2756953                    /var/cache/fontconfig/0c9eb80ebd1c36541ebe2852d3bb0c49-le64.cache-4
7f22dc040000-7f22dc043000 r--s 00000000 08:02 2756942                    /var/cache/fontconfig/e13b20fdb08344e0e664864cc2ede53d-le64.cache-4
7f22dc0e7000-7f22dc0ea000 ---p 00000000 00:00 0 
7f22dc0ea000-7f22dc1e8000 rw-p 00000000 00:00 0                          [stack:15692]
7f22dc1e8000-7f22dc222000 r-xp 00000000 08:02 1196543                    /usr/lib/x86_64-linux-gnu/libfontconfig.so.1.8.0
7f22dc222000-7f22dc421000 ---p 0003a000 08:02 1196543                    /usr/lib/x86_64-linux-gnu/libfontconfig.so.1.8.0
7f22dc421000-7f22dc423000 r--p 00039000 08:02 1196543                    /usr/lib/x86_64-linux-gnu/libfontconfig.so.1.8.0
7f22dc423000-7f22dc424000 rw-p 0003b000 08:02 1196543                    /usr/lib/x86_64-linux-gnu/libfontconfig.so.1.8.0
7f22dc428000-7f22dc494000 r-xp 00000000 08:02 1180391                    /usr/lib/x86_64-linux-gnu/libcups.so.2
7f22dc494000-7f22dc694000 ---p 0006c000 08:02 1180391                    /usr/lib/x86_64-linux-gnu/libcups.so.2
7f22dc694000-7f22dc69b000 r--p 0006c000 08:02 1180391                    /usr/lib/x86_64-linux-gnu/libcups.so.2
7f22dc69b000-7f22dc69c000 rw-p 00073000 08:02 1180391                    /usr/lib/x86_64-linux-gnu/libcups.so.2
7f22dc6a0000-7f22dc6af000 r-xp 00000000 08:02 1188440                    /usr/lib/x86_64-linux-gnu/libXi.so.6.1.0
7f22dc6af000-7f22dc8ae000 ---p 0000f000 08:02 1188440                    /usr/lib/x86_64-linux-gnu/libXi.so.6.1.0
7f22dc8ae000-7f22dc8af000 r--p 0000e000 08:02 1188440                    /usr/lib/x86_64-linux-gnu/libXi.so.6.1.0
7f22dc8af000-7f22dc8b0000 rw-p 0000f000 08:02 1188440                    /usr/lib/x86_64-linux-gnu/libXi.so.6.1.0
7f22dc8b0000-7f22dc8b5000 r-xp 00000000 08:02 1187956                    /usr/lib/x86_64-linux-gnu/libXtst.so.6.1.0
7f22dc8b5000-7f22dcab4000 ---p 00005000 08:02 1187956                    /usr/lib/x86_64-linux-gnu/libXtst.so.6.1.0
7f22dcab4000-7f22dcab5000 r--p 00004000 08:02 1187956                    /usr/lib/x86_64-linux-gnu/libXtst.so.6.1.0
7f22dcab5000-7f22dcab6000 rw-p 00005000 08:02 1187956                    /usr/lib/x86_64-linux-gnu/libXtst.so.6.1.0
7f22dcab8000-7f22dcac1000 r-xp 00000000 08:02 1190129                    /usr/lib/x86_64-linux-gnu/libXrender.so.1.3.0
7f22dcac1000-7f22dccc0000 ---p 00009000 08:02 1190129                    /usr/lib/x86_64-linux-gnu/libXrender.so.1.3.0
7f22dccc0000-7f22dccc1000 r--p 00008000 08:02 1190129                    /usr/lib/x86_64-linux-gnu/libXrender.so.1.3.0
7f22dccc1000-7f22dccc2000 rw-p 00009000 08:02 1190129                    /usr/lib/x86_64-linux-gnu/libXrender.so.1.3.0
7f22dccc8000-7f22dcdf8000 r-xp 00000000 08:02 1187913                    /usr/lib/x86_64-linux-gnu/libX11.so.6.3.0
7f22dcdf8000-7f22dcff8000 ---p 00130000 08:02 1187913                    /usr/lib/x86_64-linux-gnu/libX11.so.6.3.0
7f22dcff8000-7f22dcff9000 r--p 00130000 08:02 1187913                    /usr/lib/x86_64-linux-gnu/libX11.so.6.3.0
7f22dcff9000-7f22dcffd000 rw-p 00131000 08:02 1187913                    /usr/lib/x86_64-linux-gnu/libX11.so.6.3.0
7f22dd000000-7f22dd270000 rwxp 00000000 00:00 0 
7f22dd270000-7f22e0570000 rw-p 00000000 00:00 0 
7f22e0570000-7f22e4000000 ---p 00000000 00:00 0 
7f22e408f000-7f22e40c0000 rw-p 00000000 00:00 0 
7f22e40c0000-7f22e40d1000 r-xp 00000000 08:02 1190118                    /usr/lib/x86_64-linux-gnu/libXext.so.6.4.0
7f22e40d1000-7f22e42d0000 ---p 00011000 08:02 1190118                    /usr/lib/x86_64-linux-gnu/libXext.so.6.4.0
7f22e42d0000-7f22e42d1000 r--p 00010000 08:02 1190118                    /usr/lib/x86_64-linux-gnu/libXext.so.6.4.0
7f22e42d1000-7f22e42d2000 rw-p 00011000 08:02 1190118                    /usr/lib/x86_64-linux-gnu/libXext.so.6.4.0
7f22e42e5000-7f22e42ea000 r--s 0004d000 08:02 1310924                    /usr/lib/jvm/java-7-openjdk-amd64/jre/lib/jsse.jar
7f22e42f0000-7f22e42f7000 r--s 00000000 08:02 1713734                    /usr/lib/x86_64-linux-gnu/gconv/gconv-modules.cache
7f22e42f8000-7f22e4340000 r-xp 00000000 08:02 1311229                    /usr/lib/jvm/java-7-openjdk-amd64/jre/lib/amd64/xawt/libmawt.so
7f22e4340000-7f22e453f000 ---p 00048000 08:02 1311229                    /usr/lib/jvm/java-7-openjdk-amd64/jre/lib/amd64/xawt/libmawt.so
7f22e453f000-7f22e4540000 r--p 00047000 08:02 1311229                    /usr/lib/jvm/java-7-openjdk-amd64/jre/lib/amd64/xawt/libmawt.so
7f22e4540000-7f22e4543000 rw-p 00048000 08:02 1311229                    /usr/lib/jvm/java-7-openjdk-amd64/jre/lib/amd64/xawt/libmawt.so
7f22e4543000-7f22e4544000 rw-p 00000000 00:00 0 
7f22e4548000-7f22e45e8000 r-xp 00000000 08:02 1317752                    /usr/lib/jvm/java-7-openjdk-amd64/jre/lib/amd64/libawt.so
7f22e45e8000-7f22e47e8000 ---p 000a0000 08:02 1317752                    /usr/lib/jvm/java-7-openjdk-amd64/jre/lib/amd64/libawt.so
7f22e47e8000-7f22e47e9000 r--p 000a0000 08:02 1317752                    /usr/lib/jvm/java-7-openjdk-amd64/jre/lib/amd64/libawt.so
7f22e47e9000-7f22e47f4000 rw-p 000a1000 08:02 1317752                    /usr/lib/jvm/java-7-openjdk-amd64/jre/lib/amd64/libawt.so
7f22e47f4000-7f22e4819000 rw-p 00000000 00:00 0 
7f22e481e000-7f22e4828000 r--s 000ae000 08:02 1310920                    /usr/lib/jvm/java-7-openjdk-amd64/jre/lib/resources.jar
7f22e482f000-7f22e4831000 r--s 0061f000 08:02 2244944                    /home/xrousakis/.m2/repository/org/bytedeco/javacpp-presets/ffmpeg/2.2.1-0.8/ffmpeg-2.2.1-0.8-linux-x86_64.jar
7f22e4838000-7f22e483c000 r--s 00000000 08:02 2756952                    /var/cache/fontconfig/7ef2298fde41cc6eeb7af42e48b7d293-le64.cache-4
7f22e483e000-7f22e4842000 r--s 000a6000 08:02 2901832                    /home/xrousakis/.m2/repository/net/java/dev/jna/jna/3.5.1/jna-3.5.1.jar
7f22e4843000-7f22e4845000 r--s 0000b000 08:02 2105256                    /home/xrousakis/.m2/repository/com/github/tulskiy/jkeymaster/1.1/jkeymaster-1.1.jar
7f22e4849000-7f22e484b000 r--s 00029000 08:02 2244940                    /home/xrousakis/.m2/repository/org/bytedeco/javacpp-presets/artoolkitplus/2.3.0-0.8/artoolkitplus-2.3.0-0.8-linux-x86_64.jar
7f22e4850000-7f22e4851000 r--s 00000000 08:02 2244936                    /home/xrousakis/.m2/repository/org/bytedeco/javacpp-presets/videoinput/0.200-0.8/videoinput-0.200-0.8-linux-x86_64.jar
7f22e4852000-7f22e4854000 r--s 00012000 08:02 2244934                    /home/xrousakis/.m2/repository/org/bytedeco/javacpp-presets/libfreenect/0.4-0.8/libfreenect-0.4-0.8-linux-x86_64.jar
7f22e4857000-7f22e4858000 r--s 00027000 08:02 2244931                    /home/xrousakis/.m2/repository/org/bytedeco/javacpp-presets/libdc1394/2.2.2-0.8/libdc1394-2.2.2-0.8-linux-x86_64.jar
7f22e4858000-7f22e4859000 r--s 00000000 08:02 2244929                    /home/xrousakis/.m2/repository/org/bytedeco/javacpp-presets/flycapture/1.7.17-0.8/flycapture-1.7.17-0.8-linux-x86_64.jar
7f22e485d000-7f22e485f000 r--s 00785000 08:02 2244956                    /home/xrousakis/.m2/repository/org/bytedeco/javacpp-presets/opencv/2.4.9-0.8/opencv-2.4.9-0.8-linux-x86_64.jar
7f22e4865000-7f22e4866000 r--s 00005000 08:02 2244924                    /home/xrousakis/.m2/repository/org/bytedeco/javacpp-presets/artoolkitplus/2.3.0-0.8/artoolkitplus-2.3.0-0.8.jar
7f22e486b000-7f22e486c000 r--s 00003000 08:02 2244923                    /home/xrousakis/.m2/repository/org/bytedeco/javacpp-presets/videoinput/0.200-0.8/videoinput-0.200-0.8.jar
7f22e486c000-7f22e486e000 r--s 00004000 08:02 2244920                    /home/xrousakis/.m2/repository/org/bytedeco/javacpp-presets/libfreenect/0.4-0.8/libfreenect-0.4-0.8.jar
7f22e486e000-7f22e4870000 r--s 00006000 08:02 2244916                    /home/xrousakis/.m2/repository/org/bytedeco/javacpp-presets/libdc1394/2.2.2-0.8/libdc1394-2.2.2-0.8.jar
7f22e4874000-7f22e4876000 r--s 00004000 08:02 2244911                    /home/xrousakis/.m2/repository/org/bytedeco/javacpp-presets/flycapture/1.7.17-0.8/flycapture-1.7.17-0.8.jar
7f22e4876000-7f22e487c000 r--s 0002e000 08:02 2244912                    /home/xrousakis/.m2/repository/org/bytedeco/javacpp-presets/ffmpeg/2.2.1-0.8/ffmpeg-2.2.1-0.8.jar
7f22e4882000-7f22e4894000 r--s 000b2000 08:02 2244913                    /home/xrousakis/.m2/repository/org/bytedeco/javacpp-presets/opencv/2.4.9-0.8/opencv-2.4.9-0.8.jar
7f22e489a000-7f22e489e000 r--s 0002a000 08:02 2244914                    /home/xrousakis/.m2/repository/org/bytedeco/javacpp/0.8/javacpp-0.8.jar
7f22e48a4000-7f22e48a9000 r--s 0004c000 08:02 2244918                    /home/xrousakis/.m2/repository/org/bytedeco/javacv/0.8/javacv-0.8.jar
7f22e48aa000-7f22e48ab000 r--s 00002000 08:02 1310936                    /usr/lib/jvm/java-7-openjdk-amd64/jre/lib/ext/dnsns.jar
7f22e48ad000-7f22e48b1000 r--s 00085000 08:02 1310935                    /usr/lib/jvm/java-7-openjdk-amd64/jre/lib/ext/localedata.jar
7f22e48b7000-7f22e48ba000 r--s 0000f000 08:02 1310939                    /usr/lib/jvm/java-7-openjdk-amd64/jre/lib/ext/icedtea-sound.jar
7f22e48bc000-7f22e48c0000 r--s 0003c000 08:02 1310938                    /usr/lib/jvm/java-7-openjdk-amd64/jre/lib/ext/sunpkcs11.jar
7f22e48c6000-7f22e48c8000 r--s 00006000 08:02 1842397                    /usr/share/java/java-atk-wrapper.jar
7f22e48cc000-7f22e48d0000 r--s 00034000 08:02 1310937                    /usr/lib/jvm/java-7-openjdk-amd64/jre/lib/ext/sunjce_provider.jar
7f22e48d2000-7f22e48d4000 r--s 00012000 08:02 1310942                    /usr/lib/jvm/java-7-openjdk-amd64/jre/lib/ext/zipfs.jar
7f22e48db000-7f22e48dc000 ---p 00000000 00:00 0 
7f22e48dc000-7f22e49dc000 rw-p 00000000 00:00 0                          [stack:15691]
7f22e49dc000-7f22e49df000 ---p 00000000 00:00 0 
7f22e49df000-7f22e4add000 rw-p 00000000 00:00 0                          [stack:15690]
7f22e4add000-7f22e4ae0000 ---p 00000000 00:00 0 
7f22e4ae0000-7f22e4bde000 rw-p 00000000 00:00 0                          [stack:15689]
7f22e4bde000-7f22e4be1000 ---p 00000000 00:00 0 
7f22e4be1000-7f22e4cdf000 rw-p 00000000 00:00 0                          [stack:15688]
7f22e4cdf000-7f22e4ce2000 ---p 00000000 00:00 0 
7f22e4ce2000-7f22e4de0000 rw-p 00000000 00:00 0                          [stack:15687]
7f22e4de0000-7f22e50aa000 r--p 00000000 08:02 1186322                    /usr/lib/locale/locale-archive
7f22e50b1000-7f22e50b4000 ---p 00000000 00:00 0 
7f22e50b4000-7f22e51b2000 rw-p 00000000 00:00 0                          [stack:15686]
7f22e51b2000-7f22e51b5000 ---p 00000000 00:00 0 
7f22e51b5000-7f22e52b3000 rw-p 00000000 00:00 0                          [stack:15685]
7f22e52b3000-7f22e52b4000 ---p 00000000 00:00 0 
7f22e52b4000-7f22e5d69000 rw-p 00000000 00:00 0                          [stack:15684]
7f22e5d69000-7f22e5f1a000 r--s 01d29000 08:02 1310916                    /usr/lib/jvm/java-7-openjdk-amd64/jre/lib/rt.jar
7f22e5f1b000-7f22e63e2000 rw-p 00000000 00:00 0 
7f22e63e2000-7f22e63e3000 ---p 00000000 00:00 0 
7f22e63e3000-7f22e64e3000 rw-p 00000000 00:00 0                          [stack:15683]
7f22e64e3000-7f22e64e4000 ---p 00000000 00:00 0 
7f22e64e4000-7f22e65ef000 rw-p 00000000 00:00 0                          [stack:15682]
7f22e65ef000-7f22e6637000 rw-p 00000000 00:00 0 
7f22e6637000-7f22e665c000 rw-p 00000000 00:00 0 
7f22e665c000-7f22e6889000 rw-p 00000000 00:00 0 
7f22e6889000-7f22e6894000 rw-p 00000000 00:00 0 
7f22e6894000-7f22e68dc000 rw-p 00000000 00:00 0 
7f22e68dc000-7f22e6901000 rw-p 00000000 00:00 0 
7f22e6901000-7f22e6b2e000 rw-p 00000000 00:00 0 
7f22e6b2e000-7f22e6b41000 rw-p 00000000 00:00 0 
7f22e6b41000-7f22e6c57000 rw-p 00000000 00:00 0 
7f22e6c57000-7f22e6c58000 rw-p 00000000 00:00 0 
7f22e6c58000-7f22e6c60000 r-xp 00000000 08:02 1310955                    /usr/lib/jvm/java-7-openjdk-amd64/jre/lib/amd64/libzip.so
7f22e6c60000-7f22e6e5f000 ---p 00008000 08:02 1310955                    /usr/lib/jvm/java-7-openjdk-amd64/jre/lib/amd64/libzip.so
7f22e6e5f000-7f22e6e60000 r--p 00007000 08:02 1310955                    /usr/lib/jvm/java-7-openjdk-amd64/jre/lib/amd64/libzip.so
7f22e6e60000-7f22e6e61000 rw-p 00008000 08:02 1310955                    /usr/lib/jvm/java-7-openjdk-amd64/jre/lib/amd64/libzip.so
7f22e6e68000-7f22e6e73000 r-xp 00000000 08:02 1444608                    /lib/x86_64-linux-gnu/libnss_files-2.19.so
7f22e6e73000-7f22e7072000 ---p 0000b000 08:02 1444608                    /lib/x86_64-linux-gnu/libnss_files-2.19.so
7f22e7072000-7f22e7073000 r--p 0000a000 08:02 1444608                    /lib/x86_64-linux-gnu/libnss_files-2.19.so
7f22e7073000-7f22e7074000 rw-p 0000b000 08:02 1444608                    /lib/x86_64-linux-gnu/libnss_files-2.19.so
7f22e7078000-7f22e7083000 r-xp 00000000 08:02 1444820                    /lib/x86_64-linux-gnu/libnss_nis-2.19.so
7f22e7083000-7f22e7282000 ---p 0000b000 08:02 1444820                    /lib/x86_64-linux-gnu/libnss_nis-2.19.so
7f22e7282000-7f22e7283000 r--p 0000a000 08:02 1444820                    /lib/x86_64-linux-gnu/libnss_nis-2.19.so
7f22e7283000-7f22e7284000 rw-p 0000b000 08:02 1444820                    /lib/x86_64-linux-gnu/libnss_nis-2.19.so
7f22e7288000-7f22e729f000 r-xp 00000000 08:02 1444807                    /lib/x86_64-linux-gnu/libnsl-2.19.so
7f22e729f000-7f22e749e000 ---p 00017000 08:02 1444807                    /lib/x86_64-linux-gnu/libnsl-2.19.so
7f22e749e000-7f22e749f000 r--p 00016000 08:02 1444807                    /lib/x86_64-linux-gnu/libnsl-2.19.so
7f22e749f000-7f22e74a0000 rw-p 00017000 08:02 1444807                    /lib/x86_64-linux-gnu/libnsl-2.19.so
7f22e74a0000-7f22e74a2000 rw-p 00000000 00:00 0 
7f22e74a8000-7f22e74b1000 r-xp 00000000 08:02 1444806                    /lib/x86_64-linux-gnu/libnss_compat-2.19.so
7f22e74b1000-7f22e76b0000 ---p 00009000 08:02 1444806                    /lib/x86_64-linux-gnu/libnss_compat-2.19.so
7f22e76b0000-7f22e76b1000 r--p 00008000 08:02 1444806                    /lib/x86_64-linux-gnu/libnss_compat-2.19.so
7f22e76b1000-7f22e76b2000 rw-p 00009000 08:02 1444806                    /lib/x86_64-linux-gnu/libnss_compat-2.19.so
7f22e76b8000-7f22e76e3000 r-xp 00000000 08:02 1317774                    /usr/lib/jvm/java-7-openjdk-amd64/jre/lib/amd64/libjava.so
7f22e76e3000-7f22e78e2000 ---p 0002b000 08:02 1317774                    /usr/lib/jvm/java-7-openjdk-amd64/jre/lib/amd64/libjava.so
7f22e78e2000-7f22e78e3000 r--p 0002a000 08:02 1317774                    /usr/lib/jvm/java-7-openjdk-amd64/jre/lib/amd64/libjava.so
7f22e78e3000-7f22e78e5000 rw-p 0002b000 08:02 1317774                    /usr/lib/jvm/java-7-openjdk-amd64/jre/lib/amd64/libjava.so
7f22e78e8000-7f22e78f8000 r-xp 00000000 08:02 1317755                    /usr/lib/jvm/java-7-openjdk-amd64/jre/lib/amd64/libverify.so
7f22e78f8000-7f22e7af7000 ---p 00010000 08:02 1317755                    /usr/lib/jvm/java-7-openjdk-amd64/jre/lib/amd64/libverify.so
7f22e7af7000-7f22e7af9000 r--p 0000f000 08:02 1317755                    /usr/lib/jvm/java-7-openjdk-amd64/jre/lib/amd64/libverify.so
7f22e7af9000-7f22e7afa000 rw-p 00011000 08:02 1317755                    /usr/lib/jvm/java-7-openjdk-amd64/jre/lib/amd64/libverify.so
7f22e7b00000-7f22e7b07000 r-xp 00000000 08:02 1444817                    /lib/x86_64-linux-gnu/librt-2.19.so
7f22e7b07000-7f22e7d06000 ---p 00007000 08:02 1444817                    /lib/x86_64-linux-gnu/librt-2.19.so
7f22e7d06000-7f22e7d07000 r--p 00006000 08:02 1444817                    /lib/x86_64-linux-gnu/librt-2.19.so
7f22e7d07000-7f22e7d08000 rw-p 00007000 08:02 1444817                    /lib/x86_64-linux-gnu/librt-2.19.so
7f22e7d08000-7f22e7d1e000 r-xp 00000000 08:02 1441904                    /lib/x86_64-linux-gnu/libgcc_s.so.1
7f22e7d1e000-7f22e7f1d000 ---p 00016000 08:02 1441904                    /lib/x86_64-linux-gnu/libgcc_s.so.1
7f22e7f1d000-7f22e7f1e000 rw-p 00015000 08:02 1441904                    /lib/x86_64-linux-gnu/libgcc_s.so.1
7f22e7f20000-7f22e8025000 r-xp 00000000 08:02 1443041                    /lib/x86_64-linux-gnu/libm-2.19.so
7f22e8025000-7f22e8224000 ---p 00105000 08:02 1443041                    /lib/x86_64-linux-gnu/libm-2.19.so
7f22e8224000-7f22e8225000 r--p 00104000 08:02 1443041                    /lib/x86_64-linux-gnu/libm-2.19.so
7f22e8225000-7f22e8226000 rw-p 00105000 08:02 1443041                    /lib/x86_64-linux-gnu/libm-2.19.so
7f22e8228000-7f22e830e000 r-xp 00000000 08:02 1188933                    /usr/lib/x86_64-linux-gnu/libstdc++.so.6.0.19
7f22e830e000-7f22e850d000 ---p 000e6000 08:02 1188933                    /usr/lib/x86_64-linux-gnu/libstdc++.so.6.0.19
7f22e850d000-7f22e8515000 r--p 000e5000 08:02 1188933                    /usr/lib/x86_64-linux-gnu/libstdc++.so.6.0.19
7f22e8515000-7f22e8517000 rw-p 000ed000 08:02 1188933                    /usr/lib/x86_64-linux-gnu/libstdc++.so.6.0.19
7f22e8517000-7f22e852c000 rw-p 00000000 00:00 0 
7f22e8530000-7f22e9049000 r-xp 00000000 08:02 1317743                    /usr/lib/jvm/java-7-openjdk-amd64/jre/lib/amd64/server/libjvm.so
7f22e9049000-7f22e9249000 ---p 00b19000 08:02 1317743                    /usr/lib/jvm/java-7-openjdk-amd64/jre/lib/amd64/server/libjvm.so
7f22e9249000-7f22e92e3000 r--p 00b19000 08:02 1317743                    /usr/lib/jvm/java-7-openjdk-amd64/jre/lib/amd64/server/libjvm.so
7f22e92e3000-7f22e9306000 rw-p 00bb3000 08:02 1317743                    /usr/lib/jvm/java-7-openjdk-amd64/jre/lib/amd64/server/libjvm.so
7f22e9306000-7f22e9334000 rw-p 00000000 00:00 0 
7f22e9338000-7f22e9350000 r-xp 00000000 08:02 1446050                    /lib/x86_64-linux-gnu/libz.so.1.2.8
7f22e9350000-7f22e954f000 ---p 00018000 08:02 1446050                    /lib/x86_64-linux-gnu/libz.so.1.2.8
7f22e954f000-7f22e9550000 r--p 00017000 08:02 1446050                    /lib/x86_64-linux-gnu/libz.so.1.2.8
7f22e9550000-7f22e9551000 rw-p 00018000 08:02 1446050                    /lib/x86_64-linux-gnu/libz.so.1.2.8
7f22e9558000-7f22e9571000 r-xp 00000000 08:02 1444815                    /lib/x86_64-linux-gnu/libpthread-2.19.so
7f22e9571000-7f22e9770000 ---p 00019000 08:02 1444815                    /lib/x86_64-linux-gnu/libpthread-2.19.so
7f22e9770000-7f22e9771000 r--p 00018000 08:02 1444815                    /lib/x86_64-linux-gnu/libpthread-2.19.so
7f22e9771000-7f22e9772000 rw-p 00019000 08:02 1444815                    /lib/x86_64-linux-gnu/libpthread-2.19.so
7f22e9772000-7f22e9776000 rw-p 00000000 00:00 0 
7f22e9778000-7f22e977b000 r-xp 00000000 08:02 1444799                    /lib/x86_64-linux-gnu/libdl-2.19.so
7f22e977b000-7f22e997a000 ---p 00003000 08:02 1444799                    /lib/x86_64-linux-gnu/libdl-2.19.so
7f22e997a000-7f22e997b000 r--p 00002000 08:02 1444799                    /lib/x86_64-linux-gnu/libdl-2.19.so
7f22e997b000-7f22e997c000 rw-p 00003000 08:02 1444799                    /lib/x86_64-linux-gnu/libdl-2.19.so
7f22e9980000-7f22e9b3b000 r-xp 00000000 08:02 1444814                    /lib/x86_64-linux-gnu/libc-2.19.so
7f22e9b3b000-7f22e9d3a000 ---p 001bb000 08:02 1444814                    /lib/x86_64-linux-gnu/libc-2.19.so
7f22e9d3a000-7f22e9d3e000 r--p 001ba000 08:02 1444814                    /lib/x86_64-linux-gnu/libc-2.19.so
7f22e9d3e000-7f22e9d40000 rw-p 001be000 08:02 1444814                    /lib/x86_64-linux-gnu/libc-2.19.so
7f22e9d40000-7f22e9d45000 rw-p 00000000 00:00 0 
7f22e9d48000-7f22e9d55000 r-xp 00000000 08:02 1317741                    /usr/lib/jvm/java-7-openjdk-amd64/jre/lib/amd64/jli/libjli.so
7f22e9d55000-7f22e9f54000 ---p 0000d000 08:02 1317741                    /usr/lib/jvm/java-7-openjdk-amd64/jre/lib/amd64/jli/libjli.so
7f22e9f54000-7f22e9f55000 r--p 0000c000 08:02 1317741                    /usr/lib/jvm/java-7-openjdk-amd64/jre/lib/amd64/jli/libjli.so
7f22e9f55000-7f22e9f56000 rw-p 0000d000 08:02 1317741                    /usr/lib/jvm/java-7-openjdk-amd64/jre/lib/amd64/jli/libjli.so
7f22e9f58000-7f22e9f7b000 r-xp 00000000 08:02 1444811                    /lib/x86_64-linux-gnu/ld-2.19.so
7f22e9f81000-7f22e9fb2000 rw-p 00000000 00:00 0 
7f22e9fb2000-7f22ea068000 rw-p 00000000 00:00 0 
7f22ea068000-7f22ea070000 rw-s 00000000 08:02 262544                     /tmp/hsperfdata_xrousakis/15677
7f22ea074000-7f22ea075000 rw-p 00000000 00:00 0 
7f22ea075000-7f22ea076000 rwxp 00000000 00:00 0 
7f22ea076000-7f22ea077000 rw-p 00000000 00:00 0 
7f22ea077000-7f22ea07a000 ---p 00000000 00:00 0 
7f22ea07a000-7f22ea17a000 rw-p 00000000 00:00 0                          [stack:15681]
7f22ea17a000-7f22ea17b000 r--p 00022000 08:02 1444811                    /lib/x86_64-linux-gnu/ld-2.19.so
7f22ea17b000-7f22ea17c000 rw-p 00023000 08:02 1444811                    /lib/x86_64-linux-gnu/ld-2.19.so
7f22ea17c000-7f22ea17d000 rw-p 00000000 00:00 0 
7f22ea17d000-7f22ea17e000 r--p 00000000 00:00 0 
7f22ea17e000-7f22ea183000 rw-p 00000000 00:00 0 
7fff8a90d000-7fff8a92f000 rw-p 00000000 00:00 0                          [stack]
7fff8aa00000-7fff8aa02000 r-xp 00000000 00:00 0                          [vdso]
ffffffffff600000-ffffffffff601000 r-xp 00000000 00:00 0                  [vsyscall]

VM Arguments:
java_command: org.scify.jthinkfreedom.gui.ApplicationLauncher
Launcher Type: SUN_STANDARD

Environment Variables:
JAVA_HOME=/usr/lib/jvm/default-java
PATH=/usr/local/sbin:/usr/local/bin:/usr/sbin:/usr/bin:/sbin:/bin:/usr/games:/usr/local/games
USERNAME=xrousakis
LD_LIBRARY_PATH=/usr/lib/jvm/default-java/jre/lib/amd64:/usr/lib/jvm/default-java/jre/lib/i386:
SHELL=/bin/bash
DISPLAY=:0

Signal Handlers:
SIGSEGV: [libjvm.so+0x94bab0], sa_mask[0]=0x7ffbfeff, sa_flags=0x10000004
SIGBUS: [libjvm.so+0x94bab0], sa_mask[0]=0x7ffbfeff, sa_flags=0x10000004
SIGFPE: [libjvm.so+0x7c38b0], sa_mask[0]=0x7ffbfeff, sa_flags=0x10000004
SIGPIPE: [libjvm.so+0x7c38b0], sa_mask[0]=0x7ffbfeff, sa_flags=0x10000004
SIGXFSZ: [libjvm.so+0x7c38b0], sa_mask[0]=0x7ffbfeff, sa_flags=0x10000004
SIGILL: [libjvm.so+0x7c38b0], sa_mask[0]=0x7ffbfeff, sa_flags=0x10000004
SIGUSR1: SIG_DFL, sa_mask[0]=0x00000000, sa_flags=0x00000000
SIGUSR2: [libjvm.so+0x7c3750], sa_mask[0]=0x00000004, sa_flags=0x10000004
SIGHUP: [libjvm.so+0x7c3930], sa_mask[0]=0x7ffbfeff, sa_flags=0x10000004
SIGINT: SIG_IGN, sa_mask[0]=0x00000000, sa_flags=0x00000000
SIGTERM: [libjvm.so+0x7c3930], sa_mask[0]=0x7ffbfeff, sa_flags=0x10000004
SIGQUIT: [libjvm.so+0x7c3930], sa_mask[0]=0x7ffbfeff, sa_flags=0x10000004
SIGTRAP: SIG_DFL, sa_mask[0]=0x00000000, sa_flags=0x00000000


---------------  S Y S T E M  ---------------

OS:LinuxMint 17 (qiana)
uname:Linux 3.14.8-031408-generic #201406161755 SMP Mon Jun 16 21:56:09 UTC 2014 x86_64
libc:glibc 2.19 NPTL 2.19 
rlimit: STACK 8192k, CORE 0k, NPROC 55132, NOFILE 4096, AS infinity
load average:1,12 1,13 0,88

/proc/meminfo:
MemTotal:        7292072 kB
MemFree:         3420872 kB
MemAvailable:    4790552 kB
Buffers:          237260 kB
Cached:          1323068 kB
SwapCached:            0 kB
Active:          2732304 kB
Inactive:         862656 kB
Active(anon):    2035684 kB
Inactive(anon):    86272 kB
Active(file):     696620 kB
Inactive(file):   776384 kB
Unevictable:           0 kB
Mlocked:               0 kB
SwapTotal:       3361788 kB
SwapFree:        3361788 kB
Dirty:             11040 kB
Writeback:             0 kB
AnonPages:       2034660 kB
Mapped:           255808 kB
Shmem:             87300 kB
Slab:             159108 kB
SReclaimable:     131208 kB
SUnreclaim:        27900 kB
KernelStack:        4152 kB
PageTables:        34512 kB
NFS_Unstable:          0 kB
Bounce:                0 kB
WritebackTmp:          0 kB
CommitLimit:     7007824 kB
Committed_AS:    5155520 kB
VmallocTotal:   34359738367 kB
VmallocUsed:      315192 kB
VmallocChunk:   34359383836 kB
HardwareCorrupted:     0 kB
AnonHugePages:   1372160 kB
HugePages_Total:       0
HugePages_Free:        0
HugePages_Rsvd:        0
HugePages_Surp:        0
Hugepagesize:       2048 kB
DirectMap4k:       76120 kB
DirectMap2M:     3287040 kB
DirectMap1G:     4194304 kB


CPU:total 2 (2 cores per cpu, 1 threads per core) family 21 model 19 stepping 1, cmov, cx8, fxsr, mmx, sse, sse2, sse3, ssse3, sse4.1, sse4.2, popcnt, avx, aes, mmxext, 3dnowpref, lzcnt, sse4a, tsc, tscinvbit, tscinv

/proc/cpuinfo:
processor	: 0
vendor_id	: AuthenticAMD
cpu family	: 21
model		: 19
model name	: AMD A4-4000 APU with Radeon(tm) HD Graphics
stepping	: 1
microcode	: 0x6001119
cpu MHz		: 3000.000
cache size	: 1024 KB
physical id	: 0
siblings	: 2
core id		: 0
cpu cores	: 1
apicid		: 16
initial apicid	: 0
fpu		: yes
fpu_exception	: yes
cpuid level	: 13
wp		: yes
flags		: fpu vme de pse tsc msr pae mce cx8 apic sep mtrr pge mca cmov pat pse36 clflush mmx fxsr sse sse2 ht syscall nx mmxext fxsr_opt pdpe1gb rdtscp lm constant_tsc rep_good nopl nonstop_tsc extd_apicid aperfmperf pni pclmulqdq monitor ssse3 fma cx16 sse4_1 sse4_2 popcnt aes xsave avx f16c lahf_lm cmp_legacy svm extapic cr8_legacy abm sse4a misalignsse 3dnowprefetch osvw ibs xop skinit wdt lwp fma4 tce nodeid_msr tbm topoext perfctr_core perfctr_nb arat cpb hw_pstate npt lbrv svm_lock nrip_save tsc_scale vmcb_clean flushbyasid decodeassists pausefilter pfthreshold bmi1
bogomips	: 6030.33
TLB size	: 1536 4K pages
clflush size	: 64
cache_alignment	: 64
address sizes	: 48 bits physical, 48 bits virtual
power management: ts ttp tm 100mhzsteps hwpstate cpb eff_freq_ro

processor	: 1
vendor_id	: AuthenticAMD
cpu family	: 21
model		: 19
model name	: AMD A4-4000 APU with Radeon(tm) HD Graphics    
stepping	: 1
microcode	: 0x6001119
cpu MHz		: 3000.000
cache size	: 1024 KB
physical id	: 0
siblings	: 2
core id		: 1
cpu cores	: 1
apicid		: 17
initial apicid	: 1
fpu		: yes
fpu_exception	: yes
cpuid level	: 13
wp		: yes
flags		: fpu vme de pse tsc msr pae mce cx8 apic sep mtrr pge mca cmov pat pse36 clflush mmx fxsr sse sse2 ht syscall nx mmxext fxsr_opt pdpe1gb rdtscp lm constant_tsc rep_good nopl nonstop_tsc extd_apicid aperfmperf pni pclmulqdq monitor ssse3 fma cx16 sse4_1 sse4_2 popcnt aes xsave avx f16c lahf_lm cmp_legacy svm extapic cr8_legacy abm sse4a misalignsse 3dnowprefetch osvw ibs xop skinit wdt lwp fma4 tce nodeid_msr tbm topoext perfctr_core perfctr_nb arat cpb hw_pstate npt lbrv svm_lock nrip_save tsc_scale vmcb_clean flushbyasid decodeassists pausefilter pfthreshold bmi1
bogomips	: 6030.33
TLB size	: 1536 4K pages
clflush size	: 64
cache_alignment	: 64
address sizes	: 48 bits physical, 48 bits virtual
power management: ts ttp tm 100mhzsteps hwpstate cpb eff_freq_ro



Memory: 4k page, physical 7292072k(3420872k free), swap 3361788k(3361788k free)

vm_info: OpenJDK 64-Bit Server VM (24.79-b02) for linux-amd64 JRE (1.7.0_79-b14), built on Jul 24 2015 08:15:54 by "buildd" with gcc 4.8.2

time: Wed Aug 12 16:02:12 2015
elapsed time: 30 seconds

