#
# A fatal error has been detected by the Java Runtime Environment:
#
#  SIGSEGV (0xb) at pc=0x00007f545f2562cc, pid=9841, tid=140000330245888
#
# JRE version: OpenJDK Runtime Environment (7.0_79-b14) (build 1.7.0_79-b14)
# Java VM: OpenJDK 64-Bit Server VM (24.79-b02 mixed mode linux-amd64 compressed oops)
# Derivative: IcedTea 2.5.6
# Distribution: Ubuntu 14.04 LTS, package 7u79-2.5.6-0ubuntu1.14.04.1
# Problematic frame:
# C  [libjpeg.so.8+0x162cc]  jpeg_has_multiple_scans+0x2c
#
# Failed to write core dump. Core dumps have been disabled. To enable core dumping, try "ulimit -c unlimited" before starting Java again
#
# If you would like to submit a bug report, please include
# instructions on how to reproduce the bug and visit:
#   http://icedtea.classpath.org/bugzilla
# The crash happened outside the Java Virtual Machine in native code.
# See problematic frame for where to report the bug.
#

---------------  T H R E A D  ---------------

Current thread (0x00007f54680e9000):  JavaThread "Image Fetcher 0" daemon [_thread_in_native, id=9883, stack(0x00007f545de3e000,0x00007f545df3f000)]

siginfo:si_signo=SIGSEGV: si_errno=0, si_code=1 (SEGV_MAPERR), si_addr=0x0000000000000020

Registers:
RAX=0x0000000000000000, RBX=0x00007f545df3d4d0, RCX=0x0000000000000001, RDX=0x0000000000000000
RSP=0x00007f545df3d1b8, RBP=0x00007f545df3d7a0, RSI=0x0000000000000001, RDI=0x00007f545df3d4d0
R8 =0x0000000000000000, R9 =0x0000000000000071, R10=0x00007f545df3cf80, R11=0x00007f545f2562a0
R12=0x0000000000000000, R13=0xffffffffffffffff, R14=0x00007f545df3d840, R15=0x00007f54680e9000
RIP=0x00007f545f2562cc, EFLAGS=0x0000000000010293, CSGSFS=0x0000000000000033, ERR=0x0000000000000004
  TRAPNO=0x000000000000000e

Top of Stack: (sp=0x00007f545df3d1b8)
0x00007f545df3d1b8:   00007f545d72fd33 00007f54680e9000
0x00007f545df3d1c8:   00007f54ada3e03b fffffff0ffffffff
0x00007f545df3d1d8:   0000000000000000 00007f545d72fad0
0x00007f545df3d1e8:   00007f545df3d278 00007f545df3d830
0x00007f545df3d1f8:   00007f545df3d838 00007f545df3d840
0x00007f545df3d208:   00007f54680e91d8 00000000dc86c886
0x00007f545df3d218:   0000000000000292 00007f545d72f1e0
0x00007f545df3d228:   00007f545d72f380 00007f545d72f500
0x00007f545df3d238:   00007f545f25e830 00007f545d72f200
0x00007f545df3d248:   00007f545df3d838 00007f5400000000
0x00007f545df3d258:   0000000000000000 00000000dc86c718
0x00007f545df3d268:   00007f545df3d830 ffffffffffffffff
0x00007f545df3d278:   0000000000000000 0000000000000000
0x00007f545df3d288:   0000000000000000 00007f545df3d280
0x00007f545df3d298:   0000000086420280 00007f545df3d328
0x00007f545df3d2a8:   00000000864be230 0000000000000000
0x00007f545df3d2b8:   0000000086420318 0000000000000000
0x00007f545df3d2c8:   00007f545df3d320 00007f545df3d390
0x00007f545df3d2d8:   00007f54a50004e7 0000000000000000
0x00007f545df3d2e8:   00007f545d72fad0 0000000000000000
0x00007f545df3d2f8:   00000000dc86bd00 0000000000000006
0x00007f545df3d308:   0000000000000007 00000000dcaa1558
0x00007f545df3d318:   00000000dcaa1558 00000000dc86cb18
0x00007f545df3d328:   0000000000000000 00007f5400001fa0
0x00007f545df3d338:   00007f545df3d3d0 00007f545df3d5d0
0x00007f545df3d348:   00007f545df3d500 00007f54680e9000
0x00007f545df3d358:   00007f547c0c7950 00007f545d72f280
0x00007f545df3d368:   00007f545f263cf0 00007f545d72f210
0x00007f545df3d378:   00007f545f263d60 00007f545f263d40
0x00007f545df3d388:   000000000000006a 000000000000003f
0x00007f545df3d398:   0000000300000000 0000000000000000
0x00007f545df3d3a8:   00007f5400000000 00007f545df3d400 

Instructions: (pc=0x00007f545f2562cc)
0x00007f545f2562ac:   ff 83 fa 08 76 12 48 8b 17 89 42 2c 48 8b 07 c7
0x00007f545f2562bc:   42 28 15 00 00 00 ff 10 48 8b 83 58 02 00 00 5b
0x00007f545f2562cc:   8b 40 20 c3 53 8b 47 24 48 89 fb 8d 90 33 ff ff
0x00007f545f2562dc:   ff 83 fa 01 76 66 3d cf 00 00 00 74 47 3d d2 00 

Register to memory mapping:

RAX=0x0000000000000000 is an unknown value
RBX=0x00007f545df3d4d0 is pointing into the stack for thread: 0x00007f54680e9000
RCX=0x0000000000000001 is an unknown value
RDX=0x0000000000000000 is an unknown value
RSP=0x00007f545df3d1b8 is pointing into the stack for thread: 0x00007f54680e9000
RBP=0x00007f545df3d7a0 is pointing into the stack for thread: 0x00007f54680e9000
RSI=0x0000000000000001 is an unknown value
RDI=0x00007f545df3d4d0 is pointing into the stack for thread: 0x00007f54680e9000
R8 =0x0000000000000000 is an unknown value
R9 =0x0000000000000071 is an unknown value
R10=0x00007f545df3cf80 is pointing into the stack for thread: 0x00007f54680e9000
R11=0x00007f545f2562a0: jpeg_has_multiple_scans+0 in /usr/lib/x86_64-linux-gnu/libjpeg.so.8 at 0x00007f545f240000
R12=0x0000000000000000 is an unknown value
R13=0xffffffffffffffff is an unknown value
R14=0x00007f545df3d840 is pointing into the stack for thread: 0x00007f54680e9000
R15=0x00007f54680e9000 is a thread


Stack: [0x00007f545de3e000,0x00007f545df3f000],  sp=0x00007f545df3d1b8,  free space=1020k
Native frames: (J=compiled Java code, j=interpreted, Vv=VM code, C=native code)
C  [libjpeg.so.8+0x162cc]  jpeg_has_multiple_scans+0x2c
j  sun.awt.image.JPEGImageDecoder.readImage(Ljava/io/InputStream;[B)V+0
j  sun.awt.image.JPEGImageDecoder.produceImage()V+10
j  sun.awt.image.InputStreamImageSource.doFetch()V+51
j  sun.awt.image.ImageFetcher.fetchloop()V+33
j  sun.awt.image.ImageFetcher.run()V+5
v  ~StubRoutines::call_stub
V  [libjvm.so+0x5e80c9]  JavaCalls::call_helper(JavaValue*, methodHandle*, JavaCallArguments*, Thread*)+0x339
V  [libjvm.so+0x5e6f1e]  JavaCalls::call_virtual(JavaValue*, Handle, KlassHandle, Symbol*, Symbol*, Thread*)+0x20e
V  [libjvm.so+0x623391]  thread_entry(JavaThread*, Thread*)+0xd1
V  [libjvm.so+0x900f40]  JavaThread::thread_main_inner()+0xf0
V  [libjvm.so+0x9011b1]  JavaThread::run()+0x221
V  [libjvm.so+0x7c4f62]  java_start(Thread*)+0xf2

Java frames: (J=compiled Java code, j=interpreted, Vv=VM code)
j  sun.awt.image.JPEGImageDecoder.readImage(Ljava/io/InputStream;[B)V+0
j  sun.awt.image.JPEGImageDecoder.produceImage()V+10
j  sun.awt.image.InputStreamImageSource.doFetch()V+51
j  sun.awt.image.ImageFetcher.fetchloop()V+33
j  sun.awt.image.ImageFetcher.run()V+5
v  ~StubRoutines::call_stub

---------------  P R O C E S S  ---------------

Java Threads: ( => current thread )
=>0x00007f54680e9000 JavaThread "Image Fetcher 0" daemon [_thread_in_native, id=9883, stack(0x00007f545de3e000,0x00007f545df3f000)]
  0x00007f54680d5000 JavaThread "pool-2-thread-1" [_thread_blocked, id=9870, stack(0x00007f545df3f000,0x00007f545e040000)]
  0x0000000000f38800 JavaThread "Thread-2" [_thread_blocked, id=9869, stack(0x00007f545e4d6000,0x00007f545e5d7000)]
  0x0000000000f3b800 JavaThread "Thread-0" [_thread_blocked, id=9868, stack(0x00007f54760fe000,0x00007f54761ff000)]
  0x0000000000f39800 JavaThread "TimerQueue" daemon [_thread_blocked, id=9867, stack(0x00007f545e5d7000,0x00007f545e6d8000)]
  0x00007f54a800b000 JavaThread "DestroyJavaVM" [_thread_blocked, id=9845, stack(0x00007f54b03ed000,0x00007f54b04ee000)]
  0x00007f54a83e5800 JavaThread "AWT-EventQueue-0" [_thread_blocked, id=9863, stack(0x00007f545eb3f000,0x00007f545ec40000)]
  0x00007f54a83e4800 JavaThread "AWT-Shutdown" [_thread_blocked, id=9862, stack(0x00007f5474067000,0x00007f5474168000)]
  0x00007f54a82ad000 JavaThread "AWT-XAWT" daemon [_thread_in_native, id=9857, stack(0x00007f54761ff000,0x00007f5476300000)]
  0x00007f54a8290000 JavaThread "Java2D Disposer" daemon [_thread_blocked, id=9856, stack(0x00007f5476717000,0x00007f5476818000)]
  0x00007f54a80ae000 JavaThread "Service Thread" daemon [_thread_blocked, id=9854, stack(0x00007f54a0044000,0x00007f54a0145000)]
  0x00007f54a80ab800 JavaThread "C2 CompilerThread1" daemon [_thread_blocked, id=9853, stack(0x00007f54a0145000,0x00007f54a0246000)]
  0x00007f54a80a8800 JavaThread "C2 CompilerThread0" daemon [_thread_blocked, id=9852, stack(0x00007f54a0246000,0x00007f54a0347000)]
  0x00007f54a80a6800 JavaThread "Signal Dispatcher" daemon [_thread_blocked, id=9851, stack(0x00007f54a0347000,0x00007f54a0448000)]
  0x00007f54a8078800 JavaThread "Finalizer" daemon [_thread_blocked, id=9850, stack(0x00007f54a0714000,0x00007f54a0815000)]
  0x00007f54a8076800 JavaThread "Reference Handler" daemon [_thread_blocked, id=9849, stack(0x00007f54a0815000,0x00007f54a0916000)]

Other Threads:
  0x00007f54a8072000 VMThread [stack: 0x00007f54a0916000,0x00007f54a0a17000] [id=9848]
  0x00007f54a80b8800 WatcherThread [stack: 0x00007f5483eff000,0x00007f5484000000] [id=9855]

VM state:not at safepoint (normal execution)

VM Mutex/Monitor currently owned by a thread: None

Heap
 PSYoungGen      total 33792K, used 31075K [0x00000000dae00000, 0x00000000dd380000, 0x0000000100000000)
  eden space 29184K, 93% used [0x00000000dae00000,0x00000000dc899a58,0x00000000dca80000)
  from space 4608K, 83% used [0x00000000dca80000,0x00000000dce3f370,0x00000000dcf00000)
  to   space 4608K, 0% used [0x00000000dcf00000,0x00000000dcf00000,0x00000000dd380000)
 ParOldGen       total 75776K, used 8K [0x0000000090a00000, 0x0000000095400000, 0x00000000dae00000)
  object space 75776K, 0% used [0x0000000090a00000,0x0000000090a02000,0x0000000095400000)
 PSPermGen       total 21504K, used 20834K [0x0000000086400000, 0x0000000087900000, 0x0000000090a00000)
  object space 21504K, 96% used [0x0000000086400000,0x0000000087858b80,0x0000000087900000)

Card table byte_map: [0x00007f54acc01000,0x00007f54acfd0000] byte_map_base: 0x00007f54ac7cf000

Polling page: 0x00007f54b03ec000

Code Cache  [0x00007f54a5000000, 0x00007f54a5270000, 0x00007f54a8000000)
 total_blobs=789 nmethods=203 adapters=540 free_code_cache=48177Kb largest_free_block=49276032

Compilation events (10 events):
Event: 34,822 Thread 0x00007f54a80a8800 nmethod 214 0x00007f54a50ca210 code [0x00007f54a50ca3c0, 0x00007f54a50ca758]
Event: 34,822 Thread 0x00007f54a80ab800 nmethod 216 0x00007f54a5085310 code [0x00007f54a5085440, 0x00007f54a50854d8]
Event: 34,968 Thread 0x00007f54a80a8800  217             sun.awt.AWTAccessor::getComponentAccessor (19 bytes)
Event: 34,969 Thread 0x00007f54a80a8800 nmethod 217 0x00007f54a5085090 code [0x00007f54a50851c0, 0x00007f54a5085238]
Event: 37,536 Thread 0x00007f54a80ab800  218             java.awt.AWTEvent::getID (5 bytes)
Event: 37,537 Thread 0x00007f54a80ab800 nmethod 218 0x00007f54a50fef50 code [0x00007f54a50ff080, 0x00007f54a50ff0d8]
Event: 37,556 Thread 0x00007f54a80ab800  219             sun.awt.X11.XWindow::getModifiers (251 bytes)
Event: 37,562 Thread 0x00007f54a80ab800 nmethod 219 0x00007f54a50ffdd0 code [0x00007f54a50fff20, 0x00007f54a5100168]
Event: 38,492 Thread 0x00007f54a80a8800  220             java.util.concurrent.locks.ReentrantLock$Sync::nonfairTryAcquire (67 bytes)
Event: 38,494 Thread 0x00007f54a80a8800 nmethod 220 0x00007f54a50fecd0 code [0x00007f54a50fee00, 0x00007f54a50feed8]

GC Heap History (2 events):
Event: 2,567 GC heap before
{Heap before GC invocations=1 (full 0):
 PSYoungGen      total 33792K, used 29184K [0x00000000dae00000, 0x00000000dd380000, 0x0000000100000000)
  eden space 29184K, 100% used [0x00000000dae00000,0x00000000dca80000,0x00000000dca80000)
  from space 4608K, 0% used [0x00000000dcf00000,0x00000000dcf00000,0x00000000dd380000)
  to   space 4608K, 0% used [0x00000000dca80000,0x00000000dca80000,0x00000000dcf00000)
 ParOldGen       total 75776K, used 0K [0x0000000090a00000, 0x0000000095400000, 0x00000000dae00000)
  object space 75776K, 0% used [0x0000000090a00000,0x0000000090a00000,0x0000000095400000)
 PSPermGen       total 21504K, used 16142K [0x0000000086400000, 0x0000000087900000, 0x0000000090a00000)
  object space 21504K, 75% used [0x0000000086400000,0x00000000873c3b30,0x0000000087900000)
Event: 2,580 GC heap after
Heap after GC invocations=1 (full 0):
 PSYoungGen      total 33792K, used 3836K [0x00000000dae00000, 0x00000000dd380000, 0x0000000100000000)
  eden space 29184K, 0% used [0x00000000dae00000,0x00000000dae00000,0x00000000dca80000)
  from space 4608K, 83% used [0x00000000dca80000,0x00000000dce3f370,0x00000000dcf00000)
  to   space 4608K, 0% used [0x00000000dcf00000,0x00000000dcf00000,0x00000000dd380000)
 ParOldGen       total 75776K, used 8K [0x0000000090a00000, 0x0000000095400000, 0x00000000dae00000)
  object space 75776K, 0% used [0x0000000090a00000,0x0000000090a02000,0x0000000095400000)
 PSPermGen       total 21504K, used 16142K [0x0000000086400000, 0x0000000087900000, 0x0000000090a00000)
  object space 21504K, 75% used [0x0000000086400000,0x00000000873c3b30,0x0000000087900000)
}

Deoptimization events (10 events):
Event: 2,277 Thread 0x00007f54a800b000 Uncommon trap: reason=class_check action=maybe_recompile pc=0x00007f54a50a0170 method=java.io.FilterInputStream.read([B)I @ 5
Event: 2,627 Thread 0x00007f54a800b000 Uncommon trap: reason=unloaded action=reinterpret pc=0x00007f54a50c9f18 method=java.lang.CharacterData.of(I)Ljava/lang/CharacterData; @ 96
Event: 2,860 Thread 0x00007f54a800b000 Uncommon trap: reason=unloaded action=reinterpret pc=0x00007f54a50b96cc method=java.util.ArrayList.rangeCheck(I)V @ 8
Event: 2,860 Thread 0x00007f54a800b000 Uncommon trap: reason=unloaded action=reinterpret pc=0x00007f54a50b7fc4 method=java.util.ArrayList.rangeCheck(I)V @ 8
Event: 2,947 Thread 0x00007f54a82ad000 Uncommon trap: reason=unreached action=reinterpret pc=0x00007f54a50c2648 method=java.lang.ThreadLocal.get()Ljava/lang/Object; @ 11
Event: 6,629 Thread 0x00007f54a82b0800 Uncommon trap: reason=unloaded action=reinterpret pc=0x00007f54a50ba3d0 method=sun.awt.image.PNGImageDecoder.produceImage()V @ 361
Event: 6,633 Thread 0x00007f54a82b0800 Uncommon trap: reason=predicate action=maybe_recompile pc=0x00007f54a5087e04 method=sun.awt.image.PNGImageDecoder.produceImage()V @ 960
Event: 26,571 Thread 0x0000000000f38800 Uncommon trap: reason=unreached action=reinterpret pc=0x00007f54a50cd8c8 method=java.lang.ThreadLocal$ThreadLocalMap.getEntry(Ljava/lang/ThreadLocal;)Ljava/lang/ThreadLocal$ThreadLocalMap$Entry; @ 29
Event: 26,573 Thread 0x0000000000f38800 Uncommon trap: reason=unreached action=reinterpret pc=0x00007f54a50cd51c method=java.lang.ThreadLocal$ThreadLocalMap.getEntry(Ljava/lang/ThreadLocal;)Ljava/lang/ThreadLocal$ThreadLocalMap$Entry; @ 29
Event: 26,583 Thread 0x0000000000f3b800 Uncommon trap: reason=unreached action=reinterpret pc=0x00007f54a50f61b0 method=org.scify.jthinkfreedom.keyboard.stimuli.CapturekeyStimulus.onDataReceived()V @ 46

Internal exceptions (10 events):
Event: 15,738 Thread 0x0000000000f38800 Threw 0x00000000dc2ec698 at /build/openjdk-7-FO0dNI/openjdk-7-7u79-2.5.6/build/openjdk/hotspot/src/share/vm/prims/jvm.cpp:1284
Event: 15,742 Thread 0x0000000000f38800 Threw 0x00000000dc309d80 at /build/openjdk-7-FO0dNI/openjdk-7-7u79-2.5.6/build/openjdk/hotspot/src/share/vm/prims/jvm.cpp:1284
Event: 15,744 Thread 0x0000000000f38800 Threw 0x00000000dc31b250 at /build/openjdk-7-FO0dNI/openjdk-7-7u79-2.5.6/build/openjdk/hotspot/src/share/vm/prims/jvm.cpp:1284
Event: 15,753 Thread 0x0000000000f38800 Threw 0x00000000dc334480 at /build/openjdk-7-FO0dNI/openjdk-7-7u79-2.5.6/build/openjdk/hotspot/src/share/vm/prims/jvm.cpp:1284
Event: 15,754 Thread 0x0000000000f38800 Threw 0x00000000dc345688 at /build/openjdk-7-FO0dNI/openjdk-7-7u79-2.5.6/build/openjdk/hotspot/src/share/vm/prims/jvm.cpp:1284
Event: 26,572 Thread 0x0000000000f38800 Threw 0x00000000dc362de8 at /build/openjdk-7-FO0dNI/openjdk-7-7u79-2.5.6/build/openjdk/hotspot/src/share/vm/prims/jvm.cpp:1284
Event: 26,579 Thread 0x0000000000f38800 Threw 0x00000000dc37b890 at /build/openjdk-7-FO0dNI/openjdk-7-7u79-2.5.6/build/openjdk/hotspot/src/share/vm/prims/jvm.cpp:1284
Event: 26,888 Thread 0x00007f54a83e5800 Threw 0x00000000dc587ed0 at /build/openjdk-7-FO0dNI/openjdk-7-7u79-2.5.6/build/openjdk/hotspot/src/share/vm/prims/jni.cpp:747
Event: 40,459 Thread 0x0000000000f3b800 Threw 0x00000000dc540090 at /build/openjdk-7-FO0dNI/openjdk-7-7u79-2.5.6/build/openjdk/hotspot/src/share/vm/prims/jvm.cpp:1284
Event: 40,470 Thread 0x0000000000f3b800 Threw 0x00000000dc554b98 at /build/openjdk-7-FO0dNI/openjdk-7-7u79-2.5.6/build/openjdk/hotspot/src/share/vm/prims/jvm.cpp:1284

Events (10 events):
Event: 40,476 Executing VM operation: RevokeBias done
Event: 40,477 Executing VM operation: RevokeBias
Event: 40,477 Executing VM operation: RevokeBias done
Event: 40,485 loading class 0x00007f547c013d40
Event: 40,485 loading class 0x00007f547c013d40 done
Event: 40,489 Thread 0x00007f54680e9000 Thread added: 0x00007f54680e9000
Event: 40,489 Executing VM operation: RevokeBias
Event: 40,491 Executing VM operation: RevokeBias done
Event: 40,492 loading class 0x00007f547c067ec0
Event: 40,493 loading class 0x00007f547c067ec0 done


Dynamic libraries:
00400000-00401000 r-xp 00000000 08:02 1323751                            /usr/lib/jvm/java-7-openjdk-amd64/jre/bin/java
00600000-00601000 r--p 00000000 08:02 1323751                            /usr/lib/jvm/java-7-openjdk-amd64/jre/bin/java
00601000-00602000 rw-p 00001000 08:02 1323751                            /usr/lib/jvm/java-7-openjdk-amd64/jre/bin/java
00e50000-00ff6000 rw-p 00000000 00:00 0                                  [heap]
86400000-87900000 rw-p 00000000 00:00 0 
87900000-90a00000 rw-p 00000000 00:00 0 
90a00000-95400000 rw-p 00000000 00:00 0 
95400000-dae00000 rw-p 00000000 00:00 0 
dae00000-dd380000 rw-p 00000000 00:00 0 
dd380000-100000000 rw-p 00000000 00:00 0 
7f5458000000-7f5458021000 rw-p 00000000 00:00 0 
7f5458021000-7f545c000000 ---p 00000000 00:00 0 
7f545d4ee000-7f545d728000 rw-p 00000000 00:00 0 
7f545d728000-7f545d732000 r-xp 00000000 08:02 1317748                    /usr/lib/jvm/java-7-openjdk-amd64/jre/lib/amd64/libjavajpeg.so
7f545d732000-7f545d931000 ---p 0000a000 08:02 1317748                    /usr/lib/jvm/java-7-openjdk-amd64/jre/lib/amd64/libjavajpeg.so
7f545d931000-7f545d932000 r--p 00009000 08:02 1317748                    /usr/lib/jvm/java-7-openjdk-amd64/jre/lib/amd64/libjavajpeg.so
7f545d932000-7f545d933000 rw-p 0000a000 08:02 1317748                    /usr/lib/jvm/java-7-openjdk-amd64/jre/lib/amd64/libjavajpeg.so
7f545d939000-7f545d93c000 ---p 00000000 00:00 0 
7f545d93c000-7f545da3a000 rw-p 00000000 00:00 0 
7f545da3a000-7f545da3d000 ---p 00000000 00:00 0 
7f545da3d000-7f545db3b000 rw-p 00000000 00:00 0 
7f545db3b000-7f545db3e000 ---p 00000000 00:00 0 
7f545db3e000-7f545dc3c000 rw-p 00000000 00:00 0 
7f545dc3c000-7f545dc3f000 ---p 00000000 00:00 0 
7f545dc3f000-7f545dd3d000 rw-p 00000000 00:00 0 
7f545dd3d000-7f545dd40000 ---p 00000000 00:00 0 
7f545dd40000-7f545de3e000 rw-p 00000000 00:00 0 
7f545de3e000-7f545de41000 ---p 00000000 00:00 0 
7f545de41000-7f545df3f000 rw-p 00000000 00:00 0                          [stack:9883]
7f545df3f000-7f545df42000 ---p 00000000 00:00 0 
7f545df42000-7f545e040000 rw-p 00000000 00:00 0                          [stack:9870]
7f545e040000-7f545e057000 r-xp 00000000 08:02 271410                     /tmp/jna-xrousakis/jna8170286376601259655.tmp (deleted)
7f545e057000-7f545e257000 ---p 00017000 08:02 271410                     /tmp/jna-xrousakis/jna8170286376601259655.tmp (deleted)
7f545e257000-7f545e258000 r--p 00017000 08:02 271410                     /tmp/jna-xrousakis/jna8170286376601259655.tmp (deleted)
7f545e258000-7f545e259000 rw-p 00018000 08:02 271410                     /tmp/jna-xrousakis/jna8170286376601259655.tmp (deleted)
7f545e260000-7f545e49d000 rw-s 00000000 00:04 5111819                    /SYSV00000000 (deleted)
7f545e4d6000-7f545e4d9000 ---p 00000000 00:00 0 
7f545e4d9000-7f545e5d7000 rw-p 00000000 00:00 0                          [stack:9869]
7f545e5d7000-7f545e5da000 ---p 00000000 00:00 0 
7f545e5da000-7f545e6d8000 rw-p 00000000 00:00 0                          [stack:9867]
7f545e6d8000-7f545e6f3000 r--s 00000000 08:02 2362922                    /usr/share/fonts/type1/gsfonts/p052004l.pfb
7f545e6f8000-7f545e713000 r--s 00000000 08:02 2362925                    /usr/share/fonts/type1/gsfonts/p052023l.pfb
7f545e718000-7f545e72a000 r--s 00000000 08:02 2362883                    /usr/share/fonts/type1/gsfonts/n019043l.pfb
7f545e730000-7f545e73c000 r--s 00000000 08:02 2362868                    /usr/share/fonts/type1/gsfonts/d050000l.pfb
7f545e740000-7f545e753000 r--s 00000000 08:02 2362847                    /usr/share/fonts/type1/gsfonts/b018015l.pfb
7f545e758000-7f545e769000 r--s 00000000 08:02 2362889                    /usr/share/fonts/type1/gsfonts/n019063l.pfb
7f545e770000-7f545e782000 r--s 00000000 08:02 2362853                    /usr/share/fonts/type1/gsfonts/b018035l.pfb
7f545e788000-7f545e798000 r--s 00000000 08:02 2362832                    /usr/share/fonts/type1/gsfonts/a010013l.pfb
7f545e798000-7f545e7af000 r--s 00000000 08:02 2362934                    /usr/share/fonts/type1/gsfonts/z003034l.pfb
7f545e7b0000-7f545e7c2000 r--s 00000000 08:02 2362886                    /usr/share/fonts/type1/gsfonts/n019044l.pfb
7f545e7c8000-7f545e7e3000 r--s 00000000 08:02 2362859                    /usr/share/fonts/type1/gsfonts/c059016l.pfb
7f545e7e8000-7f545e7e9000 r--s 00000000 08:02 2756976                    /var/cache/fontconfig/c05880de57d1f5e948fdfacc138775d9-le64.cache-4
7f545e7f0000-7f545e7fb000 r--s 00000000 08:02 2756975                    /var/cache/fontconfig/945677eb7aeaf62f1d50efc3fb3ec7d8-le64.cache-4
7f545e800000-7f545e802000 r--s 00000000 08:02 2756973                    /var/cache/fontconfig/99e8ed0e538f840c565b6ed5dad60d56-le64.cache-4
7f545e808000-7f545e80e000 r--s 00000000 08:02 2756972                    /var/cache/fontconfig/2cd17615ca594fa2959ae173292e504c-le64.cache-4
7f545e810000-7f545e811000 r--s 00000000 08:02 2756971                    /var/cache/fontconfig/e7071f4a29fa870f4323321c154eba04-le64.cache-4
7f545e818000-7f545e819000 r--s 00000000 08:02 2756970                    /var/cache/fontconfig/0d8c3b2ac0904cb8a57a757ad11a4a08-le64.cache-4
7f545e820000-7f545e827000 r--s 00000000 08:02 2756969                    /var/cache/fontconfig/a755afe4a08bf5b97852ceb7400b47bc-le64.cache-4
7f545e828000-7f545e834000 r--s 00000000 08:02 2756968                    /var/cache/fontconfig/6d41288fd70b0be22e8c3a91e032eec0-le64.cache-4
7f545e838000-7f545e84c000 r--s 00000000 08:02 2756967                    /var/cache/fontconfig/04aabc0a78ac019cf9454389977116d2-le64.cache-4
7f545e850000-7f545e851000 r--s 00000000 08:02 2756966                    /var/cache/fontconfig/1ac9eb803944fde146138c791f5cc56a-le64.cache-4
7f545e858000-7f545e85c000 r--s 00000000 08:02 2756965                    /var/cache/fontconfig/385c0604a188198f04d133e54aba7fe7-le64.cache-4
7f545e860000-7f545e861000 r--s 00000000 08:02 2756964                    /var/cache/fontconfig/dc05db6664285cc2f12bf69c139ae4c3-le64.cache-4
7f545e868000-7f545e86a000 r--s 00000000 08:02 2756963                    /var/cache/fontconfig/767a8244fc0220cfb567a839d0392e0b-le64.cache-4
7f545e870000-7f545e871000 r--s 00000000 08:02 2753289                    /var/cache/fontconfig/4794a0821666d79190d59a36cb4f44b5-le64.cache-4
7f545e878000-7f545e87d000 r--s 00000000 08:02 2756961                    /var/cache/fontconfig/8801497958630a81b71ace7c5f9b32a8-le64.cache-4
7f545e880000-7f545e887000 r--s 00000000 08:02 2756960                    /var/cache/fontconfig/3047814df9a2f067bd2d96a2b9c36e5a-le64.cache-4
7f545e888000-7f545e889000 r--s 00000000 08:02 2756959                    /var/cache/fontconfig/56cf4f4769d0f4abc89a4895d7bd3ae1-le64.cache-4
7f545e890000-7f545e896000 r--s 00000000 08:02 2756957                    /var/cache/fontconfig/b47c4e1ecd0709278f4910c18777a504-le64.cache-4
7f545e898000-7f545e8ab000 r--s 00000000 08:02 2756956                    /var/cache/fontconfig/d52a8644073d54c13679302ca1180695-le64.cache-4
7f545e8b0000-7f545e8b9000 r--s 00000000 08:02 2754543                    /var/cache/fontconfig/3f7329c5293ffd510edef78f73874cfd-le64.cache-4
7f545e8c0000-7f545e8cb000 r--s 00000000 08:02 2756954                    /var/cache/fontconfig/d589a48862398ed80a3d6066f4f56f4c-le64.cache-4
7f545e8d8000-7f545e8e1000 r--s 00000000 08:02 2362931                    /usr/share/fonts/type1/gsfonts/s050000l.pfb
7f545e8e8000-7f545e93a000 r-xp 00000000 08:02 1317750                    /usr/lib/jvm/java-7-openjdk-amd64/jre/lib/amd64/libfontmanager.so
7f545e93a000-7f545eb39000 ---p 00052000 08:02 1317750                    /usr/lib/jvm/java-7-openjdk-amd64/jre/lib/amd64/libfontmanager.so
7f545eb39000-7f545eb3c000 r--p 00051000 08:02 1317750                    /usr/lib/jvm/java-7-openjdk-amd64/jre/lib/amd64/libfontmanager.so
7f545eb3c000-7f545eb3d000 rw-p 00054000 08:02 1317750                    /usr/lib/jvm/java-7-openjdk-amd64/jre/lib/amd64/libfontmanager.so
7f545eb3f000-7f545eb42000 ---p 00000000 00:00 0 
7f545eb42000-7f545ec40000 rw-p 00000000 00:00 0                          [stack:9863]
7f545ec40000-7f545eded000 r-xp 00000000 08:02 271409                     /tmp/javacpp11137829695878/libjniopencv_core.so
7f545eded000-7f545efed000 ---p 001ad000 08:02 271409                     /tmp/javacpp11137829695878/libjniopencv_core.so
7f545efed000-7f545efee000 r--p 001ad000 08:02 271409                     /tmp/javacpp11137829695878/libjniopencv_core.so
7f545efee000-7f545eff0000 rw-p 001ae000 08:02 271409                     /tmp/javacpp11137829695878/libjniopencv_core.so
7f545eff0000-7f545f03e000 r-xp 00000000 08:02 271408                     /tmp/javacpp11137829695878/libjniopencv_highgui.so
7f545f03e000-7f545f23d000 ---p 0004e000 08:02 271408                     /tmp/javacpp11137829695878/libjniopencv_highgui.so
7f545f23d000-7f545f23e000 r--p 0004d000 08:02 271408                     /tmp/javacpp11137829695878/libjniopencv_highgui.so
7f545f23e000-7f545f23f000 rw-p 0004e000 08:02 271408                     /tmp/javacpp11137829695878/libjniopencv_highgui.so
7f545f240000-7f545f283000 r-xp 00000000 08:02 1188593                    /usr/lib/x86_64-linux-gnu/libjpeg.so.8.0.2
7f545f283000-7f545f483000 ---p 00043000 08:02 1188593                    /usr/lib/x86_64-linux-gnu/libjpeg.so.8.0.2
7f545f483000-7f545f484000 r--p 00043000 08:02 1188593                    /usr/lib/x86_64-linux-gnu/libjpeg.so.8.0.2
7f545f484000-7f545f485000 rw-p 00044000 08:02 1188593                    /usr/lib/x86_64-linux-gnu/libjpeg.so.8.0.2
7f545f485000-7f545f495000 rw-p 00000000 00:00 0 
7f545f498000-7f545f4bc000 r-xp 00000000 08:02 1188998                    /usr/lib/x86_64-linux-gnu/libv4lconvert.so.0.0.0
7f545f4bc000-7f545f6bc000 ---p 00024000 08:02 1188998                    /usr/lib/x86_64-linux-gnu/libv4lconvert.so.0.0.0
7f545f6bc000-7f545f6be000 r--p 00024000 08:02 1188998                    /usr/lib/x86_64-linux-gnu/libv4lconvert.so.0.0.0
7f545f6be000-7f545f6bf000 rw-p 00026000 08:02 1188998                    /usr/lib/x86_64-linux-gnu/libv4lconvert.so.0.0.0
7f545f6bf000-7f545f711000 rw-p 00000000 00:00 0 
7f545f718000-7f545f71e000 r-xp 00000000 08:02 1188131                    /usr/lib/x86_64-linux-gnu/libdatrie.so.1.3.1
7f545f71e000-7f545f91d000 ---p 00006000 08:02 1188131                    /usr/lib/x86_64-linux-gnu/libdatrie.so.1.3.1
7f545f91d000-7f545f91e000 r--p 00005000 08:02 1188131                    /usr/lib/x86_64-linux-gnu/libdatrie.so.1.3.1
7f545f91e000-7f545f91f000 rw-p 00006000 08:02 1188131                    /usr/lib/x86_64-linux-gnu/libdatrie.so.1.3.1
7f545f920000-7f545f93a000 r-xp 00000000 08:02 1188402                    /usr/lib/x86_64-linux-gnu/libgraphite2.so.3.0.1
7f545f93a000-7f545fb39000 ---p 0001a000 08:02 1188402                    /usr/lib/x86_64-linux-gnu/libgraphite2.so.3.0.1
7f545fb39000-7f545fb3b000 r--p 00019000 08:02 1188402                    /usr/lib/x86_64-linux-gnu/libgraphite2.so.3.0.1
7f545fb3b000-7f545fb3c000 rw-p 0001b000 08:02 1188402                    /usr/lib/x86_64-linux-gnu/libgraphite2.so.3.0.1
7f545fb40000-7f545fb49000 r-xp 00000000 08:02 1188996                    /usr/lib/x86_64-linux-gnu/libv4l2.so.0.0.0
7f545fb49000-7f545fd48000 ---p 00009000 08:02 1188996                    /usr/lib/x86_64-linux-gnu/libv4l2.so.0.0.0
7f545fd48000-7f545fd49000 r--p 00008000 08:02 1188996                    /usr/lib/x86_64-linux-gnu/libv4l2.so.0.0.0
7f545fd49000-7f545fd4e000 rw-p 00009000 08:02 1188996                    /usr/lib/x86_64-linux-gnu/libv4l2.so.0.0.0
7f545fd50000-7f545fd58000 r-xp 00000000 08:02 1188953                    /usr/lib/x86_64-linux-gnu/libthai.so.0.2.0
7f545fd58000-7f545ff57000 ---p 00008000 08:02 1188953                    /usr/lib/x86_64-linux-gnu/libthai.so.0.2.0
7f545ff57000-7f545ff58000 r--p 00007000 08:02 1188953                    /usr/lib/x86_64-linux-gnu/libthai.so.0.2.0
7f545ff58000-7f545ff59000 rw-p 00008000 08:02 1188953                    /usr/lib/x86_64-linux-gnu/libthai.so.0.2.0
7f545ff60000-7f545ffb3000 r-xp 00000000 08:02 1179957                    /usr/lib/x86_64-linux-gnu/libharfbuzz.so.0.927.0
7f545ffb3000-7f54601b3000 ---p 00053000 08:02 1179957                    /usr/lib/x86_64-linux-gnu/libharfbuzz.so.0.927.0
7f54601b3000-7f54601b4000 r--p 00053000 08:02 1179957                    /usr/lib/x86_64-linux-gnu/libharfbuzz.so.0.927.0
7f54601b4000-7f54601b5000 rw-p 00054000 08:02 1179957                    /usr/lib/x86_64-linux-gnu/libharfbuzz.so.0.927.0
7f54601b8000-7f54601c0000 r-xp 00000000 08:02 1189074                    /usr/lib/x86_64-linux-gnu/libxcb-render.so.0.0.0
7f54601c0000-7f54603bf000 ---p 00008000 08:02 1189074                    /usr/lib/x86_64-linux-gnu/libxcb-render.so.0.0.0
7f54603bf000-7f54603c0000 r--p 00007000 08:02 1189074                    /usr/lib/x86_64-linux-gnu/libxcb-render.so.0.0.0
7f54603c0000-7f54603c1000 rw-p 00008000 08:02 1189074                    /usr/lib/x86_64-linux-gnu/libxcb-render.so.0.0.0
7f54603c8000-7f54603ca000 r-xp 00000000 08:02 1189078                    /usr/lib/x86_64-linux-gnu/libxcb-shm.so.0.0.0
7f54603ca000-7f54605c9000 ---p 00002000 08:02 1189078                    /usr/lib/x86_64-linux-gnu/libxcb-shm.so.0.0.0
7f54605c9000-7f54605ca000 r--p 00001000 08:02 1189078                    /usr/lib/x86_64-linux-gnu/libxcb-shm.so.0.0.0
7f54605ca000-7f54605cb000 rw-p 00002000 08:02 1189078                    /usr/lib/x86_64-linux-gnu/libxcb-shm.so.0.0.0
7f54605d0000-7f5460671000 r-xp 00000000 08:02 1188793                    /usr/lib/x86_64-linux-gnu/libpixman-1.so.0.30.2
7f5460671000-7f5460871000 ---p 000a1000 08:02 1188793                    /usr/lib/x86_64-linux-gnu/libpixman-1.so.0.30.2
7f5460871000-7f5460878000 r--p 000a1000 08:02 1188793                    /usr/lib/x86_64-linux-gnu/libpixman-1.so.0.30.2
7f5460878000-7f5460879000 rw-p 000a8000 08:02 1188793                    /usr/lib/x86_64-linux-gnu/libpixman-1.so.0.30.2
7f5460880000-7f5460882000 r-xp 00000000 08:02 1187926                    /usr/lib/x86_64-linux-gnu/libXdamage.so.1.1.0
7f5460882000-7f5460a81000 ---p 00002000 08:02 1187926                    /usr/lib/x86_64-linux-gnu/libXdamage.so.1.1.0
7f5460a81000-7f5460a82000 r--p 00001000 08:02 1187926                    /usr/lib/x86_64-linux-gnu/libXdamage.so.1.1.0
7f5460a82000-7f5460a83000 rw-p 00002000 08:02 1187926                    /usr/lib/x86_64-linux-gnu/libXdamage.so.1.1.0
7f5460a88000-7f5460a8a000 r-xp 00000000 08:02 1187922                    /usr/lib/x86_64-linux-gnu/libXcomposite.so.1.0.0
7f5460a8a000-7f5460c89000 ---p 00002000 08:02 1187922                    /usr/lib/x86_64-linux-gnu/libXcomposite.so.1.0.0
7f5460c89000-7f5460c8a000 r--p 00001000 08:02 1187922                    /usr/lib/x86_64-linux-gnu/libXcomposite.so.1.0.0
7f5460c8a000-7f5460c8b000 rw-p 00002000 08:02 1187922                    /usr/lib/x86_64-linux-gnu/libXcomposite.so.1.0.0
7f5460c90000-7f5460c99000 r-xp 00000000 08:02 1187948                    /usr/lib/x86_64-linux-gnu/libXrandr.so.2.2.0
7f5460c99000-7f5460e98000 ---p 00009000 08:02 1187948                    /usr/lib/x86_64-linux-gnu/libXrandr.so.2.2.0
7f5460e98000-7f5460e99000 r--p 00008000 08:02 1187948                    /usr/lib/x86_64-linux-gnu/libXrandr.so.2.2.0
7f5460e99000-7f5460e9a000 rw-p 00009000 08:02 1187948                    /usr/lib/x86_64-linux-gnu/libXrandr.so.2.2.0
7f5460ea0000-7f5460ea2000 r-xp 00000000 08:02 1187940                    /usr/lib/x86_64-linux-gnu/libXinerama.so.1.0.0
7f5460ea2000-7f54610a1000 ---p 00002000 08:02 1187940                    /usr/lib/x86_64-linux-gnu/libXinerama.so.1.0.0
7f54610a1000-7f54610a2000 r--p 00001000 08:02 1187940                    /usr/lib/x86_64-linux-gnu/libXinerama.so.1.0.0
7f54610a2000-7f54610a3000 rw-p 00002000 08:02 1187940                    /usr/lib/x86_64-linux-gnu/libXinerama.so.1.0.0
7f54610a8000-7f54610ad000 r-xp 00000000 08:02 1188994                    /usr/lib/x86_64-linux-gnu/libv4l1.so.0.0.0
7f54610ad000-7f54612ac000 ---p 00005000 08:02 1188994                    /usr/lib/x86_64-linux-gnu/libv4l1.so.0.0.0
7f54612ac000-7f54612ad000 r--p 00004000 08:02 1188994                    /usr/lib/x86_64-linux-gnu/libv4l1.so.0.0.0
7f54612ad000-7f54612ae000 rw-p 00005000 08:02 1188994                    /usr/lib/x86_64-linux-gnu/libv4l1.so.0.0.0
7f54612b0000-7f54612b1000 r-xp 00000000 08:02 1181659                    /usr/lib/x86_64-linux-gnu/libgthread-2.0.so.0.4002.0
7f54612b1000-7f54614b0000 ---p 00001000 08:02 1181659                    /usr/lib/x86_64-linux-gnu/libgthread-2.0.so.0.4002.0
7f54614b0000-7f54614b1000 r--p 00000000 08:02 1181659                    /usr/lib/x86_64-linux-gnu/libgthread-2.0.so.0.4002.0
7f54614b1000-7f54614b2000 rw-p 00001000 08:02 1181659                    /usr/lib/x86_64-linux-gnu/libgthread-2.0.so.0.4002.0
7f54614b8000-7f5461502000 r-xp 00000000 08:02 1181864                    /usr/lib/x86_64-linux-gnu/libpango-1.0.so.0.3600.3
7f5461502000-7f5461702000 ---p 0004a000 08:02 1181864                    /usr/lib/x86_64-linux-gnu/libpango-1.0.so.0.3600.3
7f5461702000-7f5461704000 r--p 0004a000 08:02 1181864                    /usr/lib/x86_64-linux-gnu/libpango-1.0.so.0.3600.3
7f5461704000-7f5461705000 rw-p 0004c000 08:02 1181864                    /usr/lib/x86_64-linux-gnu/libpango-1.0.so.0.3600.3
7f5461708000-7f546171c000 r-xp 00000000 08:02 1181866                    /usr/lib/x86_64-linux-gnu/libpangoft2-1.0.so.0.3600.3
7f546171c000-7f546191b000 ---p 00014000 08:02 1181866                    /usr/lib/x86_64-linux-gnu/libpangoft2-1.0.so.0.3600.3
7f546191b000-7f546191c000 r--p 00013000 08:02 1181866                    /usr/lib/x86_64-linux-gnu/libpangoft2-1.0.so.0.3600.3
7f546191c000-7f546191d000 rw-p 00014000 08:02 1181866                    /usr/lib/x86_64-linux-gnu/libpangoft2-1.0.so.0.3600.3
7f5461920000-7f546193f000 r-xp 00000000 08:02 1188324                    /usr/lib/x86_64-linux-gnu/libgdk_pixbuf-2.0.so.0.3000.7
7f546193f000-7f5461b3f000 ---p 0001f000 08:02 1188324                    /usr/lib/x86_64-linux-gnu/libgdk_pixbuf-2.0.so.0.3000.7
7f5461b3f000-7f5461b40000 r--p 0001f000 08:02 1188324                    /usr/lib/x86_64-linux-gnu/libgdk_pixbuf-2.0.so.0.3000.7
7f5461b40000-7f5461b41000 rw-p 00020000 08:02 1188324                    /usr/lib/x86_64-linux-gnu/libgdk_pixbuf-2.0.so.0.3000.7
7f5461b48000-7f5461c4e000 r-xp 00000000 08:02 1184068                    /usr/lib/x86_64-linux-gnu/libcairo.so.2.11301.0
7f5461c4e000-7f5461e4d000 ---p 00106000 08:02 1184068                    /usr/lib/x86_64-linux-gnu/libcairo.so.2.11301.0
7f5461e4d000-7f5461e50000 r--p 00105000 08:02 1184068                    /usr/lib/x86_64-linux-gnu/libcairo.so.2.11301.0
7f5461e50000-7f5461e51000 rw-p 00108000 08:02 1184068                    /usr/lib/x86_64-linux-gnu/libcairo.so.2.11301.0
7f5461e51000-7f5461e53000 rw-p 00000000 00:00 0 
7f5461e58000-7f5461e77000 r-xp 00000000 08:02 1188009                    /usr/lib/x86_64-linux-gnu/libatk-1.0.so.0.21009.1
7f5461e77000-7f5462077000 ---p 0001f000 08:02 1188009                    /usr/lib/x86_64-linux-gnu/libatk-1.0.so.0.21009.1
7f5462077000-7f5462079000 r--p 0001f000 08:02 1188009                    /usr/lib/x86_64-linux-gnu/libatk-1.0.so.0.21009.1
7f5462079000-7f546207a000 rw-p 00021000 08:02 1188009                    /usr/lib/x86_64-linux-gnu/libatk-1.0.so.0.21009.1
7f5462080000-7f546208b000 r-xp 00000000 08:02 1181862                    /usr/lib/x86_64-linux-gnu/libpangocairo-1.0.so.0.3600.3
7f546208b000-7f546228b000 ---p 0000b000 08:02 1181862                    /usr/lib/x86_64-linux-gnu/libpangocairo-1.0.so.0.3600.3
7f546228b000-7f546228c000 r--p 0000b000 08:02 1181862                    /usr/lib/x86_64-linux-gnu/libpangocairo-1.0.so.0.3600.3
7f546228c000-7f546228d000 rw-p 0000c000 08:02 1181862                    /usr/lib/x86_64-linux-gnu/libpangocairo-1.0.so.0.3600.3
7f5462290000-7f546233d000 r-xp 00000000 08:02 1185800                    /usr/lib/x86_64-linux-gnu/libgdk-x11-2.0.so.0.2400.23
7f546233d000-7f546253c000 ---p 000ad000 08:02 1185800                    /usr/lib/x86_64-linux-gnu/libgdk-x11-2.0.so.0.2400.23
7f546253c000-7f5462540000 r--p 000ac000 08:02 1185800                    /usr/lib/x86_64-linux-gnu/libgdk-x11-2.0.so.0.2400.23
7f5462540000-7f5462542000 rw-p 000b0000 08:02 1185800                    /usr/lib/x86_64-linux-gnu/libgdk-x11-2.0.so.0.2400.23
7f5462548000-7f5462977000 r-xp 00000000 08:02 1190134                    /usr/lib/x86_64-linux-gnu/libgtk-x11-2.0.so.0.2400.23
7f5462977000-7f5462b76000 ---p 0042f000 08:02 1190134                    /usr/lib/x86_64-linux-gnu/libgtk-x11-2.0.so.0.2400.23
7f5462b76000-7f5462b7d000 r--p 0042e000 08:02 1190134                    /usr/lib/x86_64-linux-gnu/libgtk-x11-2.0.so.0.2400.23
7f5462b7d000-7f5462b81000 rw-p 00435000 08:02 1190134                    /usr/lib/x86_64-linux-gnu/libgtk-x11-2.0.so.0.2400.23
7f5462b81000-7f5462b84000 rw-p 00000000 00:00 0 
7f5462b88000-7f5462dcf000 r-xp 00000000 08:02 271407                     /tmp/javacpp11137829695878/libopencv_highgui.so.2.4
7f5462dcf000-7f5462fcf000 ---p 00247000 08:02 271407                     /tmp/javacpp11137829695878/libopencv_highgui.so.2.4
7f5462fcf000-7f5462fd7000 r--p 00247000 08:02 271407                     /tmp/javacpp11137829695878/libopencv_highgui.so.2.4
7f5462fd7000-7f5462fe0000 rw-p 0024f000 08:02 271407                     /tmp/javacpp11137829695878/libopencv_highgui.so.2.4
7f5462fe0000-7f5462fe8000 rw-p 00000000 00:00 0 
7f5462fe8000-7f5463243000 r-xp 00000000 08:02 271406                     /tmp/javacpp11137829695878/libopencv_imgproc.so.2.4
7f5463243000-7f5463443000 ---p 0025b000 08:02 271406                     /tmp/javacpp11137829695878/libopencv_imgproc.so.2.4
7f5463443000-7f546344a000 r--p 0025b000 08:02 271406                     /tmp/javacpp11137829695878/libopencv_imgproc.so.2.4
7f546344a000-7f546344c000 rw-p 00262000 08:02 271406                     /tmp/javacpp11137829695878/libopencv_imgproc.so.2.4
7f546344c000-7f54634e1000 rw-p 00000000 00:00 0 
7f54634e8000-7f5463791000 r-xp 00000000 08:02 271405                     /tmp/javacpp11137829695878/libopencv_core.so.2.4
7f5463791000-7f5463990000 ---p 002a9000 08:02 271405                     /tmp/javacpp11137829695878/libopencv_core.so.2.4
7f5463990000-7f5463994000 r--p 002a8000 08:02 271405                     /tmp/javacpp11137829695878/libopencv_core.so.2.4
7f5463994000-7f546399d000 rw-p 002ac000 08:02 271405                     /tmp/javacpp11137829695878/libopencv_core.so.2.4
7f546399d000-7f54639a0000 rw-p 00000000 00:00 0 
7f54639a0000-7f54639c9000 r-xp 00000000 08:02 271404                     /tmp/javacpp11137829695878/libtbb.so
7f54639c9000-7f5463bc8000 ---p 00029000 08:02 271404                     /tmp/javacpp11137829695878/libtbb.so
7f5463bc8000-7f5463bca000 r--p 00028000 08:02 271404                     /tmp/javacpp11137829695878/libtbb.so
7f5463bca000-7f5463bcb000 rw-p 0002a000 08:02 271404                     /tmp/javacpp11137829695878/libtbb.so
7f5463bd0000-7f5463bf6000 r-xp 00000000 08:02 271403                     /tmp/javacpp11137829695878/libjnifreenect.so
7f5463bf6000-7f5463df5000 ---p 00026000 08:02 271403                     /tmp/javacpp11137829695878/libjnifreenect.so
7f5463df5000-7f5463df6000 r--p 00025000 08:02 271403                     /tmp/javacpp11137829695878/libjnifreenect.so
7f5463df6000-7f5463df7000 rw-p 00026000 08:02 271403                     /tmp/javacpp11137829695878/libjnifreenect.so
7f5463df8000-7f5463dfb000 r-xp 00000000 08:02 271402                     /tmp/javacpp11137829695878/libfreenect_sync.so
7f5463dfb000-7f5463ffa000 ---p 00003000 08:02 271402                     /tmp/javacpp11137829695878/libfreenect_sync.so
7f5463ffa000-7f5463ffb000 r--p 00002000 08:02 271402                     /tmp/javacpp11137829695878/libfreenect_sync.so
7f5463ffb000-7f5463ffc000 rw-p 00003000 08:02 271402                     /tmp/javacpp11137829695878/libfreenect_sync.so
7f5464000000-7f5464021000 rw-p 00000000 00:00 0 
7f5464021000-7f5468000000 ---p 00000000 00:00 0 
7f5468000000-7f546812d000 rw-p 00000000 00:00 0 
7f546812d000-7f546c000000 ---p 00000000 00:00 0 
7f546c000000-7f546c021000 rw-p 00000000 00:00 0 
7f546c021000-7f5470000000 ---p 00000000 00:00 0 
7f5470000000-7f5470021000 rw-p 00000000 00:00 0 
7f5470021000-7f5474000000 ---p 00000000 00:00 0 
7f5474000000-7f5474001000 r--s 00000000 08:02 2756958                    /var/cache/fontconfig/b9d506c9ac06c20b433354fa67a72993-le64.cache-4
7f5474008000-7f5474009000 r--s 00000000 08:02 2756953                    /var/cache/fontconfig/0c9eb80ebd1c36541ebe2852d3bb0c49-le64.cache-4
7f5474010000-7f5474013000 r--s 00000000 08:02 2756942                    /var/cache/fontconfig/e13b20fdb08344e0e664864cc2ede53d-le64.cache-4
7f5474020000-7f5474031000 r--s 00000000 08:02 2362841                    /usr/share/fonts/type1/gsfonts/a010035l.pfb
7f5474038000-7f5474050000 r--s 00000000 08:02 2362862                    /usr/share/fonts/type1/gsfonts/c059033l.pfb
7f5474050000-7f5474065000 r--s 00000000 08:02 2362850                    /usr/share/fonts/type1/gsfonts/b018032l.pfb
7f5474067000-7f547406a000 ---p 00000000 00:00 0 
7f547406a000-7f5474168000 rw-p 00000000 00:00 0                          [stack:9862]
7f5474168000-7f5474176000 r-xp 00000000 08:02 271401                     /tmp/javacpp11137829695878/libfreenect.so
7f5474176000-7f5474375000 ---p 0000e000 08:02 271401                     /tmp/javacpp11137829695878/libfreenect.so
7f5474375000-7f5474376000 r--p 0000d000 08:02 271401                     /tmp/javacpp11137829695878/libfreenect.so
7f5474376000-7f5474377000 rw-p 0000e000 08:02 271401                     /tmp/javacpp11137829695878/libfreenect.so
7f5474377000-7f5474378000 ---p 00000000 00:00 0 
7f5474378000-7f5474b78000 rw-p 00000000 00:00 0 
7f5474b78000-7f5474bca000 r-xp 00000000 08:02 271400                     /tmp/javacpp11137829695878/libjnidc1394.so
7f5474bca000-7f5474dc9000 ---p 00052000 08:02 271400                     /tmp/javacpp11137829695878/libjnidc1394.so
7f5474dc9000-7f5474dca000 r--p 00051000 08:02 271400                     /tmp/javacpp11137829695878/libjnidc1394.so
7f5474dca000-7f5474dcb000 rw-p 00052000 08:02 271400                     /tmp/javacpp11137829695878/libjnidc1394.so
7f5474dd0000-7f5474dd8000 r-xp 00000000 08:02 1445949                    /lib/x86_64-linux-gnu/libnih-dbus.so.1.0.0
7f5474dd8000-7f5474fd8000 ---p 00008000 08:02 1445949                    /lib/x86_64-linux-gnu/libnih-dbus.so.1.0.0
7f5474fd8000-7f5474fd9000 r--p 00008000 08:02 1445949                    /lib/x86_64-linux-gnu/libnih-dbus.so.1.0.0
7f5474fd9000-7f5474fda000 rw-p 00009000 08:02 1445949                    /lib/x86_64-linux-gnu/libnih-dbus.so.1.0.0
7f5474fe0000-7f5474ff7000 r-xp 00000000 08:02 1445951                    /lib/x86_64-linux-gnu/libnih.so.1.0.0
7f5474ff7000-7f54751f6000 ---p 00017000 08:02 1445951                    /lib/x86_64-linux-gnu/libnih.so.1.0.0
7f54751f6000-7f54751f7000 r--p 00016000 08:02 1445951                    /lib/x86_64-linux-gnu/libnih.so.1.0.0
7f54751f7000-7f54751f8000 rw-p 00017000 08:02 1445951                    /lib/x86_64-linux-gnu/libnih.so.1.0.0
7f54751f8000-7f5475211000 r-xp 00000000 08:02 1444015                    /lib/x86_64-linux-gnu/libcgmanager.so.0.0.0
7f5475211000-7f5475410000 ---p 00019000 08:02 1444015                    /lib/x86_64-linux-gnu/libcgmanager.so.0.0.0
7f5475410000-7f5475412000 r--p 00018000 08:02 1444015                    /lib/x86_64-linux-gnu/libcgmanager.so.0.0.0
7f5475412000-7f5475413000 rw-p 0001a000 08:02 1444015                    /lib/x86_64-linux-gnu/libcgmanager.so.0.0.0
7f5475418000-7f5475428000 r-xp 00000000 08:02 1442754                    /lib/x86_64-linux-gnu/libudev.so.1.3.5
7f5475428000-7f5475627000 ---p 00010000 08:02 1442754                    /lib/x86_64-linux-gnu/libudev.so.1.3.5
7f5475627000-7f5475628000 r--p 0000f000 08:02 1442754                    /lib/x86_64-linux-gnu/libudev.so.1.3.5
7f5475628000-7f5475629000 rw-p 00010000 08:02 1442754                    /lib/x86_64-linux-gnu/libudev.so.1.3.5
7f5475630000-7f5475645000 r-xp 00000000 08:02 1446041                    /lib/x86_64-linux-gnu/libusb-1.0.so.0.1.0
7f5475645000-7f5475845000 ---p 00015000 08:02 1446041                    /lib/x86_64-linux-gnu/libusb-1.0.so.0.1.0
7f5475845000-7f5475846000 r--p 00015000 08:02 1446041                    /lib/x86_64-linux-gnu/libusb-1.0.so.0.1.0
7f5475846000-7f5475847000 rw-p 00016000 08:02 1446041                    /lib/x86_64-linux-gnu/libusb-1.0.so.0.1.0
7f5475848000-7f5475855000 r-xp 00000000 08:02 1188844                    /usr/lib/x86_64-linux-gnu/libraw1394.so.11.1.0
7f5475855000-7f5475a54000 ---p 0000d000 08:02 1188844                    /usr/lib/x86_64-linux-gnu/libraw1394.so.11.1.0
7f5475a54000-7f5475a55000 r--p 0000c000 08:02 1188844                    /usr/lib/x86_64-linux-gnu/libraw1394.so.11.1.0
7f5475a55000-7f5475a56000 rw-p 0000d000 08:02 1188844                    /usr/lib/x86_64-linux-gnu/libraw1394.so.11.1.0
7f5475a58000-7f5475a8b000 r-xp 00000000 08:02 271399                     /tmp/javacpp11137829695878/libdc1394.so.22
7f5475a8b000-7f5475c8b000 ---p 00033000 08:02 271399                     /tmp/javacpp11137829695878/libdc1394.so.22
7f5475c8b000-7f5475c8c000 r--p 00033000 08:02 271399                     /tmp/javacpp11137829695878/libdc1394.so.22
7f5475c8c000-7f5475c8d000 rw-p 00034000 08:02 271399                     /tmp/javacpp11137829695878/libdc1394.so.22
7f5475c8d000-7f5475ccd000 rw-p 00000000 00:00 0 
7f5475cd0000-7f5475ce7000 r-xp 00000000 08:02 1317766                    /usr/lib/jvm/java-7-openjdk-amd64/jre/lib/amd64/libnet.so
7f5475ce7000-7f5475ee6000 ---p 00017000 08:02 1317766                    /usr/lib/jvm/java-7-openjdk-amd64/jre/lib/amd64/libnet.so
7f5475ee6000-7f5475ee7000 r--p 00016000 08:02 1317766                    /usr/lib/jvm/java-7-openjdk-amd64/jre/lib/amd64/libnet.so
7f5475ee7000-7f5475ee8000 rw-p 00017000 08:02 1317766                    /usr/lib/jvm/java-7-openjdk-amd64/jre/lib/amd64/libnet.so
7f5475ee8000-7f5475ef8000 r-xp 00000000 08:02 1317771                    /usr/lib/jvm/java-7-openjdk-amd64/jre/lib/amd64/libnio.so
7f5475ef8000-7f54760f8000 ---p 00010000 08:02 1317771                    /usr/lib/jvm/java-7-openjdk-amd64/jre/lib/amd64/libnio.so
7f54760f8000-7f54760f9000 r--p 00010000 08:02 1317771                    /usr/lib/jvm/java-7-openjdk-amd64/jre/lib/amd64/libnio.so
7f54760f9000-7f54760fa000 rw-p 00011000 08:02 1317771                    /usr/lib/jvm/java-7-openjdk-amd64/jre/lib/amd64/libnio.so
7f54760fe000-7f5476101000 ---p 00000000 00:00 0 
7f5476101000-7f54761ff000 rw-p 00000000 00:00 0                          [stack:9868]
7f54761ff000-7f5476202000 ---p 00000000 00:00 0 
7f5476202000-7f5476300000 rw-p 00000000 00:00 0                          [stack:9857]
7f5476300000-7f5476305000 r-xp 00000000 08:02 1185797                    /usr/lib/x86_64-linux-gnu/libXfixes.so.3.1.0
7f5476305000-7f5476504000 ---p 00005000 08:02 1185797                    /usr/lib/x86_64-linux-gnu/libXfixes.so.3.1.0
7f5476504000-7f5476505000 r--p 00004000 08:02 1185797                    /usr/lib/x86_64-linux-gnu/libXfixes.so.3.1.0
7f5476505000-7f5476506000 rw-p 00005000 08:02 1185797                    /usr/lib/x86_64-linux-gnu/libXfixes.so.3.1.0
7f5476508000-7f5476511000 r-xp 00000000 08:02 1187924                    /usr/lib/x86_64-linux-gnu/libXcursor.so.1.0.2
7f5476511000-7f5476710000 ---p 00009000 08:02 1187924                    /usr/lib/x86_64-linux-gnu/libXcursor.so.1.0.2
7f5476710000-7f5476711000 r--p 00008000 08:02 1187924                    /usr/lib/x86_64-linux-gnu/libXcursor.so.1.0.2
7f5476711000-7f5476712000 rw-p 00009000 08:02 1187924                    /usr/lib/x86_64-linux-gnu/libXcursor.so.1.0.2
7f5476717000-7f547671a000 ---p 00000000 00:00 0 
7f547671a000-7f5476818000 rw-p 00000000 00:00 0                          [stack:9856]
7f5476818000-7f547681c000 r-xp 00000000 08:02 1445919                    /lib/x86_64-linux-gnu/libgpg-error.so.0.10.0
7f547681c000-7f5476a1b000 ---p 00004000 08:02 1445919                    /lib/x86_64-linux-gnu/libgpg-error.so.0.10.0
7f5476a1b000-7f5476a1c000 r--p 00003000 08:02 1445919                    /lib/x86_64-linux-gnu/libgpg-error.so.0.10.0
7f5476a1c000-7f5476a1d000 rw-p 00004000 08:02 1445919                    /lib/x86_64-linux-gnu/libgpg-error.so.0.10.0
7f5476a20000-7f5476a22000 r-xp 00000000 08:02 1445929                    /lib/x86_64-linux-gnu/libkeyutils.so.1.4
7f5476a22000-7f5476c22000 ---p 00002000 08:02 1445929                    /lib/x86_64-linux-gnu/libkeyutils.so.1.4
7f5476c22000-7f5476c23000 r--p 00002000 08:02 1445929                    /lib/x86_64-linux-gnu/libkeyutils.so.1.4
7f5476c23000-7f5476c24000 rw-p 00003000 08:02 1445929                    /lib/x86_64-linux-gnu/libkeyutils.so.1.4
7f5476c28000-7f5476c65000 r-xp 00000000 08:02 1445990                    /lib/x86_64-linux-gnu/libpcre.so.3.13.1
7f5476c65000-7f5476e64000 ---p 0003d000 08:02 1445990                    /lib/x86_64-linux-gnu/libpcre.so.3.13.1
7f5476e64000-7f5476e65000 r--p 0003c000 08:02 1445990                    /lib/x86_64-linux-gnu/libpcre.so.3.13.1
7f5476e65000-7f5476e66000 rw-p 0003d000 08:02 1445990                    /lib/x86_64-linux-gnu/libpcre.so.3.13.1
7f5476e68000-7f5476e8d000 r-xp 00000000 08:02 1446002                    /lib/x86_64-linux-gnu/libpng12.so.0.50.0
7f5476e8d000-7f547708c000 ---p 00025000 08:02 1446002                    /lib/x86_64-linux-gnu/libpng12.so.0.50.0
7f547708c000-7f547708d000 r--p 00024000 08:02 1446002                    /lib/x86_64-linux-gnu/libpng12.so.0.50.0
7f547708d000-7f547708e000 rw-p 00025000 08:02 1446002                    /lib/x86_64-linux-gnu/libpng12.so.0.50.0
7f5477090000-7f54770d4000 r-xp 00000000 08:02 1444769                    /lib/x86_64-linux-gnu/libdbus-1.so.3.7.6
7f54770d4000-7f54772d3000 ---p 00044000 08:02 1444769                    /lib/x86_64-linux-gnu/libdbus-1.so.3.7.6
7f54772d3000-7f54772d4000 r--p 00043000 08:02 1444769                    /lib/x86_64-linux-gnu/libdbus-1.so.3.7.6
7f54772d4000-7f54772d5000 rw-p 00044000 08:02 1444769                    /lib/x86_64-linux-gnu/libdbus-1.so.3.7.6
7f54772d8000-7f5477313000 r-xp 00000000 08:02 1188762                    /usr/lib/x86_64-linux-gnu/libp11-kit.so.0.0.0
7f5477313000-7f5477512000 ---p 0003b000 08:02 1188762                    /usr/lib/x86_64-linux-gnu/libp11-kit.so.0.0.0
7f5477512000-7f5477518000 r--p 0003a000 08:02 1188762                    /usr/lib/x86_64-linux-gnu/libp11-kit.so.0.0.0
7f5477518000-7f547751a000 rw-p 00040000 08:02 1188762                    /usr/lib/x86_64-linux-gnu/libp11-kit.so.0.0.0
7f5477520000-7f5477532000 r-xp 00000000 08:02 1190002                    /usr/lib/x86_64-linux-gnu/libtasn1.so.6.2.0
7f5477532000-7f5477732000 ---p 00012000 08:02 1190002                    /usr/lib/x86_64-linux-gnu/libtasn1.so.6.2.0
7f5477732000-7f5477733000 r--p 00012000 08:02 1190002                    /usr/lib/x86_64-linux-gnu/libtasn1.so.6.2.0
7f5477733000-7f5477734000 rw-p 00013000 08:02 1190002                    /usr/lib/x86_64-linux-gnu/libtasn1.so.6.2.0
7f5477738000-7f54777b4000 r-xp 00000000 08:02 1443002                    /lib/x86_64-linux-gnu/libgcrypt.so.11.8.2
7f54777b4000-7f54779b4000 ---p 0007c000 08:02 1443002                    /lib/x86_64-linux-gnu/libgcrypt.so.11.8.2
7f54779b4000-7f54779b5000 r--p 0007c000 08:02 1443002                    /lib/x86_64-linux-gnu/libgcrypt.so.11.8.2
7f54779b5000-7f54779b8000 rw-p 0007d000 08:02 1443002                    /lib/x86_64-linux-gnu/libgcrypt.so.11.8.2
7f54779b8000-7f54779c2000 r-xp 00000000 08:02 1185597                    /usr/lib/x86_64-linux-gnu/libkrb5support.so.0.1
7f54779c2000-7f5477bc1000 ---p 0000a000 08:02 1185597                    /usr/lib/x86_64-linux-gnu/libkrb5support.so.0.1
7f5477bc1000-7f5477bc2000 r--p 00009000 08:02 1185597                    /usr/lib/x86_64-linux-gnu/libkrb5support.so.0.1
7f5477bc2000-7f5477bc3000 rw-p 0000a000 08:02 1185597                    /usr/lib/x86_64-linux-gnu/libkrb5support.so.0.1
7f5477bc8000-7f5477bcb000 r-xp 00000000 08:02 1444828                    /lib/x86_64-linux-gnu/libcom_err.so.2.1
7f5477bcb000-7f5477dca000 ---p 00003000 08:02 1444828                    /lib/x86_64-linux-gnu/libcom_err.so.2.1
7f5477dca000-7f5477dcb000 r--p 00002000 08:02 1444828                    /lib/x86_64-linux-gnu/libcom_err.so.2.1
7f5477dcb000-7f5477dcc000 rw-p 00003000 08:02 1444828                    /lib/x86_64-linux-gnu/libcom_err.so.2.1
7f5477dd0000-7f5477dfc000 r-xp 00000000 08:02 1180183                    /usr/lib/x86_64-linux-gnu/libk5crypto.so.3.1
7f5477dfc000-7f5477ffb000 ---p 0002c000 08:02 1180183                    /usr/lib/x86_64-linux-gnu/libk5crypto.so.3.1
7f5477ffb000-7f5477ffd000 r--p 0002b000 08:02 1180183                    /usr/lib/x86_64-linux-gnu/libk5crypto.so.3.1
7f5477ffd000-7f5477ffe000 rw-p 0002d000 08:02 1180183                    /usr/lib/x86_64-linux-gnu/libk5crypto.so.3.1
7f5477ffe000-7f5477fff000 rw-p 00000000 00:00 0 
7f5478000000-7f5478021000 rw-p 00000000 00:00 0 
7f5478021000-7f547c000000 ---p 00000000 00:00 0 
7f547c000000-7f547c5c9000 rw-p 00000000 00:00 0 
7f547c5c9000-7f5480000000 ---p 00000000 00:00 0 
7f5480008000-7f5480024000 r--s 00000000 08:02 2362928                    /usr/share/fonts/type1/gsfonts/p052024l.pfb
7f5480028000-7f5480038000 r--s 00000000 08:02 2362838                    /usr/share/fonts/type1/gsfonts/a010033l.pfb
7f5480038000-7f5480050000 r--s 00000000 08:02 2362865                    /usr/share/fonts/type1/gsfonts/c059036l.pfb
7f5480050000-7f548006b000 r--s 00000000 08:02 2362919                    /usr/share/fonts/type1/gsfonts/p052003l.pfb
7f5480070000-7f5480083000 r--s 00000000 08:02 2362892                    /usr/share/fonts/type1/gsfonts/n019064l.pfb
7f5480088000-7f54800a2000 r--s 00000000 08:02 2362856                    /usr/share/fonts/type1/gsfonts/c059013l.pfb
7f54800a8000-7f54800c1000 r--s 00000000 08:02 2362844                    /usr/share/fonts/type1/gsfonts/b018012l.pfb
7f54800c7000-7f54800f8000 rw-p 00000000 00:00 0 
7f54800f8000-7f54801b4000 r-xp 00000000 08:02 1185595                    /usr/lib/x86_64-linux-gnu/libkrb5.so.3.3
7f54801b4000-7f54803b4000 ---p 000bc000 08:02 1185595                    /usr/lib/x86_64-linux-gnu/libkrb5.so.3.3
7f54803b4000-7f54803c1000 r--p 000bc000 08:02 1185595                    /usr/lib/x86_64-linux-gnu/libkrb5.so.3.3
7f54803c1000-7f54803c3000 rw-p 000c9000 08:02 1185595                    /usr/lib/x86_64-linux-gnu/libkrb5.so.3.3
7f54803c8000-7f54803cd000 r-xp 00000000 08:02 1187928                    /usr/lib/x86_64-linux-gnu/libXdmcp.so.6.0.0
7f54803cd000-7f54805cc000 ---p 00005000 08:02 1187928                    /usr/lib/x86_64-linux-gnu/libXdmcp.so.6.0.0
7f54805cc000-7f54805cd000 r--p 00004000 08:02 1187928                    /usr/lib/x86_64-linux-gnu/libXdmcp.so.6.0.0
7f54805cd000-7f54805ce000 rw-p 00005000 08:02 1187928                    /usr/lib/x86_64-linux-gnu/libXdmcp.so.6.0.0
7f54805d0000-7f54805d2000 r-xp 00000000 08:02 1187917                    /usr/lib/x86_64-linux-gnu/libXau.so.6.0.0
7f54805d2000-7f54807d2000 ---p 00002000 08:02 1187917                    /usr/lib/x86_64-linux-gnu/libXau.so.6.0.0
7f54807d2000-7f54807d3000 r--p 00002000 08:02 1187917                    /usr/lib/x86_64-linux-gnu/libXau.so.6.0.0
7f54807d3000-7f54807d4000 rw-p 00003000 08:02 1187917                    /usr/lib/x86_64-linux-gnu/libXau.so.6.0.0
7f54807d8000-7f54807df000 r-xp 00000000 08:02 1188226                    /usr/lib/x86_64-linux-gnu/libffi.so.6.0.1
7f54807df000-7f54809de000 ---p 00007000 08:02 1188226                    /usr/lib/x86_64-linux-gnu/libffi.so.6.0.1
7f54809de000-7f54809df000 r--p 00006000 08:02 1188226                    /usr/lib/x86_64-linux-gnu/libffi.so.6.0.1
7f54809df000-7f54809e0000 rw-p 00007000 08:02 1188226                    /usr/lib/x86_64-linux-gnu/libffi.so.6.0.1
7f54809e0000-7f54809f7000 r-xp 00000000 08:02 1441817                    /lib/x86_64-linux-gnu/libresolv-2.19.so
7f54809f7000-7f5480bf7000 ---p 00017000 08:02 1441817                    /lib/x86_64-linux-gnu/libresolv-2.19.so
7f5480bf7000-7f5480bf8000 r--p 00017000 08:02 1441817                    /lib/x86_64-linux-gnu/libresolv-2.19.so
7f5480bf8000-7f5480bf9000 rw-p 00018000 08:02 1441817                    /lib/x86_64-linux-gnu/libresolv-2.19.so
7f5480bf9000-7f5480bfb000 rw-p 00000000 00:00 0 
7f5480c00000-7f5480c20000 r-xp 00000000 08:02 1441806                    /lib/x86_64-linux-gnu/libselinux.so.1
7f5480c20000-7f5480e1f000 ---p 00020000 08:02 1441806                    /lib/x86_64-linux-gnu/libselinux.so.1
7f5480e1f000-7f5480e20000 r--p 0001f000 08:02 1441806                    /lib/x86_64-linux-gnu/libselinux.so.1
7f5480e20000-7f5480e21000 rw-p 00020000 08:02 1441806                    /lib/x86_64-linux-gnu/libselinux.so.1
7f5480e21000-7f5480e23000 rw-p 00000000 00:00 0 
7f5480e28000-7f5480f2e000 r-xp 00000000 08:02 1443043                    /lib/x86_64-linux-gnu/libglib-2.0.so.0.4002.0
7f5480f2e000-7f548112d000 ---p 00106000 08:02 1443043                    /lib/x86_64-linux-gnu/libglib-2.0.so.0.4002.0
7f548112d000-7f548112e000 r--p 00105000 08:02 1443043                    /lib/x86_64-linux-gnu/libglib-2.0.so.0.4002.0
7f548112e000-7f548112f000 rw-p 00106000 08:02 1443043                    /lib/x86_64-linux-gnu/libglib-2.0.so.0.4002.0
7f548112f000-7f5481130000 rw-p 00000000 00:00 0 
7f5481130000-7f5481133000 r-xp 00000000 08:02 1181655                    /usr/lib/x86_64-linux-gnu/libgmodule-2.0.so.0.4002.0
7f5481133000-7f5481332000 ---p 00003000 08:02 1181655                    /usr/lib/x86_64-linux-gnu/libgmodule-2.0.so.0.4002.0
7f5481332000-7f5481333000 r--p 00002000 08:02 1181655                    /usr/lib/x86_64-linux-gnu/libgmodule-2.0.so.0.4002.0
7f5481333000-7f5481334000 rw-p 00003000 08:02 1181655                    /usr/lib/x86_64-linux-gnu/libgmodule-2.0.so.0.4002.0
7f5481338000-7f548135f000 r-xp 00000000 08:02 1445908                    /lib/x86_64-linux-gnu/libexpat.so.1.6.0
7f548135f000-7f548155f000 ---p 00027000 08:02 1445908                    /lib/x86_64-linux-gnu/libexpat.so.1.6.0
7f548155f000-7f5481561000 r--p 00027000 08:02 1445908                    /lib/x86_64-linux-gnu/libexpat.so.1.6.0
7f5481561000-7f5481562000 rw-p 00029000 08:02 1445908                    /lib/x86_64-linux-gnu/libexpat.so.1.6.0
7f5481568000-7f5481605000 r-xp 00000000 08:02 1180395                    /usr/lib/x86_64-linux-gnu/libfreetype.so.6.11.1
7f5481605000-7f5481804000 ---p 0009d000 08:02 1180395                    /usr/lib/x86_64-linux-gnu/libfreetype.so.6.11.1
7f5481804000-7f548180a000 r--p 0009c000 08:02 1180395                    /usr/lib/x86_64-linux-gnu/libfreetype.so.6.11.1
7f548180a000-7f548180b000 rw-p 000a2000 08:02 1180395                    /usr/lib/x86_64-linux-gnu/libfreetype.so.6.11.1
7f5481810000-7f548181f000 r-xp 00000000 08:02 1188021                    /usr/lib/x86_64-linux-gnu/libavahi-client.so.3.2.9
7f548181f000-7f5481a1f000 ---p 0000f000 08:02 1188021                    /usr/lib/x86_64-linux-gnu/libavahi-client.so.3.2.9
7f5481a1f000-7f5481a20000 r--p 0000f000 08:02 1188021                    /usr/lib/x86_64-linux-gnu/libavahi-client.so.3.2.9
7f5481a20000-7f5481a21000 rw-p 00010000 08:02 1188021                    /usr/lib/x86_64-linux-gnu/libavahi-client.so.3.2.9
7f5481a28000-7f5481a33000 r-xp 00000000 08:02 1188023                    /usr/lib/x86_64-linux-gnu/libavahi-common.so.3.5.3
7f5481a33000-7f5481c32000 ---p 0000b000 08:02 1188023                    /usr/lib/x86_64-linux-gnu/libavahi-common.so.3.5.3
7f5481c32000-7f5481c33000 r--p 0000a000 08:02 1188023                    /usr/lib/x86_64-linux-gnu/libavahi-common.so.3.5.3
7f5481c33000-7f5481c34000 rw-p 0000b000 08:02 1188023                    /usr/lib/x86_64-linux-gnu/libavahi-common.so.3.5.3
7f5481c38000-7f5481cee000 r-xp 00000000 08:02 1183583                    /usr/lib/x86_64-linux-gnu/libgnutls.so.26.22.6
7f5481cee000-7f5481eee000 ---p 000b6000 08:02 1183583                    /usr/lib/x86_64-linux-gnu/libgnutls.so.26.22.6
7f5481eee000-7f5481ef4000 r--p 000b6000 08:02 1183583                    /usr/lib/x86_64-linux-gnu/libgnutls.so.26.22.6
7f5481ef4000-7f5481ef5000 rw-p 000bc000 08:02 1183583                    /usr/lib/x86_64-linux-gnu/libgnutls.so.26.22.6
7f5481ef5000-7f5481ef6000 rw-p 00000000 00:00 0 
7f5481ef8000-7f5481f3b000 r-xp 00000000 08:02 1182323                    /usr/lib/x86_64-linux-gnu/libgssapi_krb5.so.2.2
7f5481f3b000-7f548213b000 ---p 00043000 08:02 1182323                    /usr/lib/x86_64-linux-gnu/libgssapi_krb5.so.2.2
7f548213b000-7f548213c000 r--p 00043000 08:02 1182323                    /usr/lib/x86_64-linux-gnu/libgssapi_krb5.so.2.2
7f548213c000-7f548213e000 rw-p 00044000 08:02 1182323                    /usr/lib/x86_64-linux-gnu/libgssapi_krb5.so.2.2
7f5482140000-7f548215d000 r-xp 00000000 08:02 1189092                    /usr/lib/x86_64-linux-gnu/libxcb.so.1.1.0
7f548215d000-7f548235d000 ---p 0001d000 08:02 1189092                    /usr/lib/x86_64-linux-gnu/libxcb.so.1.1.0
7f548235d000-7f548235e000 r--p 0001d000 08:02 1189092                    /usr/lib/x86_64-linux-gnu/libxcb.so.1.1.0
7f548235e000-7f548235f000 rw-p 0001e000 08:02 1189092                    /usr/lib/x86_64-linux-gnu/libxcb.so.1.1.0
7f5482360000-7f54823af000 r-xp 00000000 08:02 1181657                    /usr/lib/x86_64-linux-gnu/libgobject-2.0.so.0.4002.0
7f54823af000-7f54825af000 ---p 0004f000 08:02 1181657                    /usr/lib/x86_64-linux-gnu/libgobject-2.0.so.0.4002.0
7f54825af000-7f54825b0000 r--p 0004f000 08:02 1181657                    /usr/lib/x86_64-linux-gnu/libgobject-2.0.so.0.4002.0
7f54825b0000-7f54825b1000 rw-p 00050000 08:02 1181657                    /usr/lib/x86_64-linux-gnu/libgobject-2.0.so.0.4002.0
7f54825b8000-7f5482724000 r-xp 00000000 08:02 1181661                    /usr/lib/x86_64-linux-gnu/libgio-2.0.so.0.4002.0
7f5482724000-7f5482923000 ---p 0016c000 08:02 1181661                    /usr/lib/x86_64-linux-gnu/libgio-2.0.so.0.4002.0
7f5482923000-7f5482927000 r--p 0016b000 08:02 1181661                    /usr/lib/x86_64-linux-gnu/libgio-2.0.so.0.4002.0
7f5482927000-7f5482929000 rw-p 0016f000 08:02 1181661                    /usr/lib/x86_64-linux-gnu/libgio-2.0.so.0.4002.0
7f5482929000-7f548292b000 rw-p 00000000 00:00 0 
7f5482930000-7f548296a000 r-xp 00000000 08:02 1196543                    /usr/lib/x86_64-linux-gnu/libfontconfig.so.1.8.0
7f548296a000-7f5482b69000 ---p 0003a000 08:02 1196543                    /usr/lib/x86_64-linux-gnu/libfontconfig.so.1.8.0
7f5482b69000-7f5482b6b000 r--p 00039000 08:02 1196543                    /usr/lib/x86_64-linux-gnu/libfontconfig.so.1.8.0
7f5482b6b000-7f5482b6c000 rw-p 0003b000 08:02 1196543                    /usr/lib/x86_64-linux-gnu/libfontconfig.so.1.8.0
7f5482b70000-7f5482bdc000 r-xp 00000000 08:02 1180391                    /usr/lib/x86_64-linux-gnu/libcups.so.2
7f5482bdc000-7f5482ddc000 ---p 0006c000 08:02 1180391                    /usr/lib/x86_64-linux-gnu/libcups.so.2
7f5482ddc000-7f5482de3000 r--p 0006c000 08:02 1180391                    /usr/lib/x86_64-linux-gnu/libcups.so.2
7f5482de3000-7f5482de4000 rw-p 00073000 08:02 1180391                    /usr/lib/x86_64-linux-gnu/libcups.so.2
7f5482de8000-7f5482df7000 r-xp 00000000 08:02 1188440                    /usr/lib/x86_64-linux-gnu/libXi.so.6.1.0
7f5482df7000-7f5482ff6000 ---p 0000f000 08:02 1188440                    /usr/lib/x86_64-linux-gnu/libXi.so.6.1.0
7f5482ff6000-7f5482ff7000 r--p 0000e000 08:02 1188440                    /usr/lib/x86_64-linux-gnu/libXi.so.6.1.0
7f5482ff7000-7f5482ff8000 rw-p 0000f000 08:02 1188440                    /usr/lib/x86_64-linux-gnu/libXi.so.6.1.0
7f5482ff8000-7f5482ffd000 r-xp 00000000 08:02 1187956                    /usr/lib/x86_64-linux-gnu/libXtst.so.6.1.0
7f5482ffd000-7f54831fc000 ---p 00005000 08:02 1187956                    /usr/lib/x86_64-linux-gnu/libXtst.so.6.1.0
7f54831fc000-7f54831fd000 r--p 00004000 08:02 1187956                    /usr/lib/x86_64-linux-gnu/libXtst.so.6.1.0
7f54831fd000-7f54831fe000 rw-p 00005000 08:02 1187956                    /usr/lib/x86_64-linux-gnu/libXtst.so.6.1.0
7f5483200000-7f5483209000 r-xp 00000000 08:02 1190129                    /usr/lib/x86_64-linux-gnu/libXrender.so.1.3.0
7f5483209000-7f5483408000 ---p 00009000 08:02 1190129                    /usr/lib/x86_64-linux-gnu/libXrender.so.1.3.0
7f5483408000-7f5483409000 r--p 00008000 08:02 1190129                    /usr/lib/x86_64-linux-gnu/libXrender.so.1.3.0
7f5483409000-7f548340a000 rw-p 00009000 08:02 1190129                    /usr/lib/x86_64-linux-gnu/libXrender.so.1.3.0
7f5483410000-7f5483540000 r-xp 00000000 08:02 1187913                    /usr/lib/x86_64-linux-gnu/libX11.so.6.3.0
7f5483540000-7f5483740000 ---p 00130000 08:02 1187913                    /usr/lib/x86_64-linux-gnu/libX11.so.6.3.0
7f5483740000-7f5483741000 r--p 00130000 08:02 1187913                    /usr/lib/x86_64-linux-gnu/libX11.so.6.3.0
7f5483741000-7f5483745000 rw-p 00131000 08:02 1187913                    /usr/lib/x86_64-linux-gnu/libX11.so.6.3.0
7f5483748000-7f5483759000 r-xp 00000000 08:02 1190118                    /usr/lib/x86_64-linux-gnu/libXext.so.6.4.0
7f5483759000-7f5483958000 ---p 00011000 08:02 1190118                    /usr/lib/x86_64-linux-gnu/libXext.so.6.4.0
7f5483958000-7f5483959000 r--p 00010000 08:02 1190118                    /usr/lib/x86_64-linux-gnu/libXext.so.6.4.0
7f5483959000-7f548395a000 rw-p 00011000 08:02 1190118                    /usr/lib/x86_64-linux-gnu/libXext.so.6.4.0
7f5483960000-7f5483964000 r--s 00000000 08:02 2756952                    /var/cache/fontconfig/7ef2298fde41cc6eeb7af42e48b7d293-le64.cache-4
7f5483965000-7f548396a000 r--s 0004d000 08:02 1310924                    /usr/lib/jvm/java-7-openjdk-amd64/jre/lib/jsse.jar
7f5483970000-7f5483980000 r--s 00000000 08:02 2362835                    /usr/share/fonts/type1/gsfonts/a010015l.pfb
7f5483980000-7f54839c8000 r-xp 00000000 08:02 1311229                    /usr/lib/jvm/java-7-openjdk-amd64/jre/lib/amd64/xawt/libmawt.so
7f54839c8000-7f5483bc7000 ---p 00048000 08:02 1311229                    /usr/lib/jvm/java-7-openjdk-amd64/jre/lib/amd64/xawt/libmawt.so
7f5483bc7000-7f5483bc8000 r--p 00047000 08:02 1311229                    /usr/lib/jvm/java-7-openjdk-amd64/jre/lib/amd64/xawt/libmawt.so
7f5483bc8000-7f5483bcb000 rw-p 00048000 08:02 1311229                    /usr/lib/jvm/java-7-openjdk-amd64/jre/lib/amd64/xawt/libmawt.so
7f5483bcb000-7f5483bcc000 rw-p 00000000 00:00 0 
7f5483bd0000-7f5483c70000 r-xp 00000000 08:02 1317752                    /usr/lib/jvm/java-7-openjdk-amd64/jre/lib/amd64/libawt.so
7f5483c70000-7f5483e70000 ---p 000a0000 08:02 1317752                    /usr/lib/jvm/java-7-openjdk-amd64/jre/lib/amd64/libawt.so
7f5483e70000-7f5483e71000 r--p 000a0000 08:02 1317752                    /usr/lib/jvm/java-7-openjdk-amd64/jre/lib/amd64/libawt.so
7f5483e71000-7f5483e7c000 rw-p 000a1000 08:02 1317752                    /usr/lib/jvm/java-7-openjdk-amd64/jre/lib/amd64/libawt.so
7f5483e7c000-7f5483ea1000 rw-p 00000000 00:00 0 
7f5483ea3000-7f5483ea5000 r--s 0000b000 08:02 2105256                    /home/xrousakis/.m2/repository/com/github/tulskiy/jkeymaster/1.1/jkeymaster-1.1.jar
7f5483ea9000-7f5483eab000 r--s 00029000 08:02 2244940                    /home/xrousakis/.m2/repository/org/bytedeco/javacpp-presets/artoolkitplus/2.3.0-0.8/artoolkitplus-2.3.0-0.8-linux-x86_64.jar
7f5483eb0000-7f5483eb7000 r--s 00000000 08:02 1713734                    /usr/lib/x86_64-linux-gnu/gconv/gconv-modules.cache
7f5483ebe000-7f5483ec8000 r--s 000ae000 08:02 1310920                    /usr/lib/jvm/java-7-openjdk-amd64/jre/lib/resources.jar
7f5483ece000-7f5483ed2000 r--s 000a6000 08:02 2901832                    /home/xrousakis/.m2/repository/net/java/dev/jna/jna/3.5.1/jna-3.5.1.jar
7f5483ed8000-7f5483ed9000 r--s 00000000 08:02 2244936                    /home/xrousakis/.m2/repository/org/bytedeco/javacpp-presets/videoinput/0.200-0.8/videoinput-0.200-0.8-linux-x86_64.jar
7f5483eda000-7f5483edc000 r--s 00012000 08:02 2244934                    /home/xrousakis/.m2/repository/org/bytedeco/javacpp-presets/libfreenect/0.4-0.8/libfreenect-0.4-0.8-linux-x86_64.jar
7f5483edf000-7f5483ee0000 r--s 00027000 08:02 2244931                    /home/xrousakis/.m2/repository/org/bytedeco/javacpp-presets/libdc1394/2.2.2-0.8/libdc1394-2.2.2-0.8-linux-x86_64.jar
7f5483ee0000-7f5483ee1000 r--s 00000000 08:02 2244929                    /home/xrousakis/.m2/repository/org/bytedeco/javacpp-presets/flycapture/1.7.17-0.8/flycapture-1.7.17-0.8-linux-x86_64.jar
7f5483ee7000-7f5483ee9000 r--s 0061f000 08:02 2244944                    /home/xrousakis/.m2/repository/org/bytedeco/javacpp-presets/ffmpeg/2.2.1-0.8/ffmpeg-2.2.1-0.8-linux-x86_64.jar
7f5483eed000-7f5483eef000 r--s 00785000 08:02 2244956                    /home/xrousakis/.m2/repository/org/bytedeco/javacpp-presets/opencv/2.4.9-0.8/opencv-2.4.9-0.8-linux-x86_64.jar
7f5483ef5000-7f5483ef6000 r--s 00005000 08:02 2244924                    /home/xrousakis/.m2/repository/org/bytedeco/javacpp-presets/artoolkitplus/2.3.0-0.8/artoolkitplus-2.3.0-0.8.jar
7f5483efb000-7f5483efc000 r--s 00003000 08:02 2244923                    /home/xrousakis/.m2/repository/org/bytedeco/javacpp-presets/videoinput/0.200-0.8/videoinput-0.200-0.8.jar
7f5483efc000-7f5483efe000 r--s 00004000 08:02 2244920                    /home/xrousakis/.m2/repository/org/bytedeco/javacpp-presets/libfreenect/0.4-0.8/libfreenect-0.4-0.8.jar
7f5483eff000-7f5483f00000 ---p 00000000 00:00 0 
7f5483f00000-7f5484000000 rw-p 00000000 00:00 0                          [stack:9855]
7f5484000000-7f5484021000 rw-p 00000000 00:00 0 
7f5484021000-7f5488000000 ---p 00000000 00:00 0 
7f5488000000-7f5488785000 rw-p 00000000 00:00 0 
7f5488785000-7f548c000000 ---p 00000000 00:00 0 
7f548c000000-7f548c021000 rw-p 00000000 00:00 0 
7f548c021000-7f5490000000 ---p 00000000 00:00 0 
7f5490000000-7f5490021000 rw-p 00000000 00:00 0 
7f5490021000-7f5494000000 ---p 00000000 00:00 0 
7f5494000000-7f5494021000 rw-p 00000000 00:00 0 
7f5494021000-7f5498000000 ---p 00000000 00:00 0 
7f5498000000-7f5498081000 rw-p 00000000 00:00 0 
7f5498081000-7f549c000000 ---p 00000000 00:00 0 
7f549c000000-7f549c021000 rw-p 00000000 00:00 0 
7f549c021000-7f54a0000000 ---p 00000000 00:00 0 
7f54a0006000-7f54a0008000 r--s 00006000 08:02 2244916                    /home/xrousakis/.m2/repository/org/bytedeco/javacpp-presets/libdc1394/2.2.2-0.8/libdc1394-2.2.2-0.8.jar
7f54a000e000-7f54a0014000 r--s 0002e000 08:02 2244912                    /home/xrousakis/.m2/repository/org/bytedeco/javacpp-presets/ffmpeg/2.2.1-0.8/ffmpeg-2.2.1-0.8.jar
7f54a001a000-7f54a002c000 r--s 000b2000 08:02 2244913                    /home/xrousakis/.m2/repository/org/bytedeco/javacpp-presets/opencv/2.4.9-0.8/opencv-2.4.9-0.8.jar
7f54a0032000-7f54a0036000 r--s 0002a000 08:02 2244914                    /home/xrousakis/.m2/repository/org/bytedeco/javacpp/0.8/javacpp-0.8.jar
7f54a003c000-7f54a0041000 r--s 0004c000 08:02 2244918                    /home/xrousakis/.m2/repository/org/bytedeco/javacv/0.8/javacv-0.8.jar
7f54a0044000-7f54a0047000 ---p 00000000 00:00 0 
7f54a0047000-7f54a0145000 rw-p 00000000 00:00 0                          [stack:9854]
7f54a0145000-7f54a0148000 ---p 00000000 00:00 0 
7f54a0148000-7f54a0246000 rw-p 00000000 00:00 0                          [stack:9853]
7f54a0246000-7f54a0249000 ---p 00000000 00:00 0 
7f54a0249000-7f54a0347000 rw-p 00000000 00:00 0                          [stack:9852]
7f54a0347000-7f54a034a000 ---p 00000000 00:00 0 
7f54a034a000-7f54a0448000 rw-p 00000000 00:00 0                          [stack:9851]
7f54a0448000-7f54a0712000 r--p 00000000 08:02 1186322                    /usr/lib/locale/locale-archive
7f54a0714000-7f54a0717000 ---p 00000000 00:00 0 
7f54a0717000-7f54a0815000 rw-p 00000000 00:00 0                          [stack:9850]
7f54a0815000-7f54a0818000 ---p 00000000 00:00 0 
7f54a0818000-7f54a0916000 rw-p 00000000 00:00 0                          [stack:9849]
7f54a0916000-7f54a0917000 ---p 00000000 00:00 0 
7f54a0917000-7f54a5000000 rw-p 00000000 00:00 0                          [stack:9848]
7f54a5000000-7f54a5270000 rwxp 00000000 00:00 0 
7f54a5270000-7f54a84db000 rw-p 00000000 00:00 0 
7f54a84db000-7f54ac000000 ---p 00000000 00:00 0 
7f54ac004000-7f54ac006000 r--s 00004000 08:02 2244911                    /home/xrousakis/.m2/repository/org/bytedeco/javacpp-presets/flycapture/1.7.17-0.8/flycapture-1.7.17-0.8.jar
7f54ac00a000-7f54ac00b000 r--s 00002000 08:02 1310936                    /usr/lib/jvm/java-7-openjdk-amd64/jre/lib/ext/dnsns.jar
7f54ac00d000-7f54ac011000 r--s 00085000 08:02 1310935                    /usr/lib/jvm/java-7-openjdk-amd64/jre/lib/ext/localedata.jar
7f54ac017000-7f54ac01a000 r--s 0000f000 08:02 1310939                    /usr/lib/jvm/java-7-openjdk-amd64/jre/lib/ext/icedtea-sound.jar
7f54ac01c000-7f54ac020000 r--s 0003c000 08:02 1310938                    /usr/lib/jvm/java-7-openjdk-amd64/jre/lib/ext/sunpkcs11.jar
7f54ac026000-7f54ac028000 r--s 00006000 08:02 1842397                    /usr/share/java/java-atk-wrapper.jar
7f54ac02c000-7f54ac030000 r--s 00034000 08:02 1310937                    /usr/lib/jvm/java-7-openjdk-amd64/jre/lib/ext/sunjce_provider.jar
7f54ac032000-7f54ac034000 r--s 00012000 08:02 1310942                    /usr/lib/jvm/java-7-openjdk-amd64/jre/lib/ext/zipfs.jar
7f54ac035000-7f54ac0e1000 rw-p 00000000 00:00 0 
7f54ac0e1000-7f54ac292000 r--s 01d29000 08:02 1310916                    /usr/lib/jvm/java-7-openjdk-amd64/jre/lib/rt.jar
7f54ac293000-7f54ac75a000 rw-p 00000000 00:00 0 
7f54ac75a000-7f54ac75b000 ---p 00000000 00:00 0 
7f54ac75b000-7f54ac85b000 rw-p 00000000 00:00 0                          [stack:9847]
7f54ac85b000-7f54ac85c000 ---p 00000000 00:00 0 
7f54ac85c000-7f54ac967000 rw-p 00000000 00:00 0                          [stack:9846]
7f54ac967000-7f54ac9af000 rw-p 00000000 00:00 0 
7f54ac9af000-7f54ac9d4000 rw-p 00000000 00:00 0 
7f54ac9d4000-7f54acc01000 rw-p 00000000 00:00 0 
7f54acc01000-7f54acc0c000 rw-p 00000000 00:00 0 
7f54acc0c000-7f54acc54000 rw-p 00000000 00:00 0 
7f54acc54000-7f54acc79000 rw-p 00000000 00:00 0 
7f54acc79000-7f54acea6000 rw-p 00000000 00:00 0 
7f54acea6000-7f54aceb9000 rw-p 00000000 00:00 0 
7f54aceb9000-7f54acfcf000 rw-p 00000000 00:00 0 
7f54acfcf000-7f54acfd0000 rw-p 00000000 00:00 0 
7f54acfd0000-7f54acfd8000 r-xp 00000000 08:02 1310955                    /usr/lib/jvm/java-7-openjdk-amd64/jre/lib/amd64/libzip.so
7f54acfd8000-7f54ad1d7000 ---p 00008000 08:02 1310955                    /usr/lib/jvm/java-7-openjdk-amd64/jre/lib/amd64/libzip.so
7f54ad1d7000-7f54ad1d8000 r--p 00007000 08:02 1310955                    /usr/lib/jvm/java-7-openjdk-amd64/jre/lib/amd64/libzip.so
7f54ad1d8000-7f54ad1d9000 rw-p 00008000 08:02 1310955                    /usr/lib/jvm/java-7-openjdk-amd64/jre/lib/amd64/libzip.so
7f54ad1e0000-7f54ad1eb000 r-xp 00000000 08:02 1444608                    /lib/x86_64-linux-gnu/libnss_files-2.19.so
7f54ad1eb000-7f54ad3ea000 ---p 0000b000 08:02 1444608                    /lib/x86_64-linux-gnu/libnss_files-2.19.so
7f54ad3ea000-7f54ad3eb000 r--p 0000a000 08:02 1444608                    /lib/x86_64-linux-gnu/libnss_files-2.19.so
7f54ad3eb000-7f54ad3ec000 rw-p 0000b000 08:02 1444608                    /lib/x86_64-linux-gnu/libnss_files-2.19.so
7f54ad3f0000-7f54ad3fb000 r-xp 00000000 08:02 1444820                    /lib/x86_64-linux-gnu/libnss_nis-2.19.so
7f54ad3fb000-7f54ad5fa000 ---p 0000b000 08:02 1444820                    /lib/x86_64-linux-gnu/libnss_nis-2.19.so
7f54ad5fa000-7f54ad5fb000 r--p 0000a000 08:02 1444820                    /lib/x86_64-linux-gnu/libnss_nis-2.19.so
7f54ad5fb000-7f54ad5fc000 rw-p 0000b000 08:02 1444820                    /lib/x86_64-linux-gnu/libnss_nis-2.19.so
7f54ad600000-7f54ad617000 r-xp 00000000 08:02 1444807                    /lib/x86_64-linux-gnu/libnsl-2.19.so
7f54ad617000-7f54ad816000 ---p 00017000 08:02 1444807                    /lib/x86_64-linux-gnu/libnsl-2.19.so
7f54ad816000-7f54ad817000 r--p 00016000 08:02 1444807                    /lib/x86_64-linux-gnu/libnsl-2.19.so
7f54ad817000-7f54ad818000 rw-p 00017000 08:02 1444807                    /lib/x86_64-linux-gnu/libnsl-2.19.so
7f54ad818000-7f54ad81a000 rw-p 00000000 00:00 0 
7f54ad820000-7f54ad829000 r-xp 00000000 08:02 1444806                    /lib/x86_64-linux-gnu/libnss_compat-2.19.so
7f54ad829000-7f54ada28000 ---p 00009000 08:02 1444806                    /lib/x86_64-linux-gnu/libnss_compat-2.19.so
7f54ada28000-7f54ada29000 r--p 00008000 08:02 1444806                    /lib/x86_64-linux-gnu/libnss_compat-2.19.so
7f54ada29000-7f54ada2a000 rw-p 00009000 08:02 1444806                    /lib/x86_64-linux-gnu/libnss_compat-2.19.so
7f54ada30000-7f54ada5b000 r-xp 00000000 08:02 1317774                    /usr/lib/jvm/java-7-openjdk-amd64/jre/lib/amd64/libjava.so
7f54ada5b000-7f54adc5a000 ---p 0002b000 08:02 1317774                    /usr/lib/jvm/java-7-openjdk-amd64/jre/lib/amd64/libjava.so
7f54adc5a000-7f54adc5b000 r--p 0002a000 08:02 1317774                    /usr/lib/jvm/java-7-openjdk-amd64/jre/lib/amd64/libjava.so
7f54adc5b000-7f54adc5d000 rw-p 0002b000 08:02 1317774                    /usr/lib/jvm/java-7-openjdk-amd64/jre/lib/amd64/libjava.so
7f54adc60000-7f54adc70000 r-xp 00000000 08:02 1317755                    /usr/lib/jvm/java-7-openjdk-amd64/jre/lib/amd64/libverify.so
7f54adc70000-7f54ade6f000 ---p 00010000 08:02 1317755                    /usr/lib/jvm/java-7-openjdk-amd64/jre/lib/amd64/libverify.so
7f54ade6f000-7f54ade71000 r--p 0000f000 08:02 1317755                    /usr/lib/jvm/java-7-openjdk-amd64/jre/lib/amd64/libverify.so
7f54ade71000-7f54ade72000 rw-p 00011000 08:02 1317755                    /usr/lib/jvm/java-7-openjdk-amd64/jre/lib/amd64/libverify.so
7f54ade78000-7f54ade7f000 r-xp 00000000 08:02 1444817                    /lib/x86_64-linux-gnu/librt-2.19.so
7f54ade7f000-7f54ae07e000 ---p 00007000 08:02 1444817                    /lib/x86_64-linux-gnu/librt-2.19.so
7f54ae07e000-7f54ae07f000 r--p 00006000 08:02 1444817                    /lib/x86_64-linux-gnu/librt-2.19.so
7f54ae07f000-7f54ae080000 rw-p 00007000 08:02 1444817                    /lib/x86_64-linux-gnu/librt-2.19.so
7f54ae080000-7f54ae096000 r-xp 00000000 08:02 1441904                    /lib/x86_64-linux-gnu/libgcc_s.so.1
7f54ae096000-7f54ae295000 ---p 00016000 08:02 1441904                    /lib/x86_64-linux-gnu/libgcc_s.so.1
7f54ae295000-7f54ae296000 rw-p 00015000 08:02 1441904                    /lib/x86_64-linux-gnu/libgcc_s.so.1
7f54ae298000-7f54ae39d000 r-xp 00000000 08:02 1443041                    /lib/x86_64-linux-gnu/libm-2.19.so
7f54ae39d000-7f54ae59c000 ---p 00105000 08:02 1443041                    /lib/x86_64-linux-gnu/libm-2.19.so
7f54ae59c000-7f54ae59d000 r--p 00104000 08:02 1443041                    /lib/x86_64-linux-gnu/libm-2.19.so
7f54ae59d000-7f54ae59e000 rw-p 00105000 08:02 1443041                    /lib/x86_64-linux-gnu/libm-2.19.so
7f54ae5a0000-7f54ae686000 r-xp 00000000 08:02 1188933                    /usr/lib/x86_64-linux-gnu/libstdc++.so.6.0.19
7f54ae686000-7f54ae885000 ---p 000e6000 08:02 1188933                    /usr/lib/x86_64-linux-gnu/libstdc++.so.6.0.19
7f54ae885000-7f54ae88d000 r--p 000e5000 08:02 1188933                    /usr/lib/x86_64-linux-gnu/libstdc++.so.6.0.19
7f54ae88d000-7f54ae88f000 rw-p 000ed000 08:02 1188933                    /usr/lib/x86_64-linux-gnu/libstdc++.so.6.0.19
7f54ae88f000-7f54ae8a4000 rw-p 00000000 00:00 0 
7f54ae8a8000-7f54af3c1000 r-xp 00000000 08:02 1317743                    /usr/lib/jvm/java-7-openjdk-amd64/jre/lib/amd64/server/libjvm.so
7f54af3c1000-7f54af5c1000 ---p 00b19000 08:02 1317743                    /usr/lib/jvm/java-7-openjdk-amd64/jre/lib/amd64/server/libjvm.so
7f54af5c1000-7f54af65b000 r--p 00b19000 08:02 1317743                    /usr/lib/jvm/java-7-openjdk-amd64/jre/lib/amd64/server/libjvm.so
7f54af65b000-7f54af67e000 rw-p 00bb3000 08:02 1317743                    /usr/lib/jvm/java-7-openjdk-amd64/jre/lib/amd64/server/libjvm.so
7f54af67e000-7f54af6ac000 rw-p 00000000 00:00 0 
7f54af6b0000-7f54af6c8000 r-xp 00000000 08:02 1446050                    /lib/x86_64-linux-gnu/libz.so.1.2.8
7f54af6c8000-7f54af8c7000 ---p 00018000 08:02 1446050                    /lib/x86_64-linux-gnu/libz.so.1.2.8
7f54af8c7000-7f54af8c8000 r--p 00017000 08:02 1446050                    /lib/x86_64-linux-gnu/libz.so.1.2.8
7f54af8c8000-7f54af8c9000 rw-p 00018000 08:02 1446050                    /lib/x86_64-linux-gnu/libz.so.1.2.8
7f54af8d0000-7f54af8e9000 r-xp 00000000 08:02 1444815                    /lib/x86_64-linux-gnu/libpthread-2.19.so
7f54af8e9000-7f54afae8000 ---p 00019000 08:02 1444815                    /lib/x86_64-linux-gnu/libpthread-2.19.so
7f54afae8000-7f54afae9000 r--p 00018000 08:02 1444815                    /lib/x86_64-linux-gnu/libpthread-2.19.so
7f54afae9000-7f54afaea000 rw-p 00019000 08:02 1444815                    /lib/x86_64-linux-gnu/libpthread-2.19.so
7f54afaea000-7f54afaee000 rw-p 00000000 00:00 0 
7f54afaf0000-7f54afaf3000 r-xp 00000000 08:02 1444799                    /lib/x86_64-linux-gnu/libdl-2.19.so
7f54afaf3000-7f54afcf2000 ---p 00003000 08:02 1444799                    /lib/x86_64-linux-gnu/libdl-2.19.so
7f54afcf2000-7f54afcf3000 r--p 00002000 08:02 1444799                    /lib/x86_64-linux-gnu/libdl-2.19.so
7f54afcf3000-7f54afcf4000 rw-p 00003000 08:02 1444799                    /lib/x86_64-linux-gnu/libdl-2.19.so
7f54afcf8000-7f54afeb3000 r-xp 00000000 08:02 1444814                    /lib/x86_64-linux-gnu/libc-2.19.so
7f54afeb3000-7f54b00b2000 ---p 001bb000 08:02 1444814                    /lib/x86_64-linux-gnu/libc-2.19.so
7f54b00b2000-7f54b00b6000 r--p 001ba000 08:02 1444814                    /lib/x86_64-linux-gnu/libc-2.19.so
7f54b00b6000-7f54b00b8000 rw-p 001be000 08:02 1444814                    /lib/x86_64-linux-gnu/libc-2.19.so
7f54b00b8000-7f54b00bd000 rw-p 00000000 00:00 0 
7f54b00c0000-7f54b00cd000 r-xp 00000000 08:02 1317741                    /usr/lib/jvm/java-7-openjdk-amd64/jre/lib/amd64/jli/libjli.so
7f54b00cd000-7f54b02cc000 ---p 0000d000 08:02 1317741                    /usr/lib/jvm/java-7-openjdk-amd64/jre/lib/amd64/jli/libjli.so
7f54b02cc000-7f54b02cd000 r--p 0000c000 08:02 1317741                    /usr/lib/jvm/java-7-openjdk-amd64/jre/lib/amd64/jli/libjli.so
7f54b02cd000-7f54b02ce000 rw-p 0000d000 08:02 1317741                    /usr/lib/jvm/java-7-openjdk-amd64/jre/lib/amd64/jli/libjli.so
7f54b02d0000-7f54b02f3000 r-xp 00000000 08:02 1444811                    /lib/x86_64-linux-gnu/ld-2.19.so
7f54b02f9000-7f54b032a000 rw-p 00000000 00:00 0 
7f54b032a000-7f54b03e0000 rw-p 00000000 00:00 0 
7f54b03e0000-7f54b03e8000 rw-s 00000000 08:02 262540                     /tmp/hsperfdata_xrousakis/9841
7f54b03e9000-7f54b03ea000 rw-p 00000000 00:00 0 
7f54b03ea000-7f54b03eb000 rwxp 00000000 00:00 0 
7f54b03eb000-7f54b03ec000 rw-p 00000000 00:00 0 
7f54b03ec000-7f54b03ed000 r--p 00000000 00:00 0 
7f54b03ed000-7f54b03f0000 ---p 00000000 00:00 0 
7f54b03f0000-7f54b04f2000 rw-p 00000000 00:00 0                          [stack:9845]
7f54b04f2000-7f54b04f3000 r--p 00022000 08:02 1444811                    /lib/x86_64-linux-gnu/ld-2.19.so
7f54b04f3000-7f54b04f4000 rw-p 00023000 08:02 1444811                    /lib/x86_64-linux-gnu/ld-2.19.so
7f54b04f4000-7f54b04f6000 rw-p 00000000 00:00 0 
7f54b04f6000-7f54b04f8000 rw-p 00000000 00:00 0 
7fffeb57e000-7fffeb5a0000 rw-p 00000000 00:00 0                          [stack]
7fffeb600000-7fffeb602000 r-xp 00000000 00:00 0                          [vdso]
ffffffffff600000-ffffffffff601000 r-xp 00000000 00:00 0                  [vsyscall]

VM Arguments:
java_command: org.scify.jthinkfreedom.gui.ApplicationLauncher
Launcher Type: SUN_STANDARD

Environment Variables:
JAVA_HOME=/usr/lib/jvm/default-java
PATH=/usr/local/sbin:/usr/local/bin:/usr/sbin:/usr/bin:/sbin:/bin:/usr/games:/usr/local/games
USERNAME=xrousakis
LD_LIBRARY_PATH=/usr/lib/jvm/default-java/jre/lib/amd64:/usr/lib/jvm/default-java/jre/lib/i386:
SHELL=/bin/bash
DISPLAY=:0.0

Signal Handlers:
SIGSEGV: [libjvm.so+0x94bab0], sa_mask[0]=0x7ffbfeff, sa_flags=0x10000004
SIGBUS: [libjvm.so+0x94bab0], sa_mask[0]=0x7ffbfeff, sa_flags=0x10000004
SIGFPE: [libjvm.so+0x7c38b0], sa_mask[0]=0x7ffbfeff, sa_flags=0x10000004
SIGPIPE: [libjvm.so+0x7c38b0], sa_mask[0]=0x7ffbfeff, sa_flags=0x10000004
SIGXFSZ: [libjvm.so+0x7c38b0], sa_mask[0]=0x7ffbfeff, sa_flags=0x10000004
SIGILL: [libjvm.so+0x7c38b0], sa_mask[0]=0x7ffbfeff, sa_flags=0x10000004
SIGUSR1: SIG_DFL, sa_mask[0]=0x00000000, sa_flags=0x00000000
SIGUSR2: [libjvm.so+0x7c3750], sa_mask[0]=0x00000004, sa_flags=0x10000004
SIGHUP: [libjvm.so+0x7c3930], sa_mask[0]=0x7ffbfeff, sa_flags=0x10000004
SIGINT: SIG_IGN, sa_mask[0]=0x00000000, sa_flags=0x00000000
SIGTERM: [libjvm.so+0x7c3930], sa_mask[0]=0x7ffbfeff, sa_flags=0x10000004
SIGQUIT: [libjvm.so+0x7c3930], sa_mask[0]=0x7ffbfeff, sa_flags=0x10000004
SIGTRAP: SIG_DFL, sa_mask[0]=0x00000000, sa_flags=0x00000000


---------------  S Y S T E M  ---------------

OS:LinuxMint 17 (qiana)
uname:Linux 3.14.8-031408-generic #201406161755 SMP Mon Jun 16 21:56:09 UTC 2014 x86_64
libc:glibc 2.19 NPTL 2.19 
rlimit: STACK 8192k, CORE 0k, NPROC 55132, NOFILE 4096, AS infinity
load average:1,42 0,88 0,50

/proc/meminfo:
MemTotal:        7292072 kB
MemFree:         3437632 kB
MemAvailable:    4765960 kB
Buffers:          223068 kB
Cached:          1296060 kB
SwapCached:            0 kB
Active:          2718268 kB
Inactive:         861764 kB
Active(anon):    2061924 kB
Inactive(anon):    87560 kB
Active(file):     656344 kB
Inactive(file):   774204 kB
Unevictable:           0 kB
Mlocked:               0 kB
SwapTotal:       3361788 kB
SwapFree:        3361788 kB
Dirty:               196 kB
Writeback:             0 kB
AnonPages:       2060912 kB
Mapped:           250920 kB
Shmem:             88584 kB
Slab:             159828 kB
SReclaimable:     133412 kB
SUnreclaim:        26416 kB
KernelStack:        3824 kB
PageTables:        31600 kB
NFS_Unstable:          0 kB
Bounce:                0 kB
WritebackTmp:          0 kB
CommitLimit:     7007824 kB
Committed_AS:    5065120 kB
VmallocTotal:   34359738367 kB
VmallocUsed:      315128 kB
VmallocChunk:   34359369956 kB
HardwareCorrupted:     0 kB
AnonHugePages:   1302528 kB
HugePages_Total:       0
HugePages_Free:        0
HugePages_Rsvd:        0
HugePages_Surp:        0
Hugepagesize:       2048 kB
DirectMap4k:       78168 kB
DirectMap2M:     3284992 kB
DirectMap1G:     4194304 kB


CPU:total 2 (2 cores per cpu, 1 threads per core) family 21 model 19 stepping 1, cmov, cx8, fxsr, mmx, sse, sse2, sse3, ssse3, sse4.1, sse4.2, popcnt, avx, aes, mmxext, 3dnowpref, lzcnt, sse4a, tsc, tscinvbit, tscinv

/proc/cpuinfo:
processor	: 0
vendor_id	: AuthenticAMD
cpu family	: 21
model		: 19
model name	: AMD A4-4000 APU with Radeon(tm) HD Graphics
stepping	: 1
microcode	: 0x6001119
cpu MHz		: 2800.000
cache size	: 1024 KB
physical id	: 0
siblings	: 2
core id		: 0
cpu cores	: 1
apicid		: 16
initial apicid	: 0
fpu		: yes
fpu_exception	: yes
cpuid level	: 13
wp		: yes
flags		: fpu vme de pse tsc msr pae mce cx8 apic sep mtrr pge mca cmov pat pse36 clflush mmx fxsr sse sse2 ht syscall nx mmxext fxsr_opt pdpe1gb rdtscp lm constant_tsc rep_good nopl nonstop_tsc extd_apicid aperfmperf pni pclmulqdq monitor ssse3 fma cx16 sse4_1 sse4_2 popcnt aes xsave avx f16c lahf_lm cmp_legacy svm extapic cr8_legacy abm sse4a misalignsse 3dnowprefetch osvw ibs xop skinit wdt lwp fma4 tce nodeid_msr tbm topoext perfctr_core perfctr_nb arat cpb hw_pstate npt lbrv svm_lock nrip_save tsc_scale vmcb_clean flushbyasid decodeassists pausefilter pfthreshold bmi1
bogomips	: 6029.96
TLB size	: 1536 4K pages
clflush size	: 64
cache_alignment	: 64
address sizes	: 48 bits physical, 48 bits virtual
power management: ts ttp tm 100mhzsteps hwpstate cpb eff_freq_ro

processor	: 1
vendor_id	: AuthenticAMD
cpu family	: 21
model		: 19
model name	: AMD A4-4000 APU with Radeon(tm) HD Graphics    
stepping	: 1
microcode	: 0x6001119
cpu MHz		: 2800.000
cache size	: 1024 KB
physical id	: 0
siblings	: 2
core id		: 1
cpu cores	: 1
apicid		: 17
initial apicid	: 1
fpu		: yes
fpu_exception	: yes
cpuid level	: 13
wp		: yes
flags		: fpu vme de pse tsc msr pae mce cx8 apic sep mtrr pge mca cmov pat pse36 clflush mmx fxsr sse sse2 ht syscall nx mmxext fxsr_opt pdpe1gb rdtscp lm constant_tsc rep_good nopl nonstop_tsc extd_apicid aperfmperf pni pclmulqdq monitor ssse3 fma cx16 sse4_1 sse4_2 popcnt aes xsave avx f16c lahf_lm cmp_legacy svm extapic cr8_legacy abm sse4a misalignsse 3dnowprefetch osvw ibs xop skinit wdt lwp fma4 tce nodeid_msr tbm topoext perfctr_core perfctr_nb arat cpb hw_pstate npt lbrv svm_lock nrip_save tsc_scale vmcb_clean flushbyasid decodeassists pausefilter pfthreshold bmi1
bogomips	: 6029.96
TLB size	: 1536 4K pages
clflush size	: 64
cache_alignment	: 64
address sizes	: 48 bits physical, 48 bits virtual
power management: ts ttp tm 100mhzsteps hwpstate cpb eff_freq_ro



Memory: 4k page, physical 7292072k(3437632k free), swap 3361788k(3361788k free)

vm_info: OpenJDK 64-Bit Server VM (24.79-b02) for linux-amd64 JRE (1.7.0_79-b14), built on Jul 24 2015 08:15:54 by "buildd" with gcc 4.8.2

time: Tue Aug 11 13:18:59 2015
elapsed time: 40 seconds

