#
# A fatal error has been detected by the Java Runtime Environment:
#
#  SIGSEGV (0xb) at pc=0x00007f4930d0e2cc, pid=8598, tid=139952511678208
#
# JRE version: OpenJDK Runtime Environment (7.0_79-b14) (build 1.7.0_79-b14)
# Java VM: OpenJDK 64-Bit Server VM (24.79-b02 mixed mode linux-amd64 compressed oops)
# Derivative: IcedTea 2.5.6
# Distribution: Ubuntu 14.04 LTS, package 7u79-2.5.6-0ubuntu1.14.04.1
# Problematic frame:
# C  [libjpeg.so.8+0x162cc]  jpeg_has_multiple_scans+0x2c
#
# Failed to write core dump. Core dumps have been disabled. To enable core dumping, try "ulimit -c unlimited" before starting Java again
#
# If you would like to submit a bug report, please include
# instructions on how to reproduce the bug and visit:
#   http://icedtea.classpath.org/bugzilla
# The crash happened outside the Java Virtual Machine in native code.
# See problematic frame for where to report the bug.
#

---------------  T H R E A D  ---------------

Current thread (0x0000000001678000):  JavaThread "Image Fetcher 0" daemon [_thread_in_native, id=8622, stack(0x00007f493bae7000,0x00007f493bbe8000)]

siginfo:si_signo=SIGSEGV: si_errno=0, si_code=1 (SEGV_MAPERR), si_addr=0x0000000000000020

Registers:
RAX=0x0000000000000000, RBX=0x00007f493bbe64d0, RCX=0x0000000000000001, RDX=0x0000000000000000
RSP=0x00007f493bbe61b8, RBP=0x00007f493bbe67a0, RSI=0x0000000000000001, RDI=0x00007f493bbe64d0
R8 =0x0000000000000000, R9 =0x00007f492c000078, R10=0x00007f493bbe5f80, R11=0x00007f4930d0e2a0
R12=0x0000000000000000, R13=0xffffffffffffffff, R14=0x00007f493bbe6840, R15=0x0000000001678000
RIP=0x00007f4930d0e2cc, EFLAGS=0x0000000000010293, CSGSFS=0x0000000000000033, ERR=0x0000000000000004
  TRAPNO=0x000000000000000e

Top of Stack: (sp=0x00007f493bbe61b8)
0x00007f493bbe61b8:   00007f4927157d33 0000000001678000
0x00007f493bbe61c8:   00007f497b5c603b fffffff0ffffffff
0x00007f493bbe61d8:   0000000000000000 00007f4927157ad0
0x00007f493bbe61e8:   00007f493bbe6278 00007f493bbe6830
0x00007f493bbe61f8:   00007f493bbe6838 00007f493bbe6840
0x00007f493bbe6208:   00000000016781d8 00000000dc57a95e
0x00007f493bbe6218:   0000000000000292 00007f49271571e0
0x00007f493bbe6228:   00007f4927157380 00007f4927157500
0x00007f493bbe6238:   00007f4930d16830 00007f4927157200
0x00007f493bbe6248:   00007f493bbe6838 00007f4900000000
0x00007f493bbe6258:   0000000000000000 00000000dc57a7f0
0x00007f493bbe6268:   00007f493bbe6830 ffffffffffffffff
0x00007f493bbe6278:   0000000000000000 0000000000000000
0x00007f493bbe6288:   0000000000000000 00007f493bbe6280
0x00007f493bbe6298:   0000000086420280 00007f493bbe6328
0x00007f493bbe62a8:   00000000864be230 0000000000000000
0x00007f493bbe62b8:   0000000086420318 0000000000000000
0x00007f493bbe62c8:   00007f493bbe6320 00007f493bbe6390
0x00007f493bbe62d8:   00007f49710004e7 0000000000000000
0x00007f493bbe62e8:   00007f4927157ad0 0000000000000000
0x00007f493bbe62f8:   00000000dc579dd8 0000000000000006
0x00007f493bbe6308:   0000000000000007 00000000dcab0df0
0x00007f493bbe6318:   00000000dcab0df0 00000000dc57abf0
0x00007f493bbe6328:   0000000000000000 00007f4900001fa0
0x00007f493bbe6338:   00007f493bbe63d0 00007f493bbe65d0
0x00007f493bbe6348:   00007f493bbe6500 0000000001678000
0x00007f493bbe6358:   00007f4950001c10 00007f4927157280
0x00007f493bbe6368:   00007f4930d1bcf0 00007f4927157210
0x00007f493bbe6378:   00007f4930d1bd60 00007f4930d1bd40
0x00007f493bbe6388:   000000000000006a 000000000000003f
0x00007f493bbe6398:   0000000300000000 0000000000000000
0x00007f493bbe63a8:   0000000000000000 00007f493bbe6400 

Instructions: (pc=0x00007f4930d0e2cc)
0x00007f4930d0e2ac:   ff 83 fa 08 76 12 48 8b 17 89 42 2c 48 8b 07 c7
0x00007f4930d0e2bc:   42 28 15 00 00 00 ff 10 48 8b 83 58 02 00 00 5b
0x00007f4930d0e2cc:   8b 40 20 c3 53 8b 47 24 48 89 fb 8d 90 33 ff ff
0x00007f4930d0e2dc:   ff 83 fa 01 76 66 3d cf 00 00 00 74 47 3d d2 00 

Register to memory mapping:

RAX=0x0000000000000000 is an unknown value
RBX=0x00007f493bbe64d0 is pointing into the stack for thread: 0x0000000001678000
RCX=0x0000000000000001 is an unknown value
RDX=0x0000000000000000 is an unknown value
RSP=0x00007f493bbe61b8 is pointing into the stack for thread: 0x0000000001678000
RBP=0x00007f493bbe67a0 is pointing into the stack for thread: 0x0000000001678000
RSI=0x0000000000000001 is an unknown value
RDI=0x00007f493bbe64d0 is pointing into the stack for thread: 0x0000000001678000
R8 =0x0000000000000000 is an unknown value
R9 =0x00007f492c000078 is an unknown value
R10=0x00007f493bbe5f80 is pointing into the stack for thread: 0x0000000001678000
R11=0x00007f4930d0e2a0: jpeg_has_multiple_scans+0 in /usr/lib/x86_64-linux-gnu/libjpeg.so.8 at 0x00007f4930cf8000
R12=0x0000000000000000 is an unknown value
R13=0xffffffffffffffff is an unknown value
R14=0x00007f493bbe6840 is pointing into the stack for thread: 0x0000000001678000
R15=0x0000000001678000 is a thread


Stack: [0x00007f493bae7000,0x00007f493bbe8000],  sp=0x00007f493bbe61b8,  free space=1020k
Native frames: (J=compiled Java code, j=interpreted, Vv=VM code, C=native code)
C  [libjpeg.so.8+0x162cc]  jpeg_has_multiple_scans+0x2c
j  sun.awt.image.JPEGImageDecoder.readImage(Ljava/io/InputStream;[B)V+0
j  sun.awt.image.JPEGImageDecoder.produceImage()V+10
j  sun.awt.image.InputStreamImageSource.doFetch()V+51
j  sun.awt.image.ImageFetcher.fetchloop()V+33
j  sun.awt.image.ImageFetcher.run()V+5
v  ~StubRoutines::call_stub
V  [libjvm.so+0x5e80c9]  JavaCalls::call_helper(JavaValue*, methodHandle*, JavaCallArguments*, Thread*)+0x339
V  [libjvm.so+0x5e6f1e]  JavaCalls::call_virtual(JavaValue*, Handle, KlassHandle, Symbol*, Symbol*, Thread*)+0x20e
V  [libjvm.so+0x623391]  thread_entry(JavaThread*, Thread*)+0xd1
V  [libjvm.so+0x900f40]  JavaThread::thread_main_inner()+0xf0
V  [libjvm.so+0x9011b1]  JavaThread::run()+0x221
V  [libjvm.so+0x7c4f62]  java_start(Thread*)+0xf2

Java frames: (J=compiled Java code, j=interpreted, Vv=VM code)
j  sun.awt.image.JPEGImageDecoder.readImage(Ljava/io/InputStream;[B)V+0
j  sun.awt.image.JPEGImageDecoder.produceImage()V+10
j  sun.awt.image.InputStreamImageSource.doFetch()V+51
j  sun.awt.image.ImageFetcher.fetchloop()V+33
j  sun.awt.image.ImageFetcher.run()V+5
v  ~StubRoutines::call_stub

---------------  P R O C E S S  ---------------

Java Threads: ( => current thread )
  0x00007f4934037000 JavaThread "pool-2-thread-1" [_thread_blocked, id=8626, stack(0x00007f4927867000,0x00007f4927968000)]
  0x0000000001615000 JavaThread "Thread-2" [_thread_blocked, id=8625, stack(0x00007f4927dfe000,0x00007f4927eff000)]
  0x000000000167b800 JavaThread "Thread-0" [_thread_blocked, id=8624, stack(0x00007f4927eff000,0x00007f4928000000)]
  0x0000000001679800 JavaThread "TimerQueue" daemon [_thread_blocked, id=8623, stack(0x00007f49300d7000,0x00007f49301d8000)]
=>0x0000000001678000 JavaThread "Image Fetcher 0" daemon [_thread_in_native, id=8622, stack(0x00007f493bae7000,0x00007f493bbe8000)]
  0x00007f497400b000 JavaThread "DestroyJavaVM" [_thread_blocked, id=8602, stack(0x00007f497df77000,0x00007f497e078000)]
  0x00007f4974455000 JavaThread "AWT-EventQueue-0" [_thread_in_vm, id=8619, stack(0x00007f49304f6000,0x00007f49305f7000)]
  0x00007f4974449000 JavaThread "AWT-Shutdown" [_thread_blocked, id=8618, stack(0x00007f49305f7000,0x00007f49306f8000)]
  0x00007f49742dd000 JavaThread "AWT-XAWT" daemon [_thread_in_native, id=8614, stack(0x00007f49400e7000,0x00007f49401e8000)]
  0x00007f49742c0000 JavaThread "Java2D Disposer" daemon [_thread_blocked, id=8613, stack(0x00007f49780f7000,0x00007f49781f8000)]
  0x00007f49740ae000 JavaThread "Service Thread" daemon [_thread_blocked, id=8611, stack(0x00007f49788dc000,0x00007f49789dd000)]
  0x00007f49740ab800 JavaThread "C2 CompilerThread1" daemon [_thread_in_native, id=8610, stack(0x00007f49789dd000,0x00007f4978ade000)]
  0x00007f49740a8800 JavaThread "C2 CompilerThread0" daemon [_thread_in_native, id=8609, stack(0x00007f4978ade000,0x00007f4978bdf000)]
  0x00007f49740a6800 JavaThread "Signal Dispatcher" daemon [_thread_blocked, id=8608, stack(0x00007f4978bdf000,0x00007f4978ce0000)]
  0x00007f4974078800 JavaThread "Finalizer" daemon [_thread_blocked, id=8607, stack(0x00007f4978fb1000,0x00007f49790b2000)]
  0x00007f4974076800 JavaThread "Reference Handler" daemon [_thread_blocked, id=8606, stack(0x00007f49790b2000,0x00007f49791b3000)]

Other Threads:
  0x00007f4974072000 VMThread [stack: 0x00007f49791b3000,0x00007f49792b4000] [id=8605]
  0x00007f49740b8800 WatcherThread [stack: 0x00007f49787db000,0x00007f49788dc000] [id=8612]

VM state:not at safepoint (normal execution)

VM Mutex/Monitor currently owned by a thread: None

Heap
 PSYoungGen      total 33792K, used 32111K [0x00000000dae00000, 0x00000000df000000, 0x0000000100000000)
  eden space 29184K, 97% used [0x00000000dae00000,0x00000000dc9b5198,0x00000000dca80000)
  from space 4608K, 81% used [0x00000000dca80000,0x00000000dce26b40,0x00000000dcf00000)
  to   space 4608K, 0% used [0x00000000deb80000,0x00000000deb80000,0x00000000df000000)
 ParOldGen       total 75776K, used 0K [0x0000000090a00000, 0x0000000095400000, 0x00000000dae00000)
  object space 75776K, 0% used [0x0000000090a00000,0x0000000090a00000,0x0000000095400000)
 PSPermGen       total 21504K, used 20809K [0x0000000086400000, 0x0000000087900000, 0x0000000090a00000)
  object space 21504K, 96% used [0x0000000086400000,0x00000000878527c8,0x0000000087900000)

Card table byte_map: [0x00007f497a789000,0x00007f497ab58000] byte_map_base: 0x00007f497a357000

Polling page: 0x00007f497e07d000

Code Cache  [0x00007f4971000000, 0x00007f4971270000, 0x00007f4974000000)
 total_blobs=784 nmethods=198 adapters=540 free_code_cache=48146Kb largest_free_block=49268288

Compilation events (10 events):
Event: 17,088 Thread 0x00007f49740ab800 nmethod 206 0x00007f497107e710 code [0x00007f497107e880, 0x00007f497107e990]
Event: 17,088 Thread 0x00007f49740a8800 nmethod 205 0x00007f4971103150 code [0x00007f49711032c0, 0x00007f49711033f0]
Event: 17,310 Thread 0x00007f49740a8800  207             java.awt.Container::findComponentAtImpl (315 bytes)
Event: 17,346 Thread 0x00007f49740a8800 nmethod 207 0x00007f4971087d10 code [0x00007f4971088000, 0x00007f4971089240]
Event: 17,473 Thread 0x00007f49740ab800  209             java.security.AccessControlContext::optimize (319 bytes)
Event: 17,483 Thread 0x00007f49740a8800  210             sun.awt.X11.Native::getInt (8 bytes)
Event: 17,484 Thread 0x00007f49740a8800 nmethod 210 0x00007f49710685d0 code [0x00007f4971068700, 0x00007f4971068778]
Event: 17,490 Thread 0x00007f49740ab800 nmethod 209 0x00007f49711020d0 code [0x00007f4971102260, 0x00007f4971102908]
Event: 17,654 Thread 0x00007f49740a8800  211 % !         sun.awt.image.PNGImageDecoder::produceImage @ 960 (1920 bytes)
Event: 17,665 Thread 0x00007f49740ab800  212 %           org.scify.jthinkfreedom.skeleton.sensors.SensorAdapter::updateStimuli @ 17 (49 bytes)

GC Heap History (2 events):
Event: 1,937 GC heap before
{Heap before GC invocations=1 (full 0):
 PSYoungGen      total 33792K, used 29184K [0x00000000dae00000, 0x00000000dd380000, 0x0000000100000000)
  eden space 29184K, 100% used [0x00000000dae00000,0x00000000dca80000,0x00000000dca80000)
  from space 4608K, 0% used [0x00000000dcf00000,0x00000000dcf00000,0x00000000dd380000)
  to   space 4608K, 0% used [0x00000000dca80000,0x00000000dca80000,0x00000000dcf00000)
 ParOldGen       total 75776K, used 0K [0x0000000090a00000, 0x0000000095400000, 0x00000000dae00000)
  object space 75776K, 0% used [0x0000000090a00000,0x0000000090a00000,0x0000000095400000)
 PSPermGen       total 21504K, used 16158K [0x0000000086400000, 0x0000000087900000, 0x0000000090a00000)
  object space 21504K, 75% used [0x0000000086400000,0x00000000873c7918,0x0000000087900000)
Event: 1,957 GC heap after
Heap after GC invocations=1 (full 0):
 PSYoungGen      total 33792K, used 3738K [0x00000000dae00000, 0x00000000df000000, 0x0000000100000000)
  eden space 29184K, 0% used [0x00000000dae00000,0x00000000dae00000,0x00000000dca80000)
  from space 4608K, 81% used [0x00000000dca80000,0x00000000dce26b40,0x00000000dcf00000)
  to   space 4608K, 0% used [0x00000000deb80000,0x00000000deb80000,0x00000000df000000)
 ParOldGen       total 75776K, used 0K [0x0000000090a00000, 0x0000000095400000, 0x00000000dae00000)
  object space 75776K, 0% used [0x0000000090a00000,0x0000000090a00000,0x0000000095400000)
 PSPermGen       total 21504K, used 16158K [0x0000000086400000, 0x0000000087900000, 0x0000000090a00000)
  object space 21504K, 75% used [0x0000000086400000,0x00000000873c7918,0x0000000087900000)
}

Deoptimization events (10 events):
Event: 2,072 Thread 0x00007f497400b000 Uncommon trap: reason=unloaded action=reinterpret pc=0x00007f49710ca118 method=java.lang.CharacterData.of(I)Ljava/lang/CharacterData; @ 96
Event: 2,294 Thread 0x00007f497400b000 Uncommon trap: reason=unloaded action=reinterpret pc=0x00007f49710b330c method=java.util.ArrayList.rangeCheck(I)V @ 8
Event: 2,294 Thread 0x00007f497400b000 Uncommon trap: reason=unloaded action=reinterpret pc=0x00007f49710b3844 method=java.util.ArrayList.rangeCheck(I)V @ 8
Event: 2,389 Thread 0x00007f49742dd000 Uncommon trap: reason=unreached action=reinterpret pc=0x00007f49710ce948 method=java.lang.ThreadLocal.get()Ljava/lang/Object; @ 11
Event: 8,926 Thread 0x0000000001678000 Uncommon trap: reason=unloaded action=reinterpret pc=0x00007f49710bf350 method=sun.awt.image.PNGImageDecoder.produceImage()V @ 361
Event: 8,930 Thread 0x0000000001678000 Uncommon trap: reason=predicate action=maybe_recompile pc=0x00007f49710887c4 method=sun.awt.image.PNGImageDecoder.produceImage()V @ 960
Event: 13,244 Thread 0x0000000001615000 Uncommon trap: reason=unreached action=reinterpret pc=0x00007f49710ce4c8 method=java.lang.ThreadLocal$ThreadLocalMap.getEntry(Ljava/lang/ThreadLocal;)Ljava/lang/ThreadLocal$ThreadLocalMap$Entry; @ 29
Event: 13,245 Thread 0x0000000001615000 Uncommon trap: reason=unreached action=reinterpret pc=0x00007f49710ce11c method=java.lang.ThreadLocal$ThreadLocalMap.getEntry(Ljava/lang/ThreadLocal;)Ljava/lang/ThreadLocal$ThreadLocalMap$Entry; @ 29
Event: 13,255 Thread 0x000000000167b800 Uncommon trap: reason=unreached action=reinterpret pc=0x00007f49710f7840 method=org.scify.jthinkfreedom.keyboard.stimuli.CapturekeyStimulus.onDataReceived()V @ 46
Event: 17,665 Thread 0x000000000167b800 Uncommon trap: reason=null_assert action=make_not_entrant pc=0x00007f49710f6744 method=org.scify.jthinkfreedom.keyboard.sensors.KeyboardSensor.getData()Ljava/lang/Object; @ 4

Internal exceptions (10 events):
Event: 10,214 Thread 0x0000000001615000 Threw 0x00000000dc4861f8 at /build/openjdk-7-FO0dNI/openjdk-7-7u79-2.5.6/build/openjdk/hotspot/src/share/vm/prims/jvm.cpp:1284
Event: 10,216 Thread 0x0000000001615000 Threw 0x00000000dc4976f0 at /build/openjdk-7-FO0dNI/openjdk-7-7u79-2.5.6/build/openjdk/hotspot/src/share/vm/prims/jvm.cpp:1284
Event: 10,229 Thread 0x0000000001615000 Threw 0x00000000dc4b0930 at /build/openjdk-7-FO0dNI/openjdk-7-7u79-2.5.6/build/openjdk/hotspot/src/share/vm/prims/jvm.cpp:1284
Event: 10,231 Thread 0x0000000001615000 Threw 0x00000000dc4c1ae0 at /build/openjdk-7-FO0dNI/openjdk-7-7u79-2.5.6/build/openjdk/hotspot/src/share/vm/prims/jvm.cpp:1284
Event: 13,244 Thread 0x0000000001615000 Threw 0x00000000dc4de918 at /build/openjdk-7-FO0dNI/openjdk-7-7u79-2.5.6/build/openjdk/hotspot/src/share/vm/prims/jvm.cpp:1284
Event: 13,251 Thread 0x0000000001615000 Threw 0x00000000dc4f73a8 at /build/openjdk-7-FO0dNI/openjdk-7-7u79-2.5.6/build/openjdk/hotspot/src/share/vm/prims/jvm.cpp:1284
Event: 13,575 Thread 0x00007f4974455000 Threw 0x00000000dc75c508 at /build/openjdk-7-FO0dNI/openjdk-7-7u79-2.5.6/build/openjdk/hotspot/src/share/vm/prims/jni.cpp:747
Event: 17,622 Thread 0x000000000167b800 Threw 0x00000000dc63be58 at /build/openjdk-7-FO0dNI/openjdk-7-7u79-2.5.6/build/openjdk/hotspot/src/share/vm/prims/jvm.cpp:1284
Event: 17,640 Thread 0x000000000167b800 Threw 0x00000000dc8c86f8 at /build/openjdk-7-FO0dNI/openjdk-7-7u79-2.5.6/build/openjdk/hotspot/src/share/vm/prims/jvm.cpp:1284
Event: 17,661 Thread 0x000000000167b800 Threw 0x00000000dc8dcd80 at /build/openjdk-7-FO0dNI/openjdk-7-7u79-2.5.6/build/openjdk/hotspot/src/share/vm/prims/jvm.cpp:1284

Events (10 events):
Event: 17,661 loading class 0x00007f494c12cb40 done
Event: 17,661 loading class 0x00007f4974418bc0
Event: 17,661 loading class 0x00007f4974418bc0 done
Event: 17,665 Thread 0x000000000167b800 Uncommon trap: trap_request=0xffffffec fr.pc=0x00007f49710f6744
Event: 17,665 Thread 0x000000000167b800 DEOPT PACKING pc=0x00007f49710f6744 sp=0x00007f4927ffe8e0
Event: 17,665 Thread 0x000000000167b800 DEOPT UNPACKING pc=0x00007f4971039045 sp=0x00007f4927ffe848 mode 2
Event: 17,666 Executing VM operation: RevokeBias
Event: 17,666 Executing VM operation: RevokeBias done
Event: 17,667 loading class 0x00007f494c12c1c0
Event: 17,667 loading class 0x00007f494c12c1c0 done


Dynamic libraries:
00400000-00401000 r-xp 00000000 08:02 1323751                            /usr/lib/jvm/java-7-openjdk-amd64/jre/bin/java
00600000-00601000 r--p 00000000 08:02 1323751                            /usr/lib/jvm/java-7-openjdk-amd64/jre/bin/java
00601000-00602000 rw-p 00001000 08:02 1323751                            /usr/lib/jvm/java-7-openjdk-amd64/jre/bin/java
015b9000-01771000 rw-p 00000000 00:00 0                                  [heap]
86400000-87900000 rw-p 00000000 00:00 0 
87900000-90a00000 rw-p 00000000 00:00 0 
90a00000-95400000 rw-p 00000000 00:00 0 
95400000-dae00000 rw-p 00000000 00:00 0 
dae00000-df000000 rw-p 00000000 00:00 0 
df000000-100000000 rw-p 00000000 00:00 0 
7f4926f16000-7f4927150000 rw-p 00000000 00:00 0 
7f4927150000-7f492715a000 r-xp 00000000 08:02 1317748                    /usr/lib/jvm/java-7-openjdk-amd64/jre/lib/amd64/libjavajpeg.so
7f492715a000-7f4927359000 ---p 0000a000 08:02 1317748                    /usr/lib/jvm/java-7-openjdk-amd64/jre/lib/amd64/libjavajpeg.so
7f4927359000-7f492735a000 r--p 00009000 08:02 1317748                    /usr/lib/jvm/java-7-openjdk-amd64/jre/lib/amd64/libjavajpeg.so
7f492735a000-7f492735b000 rw-p 0000a000 08:02 1317748                    /usr/lib/jvm/java-7-openjdk-amd64/jre/lib/amd64/libjavajpeg.so
7f4927362000-7f4927365000 ---p 00000000 00:00 0 
7f4927365000-7f4927463000 rw-p 00000000 00:00 0 
7f4927463000-7f4927466000 ---p 00000000 00:00 0 
7f4927466000-7f4927564000 rw-p 00000000 00:00 0 
7f4927564000-7f4927567000 ---p 00000000 00:00 0 
7f4927567000-7f4927665000 rw-p 00000000 00:00 0 
7f4927665000-7f4927668000 ---p 00000000 00:00 0 
7f4927668000-7f4927766000 rw-p 00000000 00:00 0 
7f4927766000-7f4927769000 ---p 00000000 00:00 0 
7f4927769000-7f4927867000 rw-p 00000000 00:00 0 
7f4927867000-7f492786a000 ---p 00000000 00:00 0 
7f492786a000-7f4927968000 rw-p 00000000 00:00 0                          [stack:8626]
7f4927968000-7f492797f000 r-xp 00000000 08:02 271363                     /tmp/jna-xrousakis/jna1854769934706617678.tmp (deleted)
7f492797f000-7f4927b7f000 ---p 00017000 08:02 271363                     /tmp/jna-xrousakis/jna1854769934706617678.tmp (deleted)
7f4927b7f000-7f4927b80000 r--p 00017000 08:02 271363                     /tmp/jna-xrousakis/jna1854769934706617678.tmp (deleted)
7f4927b80000-7f4927b81000 rw-p 00018000 08:02 271363                     /tmp/jna-xrousakis/jna1854769934706617678.tmp (deleted)
7f4927b88000-7f4927dc5000 rw-s 00000000 00:04 3866634                    /SYSV00000000 (deleted)
7f4927dfe000-7f4927e01000 ---p 00000000 00:00 0 
7f4927e01000-7f4927eff000 rw-p 00000000 00:00 0                          [stack:8625]
7f4927eff000-7f4927f02000 ---p 00000000 00:00 0 
7f4927f02000-7f4928000000 rw-p 00000000 00:00 0                          [stack:8624]
7f4928000000-7f4928021000 rw-p 00000000 00:00 0 
7f4928021000-7f492c000000 ---p 00000000 00:00 0 
7f492c000000-7f492c0ec000 rw-p 00000000 00:00 0 
7f492c0ec000-7f4930000000 ---p 00000000 00:00 0 
7f49300d7000-7f49300da000 ---p 00000000 00:00 0 
7f49300da000-7f49301d8000 rw-p 00000000 00:00 0                          [stack:8623]
7f49301d8000-7f49301f3000 r--s 00000000 08:02 2362922                    /usr/share/fonts/type1/gsfonts/p052004l.pfb
7f49301f8000-7f4930213000 r--s 00000000 08:02 2362925                    /usr/share/fonts/type1/gsfonts/p052023l.pfb
7f4930218000-7f493022a000 r--s 00000000 08:02 2362883                    /usr/share/fonts/type1/gsfonts/n019043l.pfb
7f4930230000-7f493023c000 r--s 00000000 08:02 2362868                    /usr/share/fonts/type1/gsfonts/d050000l.pfb
7f4930240000-7f4930253000 r--s 00000000 08:02 2362847                    /usr/share/fonts/type1/gsfonts/b018015l.pfb
7f4930258000-7f4930269000 r--s 00000000 08:02 2362889                    /usr/share/fonts/type1/gsfonts/n019063l.pfb
7f4930270000-7f4930282000 r--s 00000000 08:02 2362853                    /usr/share/fonts/type1/gsfonts/b018035l.pfb
7f4930288000-7f493029f000 r--s 00000000 08:02 2362934                    /usr/share/fonts/type1/gsfonts/z003034l.pfb
7f49302a0000-7f49302f2000 r-xp 00000000 08:02 1317750                    /usr/lib/jvm/java-7-openjdk-amd64/jre/lib/amd64/libfontmanager.so
7f49302f2000-7f49304f1000 ---p 00052000 08:02 1317750                    /usr/lib/jvm/java-7-openjdk-amd64/jre/lib/amd64/libfontmanager.so
7f49304f1000-7f49304f4000 r--p 00051000 08:02 1317750                    /usr/lib/jvm/java-7-openjdk-amd64/jre/lib/amd64/libfontmanager.so
7f49304f4000-7f49304f5000 rw-p 00054000 08:02 1317750                    /usr/lib/jvm/java-7-openjdk-amd64/jre/lib/amd64/libfontmanager.so
7f49304f6000-7f49304f9000 ---p 00000000 00:00 0 
7f49304f9000-7f49305f7000 rw-p 00000000 00:00 0                          [stack:8619]
7f49305f7000-7f49305fa000 ---p 00000000 00:00 0 
7f49305fa000-7f49306f8000 rw-p 00000000 00:00 0                          [stack:8618]
7f49306f8000-7f49308a5000 r-xp 00000000 08:02 271362                     /tmp/javacpp7088351107855/libjniopencv_core.so
7f49308a5000-7f4930aa5000 ---p 001ad000 08:02 271362                     /tmp/javacpp7088351107855/libjniopencv_core.so
7f4930aa5000-7f4930aa6000 r--p 001ad000 08:02 271362                     /tmp/javacpp7088351107855/libjniopencv_core.so
7f4930aa6000-7f4930aa8000 rw-p 001ae000 08:02 271362                     /tmp/javacpp7088351107855/libjniopencv_core.so
7f4930aa8000-7f4930af6000 r-xp 00000000 08:02 271361                     /tmp/javacpp7088351107855/libjniopencv_highgui.so
7f4930af6000-7f4930cf5000 ---p 0004e000 08:02 271361                     /tmp/javacpp7088351107855/libjniopencv_highgui.so
7f4930cf5000-7f4930cf6000 r--p 0004d000 08:02 271361                     /tmp/javacpp7088351107855/libjniopencv_highgui.so
7f4930cf6000-7f4930cf7000 rw-p 0004e000 08:02 271361                     /tmp/javacpp7088351107855/libjniopencv_highgui.so
7f4930cf8000-7f4930d3b000 r-xp 00000000 08:02 1188593                    /usr/lib/x86_64-linux-gnu/libjpeg.so.8.0.2
7f4930d3b000-7f4930f3b000 ---p 00043000 08:02 1188593                    /usr/lib/x86_64-linux-gnu/libjpeg.so.8.0.2
7f4930f3b000-7f4930f3c000 r--p 00043000 08:02 1188593                    /usr/lib/x86_64-linux-gnu/libjpeg.so.8.0.2
7f4930f3c000-7f4930f3d000 rw-p 00044000 08:02 1188593                    /usr/lib/x86_64-linux-gnu/libjpeg.so.8.0.2
7f4930f3d000-7f4930f4d000 rw-p 00000000 00:00 0 
7f4930f50000-7f4930f74000 r-xp 00000000 08:02 1188998                    /usr/lib/x86_64-linux-gnu/libv4lconvert.so.0.0.0
7f4930f74000-7f4931174000 ---p 00024000 08:02 1188998                    /usr/lib/x86_64-linux-gnu/libv4lconvert.so.0.0.0
7f4931174000-7f4931176000 r--p 00024000 08:02 1188998                    /usr/lib/x86_64-linux-gnu/libv4lconvert.so.0.0.0
7f4931176000-7f4931177000 rw-p 00026000 08:02 1188998                    /usr/lib/x86_64-linux-gnu/libv4lconvert.so.0.0.0
7f4931177000-7f49311c9000 rw-p 00000000 00:00 0 
7f49311d0000-7f49311d6000 r-xp 00000000 08:02 1188131                    /usr/lib/x86_64-linux-gnu/libdatrie.so.1.3.1
7f49311d6000-7f49313d5000 ---p 00006000 08:02 1188131                    /usr/lib/x86_64-linux-gnu/libdatrie.so.1.3.1
7f49313d5000-7f49313d6000 r--p 00005000 08:02 1188131                    /usr/lib/x86_64-linux-gnu/libdatrie.so.1.3.1
7f49313d6000-7f49313d7000 rw-p 00006000 08:02 1188131                    /usr/lib/x86_64-linux-gnu/libdatrie.so.1.3.1
7f49313d8000-7f49313f2000 r-xp 00000000 08:02 1188402                    /usr/lib/x86_64-linux-gnu/libgraphite2.so.3.0.1
7f49313f2000-7f49315f1000 ---p 0001a000 08:02 1188402                    /usr/lib/x86_64-linux-gnu/libgraphite2.so.3.0.1
7f49315f1000-7f49315f3000 r--p 00019000 08:02 1188402                    /usr/lib/x86_64-linux-gnu/libgraphite2.so.3.0.1
7f49315f3000-7f49315f4000 rw-p 0001b000 08:02 1188402                    /usr/lib/x86_64-linux-gnu/libgraphite2.so.3.0.1
7f49315f8000-7f4931601000 r-xp 00000000 08:02 1188996                    /usr/lib/x86_64-linux-gnu/libv4l2.so.0.0.0
7f4931601000-7f4931800000 ---p 00009000 08:02 1188996                    /usr/lib/x86_64-linux-gnu/libv4l2.so.0.0.0
7f4931800000-7f4931801000 r--p 00008000 08:02 1188996                    /usr/lib/x86_64-linux-gnu/libv4l2.so.0.0.0
7f4931801000-7f4931806000 rw-p 00009000 08:02 1188996                    /usr/lib/x86_64-linux-gnu/libv4l2.so.0.0.0
7f4931808000-7f4931810000 r-xp 00000000 08:02 1188953                    /usr/lib/x86_64-linux-gnu/libthai.so.0.2.0
7f4931810000-7f4931a0f000 ---p 00008000 08:02 1188953                    /usr/lib/x86_64-linux-gnu/libthai.so.0.2.0
7f4931a0f000-7f4931a10000 r--p 00007000 08:02 1188953                    /usr/lib/x86_64-linux-gnu/libthai.so.0.2.0
7f4931a10000-7f4931a11000 rw-p 00008000 08:02 1188953                    /usr/lib/x86_64-linux-gnu/libthai.so.0.2.0
7f4931a18000-7f4931a6b000 r-xp 00000000 08:02 1179957                    /usr/lib/x86_64-linux-gnu/libharfbuzz.so.0.927.0
7f4931a6b000-7f4931c6b000 ---p 00053000 08:02 1179957                    /usr/lib/x86_64-linux-gnu/libharfbuzz.so.0.927.0
7f4931c6b000-7f4931c6c000 r--p 00053000 08:02 1179957                    /usr/lib/x86_64-linux-gnu/libharfbuzz.so.0.927.0
7f4931c6c000-7f4931c6d000 rw-p 00054000 08:02 1179957                    /usr/lib/x86_64-linux-gnu/libharfbuzz.so.0.927.0
7f4931c70000-7f4931c78000 r-xp 00000000 08:02 1189074                    /usr/lib/x86_64-linux-gnu/libxcb-render.so.0.0.0
7f4931c78000-7f4931e77000 ---p 00008000 08:02 1189074                    /usr/lib/x86_64-linux-gnu/libxcb-render.so.0.0.0
7f4931e77000-7f4931e78000 r--p 00007000 08:02 1189074                    /usr/lib/x86_64-linux-gnu/libxcb-render.so.0.0.0
7f4931e78000-7f4931e79000 rw-p 00008000 08:02 1189074                    /usr/lib/x86_64-linux-gnu/libxcb-render.so.0.0.0
7f4931e80000-7f4931e82000 r-xp 00000000 08:02 1189078                    /usr/lib/x86_64-linux-gnu/libxcb-shm.so.0.0.0
7f4931e82000-7f4932081000 ---p 00002000 08:02 1189078                    /usr/lib/x86_64-linux-gnu/libxcb-shm.so.0.0.0
7f4932081000-7f4932082000 r--p 00001000 08:02 1189078                    /usr/lib/x86_64-linux-gnu/libxcb-shm.so.0.0.0
7f4932082000-7f4932083000 rw-p 00002000 08:02 1189078                    /usr/lib/x86_64-linux-gnu/libxcb-shm.so.0.0.0
7f4932088000-7f4932129000 r-xp 00000000 08:02 1188793                    /usr/lib/x86_64-linux-gnu/libpixman-1.so.0.30.2
7f4932129000-7f4932329000 ---p 000a1000 08:02 1188793                    /usr/lib/x86_64-linux-gnu/libpixman-1.so.0.30.2
7f4932329000-7f4932330000 r--p 000a1000 08:02 1188793                    /usr/lib/x86_64-linux-gnu/libpixman-1.so.0.30.2
7f4932330000-7f4932331000 rw-p 000a8000 08:02 1188793                    /usr/lib/x86_64-linux-gnu/libpixman-1.so.0.30.2
7f4932338000-7f493233a000 r-xp 00000000 08:02 1187926                    /usr/lib/x86_64-linux-gnu/libXdamage.so.1.1.0
7f493233a000-7f4932539000 ---p 00002000 08:02 1187926                    /usr/lib/x86_64-linux-gnu/libXdamage.so.1.1.0
7f4932539000-7f493253a000 r--p 00001000 08:02 1187926                    /usr/lib/x86_64-linux-gnu/libXdamage.so.1.1.0
7f493253a000-7f493253b000 rw-p 00002000 08:02 1187926                    /usr/lib/x86_64-linux-gnu/libXdamage.so.1.1.0
7f4932540000-7f4932542000 r-xp 00000000 08:02 1187922                    /usr/lib/x86_64-linux-gnu/libXcomposite.so.1.0.0
7f4932542000-7f4932741000 ---p 00002000 08:02 1187922                    /usr/lib/x86_64-linux-gnu/libXcomposite.so.1.0.0
7f4932741000-7f4932742000 r--p 00001000 08:02 1187922                    /usr/lib/x86_64-linux-gnu/libXcomposite.so.1.0.0
7f4932742000-7f4932743000 rw-p 00002000 08:02 1187922                    /usr/lib/x86_64-linux-gnu/libXcomposite.so.1.0.0
7f4932748000-7f4932751000 r-xp 00000000 08:02 1187948                    /usr/lib/x86_64-linux-gnu/libXrandr.so.2.2.0
7f4932751000-7f4932950000 ---p 00009000 08:02 1187948                    /usr/lib/x86_64-linux-gnu/libXrandr.so.2.2.0
7f4932950000-7f4932951000 r--p 00008000 08:02 1187948                    /usr/lib/x86_64-linux-gnu/libXrandr.so.2.2.0
7f4932951000-7f4932952000 rw-p 00009000 08:02 1187948                    /usr/lib/x86_64-linux-gnu/libXrandr.so.2.2.0
7f4932958000-7f493295a000 r-xp 00000000 08:02 1187940                    /usr/lib/x86_64-linux-gnu/libXinerama.so.1.0.0
7f493295a000-7f4932b59000 ---p 00002000 08:02 1187940                    /usr/lib/x86_64-linux-gnu/libXinerama.so.1.0.0
7f4932b59000-7f4932b5a000 r--p 00001000 08:02 1187940                    /usr/lib/x86_64-linux-gnu/libXinerama.so.1.0.0
7f4932b5a000-7f4932b5b000 rw-p 00002000 08:02 1187940                    /usr/lib/x86_64-linux-gnu/libXinerama.so.1.0.0
7f4932b60000-7f4932b65000 r-xp 00000000 08:02 1188994                    /usr/lib/x86_64-linux-gnu/libv4l1.so.0.0.0
7f4932b65000-7f4932d64000 ---p 00005000 08:02 1188994                    /usr/lib/x86_64-linux-gnu/libv4l1.so.0.0.0
7f4932d64000-7f4932d65000 r--p 00004000 08:02 1188994                    /usr/lib/x86_64-linux-gnu/libv4l1.so.0.0.0
7f4932d65000-7f4932d66000 rw-p 00005000 08:02 1188994                    /usr/lib/x86_64-linux-gnu/libv4l1.so.0.0.0
7f4932d68000-7f4932d69000 r-xp 00000000 08:02 1181659                    /usr/lib/x86_64-linux-gnu/libgthread-2.0.so.0.4002.0
7f4932d69000-7f4932f68000 ---p 00001000 08:02 1181659                    /usr/lib/x86_64-linux-gnu/libgthread-2.0.so.0.4002.0
7f4932f68000-7f4932f69000 r--p 00000000 08:02 1181659                    /usr/lib/x86_64-linux-gnu/libgthread-2.0.so.0.4002.0
7f4932f69000-7f4932f6a000 rw-p 00001000 08:02 1181659                    /usr/lib/x86_64-linux-gnu/libgthread-2.0.so.0.4002.0
7f4932f70000-7f4932fba000 r-xp 00000000 08:02 1181864                    /usr/lib/x86_64-linux-gnu/libpango-1.0.so.0.3600.3
7f4932fba000-7f49331ba000 ---p 0004a000 08:02 1181864                    /usr/lib/x86_64-linux-gnu/libpango-1.0.so.0.3600.3
7f49331ba000-7f49331bc000 r--p 0004a000 08:02 1181864                    /usr/lib/x86_64-linux-gnu/libpango-1.0.so.0.3600.3
7f49331bc000-7f49331bd000 rw-p 0004c000 08:02 1181864                    /usr/lib/x86_64-linux-gnu/libpango-1.0.so.0.3600.3
7f49331c0000-7f49331d4000 r-xp 00000000 08:02 1181866                    /usr/lib/x86_64-linux-gnu/libpangoft2-1.0.so.0.3600.3
7f49331d4000-7f49333d3000 ---p 00014000 08:02 1181866                    /usr/lib/x86_64-linux-gnu/libpangoft2-1.0.so.0.3600.3
7f49333d3000-7f49333d4000 r--p 00013000 08:02 1181866                    /usr/lib/x86_64-linux-gnu/libpangoft2-1.0.so.0.3600.3
7f49333d4000-7f49333d5000 rw-p 00014000 08:02 1181866                    /usr/lib/x86_64-linux-gnu/libpangoft2-1.0.so.0.3600.3
7f49333d8000-7f49333f7000 r-xp 00000000 08:02 1188324                    /usr/lib/x86_64-linux-gnu/libgdk_pixbuf-2.0.so.0.3000.7
7f49333f7000-7f49335f7000 ---p 0001f000 08:02 1188324                    /usr/lib/x86_64-linux-gnu/libgdk_pixbuf-2.0.so.0.3000.7
7f49335f7000-7f49335f8000 r--p 0001f000 08:02 1188324                    /usr/lib/x86_64-linux-gnu/libgdk_pixbuf-2.0.so.0.3000.7
7f49335f8000-7f49335f9000 rw-p 00020000 08:02 1188324                    /usr/lib/x86_64-linux-gnu/libgdk_pixbuf-2.0.so.0.3000.7
7f4933600000-7f4933706000 r-xp 00000000 08:02 1184068                    /usr/lib/x86_64-linux-gnu/libcairo.so.2.11301.0
7f4933706000-7f4933905000 ---p 00106000 08:02 1184068                    /usr/lib/x86_64-linux-gnu/libcairo.so.2.11301.0
7f4933905000-7f4933908000 r--p 00105000 08:02 1184068                    /usr/lib/x86_64-linux-gnu/libcairo.so.2.11301.0
7f4933908000-7f4933909000 rw-p 00108000 08:02 1184068                    /usr/lib/x86_64-linux-gnu/libcairo.so.2.11301.0
7f4933909000-7f493390b000 rw-p 00000000 00:00 0 
7f4933910000-7f493392f000 r-xp 00000000 08:02 1188009                    /usr/lib/x86_64-linux-gnu/libatk-1.0.so.0.21009.1
7f493392f000-7f4933b2f000 ---p 0001f000 08:02 1188009                    /usr/lib/x86_64-linux-gnu/libatk-1.0.so.0.21009.1
7f4933b2f000-7f4933b31000 r--p 0001f000 08:02 1188009                    /usr/lib/x86_64-linux-gnu/libatk-1.0.so.0.21009.1
7f4933b31000-7f4933b32000 rw-p 00021000 08:02 1188009                    /usr/lib/x86_64-linux-gnu/libatk-1.0.so.0.21009.1
7f4933b38000-7f4933b43000 r-xp 00000000 08:02 1181862                    /usr/lib/x86_64-linux-gnu/libpangocairo-1.0.so.0.3600.3
7f4933b43000-7f4933d43000 ---p 0000b000 08:02 1181862                    /usr/lib/x86_64-linux-gnu/libpangocairo-1.0.so.0.3600.3
7f4933d43000-7f4933d44000 r--p 0000b000 08:02 1181862                    /usr/lib/x86_64-linux-gnu/libpangocairo-1.0.so.0.3600.3
7f4933d44000-7f4933d45000 rw-p 0000c000 08:02 1181862                    /usr/lib/x86_64-linux-gnu/libpangocairo-1.0.so.0.3600.3
7f4933d48000-7f4933df5000 r-xp 00000000 08:02 1185800                    /usr/lib/x86_64-linux-gnu/libgdk-x11-2.0.so.0.2400.23
7f4933df5000-7f4933ff4000 ---p 000ad000 08:02 1185800                    /usr/lib/x86_64-linux-gnu/libgdk-x11-2.0.so.0.2400.23
7f4933ff4000-7f4933ff8000 r--p 000ac000 08:02 1185800                    /usr/lib/x86_64-linux-gnu/libgdk-x11-2.0.so.0.2400.23
7f4933ff8000-7f4933ffa000 rw-p 000b0000 08:02 1185800                    /usr/lib/x86_64-linux-gnu/libgdk-x11-2.0.so.0.2400.23
7f4934000000-7f4934078000 rw-p 00000000 00:00 0 
7f4934078000-7f4938000000 ---p 00000000 00:00 0 
7f4938008000-7f4938018000 r--s 00000000 08:02 2362832                    /usr/share/fonts/type1/gsfonts/a010013l.pfb
7f4938018000-7f493802a000 r--s 00000000 08:02 2362886                    /usr/share/fonts/type1/gsfonts/n019044l.pfb
7f4938030000-7f493804b000 r--s 00000000 08:02 2362859                    /usr/share/fonts/type1/gsfonts/c059016l.pfb
7f4938050000-7f4938061000 r--s 00000000 08:02 2362841                    /usr/share/fonts/type1/gsfonts/a010035l.pfb
7f4938068000-7f4938080000 r--s 00000000 08:02 2362862                    /usr/share/fonts/type1/gsfonts/c059033l.pfb
7f4938080000-7f4938095000 r--s 00000000 08:02 2362850                    /usr/share/fonts/type1/gsfonts/b018032l.pfb
7f4938098000-7f49384c7000 r-xp 00000000 08:02 1190134                    /usr/lib/x86_64-linux-gnu/libgtk-x11-2.0.so.0.2400.23
7f49384c7000-7f49386c6000 ---p 0042f000 08:02 1190134                    /usr/lib/x86_64-linux-gnu/libgtk-x11-2.0.so.0.2400.23
7f49386c6000-7f49386cd000 r--p 0042e000 08:02 1190134                    /usr/lib/x86_64-linux-gnu/libgtk-x11-2.0.so.0.2400.23
7f49386cd000-7f49386d1000 rw-p 00435000 08:02 1190134                    /usr/lib/x86_64-linux-gnu/libgtk-x11-2.0.so.0.2400.23
7f49386d1000-7f49386d4000 rw-p 00000000 00:00 0 
7f49386d8000-7f493891f000 r-xp 00000000 08:02 271360                     /tmp/javacpp7088351107855/libopencv_highgui.so.2.4
7f493891f000-7f4938b1f000 ---p 00247000 08:02 271360                     /tmp/javacpp7088351107855/libopencv_highgui.so.2.4
7f4938b1f000-7f4938b27000 r--p 00247000 08:02 271360                     /tmp/javacpp7088351107855/libopencv_highgui.so.2.4
7f4938b27000-7f4938b30000 rw-p 0024f000 08:02 271360                     /tmp/javacpp7088351107855/libopencv_highgui.so.2.4
7f4938b30000-7f4938b38000 rw-p 00000000 00:00 0 
7f4938b38000-7f4938d93000 r-xp 00000000 08:02 271359                     /tmp/javacpp7088351107855/libopencv_imgproc.so.2.4
7f4938d93000-7f4938f93000 ---p 0025b000 08:02 271359                     /tmp/javacpp7088351107855/libopencv_imgproc.so.2.4
7f4938f93000-7f4938f9a000 r--p 0025b000 08:02 271359                     /tmp/javacpp7088351107855/libopencv_imgproc.so.2.4
7f4938f9a000-7f4938f9c000 rw-p 00262000 08:02 271359                     /tmp/javacpp7088351107855/libopencv_imgproc.so.2.4
7f4938f9c000-7f4939031000 rw-p 00000000 00:00 0 
7f4939038000-7f49392e1000 r-xp 00000000 08:02 271358                     /tmp/javacpp7088351107855/libopencv_core.so.2.4
7f49392e1000-7f49394e0000 ---p 002a9000 08:02 271358                     /tmp/javacpp7088351107855/libopencv_core.so.2.4
7f49394e0000-7f49394e4000 r--p 002a8000 08:02 271358                     /tmp/javacpp7088351107855/libopencv_core.so.2.4
7f49394e4000-7f49394ed000 rw-p 002ac000 08:02 271358                     /tmp/javacpp7088351107855/libopencv_core.so.2.4
7f49394ed000-7f49394f0000 rw-p 00000000 00:00 0 
7f49394f0000-7f4939519000 r-xp 00000000 08:02 271355                     /tmp/javacpp7088351107855/libtbb.so
7f4939519000-7f4939718000 ---p 00029000 08:02 271355                     /tmp/javacpp7088351107855/libtbb.so
7f4939718000-7f493971a000 r--p 00028000 08:02 271355                     /tmp/javacpp7088351107855/libtbb.so
7f493971a000-7f493971b000 rw-p 0002a000 08:02 271355                     /tmp/javacpp7088351107855/libtbb.so
7f4939720000-7f4939746000 r-xp 00000000 08:02 271354                     /tmp/javacpp7088351107855/libjnifreenect.so
7f4939746000-7f4939945000 ---p 00026000 08:02 271354                     /tmp/javacpp7088351107855/libjnifreenect.so
7f4939945000-7f4939946000 r--p 00025000 08:02 271354                     /tmp/javacpp7088351107855/libjnifreenect.so
7f4939946000-7f4939947000 rw-p 00026000 08:02 271354                     /tmp/javacpp7088351107855/libjnifreenect.so
7f4939948000-7f493994b000 r-xp 00000000 08:02 271353                     /tmp/javacpp7088351107855/libfreenect_sync.so
7f493994b000-7f4939b4a000 ---p 00003000 08:02 271353                     /tmp/javacpp7088351107855/libfreenect_sync.so
7f4939b4a000-7f4939b4b000 r--p 00002000 08:02 271353                     /tmp/javacpp7088351107855/libfreenect_sync.so
7f4939b4b000-7f4939b4c000 rw-p 00003000 08:02 271353                     /tmp/javacpp7088351107855/libfreenect_sync.so
7f4939b50000-7f4939b5e000 r-xp 00000000 08:02 271352                     /tmp/javacpp7088351107855/libfreenect.so
7f4939b5e000-7f4939d5d000 ---p 0000e000 08:02 271352                     /tmp/javacpp7088351107855/libfreenect.so
7f4939d5d000-7f4939d5e000 r--p 0000d000 08:02 271352                     /tmp/javacpp7088351107855/libfreenect.so
7f4939d5e000-7f4939d5f000 rw-p 0000e000 08:02 271352                     /tmp/javacpp7088351107855/libfreenect.so
7f4939d5f000-7f4939d60000 ---p 00000000 00:00 0 
7f4939d60000-7f493a560000 rw-p 00000000 00:00 0 
7f493a560000-7f493a5b2000 r-xp 00000000 08:02 271350                     /tmp/javacpp7088351107855/libjnidc1394.so
7f493a5b2000-7f493a7b1000 ---p 00052000 08:02 271350                     /tmp/javacpp7088351107855/libjnidc1394.so
7f493a7b1000-7f493a7b2000 r--p 00051000 08:02 271350                     /tmp/javacpp7088351107855/libjnidc1394.so
7f493a7b2000-7f493a7b3000 rw-p 00052000 08:02 271350                     /tmp/javacpp7088351107855/libjnidc1394.so
7f493a7b8000-7f493a7c0000 r-xp 00000000 08:02 1445949                    /lib/x86_64-linux-gnu/libnih-dbus.so.1.0.0
7f493a7c0000-7f493a9c0000 ---p 00008000 08:02 1445949                    /lib/x86_64-linux-gnu/libnih-dbus.so.1.0.0
7f493a9c0000-7f493a9c1000 r--p 00008000 08:02 1445949                    /lib/x86_64-linux-gnu/libnih-dbus.so.1.0.0
7f493a9c1000-7f493a9c2000 rw-p 00009000 08:02 1445949                    /lib/x86_64-linux-gnu/libnih-dbus.so.1.0.0
7f493a9c8000-7f493a9df000 r-xp 00000000 08:02 1445951                    /lib/x86_64-linux-gnu/libnih.so.1.0.0
7f493a9df000-7f493abde000 ---p 00017000 08:02 1445951                    /lib/x86_64-linux-gnu/libnih.so.1.0.0
7f493abde000-7f493abdf000 r--p 00016000 08:02 1445951                    /lib/x86_64-linux-gnu/libnih.so.1.0.0
7f493abdf000-7f493abe0000 rw-p 00017000 08:02 1445951                    /lib/x86_64-linux-gnu/libnih.so.1.0.0
7f493abe0000-7f493abf9000 r-xp 00000000 08:02 1444015                    /lib/x86_64-linux-gnu/libcgmanager.so.0.0.0
7f493abf9000-7f493adf8000 ---p 00019000 08:02 1444015                    /lib/x86_64-linux-gnu/libcgmanager.so.0.0.0
7f493adf8000-7f493adfa000 r--p 00018000 08:02 1444015                    /lib/x86_64-linux-gnu/libcgmanager.so.0.0.0
7f493adfa000-7f493adfb000 rw-p 0001a000 08:02 1444015                    /lib/x86_64-linux-gnu/libcgmanager.so.0.0.0
7f493ae00000-7f493ae10000 r-xp 00000000 08:02 1442754                    /lib/x86_64-linux-gnu/libudev.so.1.3.5
7f493ae10000-7f493b00f000 ---p 00010000 08:02 1442754                    /lib/x86_64-linux-gnu/libudev.so.1.3.5
7f493b00f000-7f493b010000 r--p 0000f000 08:02 1442754                    /lib/x86_64-linux-gnu/libudev.so.1.3.5
7f493b010000-7f493b011000 rw-p 00010000 08:02 1442754                    /lib/x86_64-linux-gnu/libudev.so.1.3.5
7f493b018000-7f493b02d000 r-xp 00000000 08:02 1446041                    /lib/x86_64-linux-gnu/libusb-1.0.so.0.1.0
7f493b02d000-7f493b22d000 ---p 00015000 08:02 1446041                    /lib/x86_64-linux-gnu/libusb-1.0.so.0.1.0
7f493b22d000-7f493b22e000 r--p 00015000 08:02 1446041                    /lib/x86_64-linux-gnu/libusb-1.0.so.0.1.0
7f493b22e000-7f493b22f000 rw-p 00016000 08:02 1446041                    /lib/x86_64-linux-gnu/libusb-1.0.so.0.1.0
7f493b230000-7f493b23d000 r-xp 00000000 08:02 1188844                    /usr/lib/x86_64-linux-gnu/libraw1394.so.11.1.0
7f493b23d000-7f493b43c000 ---p 0000d000 08:02 1188844                    /usr/lib/x86_64-linux-gnu/libraw1394.so.11.1.0
7f493b43c000-7f493b43d000 r--p 0000c000 08:02 1188844                    /usr/lib/x86_64-linux-gnu/libraw1394.so.11.1.0
7f493b43d000-7f493b43e000 rw-p 0000d000 08:02 1188844                    /usr/lib/x86_64-linux-gnu/libraw1394.so.11.1.0
7f493b440000-7f493b473000 r-xp 00000000 08:02 271348                     /tmp/javacpp7088351107855/libdc1394.so.22
7f493b473000-7f493b673000 ---p 00033000 08:02 271348                     /tmp/javacpp7088351107855/libdc1394.so.22
7f493b673000-7f493b674000 r--p 00033000 08:02 271348                     /tmp/javacpp7088351107855/libdc1394.so.22
7f493b674000-7f493b675000 rw-p 00034000 08:02 271348                     /tmp/javacpp7088351107855/libdc1394.so.22
7f493b675000-7f493b6b5000 rw-p 00000000 00:00 0 
7f493b6b8000-7f493b6cf000 r-xp 00000000 08:02 1317766                    /usr/lib/jvm/java-7-openjdk-amd64/jre/lib/amd64/libnet.so
7f493b6cf000-7f493b8ce000 ---p 00017000 08:02 1317766                    /usr/lib/jvm/java-7-openjdk-amd64/jre/lib/amd64/libnet.so
7f493b8ce000-7f493b8cf000 r--p 00016000 08:02 1317766                    /usr/lib/jvm/java-7-openjdk-amd64/jre/lib/amd64/libnet.so
7f493b8cf000-7f493b8d0000 rw-p 00017000 08:02 1317766                    /usr/lib/jvm/java-7-openjdk-amd64/jre/lib/amd64/libnet.so
7f493b8d0000-7f493b8e0000 r-xp 00000000 08:02 1317771                    /usr/lib/jvm/java-7-openjdk-amd64/jre/lib/amd64/libnio.so
7f493b8e0000-7f493bae0000 ---p 00010000 08:02 1317771                    /usr/lib/jvm/java-7-openjdk-amd64/jre/lib/amd64/libnio.so
7f493bae0000-7f493bae1000 r--p 00010000 08:02 1317771                    /usr/lib/jvm/java-7-openjdk-amd64/jre/lib/amd64/libnio.so
7f493bae1000-7f493bae2000 rw-p 00011000 08:02 1317771                    /usr/lib/jvm/java-7-openjdk-amd64/jre/lib/amd64/libnio.so
7f493bae7000-7f493baea000 ---p 00000000 00:00 0 
7f493baea000-7f493bbe8000 rw-p 00000000 00:00 0                          [stack:8622]
7f493bbe8000-7f493bbed000 r-xp 00000000 08:02 1185797                    /usr/lib/x86_64-linux-gnu/libXfixes.so.3.1.0
7f493bbed000-7f493bdec000 ---p 00005000 08:02 1185797                    /usr/lib/x86_64-linux-gnu/libXfixes.so.3.1.0
7f493bdec000-7f493bded000 r--p 00004000 08:02 1185797                    /usr/lib/x86_64-linux-gnu/libXfixes.so.3.1.0
7f493bded000-7f493bdee000 rw-p 00005000 08:02 1185797                    /usr/lib/x86_64-linux-gnu/libXfixes.so.3.1.0
7f493bdf0000-7f493bdf9000 r-xp 00000000 08:02 1187924                    /usr/lib/x86_64-linux-gnu/libXcursor.so.1.0.2
7f493bdf9000-7f493bff8000 ---p 00009000 08:02 1187924                    /usr/lib/x86_64-linux-gnu/libXcursor.so.1.0.2
7f493bff8000-7f493bff9000 r--p 00008000 08:02 1187924                    /usr/lib/x86_64-linux-gnu/libXcursor.so.1.0.2
7f493bff9000-7f493bffa000 rw-p 00009000 08:02 1187924                    /usr/lib/x86_64-linux-gnu/libXcursor.so.1.0.2
7f493c000000-7f493c021000 rw-p 00000000 00:00 0 
7f493c021000-7f4940000000 ---p 00000000 00:00 0 
7f4940010000-7f494002c000 r--s 00000000 08:02 2362928                    /usr/share/fonts/type1/gsfonts/p052024l.pfb
7f4940030000-7f4940040000 r--s 00000000 08:02 2362838                    /usr/share/fonts/type1/gsfonts/a010033l.pfb
7f4940040000-7f4940041000 r--s 00000000 08:02 2756976                    /var/cache/fontconfig/c05880de57d1f5e948fdfacc138775d9-le64.cache-4
7f4940048000-7f4940053000 r--s 00000000 08:02 2756975                    /var/cache/fontconfig/945677eb7aeaf62f1d50efc3fb3ec7d8-le64.cache-4
7f4940058000-7f494005a000 r--s 00000000 08:02 2756973                    /var/cache/fontconfig/99e8ed0e538f840c565b6ed5dad60d56-le64.cache-4
7f4940060000-7f4940066000 r--s 00000000 08:02 2756972                    /var/cache/fontconfig/2cd17615ca594fa2959ae173292e504c-le64.cache-4
7f4940068000-7f4940069000 r--s 00000000 08:02 2756971                    /var/cache/fontconfig/e7071f4a29fa870f4323321c154eba04-le64.cache-4
7f4940070000-7f4940071000 r--s 00000000 08:02 2756970                    /var/cache/fontconfig/0d8c3b2ac0904cb8a57a757ad11a4a08-le64.cache-4
7f4940078000-7f494007f000 r--s 00000000 08:02 2756969                    /var/cache/fontconfig/a755afe4a08bf5b97852ceb7400b47bc-le64.cache-4
7f4940080000-7f494008c000 r--s 00000000 08:02 2756968                    /var/cache/fontconfig/6d41288fd70b0be22e8c3a91e032eec0-le64.cache-4
7f4940090000-7f49400a4000 r--s 00000000 08:02 2756967                    /var/cache/fontconfig/04aabc0a78ac019cf9454389977116d2-le64.cache-4
7f49400a8000-7f49400a9000 r--s 00000000 08:02 2756966                    /var/cache/fontconfig/1ac9eb803944fde146138c791f5cc56a-le64.cache-4
7f49400b0000-7f49400b4000 r--s 00000000 08:02 2756965                    /var/cache/fontconfig/385c0604a188198f04d133e54aba7fe7-le64.cache-4
7f49400b8000-7f49400b9000 r--s 00000000 08:02 2756964                    /var/cache/fontconfig/dc05db6664285cc2f12bf69c139ae4c3-le64.cache-4
7f49400c0000-7f49400c2000 r--s 00000000 08:02 2756963                    /var/cache/fontconfig/767a8244fc0220cfb567a839d0392e0b-le64.cache-4
7f49400c8000-7f49400c9000 r--s 00000000 08:02 2753289                    /var/cache/fontconfig/4794a0821666d79190d59a36cb4f44b5-le64.cache-4
7f49400d0000-7f49400d5000 r--s 00000000 08:02 2756961                    /var/cache/fontconfig/8801497958630a81b71ace7c5f9b32a8-le64.cache-4
7f49400d8000-7f49400df000 r--s 00000000 08:02 2756960                    /var/cache/fontconfig/3047814df9a2f067bd2d96a2b9c36e5a-le64.cache-4
7f49400e0000-7f49400e6000 r--s 00000000 08:02 2756957                    /var/cache/fontconfig/b47c4e1ecd0709278f4910c18777a504-le64.cache-4
7f49400e7000-7f49400ea000 ---p 00000000 00:00 0 
7f49400ea000-7f49401e8000 rw-p 00000000 00:00 0                          [stack:8614]
7f49401e8000-7f49401ec000 r-xp 00000000 08:02 1445919                    /lib/x86_64-linux-gnu/libgpg-error.so.0.10.0
7f49401ec000-7f49403eb000 ---p 00004000 08:02 1445919                    /lib/x86_64-linux-gnu/libgpg-error.so.0.10.0
7f49403eb000-7f49403ec000 r--p 00003000 08:02 1445919                    /lib/x86_64-linux-gnu/libgpg-error.so.0.10.0
7f49403ec000-7f49403ed000 rw-p 00004000 08:02 1445919                    /lib/x86_64-linux-gnu/libgpg-error.so.0.10.0
7f49403f0000-7f49403f2000 r-xp 00000000 08:02 1445929                    /lib/x86_64-linux-gnu/libkeyutils.so.1.4
7f49403f2000-7f49405f2000 ---p 00002000 08:02 1445929                    /lib/x86_64-linux-gnu/libkeyutils.so.1.4
7f49405f2000-7f49405f3000 r--p 00002000 08:02 1445929                    /lib/x86_64-linux-gnu/libkeyutils.so.1.4
7f49405f3000-7f49405f4000 rw-p 00003000 08:02 1445929                    /lib/x86_64-linux-gnu/libkeyutils.so.1.4
7f49405f8000-7f4940635000 r-xp 00000000 08:02 1445990                    /lib/x86_64-linux-gnu/libpcre.so.3.13.1
7f4940635000-7f4940834000 ---p 0003d000 08:02 1445990                    /lib/x86_64-linux-gnu/libpcre.so.3.13.1
7f4940834000-7f4940835000 r--p 0003c000 08:02 1445990                    /lib/x86_64-linux-gnu/libpcre.so.3.13.1
7f4940835000-7f4940836000 rw-p 0003d000 08:02 1445990                    /lib/x86_64-linux-gnu/libpcre.so.3.13.1
7f4940838000-7f494085d000 r-xp 00000000 08:02 1446002                    /lib/x86_64-linux-gnu/libpng12.so.0.50.0
7f494085d000-7f4940a5c000 ---p 00025000 08:02 1446002                    /lib/x86_64-linux-gnu/libpng12.so.0.50.0
7f4940a5c000-7f4940a5d000 r--p 00024000 08:02 1446002                    /lib/x86_64-linux-gnu/libpng12.so.0.50.0
7f4940a5d000-7f4940a5e000 rw-p 00025000 08:02 1446002                    /lib/x86_64-linux-gnu/libpng12.so.0.50.0
7f4940a60000-7f4940aa4000 r-xp 00000000 08:02 1444769                    /lib/x86_64-linux-gnu/libdbus-1.so.3.7.6
7f4940aa4000-7f4940ca3000 ---p 00044000 08:02 1444769                    /lib/x86_64-linux-gnu/libdbus-1.so.3.7.6
7f4940ca3000-7f4940ca4000 r--p 00043000 08:02 1444769                    /lib/x86_64-linux-gnu/libdbus-1.so.3.7.6
7f4940ca4000-7f4940ca5000 rw-p 00044000 08:02 1444769                    /lib/x86_64-linux-gnu/libdbus-1.so.3.7.6
7f4940ca8000-7f4940ce3000 r-xp 00000000 08:02 1188762                    /usr/lib/x86_64-linux-gnu/libp11-kit.so.0.0.0
7f4940ce3000-7f4940ee2000 ---p 0003b000 08:02 1188762                    /usr/lib/x86_64-linux-gnu/libp11-kit.so.0.0.0
7f4940ee2000-7f4940ee8000 r--p 0003a000 08:02 1188762                    /usr/lib/x86_64-linux-gnu/libp11-kit.so.0.0.0
7f4940ee8000-7f4940eea000 rw-p 00040000 08:02 1188762                    /usr/lib/x86_64-linux-gnu/libp11-kit.so.0.0.0
7f4940ef0000-7f4940f02000 r-xp 00000000 08:02 1190002                    /usr/lib/x86_64-linux-gnu/libtasn1.so.6.2.0
7f4940f02000-7f4941102000 ---p 00012000 08:02 1190002                    /usr/lib/x86_64-linux-gnu/libtasn1.so.6.2.0
7f4941102000-7f4941103000 r--p 00012000 08:02 1190002                    /usr/lib/x86_64-linux-gnu/libtasn1.so.6.2.0
7f4941103000-7f4941104000 rw-p 00013000 08:02 1190002                    /usr/lib/x86_64-linux-gnu/libtasn1.so.6.2.0
7f4941108000-7f4941184000 r-xp 00000000 08:02 1443002                    /lib/x86_64-linux-gnu/libgcrypt.so.11.8.2
7f4941184000-7f4941384000 ---p 0007c000 08:02 1443002                    /lib/x86_64-linux-gnu/libgcrypt.so.11.8.2
7f4941384000-7f4941385000 r--p 0007c000 08:02 1443002                    /lib/x86_64-linux-gnu/libgcrypt.so.11.8.2
7f4941385000-7f4941388000 rw-p 0007d000 08:02 1443002                    /lib/x86_64-linux-gnu/libgcrypt.so.11.8.2
7f4941388000-7f4941392000 r-xp 00000000 08:02 1185597                    /usr/lib/x86_64-linux-gnu/libkrb5support.so.0.1
7f4941392000-7f4941591000 ---p 0000a000 08:02 1185597                    /usr/lib/x86_64-linux-gnu/libkrb5support.so.0.1
7f4941591000-7f4941592000 r--p 00009000 08:02 1185597                    /usr/lib/x86_64-linux-gnu/libkrb5support.so.0.1
7f4941592000-7f4941593000 rw-p 0000a000 08:02 1185597                    /usr/lib/x86_64-linux-gnu/libkrb5support.so.0.1
7f4941598000-7f494159b000 r-xp 00000000 08:02 1444828                    /lib/x86_64-linux-gnu/libcom_err.so.2.1
7f494159b000-7f494179a000 ---p 00003000 08:02 1444828                    /lib/x86_64-linux-gnu/libcom_err.so.2.1
7f494179a000-7f494179b000 r--p 00002000 08:02 1444828                    /lib/x86_64-linux-gnu/libcom_err.so.2.1
7f494179b000-7f494179c000 rw-p 00003000 08:02 1444828                    /lib/x86_64-linux-gnu/libcom_err.so.2.1
7f49417a0000-7f49417cc000 r-xp 00000000 08:02 1180183                    /usr/lib/x86_64-linux-gnu/libk5crypto.so.3.1
7f49417cc000-7f49419cb000 ---p 0002c000 08:02 1180183                    /usr/lib/x86_64-linux-gnu/libk5crypto.so.3.1
7f49419cb000-7f49419cd000 r--p 0002b000 08:02 1180183                    /usr/lib/x86_64-linux-gnu/libk5crypto.so.3.1
7f49419cd000-7f49419ce000 rw-p 0002d000 08:02 1180183                    /usr/lib/x86_64-linux-gnu/libk5crypto.so.3.1
7f49419ce000-7f49419cf000 rw-p 00000000 00:00 0 
7f49419d0000-7f4941a8c000 r-xp 00000000 08:02 1185595                    /usr/lib/x86_64-linux-gnu/libkrb5.so.3.3
7f4941a8c000-7f4941c8c000 ---p 000bc000 08:02 1185595                    /usr/lib/x86_64-linux-gnu/libkrb5.so.3.3
7f4941c8c000-7f4941c99000 r--p 000bc000 08:02 1185595                    /usr/lib/x86_64-linux-gnu/libkrb5.so.3.3
7f4941c99000-7f4941c9b000 rw-p 000c9000 08:02 1185595                    /usr/lib/x86_64-linux-gnu/libkrb5.so.3.3
7f4941ca0000-7f4941ca5000 r-xp 00000000 08:02 1187928                    /usr/lib/x86_64-linux-gnu/libXdmcp.so.6.0.0
7f4941ca5000-7f4941ea4000 ---p 00005000 08:02 1187928                    /usr/lib/x86_64-linux-gnu/libXdmcp.so.6.0.0
7f4941ea4000-7f4941ea5000 r--p 00004000 08:02 1187928                    /usr/lib/x86_64-linux-gnu/libXdmcp.so.6.0.0
7f4941ea5000-7f4941ea6000 rw-p 00005000 08:02 1187928                    /usr/lib/x86_64-linux-gnu/libXdmcp.so.6.0.0
7f4941ea8000-7f4941eaa000 r-xp 00000000 08:02 1187917                    /usr/lib/x86_64-linux-gnu/libXau.so.6.0.0
7f4941eaa000-7f49420aa000 ---p 00002000 08:02 1187917                    /usr/lib/x86_64-linux-gnu/libXau.so.6.0.0
7f49420aa000-7f49420ab000 r--p 00002000 08:02 1187917                    /usr/lib/x86_64-linux-gnu/libXau.so.6.0.0
7f49420ab000-7f49420ac000 rw-p 00003000 08:02 1187917                    /usr/lib/x86_64-linux-gnu/libXau.so.6.0.0
7f49420b0000-7f49420b7000 r-xp 00000000 08:02 1188226                    /usr/lib/x86_64-linux-gnu/libffi.so.6.0.1
7f49420b7000-7f49422b6000 ---p 00007000 08:02 1188226                    /usr/lib/x86_64-linux-gnu/libffi.so.6.0.1
7f49422b6000-7f49422b7000 r--p 00006000 08:02 1188226                    /usr/lib/x86_64-linux-gnu/libffi.so.6.0.1
7f49422b7000-7f49422b8000 rw-p 00007000 08:02 1188226                    /usr/lib/x86_64-linux-gnu/libffi.so.6.0.1
7f49422b8000-7f49422cf000 r-xp 00000000 08:02 1441817                    /lib/x86_64-linux-gnu/libresolv-2.19.so
7f49422cf000-7f49424cf000 ---p 00017000 08:02 1441817                    /lib/x86_64-linux-gnu/libresolv-2.19.so
7f49424cf000-7f49424d0000 r--p 00017000 08:02 1441817                    /lib/x86_64-linux-gnu/libresolv-2.19.so
7f49424d0000-7f49424d1000 rw-p 00018000 08:02 1441817                    /lib/x86_64-linux-gnu/libresolv-2.19.so
7f49424d1000-7f49424d3000 rw-p 00000000 00:00 0 
7f49424d8000-7f49424f8000 r-xp 00000000 08:02 1441806                    /lib/x86_64-linux-gnu/libselinux.so.1
7f49424f8000-7f49426f7000 ---p 00020000 08:02 1441806                    /lib/x86_64-linux-gnu/libselinux.so.1
7f49426f7000-7f49426f8000 r--p 0001f000 08:02 1441806                    /lib/x86_64-linux-gnu/libselinux.so.1
7f49426f8000-7f49426f9000 rw-p 00020000 08:02 1441806                    /lib/x86_64-linux-gnu/libselinux.so.1
7f49426f9000-7f49426fb000 rw-p 00000000 00:00 0 
7f4942700000-7f4942806000 r-xp 00000000 08:02 1443043                    /lib/x86_64-linux-gnu/libglib-2.0.so.0.4002.0
7f4942806000-7f4942a05000 ---p 00106000 08:02 1443043                    /lib/x86_64-linux-gnu/libglib-2.0.so.0.4002.0
7f4942a05000-7f4942a06000 r--p 00105000 08:02 1443043                    /lib/x86_64-linux-gnu/libglib-2.0.so.0.4002.0
7f4942a06000-7f4942a07000 rw-p 00106000 08:02 1443043                    /lib/x86_64-linux-gnu/libglib-2.0.so.0.4002.0
7f4942a07000-7f4942a08000 rw-p 00000000 00:00 0 
7f4942a08000-7f4942a2f000 r-xp 00000000 08:02 1445908                    /lib/x86_64-linux-gnu/libexpat.so.1.6.0
7f4942a2f000-7f4942c2f000 ---p 00027000 08:02 1445908                    /lib/x86_64-linux-gnu/libexpat.so.1.6.0
7f4942c2f000-7f4942c31000 r--p 00027000 08:02 1445908                    /lib/x86_64-linux-gnu/libexpat.so.1.6.0
7f4942c31000-7f4942c32000 rw-p 00029000 08:02 1445908                    /lib/x86_64-linux-gnu/libexpat.so.1.6.0
7f4942c38000-7f4942cd5000 r-xp 00000000 08:02 1180395                    /usr/lib/x86_64-linux-gnu/libfreetype.so.6.11.1
7f4942cd5000-7f4942ed4000 ---p 0009d000 08:02 1180395                    /usr/lib/x86_64-linux-gnu/libfreetype.so.6.11.1
7f4942ed4000-7f4942eda000 r--p 0009c000 08:02 1180395                    /usr/lib/x86_64-linux-gnu/libfreetype.so.6.11.1
7f4942eda000-7f4942edb000 rw-p 000a2000 08:02 1180395                    /usr/lib/x86_64-linux-gnu/libfreetype.so.6.11.1
7f4942ee0000-7f4942eef000 r-xp 00000000 08:02 1188021                    /usr/lib/x86_64-linux-gnu/libavahi-client.so.3.2.9
7f4942eef000-7f49430ef000 ---p 0000f000 08:02 1188021                    /usr/lib/x86_64-linux-gnu/libavahi-client.so.3.2.9
7f49430ef000-7f49430f0000 r--p 0000f000 08:02 1188021                    /usr/lib/x86_64-linux-gnu/libavahi-client.so.3.2.9
7f49430f0000-7f49430f1000 rw-p 00010000 08:02 1188021                    /usr/lib/x86_64-linux-gnu/libavahi-client.so.3.2.9
7f49430f8000-7f4943103000 r-xp 00000000 08:02 1188023                    /usr/lib/x86_64-linux-gnu/libavahi-common.so.3.5.3
7f4943103000-7f4943302000 ---p 0000b000 08:02 1188023                    /usr/lib/x86_64-linux-gnu/libavahi-common.so.3.5.3
7f4943302000-7f4943303000 r--p 0000a000 08:02 1188023                    /usr/lib/x86_64-linux-gnu/libavahi-common.so.3.5.3
7f4943303000-7f4943304000 rw-p 0000b000 08:02 1188023                    /usr/lib/x86_64-linux-gnu/libavahi-common.so.3.5.3
7f4943308000-7f49433be000 r-xp 00000000 08:02 1183583                    /usr/lib/x86_64-linux-gnu/libgnutls.so.26.22.6
7f49433be000-7f49435be000 ---p 000b6000 08:02 1183583                    /usr/lib/x86_64-linux-gnu/libgnutls.so.26.22.6
7f49435be000-7f49435c4000 r--p 000b6000 08:02 1183583                    /usr/lib/x86_64-linux-gnu/libgnutls.so.26.22.6
7f49435c4000-7f49435c5000 rw-p 000bc000 08:02 1183583                    /usr/lib/x86_64-linux-gnu/libgnutls.so.26.22.6
7f49435c5000-7f49435c6000 rw-p 00000000 00:00 0 
7f49435c8000-7f494360b000 r-xp 00000000 08:02 1182323                    /usr/lib/x86_64-linux-gnu/libgssapi_krb5.so.2.2
7f494360b000-7f494380b000 ---p 00043000 08:02 1182323                    /usr/lib/x86_64-linux-gnu/libgssapi_krb5.so.2.2
7f494380b000-7f494380c000 r--p 00043000 08:02 1182323                    /usr/lib/x86_64-linux-gnu/libgssapi_krb5.so.2.2
7f494380c000-7f494380e000 rw-p 00044000 08:02 1182323                    /usr/lib/x86_64-linux-gnu/libgssapi_krb5.so.2.2
7f4943810000-7f494382d000 r-xp 00000000 08:02 1189092                    /usr/lib/x86_64-linux-gnu/libxcb.so.1.1.0
7f494382d000-7f4943a2d000 ---p 0001d000 08:02 1189092                    /usr/lib/x86_64-linux-gnu/libxcb.so.1.1.0
7f4943a2d000-7f4943a2e000 r--p 0001d000 08:02 1189092                    /usr/lib/x86_64-linux-gnu/libxcb.so.1.1.0
7f4943a2e000-7f4943a2f000 rw-p 0001e000 08:02 1189092                    /usr/lib/x86_64-linux-gnu/libxcb.so.1.1.0
7f4943a30000-7f4943a7f000 r-xp 00000000 08:02 1181657                    /usr/lib/x86_64-linux-gnu/libgobject-2.0.so.0.4002.0
7f4943a7f000-7f4943c7f000 ---p 0004f000 08:02 1181657                    /usr/lib/x86_64-linux-gnu/libgobject-2.0.so.0.4002.0
7f4943c7f000-7f4943c80000 r--p 0004f000 08:02 1181657                    /usr/lib/x86_64-linux-gnu/libgobject-2.0.so.0.4002.0
7f4943c80000-7f4943c81000 rw-p 00050000 08:02 1181657                    /usr/lib/x86_64-linux-gnu/libgobject-2.0.so.0.4002.0
7f4943c88000-7f4943df4000 r-xp 00000000 08:02 1181661                    /usr/lib/x86_64-linux-gnu/libgio-2.0.so.0.4002.0
7f4943df4000-7f4943ff3000 ---p 0016c000 08:02 1181661                    /usr/lib/x86_64-linux-gnu/libgio-2.0.so.0.4002.0
7f4943ff3000-7f4943ff7000 r--p 0016b000 08:02 1181661                    /usr/lib/x86_64-linux-gnu/libgio-2.0.so.0.4002.0
7f4943ff7000-7f4943ff9000 rw-p 0016f000 08:02 1181661                    /usr/lib/x86_64-linux-gnu/libgio-2.0.so.0.4002.0
7f4943ff9000-7f4943ffb000 rw-p 00000000 00:00 0 
7f4944000000-7f4944021000 rw-p 00000000 00:00 0 
7f4944021000-7f4948000000 ---p 00000000 00:00 0 
7f4948000000-7f4948021000 rw-p 00000000 00:00 0 
7f4948021000-7f494c000000 ---p 00000000 00:00 0 
7f494c000000-7f494c7e3000 rw-p 00000000 00:00 0 
7f494c7e3000-7f4950000000 ---p 00000000 00:00 0 
7f4950000000-7f49505a9000 rw-p 00000000 00:00 0 
7f49505a9000-7f4954000000 ---p 00000000 00:00 0 
7f4954000000-7f4954021000 rw-p 00000000 00:00 0 
7f4954021000-7f4958000000 ---p 00000000 00:00 0 
7f4958000000-7f4958021000 rw-p 00000000 00:00 0 
7f4958021000-7f495c000000 ---p 00000000 00:00 0 
7f495c000000-7f495c021000 rw-p 00000000 00:00 0 
7f495c021000-7f4960000000 ---p 00000000 00:00 0 
7f4960000000-7f4960001000 r--s 00000000 08:02 2756959                    /var/cache/fontconfig/56cf4f4769d0f4abc89a4895d7bd3ae1-le64.cache-4
7f4960008000-7f496001b000 r--s 00000000 08:02 2756956                    /var/cache/fontconfig/d52a8644073d54c13679302ca1180695-le64.cache-4
7f4960020000-7f4960029000 r--s 00000000 08:02 2754543                    /var/cache/fontconfig/3f7329c5293ffd510edef78f73874cfd-le64.cache-4
7f4960030000-7f496003b000 r--s 00000000 08:02 2756954                    /var/cache/fontconfig/d589a48862398ed80a3d6066f4f56f4c-le64.cache-4
7f4960040000-7f4960049000 r--s 00000000 08:02 2362931                    /usr/share/fonts/type1/gsfonts/s050000l.pfb
7f4960050000-7f4960068000 r--s 00000000 08:02 2362865                    /usr/share/fonts/type1/gsfonts/c059036l.pfb
7f4960068000-7f4960083000 r--s 00000000 08:02 2362919                    /usr/share/fonts/type1/gsfonts/p052003l.pfb
7f4960088000-7f496009b000 r--s 00000000 08:02 2362892                    /usr/share/fonts/type1/gsfonts/n019064l.pfb
7f49600a0000-7f49600ba000 r--s 00000000 08:02 2362856                    /usr/share/fonts/type1/gsfonts/c059013l.pfb
7f49600c0000-7f49600d9000 r--s 00000000 08:02 2362844                    /usr/share/fonts/type1/gsfonts/b018012l.pfb
7f49600e0000-7f496011a000 r-xp 00000000 08:02 1196543                    /usr/lib/x86_64-linux-gnu/libfontconfig.so.1.8.0
7f496011a000-7f4960319000 ---p 0003a000 08:02 1196543                    /usr/lib/x86_64-linux-gnu/libfontconfig.so.1.8.0
7f4960319000-7f496031b000 r--p 00039000 08:02 1196543                    /usr/lib/x86_64-linux-gnu/libfontconfig.so.1.8.0
7f496031b000-7f496031c000 rw-p 0003b000 08:02 1196543                    /usr/lib/x86_64-linux-gnu/libfontconfig.so.1.8.0
7f4960320000-7f4964000000 rw-p 00000000 00:00 0 
7f4964000000-7f4964021000 rw-p 00000000 00:00 0 
7f4964021000-7f4968000000 ---p 00000000 00:00 0 
7f4968000000-7f4968059000 rw-p 00000000 00:00 0 
7f4968059000-7f496c000000 ---p 00000000 00:00 0 
7f496c000000-7f496c021000 rw-p 00000000 00:00 0 
7f496c021000-7f4970000000 ---p 00000000 00:00 0 
7f4970000000-7f4970001000 r--s 00000000 08:02 2756958                    /var/cache/fontconfig/b9d506c9ac06c20b433354fa67a72993-le64.cache-4
7f4970008000-7f497000b000 r-xp 00000000 08:02 1181655                    /usr/lib/x86_64-linux-gnu/libgmodule-2.0.so.0.4002.0
7f497000b000-7f497020a000 ---p 00003000 08:02 1181655                    /usr/lib/x86_64-linux-gnu/libgmodule-2.0.so.0.4002.0
7f497020a000-7f497020b000 r--p 00002000 08:02 1181655                    /usr/lib/x86_64-linux-gnu/libgmodule-2.0.so.0.4002.0
7f497020b000-7f497020c000 rw-p 00003000 08:02 1181655                    /usr/lib/x86_64-linux-gnu/libgmodule-2.0.so.0.4002.0
7f4970210000-7f497027c000 r-xp 00000000 08:02 1180391                    /usr/lib/x86_64-linux-gnu/libcups.so.2
7f497027c000-7f497047c000 ---p 0006c000 08:02 1180391                    /usr/lib/x86_64-linux-gnu/libcups.so.2
7f497047c000-7f4970483000 r--p 0006c000 08:02 1180391                    /usr/lib/x86_64-linux-gnu/libcups.so.2
7f4970483000-7f4970484000 rw-p 00073000 08:02 1180391                    /usr/lib/x86_64-linux-gnu/libcups.so.2
7f4970488000-7f4970497000 r-xp 00000000 08:02 1188440                    /usr/lib/x86_64-linux-gnu/libXi.so.6.1.0
7f4970497000-7f4970696000 ---p 0000f000 08:02 1188440                    /usr/lib/x86_64-linux-gnu/libXi.so.6.1.0
7f4970696000-7f4970697000 r--p 0000e000 08:02 1188440                    /usr/lib/x86_64-linux-gnu/libXi.so.6.1.0
7f4970697000-7f4970698000 rw-p 0000f000 08:02 1188440                    /usr/lib/x86_64-linux-gnu/libXi.so.6.1.0
7f4970698000-7f497069d000 r-xp 00000000 08:02 1187956                    /usr/lib/x86_64-linux-gnu/libXtst.so.6.1.0
7f497069d000-7f497089c000 ---p 00005000 08:02 1187956                    /usr/lib/x86_64-linux-gnu/libXtst.so.6.1.0
7f497089c000-7f497089d000 r--p 00004000 08:02 1187956                    /usr/lib/x86_64-linux-gnu/libXtst.so.6.1.0
7f497089d000-7f497089e000 rw-p 00005000 08:02 1187956                    /usr/lib/x86_64-linux-gnu/libXtst.so.6.1.0
7f49708a0000-7f49708a9000 r-xp 00000000 08:02 1190129                    /usr/lib/x86_64-linux-gnu/libXrender.so.1.3.0
7f49708a9000-7f4970aa8000 ---p 00009000 08:02 1190129                    /usr/lib/x86_64-linux-gnu/libXrender.so.1.3.0
7f4970aa8000-7f4970aa9000 r--p 00008000 08:02 1190129                    /usr/lib/x86_64-linux-gnu/libXrender.so.1.3.0
7f4970aa9000-7f4970aaa000 rw-p 00009000 08:02 1190129                    /usr/lib/x86_64-linux-gnu/libXrender.so.1.3.0
7f4970ab0000-7f4970be0000 r-xp 00000000 08:02 1187913                    /usr/lib/x86_64-linux-gnu/libX11.so.6.3.0
7f4970be0000-7f4970de0000 ---p 00130000 08:02 1187913                    /usr/lib/x86_64-linux-gnu/libX11.so.6.3.0
7f4970de0000-7f4970de1000 r--p 00130000 08:02 1187913                    /usr/lib/x86_64-linux-gnu/libX11.so.6.3.0
7f4970de1000-7f4970de5000 rw-p 00131000 08:02 1187913                    /usr/lib/x86_64-linux-gnu/libX11.so.6.3.0
7f4970de8000-7f4970df9000 r-xp 00000000 08:02 1190118                    /usr/lib/x86_64-linux-gnu/libXext.so.6.4.0
7f4970df9000-7f4970ff8000 ---p 00011000 08:02 1190118                    /usr/lib/x86_64-linux-gnu/libXext.so.6.4.0
7f4970ff8000-7f4970ff9000 r--p 00010000 08:02 1190118                    /usr/lib/x86_64-linux-gnu/libXext.so.6.4.0
7f4970ff9000-7f4970ffa000 rw-p 00011000 08:02 1190118                    /usr/lib/x86_64-linux-gnu/libXext.so.6.4.0
7f4971000000-7f4971270000 rwxp 00000000 00:00 0 
7f4971270000-7f497454c000 rw-p 00000000 00:00 0 
7f497454c000-7f4978000000 ---p 00000000 00:00 0 
7f4978000000-7f4978001000 r--s 00000000 08:02 2756953                    /var/cache/fontconfig/0c9eb80ebd1c36541ebe2852d3bb0c49-le64.cache-4
7f4978008000-7f497800b000 r--s 00000000 08:02 2756942                    /var/cache/fontconfig/e13b20fdb08344e0e664864cc2ede53d-le64.cache-4
7f497800d000-7f4978012000 r--s 0004d000 08:02 1310924                    /usr/lib/jvm/java-7-openjdk-amd64/jre/lib/jsse.jar
7f4978018000-7f4978028000 r--s 00000000 08:02 2362835                    /usr/share/fonts/type1/gsfonts/a010015l.pfb
7f4978028000-7f4978032000 r--s 00000000 08:02 2362097                    /usr/share/fonts/X11/Type1/c0611bt_.pfb
7f4978038000-7f4978041000 r--s 00000000 08:02 2362105                    /usr/share/fonts/X11/Type1/c0649bt_.pfb
7f4978048000-7f4978051000 r--s 00000000 08:02 2362101                    /usr/share/fonts/X11/Type1/c0633bt_.pfb
7f4978058000-7f4978062000 r--s 00000000 08:02 2362091                    /usr/share/fonts/X11/Type1/c0419bt_.pfb
7f4978068000-7f4978072000 r--s 00000000 08:02 2362095                    /usr/share/fonts/X11/Type1/c0583bt_.pfb
7f4978078000-7f4978082000 r--s 00000000 08:02 2362093                    /usr/share/fonts/X11/Type1/c0582bt_.pfb
7f4978088000-7f4978091000 r--s 00000000 08:02 2362103                    /usr/share/fonts/X11/Type1/c0648bt_.pfb
7f4978098000-7f49780a2000 r--s 00000000 08:02 2362937                    /usr/share/fonts/type1/mathml/Symbol.pfb
7f49780a8000-7f49780b1000 r--s 00000000 08:02 2362099                    /usr/share/fonts/X11/Type1/c0632bt_.pfb
7f49780b8000-7f49780bf000 r--s 00000000 08:02 1713734                    /usr/lib/x86_64-linux-gnu/gconv/gconv-modules.cache
7f49780c6000-7f49780f7000 rw-p 00000000 00:00 0 
7f49780f7000-7f49780fa000 ---p 00000000 00:00 0 
7f49780fa000-7f49781f8000 rw-p 00000000 00:00 0                          [stack:8613]
7f49781f8000-7f4978240000 r-xp 00000000 08:02 1311229                    /usr/lib/jvm/java-7-openjdk-amd64/jre/lib/amd64/xawt/libmawt.so
7f4978240000-7f497843f000 ---p 00048000 08:02 1311229                    /usr/lib/jvm/java-7-openjdk-amd64/jre/lib/amd64/xawt/libmawt.so
7f497843f000-7f4978440000 r--p 00047000 08:02 1311229                    /usr/lib/jvm/java-7-openjdk-amd64/jre/lib/amd64/xawt/libmawt.so
7f4978440000-7f4978443000 rw-p 00048000 08:02 1311229                    /usr/lib/jvm/java-7-openjdk-amd64/jre/lib/amd64/xawt/libmawt.so
7f4978443000-7f4978444000 rw-p 00000000 00:00 0 
7f4978448000-7f49784e8000 r-xp 00000000 08:02 1317752                    /usr/lib/jvm/java-7-openjdk-amd64/jre/lib/amd64/libawt.so
7f49784e8000-7f49786e8000 ---p 000a0000 08:02 1317752                    /usr/lib/jvm/java-7-openjdk-amd64/jre/lib/amd64/libawt.so
7f49786e8000-7f49786e9000 r--p 000a0000 08:02 1317752                    /usr/lib/jvm/java-7-openjdk-amd64/jre/lib/amd64/libawt.so
7f49786e9000-7f49786f4000 rw-p 000a1000 08:02 1317752                    /usr/lib/jvm/java-7-openjdk-amd64/jre/lib/amd64/libawt.so
7f49786f4000-7f4978719000 rw-p 00000000 00:00 0 
7f497871e000-7f4978728000 r--s 000ae000 08:02 1310920                    /usr/lib/jvm/java-7-openjdk-amd64/jre/lib/resources.jar
7f497872f000-7f4978731000 r--s 0061f000 08:02 2244944                    /home/xrousakis/.m2/repository/org/bytedeco/javacpp-presets/ffmpeg/2.2.1-0.8/ffmpeg-2.2.1-0.8-linux-x86_64.jar
7f4978738000-7f497873c000 r--s 00000000 08:02 2756952                    /var/cache/fontconfig/7ef2298fde41cc6eeb7af42e48b7d293-le64.cache-4
7f497873e000-7f4978742000 r--s 000a6000 08:02 2901832                    /home/xrousakis/.m2/repository/net/java/dev/jna/jna/3.5.1/jna-3.5.1.jar
7f4978743000-7f4978745000 r--s 0000b000 08:02 2105256                    /home/xrousakis/.m2/repository/com/github/tulskiy/jkeymaster/1.1/jkeymaster-1.1.jar
7f4978749000-7f497874b000 r--s 00029000 08:02 2244940                    /home/xrousakis/.m2/repository/org/bytedeco/javacpp-presets/artoolkitplus/2.3.0-0.8/artoolkitplus-2.3.0-0.8-linux-x86_64.jar
7f4978750000-7f4978751000 r--s 00000000 08:02 2244936                    /home/xrousakis/.m2/repository/org/bytedeco/javacpp-presets/videoinput/0.200-0.8/videoinput-0.200-0.8-linux-x86_64.jar
7f4978752000-7f4978754000 r--s 00012000 08:02 2244934                    /home/xrousakis/.m2/repository/org/bytedeco/javacpp-presets/libfreenect/0.4-0.8/libfreenect-0.4-0.8-linux-x86_64.jar
7f4978757000-7f4978758000 r--s 00027000 08:02 2244931                    /home/xrousakis/.m2/repository/org/bytedeco/javacpp-presets/libdc1394/2.2.2-0.8/libdc1394-2.2.2-0.8-linux-x86_64.jar
7f4978758000-7f4978759000 r--s 00000000 08:02 2244929                    /home/xrousakis/.m2/repository/org/bytedeco/javacpp-presets/flycapture/1.7.17-0.8/flycapture-1.7.17-0.8-linux-x86_64.jar
7f497875d000-7f497875f000 r--s 00785000 08:02 2244956                    /home/xrousakis/.m2/repository/org/bytedeco/javacpp-presets/opencv/2.4.9-0.8/opencv-2.4.9-0.8-linux-x86_64.jar
7f4978765000-7f4978766000 r--s 00005000 08:02 2244924                    /home/xrousakis/.m2/repository/org/bytedeco/javacpp-presets/artoolkitplus/2.3.0-0.8/artoolkitplus-2.3.0-0.8.jar
7f497876b000-7f497876c000 r--s 00003000 08:02 2244923                    /home/xrousakis/.m2/repository/org/bytedeco/javacpp-presets/videoinput/0.200-0.8/videoinput-0.200-0.8.jar
7f497876c000-7f497876e000 r--s 00004000 08:02 2244920                    /home/xrousakis/.m2/repository/org/bytedeco/javacpp-presets/libfreenect/0.4-0.8/libfreenect-0.4-0.8.jar
7f497876e000-7f4978770000 r--s 00006000 08:02 2244916                    /home/xrousakis/.m2/repository/org/bytedeco/javacpp-presets/libdc1394/2.2.2-0.8/libdc1394-2.2.2-0.8.jar
7f4978774000-7f4978776000 r--s 00004000 08:02 2244911                    /home/xrousakis/.m2/repository/org/bytedeco/javacpp-presets/flycapture/1.7.17-0.8/flycapture-1.7.17-0.8.jar
7f4978776000-7f497877c000 r--s 0002e000 08:02 2244912                    /home/xrousakis/.m2/repository/org/bytedeco/javacpp-presets/ffmpeg/2.2.1-0.8/ffmpeg-2.2.1-0.8.jar
7f4978782000-7f4978794000 r--s 000b2000 08:02 2244913                    /home/xrousakis/.m2/repository/org/bytedeco/javacpp-presets/opencv/2.4.9-0.8/opencv-2.4.9-0.8.jar
7f497879a000-7f497879e000 r--s 0002a000 08:02 2244914                    /home/xrousakis/.m2/repository/org/bytedeco/javacpp/0.8/javacpp-0.8.jar
7f49787a4000-7f49787a9000 r--s 0004c000 08:02 2244918                    /home/xrousakis/.m2/repository/org/bytedeco/javacv/0.8/javacv-0.8.jar
7f49787aa000-7f49787ab000 r--s 00002000 08:02 1310936                    /usr/lib/jvm/java-7-openjdk-amd64/jre/lib/ext/dnsns.jar
7f49787ad000-7f49787b1000 r--s 00085000 08:02 1310935                    /usr/lib/jvm/java-7-openjdk-amd64/jre/lib/ext/localedata.jar
7f49787b7000-7f49787ba000 r--s 0000f000 08:02 1310939                    /usr/lib/jvm/java-7-openjdk-amd64/jre/lib/ext/icedtea-sound.jar
7f49787bc000-7f49787c0000 r--s 0003c000 08:02 1310938                    /usr/lib/jvm/java-7-openjdk-amd64/jre/lib/ext/sunpkcs11.jar
7f49787c6000-7f49787c8000 r--s 00006000 08:02 1842397                    /usr/share/java/java-atk-wrapper.jar
7f49787cc000-7f49787d0000 r--s 00034000 08:02 1310937                    /usr/lib/jvm/java-7-openjdk-amd64/jre/lib/ext/sunjce_provider.jar
7f49787d2000-7f49787d4000 r--s 00012000 08:02 1310942                    /usr/lib/jvm/java-7-openjdk-amd64/jre/lib/ext/zipfs.jar
7f49787db000-7f49787dc000 ---p 00000000 00:00 0 
7f49787dc000-7f49788dc000 rw-p 00000000 00:00 0                          [stack:8612]
7f49788dc000-7f49788df000 ---p 00000000 00:00 0 
7f49788df000-7f49789dd000 rw-p 00000000 00:00 0                          [stack:8611]
7f49789dd000-7f49789e0000 ---p 00000000 00:00 0 
7f49789e0000-7f4978ade000 rw-p 00000000 00:00 0                          [stack:8610]
7f4978ade000-7f4978ae1000 ---p 00000000 00:00 0 
7f4978ae1000-7f4978bdf000 rw-p 00000000 00:00 0                          [stack:8609]
7f4978bdf000-7f4978be2000 ---p 00000000 00:00 0 
7f4978be2000-7f4978ce0000 rw-p 00000000 00:00 0                          [stack:8608]
7f4978ce0000-7f4978faa000 r--p 00000000 08:02 1186322                    /usr/lib/locale/locale-archive
7f4978fb1000-7f4978fb4000 ---p 00000000 00:00 0 
7f4978fb4000-7f49790b2000 rw-p 00000000 00:00 0                          [stack:8607]
7f49790b2000-7f49790b5000 ---p 00000000 00:00 0 
7f49790b5000-7f49791b3000 rw-p 00000000 00:00 0                          [stack:8606]
7f49791b3000-7f49791b4000 ---p 00000000 00:00 0 
7f49791b4000-7f4979c69000 rw-p 00000000 00:00 0                          [stack:8605]
7f4979c69000-7f4979e1a000 r--s 01d29000 08:02 1310916                    /usr/lib/jvm/java-7-openjdk-amd64/jre/lib/rt.jar
7f4979e1b000-7f497a2e2000 rw-p 00000000 00:00 0 
7f497a2e2000-7f497a2e3000 ---p 00000000 00:00 0 
7f497a2e3000-7f497a3e3000 rw-p 00000000 00:00 0                          [stack:8604]
7f497a3e3000-7f497a3e4000 ---p 00000000 00:00 0 
7f497a3e4000-7f497a4ef000 rw-p 00000000 00:00 0                          [stack:8603]
7f497a4ef000-7f497a537000 rw-p 00000000 00:00 0 
7f497a537000-7f497a55c000 rw-p 00000000 00:00 0 
7f497a55c000-7f497a789000 rw-p 00000000 00:00 0 
7f497a789000-7f497a794000 rw-p 00000000 00:00 0 
7f497a794000-7f497a7dc000 rw-p 00000000 00:00 0 
7f497a7dc000-7f497a801000 rw-p 00000000 00:00 0 
7f497a801000-7f497aa2e000 rw-p 00000000 00:00 0 
7f497aa2e000-7f497aa4f000 rw-p 00000000 00:00 0 
7f497aa4f000-7f497ab57000 rw-p 00000000 00:00 0 
7f497ab57000-7f497ab58000 rw-p 00000000 00:00 0 
7f497ab58000-7f497ab60000 r-xp 00000000 08:02 1310955                    /usr/lib/jvm/java-7-openjdk-amd64/jre/lib/amd64/libzip.so
7f497ab60000-7f497ad5f000 ---p 00008000 08:02 1310955                    /usr/lib/jvm/java-7-openjdk-amd64/jre/lib/amd64/libzip.so
7f497ad5f000-7f497ad60000 r--p 00007000 08:02 1310955                    /usr/lib/jvm/java-7-openjdk-amd64/jre/lib/amd64/libzip.so
7f497ad60000-7f497ad61000 rw-p 00008000 08:02 1310955                    /usr/lib/jvm/java-7-openjdk-amd64/jre/lib/amd64/libzip.so
7f497ad68000-7f497ad73000 r-xp 00000000 08:02 1444608                    /lib/x86_64-linux-gnu/libnss_files-2.19.so
7f497ad73000-7f497af72000 ---p 0000b000 08:02 1444608                    /lib/x86_64-linux-gnu/libnss_files-2.19.so
7f497af72000-7f497af73000 r--p 0000a000 08:02 1444608                    /lib/x86_64-linux-gnu/libnss_files-2.19.so
7f497af73000-7f497af74000 rw-p 0000b000 08:02 1444608                    /lib/x86_64-linux-gnu/libnss_files-2.19.so
7f497af78000-7f497af83000 r-xp 00000000 08:02 1444820                    /lib/x86_64-linux-gnu/libnss_nis-2.19.so
7f497af83000-7f497b182000 ---p 0000b000 08:02 1444820                    /lib/x86_64-linux-gnu/libnss_nis-2.19.so
7f497b182000-7f497b183000 r--p 0000a000 08:02 1444820                    /lib/x86_64-linux-gnu/libnss_nis-2.19.so
7f497b183000-7f497b184000 rw-p 0000b000 08:02 1444820                    /lib/x86_64-linux-gnu/libnss_nis-2.19.so
7f497b188000-7f497b19f000 r-xp 00000000 08:02 1444807                    /lib/x86_64-linux-gnu/libnsl-2.19.so
7f497b19f000-7f497b39e000 ---p 00017000 08:02 1444807                    /lib/x86_64-linux-gnu/libnsl-2.19.so
7f497b39e000-7f497b39f000 r--p 00016000 08:02 1444807                    /lib/x86_64-linux-gnu/libnsl-2.19.so
7f497b39f000-7f497b3a0000 rw-p 00017000 08:02 1444807                    /lib/x86_64-linux-gnu/libnsl-2.19.so
7f497b3a0000-7f497b3a2000 rw-p 00000000 00:00 0 
7f497b3a8000-7f497b3b1000 r-xp 00000000 08:02 1444806                    /lib/x86_64-linux-gnu/libnss_compat-2.19.so
7f497b3b1000-7f497b5b0000 ---p 00009000 08:02 1444806                    /lib/x86_64-linux-gnu/libnss_compat-2.19.so
7f497b5b0000-7f497b5b1000 r--p 00008000 08:02 1444806                    /lib/x86_64-linux-gnu/libnss_compat-2.19.so
7f497b5b1000-7f497b5b2000 rw-p 00009000 08:02 1444806                    /lib/x86_64-linux-gnu/libnss_compat-2.19.so
7f497b5b8000-7f497b5e3000 r-xp 00000000 08:02 1317774                    /usr/lib/jvm/java-7-openjdk-amd64/jre/lib/amd64/libjava.so
7f497b5e3000-7f497b7e2000 ---p 0002b000 08:02 1317774                    /usr/lib/jvm/java-7-openjdk-amd64/jre/lib/amd64/libjava.so
7f497b7e2000-7f497b7e3000 r--p 0002a000 08:02 1317774                    /usr/lib/jvm/java-7-openjdk-amd64/jre/lib/amd64/libjava.so
7f497b7e3000-7f497b7e5000 rw-p 0002b000 08:02 1317774                    /usr/lib/jvm/java-7-openjdk-amd64/jre/lib/amd64/libjava.so
7f497b7e8000-7f497b7f8000 r-xp 00000000 08:02 1317755                    /usr/lib/jvm/java-7-openjdk-amd64/jre/lib/amd64/libverify.so
7f497b7f8000-7f497b9f7000 ---p 00010000 08:02 1317755                    /usr/lib/jvm/java-7-openjdk-amd64/jre/lib/amd64/libverify.so
7f497b9f7000-7f497b9f9000 r--p 0000f000 08:02 1317755                    /usr/lib/jvm/java-7-openjdk-amd64/jre/lib/amd64/libverify.so
7f497b9f9000-7f497b9fa000 rw-p 00011000 08:02 1317755                    /usr/lib/jvm/java-7-openjdk-amd64/jre/lib/amd64/libverify.so
7f497ba00000-7f497ba07000 r-xp 00000000 08:02 1444817                    /lib/x86_64-linux-gnu/librt-2.19.so
7f497ba07000-7f497bc06000 ---p 00007000 08:02 1444817                    /lib/x86_64-linux-gnu/librt-2.19.so
7f497bc06000-7f497bc07000 r--p 00006000 08:02 1444817                    /lib/x86_64-linux-gnu/librt-2.19.so
7f497bc07000-7f497bc08000 rw-p 00007000 08:02 1444817                    /lib/x86_64-linux-gnu/librt-2.19.so
7f497bc08000-7f497bc1e000 r-xp 00000000 08:02 1441904                    /lib/x86_64-linux-gnu/libgcc_s.so.1
7f497bc1e000-7f497be1d000 ---p 00016000 08:02 1441904                    /lib/x86_64-linux-gnu/libgcc_s.so.1
7f497be1d000-7f497be1e000 rw-p 00015000 08:02 1441904                    /lib/x86_64-linux-gnu/libgcc_s.so.1
7f497be20000-7f497bf25000 r-xp 00000000 08:02 1443041                    /lib/x86_64-linux-gnu/libm-2.19.so
7f497bf25000-7f497c124000 ---p 00105000 08:02 1443041                    /lib/x86_64-linux-gnu/libm-2.19.so
7f497c124000-7f497c125000 r--p 00104000 08:02 1443041                    /lib/x86_64-linux-gnu/libm-2.19.so
7f497c125000-7f497c126000 rw-p 00105000 08:02 1443041                    /lib/x86_64-linux-gnu/libm-2.19.so
7f497c128000-7f497c20e000 r-xp 00000000 08:02 1188933                    /usr/lib/x86_64-linux-gnu/libstdc++.so.6.0.19
7f497c20e000-7f497c40d000 ---p 000e6000 08:02 1188933                    /usr/lib/x86_64-linux-gnu/libstdc++.so.6.0.19
7f497c40d000-7f497c415000 r--p 000e5000 08:02 1188933                    /usr/lib/x86_64-linux-gnu/libstdc++.so.6.0.19
7f497c415000-7f497c417000 rw-p 000ed000 08:02 1188933                    /usr/lib/x86_64-linux-gnu/libstdc++.so.6.0.19
7f497c417000-7f497c42c000 rw-p 00000000 00:00 0 
7f497c430000-7f497cf49000 r-xp 00000000 08:02 1317743                    /usr/lib/jvm/java-7-openjdk-amd64/jre/lib/amd64/server/libjvm.so
7f497cf49000-7f497d149000 ---p 00b19000 08:02 1317743                    /usr/lib/jvm/java-7-openjdk-amd64/jre/lib/amd64/server/libjvm.so
7f497d149000-7f497d1e3000 r--p 00b19000 08:02 1317743                    /usr/lib/jvm/java-7-openjdk-amd64/jre/lib/amd64/server/libjvm.so
7f497d1e3000-7f497d206000 rw-p 00bb3000 08:02 1317743                    /usr/lib/jvm/java-7-openjdk-amd64/jre/lib/amd64/server/libjvm.so
7f497d206000-7f497d234000 rw-p 00000000 00:00 0 
7f497d238000-7f497d250000 r-xp 00000000 08:02 1446050                    /lib/x86_64-linux-gnu/libz.so.1.2.8
7f497d250000-7f497d44f000 ---p 00018000 08:02 1446050                    /lib/x86_64-linux-gnu/libz.so.1.2.8
7f497d44f000-7f497d450000 r--p 00017000 08:02 1446050                    /lib/x86_64-linux-gnu/libz.so.1.2.8
7f497d450000-7f497d451000 rw-p 00018000 08:02 1446050                    /lib/x86_64-linux-gnu/libz.so.1.2.8
7f497d458000-7f497d471000 r-xp 00000000 08:02 1444815                    /lib/x86_64-linux-gnu/libpthread-2.19.so
7f497d471000-7f497d670000 ---p 00019000 08:02 1444815                    /lib/x86_64-linux-gnu/libpthread-2.19.so
7f497d670000-7f497d671000 r--p 00018000 08:02 1444815                    /lib/x86_64-linux-gnu/libpthread-2.19.so
7f497d671000-7f497d672000 rw-p 00019000 08:02 1444815                    /lib/x86_64-linux-gnu/libpthread-2.19.so
7f497d672000-7f497d676000 rw-p 00000000 00:00 0 
7f497d678000-7f497d67b000 r-xp 00000000 08:02 1444799                    /lib/x86_64-linux-gnu/libdl-2.19.so
7f497d67b000-7f497d87a000 ---p 00003000 08:02 1444799                    /lib/x86_64-linux-gnu/libdl-2.19.so
7f497d87a000-7f497d87b000 r--p 00002000 08:02 1444799                    /lib/x86_64-linux-gnu/libdl-2.19.so
7f497d87b000-7f497d87c000 rw-p 00003000 08:02 1444799                    /lib/x86_64-linux-gnu/libdl-2.19.so
7f497d880000-7f497da3b000 r-xp 00000000 08:02 1444814                    /lib/x86_64-linux-gnu/libc-2.19.so
7f497da3b000-7f497dc3a000 ---p 001bb000 08:02 1444814                    /lib/x86_64-linux-gnu/libc-2.19.so
7f497dc3a000-7f497dc3e000 r--p 001ba000 08:02 1444814                    /lib/x86_64-linux-gnu/libc-2.19.so
7f497dc3e000-7f497dc40000 rw-p 001be000 08:02 1444814                    /lib/x86_64-linux-gnu/libc-2.19.so
7f497dc40000-7f497dc45000 rw-p 00000000 00:00 0 
7f497dc48000-7f497dc55000 r-xp 00000000 08:02 1317741                    /usr/lib/jvm/java-7-openjdk-amd64/jre/lib/amd64/jli/libjli.so
7f497dc55000-7f497de54000 ---p 0000d000 08:02 1317741                    /usr/lib/jvm/java-7-openjdk-amd64/jre/lib/amd64/jli/libjli.so
7f497de54000-7f497de55000 r--p 0000c000 08:02 1317741                    /usr/lib/jvm/java-7-openjdk-amd64/jre/lib/amd64/jli/libjli.so
7f497de55000-7f497de56000 rw-p 0000d000 08:02 1317741                    /usr/lib/jvm/java-7-openjdk-amd64/jre/lib/amd64/jli/libjli.so
7f497de58000-7f497de7b000 r-xp 00000000 08:02 1444811                    /lib/x86_64-linux-gnu/ld-2.19.so
7f497de81000-7f497deb2000 rw-p 00000000 00:00 0 
7f497deb2000-7f497df68000 rw-p 00000000 00:00 0 
7f497df68000-7f497df70000 rw-s 00000000 08:02 262540                     /tmp/hsperfdata_xrousakis/8598
7f497df74000-7f497df75000 rw-p 00000000 00:00 0 
7f497df75000-7f497df76000 rwxp 00000000 00:00 0 
7f497df76000-7f497df77000 rw-p 00000000 00:00 0 
7f497df77000-7f497df7a000 ---p 00000000 00:00 0 
7f497df7a000-7f497e07a000 rw-p 00000000 00:00 0                          [stack:8602]
7f497e07a000-7f497e07b000 r--p 00022000 08:02 1444811                    /lib/x86_64-linux-gnu/ld-2.19.so
7f497e07b000-7f497e07c000 rw-p 00023000 08:02 1444811                    /lib/x86_64-linux-gnu/ld-2.19.so
7f497e07c000-7f497e07d000 rw-p 00000000 00:00 0 
7f497e07d000-7f497e07e000 r--p 00000000 00:00 0 
7f497e07e000-7f497e083000 rw-p 00000000 00:00 0 
7fffedef3000-7fffedf15000 rw-p 00000000 00:00 0                          [stack]
7fffee000000-7fffee002000 r-xp 00000000 00:00 0                          [vdso]
ffffffffff600000-ffffffffff601000 r-xp 00000000 00:00 0                  [vsyscall]

VM Arguments:
java_command: org.scify.jthinkfreedom.gui.ApplicationLauncher
Launcher Type: SUN_STANDARD

Environment Variables:
JAVA_HOME=/usr/lib/jvm/default-java
PATH=/usr/local/sbin:/usr/local/bin:/usr/sbin:/usr/bin:/sbin:/bin:/usr/games:/usr/local/games
USERNAME=xrousakis
LD_LIBRARY_PATH=/usr/lib/jvm/default-java/jre/lib/amd64:/usr/lib/jvm/default-java/jre/lib/i386:
SHELL=/bin/bash
DISPLAY=:0.0

Signal Handlers:
SIGSEGV: [libjvm.so+0x94bab0], sa_mask[0]=0x7ffbfeff, sa_flags=0x10000004
SIGBUS: [libjvm.so+0x94bab0], sa_mask[0]=0x7ffbfeff, sa_flags=0x10000004
SIGFPE: [libjvm.so+0x7c38b0], sa_mask[0]=0x7ffbfeff, sa_flags=0x10000004
SIGPIPE: [libjvm.so+0x7c38b0], sa_mask[0]=0x7ffbfeff, sa_flags=0x10000004
SIGXFSZ: [libjvm.so+0x7c38b0], sa_mask[0]=0x7ffbfeff, sa_flags=0x10000004
SIGILL: [libjvm.so+0x7c38b0], sa_mask[0]=0x7ffbfeff, sa_flags=0x10000004
SIGUSR1: SIG_DFL, sa_mask[0]=0x00000000, sa_flags=0x00000000
SIGUSR2: [libjvm.so+0x7c3750], sa_mask[0]=0x00000004, sa_flags=0x10000004
SIGHUP: [libjvm.so+0x7c3930], sa_mask[0]=0x7ffbfeff, sa_flags=0x10000004
SIGINT: SIG_IGN, sa_mask[0]=0x00000000, sa_flags=0x00000000
SIGTERM: [libjvm.so+0x7c3930], sa_mask[0]=0x7ffbfeff, sa_flags=0x10000004
SIGQUIT: [libjvm.so+0x7c3930], sa_mask[0]=0x7ffbfeff, sa_flags=0x10000004
SIGTRAP: SIG_DFL, sa_mask[0]=0x00000000, sa_flags=0x00000000


---------------  S Y S T E M  ---------------

OS:LinuxMint 17 (qiana)
uname:Linux 3.14.8-031408-generic #201406161755 SMP Mon Jun 16 21:56:09 UTC 2014 x86_64
libc:glibc 2.19 NPTL 2.19 
rlimit: STACK 8192k, CORE 0k, NPROC 55132, NOFILE 4096, AS infinity
load average:1,11 0,98 0,95

/proc/meminfo:
MemTotal:        7292072 kB
MemFree:         3644612 kB
MemAvailable:    4920736 kB
Buffers:          217036 kB
Cached:          1255728 kB
SwapCached:            0 kB
Active:          2502496 kB
Inactive:         872480 kB
Active(anon):    1903232 kB
Inactive(anon):    92312 kB
Active(file):     599264 kB
Inactive(file):   780168 kB
Unevictable:           0 kB
Mlocked:               0 kB
SwapTotal:       3361788 kB
SwapFree:        3361788 kB
Dirty:             10912 kB
Writeback:             0 kB
AnonPages:       1902208 kB
Mapped:           255528 kB
Shmem:             93336 kB
Slab:             157512 kB
SReclaimable:     131240 kB
SUnreclaim:        26272 kB
KernelStack:        3832 kB
PageTables:        31160 kB
NFS_Unstable:          0 kB
Bounce:                0 kB
WritebackTmp:          0 kB
CommitLimit:     7007824 kB
Committed_AS:    4950584 kB
VmallocTotal:   34359738367 kB
VmallocUsed:      315128 kB
VmallocChunk:   34359369956 kB
HardwareCorrupted:     0 kB
AnonHugePages:   1202176 kB
HugePages_Total:       0
HugePages_Free:        0
HugePages_Rsvd:        0
HugePages_Surp:        0
Hugepagesize:       2048 kB
DirectMap4k:       78168 kB
DirectMap2M:     3284992 kB
DirectMap1G:     4194304 kB


CPU:total 2 (2 cores per cpu, 1 threads per core) family 21 model 19 stepping 1, cmov, cx8, fxsr, mmx, sse, sse2, sse3, ssse3, sse4.1, sse4.2, popcnt, avx, aes, mmxext, 3dnowpref, lzcnt, sse4a, tsc, tscinvbit, tscinv

/proc/cpuinfo:
processor	: 0
vendor_id	: AuthenticAMD
cpu family	: 21
model		: 19
model name	: AMD A4-4000 APU with Radeon(tm) HD Graphics
stepping	: 1
microcode	: 0x6001119
cpu MHz		: 3000.000
cache size	: 1024 KB
physical id	: 0
siblings	: 2
core id		: 0
cpu cores	: 1
apicid		: 16
initial apicid	: 0
fpu		: yes
fpu_exception	: yes
cpuid level	: 13
wp		: yes
flags		: fpu vme de pse tsc msr pae mce cx8 apic sep mtrr pge mca cmov pat pse36 clflush mmx fxsr sse sse2 ht syscall nx mmxext fxsr_opt pdpe1gb rdtscp lm constant_tsc rep_good nopl nonstop_tsc extd_apicid aperfmperf pni pclmulqdq monitor ssse3 fma cx16 sse4_1 sse4_2 popcnt aes xsave avx f16c lahf_lm cmp_legacy svm extapic cr8_legacy abm sse4a misalignsse 3dnowprefetch osvw ibs xop skinit wdt lwp fma4 tce nodeid_msr tbm topoext perfctr_core perfctr_nb arat cpb hw_pstate npt lbrv svm_lock nrip_save tsc_scale vmcb_clean flushbyasid decodeassists pausefilter pfthreshold bmi1
bogomips	: 6029.96
TLB size	: 1536 4K pages
clflush size	: 64
cache_alignment	: 64
address sizes	: 48 bits physical, 48 bits virtual
power management: ts ttp tm 100mhzsteps hwpstate cpb eff_freq_ro

processor	: 1
vendor_id	: AuthenticAMD
cpu family	: 21
model		: 19
model name	: AMD A4-4000 APU with Radeon(tm) HD Graphics    
stepping	: 1
microcode	: 0x6001119
cpu MHz		: 3000.000
cache size	: 1024 KB
physical id	: 0
siblings	: 2
core id		: 1
cpu cores	: 1
apicid		: 17
initial apicid	: 1
fpu		: yes
fpu_exception	: yes
cpuid level	: 13
wp		: yes
flags		: fpu vme de pse tsc msr pae mce cx8 apic sep mtrr pge mca cmov pat pse36 clflush mmx fxsr sse sse2 ht syscall nx mmxext fxsr_opt pdpe1gb rdtscp lm constant_tsc rep_good nopl nonstop_tsc extd_apicid aperfmperf pni pclmulqdq monitor ssse3 fma cx16 sse4_1 sse4_2 popcnt aes xsave avx f16c lahf_lm cmp_legacy svm extapic cr8_legacy abm sse4a misalignsse 3dnowprefetch osvw ibs xop skinit wdt lwp fma4 tce nodeid_msr tbm topoext perfctr_core perfctr_nb arat cpb hw_pstate npt lbrv svm_lock nrip_save tsc_scale vmcb_clean flushbyasid decodeassists pausefilter pfthreshold bmi1
bogomips	: 6029.96
TLB size	: 1536 4K pages
clflush size	: 64
cache_alignment	: 64
address sizes	: 48 bits physical, 48 bits virtual
power management: ts ttp tm 100mhzsteps hwpstate cpb eff_freq_ro



Memory: 4k page, physical 7292072k(3644612k free), swap 3361788k(3361788k free)

vm_info: OpenJDK 64-Bit Server VM (24.79-b02) for linux-amd64 JRE (1.7.0_79-b14), built on Jul 24 2015 08:15:54 by "buildd" with gcc 4.8.2

time: Tue Aug 11 12:11:08 2015
elapsed time: 17 seconds

