#
# A fatal error has been detected by the Java Runtime Environment:
#
#  SIGSEGV (0xb) at pc=0x00007ffd6ff762cc, pid=16068, tid=140726798903040
#
# JRE version: OpenJDK Runtime Environment (7.0_79-b14) (build 1.7.0_79-b14)
# Java VM: OpenJDK 64-Bit Server VM (24.79-b02 mixed mode linux-amd64 compressed oops)
# Derivative: IcedTea 2.5.6
# Distribution: Ubuntu 14.04 LTS, package 7u79-2.5.6-0ubuntu1.14.04.1
# Problematic frame:
# C  [libjpeg.so.8+0x162cc]  jpeg_has_multiple_scans+0x2c
#
# Failed to write core dump. Core dumps have been disabled. To enable core dumping, try "ulimit -c unlimited" before starting Java again
#
# If you would like to submit a bug report, please include
# instructions on how to reproduce the bug and visit:
#   http://icedtea.classpath.org/bugzilla
# The crash happened outside the Java Virtual Machine in native code.
# See problematic frame for where to report the bug.
#

---------------  T H R E A D  ---------------

Current thread (0x00000000018d0000):  JavaThread "Image Fetcher 0" daemon [_thread_in_native, id=16105, stack(0x00007ffd82cbe000,0x00007ffd82dbf000)]

siginfo:si_signo=SIGSEGV: si_errno=0, si_code=1 (SEGV_MAPERR), si_addr=0x0000000000000020

Registers:
RAX=0x0000000000000000, RBX=0x00007ffd82dbd4d0, RCX=0x0000000000000001, RDX=0x0000000000000000
RSP=0x00007ffd82dbd1b8, RBP=0x00007ffd82dbd7a0, RSI=0x0000000000000001, RDI=0x00007ffd82dbd4d0
R8 =0x0000000000000000, R9 =0x00007ffd78000078, R10=0x00007ffd82dbcf80, R11=0x00007ffd6ff762a0
R12=0x0000000000000000, R13=0xffffffffffffffff, R14=0x00007ffd82dbd840, R15=0x00000000018d0000
RIP=0x00007ffd6ff762cc, EFLAGS=0x0000000000010293, CSGSFS=0x0000000000000033, ERR=0x0000000000000004
  TRAPNO=0x000000000000000e

Top of Stack: (sp=0x00007ffd82dbd1b8)
0x00007ffd82dbd1b8:   00007ffd6e4a7d33 00000000018d0000
0x00007ffd82dbd1c8:   00007ffdbe5e603b fffffff0ffffffff
0x00007ffd82dbd1d8:   0000000000000000 00007ffd6e4a7ad0
0x00007ffd82dbd1e8:   00007ffd82dbd278 00007ffd82dbd830
0x00007ffd82dbd1f8:   00007ffd82dbd838 00007ffd82dbd840
0x00007ffd82dbd208:   00000000018d01d8 00000000daef28ae
0x00007ffd82dbd218:   0000000000000292 00007ffd6e4a71e0
0x00007ffd82dbd228:   00007ffd6e4a7380 00007ffd6e4a7500
0x00007ffd82dbd238:   00007ffd6ff7e830 00007ffd6e4a7200
0x00007ffd82dbd248:   00007ffd82dbd838 00007ffd00000000
0x00007ffd82dbd258:   0000000000000000 00000000daef2740
0x00007ffd82dbd268:   00007ffd82dbd830 ffffffffffffffff
0x00007ffd82dbd278:   0000000000000000 0000000000000000
0x00007ffd82dbd288:   0000000000000000 00007ffd82dbd280
0x00007ffd82dbd298:   0000000086420280 00007ffd82dbd328
0x00007ffd82dbd2a8:   00000000864be230 0000000000000000
0x00007ffd82dbd2b8:   0000000086420318 0000000000000000
0x00007ffd82dbd2c8:   00007ffd82dbd320 00007ffd82dbd390
0x00007ffd82dbd2d8:   00007ffdb50004e7 0000000000000000
0x00007ffd82dbd2e8:   00007ffd6e4a7ad0 0000000000000000
0x00007ffd82dbd2f8:   00000000daef1d28 0000000000000006
0x00007ffd82dbd308:   0000000000000007 00000000dcf1b390
0x00007ffd82dbd318:   00000000dcf1b390 00000000daef2b40
0x00007ffd82dbd328:   0000000000000000 00007ffd00001fa0
0x00007ffd82dbd338:   00007ffd82dbd3d0 00007ffd82dbd5d0
0x00007ffd82dbd348:   00007ffd82dbd500 00000000018d0000
0x00007ffd82dbd358:   00007ffd8c009e40 00007ffd6e4a7280
0x00007ffd82dbd368:   00007ffd6ff83cf0 00007ffd6e4a7210
0x00007ffd82dbd378:   00007ffd6ff83d60 00007ffd6ff83d40
0x00007ffd82dbd388:   000000000000006a 000000000000003f
0x00007ffd82dbd398:   0000000300000000 0000000000000000
0x00007ffd82dbd3a8:   0000000000000000 00007ffd82dbd400 

Instructions: (pc=0x00007ffd6ff762cc)
0x00007ffd6ff762ac:   ff 83 fa 08 76 12 48 8b 17 89 42 2c 48 8b 07 c7
0x00007ffd6ff762bc:   42 28 15 00 00 00 ff 10 48 8b 83 58 02 00 00 5b
0x00007ffd6ff762cc:   8b 40 20 c3 53 8b 47 24 48 89 fb 8d 90 33 ff ff
0x00007ffd6ff762dc:   ff 83 fa 01 76 66 3d cf 00 00 00 74 47 3d d2 00 

Register to memory mapping:

RAX=0x0000000000000000 is an unknown value
RBX=0x00007ffd82dbd4d0 is pointing into the stack for thread: 0x00000000018d0000
RCX=0x0000000000000001 is an unknown value
RDX=0x0000000000000000 is an unknown value
RSP=0x00007ffd82dbd1b8 is pointing into the stack for thread: 0x00000000018d0000
RBP=0x00007ffd82dbd7a0 is pointing into the stack for thread: 0x00000000018d0000
RSI=0x0000000000000001 is an unknown value
RDI=0x00007ffd82dbd4d0 is pointing into the stack for thread: 0x00000000018d0000
R8 =0x0000000000000000 is an unknown value
R9 =0x00007ffd78000078 is an unknown value
R10=0x00007ffd82dbcf80 is pointing into the stack for thread: 0x00000000018d0000
R11=0x00007ffd6ff762a0: jpeg_has_multiple_scans+0 in /usr/lib/x86_64-linux-gnu/libjpeg.so.8 at 0x00007ffd6ff60000
R12=0x0000000000000000 is an unknown value
R13=0xffffffffffffffff is an unknown value
R14=0x00007ffd82dbd840 is pointing into the stack for thread: 0x00000000018d0000
R15=0x00000000018d0000 is a thread


Stack: [0x00007ffd82cbe000,0x00007ffd82dbf000],  sp=0x00007ffd82dbd1b8,  free space=1020k
Native frames: (J=compiled Java code, j=interpreted, Vv=VM code, C=native code)
C  [libjpeg.so.8+0x162cc]  jpeg_has_multiple_scans+0x2c
j  sun.awt.image.JPEGImageDecoder.readImage(Ljava/io/InputStream;[B)V+0
j  sun.awt.image.JPEGImageDecoder.produceImage()V+10
j  sun.awt.image.InputStreamImageSource.doFetch()V+51
j  sun.awt.image.ImageFetcher.fetchloop()V+33
j  sun.awt.image.ImageFetcher.run()V+5
v  ~StubRoutines::call_stub
V  [libjvm.so+0x5e80c9]  JavaCalls::call_helper(JavaValue*, methodHandle*, JavaCallArguments*, Thread*)+0x339
V  [libjvm.so+0x5e6f1e]  JavaCalls::call_virtual(JavaValue*, Handle, KlassHandle, Symbol*, Symbol*, Thread*)+0x20e
V  [libjvm.so+0x623391]  thread_entry(JavaThread*, Thread*)+0xd1
V  [libjvm.so+0x900f40]  JavaThread::thread_main_inner()+0xf0
V  [libjvm.so+0x9011b1]  JavaThread::run()+0x221
V  [libjvm.so+0x7c4f62]  java_start(Thread*)+0xf2

Java frames: (J=compiled Java code, j=interpreted, Vv=VM code)
j  sun.awt.image.JPEGImageDecoder.readImage(Ljava/io/InputStream;[B)V+0
j  sun.awt.image.JPEGImageDecoder.produceImage()V+10
j  sun.awt.image.InputStreamImageSource.doFetch()V+51
j  sun.awt.image.ImageFetcher.fetchloop()V+33
j  sun.awt.image.ImageFetcher.run()V+5
v  ~StubRoutines::call_stub

---------------  P R O C E S S  ---------------

Java Threads: ( => current thread )
  0x00007ffd7805b000 JavaThread "pool-3-thread-1" [_thread_blocked, id=16109, stack(0x00007ffd6f1a7000,0x00007ffd6f2a8000)]
  0x00000000018a7800 JavaThread "Thread-2" [_thread_blocked, id=16108, stack(0x00007ffd6ee62000,0x00007ffd6ef63000)]
  0x00000000018bb000 JavaThread "Thread-0" [_thread_blocked, id=16107, stack(0x00007ffd6ed61000,0x00007ffd6ee62000)]
  0x00000000017da000 JavaThread "Image Fetcher 1" daemon [_thread_blocked, id=16106, stack(0x00007ffd6e937000,0x00007ffd6ea38000)]
=>0x00000000018d0000 JavaThread "Image Fetcher 0" daemon [_thread_in_native, id=16105, stack(0x00007ffd82cbe000,0x00007ffd82dbf000)]
  0x00000000017f5800 JavaThread "TimerQueue" daemon [_thread_blocked, id=16091, stack(0x00007ffd6ef6f000,0x00007ffd6f070000)]
  0x00007ffdb800b000 JavaThread "DestroyJavaVM" [_thread_blocked, id=16070, stack(0x00007ffdc0f95000,0x00007ffdc1096000)]
  0x00007ffdb83ee000 JavaThread "AWT-EventQueue-0" [_thread_blocked, id=16089, stack(0x00007ffd6f75e000,0x00007ffd6f85f000)]
  0x00007ffdb83e2800 JavaThread "AWT-Shutdown" [_thread_blocked, id=16088, stack(0x00007ffd6f85f000,0x00007ffd6f960000)]
  0x00007ffdb82cd000 JavaThread "AWT-XAWT" daemon [_thread_in_native, id=16084, stack(0x00007ffd82dbf000,0x00007ffd82ec0000)]
  0x00007ffdb82b0000 JavaThread "Java2D Disposer" daemon [_thread_blocked, id=16083, stack(0x00007ffd832d7000,0x00007ffd833d8000)]
  0x00007ffdb80ae000 JavaThread "Service Thread" daemon [_thread_blocked, id=16081, stack(0x00007ffdb0b4c000,0x00007ffdb0c4d000)]
  0x00007ffdb80ab800 JavaThread "C2 CompilerThread1" daemon [_thread_blocked, id=16080, stack(0x00007ffdb0c4d000,0x00007ffdb0d4e000)]
  0x00007ffdb80a8800 JavaThread "C2 CompilerThread0" daemon [_thread_blocked, id=16079, stack(0x00007ffdb0d4e000,0x00007ffdb0e4f000)]
  0x00007ffdb80a6800 JavaThread "Signal Dispatcher" daemon [_thread_blocked, id=16078, stack(0x00007ffdb0e4f000,0x00007ffdb0f50000)]
  0x00007ffdb8078800 JavaThread "Finalizer" daemon [_thread_blocked, id=16077, stack(0x00007ffdb121f000,0x00007ffdb1320000)]
  0x00007ffdb8076800 JavaThread "Reference Handler" daemon [_thread_blocked, id=16076, stack(0x00007ffdbc0d2000,0x00007ffdbc1d3000)]

Other Threads:
  0x00007ffdb8072000 VMThread [stack: 0x00007ffdbc1d3000,0x00007ffdbc2d4000] [id=16075]
  0x00007ffdb80b8800 WatcherThread [stack: 0x00007ffdb0a4b000,0x00007ffdb0b4c000] [id=16082]

VM state:not at safepoint (normal execution)

VM Mutex/Monitor currently owned by a thread: None

Heap
 PSYoungGen      total 33792K, used 20350K [0x00000000dae00000, 0x00000000dd380000, 0x0000000100000000)
  eden space 29184K, 54% used [0x00000000dae00000,0x00000000dbd64c20,0x00000000dca80000)
  from space 4608K, 99% used [0x00000000dcf00000,0x00000000dd37aca0,0x00000000dd380000)
  to   space 4608K, 0% used [0x00000000dca80000,0x00000000dca80000,0x00000000dcf00000)
 ParOldGen       total 75776K, used 1868K [0x0000000090a00000, 0x0000000095400000, 0x00000000dae00000)
  object space 75776K, 2% used [0x0000000090a00000,0x0000000090bd31c0,0x0000000095400000)
 PSPermGen       total 22016K, used 21867K [0x0000000086400000, 0x0000000087980000, 0x0000000090a00000)
  object space 22016K, 99% used [0x0000000086400000,0x000000008795ac48,0x0000000087980000)

Card table byte_map: [0x00007ffdbd7a9000,0x00007ffdbdb78000] byte_map_base: 0x00007ffdbd377000

Polling page: 0x00007ffdc0f94000

Code Cache  [0x00007ffdb5000000, 0x00007ffdb5270000, 0x00007ffdb8000000)
 total_blobs=883 nmethods=295 adapters=542 free_code_cache=47856Kb largest_free_block=48937216

Compilation events (10 events):
Event: 28,335 Thread 0x00007ffdb80a8800  308 %           org.scify.jthinkfreedom.skeleton.sensors.SensorAdapter::updateStimuli @ 0 (49 bytes)
Event: 28,342 Thread 0x00007ffdb80a8800 nmethod 308% 0x00007ffdb5149850 code [0x00007ffdb51499c0, 0x00007ffdb5149c88]
Event: 30,339 Thread 0x00007ffdb80a8800  309             sun.reflect.ClassFileAssembler::emitByte (11 bytes)
Event: 30,341 Thread 0x00007ffdb80a8800 nmethod 309 0x00007ffdb5149410 code [0x00007ffdb5149560, 0x00007ffdb51496a8]
Event: 30,342 Thread 0x00007ffdb80a8800  310             sun.reflect.ByteVectorImpl::add (38 bytes)
Event: 30,343 Thread 0x00007ffdb80a8800 nmethod 310 0x00007ffdb5123c90 code [0x00007ffdb5123de0, 0x00007ffdb5123ec8]
Event: 30,603 Thread 0x00007ffdb80ab800  311             java.util.concurrent.locks.ReentrantLock$NonfairSync::lock (25 bytes)
Event: 30,606 Thread 0x00007ffdb80ab800 nmethod 311 0x00007ffdb5148fd0 code [0x00007ffdb5149140, 0x00007ffdb51492a8]
Event: 30,623 Thread 0x00007ffdb80a8800  312             sun.awt.X11.Native::getLong (25 bytes)
Event: 30,624 Thread 0x00007ffdb80a8800 nmethod 312 0x00007ffdb514c1d0 code [0x00007ffdb514c320, 0x00007ffdb514c3b8]

GC Heap History (4 events):
Event: 2,124 GC heap before
{Heap before GC invocations=1 (full 0):
 PSYoungGen      total 33792K, used 29184K [0x00000000dae00000, 0x00000000dd380000, 0x0000000100000000)
  eden space 29184K, 100% used [0x00000000dae00000,0x00000000dca80000,0x00000000dca80000)
  from space 4608K, 0% used [0x00000000dcf00000,0x00000000dcf00000,0x00000000dd380000)
  to   space 4608K, 0% used [0x00000000dca80000,0x00000000dca80000,0x00000000dcf00000)
 ParOldGen       total 75776K, used 0K [0x0000000090a00000, 0x0000000095400000, 0x00000000dae00000)
  object space 75776K, 0% used [0x0000000090a00000,0x0000000090a00000,0x0000000095400000)
 PSPermGen       total 21504K, used 16144K [0x0000000086400000, 0x0000000087900000, 0x0000000090a00000)
  object space 21504K, 75% used [0x0000000086400000,0x00000000873c4040,0x0000000087900000)
Event: 2,143 GC heap after
Heap after GC invocations=1 (full 0):
 PSYoungGen      total 33792K, used 3885K [0x00000000dae00000, 0x00000000dd380000, 0x0000000100000000)
  eden space 29184K, 0% used [0x00000000dae00000,0x00000000dae00000,0x00000000dca80000)
  from space 4608K, 84% used [0x00000000dca80000,0x00000000dce4b7d8,0x00000000dcf00000)
  to   space 4608K, 0% used [0x00000000dcf00000,0x00000000dcf00000,0x00000000dd380000)
 ParOldGen       total 75776K, used 8K [0x0000000090a00000, 0x0000000095400000, 0x00000000dae00000)
  object space 75776K, 0% used [0x0000000090a00000,0x0000000090a02000,0x0000000095400000)
 PSPermGen       total 21504K, used 16144K [0x0000000086400000, 0x0000000087900000, 0x0000000090a00000)
  object space 21504K, 75% used [0x0000000086400000,0x00000000873c4040,0x0000000087900000)
}
Event: 24,702 GC heap before
{Heap before GC invocations=2 (full 0):
 PSYoungGen      total 33792K, used 33069K [0x00000000dae00000, 0x00000000dd380000, 0x0000000100000000)
  eden space 29184K, 100% used [0x00000000dae00000,0x00000000dca80000,0x00000000dca80000)
  from space 4608K, 84% used [0x00000000dca80000,0x00000000dce4b7d8,0x00000000dcf00000)
  to   space 4608K, 0% used [0x00000000dcf00000,0x00000000dcf00000,0x00000000dd380000)
 ParOldGen       total 75776K, used 8K [0x0000000090a00000, 0x0000000095400000, 0x00000000dae00000)
  object space 75776K, 0% used [0x0000000090a00000,0x0000000090a02000,0x0000000095400000)
 PSPermGen       total 21504K, used 20817K [0x0000000086400000, 0x0000000087900000, 0x0000000090a00000)
  object space 21504K, 96% used [0x0000000086400000,0x0000000087854680,0x0000000087900000)
Event: 24,723 GC heap after
Heap after GC invocations=2 (full 0):
 PSYoungGen      total 33792K, used 4587K [0x00000000dae00000, 0x00000000dd380000, 0x0000000100000000)
  eden space 29184K, 0% used [0x00000000dae00000,0x00000000dae00000,0x00000000dca80000)
  from space 4608K, 99% used [0x00000000dcf00000,0x00000000dd37aca0,0x00000000dd380000)
  to   space 4608K, 0% used [0x00000000dca80000,0x00000000dca80000,0x00000000dcf00000)
 ParOldGen       total 75776K, used 1868K [0x0000000090a00000, 0x0000000095400000, 0x00000000dae00000)
  object space 75776K, 2% used [0x0000000090a00000,0x0000000090bd31c0,0x0000000095400000)
 PSPermGen       total 21504K, used 20817K [0x0000000086400000, 0x0000000087900000, 0x0000000090a00000)
  object space 21504K, 96% used [0x0000000086400000,0x0000000087854680,0x0000000087900000)
}

Deoptimization events (10 events):
Event: 27,300 Thread 0x00007ffdb83ee000 Uncommon trap: reason=unreached action=reinterpret pc=0x00007ffdb509cbd4 method=sun.util.logging.PlatformLogger.isLoggable(Lsun/util/logging/PlatformLogger$Level;)Z @ 18
Event: 27,300 Thread 0x00007ffdb83ee000 Uncommon trap: reason=class_check action=maybe_recompile pc=0x00007ffdb50f0554 method=sun.util.logging.PlatformLogger.finest(Ljava/lang/String;)V @ 8
Event: 27,300 Thread 0x00007ffdb83ee000 Uncommon trap: reason=class_check action=maybe_recompile pc=0x00007ffdb50f0554 method=sun.util.logging.PlatformLogger.finest(Ljava/lang/String;)V @ 8
Event: 27,300 Thread 0x00007ffdb83ee000 Uncommon trap: reason=class_check action=maybe_recompile pc=0x00007ffdb50f0554 method=sun.util.logging.PlatformLogger.finest(Ljava/lang/String;)V @ 8
Event: 27,303 Thread 0x00007ffdb83ee000 Uncommon trap: reason=class_check action=maybe_recompile pc=0x00007ffdb50f0554 method=sun.util.logging.PlatformLogger.finest(Ljava/lang/String;)V @ 8
Event: 27,304 Thread 0x00007ffdb82cd000 Uncommon trap: reason=class_check action=maybe_recompile pc=0x00007ffdb5112eb0 method=sun.util.logging.PlatformLogger.finest(Ljava/lang/String;)V @ 8
Event: 30,336 Thread 0x00000000018a7800 Uncommon trap: reason=unreached action=reinterpret pc=0x00007ffdb50cbec8 method=java.lang.ThreadLocal$ThreadLocalMap.getEntry(Ljava/lang/ThreadLocal;)Ljava/lang/ThreadLocal$ThreadLocalMap$Entry; @ 29
Event: 30,338 Thread 0x00000000018a7800 Uncommon trap: reason=unreached action=reinterpret pc=0x00007ffdb50cbb1c method=java.lang.ThreadLocal$ThreadLocalMap.getEntry(Ljava/lang/ThreadLocal;)Ljava/lang/ThreadLocal$ThreadLocalMap$Entry; @ 29
Event: 30,600 Thread 0x00000000018bb000 Uncommon trap: reason=unreached action=reinterpret pc=0x00007ffdb5148088 method=org.scify.jthinkfreedom.keyboard.sensors.KeyboardSensor.getData()Ljava/lang/Character; @ 4
Event: 30,600 Thread 0x00000000018bb000 Uncommon trap: reason=null_assert action=make_not_entrant pc=0x00007ffdb51523b8 method=org.scify.jthinkfreedom.keyboard.stimuli.CapturekeyStimulus.onDataReceived()V @ 44

Internal exceptions (10 events):
Event: 27,572 Thread 0x00000000018a7800 Threw 0x00000000db8f1818 at /build/openjdk-7-FO0dNI/openjdk-7-7u79-2.5.6/build/openjdk/hotspot/src/share/vm/prims/jvm.cpp:1284
Event: 27,574 Thread 0x00000000018a7800 Threw 0x00000000db901d30 at /build/openjdk-7-FO0dNI/openjdk-7-7u79-2.5.6/build/openjdk/hotspot/src/share/vm/prims/jvm.cpp:1284
Event: 27,579 Thread 0x00000000018a7800 Threw 0x00000000db91ff88 at /build/openjdk-7-FO0dNI/openjdk-7-7u79-2.5.6/build/openjdk/hotspot/src/share/vm/prims/jvm.cpp:1284
Event: 27,595 Thread 0x00000000018a7800 Threw 0x00000000db9313e0 at /build/openjdk-7-FO0dNI/openjdk-7-7u79-2.5.6/build/openjdk/hotspot/src/share/vm/prims/jvm.cpp:1284
Event: 27,602 Thread 0x00000000018a7800 Threw 0x00000000db94f168 at /build/openjdk-7-FO0dNI/openjdk-7-7u79-2.5.6/build/openjdk/hotspot/src/share/vm/prims/jvm.cpp:1284
Event: 27,603 Thread 0x00000000018a7800 Threw 0x00000000db95fff8 at /build/openjdk-7-FO0dNI/openjdk-7-7u79-2.5.6/build/openjdk/hotspot/src/share/vm/prims/jvm.cpp:1284
Event: 30,336 Thread 0x00000000018a7800 Threw 0x00000000db97e7c8 at /build/openjdk-7-FO0dNI/openjdk-7-7u79-2.5.6/build/openjdk/hotspot/src/share/vm/prims/jvm.cpp:1284
Event: 30,351 Thread 0x00000000018a7800 Threw 0x00000000dbcdefa0 at /build/openjdk-7-FO0dNI/openjdk-7-7u79-2.5.6/build/openjdk/hotspot/src/share/vm/prims/jvm.cpp:1284
Event: 30,600 Thread 0x00000000018bb000 Threw 0x00000000dbd0a688 at /build/openjdk-7-FO0dNI/openjdk-7-7u79-2.5.6/build/openjdk/hotspot/src/share/vm/prims/jvm.cpp:1284
Event: 30,608 Thread 0x00000000018bb000 Threw 0x00000000dbd41b58 at /build/openjdk-7-FO0dNI/openjdk-7-7u79-2.5.6/build/openjdk/hotspot/src/share/vm/prims/jvm.cpp:1284

Events (10 events):
Event: 30,608 loading class 0x00007ffd7808cd50
Event: 30,608 loading class 0x00007ffd7808cd50 done
Event: 30,610 Executing VM operation: RevokeBias
Event: 30,610 Executing VM operation: RevokeBias done
Event: 30,648 loading class 0x00007ffdb81f3940
Event: 30,648 loading class 0x00007ffdb81f3940 done
Event: 30,648 Executing VM operation: RevokeBias
Event: 30,648 Executing VM operation: RevokeBias done
Event: 30,649 loading class 0x00007ffd98032ec0
Event: 30,649 loading class 0x00007ffd98032ec0 done


Dynamic libraries:
00400000-00401000 r-xp 00000000 08:02 1323751                            /usr/lib/jvm/java-7-openjdk-amd64/jre/bin/java
00600000-00601000 r--p 00000000 08:02 1323751                            /usr/lib/jvm/java-7-openjdk-amd64/jre/bin/java
00601000-00602000 rw-p 00001000 08:02 1323751                            /usr/lib/jvm/java-7-openjdk-amd64/jre/bin/java
01739000-018e9000 rw-p 00000000 00:00 0                                  [heap]
86400000-87980000 rw-p 00000000 00:00 0 
87980000-90a00000 rw-p 00000000 00:00 0 
90a00000-95400000 rw-p 00000000 00:00 0 
95400000-dae00000 rw-p 00000000 00:00 0 
dae00000-dd380000 rw-p 00000000 00:00 0 
dd380000-100000000 rw-p 00000000 00:00 0 
7ffd68000000-7ffd68021000 rw-p 00000000 00:00 0 
7ffd68021000-7ffd6c000000 ---p 00000000 00:00 0 
7ffd6e33f000-7ffd6e4a0000 rw-p 00000000 00:00 0 
7ffd6e4a0000-7ffd6e4aa000 r-xp 00000000 08:02 1317748                    /usr/lib/jvm/java-7-openjdk-amd64/jre/lib/amd64/libjavajpeg.so
7ffd6e4aa000-7ffd6e6a9000 ---p 0000a000 08:02 1317748                    /usr/lib/jvm/java-7-openjdk-amd64/jre/lib/amd64/libjavajpeg.so
7ffd6e6a9000-7ffd6e6aa000 r--p 00009000 08:02 1317748                    /usr/lib/jvm/java-7-openjdk-amd64/jre/lib/amd64/libjavajpeg.so
7ffd6e6aa000-7ffd6e6ab000 rw-p 0000a000 08:02 1317748                    /usr/lib/jvm/java-7-openjdk-amd64/jre/lib/amd64/libjavajpeg.so
7ffd6e6b0000-7ffd6e937000 rw-s 00000000 00:04 12058640                   /SYSV00000000 (deleted)
7ffd6e937000-7ffd6e93a000 ---p 00000000 00:00 0 
7ffd6e93a000-7ffd6ea38000 rw-p 00000000 00:00 0                          [stack:16106]
7ffd6ea6f000-7ffd6eb48000 rw-p 00000000 00:00 0 
7ffd6eb48000-7ffd6eb5f000 r-xp 00000000 08:02 271511                     /tmp/jna-xrousakis/jna1809536403536525130.tmp (deleted)
7ffd6eb5f000-7ffd6ed5f000 ---p 00017000 08:02 271511                     /tmp/jna-xrousakis/jna1809536403536525130.tmp (deleted)
7ffd6ed5f000-7ffd6ed60000 r--p 00017000 08:02 271511                     /tmp/jna-xrousakis/jna1809536403536525130.tmp (deleted)
7ffd6ed60000-7ffd6ed61000 rw-p 00018000 08:02 271511                     /tmp/jna-xrousakis/jna1809536403536525130.tmp (deleted)
7ffd6ed61000-7ffd6ed64000 ---p 00000000 00:00 0 
7ffd6ed64000-7ffd6ee62000 rw-p 00000000 00:00 0                          [stack:16107]
7ffd6ee62000-7ffd6ee65000 ---p 00000000 00:00 0 
7ffd6ee65000-7ffd6ef63000 rw-p 00000000 00:00 0                          [stack:16108]
7ffd6ef63000-7ffd6ef6d000 r--s 00203000 08:02 1310919                    /usr/lib/jvm/java-7-openjdk-amd64/jre/lib/charsets.jar
7ffd6ef6f000-7ffd6ef72000 ---p 00000000 00:00 0 
7ffd6ef72000-7ffd6f070000 rw-p 00000000 00:00 0                          [stack:16091]
7ffd6f0a6000-7ffd6f0a9000 ---p 00000000 00:00 0 
7ffd6f0a9000-7ffd6f1a7000 rw-p 00000000 00:00 0 
7ffd6f1a7000-7ffd6f1aa000 ---p 00000000 00:00 0 
7ffd6f1aa000-7ffd6f2a8000 rw-p 00000000 00:00 0                          [stack:16109]
7ffd6f2a8000-7ffd6f2c3000 r--s 00000000 08:02 2362922                    /usr/share/fonts/type1/gsfonts/p052004l.pfb
7ffd6f2c8000-7ffd6f2e3000 r--s 00000000 08:02 2362925                    /usr/share/fonts/type1/gsfonts/p052023l.pfb
7ffd6f2e8000-7ffd6f2fa000 r--s 00000000 08:02 2362883                    /usr/share/fonts/type1/gsfonts/n019043l.pfb
7ffd6f300000-7ffd6f30c000 r--s 00000000 08:02 2362868                    /usr/share/fonts/type1/gsfonts/d050000l.pfb
7ffd6f310000-7ffd6f323000 r--s 00000000 08:02 2362847                    /usr/share/fonts/type1/gsfonts/b018015l.pfb
7ffd6f328000-7ffd6f339000 r--s 00000000 08:02 2362889                    /usr/share/fonts/type1/gsfonts/n019063l.pfb
7ffd6f340000-7ffd6f352000 r--s 00000000 08:02 2362853                    /usr/share/fonts/type1/gsfonts/b018035l.pfb
7ffd6f358000-7ffd6f368000 r--s 00000000 08:02 2362832                    /usr/share/fonts/type1/gsfonts/a010013l.pfb
7ffd6f368000-7ffd6f37f000 r--s 00000000 08:02 2362934                    /usr/share/fonts/type1/gsfonts/z003034l.pfb
7ffd6f380000-7ffd6f392000 r--s 00000000 08:02 2362886                    /usr/share/fonts/type1/gsfonts/n019044l.pfb
7ffd6f398000-7ffd6f3a1000 r--s 00000000 08:02 2362931                    /usr/share/fonts/type1/gsfonts/s050000l.pfb
7ffd6f3a8000-7ffd6f3a9000 r--s 00000000 08:02 2756976                    /var/cache/fontconfig/c05880de57d1f5e948fdfacc138775d9-le64.cache-4
7ffd6f3b0000-7ffd6f3bb000 r--s 00000000 08:02 2756975                    /var/cache/fontconfig/945677eb7aeaf62f1d50efc3fb3ec7d8-le64.cache-4
7ffd6f3c0000-7ffd6f3c2000 r--s 00000000 08:02 2756973                    /var/cache/fontconfig/99e8ed0e538f840c565b6ed5dad60d56-le64.cache-4
7ffd6f3c8000-7ffd6f3ce000 r--s 00000000 08:02 2756972                    /var/cache/fontconfig/2cd17615ca594fa2959ae173292e504c-le64.cache-4
7ffd6f3d0000-7ffd6f3d1000 r--s 00000000 08:02 2756971                    /var/cache/fontconfig/e7071f4a29fa870f4323321c154eba04-le64.cache-4
7ffd6f3d8000-7ffd6f3d9000 r--s 00000000 08:02 2756970                    /var/cache/fontconfig/0d8c3b2ac0904cb8a57a757ad11a4a08-le64.cache-4
7ffd6f3e0000-7ffd6f3e7000 r--s 00000000 08:02 2756969                    /var/cache/fontconfig/a755afe4a08bf5b97852ceb7400b47bc-le64.cache-4
7ffd6f3e8000-7ffd6f3f4000 r--s 00000000 08:02 2756968                    /var/cache/fontconfig/6d41288fd70b0be22e8c3a91e032eec0-le64.cache-4
7ffd6f3f8000-7ffd6f40c000 r--s 00000000 08:02 2756967                    /var/cache/fontconfig/04aabc0a78ac019cf9454389977116d2-le64.cache-4
7ffd6f410000-7ffd6f411000 r--s 00000000 08:02 2756966                    /var/cache/fontconfig/1ac9eb803944fde146138c791f5cc56a-le64.cache-4
7ffd6f418000-7ffd6f41c000 r--s 00000000 08:02 2756965                    /var/cache/fontconfig/385c0604a188198f04d133e54aba7fe7-le64.cache-4
7ffd6f420000-7ffd6f421000 r--s 00000000 08:02 2756964                    /var/cache/fontconfig/dc05db6664285cc2f12bf69c139ae4c3-le64.cache-4
7ffd6f428000-7ffd6f42a000 r--s 00000000 08:02 2756963                    /var/cache/fontconfig/767a8244fc0220cfb567a839d0392e0b-le64.cache-4
7ffd6f430000-7ffd6f431000 r--s 00000000 08:02 2753289                    /var/cache/fontconfig/4794a0821666d79190d59a36cb4f44b5-le64.cache-4
7ffd6f438000-7ffd6f43d000 r--s 00000000 08:02 2756961                    /var/cache/fontconfig/8801497958630a81b71ace7c5f9b32a8-le64.cache-4
7ffd6f440000-7ffd6f447000 r--s 00000000 08:02 2756960                    /var/cache/fontconfig/3047814df9a2f067bd2d96a2b9c36e5a-le64.cache-4
7ffd6f448000-7ffd6f449000 r--s 00000000 08:02 2756959                    /var/cache/fontconfig/56cf4f4769d0f4abc89a4895d7bd3ae1-le64.cache-4
7ffd6f450000-7ffd6f456000 r--s 00000000 08:02 2756957                    /var/cache/fontconfig/b47c4e1ecd0709278f4910c18777a504-le64.cache-4
7ffd6f458000-7ffd6f46b000 r--s 00000000 08:02 2756956                    /var/cache/fontconfig/d52a8644073d54c13679302ca1180695-le64.cache-4
7ffd6f470000-7ffd6f479000 r--s 00000000 08:02 2754543                    /var/cache/fontconfig/3f7329c5293ffd510edef78f73874cfd-le64.cache-4
7ffd6f480000-7ffd6f48b000 r--s 00000000 08:02 2756954                    /var/cache/fontconfig/d589a48862398ed80a3d6066f4f56f4c-le64.cache-4
7ffd6f490000-7ffd6f493000 r--s 00000000 08:02 2756942                    /var/cache/fontconfig/e13b20fdb08344e0e664864cc2ede53d-le64.cache-4
7ffd6f498000-7ffd6f49c000 r--s 00000000 08:02 2756952                    /var/cache/fontconfig/7ef2298fde41cc6eeb7af42e48b7d293-le64.cache-4
7ffd6f4a0000-7ffd6f4bb000 r--s 00000000 08:02 2362859                    /usr/share/fonts/type1/gsfonts/c059016l.pfb
7ffd6f4c0000-7ffd6f4d1000 r--s 00000000 08:02 2362841                    /usr/share/fonts/type1/gsfonts/a010035l.pfb
7ffd6f4d8000-7ffd6f4f0000 r--s 00000000 08:02 2362862                    /usr/share/fonts/type1/gsfonts/c059033l.pfb
7ffd6f4f0000-7ffd6f505000 r--s 00000000 08:02 2362850                    /usr/share/fonts/type1/gsfonts/b018032l.pfb
7ffd6f508000-7ffd6f55a000 r-xp 00000000 08:02 1317750                    /usr/lib/jvm/java-7-openjdk-amd64/jre/lib/amd64/libfontmanager.so
7ffd6f55a000-7ffd6f759000 ---p 00052000 08:02 1317750                    /usr/lib/jvm/java-7-openjdk-amd64/jre/lib/amd64/libfontmanager.so
7ffd6f759000-7ffd6f75c000 r--p 00051000 08:02 1317750                    /usr/lib/jvm/java-7-openjdk-amd64/jre/lib/amd64/libfontmanager.so
7ffd6f75c000-7ffd6f75d000 rw-p 00054000 08:02 1317750                    /usr/lib/jvm/java-7-openjdk-amd64/jre/lib/amd64/libfontmanager.so
7ffd6f75e000-7ffd6f761000 ---p 00000000 00:00 0 
7ffd6f761000-7ffd6f85f000 rw-p 00000000 00:00 0                          [stack:16089]
7ffd6f85f000-7ffd6f862000 ---p 00000000 00:00 0 
7ffd6f862000-7ffd6f960000 rw-p 00000000 00:00 0                          [stack:16088]
7ffd6f960000-7ffd6fb0d000 r-xp 00000000 08:02 271510                     /tmp/javacpp21432704051640/libjniopencv_core.so
7ffd6fb0d000-7ffd6fd0d000 ---p 001ad000 08:02 271510                     /tmp/javacpp21432704051640/libjniopencv_core.so
7ffd6fd0d000-7ffd6fd0e000 r--p 001ad000 08:02 271510                     /tmp/javacpp21432704051640/libjniopencv_core.so
7ffd6fd0e000-7ffd6fd10000 rw-p 001ae000 08:02 271510                     /tmp/javacpp21432704051640/libjniopencv_core.so
7ffd6fd10000-7ffd6fd5e000 r-xp 00000000 08:02 271509                     /tmp/javacpp21432704051640/libjniopencv_highgui.so
7ffd6fd5e000-7ffd6ff5d000 ---p 0004e000 08:02 271509                     /tmp/javacpp21432704051640/libjniopencv_highgui.so
7ffd6ff5d000-7ffd6ff5e000 r--p 0004d000 08:02 271509                     /tmp/javacpp21432704051640/libjniopencv_highgui.so
7ffd6ff5e000-7ffd6ff5f000 rw-p 0004e000 08:02 271509                     /tmp/javacpp21432704051640/libjniopencv_highgui.so
7ffd6ff60000-7ffd6ffa3000 r-xp 00000000 08:02 1188593                    /usr/lib/x86_64-linux-gnu/libjpeg.so.8.0.2
7ffd6ffa3000-7ffd701a3000 ---p 00043000 08:02 1188593                    /usr/lib/x86_64-linux-gnu/libjpeg.so.8.0.2
7ffd701a3000-7ffd701a4000 r--p 00043000 08:02 1188593                    /usr/lib/x86_64-linux-gnu/libjpeg.so.8.0.2
7ffd701a4000-7ffd701a5000 rw-p 00044000 08:02 1188593                    /usr/lib/x86_64-linux-gnu/libjpeg.so.8.0.2
7ffd701a5000-7ffd701b5000 rw-p 00000000 00:00 0 
7ffd701b8000-7ffd701dc000 r-xp 00000000 08:02 1188998                    /usr/lib/x86_64-linux-gnu/libv4lconvert.so.0.0.0
7ffd701dc000-7ffd703dc000 ---p 00024000 08:02 1188998                    /usr/lib/x86_64-linux-gnu/libv4lconvert.so.0.0.0
7ffd703dc000-7ffd703de000 r--p 00024000 08:02 1188998                    /usr/lib/x86_64-linux-gnu/libv4lconvert.so.0.0.0
7ffd703de000-7ffd703df000 rw-p 00026000 08:02 1188998                    /usr/lib/x86_64-linux-gnu/libv4lconvert.so.0.0.0
7ffd703df000-7ffd70431000 rw-p 00000000 00:00 0 
7ffd70438000-7ffd7043e000 r-xp 00000000 08:02 1188131                    /usr/lib/x86_64-linux-gnu/libdatrie.so.1.3.1
7ffd7043e000-7ffd7063d000 ---p 00006000 08:02 1188131                    /usr/lib/x86_64-linux-gnu/libdatrie.so.1.3.1
7ffd7063d000-7ffd7063e000 r--p 00005000 08:02 1188131                    /usr/lib/x86_64-linux-gnu/libdatrie.so.1.3.1
7ffd7063e000-7ffd7063f000 rw-p 00006000 08:02 1188131                    /usr/lib/x86_64-linux-gnu/libdatrie.so.1.3.1
7ffd70640000-7ffd7065a000 r-xp 00000000 08:02 1188402                    /usr/lib/x86_64-linux-gnu/libgraphite2.so.3.0.1
7ffd7065a000-7ffd70859000 ---p 0001a000 08:02 1188402                    /usr/lib/x86_64-linux-gnu/libgraphite2.so.3.0.1
7ffd70859000-7ffd7085b000 r--p 00019000 08:02 1188402                    /usr/lib/x86_64-linux-gnu/libgraphite2.so.3.0.1
7ffd7085b000-7ffd7085c000 rw-p 0001b000 08:02 1188402                    /usr/lib/x86_64-linux-gnu/libgraphite2.so.3.0.1
7ffd70860000-7ffd70869000 r-xp 00000000 08:02 1188996                    /usr/lib/x86_64-linux-gnu/libv4l2.so.0.0.0
7ffd70869000-7ffd70a68000 ---p 00009000 08:02 1188996                    /usr/lib/x86_64-linux-gnu/libv4l2.so.0.0.0
7ffd70a68000-7ffd70a69000 r--p 00008000 08:02 1188996                    /usr/lib/x86_64-linux-gnu/libv4l2.so.0.0.0
7ffd70a69000-7ffd70a6e000 rw-p 00009000 08:02 1188996                    /usr/lib/x86_64-linux-gnu/libv4l2.so.0.0.0
7ffd70a70000-7ffd70a78000 r-xp 00000000 08:02 1188953                    /usr/lib/x86_64-linux-gnu/libthai.so.0.2.0
7ffd70a78000-7ffd70c77000 ---p 00008000 08:02 1188953                    /usr/lib/x86_64-linux-gnu/libthai.so.0.2.0
7ffd70c77000-7ffd70c78000 r--p 00007000 08:02 1188953                    /usr/lib/x86_64-linux-gnu/libthai.so.0.2.0
7ffd70c78000-7ffd70c79000 rw-p 00008000 08:02 1188953                    /usr/lib/x86_64-linux-gnu/libthai.so.0.2.0
7ffd70c80000-7ffd70cd3000 r-xp 00000000 08:02 1179957                    /usr/lib/x86_64-linux-gnu/libharfbuzz.so.0.927.0
7ffd70cd3000-7ffd70ed3000 ---p 00053000 08:02 1179957                    /usr/lib/x86_64-linux-gnu/libharfbuzz.so.0.927.0
7ffd70ed3000-7ffd70ed4000 r--p 00053000 08:02 1179957                    /usr/lib/x86_64-linux-gnu/libharfbuzz.so.0.927.0
7ffd70ed4000-7ffd70ed5000 rw-p 00054000 08:02 1179957                    /usr/lib/x86_64-linux-gnu/libharfbuzz.so.0.927.0
7ffd70ed8000-7ffd70ee0000 r-xp 00000000 08:02 1189074                    /usr/lib/x86_64-linux-gnu/libxcb-render.so.0.0.0
7ffd70ee0000-7ffd710df000 ---p 00008000 08:02 1189074                    /usr/lib/x86_64-linux-gnu/libxcb-render.so.0.0.0
7ffd710df000-7ffd710e0000 r--p 00007000 08:02 1189074                    /usr/lib/x86_64-linux-gnu/libxcb-render.so.0.0.0
7ffd710e0000-7ffd710e1000 rw-p 00008000 08:02 1189074                    /usr/lib/x86_64-linux-gnu/libxcb-render.so.0.0.0
7ffd710e8000-7ffd710ea000 r-xp 00000000 08:02 1189078                    /usr/lib/x86_64-linux-gnu/libxcb-shm.so.0.0.0
7ffd710ea000-7ffd712e9000 ---p 00002000 08:02 1189078                    /usr/lib/x86_64-linux-gnu/libxcb-shm.so.0.0.0
7ffd712e9000-7ffd712ea000 r--p 00001000 08:02 1189078                    /usr/lib/x86_64-linux-gnu/libxcb-shm.so.0.0.0
7ffd712ea000-7ffd712eb000 rw-p 00002000 08:02 1189078                    /usr/lib/x86_64-linux-gnu/libxcb-shm.so.0.0.0
7ffd712f0000-7ffd71391000 r-xp 00000000 08:02 1188793                    /usr/lib/x86_64-linux-gnu/libpixman-1.so.0.30.2
7ffd71391000-7ffd71591000 ---p 000a1000 08:02 1188793                    /usr/lib/x86_64-linux-gnu/libpixman-1.so.0.30.2
7ffd71591000-7ffd71598000 r--p 000a1000 08:02 1188793                    /usr/lib/x86_64-linux-gnu/libpixman-1.so.0.30.2
7ffd71598000-7ffd71599000 rw-p 000a8000 08:02 1188793                    /usr/lib/x86_64-linux-gnu/libpixman-1.so.0.30.2
7ffd715a0000-7ffd715a2000 r-xp 00000000 08:02 1187926                    /usr/lib/x86_64-linux-gnu/libXdamage.so.1.1.0
7ffd715a2000-7ffd717a1000 ---p 00002000 08:02 1187926                    /usr/lib/x86_64-linux-gnu/libXdamage.so.1.1.0
7ffd717a1000-7ffd717a2000 r--p 00001000 08:02 1187926                    /usr/lib/x86_64-linux-gnu/libXdamage.so.1.1.0
7ffd717a2000-7ffd717a3000 rw-p 00002000 08:02 1187926                    /usr/lib/x86_64-linux-gnu/libXdamage.so.1.1.0
7ffd717a8000-7ffd717aa000 r-xp 00000000 08:02 1187922                    /usr/lib/x86_64-linux-gnu/libXcomposite.so.1.0.0
7ffd717aa000-7ffd719a9000 ---p 00002000 08:02 1187922                    /usr/lib/x86_64-linux-gnu/libXcomposite.so.1.0.0
7ffd719a9000-7ffd719aa000 r--p 00001000 08:02 1187922                    /usr/lib/x86_64-linux-gnu/libXcomposite.so.1.0.0
7ffd719aa000-7ffd719ab000 rw-p 00002000 08:02 1187922                    /usr/lib/x86_64-linux-gnu/libXcomposite.so.1.0.0
7ffd719b0000-7ffd719b9000 r-xp 00000000 08:02 1187948                    /usr/lib/x86_64-linux-gnu/libXrandr.so.2.2.0
7ffd719b9000-7ffd71bb8000 ---p 00009000 08:02 1187948                    /usr/lib/x86_64-linux-gnu/libXrandr.so.2.2.0
7ffd71bb8000-7ffd71bb9000 r--p 00008000 08:02 1187948                    /usr/lib/x86_64-linux-gnu/libXrandr.so.2.2.0
7ffd71bb9000-7ffd71bba000 rw-p 00009000 08:02 1187948                    /usr/lib/x86_64-linux-gnu/libXrandr.so.2.2.0
7ffd71bc0000-7ffd71bc2000 r-xp 00000000 08:02 1187940                    /usr/lib/x86_64-linux-gnu/libXinerama.so.1.0.0
7ffd71bc2000-7ffd71dc1000 ---p 00002000 08:02 1187940                    /usr/lib/x86_64-linux-gnu/libXinerama.so.1.0.0
7ffd71dc1000-7ffd71dc2000 r--p 00001000 08:02 1187940                    /usr/lib/x86_64-linux-gnu/libXinerama.so.1.0.0
7ffd71dc2000-7ffd71dc3000 rw-p 00002000 08:02 1187940                    /usr/lib/x86_64-linux-gnu/libXinerama.so.1.0.0
7ffd71dc8000-7ffd71dcd000 r-xp 00000000 08:02 1188994                    /usr/lib/x86_64-linux-gnu/libv4l1.so.0.0.0
7ffd71dcd000-7ffd71fcc000 ---p 00005000 08:02 1188994                    /usr/lib/x86_64-linux-gnu/libv4l1.so.0.0.0
7ffd71fcc000-7ffd71fcd000 r--p 00004000 08:02 1188994                    /usr/lib/x86_64-linux-gnu/libv4l1.so.0.0.0
7ffd71fcd000-7ffd71fce000 rw-p 00005000 08:02 1188994                    /usr/lib/x86_64-linux-gnu/libv4l1.so.0.0.0
7ffd71fd0000-7ffd7201a000 r-xp 00000000 08:02 1181864                    /usr/lib/x86_64-linux-gnu/libpango-1.0.so.0.3600.3
7ffd7201a000-7ffd7221a000 ---p 0004a000 08:02 1181864                    /usr/lib/x86_64-linux-gnu/libpango-1.0.so.0.3600.3
7ffd7221a000-7ffd7221c000 r--p 0004a000 08:02 1181864                    /usr/lib/x86_64-linux-gnu/libpango-1.0.so.0.3600.3
7ffd7221c000-7ffd7221d000 rw-p 0004c000 08:02 1181864                    /usr/lib/x86_64-linux-gnu/libpango-1.0.so.0.3600.3
7ffd72220000-7ffd72234000 r-xp 00000000 08:02 1181866                    /usr/lib/x86_64-linux-gnu/libpangoft2-1.0.so.0.3600.3
7ffd72234000-7ffd72433000 ---p 00014000 08:02 1181866                    /usr/lib/x86_64-linux-gnu/libpangoft2-1.0.so.0.3600.3
7ffd72433000-7ffd72434000 r--p 00013000 08:02 1181866                    /usr/lib/x86_64-linux-gnu/libpangoft2-1.0.so.0.3600.3
7ffd72434000-7ffd72435000 rw-p 00014000 08:02 1181866                    /usr/lib/x86_64-linux-gnu/libpangoft2-1.0.so.0.3600.3
7ffd72438000-7ffd72457000 r-xp 00000000 08:02 1188324                    /usr/lib/x86_64-linux-gnu/libgdk_pixbuf-2.0.so.0.3000.7
7ffd72457000-7ffd72657000 ---p 0001f000 08:02 1188324                    /usr/lib/x86_64-linux-gnu/libgdk_pixbuf-2.0.so.0.3000.7
7ffd72657000-7ffd72658000 r--p 0001f000 08:02 1188324                    /usr/lib/x86_64-linux-gnu/libgdk_pixbuf-2.0.so.0.3000.7
7ffd72658000-7ffd72659000 rw-p 00020000 08:02 1188324                    /usr/lib/x86_64-linux-gnu/libgdk_pixbuf-2.0.so.0.3000.7
7ffd72660000-7ffd72766000 r-xp 00000000 08:02 1184068                    /usr/lib/x86_64-linux-gnu/libcairo.so.2.11301.0
7ffd72766000-7ffd72965000 ---p 00106000 08:02 1184068                    /usr/lib/x86_64-linux-gnu/libcairo.so.2.11301.0
7ffd72965000-7ffd72968000 r--p 00105000 08:02 1184068                    /usr/lib/x86_64-linux-gnu/libcairo.so.2.11301.0
7ffd72968000-7ffd72969000 rw-p 00108000 08:02 1184068                    /usr/lib/x86_64-linux-gnu/libcairo.so.2.11301.0
7ffd72969000-7ffd7296b000 rw-p 00000000 00:00 0 
7ffd72970000-7ffd7298f000 r-xp 00000000 08:02 1188009                    /usr/lib/x86_64-linux-gnu/libatk-1.0.so.0.21009.1
7ffd7298f000-7ffd72b8f000 ---p 0001f000 08:02 1188009                    /usr/lib/x86_64-linux-gnu/libatk-1.0.so.0.21009.1
7ffd72b8f000-7ffd72b91000 r--p 0001f000 08:02 1188009                    /usr/lib/x86_64-linux-gnu/libatk-1.0.so.0.21009.1
7ffd72b91000-7ffd72b92000 rw-p 00021000 08:02 1188009                    /usr/lib/x86_64-linux-gnu/libatk-1.0.so.0.21009.1
7ffd72b98000-7ffd72ba3000 r-xp 00000000 08:02 1181862                    /usr/lib/x86_64-linux-gnu/libpangocairo-1.0.so.0.3600.3
7ffd72ba3000-7ffd72da3000 ---p 0000b000 08:02 1181862                    /usr/lib/x86_64-linux-gnu/libpangocairo-1.0.so.0.3600.3
7ffd72da3000-7ffd72da4000 r--p 0000b000 08:02 1181862                    /usr/lib/x86_64-linux-gnu/libpangocairo-1.0.so.0.3600.3
7ffd72da4000-7ffd72da5000 rw-p 0000c000 08:02 1181862                    /usr/lib/x86_64-linux-gnu/libpangocairo-1.0.so.0.3600.3
7ffd72da8000-7ffd72e55000 r-xp 00000000 08:02 1185800                    /usr/lib/x86_64-linux-gnu/libgdk-x11-2.0.so.0.2400.23
7ffd72e55000-7ffd73054000 ---p 000ad000 08:02 1185800                    /usr/lib/x86_64-linux-gnu/libgdk-x11-2.0.so.0.2400.23
7ffd73054000-7ffd73058000 r--p 000ac000 08:02 1185800                    /usr/lib/x86_64-linux-gnu/libgdk-x11-2.0.so.0.2400.23
7ffd73058000-7ffd7305a000 rw-p 000b0000 08:02 1185800                    /usr/lib/x86_64-linux-gnu/libgdk-x11-2.0.so.0.2400.23
7ffd73060000-7ffd7348f000 r-xp 00000000 08:02 1190134                    /usr/lib/x86_64-linux-gnu/libgtk-x11-2.0.so.0.2400.23
7ffd7348f000-7ffd7368e000 ---p 0042f000 08:02 1190134                    /usr/lib/x86_64-linux-gnu/libgtk-x11-2.0.so.0.2400.23
7ffd7368e000-7ffd73695000 r--p 0042e000 08:02 1190134                    /usr/lib/x86_64-linux-gnu/libgtk-x11-2.0.so.0.2400.23
7ffd73695000-7ffd73699000 rw-p 00435000 08:02 1190134                    /usr/lib/x86_64-linux-gnu/libgtk-x11-2.0.so.0.2400.23
7ffd73699000-7ffd7369c000 rw-p 00000000 00:00 0 
7ffd736a0000-7ffd738e7000 r-xp 00000000 08:02 271508                     /tmp/javacpp21432704051640/libopencv_highgui.so.2.4
7ffd738e7000-7ffd73ae7000 ---p 00247000 08:02 271508                     /tmp/javacpp21432704051640/libopencv_highgui.so.2.4
7ffd73ae7000-7ffd73aef000 r--p 00247000 08:02 271508                     /tmp/javacpp21432704051640/libopencv_highgui.so.2.4
7ffd73aef000-7ffd73af8000 rw-p 0024f000 08:02 271508                     /tmp/javacpp21432704051640/libopencv_highgui.so.2.4
7ffd73af8000-7ffd73b00000 rw-p 00000000 00:00 0 
7ffd73b00000-7ffd73d5b000 r-xp 00000000 08:02 271507                     /tmp/javacpp21432704051640/libopencv_imgproc.so.2.4
7ffd73d5b000-7ffd73f5b000 ---p 0025b000 08:02 271507                     /tmp/javacpp21432704051640/libopencv_imgproc.so.2.4
7ffd73f5b000-7ffd73f62000 r--p 0025b000 08:02 271507                     /tmp/javacpp21432704051640/libopencv_imgproc.so.2.4
7ffd73f62000-7ffd73f64000 rw-p 00262000 08:02 271507                     /tmp/javacpp21432704051640/libopencv_imgproc.so.2.4
7ffd73f64000-7ffd73ff9000 rw-p 00000000 00:00 0 
7ffd74000000-7ffd74021000 rw-p 00000000 00:00 0 
7ffd74021000-7ffd78000000 ---p 00000000 00:00 0 
7ffd78000000-7ffd780c0000 rw-p 00000000 00:00 0 
7ffd780c0000-7ffd7c000000 ---p 00000000 00:00 0 
7ffd7c000000-7ffd7c021000 rw-p 00000000 00:00 0 
7ffd7c021000-7ffd80000000 ---p 00000000 00:00 0 
7ffd80000000-7ffd80001000 r--s 00000000 08:02 2756958                    /var/cache/fontconfig/b9d506c9ac06c20b433354fa67a72993-le64.cache-4
7ffd80008000-7ffd80009000 r-xp 00000000 08:02 1181659                    /usr/lib/x86_64-linux-gnu/libgthread-2.0.so.0.4002.0
7ffd80009000-7ffd80208000 ---p 00001000 08:02 1181659                    /usr/lib/x86_64-linux-gnu/libgthread-2.0.so.0.4002.0
7ffd80208000-7ffd80209000 r--p 00000000 08:02 1181659                    /usr/lib/x86_64-linux-gnu/libgthread-2.0.so.0.4002.0
7ffd80209000-7ffd8020a000 rw-p 00001000 08:02 1181659                    /usr/lib/x86_64-linux-gnu/libgthread-2.0.so.0.4002.0
7ffd80210000-7ffd804b9000 r-xp 00000000 08:02 271506                     /tmp/javacpp21432704051640/libopencv_core.so.2.4
7ffd804b9000-7ffd806b8000 ---p 002a9000 08:02 271506                     /tmp/javacpp21432704051640/libopencv_core.so.2.4
7ffd806b8000-7ffd806bc000 r--p 002a8000 08:02 271506                     /tmp/javacpp21432704051640/libopencv_core.so.2.4
7ffd806bc000-7ffd806c5000 rw-p 002ac000 08:02 271506                     /tmp/javacpp21432704051640/libopencv_core.so.2.4
7ffd806c5000-7ffd806c8000 rw-p 00000000 00:00 0 
7ffd806c8000-7ffd806f1000 r-xp 00000000 08:02 271505                     /tmp/javacpp21432704051640/libtbb.so
7ffd806f1000-7ffd808f0000 ---p 00029000 08:02 271505                     /tmp/javacpp21432704051640/libtbb.so
7ffd808f0000-7ffd808f2000 r--p 00028000 08:02 271505                     /tmp/javacpp21432704051640/libtbb.so
7ffd808f2000-7ffd808f3000 rw-p 0002a000 08:02 271505                     /tmp/javacpp21432704051640/libtbb.so
7ffd808f8000-7ffd8091e000 r-xp 00000000 08:02 271504                     /tmp/javacpp21432704051640/libjnifreenect.so
7ffd8091e000-7ffd80b1d000 ---p 00026000 08:02 271504                     /tmp/javacpp21432704051640/libjnifreenect.so
7ffd80b1d000-7ffd80b1e000 r--p 00025000 08:02 271504                     /tmp/javacpp21432704051640/libjnifreenect.so
7ffd80b1e000-7ffd80b1f000 rw-p 00026000 08:02 271504                     /tmp/javacpp21432704051640/libjnifreenect.so
7ffd80b20000-7ffd80b23000 r-xp 00000000 08:02 271503                     /tmp/javacpp21432704051640/libfreenect_sync.so
7ffd80b23000-7ffd80d22000 ---p 00003000 08:02 271503                     /tmp/javacpp21432704051640/libfreenect_sync.so
7ffd80d22000-7ffd80d23000 r--p 00002000 08:02 271503                     /tmp/javacpp21432704051640/libfreenect_sync.so
7ffd80d23000-7ffd80d24000 rw-p 00003000 08:02 271503                     /tmp/javacpp21432704051640/libfreenect_sync.so
7ffd80d28000-7ffd80d36000 r-xp 00000000 08:02 271502                     /tmp/javacpp21432704051640/libfreenect.so
7ffd80d36000-7ffd80f35000 ---p 0000e000 08:02 271502                     /tmp/javacpp21432704051640/libfreenect.so
7ffd80f35000-7ffd80f36000 r--p 0000d000 08:02 271502                     /tmp/javacpp21432704051640/libfreenect.so
7ffd80f36000-7ffd80f37000 rw-p 0000e000 08:02 271502                     /tmp/javacpp21432704051640/libfreenect.so
7ffd80f37000-7ffd80f38000 ---p 00000000 00:00 0 
7ffd80f38000-7ffd81738000 rw-p 00000000 00:00 0 
7ffd81738000-7ffd8178a000 r-xp 00000000 08:02 271501                     /tmp/javacpp21432704051640/libjnidc1394.so
7ffd8178a000-7ffd81989000 ---p 00052000 08:02 271501                     /tmp/javacpp21432704051640/libjnidc1394.so
7ffd81989000-7ffd8198a000 r--p 00051000 08:02 271501                     /tmp/javacpp21432704051640/libjnidc1394.so
7ffd8198a000-7ffd8198b000 rw-p 00052000 08:02 271501                     /tmp/javacpp21432704051640/libjnidc1394.so
7ffd81990000-7ffd81998000 r-xp 00000000 08:02 1445949                    /lib/x86_64-linux-gnu/libnih-dbus.so.1.0.0
7ffd81998000-7ffd81b98000 ---p 00008000 08:02 1445949                    /lib/x86_64-linux-gnu/libnih-dbus.so.1.0.0
7ffd81b98000-7ffd81b99000 r--p 00008000 08:02 1445949                    /lib/x86_64-linux-gnu/libnih-dbus.so.1.0.0
7ffd81b99000-7ffd81b9a000 rw-p 00009000 08:02 1445949                    /lib/x86_64-linux-gnu/libnih-dbus.so.1.0.0
7ffd81ba0000-7ffd81bb7000 r-xp 00000000 08:02 1445951                    /lib/x86_64-linux-gnu/libnih.so.1.0.0
7ffd81bb7000-7ffd81db6000 ---p 00017000 08:02 1445951                    /lib/x86_64-linux-gnu/libnih.so.1.0.0
7ffd81db6000-7ffd81db7000 r--p 00016000 08:02 1445951                    /lib/x86_64-linux-gnu/libnih.so.1.0.0
7ffd81db7000-7ffd81db8000 rw-p 00017000 08:02 1445951                    /lib/x86_64-linux-gnu/libnih.so.1.0.0
7ffd81db8000-7ffd81dd1000 r-xp 00000000 08:02 1444015                    /lib/x86_64-linux-gnu/libcgmanager.so.0.0.0
7ffd81dd1000-7ffd81fd0000 ---p 00019000 08:02 1444015                    /lib/x86_64-linux-gnu/libcgmanager.so.0.0.0
7ffd81fd0000-7ffd81fd2000 r--p 00018000 08:02 1444015                    /lib/x86_64-linux-gnu/libcgmanager.so.0.0.0
7ffd81fd2000-7ffd81fd3000 rw-p 0001a000 08:02 1444015                    /lib/x86_64-linux-gnu/libcgmanager.so.0.0.0
7ffd81fd8000-7ffd81fe8000 r-xp 00000000 08:02 1442754                    /lib/x86_64-linux-gnu/libudev.so.1.3.5
7ffd81fe8000-7ffd821e7000 ---p 00010000 08:02 1442754                    /lib/x86_64-linux-gnu/libudev.so.1.3.5
7ffd821e7000-7ffd821e8000 r--p 0000f000 08:02 1442754                    /lib/x86_64-linux-gnu/libudev.so.1.3.5
7ffd821e8000-7ffd821e9000 rw-p 00010000 08:02 1442754                    /lib/x86_64-linux-gnu/libudev.so.1.3.5
7ffd821f0000-7ffd82205000 r-xp 00000000 08:02 1446041                    /lib/x86_64-linux-gnu/libusb-1.0.so.0.1.0
7ffd82205000-7ffd82405000 ---p 00015000 08:02 1446041                    /lib/x86_64-linux-gnu/libusb-1.0.so.0.1.0
7ffd82405000-7ffd82406000 r--p 00015000 08:02 1446041                    /lib/x86_64-linux-gnu/libusb-1.0.so.0.1.0
7ffd82406000-7ffd82407000 rw-p 00016000 08:02 1446041                    /lib/x86_64-linux-gnu/libusb-1.0.so.0.1.0
7ffd82408000-7ffd82415000 r-xp 00000000 08:02 1188844                    /usr/lib/x86_64-linux-gnu/libraw1394.so.11.1.0
7ffd82415000-7ffd82614000 ---p 0000d000 08:02 1188844                    /usr/lib/x86_64-linux-gnu/libraw1394.so.11.1.0
7ffd82614000-7ffd82615000 r--p 0000c000 08:02 1188844                    /usr/lib/x86_64-linux-gnu/libraw1394.so.11.1.0
7ffd82615000-7ffd82616000 rw-p 0000d000 08:02 1188844                    /usr/lib/x86_64-linux-gnu/libraw1394.so.11.1.0
7ffd82618000-7ffd8264b000 r-xp 00000000 08:02 271500                     /tmp/javacpp21432704051640/libdc1394.so.22
7ffd8264b000-7ffd8284b000 ---p 00033000 08:02 271500                     /tmp/javacpp21432704051640/libdc1394.so.22
7ffd8284b000-7ffd8284c000 r--p 00033000 08:02 271500                     /tmp/javacpp21432704051640/libdc1394.so.22
7ffd8284c000-7ffd8284d000 rw-p 00034000 08:02 271500                     /tmp/javacpp21432704051640/libdc1394.so.22
7ffd8284d000-7ffd8288d000 rw-p 00000000 00:00 0 
7ffd82890000-7ffd828a7000 r-xp 00000000 08:02 1317766                    /usr/lib/jvm/java-7-openjdk-amd64/jre/lib/amd64/libnet.so
7ffd828a7000-7ffd82aa6000 ---p 00017000 08:02 1317766                    /usr/lib/jvm/java-7-openjdk-amd64/jre/lib/amd64/libnet.so
7ffd82aa6000-7ffd82aa7000 r--p 00016000 08:02 1317766                    /usr/lib/jvm/java-7-openjdk-amd64/jre/lib/amd64/libnet.so
7ffd82aa7000-7ffd82aa8000 rw-p 00017000 08:02 1317766                    /usr/lib/jvm/java-7-openjdk-amd64/jre/lib/amd64/libnet.so
7ffd82aa8000-7ffd82ab8000 r-xp 00000000 08:02 1317771                    /usr/lib/jvm/java-7-openjdk-amd64/jre/lib/amd64/libnio.so
7ffd82ab8000-7ffd82cb8000 ---p 00010000 08:02 1317771                    /usr/lib/jvm/java-7-openjdk-amd64/jre/lib/amd64/libnio.so
7ffd82cb8000-7ffd82cb9000 r--p 00010000 08:02 1317771                    /usr/lib/jvm/java-7-openjdk-amd64/jre/lib/amd64/libnio.so
7ffd82cb9000-7ffd82cba000 rw-p 00011000 08:02 1317771                    /usr/lib/jvm/java-7-openjdk-amd64/jre/lib/amd64/libnio.so
7ffd82cbe000-7ffd82cc1000 ---p 00000000 00:00 0 
7ffd82cc1000-7ffd82dbf000 rw-p 00000000 00:00 0                          [stack:16105]
7ffd82dbf000-7ffd82dc2000 ---p 00000000 00:00 0 
7ffd82dc2000-7ffd82ec0000 rw-p 00000000 00:00 0                          [stack:16084]
7ffd82ec0000-7ffd82ec5000 r-xp 00000000 08:02 1185797                    /usr/lib/x86_64-linux-gnu/libXfixes.so.3.1.0
7ffd82ec5000-7ffd830c4000 ---p 00005000 08:02 1185797                    /usr/lib/x86_64-linux-gnu/libXfixes.so.3.1.0
7ffd830c4000-7ffd830c5000 r--p 00004000 08:02 1185797                    /usr/lib/x86_64-linux-gnu/libXfixes.so.3.1.0
7ffd830c5000-7ffd830c6000 rw-p 00005000 08:02 1185797                    /usr/lib/x86_64-linux-gnu/libXfixes.so.3.1.0
7ffd830c8000-7ffd830d1000 r-xp 00000000 08:02 1187924                    /usr/lib/x86_64-linux-gnu/libXcursor.so.1.0.2
7ffd830d1000-7ffd832d0000 ---p 00009000 08:02 1187924                    /usr/lib/x86_64-linux-gnu/libXcursor.so.1.0.2
7ffd832d0000-7ffd832d1000 r--p 00008000 08:02 1187924                    /usr/lib/x86_64-linux-gnu/libXcursor.so.1.0.2
7ffd832d1000-7ffd832d2000 rw-p 00009000 08:02 1187924                    /usr/lib/x86_64-linux-gnu/libXcursor.so.1.0.2
7ffd832d7000-7ffd832da000 ---p 00000000 00:00 0 
7ffd832da000-7ffd833d8000 rw-p 00000000 00:00 0                          [stack:16083]
7ffd833d8000-7ffd833dc000 r-xp 00000000 08:02 1445919                    /lib/x86_64-linux-gnu/libgpg-error.so.0.10.0
7ffd833dc000-7ffd835db000 ---p 00004000 08:02 1445919                    /lib/x86_64-linux-gnu/libgpg-error.so.0.10.0
7ffd835db000-7ffd835dc000 r--p 00003000 08:02 1445919                    /lib/x86_64-linux-gnu/libgpg-error.so.0.10.0
7ffd835dc000-7ffd835dd000 rw-p 00004000 08:02 1445919                    /lib/x86_64-linux-gnu/libgpg-error.so.0.10.0
7ffd835e0000-7ffd835e2000 r-xp 00000000 08:02 1445929                    /lib/x86_64-linux-gnu/libkeyutils.so.1.4
7ffd835e2000-7ffd837e2000 ---p 00002000 08:02 1445929                    /lib/x86_64-linux-gnu/libkeyutils.so.1.4
7ffd837e2000-7ffd837e3000 r--p 00002000 08:02 1445929                    /lib/x86_64-linux-gnu/libkeyutils.so.1.4
7ffd837e3000-7ffd837e4000 rw-p 00003000 08:02 1445929                    /lib/x86_64-linux-gnu/libkeyutils.so.1.4
7ffd837e8000-7ffd83825000 r-xp 00000000 08:02 1445990                    /lib/x86_64-linux-gnu/libpcre.so.3.13.1
7ffd83825000-7ffd83a24000 ---p 0003d000 08:02 1445990                    /lib/x86_64-linux-gnu/libpcre.so.3.13.1
7ffd83a24000-7ffd83a25000 r--p 0003c000 08:02 1445990                    /lib/x86_64-linux-gnu/libpcre.so.3.13.1
7ffd83a25000-7ffd83a26000 rw-p 0003d000 08:02 1445990                    /lib/x86_64-linux-gnu/libpcre.so.3.13.1
7ffd83a28000-7ffd83a4d000 r-xp 00000000 08:02 1446002                    /lib/x86_64-linux-gnu/libpng12.so.0.50.0
7ffd83a4d000-7ffd83c4c000 ---p 00025000 08:02 1446002                    /lib/x86_64-linux-gnu/libpng12.so.0.50.0
7ffd83c4c000-7ffd83c4d000 r--p 00024000 08:02 1446002                    /lib/x86_64-linux-gnu/libpng12.so.0.50.0
7ffd83c4d000-7ffd83c4e000 rw-p 00025000 08:02 1446002                    /lib/x86_64-linux-gnu/libpng12.so.0.50.0
7ffd83c50000-7ffd83c94000 r-xp 00000000 08:02 1444769                    /lib/x86_64-linux-gnu/libdbus-1.so.3.7.6
7ffd83c94000-7ffd83e93000 ---p 00044000 08:02 1444769                    /lib/x86_64-linux-gnu/libdbus-1.so.3.7.6
7ffd83e93000-7ffd83e94000 r--p 00043000 08:02 1444769                    /lib/x86_64-linux-gnu/libdbus-1.so.3.7.6
7ffd83e94000-7ffd83e95000 rw-p 00044000 08:02 1444769                    /lib/x86_64-linux-gnu/libdbus-1.so.3.7.6
7ffd83e98000-7ffd83ed3000 r-xp 00000000 08:02 1188762                    /usr/lib/x86_64-linux-gnu/libp11-kit.so.0.0.0
7ffd83ed3000-7ffd840d2000 ---p 0003b000 08:02 1188762                    /usr/lib/x86_64-linux-gnu/libp11-kit.so.0.0.0
7ffd840d2000-7ffd840d8000 r--p 0003a000 08:02 1188762                    /usr/lib/x86_64-linux-gnu/libp11-kit.so.0.0.0
7ffd840d8000-7ffd840da000 rw-p 00040000 08:02 1188762                    /usr/lib/x86_64-linux-gnu/libp11-kit.so.0.0.0
7ffd840e0000-7ffd840f2000 r-xp 00000000 08:02 1190002                    /usr/lib/x86_64-linux-gnu/libtasn1.so.6.2.0
7ffd840f2000-7ffd842f2000 ---p 00012000 08:02 1190002                    /usr/lib/x86_64-linux-gnu/libtasn1.so.6.2.0
7ffd842f2000-7ffd842f3000 r--p 00012000 08:02 1190002                    /usr/lib/x86_64-linux-gnu/libtasn1.so.6.2.0
7ffd842f3000-7ffd842f4000 rw-p 00013000 08:02 1190002                    /usr/lib/x86_64-linux-gnu/libtasn1.so.6.2.0
7ffd842f8000-7ffd84374000 r-xp 00000000 08:02 1443002                    /lib/x86_64-linux-gnu/libgcrypt.so.11.8.2
7ffd84374000-7ffd84574000 ---p 0007c000 08:02 1443002                    /lib/x86_64-linux-gnu/libgcrypt.so.11.8.2
7ffd84574000-7ffd84575000 r--p 0007c000 08:02 1443002                    /lib/x86_64-linux-gnu/libgcrypt.so.11.8.2
7ffd84575000-7ffd84578000 rw-p 0007d000 08:02 1443002                    /lib/x86_64-linux-gnu/libgcrypt.so.11.8.2
7ffd84578000-7ffd84582000 r-xp 00000000 08:02 1185597                    /usr/lib/x86_64-linux-gnu/libkrb5support.so.0.1
7ffd84582000-7ffd84781000 ---p 0000a000 08:02 1185597                    /usr/lib/x86_64-linux-gnu/libkrb5support.so.0.1
7ffd84781000-7ffd84782000 r--p 00009000 08:02 1185597                    /usr/lib/x86_64-linux-gnu/libkrb5support.so.0.1
7ffd84782000-7ffd84783000 rw-p 0000a000 08:02 1185597                    /usr/lib/x86_64-linux-gnu/libkrb5support.so.0.1
7ffd84788000-7ffd8478b000 r-xp 00000000 08:02 1444828                    /lib/x86_64-linux-gnu/libcom_err.so.2.1
7ffd8478b000-7ffd8498a000 ---p 00003000 08:02 1444828                    /lib/x86_64-linux-gnu/libcom_err.so.2.1
7ffd8498a000-7ffd8498b000 r--p 00002000 08:02 1444828                    /lib/x86_64-linux-gnu/libcom_err.so.2.1
7ffd8498b000-7ffd8498c000 rw-p 00003000 08:02 1444828                    /lib/x86_64-linux-gnu/libcom_err.so.2.1
7ffd84990000-7ffd849bc000 r-xp 00000000 08:02 1180183                    /usr/lib/x86_64-linux-gnu/libk5crypto.so.3.1
7ffd849bc000-7ffd84bbb000 ---p 0002c000 08:02 1180183                    /usr/lib/x86_64-linux-gnu/libk5crypto.so.3.1
7ffd84bbb000-7ffd84bbd000 r--p 0002b000 08:02 1180183                    /usr/lib/x86_64-linux-gnu/libk5crypto.so.3.1
7ffd84bbd000-7ffd84bbe000 rw-p 0002d000 08:02 1180183                    /usr/lib/x86_64-linux-gnu/libk5crypto.so.3.1
7ffd84bbe000-7ffd84bbf000 rw-p 00000000 00:00 0 
7ffd84bc0000-7ffd84c7c000 r-xp 00000000 08:02 1185595                    /usr/lib/x86_64-linux-gnu/libkrb5.so.3.3
7ffd84c7c000-7ffd84e7c000 ---p 000bc000 08:02 1185595                    /usr/lib/x86_64-linux-gnu/libkrb5.so.3.3
7ffd84e7c000-7ffd84e89000 r--p 000bc000 08:02 1185595                    /usr/lib/x86_64-linux-gnu/libkrb5.so.3.3
7ffd84e89000-7ffd84e8b000 rw-p 000c9000 08:02 1185595                    /usr/lib/x86_64-linux-gnu/libkrb5.so.3.3
7ffd84e90000-7ffd84e95000 r-xp 00000000 08:02 1187928                    /usr/lib/x86_64-linux-gnu/libXdmcp.so.6.0.0
7ffd84e95000-7ffd85094000 ---p 00005000 08:02 1187928                    /usr/lib/x86_64-linux-gnu/libXdmcp.so.6.0.0
7ffd85094000-7ffd85095000 r--p 00004000 08:02 1187928                    /usr/lib/x86_64-linux-gnu/libXdmcp.so.6.0.0
7ffd85095000-7ffd85096000 rw-p 00005000 08:02 1187928                    /usr/lib/x86_64-linux-gnu/libXdmcp.so.6.0.0
7ffd85098000-7ffd8509a000 r-xp 00000000 08:02 1187917                    /usr/lib/x86_64-linux-gnu/libXau.so.6.0.0
7ffd8509a000-7ffd8529a000 ---p 00002000 08:02 1187917                    /usr/lib/x86_64-linux-gnu/libXau.so.6.0.0
7ffd8529a000-7ffd8529b000 r--p 00002000 08:02 1187917                    /usr/lib/x86_64-linux-gnu/libXau.so.6.0.0
7ffd8529b000-7ffd8529c000 rw-p 00003000 08:02 1187917                    /usr/lib/x86_64-linux-gnu/libXau.so.6.0.0
7ffd852a0000-7ffd852a7000 r-xp 00000000 08:02 1188226                    /usr/lib/x86_64-linux-gnu/libffi.so.6.0.1
7ffd852a7000-7ffd854a6000 ---p 00007000 08:02 1188226                    /usr/lib/x86_64-linux-gnu/libffi.so.6.0.1
7ffd854a6000-7ffd854a7000 r--p 00006000 08:02 1188226                    /usr/lib/x86_64-linux-gnu/libffi.so.6.0.1
7ffd854a7000-7ffd854a8000 rw-p 00007000 08:02 1188226                    /usr/lib/x86_64-linux-gnu/libffi.so.6.0.1
7ffd854a8000-7ffd854bf000 r-xp 00000000 08:02 1441817                    /lib/x86_64-linux-gnu/libresolv-2.19.so
7ffd854bf000-7ffd856bf000 ---p 00017000 08:02 1441817                    /lib/x86_64-linux-gnu/libresolv-2.19.so
7ffd856bf000-7ffd856c0000 r--p 00017000 08:02 1441817                    /lib/x86_64-linux-gnu/libresolv-2.19.so
7ffd856c0000-7ffd856c1000 rw-p 00018000 08:02 1441817                    /lib/x86_64-linux-gnu/libresolv-2.19.so
7ffd856c1000-7ffd856c3000 rw-p 00000000 00:00 0 
7ffd856c8000-7ffd856e8000 r-xp 00000000 08:02 1441806                    /lib/x86_64-linux-gnu/libselinux.so.1
7ffd856e8000-7ffd858e7000 ---p 00020000 08:02 1441806                    /lib/x86_64-linux-gnu/libselinux.so.1
7ffd858e7000-7ffd858e8000 r--p 0001f000 08:02 1441806                    /lib/x86_64-linux-gnu/libselinux.so.1
7ffd858e8000-7ffd858e9000 rw-p 00020000 08:02 1441806                    /lib/x86_64-linux-gnu/libselinux.so.1
7ffd858e9000-7ffd858eb000 rw-p 00000000 00:00 0 
7ffd858f0000-7ffd859f6000 r-xp 00000000 08:02 1443043                    /lib/x86_64-linux-gnu/libglib-2.0.so.0.4002.0
7ffd859f6000-7ffd85bf5000 ---p 00106000 08:02 1443043                    /lib/x86_64-linux-gnu/libglib-2.0.so.0.4002.0
7ffd85bf5000-7ffd85bf6000 r--p 00105000 08:02 1443043                    /lib/x86_64-linux-gnu/libglib-2.0.so.0.4002.0
7ffd85bf6000-7ffd85bf7000 rw-p 00106000 08:02 1443043                    /lib/x86_64-linux-gnu/libglib-2.0.so.0.4002.0
7ffd85bf7000-7ffd85bf8000 rw-p 00000000 00:00 0 
7ffd85bf8000-7ffd85bfb000 r-xp 00000000 08:02 1181655                    /usr/lib/x86_64-linux-gnu/libgmodule-2.0.so.0.4002.0
7ffd85bfb000-7ffd85dfa000 ---p 00003000 08:02 1181655                    /usr/lib/x86_64-linux-gnu/libgmodule-2.0.so.0.4002.0
7ffd85dfa000-7ffd85dfb000 r--p 00002000 08:02 1181655                    /usr/lib/x86_64-linux-gnu/libgmodule-2.0.so.0.4002.0
7ffd85dfb000-7ffd85dfc000 rw-p 00003000 08:02 1181655                    /usr/lib/x86_64-linux-gnu/libgmodule-2.0.so.0.4002.0
7ffd85e00000-7ffd85e27000 r-xp 00000000 08:02 1445908                    /lib/x86_64-linux-gnu/libexpat.so.1.6.0
7ffd85e27000-7ffd86027000 ---p 00027000 08:02 1445908                    /lib/x86_64-linux-gnu/libexpat.so.1.6.0
7ffd86027000-7ffd86029000 r--p 00027000 08:02 1445908                    /lib/x86_64-linux-gnu/libexpat.so.1.6.0
7ffd86029000-7ffd8602a000 rw-p 00029000 08:02 1445908                    /lib/x86_64-linux-gnu/libexpat.so.1.6.0
7ffd86030000-7ffd860cd000 r-xp 00000000 08:02 1180395                    /usr/lib/x86_64-linux-gnu/libfreetype.so.6.11.1
7ffd860cd000-7ffd862cc000 ---p 0009d000 08:02 1180395                    /usr/lib/x86_64-linux-gnu/libfreetype.so.6.11.1
7ffd862cc000-7ffd862d2000 r--p 0009c000 08:02 1180395                    /usr/lib/x86_64-linux-gnu/libfreetype.so.6.11.1
7ffd862d2000-7ffd862d3000 rw-p 000a2000 08:02 1180395                    /usr/lib/x86_64-linux-gnu/libfreetype.so.6.11.1
7ffd862d8000-7ffd862e7000 r-xp 00000000 08:02 1188021                    /usr/lib/x86_64-linux-gnu/libavahi-client.so.3.2.9
7ffd862e7000-7ffd864e7000 ---p 0000f000 08:02 1188021                    /usr/lib/x86_64-linux-gnu/libavahi-client.so.3.2.9
7ffd864e7000-7ffd864e8000 r--p 0000f000 08:02 1188021                    /usr/lib/x86_64-linux-gnu/libavahi-client.so.3.2.9
7ffd864e8000-7ffd864e9000 rw-p 00010000 08:02 1188021                    /usr/lib/x86_64-linux-gnu/libavahi-client.so.3.2.9
7ffd864f0000-7ffd864fb000 r-xp 00000000 08:02 1188023                    /usr/lib/x86_64-linux-gnu/libavahi-common.so.3.5.3
7ffd864fb000-7ffd866fa000 ---p 0000b000 08:02 1188023                    /usr/lib/x86_64-linux-gnu/libavahi-common.so.3.5.3
7ffd866fa000-7ffd866fb000 r--p 0000a000 08:02 1188023                    /usr/lib/x86_64-linux-gnu/libavahi-common.so.3.5.3
7ffd866fb000-7ffd866fc000 rw-p 0000b000 08:02 1188023                    /usr/lib/x86_64-linux-gnu/libavahi-common.so.3.5.3
7ffd86700000-7ffd867b6000 r-xp 00000000 08:02 1183583                    /usr/lib/x86_64-linux-gnu/libgnutls.so.26.22.6
7ffd867b6000-7ffd869b6000 ---p 000b6000 08:02 1183583                    /usr/lib/x86_64-linux-gnu/libgnutls.so.26.22.6
7ffd869b6000-7ffd869bc000 r--p 000b6000 08:02 1183583                    /usr/lib/x86_64-linux-gnu/libgnutls.so.26.22.6
7ffd869bc000-7ffd869bd000 rw-p 000bc000 08:02 1183583                    /usr/lib/x86_64-linux-gnu/libgnutls.so.26.22.6
7ffd869bd000-7ffd869be000 rw-p 00000000 00:00 0 
7ffd869c0000-7ffd86a03000 r-xp 00000000 08:02 1182323                    /usr/lib/x86_64-linux-gnu/libgssapi_krb5.so.2.2
7ffd86a03000-7ffd86c03000 ---p 00043000 08:02 1182323                    /usr/lib/x86_64-linux-gnu/libgssapi_krb5.so.2.2
7ffd86c03000-7ffd86c04000 r--p 00043000 08:02 1182323                    /usr/lib/x86_64-linux-gnu/libgssapi_krb5.so.2.2
7ffd86c04000-7ffd86c06000 rw-p 00044000 08:02 1182323                    /usr/lib/x86_64-linux-gnu/libgssapi_krb5.so.2.2
7ffd86c08000-7ffd86c25000 r-xp 00000000 08:02 1189092                    /usr/lib/x86_64-linux-gnu/libxcb.so.1.1.0
7ffd86c25000-7ffd86e25000 ---p 0001d000 08:02 1189092                    /usr/lib/x86_64-linux-gnu/libxcb.so.1.1.0
7ffd86e25000-7ffd86e26000 r--p 0001d000 08:02 1189092                    /usr/lib/x86_64-linux-gnu/libxcb.so.1.1.0
7ffd86e26000-7ffd86e27000 rw-p 0001e000 08:02 1189092                    /usr/lib/x86_64-linux-gnu/libxcb.so.1.1.0
7ffd86e28000-7ffd86e77000 r-xp 00000000 08:02 1181657                    /usr/lib/x86_64-linux-gnu/libgobject-2.0.so.0.4002.0
7ffd86e77000-7ffd87077000 ---p 0004f000 08:02 1181657                    /usr/lib/x86_64-linux-gnu/libgobject-2.0.so.0.4002.0
7ffd87077000-7ffd87078000 r--p 0004f000 08:02 1181657                    /usr/lib/x86_64-linux-gnu/libgobject-2.0.so.0.4002.0
7ffd87078000-7ffd87079000 rw-p 00050000 08:02 1181657                    /usr/lib/x86_64-linux-gnu/libgobject-2.0.so.0.4002.0
7ffd87080000-7ffd871ec000 r-xp 00000000 08:02 1181661                    /usr/lib/x86_64-linux-gnu/libgio-2.0.so.0.4002.0
7ffd871ec000-7ffd873eb000 ---p 0016c000 08:02 1181661                    /usr/lib/x86_64-linux-gnu/libgio-2.0.so.0.4002.0
7ffd873eb000-7ffd873ef000 r--p 0016b000 08:02 1181661                    /usr/lib/x86_64-linux-gnu/libgio-2.0.so.0.4002.0
7ffd873ef000-7ffd873f1000 rw-p 0016f000 08:02 1181661                    /usr/lib/x86_64-linux-gnu/libgio-2.0.so.0.4002.0
7ffd873f1000-7ffd873f3000 rw-p 00000000 00:00 0 
7ffd873f8000-7ffd87432000 r-xp 00000000 08:02 1196543                    /usr/lib/x86_64-linux-gnu/libfontconfig.so.1.8.0
7ffd87432000-7ffd87631000 ---p 0003a000 08:02 1196543                    /usr/lib/x86_64-linux-gnu/libfontconfig.so.1.8.0
7ffd87631000-7ffd87633000 r--p 00039000 08:02 1196543                    /usr/lib/x86_64-linux-gnu/libfontconfig.so.1.8.0
7ffd87633000-7ffd87634000 rw-p 0003b000 08:02 1196543                    /usr/lib/x86_64-linux-gnu/libfontconfig.so.1.8.0
7ffd87638000-7ffd876a4000 r-xp 00000000 08:02 1180391                    /usr/lib/x86_64-linux-gnu/libcups.so.2
7ffd876a4000-7ffd878a4000 ---p 0006c000 08:02 1180391                    /usr/lib/x86_64-linux-gnu/libcups.so.2
7ffd878a4000-7ffd878ab000 r--p 0006c000 08:02 1180391                    /usr/lib/x86_64-linux-gnu/libcups.so.2
7ffd878ab000-7ffd878ac000 rw-p 00073000 08:02 1180391                    /usr/lib/x86_64-linux-gnu/libcups.so.2
7ffd878b0000-7ffd878bf000 r-xp 00000000 08:02 1188440                    /usr/lib/x86_64-linux-gnu/libXi.so.6.1.0
7ffd878bf000-7ffd87abe000 ---p 0000f000 08:02 1188440                    /usr/lib/x86_64-linux-gnu/libXi.so.6.1.0
7ffd87abe000-7ffd87abf000 r--p 0000e000 08:02 1188440                    /usr/lib/x86_64-linux-gnu/libXi.so.6.1.0
7ffd87abf000-7ffd87ac0000 rw-p 0000f000 08:02 1188440                    /usr/lib/x86_64-linux-gnu/libXi.so.6.1.0
7ffd87ac0000-7ffd87ac5000 r-xp 00000000 08:02 1187956                    /usr/lib/x86_64-linux-gnu/libXtst.so.6.1.0
7ffd87ac5000-7ffd87cc4000 ---p 00005000 08:02 1187956                    /usr/lib/x86_64-linux-gnu/libXtst.so.6.1.0
7ffd87cc4000-7ffd87cc5000 r--p 00004000 08:02 1187956                    /usr/lib/x86_64-linux-gnu/libXtst.so.6.1.0
7ffd87cc5000-7ffd87cc6000 rw-p 00005000 08:02 1187956                    /usr/lib/x86_64-linux-gnu/libXtst.so.6.1.0
7ffd87cc8000-7ffd87df8000 r-xp 00000000 08:02 1187913                    /usr/lib/x86_64-linux-gnu/libX11.so.6.3.0
7ffd87df8000-7ffd87ff8000 ---p 00130000 08:02 1187913                    /usr/lib/x86_64-linux-gnu/libX11.so.6.3.0
7ffd87ff8000-7ffd87ff9000 r--p 00130000 08:02 1187913                    /usr/lib/x86_64-linux-gnu/libX11.so.6.3.0
7ffd87ff9000-7ffd87ffd000 rw-p 00131000 08:02 1187913                    /usr/lib/x86_64-linux-gnu/libX11.so.6.3.0
7ffd88000000-7ffd88021000 rw-p 00000000 00:00 0 
7ffd88021000-7ffd8c000000 ---p 00000000 00:00 0 
7ffd8c000000-7ffd8cb20000 rw-p 00000000 00:00 0 
7ffd8cb20000-7ffd90000000 ---p 00000000 00:00 0 
7ffd90000000-7ffd90021000 rw-p 00000000 00:00 0 
7ffd90021000-7ffd94000000 ---p 00000000 00:00 0 
7ffd94000000-7ffd94021000 rw-p 00000000 00:00 0 
7ffd94021000-7ffd98000000 ---p 00000000 00:00 0 
7ffd98000000-7ffd986c4000 rw-p 00000000 00:00 0 
7ffd986c4000-7ffd9c000000 ---p 00000000 00:00 0 
7ffd9c000000-7ffd9c021000 rw-p 00000000 00:00 0 
7ffd9c021000-7ffda0000000 ---p 00000000 00:00 0 
7ffda0000000-7ffda0021000 rw-p 00000000 00:00 0 
7ffda0021000-7ffda4000000 ---p 00000000 00:00 0 
7ffda4000000-7ffda4021000 rw-p 00000000 00:00 0 
7ffda4021000-7ffda8000000 ---p 00000000 00:00 0 
7ffda8000000-7ffda8091000 rw-p 00000000 00:00 0 
7ffda8091000-7ffdac000000 ---p 00000000 00:00 0 
7ffdac000000-7ffdac021000 rw-p 00000000 00:00 0 
7ffdac021000-7ffdb0000000 ---p 00000000 00:00 0 
7ffdb0000000-7ffdb0001000 r--s 00000000 08:02 2756953                    /var/cache/fontconfig/0c9eb80ebd1c36541ebe2852d3bb0c49-le64.cache-4
7ffdb0005000-7ffdb000a000 r--s 0004d000 08:02 1310924                    /usr/lib/jvm/java-7-openjdk-amd64/jre/lib/jsse.jar
7ffdb0010000-7ffdb002c000 r--s 00000000 08:02 2362928                    /usr/share/fonts/type1/gsfonts/p052024l.pfb
7ffdb0030000-7ffdb0040000 r--s 00000000 08:02 2362838                    /usr/share/fonts/type1/gsfonts/a010033l.pfb
7ffdb0040000-7ffdb0058000 r--s 00000000 08:02 2362865                    /usr/share/fonts/type1/gsfonts/c059036l.pfb
7ffdb0058000-7ffdb0073000 r--s 00000000 08:02 2362919                    /usr/share/fonts/type1/gsfonts/p052003l.pfb
7ffdb0078000-7ffdb008b000 r--s 00000000 08:02 2362892                    /usr/share/fonts/type1/gsfonts/n019064l.pfb
7ffdb0090000-7ffdb00aa000 r--s 00000000 08:02 2362856                    /usr/share/fonts/type1/gsfonts/c059013l.pfb
7ffdb00b0000-7ffdb00c9000 r--s 00000000 08:02 2362844                    /usr/share/fonts/type1/gsfonts/b018012l.pfb
7ffdb00cf000-7ffdb0100000 rw-p 00000000 00:00 0 
7ffdb0100000-7ffdb0109000 r-xp 00000000 08:02 1190129                    /usr/lib/x86_64-linux-gnu/libXrender.so.1.3.0
7ffdb0109000-7ffdb0308000 ---p 00009000 08:02 1190129                    /usr/lib/x86_64-linux-gnu/libXrender.so.1.3.0
7ffdb0308000-7ffdb0309000 r--p 00008000 08:02 1190129                    /usr/lib/x86_64-linux-gnu/libXrender.so.1.3.0
7ffdb0309000-7ffdb030a000 rw-p 00009000 08:02 1190129                    /usr/lib/x86_64-linux-gnu/libXrender.so.1.3.0
7ffdb0310000-7ffdb0321000 r-xp 00000000 08:02 1190118                    /usr/lib/x86_64-linux-gnu/libXext.so.6.4.0
7ffdb0321000-7ffdb0520000 ---p 00011000 08:02 1190118                    /usr/lib/x86_64-linux-gnu/libXext.so.6.4.0
7ffdb0520000-7ffdb0521000 r--p 00010000 08:02 1190118                    /usr/lib/x86_64-linux-gnu/libXext.so.6.4.0
7ffdb0521000-7ffdb0522000 rw-p 00011000 08:02 1190118                    /usr/lib/x86_64-linux-gnu/libXext.so.6.4.0
7ffdb0528000-7ffdb0570000 r-xp 00000000 08:02 1311229                    /usr/lib/jvm/java-7-openjdk-amd64/jre/lib/amd64/xawt/libmawt.so
7ffdb0570000-7ffdb076f000 ---p 00048000 08:02 1311229                    /usr/lib/jvm/java-7-openjdk-amd64/jre/lib/amd64/xawt/libmawt.so
7ffdb076f000-7ffdb0770000 r--p 00047000 08:02 1311229                    /usr/lib/jvm/java-7-openjdk-amd64/jre/lib/amd64/xawt/libmawt.so
7ffdb0770000-7ffdb0773000 rw-p 00048000 08:02 1311229                    /usr/lib/jvm/java-7-openjdk-amd64/jre/lib/amd64/xawt/libmawt.so
7ffdb0773000-7ffdb0774000 rw-p 00000000 00:00 0 
7ffdb0778000-7ffdb0818000 r-xp 00000000 08:02 1317752                    /usr/lib/jvm/java-7-openjdk-amd64/jre/lib/amd64/libawt.so
7ffdb0818000-7ffdb0a18000 ---p 000a0000 08:02 1317752                    /usr/lib/jvm/java-7-openjdk-amd64/jre/lib/amd64/libawt.so
7ffdb0a18000-7ffdb0a19000 r--p 000a0000 08:02 1317752                    /usr/lib/jvm/java-7-openjdk-amd64/jre/lib/amd64/libawt.so
7ffdb0a19000-7ffdb0a24000 rw-p 000a1000 08:02 1317752                    /usr/lib/jvm/java-7-openjdk-amd64/jre/lib/amd64/libawt.so
7ffdb0a24000-7ffdb0a49000 rw-p 00000000 00:00 0 
7ffdb0a4b000-7ffdb0a4c000 ---p 00000000 00:00 0 
7ffdb0a4c000-7ffdb0b4c000 rw-p 00000000 00:00 0                          [stack:16082]
7ffdb0b4c000-7ffdb0b4f000 ---p 00000000 00:00 0 
7ffdb0b4f000-7ffdb0c4d000 rw-p 00000000 00:00 0                          [stack:16081]
7ffdb0c4d000-7ffdb0c50000 ---p 00000000 00:00 0 
7ffdb0c50000-7ffdb0d4e000 rw-p 00000000 00:00 0                          [stack:16080]
7ffdb0d4e000-7ffdb0d51000 ---p 00000000 00:00 0 
7ffdb0d51000-7ffdb0e4f000 rw-p 00000000 00:00 0                          [stack:16079]
7ffdb0e4f000-7ffdb0e52000 ---p 00000000 00:00 0 
7ffdb0e52000-7ffdb0f50000 rw-p 00000000 00:00 0                          [stack:16078]
7ffdb0f50000-7ffdb121a000 r--p 00000000 08:02 1186322                    /usr/lib/locale/locale-archive
7ffdb121f000-7ffdb1222000 ---p 00000000 00:00 0 
7ffdb1222000-7ffdb5000000 rw-p 00000000 00:00 0                          [stack:16077]
7ffdb5000000-7ffdb5270000 rwxp 00000000 00:00 0 
7ffdb5270000-7ffdb8523000 rw-p 00000000 00:00 0 
7ffdb8523000-7ffdbc000000 ---p 00000000 00:00 0 
7ffdbc008000-7ffdbc018000 r--s 00000000 08:02 2362835                    /usr/share/fonts/type1/gsfonts/a010015l.pfb
7ffdbc018000-7ffdbc01f000 r--s 00000000 08:02 1713734                    /usr/lib/x86_64-linux-gnu/gconv/gconv-modules.cache
7ffdbc026000-7ffdbc030000 r--s 000ae000 08:02 1310920                    /usr/lib/jvm/java-7-openjdk-amd64/jre/lib/resources.jar
7ffdbc036000-7ffdbc03a000 r--s 000a6000 08:02 2901832                    /home/xrousakis/.m2/repository/net/java/dev/jna/jna/3.5.1/jna-3.5.1.jar
7ffdbc03b000-7ffdbc03d000 r--s 0000b000 08:02 2105256                    /home/xrousakis/.m2/repository/com/github/tulskiy/jkeymaster/1.1/jkeymaster-1.1.jar
7ffdbc03d000-7ffdbc03e000 r--s 00005000 08:02 2244924                    /home/xrousakis/.m2/repository/org/bytedeco/javacpp-presets/artoolkitplus/2.3.0-0.8/artoolkitplus-2.3.0-0.8.jar
7ffdbc041000-7ffdbc043000 r--s 00029000 08:02 2244940                    /home/xrousakis/.m2/repository/org/bytedeco/javacpp-presets/artoolkitplus/2.3.0-0.8/artoolkitplus-2.3.0-0.8-linux-x86_64.jar
7ffdbc048000-7ffdbc049000 r--s 00000000 08:02 2244936                    /home/xrousakis/.m2/repository/org/bytedeco/javacpp-presets/videoinput/0.200-0.8/videoinput-0.200-0.8-linux-x86_64.jar
7ffdbc04a000-7ffdbc04c000 r--s 00012000 08:02 2244934                    /home/xrousakis/.m2/repository/org/bytedeco/javacpp-presets/libfreenect/0.4-0.8/libfreenect-0.4-0.8-linux-x86_64.jar
7ffdbc04f000-7ffdbc050000 r--s 00027000 08:02 2244931                    /home/xrousakis/.m2/repository/org/bytedeco/javacpp-presets/libdc1394/2.2.2-0.8/libdc1394-2.2.2-0.8-linux-x86_64.jar
7ffdbc050000-7ffdbc051000 r--s 00000000 08:02 2244929                    /home/xrousakis/.m2/repository/org/bytedeco/javacpp-presets/flycapture/1.7.17-0.8/flycapture-1.7.17-0.8-linux-x86_64.jar
7ffdbc057000-7ffdbc059000 r--s 0061f000 08:02 2244944                    /home/xrousakis/.m2/repository/org/bytedeco/javacpp-presets/ffmpeg/2.2.1-0.8/ffmpeg-2.2.1-0.8-linux-x86_64.jar
7ffdbc05d000-7ffdbc05f000 r--s 00785000 08:02 2244956                    /home/xrousakis/.m2/repository/org/bytedeco/javacpp-presets/opencv/2.4.9-0.8/opencv-2.4.9-0.8-linux-x86_64.jar
7ffdbc063000-7ffdbc064000 r--s 00003000 08:02 2244923                    /home/xrousakis/.m2/repository/org/bytedeco/javacpp-presets/videoinput/0.200-0.8/videoinput-0.200-0.8.jar
7ffdbc064000-7ffdbc066000 r--s 00004000 08:02 2244920                    /home/xrousakis/.m2/repository/org/bytedeco/javacpp-presets/libfreenect/0.4-0.8/libfreenect-0.4-0.8.jar
7ffdbc066000-7ffdbc068000 r--s 00006000 08:02 2244916                    /home/xrousakis/.m2/repository/org/bytedeco/javacpp-presets/libdc1394/2.2.2-0.8/libdc1394-2.2.2-0.8.jar
7ffdbc06c000-7ffdbc06e000 r--s 00004000 08:02 2244911                    /home/xrousakis/.m2/repository/org/bytedeco/javacpp-presets/flycapture/1.7.17-0.8/flycapture-1.7.17-0.8.jar
7ffdbc06e000-7ffdbc074000 r--s 0002e000 08:02 2244912                    /home/xrousakis/.m2/repository/org/bytedeco/javacpp-presets/ffmpeg/2.2.1-0.8/ffmpeg-2.2.1-0.8.jar
7ffdbc07a000-7ffdbc08c000 r--s 000b2000 08:02 2244913                    /home/xrousakis/.m2/repository/org/bytedeco/javacpp-presets/opencv/2.4.9-0.8/opencv-2.4.9-0.8.jar
7ffdbc092000-7ffdbc096000 r--s 0002a000 08:02 2244914                    /home/xrousakis/.m2/repository/org/bytedeco/javacpp/0.8/javacpp-0.8.jar
7ffdbc09c000-7ffdbc0a1000 r--s 0004c000 08:02 2244918                    /home/xrousakis/.m2/repository/org/bytedeco/javacv/0.8/javacv-0.8.jar
7ffdbc0a2000-7ffdbc0a3000 r--s 00002000 08:02 1310936                    /usr/lib/jvm/java-7-openjdk-amd64/jre/lib/ext/dnsns.jar
7ffdbc0a5000-7ffdbc0a9000 r--s 00085000 08:02 1310935                    /usr/lib/jvm/java-7-openjdk-amd64/jre/lib/ext/localedata.jar
7ffdbc0af000-7ffdbc0b2000 r--s 0000f000 08:02 1310939                    /usr/lib/jvm/java-7-openjdk-amd64/jre/lib/ext/icedtea-sound.jar
7ffdbc0b4000-7ffdbc0b8000 r--s 0003c000 08:02 1310938                    /usr/lib/jvm/java-7-openjdk-amd64/jre/lib/ext/sunpkcs11.jar
7ffdbc0be000-7ffdbc0c0000 r--s 00006000 08:02 1842397                    /usr/share/java/java-atk-wrapper.jar
7ffdbc0c4000-7ffdbc0c8000 r--s 00034000 08:02 1310937                    /usr/lib/jvm/java-7-openjdk-amd64/jre/lib/ext/sunjce_provider.jar
7ffdbc0ca000-7ffdbc0cc000 r--s 00012000 08:02 1310942                    /usr/lib/jvm/java-7-openjdk-amd64/jre/lib/ext/zipfs.jar
7ffdbc0d2000-7ffdbc0d5000 ---p 00000000 00:00 0 
7ffdbc0d5000-7ffdbc1d3000 rw-p 00000000 00:00 0                          [stack:16076]
7ffdbc1d3000-7ffdbc1d4000 ---p 00000000 00:00 0 
7ffdbc1d4000-7ffdbcc89000 rw-p 00000000 00:00 0                          [stack:16075]
7ffdbcc89000-7ffdbce3a000 r--s 01d29000 08:02 1310916                    /usr/lib/jvm/java-7-openjdk-amd64/jre/lib/rt.jar
7ffdbce3b000-7ffdbd302000 rw-p 00000000 00:00 0 
7ffdbd302000-7ffdbd303000 ---p 00000000 00:00 0 
7ffdbd303000-7ffdbd403000 rw-p 00000000 00:00 0                          [stack:16074]
7ffdbd403000-7ffdbd404000 ---p 00000000 00:00 0 
7ffdbd404000-7ffdbd50f000 rw-p 00000000 00:00 0                          [stack:16073]
7ffdbd50f000-7ffdbd557000 rw-p 00000000 00:00 0 
7ffdbd557000-7ffdbd57c000 rw-p 00000000 00:00 0 
7ffdbd57c000-7ffdbd7a9000 rw-p 00000000 00:00 0 
7ffdbd7a9000-7ffdbd7b4000 rw-p 00000000 00:00 0 
7ffdbd7b4000-7ffdbd7fc000 rw-p 00000000 00:00 0 
7ffdbd7fc000-7ffdbd821000 rw-p 00000000 00:00 0 
7ffdbd821000-7ffdbda4e000 rw-p 00000000 00:00 0 
7ffdbda4e000-7ffdbda61000 rw-p 00000000 00:00 0 
7ffdbda61000-7ffdbdb77000 rw-p 00000000 00:00 0 
7ffdbdb77000-7ffdbdb78000 rw-p 00000000 00:00 0 
7ffdbdb78000-7ffdbdb80000 r-xp 00000000 08:02 1310955                    /usr/lib/jvm/java-7-openjdk-amd64/jre/lib/amd64/libzip.so
7ffdbdb80000-7ffdbdd7f000 ---p 00008000 08:02 1310955                    /usr/lib/jvm/java-7-openjdk-amd64/jre/lib/amd64/libzip.so
7ffdbdd7f000-7ffdbdd80000 r--p 00007000 08:02 1310955                    /usr/lib/jvm/java-7-openjdk-amd64/jre/lib/amd64/libzip.so
7ffdbdd80000-7ffdbdd81000 rw-p 00008000 08:02 1310955                    /usr/lib/jvm/java-7-openjdk-amd64/jre/lib/amd64/libzip.so
7ffdbdd88000-7ffdbdd93000 r-xp 00000000 08:02 1444608                    /lib/x86_64-linux-gnu/libnss_files-2.19.so
7ffdbdd93000-7ffdbdf92000 ---p 0000b000 08:02 1444608                    /lib/x86_64-linux-gnu/libnss_files-2.19.so
7ffdbdf92000-7ffdbdf93000 r--p 0000a000 08:02 1444608                    /lib/x86_64-linux-gnu/libnss_files-2.19.so
7ffdbdf93000-7ffdbdf94000 rw-p 0000b000 08:02 1444608                    /lib/x86_64-linux-gnu/libnss_files-2.19.so
7ffdbdf98000-7ffdbdfa3000 r-xp 00000000 08:02 1444820                    /lib/x86_64-linux-gnu/libnss_nis-2.19.so
7ffdbdfa3000-7ffdbe1a2000 ---p 0000b000 08:02 1444820                    /lib/x86_64-linux-gnu/libnss_nis-2.19.so
7ffdbe1a2000-7ffdbe1a3000 r--p 0000a000 08:02 1444820                    /lib/x86_64-linux-gnu/libnss_nis-2.19.so
7ffdbe1a3000-7ffdbe1a4000 rw-p 0000b000 08:02 1444820                    /lib/x86_64-linux-gnu/libnss_nis-2.19.so
7ffdbe1a8000-7ffdbe1bf000 r-xp 00000000 08:02 1444807                    /lib/x86_64-linux-gnu/libnsl-2.19.so
7ffdbe1bf000-7ffdbe3be000 ---p 00017000 08:02 1444807                    /lib/x86_64-linux-gnu/libnsl-2.19.so
7ffdbe3be000-7ffdbe3bf000 r--p 00016000 08:02 1444807                    /lib/x86_64-linux-gnu/libnsl-2.19.so
7ffdbe3bf000-7ffdbe3c0000 rw-p 00017000 08:02 1444807                    /lib/x86_64-linux-gnu/libnsl-2.19.so
7ffdbe3c0000-7ffdbe3c2000 rw-p 00000000 00:00 0 
7ffdbe3c8000-7ffdbe3d1000 r-xp 00000000 08:02 1444806                    /lib/x86_64-linux-gnu/libnss_compat-2.19.so
7ffdbe3d1000-7ffdbe5d0000 ---p 00009000 08:02 1444806                    /lib/x86_64-linux-gnu/libnss_compat-2.19.so
7ffdbe5d0000-7ffdbe5d1000 r--p 00008000 08:02 1444806                    /lib/x86_64-linux-gnu/libnss_compat-2.19.so
7ffdbe5d1000-7ffdbe5d2000 rw-p 00009000 08:02 1444806                    /lib/x86_64-linux-gnu/libnss_compat-2.19.so
7ffdbe5d8000-7ffdbe603000 r-xp 00000000 08:02 1317774                    /usr/lib/jvm/java-7-openjdk-amd64/jre/lib/amd64/libjava.so
7ffdbe603000-7ffdbe802000 ---p 0002b000 08:02 1317774                    /usr/lib/jvm/java-7-openjdk-amd64/jre/lib/amd64/libjava.so
7ffdbe802000-7ffdbe803000 r--p 0002a000 08:02 1317774                    /usr/lib/jvm/java-7-openjdk-amd64/jre/lib/amd64/libjava.so
7ffdbe803000-7ffdbe805000 rw-p 0002b000 08:02 1317774                    /usr/lib/jvm/java-7-openjdk-amd64/jre/lib/amd64/libjava.so
7ffdbe808000-7ffdbe818000 r-xp 00000000 08:02 1317755                    /usr/lib/jvm/java-7-openjdk-amd64/jre/lib/amd64/libverify.so
7ffdbe818000-7ffdbea17000 ---p 00010000 08:02 1317755                    /usr/lib/jvm/java-7-openjdk-amd64/jre/lib/amd64/libverify.so
7ffdbea17000-7ffdbea19000 r--p 0000f000 08:02 1317755                    /usr/lib/jvm/java-7-openjdk-amd64/jre/lib/amd64/libverify.so
7ffdbea19000-7ffdbea1a000 rw-p 00011000 08:02 1317755                    /usr/lib/jvm/java-7-openjdk-amd64/jre/lib/amd64/libverify.so
7ffdbea20000-7ffdbea27000 r-xp 00000000 08:02 1444817                    /lib/x86_64-linux-gnu/librt-2.19.so
7ffdbea27000-7ffdbec26000 ---p 00007000 08:02 1444817                    /lib/x86_64-linux-gnu/librt-2.19.so
7ffdbec26000-7ffdbec27000 r--p 00006000 08:02 1444817                    /lib/x86_64-linux-gnu/librt-2.19.so
7ffdbec27000-7ffdbec28000 rw-p 00007000 08:02 1444817                    /lib/x86_64-linux-gnu/librt-2.19.so
7ffdbec28000-7ffdbec3e000 r-xp 00000000 08:02 1441904                    /lib/x86_64-linux-gnu/libgcc_s.so.1
7ffdbec3e000-7ffdbee3d000 ---p 00016000 08:02 1441904                    /lib/x86_64-linux-gnu/libgcc_s.so.1
7ffdbee3d000-7ffdbee3e000 rw-p 00015000 08:02 1441904                    /lib/x86_64-linux-gnu/libgcc_s.so.1
7ffdbee40000-7ffdbef45000 r-xp 00000000 08:02 1443041                    /lib/x86_64-linux-gnu/libm-2.19.so
7ffdbef45000-7ffdbf144000 ---p 00105000 08:02 1443041                    /lib/x86_64-linux-gnu/libm-2.19.so
7ffdbf144000-7ffdbf145000 r--p 00104000 08:02 1443041                    /lib/x86_64-linux-gnu/libm-2.19.so
7ffdbf145000-7ffdbf146000 rw-p 00105000 08:02 1443041                    /lib/x86_64-linux-gnu/libm-2.19.so
7ffdbf148000-7ffdbf22e000 r-xp 00000000 08:02 1188933                    /usr/lib/x86_64-linux-gnu/libstdc++.so.6.0.19
7ffdbf22e000-7ffdbf42d000 ---p 000e6000 08:02 1188933                    /usr/lib/x86_64-linux-gnu/libstdc++.so.6.0.19
7ffdbf42d000-7ffdbf435000 r--p 000e5000 08:02 1188933                    /usr/lib/x86_64-linux-gnu/libstdc++.so.6.0.19
7ffdbf435000-7ffdbf437000 rw-p 000ed000 08:02 1188933                    /usr/lib/x86_64-linux-gnu/libstdc++.so.6.0.19
7ffdbf437000-7ffdbf44c000 rw-p 00000000 00:00 0 
7ffdbf450000-7ffdbff69000 r-xp 00000000 08:02 1317743                    /usr/lib/jvm/java-7-openjdk-amd64/jre/lib/amd64/server/libjvm.so
7ffdbff69000-7ffdc0169000 ---p 00b19000 08:02 1317743                    /usr/lib/jvm/java-7-openjdk-amd64/jre/lib/amd64/server/libjvm.so
7ffdc0169000-7ffdc0203000 r--p 00b19000 08:02 1317743                    /usr/lib/jvm/java-7-openjdk-amd64/jre/lib/amd64/server/libjvm.so
7ffdc0203000-7ffdc0226000 rw-p 00bb3000 08:02 1317743                    /usr/lib/jvm/java-7-openjdk-amd64/jre/lib/amd64/server/libjvm.so
7ffdc0226000-7ffdc0254000 rw-p 00000000 00:00 0 
7ffdc0258000-7ffdc0270000 r-xp 00000000 08:02 1446050                    /lib/x86_64-linux-gnu/libz.so.1.2.8
7ffdc0270000-7ffdc046f000 ---p 00018000 08:02 1446050                    /lib/x86_64-linux-gnu/libz.so.1.2.8
7ffdc046f000-7ffdc0470000 r--p 00017000 08:02 1446050                    /lib/x86_64-linux-gnu/libz.so.1.2.8
7ffdc0470000-7ffdc0471000 rw-p 00018000 08:02 1446050                    /lib/x86_64-linux-gnu/libz.so.1.2.8
7ffdc0478000-7ffdc0491000 r-xp 00000000 08:02 1444815                    /lib/x86_64-linux-gnu/libpthread-2.19.so
7ffdc0491000-7ffdc0690000 ---p 00019000 08:02 1444815                    /lib/x86_64-linux-gnu/libpthread-2.19.so
7ffdc0690000-7ffdc0691000 r--p 00018000 08:02 1444815                    /lib/x86_64-linux-gnu/libpthread-2.19.so
7ffdc0691000-7ffdc0692000 rw-p 00019000 08:02 1444815                    /lib/x86_64-linux-gnu/libpthread-2.19.so
7ffdc0692000-7ffdc0696000 rw-p 00000000 00:00 0 
7ffdc0698000-7ffdc069b000 r-xp 00000000 08:02 1444799                    /lib/x86_64-linux-gnu/libdl-2.19.so
7ffdc069b000-7ffdc089a000 ---p 00003000 08:02 1444799                    /lib/x86_64-linux-gnu/libdl-2.19.so
7ffdc089a000-7ffdc089b000 r--p 00002000 08:02 1444799                    /lib/x86_64-linux-gnu/libdl-2.19.so
7ffdc089b000-7ffdc089c000 rw-p 00003000 08:02 1444799                    /lib/x86_64-linux-gnu/libdl-2.19.so
7ffdc08a0000-7ffdc0a5b000 r-xp 00000000 08:02 1444814                    /lib/x86_64-linux-gnu/libc-2.19.so
7ffdc0a5b000-7ffdc0c5a000 ---p 001bb000 08:02 1444814                    /lib/x86_64-linux-gnu/libc-2.19.so
7ffdc0c5a000-7ffdc0c5e000 r--p 001ba000 08:02 1444814                    /lib/x86_64-linux-gnu/libc-2.19.so
7ffdc0c5e000-7ffdc0c60000 rw-p 001be000 08:02 1444814                    /lib/x86_64-linux-gnu/libc-2.19.so
7ffdc0c60000-7ffdc0c65000 rw-p 00000000 00:00 0 
7ffdc0c68000-7ffdc0c75000 r-xp 00000000 08:02 1317741                    /usr/lib/jvm/java-7-openjdk-amd64/jre/lib/amd64/jli/libjli.so
7ffdc0c75000-7ffdc0e74000 ---p 0000d000 08:02 1317741                    /usr/lib/jvm/java-7-openjdk-amd64/jre/lib/amd64/jli/libjli.so
7ffdc0e74000-7ffdc0e75000 r--p 0000c000 08:02 1317741                    /usr/lib/jvm/java-7-openjdk-amd64/jre/lib/amd64/jli/libjli.so
7ffdc0e75000-7ffdc0e76000 rw-p 0000d000 08:02 1317741                    /usr/lib/jvm/java-7-openjdk-amd64/jre/lib/amd64/jli/libjli.so
7ffdc0e78000-7ffdc0e9b000 r-xp 00000000 08:02 1444811                    /lib/x86_64-linux-gnu/ld-2.19.so
7ffdc0ea1000-7ffdc0ed2000 rw-p 00000000 00:00 0 
7ffdc0ed2000-7ffdc0f88000 rw-p 00000000 00:00 0 
7ffdc0f88000-7ffdc0f90000 rw-s 00000000 08:02 262612                     /tmp/hsperfdata_xrousakis/16068
7ffdc0f91000-7ffdc0f92000 rw-p 00000000 00:00 0 
7ffdc0f92000-7ffdc0f93000 rwxp 00000000 00:00 0 
7ffdc0f93000-7ffdc0f94000 rw-p 00000000 00:00 0 
7ffdc0f94000-7ffdc0f95000 r--p 00000000 00:00 0 
7ffdc0f95000-7ffdc0f98000 ---p 00000000 00:00 0 
7ffdc0f98000-7ffdc109a000 rw-p 00000000 00:00 0                          [stack:16070]
7ffdc109a000-7ffdc109b000 r--p 00022000 08:02 1444811                    /lib/x86_64-linux-gnu/ld-2.19.so
7ffdc109b000-7ffdc109c000 rw-p 00023000 08:02 1444811                    /lib/x86_64-linux-gnu/ld-2.19.so
7ffdc109c000-7ffdc109e000 rw-p 00000000 00:00 0 
7ffdc109e000-7ffdc10a0000 rw-p 00000000 00:00 0 
7fff336e2000-7fff33704000 rw-p 00000000 00:00 0                          [stack]
7fff33750000-7fff33752000 r-xp 00000000 00:00 0                          [vdso]
ffffffffff600000-ffffffffff601000 r-xp 00000000 00:00 0                  [vsyscall]

VM Arguments:
java_command: org.scify.jthinkfreedom.gui.ApplicationLauncher
Launcher Type: SUN_STANDARD

Environment Variables:
JAVA_HOME=/usr/lib/jvm/default-java
PATH=/usr/local/sbin:/usr/local/bin:/usr/sbin:/usr/bin:/sbin:/bin:/usr/games:/usr/local/games
USERNAME=xrousakis
LD_LIBRARY_PATH=/usr/lib/jvm/default-java/jre/lib/amd64:/usr/lib/jvm/default-java/jre/lib/i386:
SHELL=/bin/bash
DISPLAY=:0

Signal Handlers:
SIGSEGV: [libjvm.so+0x94bab0], sa_mask[0]=0x7ffbfeff, sa_flags=0x10000004
SIGBUS: [libjvm.so+0x94bab0], sa_mask[0]=0x7ffbfeff, sa_flags=0x10000004
SIGFPE: [libjvm.so+0x7c38b0], sa_mask[0]=0x7ffbfeff, sa_flags=0x10000004
SIGPIPE: [libjvm.so+0x7c38b0], sa_mask[0]=0x7ffbfeff, sa_flags=0x10000004
SIGXFSZ: [libjvm.so+0x7c38b0], sa_mask[0]=0x7ffbfeff, sa_flags=0x10000004
SIGILL: [libjvm.so+0x7c38b0], sa_mask[0]=0x7ffbfeff, sa_flags=0x10000004
SIGUSR1: SIG_DFL, sa_mask[0]=0x00000000, sa_flags=0x00000000
SIGUSR2: [libjvm.so+0x7c3750], sa_mask[0]=0x00000004, sa_flags=0x10000004
SIGHUP: [libjvm.so+0x7c3930], sa_mask[0]=0x7ffbfeff, sa_flags=0x10000004
SIGINT: SIG_IGN, sa_mask[0]=0x00000000, sa_flags=0x00000000
SIGTERM: [libjvm.so+0x7c3930], sa_mask[0]=0x7ffbfeff, sa_flags=0x10000004
SIGQUIT: [libjvm.so+0x7c3930], sa_mask[0]=0x7ffbfeff, sa_flags=0x10000004
SIGTRAP: SIG_DFL, sa_mask[0]=0x00000000, sa_flags=0x00000000


---------------  S Y S T E M  ---------------

OS:LinuxMint 17 (qiana)
uname:Linux 3.14.8-031408-generic #201406161755 SMP Mon Jun 16 21:56:09 UTC 2014 x86_64
libc:glibc 2.19 NPTL 2.19 
rlimit: STACK 8192k, CORE 0k, NPROC 55132, NOFILE 4096, AS infinity
load average:0,73 0,91 0,88

/proc/meminfo:
MemTotal:        7292072 kB
MemFree:         3366764 kB
MemAvailable:    4770304 kB
Buffers:          238152 kB
Cached:          1355444 kB
SwapCached:            0 kB
Active:          2784096 kB
Inactive:         863116 kB
Active(anon):    2054684 kB
Inactive(anon):    86272 kB
Active(file):     729412 kB
Inactive(file):   776844 kB
Unevictable:           0 kB
Mlocked:               0 kB
SwapTotal:       3361788 kB
SwapFree:        3361788 kB
Dirty:             10940 kB
Writeback:             0 kB
AnonPages:       2053664 kB
Mapped:           256172 kB
Shmem:             87300 kB
Slab:             160412 kB
SReclaimable:     132424 kB
SUnreclaim:        27988 kB
KernelStack:        4112 kB
PageTables:        34564 kB
NFS_Unstable:          0 kB
Bounce:                0 kB
WritebackTmp:          0 kB
CommitLimit:     7007824 kB
Committed_AS:    5170140 kB
VmallocTotal:   34359738367 kB
VmallocUsed:      315192 kB
VmallocChunk:   34359383836 kB
HardwareCorrupted:     0 kB
AnonHugePages:   1386496 kB
HugePages_Total:       0
HugePages_Free:        0
HugePages_Rsvd:        0
HugePages_Surp:        0
Hugepagesize:       2048 kB
DirectMap4k:       76120 kB
DirectMap2M:     3287040 kB
DirectMap1G:     4194304 kB


CPU:total 2 (2 cores per cpu, 1 threads per core) family 21 model 19 stepping 1, cmov, cx8, fxsr, mmx, sse, sse2, sse3, ssse3, sse4.1, sse4.2, popcnt, avx, aes, mmxext, 3dnowpref, lzcnt, sse4a, tsc, tscinvbit, tscinv

/proc/cpuinfo:
processor	: 0
vendor_id	: AuthenticAMD
cpu family	: 21
model		: 19
model name	: AMD A4-4000 APU with Radeon(tm) HD Graphics
stepping	: 1
microcode	: 0x6001119
cpu MHz		: 3000.000
cache size	: 1024 KB
physical id	: 0
siblings	: 2
core id		: 0
cpu cores	: 1
apicid		: 16
initial apicid	: 0
fpu		: yes
fpu_exception	: yes
cpuid level	: 13
wp		: yes
flags		: fpu vme de pse tsc msr pae mce cx8 apic sep mtrr pge mca cmov pat pse36 clflush mmx fxsr sse sse2 ht syscall nx mmxext fxsr_opt pdpe1gb rdtscp lm constant_tsc rep_good nopl nonstop_tsc extd_apicid aperfmperf pni pclmulqdq monitor ssse3 fma cx16 sse4_1 sse4_2 popcnt aes xsave avx f16c lahf_lm cmp_legacy svm extapic cr8_legacy abm sse4a misalignsse 3dnowprefetch osvw ibs xop skinit wdt lwp fma4 tce nodeid_msr tbm topoext perfctr_core perfctr_nb arat cpb hw_pstate npt lbrv svm_lock nrip_save tsc_scale vmcb_clean flushbyasid decodeassists pausefilter pfthreshold bmi1
bogomips	: 6030.33
TLB size	: 1536 4K pages
clflush size	: 64
cache_alignment	: 64
address sizes	: 48 bits physical, 48 bits virtual
power management: ts ttp tm 100mhzsteps hwpstate cpb eff_freq_ro

processor	: 1
vendor_id	: AuthenticAMD
cpu family	: 21
model		: 19
model name	: AMD A4-4000 APU with Radeon(tm) HD Graphics    
stepping	: 1
microcode	: 0x6001119
cpu MHz		: 3000.000
cache size	: 1024 KB
physical id	: 0
siblings	: 2
core id		: 1
cpu cores	: 1
apicid		: 17
initial apicid	: 1
fpu		: yes
fpu_exception	: yes
cpuid level	: 13
wp		: yes
flags		: fpu vme de pse tsc msr pae mce cx8 apic sep mtrr pge mca cmov pat pse36 clflush mmx fxsr sse sse2 ht syscall nx mmxext fxsr_opt pdpe1gb rdtscp lm constant_tsc rep_good nopl nonstop_tsc extd_apicid aperfmperf pni pclmulqdq monitor ssse3 fma cx16 sse4_1 sse4_2 popcnt aes xsave avx f16c lahf_lm cmp_legacy svm extapic cr8_legacy abm sse4a misalignsse 3dnowprefetch osvw ibs xop skinit wdt lwp fma4 tce nodeid_msr tbm topoext perfctr_core perfctr_nb arat cpb hw_pstate npt lbrv svm_lock nrip_save tsc_scale vmcb_clean flushbyasid decodeassists pausefilter pfthreshold bmi1
bogomips	: 6030.33
TLB size	: 1536 4K pages
clflush size	: 64
cache_alignment	: 64
address sizes	: 48 bits physical, 48 bits virtual
power management: ts ttp tm 100mhzsteps hwpstate cpb eff_freq_ro



Memory: 4k page, physical 7292072k(3366228k free), swap 3361788k(3361788k free)

vm_info: OpenJDK 64-Bit Server VM (24.79-b02) for linux-amd64 JRE (1.7.0_79-b14), built on Jul 24 2015 08:15:54 by "buildd" with gcc 4.8.2

time: Wed Aug 12 16:10:35 2015
elapsed time: 30 seconds

