#
# A fatal error has been detected by the Java Runtime Environment:
#
#  SIGSEGV (0xb) at pc=0x00007f7f95fa62cc, pid=19885, tid=140185938372352
#
# JRE version: OpenJDK Runtime Environment (7.0_79-b14) (build 1.7.0_79-b14)
# Java VM: OpenJDK 64-Bit Server VM (24.79-b02 mixed mode linux-amd64 compressed oops)
# Derivative: IcedTea 2.5.6
# Distribution: Ubuntu 14.04 LTS, package 7u79-2.5.6-0ubuntu1.14.04.1
# Problematic frame:
# C  [libjpeg.so.8+0x162cc]  jpeg_has_multiple_scans+0x2c
#
# Failed to write core dump. Core dumps have been disabled. To enable core dumping, try "ulimit -c unlimited" before starting Java again
#
# If you would like to submit a bug report, please include
# instructions on how to reproduce the bug and visit:
#   http://icedtea.classpath.org/bugzilla
# The crash happened outside the Java Virtual Machine in native code.
# See problematic frame for where to report the bug.
#

---------------  T H R E A D  ---------------

Current thread (0x00007f7fa001c800):  JavaThread "Image Fetcher 0" daemon [_thread_in_native, id=20081, stack(0x00007f7f94ff2000,0x00007f7f950f3000)]

siginfo:si_signo=SIGSEGV: si_errno=0, si_code=1 (SEGV_MAPERR), si_addr=0x0000000000000020

Registers:
RAX=0x0000000000000000, RBX=0x00007f7f950f14d0, RCX=0x0000000000000001, RDX=0x0000000000000000
RSP=0x00007f7f950f11b8, RBP=0x00007f7f950f17a0, RSI=0x0000000000000001, RDI=0x00007f7f950f14d0
R8 =0x0000000000000000, R9 =0x00007f7f90000078, R10=0x00007f7f950f0f80, R11=0x00007f7f95fa62a0
R12=0x0000000000000000, R13=0xffffffffffffffff, R14=0x00007f7f950f1840, R15=0x00007f7fa001c800
RIP=0x00007f7f95fa62cc, EFLAGS=0x0000000000010293, CSGSFS=0x0000000000000033, ERR=0x0000000000000004
  TRAPNO=0x000000000000000e

Top of Stack: (sp=0x00007f7f950f11b8)
0x00007f7f950f11b8:   00007f7f94637d33 00007f7fa001c800
0x00007f7f950f11c8:   00007f7fe467e03b fffffff0ffffffff
0x00007f7f950f11d8:   0000000000000000 00007f7f94637ad0
0x00007f7f950f11e8:   00007f7f950f1278 00007f7f950f1830
0x00007f7f950f11f8:   00007f7f950f1838 00007f7f950f1840
0x00007f7f950f1208:   00007f7fa001c9d8 00000000dbd0a70e
0x00007f7f950f1218:   0000000000000292 00007f7f946371e0
0x00007f7f950f1228:   00007f7f94637380 00007f7f94637500
0x00007f7f950f1238:   00007f7f95fae830 00007f7f94637200
0x00007f7f950f1248:   00007f7f950f1838 00007f7f00000000
0x00007f7f950f1258:   0000000000000000 00000000dbd0a5a0
0x00007f7f950f1268:   00007f7f950f1830 ffffffffffffffff
0x00007f7f950f1278:   0000000000000000 0000000000000000
0x00007f7f950f1288:   0000000000000000 00007f7f950f1280
0x00007f7f950f1298:   0000000086420280 00007f7f950f1328
0x00007f7f950f12a8:   00000000864be230 0000000000000000
0x00007f7f950f12b8:   0000000086420318 0000000000000000
0x00007f7f950f12c8:   00007f7f950f1320 00007f7f950f1390
0x00007f7f950f12d8:   00007f7fdcbe04e7 0000000000000000
0x00007f7f950f12e8:   00007f7f94637ad0 0000000000000000
0x00007f7f950f12f8:   00000000dbd09b88 0000000000000006
0x00007f7f950f1308:   0000000000000007 00000000dcf1b4f8
0x00007f7f950f1318:   00000000dcf1b4f8 00000000dbd0a9a0
0x00007f7f950f1328:   0000000000000000 00007f7f00001fa0
0x00007f7f950f1338:   00007f7f950f13d0 00007f7f950f15d0
0x00007f7f950f1348:   00007f7f950f1500 00007f7fa001c800
0x00007f7f950f1358:   00007f7fb80023f0 00007f7f94637280
0x00007f7f950f1368:   00007f7f95fb3cf0 00007f7f94637210
0x00007f7f950f1378:   00007f7f95fb3d60 00007f7f95fb3d40
0x00007f7f950f1388:   000000000000006a 000000000000003f
0x00007f7f950f1398:   0000000300000000 0000000000000000
0x00007f7f950f13a8:   00007f7f00000000 00007f7f950f1400 

Instructions: (pc=0x00007f7f95fa62cc)
0x00007f7f95fa62ac:   ff 83 fa 08 76 12 48 8b 17 89 42 2c 48 8b 07 c7
0x00007f7f95fa62bc:   42 28 15 00 00 00 ff 10 48 8b 83 58 02 00 00 5b
0x00007f7f95fa62cc:   8b 40 20 c3 53 8b 47 24 48 89 fb 8d 90 33 ff ff
0x00007f7f95fa62dc:   ff 83 fa 01 76 66 3d cf 00 00 00 74 47 3d d2 00 

Register to memory mapping:

RAX=0x0000000000000000 is an unknown value
RBX=0x00007f7f950f14d0 is pointing into the stack for thread: 0x00007f7fa001c800
RCX=0x0000000000000001 is an unknown value
RDX=0x0000000000000000 is an unknown value
RSP=0x00007f7f950f11b8 is pointing into the stack for thread: 0x00007f7fa001c800
RBP=0x00007f7f950f17a0 is pointing into the stack for thread: 0x00007f7fa001c800
RSI=0x0000000000000001 is an unknown value
RDI=0x00007f7f950f14d0 is pointing into the stack for thread: 0x00007f7fa001c800
R8 =0x0000000000000000 is an unknown value
R9 =0x00007f7f90000078 is an unknown value
R10=0x00007f7f950f0f80 is pointing into the stack for thread: 0x00007f7fa001c800
R11=0x00007f7f95fa62a0: jpeg_has_multiple_scans+0 in /usr/lib/x86_64-linux-gnu/libjpeg.so.8 at 0x00007f7f95f90000
R12=0x0000000000000000 is an unknown value
R13=0xffffffffffffffff is an unknown value
R14=0x00007f7f950f1840 is pointing into the stack for thread: 0x00007f7fa001c800
R15=0x00007f7fa001c800 is a thread


Stack: [0x00007f7f94ff2000,0x00007f7f950f3000],  sp=0x00007f7f950f11b8,  free space=1020k
Native frames: (J=compiled Java code, j=interpreted, Vv=VM code, C=native code)
C  [libjpeg.so.8+0x162cc]  jpeg_has_multiple_scans+0x2c
j  sun.awt.image.JPEGImageDecoder.readImage(Ljava/io/InputStream;[B)V+0
j  sun.awt.image.JPEGImageDecoder.produceImage()V+10
j  sun.awt.image.InputStreamImageSource.doFetch()V+51
j  sun.awt.image.ImageFetcher.fetchloop()V+33
j  sun.awt.image.ImageFetcher.run()V+5
v  ~StubRoutines::call_stub
V  [libjvm.so+0x5e80c9]  JavaCalls::call_helper(JavaValue*, methodHandle*, JavaCallArguments*, Thread*)+0x339
V  [libjvm.so+0x5e6f1e]  JavaCalls::call_virtual(JavaValue*, Handle, KlassHandle, Symbol*, Symbol*, Thread*)+0x20e
V  [libjvm.so+0x623391]  thread_entry(JavaThread*, Thread*)+0xd1
V  [libjvm.so+0x900f40]  JavaThread::thread_main_inner()+0xf0
V  [libjvm.so+0x9011b1]  JavaThread::run()+0x221
V  [libjvm.so+0x7c4f62]  java_start(Thread*)+0xf2

Java frames: (J=compiled Java code, j=interpreted, Vv=VM code)
j  sun.awt.image.JPEGImageDecoder.readImage(Ljava/io/InputStream;[B)V+0
j  sun.awt.image.JPEGImageDecoder.produceImage()V+10
j  sun.awt.image.InputStreamImageSource.doFetch()V+51
j  sun.awt.image.ImageFetcher.fetchloop()V+33
j  sun.awt.image.ImageFetcher.run()V+5
v  ~StubRoutines::call_stub

---------------  P R O C E S S  ---------------

Java Threads: ( => current thread )
=>0x00007f7fa001c800 JavaThread "Image Fetcher 0" daemon [_thread_in_native, id=20081, stack(0x00007f7f94ff2000,0x00007f7f950f3000)]
  0x00007f7fa402e000 JavaThread "pool-3-thread-1" [_thread_blocked, id=19925, stack(0x00007f7f95136000,0x00007f7f95237000)]
  0x0000000001642000 JavaThread "Thread-2" [_thread_blocked, id=19924, stack(0x00007f7f94ef1000,0x00007f7f94ff2000)]
  0x0000000001623800 JavaThread "Thread-0" [_thread_blocked, id=19923, stack(0x00007f7f95237000,0x00007f7f95338000)]
  0x00000000015b1000 JavaThread "TimerQueue" daemon [_thread_blocked, id=19908, stack(0x00007f7fa8d8e000,0x00007f7fa8e8f000)]
  0x00007f7fe000b000 JavaThread "DestroyJavaVM" [_thread_blocked, id=19888, stack(0x00007f7fe702f000,0x00007f7fe7130000)]
  0x00007f7fe0417000 JavaThread "AWT-EventQueue-0" [_thread_blocked, id=19906, stack(0x00007f7f9578e000,0x00007f7f9588f000)]
  0x00007f7fe041b000 JavaThread "AWT-Shutdown" [_thread_blocked, id=19905, stack(0x00007f7f9588f000,0x00007f7f95990000)]
  0x00007f7fe02c3000 JavaThread "AWT-XAWT" daemon [_thread_in_native, id=19901, stack(0x00007f7fa8e8f000,0x00007f7fa8f90000)]
  0x00007f7fe02a6000 JavaThread "Java2D Disposer" daemon [_thread_blocked, id=19900, stack(0x00007f7fd00b7000,0x00007f7fd01b8000)]
  0x00007f7fe00ac000 JavaThread "Service Thread" daemon [_thread_blocked, id=19898, stack(0x00007f7fd2c94000,0x00007f7fd2d95000)]
  0x00007f7fe00a9800 JavaThread "C2 CompilerThread1" daemon [_thread_blocked, id=19897, stack(0x00007f7fd2d95000,0x00007f7fd2e96000)]
  0x00007f7fe00a6800 JavaThread "C2 CompilerThread0" daemon [_thread_blocked, id=19896, stack(0x00007f7fd2e96000,0x00007f7fd2f97000)]
  0x00007f7fe00a4800 JavaThread "Signal Dispatcher" daemon [_thread_blocked, id=19895, stack(0x00007f7fd2f97000,0x00007f7fd3098000)]
  0x00007f7fe0078800 JavaThread "Finalizer" daemon [_thread_blocked, id=19894, stack(0x00007f7fd3369000,0x00007f7fd346a000)]
  0x00007f7fe0076800 JavaThread "Reference Handler" daemon [_thread_blocked, id=19893, stack(0x00007f7fd346a000,0x00007f7fd356b000)]

Other Threads:
  0x00007f7fe0072000 VMThread [stack: 0x00007f7fd356b000,0x00007f7fd366c000] [id=19892]
  0x00007f7fe00b6800 WatcherThread [stack: 0x00007f7fd2b93000,0x00007f7fd2c94000] [id=19899]

VM state:not at safepoint (normal execution)

VM Mutex/Monitor currently owned by a thread: None

Heap
 PSYoungGen      total 33792K, used 20137K [0x00000000dae00000, 0x00000000dd380000, 0x0000000100000000)
  eden space 29184K, 53% used [0x00000000dae00000,0x00000000dbd2b498,0x00000000dca80000)
  from space 4608K, 99% used [0x00000000dcf00000,0x00000000dd37f008,0x00000000dd380000)
  to   space 4608K, 0% used [0x00000000dca80000,0x00000000dca80000,0x00000000dcf00000)
 ParOldGen       total 75776K, used 10356K [0x0000000090a00000, 0x0000000095400000, 0x00000000dae00000)
  object space 75776K, 13% used [0x0000000090a00000,0x000000009141d1d8,0x0000000095400000)
 PSPermGen       total 22016K, used 21827K [0x0000000086400000, 0x0000000087980000, 0x0000000090a00000)
  object space 22016K, 99% used [0x0000000086400000,0x0000000087950d98,0x0000000087980000)

Card table byte_map: [0x00007f7fdc811000,0x00007f7fdcbe0000] byte_map_base: 0x00007f7fdc3df000

Polling page: 0x00007f7fe702e000

Code Cache  [0x00007f7fdcbe0000, 0x00007f7fdce50000, 0x00007f7fdfbe0000)
 total_blobs=849 nmethods=261 adapters=542 free_code_cache=47975Kb largest_free_block=49015424

Compilation events (10 events):
Event: 60,816 Thread 0x00007f7fe00a9800  276             java.util.regex.Matcher::reset (83 bytes)
Event: 60,818 Thread 0x00007f7fe00a9800 nmethod 276 0x00007f7fdccf68d0 code [0x00007f7fdccf6a20, 0x00007f7fdccf6b78]
Event: 61,756 Thread 0x00007f7fe00a9800  277             java.util.regex.Matcher::search (109 bytes)
Event: 61,761 Thread 0x00007f7fe00a9800 nmethod 277 0x00007f7fdccf61d0 code [0x00007f7fdccf6340, 0x00007f7fdccf6668]
Event: 62,385 Thread 0x00007f7fe00a9800  278             java.lang.Object::equals (11 bytes)
Event: 62,385 Thread 0x00007f7fe00a9800 nmethod 278 0x00007f7fdccfeed0 code [0x00007f7fdccff000, 0x00007f7fdccff058]
Event: 72,919 Thread 0x00007f7fe00a9800  279             java.util.Calendar::setFieldsComputed (117 bytes)
Event: 72,926 Thread 0x00007f7fe00a9800 nmethod 279 0x00007f7fdccff590 code [0x00007f7fdccff720, 0x00007f7fdccff9d8]
Event: 73,231 Thread 0x00007f7fe00a6800  280             java.util.Calendar::internalSet (8 bytes)
Event: 73,232 Thread 0x00007f7fe00a6800 nmethod 280 0x00007f7fdccff2d0 code [0x00007f7fdccff420, 0x00007f7fdccff4b8]

GC Heap History (4 events):
Event: 2,032 GC heap before
{Heap before GC invocations=1 (full 0):
 PSYoungGen      total 33792K, used 29184K [0x00000000dae00000, 0x00000000dd380000, 0x0000000100000000)
  eden space 29184K, 100% used [0x00000000dae00000,0x00000000dca80000,0x00000000dca80000)
  from space 4608K, 0% used [0x00000000dcf00000,0x00000000dcf00000,0x00000000dd380000)
  to   space 4608K, 0% used [0x00000000dca80000,0x00000000dca80000,0x00000000dcf00000)
 ParOldGen       total 75776K, used 0K [0x0000000090a00000, 0x0000000095400000, 0x00000000dae00000)
  object space 75776K, 0% used [0x0000000090a00000,0x0000000090a00000,0x0000000095400000)
 PSPermGen       total 21504K, used 16127K [0x0000000086400000, 0x0000000087900000, 0x0000000090a00000)
  object space 21504K, 74% used [0x0000000086400000,0x00000000873bfe28,0x0000000087900000)
Event: 2,044 GC heap after
Heap after GC invocations=1 (full 0):
 PSYoungGen      total 33792K, used 3772K [0x00000000dae00000, 0x00000000dd380000, 0x0000000100000000)
  eden space 29184K, 0% used [0x00000000dae00000,0x00000000dae00000,0x00000000dca80000)
  from space 4608K, 81% used [0x00000000dca80000,0x00000000dce2f370,0x00000000dcf00000)
  to   space 4608K, 0% used [0x00000000dcf00000,0x00000000dcf00000,0x00000000dd380000)
 ParOldGen       total 75776K, used 8K [0x0000000090a00000, 0x0000000095400000, 0x00000000dae00000)
  object space 75776K, 0% used [0x0000000090a00000,0x0000000090a02000,0x0000000095400000)
 PSPermGen       total 21504K, used 16127K [0x0000000086400000, 0x0000000087900000, 0x0000000090a00000)
  object space 21504K, 74% used [0x0000000086400000,0x00000000873bfe28,0x0000000087900000)
}
Event: 29,801 GC heap before
{Heap before GC invocations=2 (full 0):
 PSYoungGen      total 33792K, used 32956K [0x00000000dae00000, 0x00000000dd380000, 0x0000000100000000)
  eden space 29184K, 100% used [0x00000000dae00000,0x00000000dca80000,0x00000000dca80000)
  from space 4608K, 81% used [0x00000000dca80000,0x00000000dce2f370,0x00000000dcf00000)
  to   space 4608K, 0% used [0x00000000dcf00000,0x00000000dcf00000,0x00000000dd380000)
 ParOldGen       total 75776K, used 8K [0x0000000090a00000, 0x0000000095400000, 0x00000000dae00000)
  object space 75776K, 0% used [0x0000000090a00000,0x0000000090a02000,0x0000000095400000)
 PSPermGen       total 21504K, used 20773K [0x0000000086400000, 0x0000000087900000, 0x0000000090a00000)
  object space 21504K, 96% used [0x0000000086400000,0x0000000087849698,0x0000000087900000)
Event: 29,831 GC heap after
Heap after GC invocations=2 (full 0):
 PSYoungGen      total 33792K, used 4604K [0x00000000dae00000, 0x00000000dd380000, 0x0000000100000000)
  eden space 29184K, 0% used [0x00000000dae00000,0x00000000dae00000,0x00000000dca80000)
  from space 4608K, 99% used [0x00000000dcf00000,0x00000000dd37f008,0x00000000dd380000)
  to   space 4608K, 0% used [0x00000000dca80000,0x00000000dca80000,0x00000000dcf00000)
 ParOldGen       total 75776K, used 10356K [0x0000000090a00000, 0x0000000095400000, 0x00000000dae00000)
  object space 75776K, 13% used [0x0000000090a00000,0x000000009141d1d8,0x0000000095400000)
 PSPermGen       total 21504K, used 20773K [0x0000000086400000, 0x0000000087900000, 0x0000000090a00000)
  object space 21504K, 96% used [0x0000000086400000,0x0000000087849698,0x0000000087900000)
}

Deoptimization events (10 events):
Event: 32,795 Thread 0x00007f7fe0417000 Uncommon trap: reason=unreached action=reinterpret pc=0x00007f7fdccde570 method=sun.util.logging.PlatformLogger.isLoggable(Lsun/util/logging/PlatformLogger$Level;)Z @ 18
Event: 32,795 Thread 0x00007f7fe0417000 Uncommon trap: reason=unreached action=reinterpret pc=0x00007f7fdccdeb94 method=sun.util.logging.PlatformLogger.isLoggable(Lsun/util/logging/PlatformLogger$Level;)Z @ 18
Event: 32,795 Thread 0x00007f7fe0417000 Uncommon trap: reason=class_check action=maybe_recompile pc=0x00007f7fdccbf354 method=sun.util.logging.PlatformLogger.finest(Ljava/lang/String;)V @ 8
Event: 32,795 Thread 0x00007f7fe0417000 Uncommon trap: reason=class_check action=maybe_recompile pc=0x00007f7fdccbf354 method=sun.util.logging.PlatformLogger.finest(Ljava/lang/String;)V @ 8
Event: 32,795 Thread 0x00007f7fe0417000 Uncommon trap: reason=class_check action=maybe_recompile pc=0x00007f7fdccbf354 method=sun.util.logging.PlatformLogger.finest(Ljava/lang/String;)V @ 8
Event: 32,798 Thread 0x00007f7fe0417000 Uncommon trap: reason=class_check action=maybe_recompile pc=0x00007f7fdccbf354 method=sun.util.logging.PlatformLogger.finest(Ljava/lang/String;)V @ 8
Event: 32,799 Thread 0x00007f7fe02c3000 Uncommon trap: reason=class_check action=maybe_recompile pc=0x00007f7fdcca8f70 method=sun.util.logging.PlatformLogger.finest(Ljava/lang/String;)V @ 8
Event: 49,328 Thread 0x0000000001642000 Uncommon trap: reason=unreached action=reinterpret pc=0x00007f7fdcca7cc8 method=java.lang.ThreadLocal$ThreadLocalMap.getEntry(Ljava/lang/ThreadLocal;)Ljava/lang/ThreadLocal$ThreadLocalMap$Entry; @ 29
Event: 49,329 Thread 0x0000000001642000 Uncommon trap: reason=unreached action=reinterpret pc=0x00007f7fdcca791c method=java.lang.ThreadLocal$ThreadLocalMap.getEntry(Ljava/lang/ThreadLocal;)Ljava/lang/ThreadLocal$ThreadLocalMap$Entry; @ 29
Event: 224,862 Thread 0x0000000001623800 Uncommon trap: reason=unreached action=reinterpret pc=0x00007f7fdcd00b7c method=org.scify.jthinkfreedom.keyboard.sensors.KeyboardSensor.getData()Ljava/lang/Character; @ 4

Internal exceptions (10 events):
Event: 33,057 Thread 0x0000000001642000 Threw 0x00000000dbb2c2e0 at /build/openjdk-7-FO0dNI/openjdk-7-7u79-2.5.6/build/openjdk/hotspot/src/share/vm/prims/jvm.cpp:1284
Event: 33,076 Thread 0x0000000001642000 Threw 0x00000000dbb3c7f8 at /build/openjdk-7-FO0dNI/openjdk-7-7u79-2.5.6/build/openjdk/hotspot/src/share/vm/prims/jvm.cpp:1284
Event: 33,086 Thread 0x0000000001642000 Threw 0x00000000dbb5a200 at /build/openjdk-7-FO0dNI/openjdk-7-7u79-2.5.6/build/openjdk/hotspot/src/share/vm/prims/jvm.cpp:1284
Event: 33,088 Thread 0x0000000001642000 Threw 0x00000000dbb6b658 at /build/openjdk-7-FO0dNI/openjdk-7-7u79-2.5.6/build/openjdk/hotspot/src/share/vm/prims/jvm.cpp:1284
Event: 33,100 Thread 0x0000000001642000 Threw 0x00000000dbb84810 at /build/openjdk-7-FO0dNI/openjdk-7-7u79-2.5.6/build/openjdk/hotspot/src/share/vm/prims/jvm.cpp:1284
Event: 33,102 Thread 0x0000000001642000 Threw 0x00000000dbb957e8 at /build/openjdk-7-FO0dNI/openjdk-7-7u79-2.5.6/build/openjdk/hotspot/src/share/vm/prims/jvm.cpp:1284
Event: 49,328 Thread 0x0000000001642000 Threw 0x00000000dbbb3638 at /build/openjdk-7-FO0dNI/openjdk-7-7u79-2.5.6/build/openjdk/hotspot/src/share/vm/prims/jvm.cpp:1284
Event: 49,338 Thread 0x0000000001642000 Threw 0x00000000dbbca168 at /build/openjdk-7-FO0dNI/openjdk-7-7u79-2.5.6/build/openjdk/hotspot/src/share/vm/prims/jvm.cpp:1284
Event: 224,863 Thread 0x0000000001623800 Threw 0x00000000db567078 at /build/openjdk-7-FO0dNI/openjdk-7-7u79-2.5.6/build/openjdk/hotspot/src/share/vm/prims/jvm.cpp:1284
Event: 224,866 Thread 0x0000000001623800 Threw 0x00000000db579d58 at /build/openjdk-7-FO0dNI/openjdk-7-7u79-2.5.6/build/openjdk/hotspot/src/share/vm/prims/jvm.cpp:1284

Events (10 events):
Event: 224,866 loading class 0x00007f7fa0019ef0 done
Event: 224,867 Executing VM operation: RevokeBias
Event: 224,871 Executing VM operation: RevokeBias done
Event: 224,887 loading class 0x00007f7fe020bcd0
Event: 224,887 loading class 0x00007f7fe020bcd0 done
Event: 224,887 Thread 0x00007f7fa001c800 Thread added: 0x00007f7fa001c800
Event: 224,887 Executing VM operation: RevokeBias
Event: 224,887 Executing VM operation: RevokeBias done
Event: 224,888 loading class 0x00007f7fb4010710
Event: 224,888 loading class 0x00007f7fb4010710 done


Dynamic libraries:
00400000-00401000 r-xp 00000000 08:02 1323751                            /usr/lib/jvm/java-7-openjdk-amd64/jre/bin/java
00600000-00601000 r--p 00000000 08:02 1323751                            /usr/lib/jvm/java-7-openjdk-amd64/jre/bin/java
00601000-00602000 rw-p 00001000 08:02 1323751                            /usr/lib/jvm/java-7-openjdk-amd64/jre/bin/java
015a8000-0179d000 rw-p 00000000 00:00 0                                  [heap]
86400000-87980000 rw-p 00000000 00:00 0 
87980000-90a00000 rw-p 00000000 00:00 0 
90a00000-95400000 rw-p 00000000 00:00 0 
95400000-dae00000 rw-p 00000000 00:00 0 
dae00000-dd380000 rw-p 00000000 00:00 0 
dd380000-100000000 rw-p 00000000 00:00 0 
7f7f90000000-7f7f90079000 rw-p 00000000 00:00 0 
7f7f90079000-7f7f94000000 ---p 00000000 00:00 0 
7f7f944cf000-7f7f94630000 rw-p 00000000 00:00 0 
7f7f94630000-7f7f9463a000 r-xp 00000000 08:02 1317748                    /usr/lib/jvm/java-7-openjdk-amd64/jre/lib/amd64/libjavajpeg.so
7f7f9463a000-7f7f94839000 ---p 0000a000 08:02 1317748                    /usr/lib/jvm/java-7-openjdk-amd64/jre/lib/amd64/libjavajpeg.so
7f7f94839000-7f7f9483a000 r--p 00009000 08:02 1317748                    /usr/lib/jvm/java-7-openjdk-amd64/jre/lib/amd64/libjavajpeg.so
7f7f9483a000-7f7f9483b000 rw-p 0000a000 08:02 1317748                    /usr/lib/jvm/java-7-openjdk-amd64/jre/lib/amd64/libjavajpeg.so
7f7f94840000-7f7f94ac7000 rw-s 00000000 00:04 14680071                   /SYSV00000000 (deleted)
7f7f94bff000-7f7f94cd8000 rw-p 00000000 00:00 0 
7f7f94cd8000-7f7f94cef000 r-xp 00000000 08:02 271636                     /tmp/jna-xrousakis/jna4994047100174613218.tmp (deleted)
7f7f94cef000-7f7f94eef000 ---p 00017000 08:02 271636                     /tmp/jna-xrousakis/jna4994047100174613218.tmp (deleted)
7f7f94eef000-7f7f94ef0000 r--p 00017000 08:02 271636                     /tmp/jna-xrousakis/jna4994047100174613218.tmp (deleted)
7f7f94ef0000-7f7f94ef1000 rw-p 00018000 08:02 271636                     /tmp/jna-xrousakis/jna4994047100174613218.tmp (deleted)
7f7f94ef1000-7f7f94ef4000 ---p 00000000 00:00 0 
7f7f94ef4000-7f7f94ff2000 rw-p 00000000 00:00 0                          [stack:19924]
7f7f94ff2000-7f7f94ff5000 ---p 00000000 00:00 0 
7f7f94ff5000-7f7f950f3000 rw-p 00000000 00:00 0                          [stack:20081]
7f7f950f3000-7f7f950fd000 r--s 00203000 08:02 1310919                    /usr/lib/jvm/java-7-openjdk-amd64/jre/lib/charsets.jar
7f7f95136000-7f7f95139000 ---p 00000000 00:00 0 
7f7f95139000-7f7f95237000 rw-p 00000000 00:00 0                          [stack:19925]
7f7f95237000-7f7f9523a000 ---p 00000000 00:00 0 
7f7f9523a000-7f7f95338000 rw-p 00000000 00:00 0                          [stack:19923]
7f7f95338000-7f7f95353000 r--s 00000000 08:02 2362922                    /usr/share/fonts/type1/gsfonts/p052004l.pfb
7f7f95358000-7f7f95373000 r--s 00000000 08:02 2362925                    /usr/share/fonts/type1/gsfonts/p052023l.pfb
7f7f95378000-7f7f9538a000 r--s 00000000 08:02 2362883                    /usr/share/fonts/type1/gsfonts/n019043l.pfb
7f7f95390000-7f7f9539c000 r--s 00000000 08:02 2362868                    /usr/share/fonts/type1/gsfonts/d050000l.pfb
7f7f953a0000-7f7f953b3000 r--s 00000000 08:02 2362847                    /usr/share/fonts/type1/gsfonts/b018015l.pfb
7f7f953b8000-7f7f953c9000 r--s 00000000 08:02 2362889                    /usr/share/fonts/type1/gsfonts/n019063l.pfb
7f7f953d0000-7f7f953e2000 r--s 00000000 08:02 2362853                    /usr/share/fonts/type1/gsfonts/b018035l.pfb
7f7f953e8000-7f7f953f8000 r--s 00000000 08:02 2362832                    /usr/share/fonts/type1/gsfonts/a010013l.pfb
7f7f953f8000-7f7f9540f000 r--s 00000000 08:02 2362934                    /usr/share/fonts/type1/gsfonts/z003034l.pfb
7f7f95410000-7f7f9542b000 r--s 00000000 08:02 2362859                    /usr/share/fonts/type1/gsfonts/c059016l.pfb
7f7f95430000-7f7f95431000 r--s 00000000 08:02 2756976                    /var/cache/fontconfig/c05880de57d1f5e948fdfacc138775d9-le64.cache-4
7f7f95438000-7f7f95443000 r--s 00000000 08:02 2756975                    /var/cache/fontconfig/945677eb7aeaf62f1d50efc3fb3ec7d8-le64.cache-4
7f7f95448000-7f7f9544a000 r--s 00000000 08:02 2756973                    /var/cache/fontconfig/99e8ed0e538f840c565b6ed5dad60d56-le64.cache-4
7f7f95450000-7f7f95456000 r--s 00000000 08:02 2756972                    /var/cache/fontconfig/2cd17615ca594fa2959ae173292e504c-le64.cache-4
7f7f95458000-7f7f95459000 r--s 00000000 08:02 2756971                    /var/cache/fontconfig/e7071f4a29fa870f4323321c154eba04-le64.cache-4
7f7f95460000-7f7f95461000 r--s 00000000 08:02 2756970                    /var/cache/fontconfig/0d8c3b2ac0904cb8a57a757ad11a4a08-le64.cache-4
7f7f95468000-7f7f9546f000 r--s 00000000 08:02 2756969                    /var/cache/fontconfig/a755afe4a08bf5b97852ceb7400b47bc-le64.cache-4
7f7f95470000-7f7f9547c000 r--s 00000000 08:02 2756968                    /var/cache/fontconfig/6d41288fd70b0be22e8c3a91e032eec0-le64.cache-4
7f7f95480000-7f7f95494000 r--s 00000000 08:02 2756967                    /var/cache/fontconfig/04aabc0a78ac019cf9454389977116d2-le64.cache-4
7f7f95498000-7f7f95499000 r--s 00000000 08:02 2756966                    /var/cache/fontconfig/1ac9eb803944fde146138c791f5cc56a-le64.cache-4
7f7f954a0000-7f7f954a4000 r--s 00000000 08:02 2756965                    /var/cache/fontconfig/385c0604a188198f04d133e54aba7fe7-le64.cache-4
7f7f954a8000-7f7f954a9000 r--s 00000000 08:02 2756964                    /var/cache/fontconfig/dc05db6664285cc2f12bf69c139ae4c3-le64.cache-4
7f7f954b0000-7f7f954b2000 r--s 00000000 08:02 2756963                    /var/cache/fontconfig/767a8244fc0220cfb567a839d0392e0b-le64.cache-4
7f7f954b8000-7f7f954b9000 r--s 00000000 08:02 2753289                    /var/cache/fontconfig/4794a0821666d79190d59a36cb4f44b5-le64.cache-4
7f7f954c0000-7f7f954c5000 r--s 00000000 08:02 2756961                    /var/cache/fontconfig/8801497958630a81b71ace7c5f9b32a8-le64.cache-4
7f7f954c8000-7f7f954cf000 r--s 00000000 08:02 2756960                    /var/cache/fontconfig/3047814df9a2f067bd2d96a2b9c36e5a-le64.cache-4
7f7f954d0000-7f7f954d1000 r--s 00000000 08:02 2756959                    /var/cache/fontconfig/56cf4f4769d0f4abc89a4895d7bd3ae1-le64.cache-4
7f7f954d8000-7f7f954d9000 r--s 00000000 08:02 2756958                    /var/cache/fontconfig/b9d506c9ac06c20b433354fa67a72993-le64.cache-4
7f7f954e0000-7f7f954e6000 r--s 00000000 08:02 2756957                    /var/cache/fontconfig/b47c4e1ecd0709278f4910c18777a504-le64.cache-4
7f7f954e8000-7f7f954fb000 r--s 00000000 08:02 2756956                    /var/cache/fontconfig/d52a8644073d54c13679302ca1180695-le64.cache-4
7f7f95500000-7f7f95509000 r--s 00000000 08:02 2754543                    /var/cache/fontconfig/3f7329c5293ffd510edef78f73874cfd-le64.cache-4
7f7f95510000-7f7f9551b000 r--s 00000000 08:02 2756954                    /var/cache/fontconfig/d589a48862398ed80a3d6066f4f56f4c-le64.cache-4
7f7f95520000-7f7f95532000 r--s 00000000 08:02 2362886                    /usr/share/fonts/type1/gsfonts/n019044l.pfb
7f7f95538000-7f7f9558a000 r-xp 00000000 08:02 1317750                    /usr/lib/jvm/java-7-openjdk-amd64/jre/lib/amd64/libfontmanager.so
7f7f9558a000-7f7f95789000 ---p 00052000 08:02 1317750                    /usr/lib/jvm/java-7-openjdk-amd64/jre/lib/amd64/libfontmanager.so
7f7f95789000-7f7f9578c000 r--p 00051000 08:02 1317750                    /usr/lib/jvm/java-7-openjdk-amd64/jre/lib/amd64/libfontmanager.so
7f7f9578c000-7f7f9578d000 rw-p 00054000 08:02 1317750                    /usr/lib/jvm/java-7-openjdk-amd64/jre/lib/amd64/libfontmanager.so
7f7f9578e000-7f7f95791000 ---p 00000000 00:00 0 
7f7f95791000-7f7f9588f000 rw-p 00000000 00:00 0                          [stack:19906]
7f7f9588f000-7f7f95892000 ---p 00000000 00:00 0 
7f7f95892000-7f7f95990000 rw-p 00000000 00:00 0                          [stack:19905]
7f7f95990000-7f7f95b3d000 r-xp 00000000 08:02 271635                     /tmp/javacpp26465890010357/libjniopencv_core.so
7f7f95b3d000-7f7f95d3d000 ---p 001ad000 08:02 271635                     /tmp/javacpp26465890010357/libjniopencv_core.so
7f7f95d3d000-7f7f95d3e000 r--p 001ad000 08:02 271635                     /tmp/javacpp26465890010357/libjniopencv_core.so
7f7f95d3e000-7f7f95d40000 rw-p 001ae000 08:02 271635                     /tmp/javacpp26465890010357/libjniopencv_core.so
7f7f95d40000-7f7f95d8e000 r-xp 00000000 08:02 271634                     /tmp/javacpp26465890010357/libjniopencv_highgui.so
7f7f95d8e000-7f7f95f8d000 ---p 0004e000 08:02 271634                     /tmp/javacpp26465890010357/libjniopencv_highgui.so
7f7f95f8d000-7f7f95f8e000 r--p 0004d000 08:02 271634                     /tmp/javacpp26465890010357/libjniopencv_highgui.so
7f7f95f8e000-7f7f95f8f000 rw-p 0004e000 08:02 271634                     /tmp/javacpp26465890010357/libjniopencv_highgui.so
7f7f95f90000-7f7f95fd3000 r-xp 00000000 08:02 1188593                    /usr/lib/x86_64-linux-gnu/libjpeg.so.8.0.2
7f7f95fd3000-7f7f961d3000 ---p 00043000 08:02 1188593                    /usr/lib/x86_64-linux-gnu/libjpeg.so.8.0.2
7f7f961d3000-7f7f961d4000 r--p 00043000 08:02 1188593                    /usr/lib/x86_64-linux-gnu/libjpeg.so.8.0.2
7f7f961d4000-7f7f961d5000 rw-p 00044000 08:02 1188593                    /usr/lib/x86_64-linux-gnu/libjpeg.so.8.0.2
7f7f961d5000-7f7f961e5000 rw-p 00000000 00:00 0 
7f7f961e8000-7f7f9620c000 r-xp 00000000 08:02 1188998                    /usr/lib/x86_64-linux-gnu/libv4lconvert.so.0.0.0
7f7f9620c000-7f7f9640c000 ---p 00024000 08:02 1188998                    /usr/lib/x86_64-linux-gnu/libv4lconvert.so.0.0.0
7f7f9640c000-7f7f9640e000 r--p 00024000 08:02 1188998                    /usr/lib/x86_64-linux-gnu/libv4lconvert.so.0.0.0
7f7f9640e000-7f7f9640f000 rw-p 00026000 08:02 1188998                    /usr/lib/x86_64-linux-gnu/libv4lconvert.so.0.0.0
7f7f9640f000-7f7f96461000 rw-p 00000000 00:00 0 
7f7f96468000-7f7f9646e000 r-xp 00000000 08:02 1188131                    /usr/lib/x86_64-linux-gnu/libdatrie.so.1.3.1
7f7f9646e000-7f7f9666d000 ---p 00006000 08:02 1188131                    /usr/lib/x86_64-linux-gnu/libdatrie.so.1.3.1
7f7f9666d000-7f7f9666e000 r--p 00005000 08:02 1188131                    /usr/lib/x86_64-linux-gnu/libdatrie.so.1.3.1
7f7f9666e000-7f7f9666f000 rw-p 00006000 08:02 1188131                    /usr/lib/x86_64-linux-gnu/libdatrie.so.1.3.1
7f7f96670000-7f7f9668a000 r-xp 00000000 08:02 1188402                    /usr/lib/x86_64-linux-gnu/libgraphite2.so.3.0.1
7f7f9668a000-7f7f96889000 ---p 0001a000 08:02 1188402                    /usr/lib/x86_64-linux-gnu/libgraphite2.so.3.0.1
7f7f96889000-7f7f9688b000 r--p 00019000 08:02 1188402                    /usr/lib/x86_64-linux-gnu/libgraphite2.so.3.0.1
7f7f9688b000-7f7f9688c000 rw-p 0001b000 08:02 1188402                    /usr/lib/x86_64-linux-gnu/libgraphite2.so.3.0.1
7f7f96890000-7f7f96899000 r-xp 00000000 08:02 1188996                    /usr/lib/x86_64-linux-gnu/libv4l2.so.0.0.0
7f7f96899000-7f7f96a98000 ---p 00009000 08:02 1188996                    /usr/lib/x86_64-linux-gnu/libv4l2.so.0.0.0
7f7f96a98000-7f7f96a99000 r--p 00008000 08:02 1188996                    /usr/lib/x86_64-linux-gnu/libv4l2.so.0.0.0
7f7f96a99000-7f7f96a9e000 rw-p 00009000 08:02 1188996                    /usr/lib/x86_64-linux-gnu/libv4l2.so.0.0.0
7f7f96aa0000-7f7f96aa8000 r-xp 00000000 08:02 1188953                    /usr/lib/x86_64-linux-gnu/libthai.so.0.2.0
7f7f96aa8000-7f7f96ca7000 ---p 00008000 08:02 1188953                    /usr/lib/x86_64-linux-gnu/libthai.so.0.2.0
7f7f96ca7000-7f7f96ca8000 r--p 00007000 08:02 1188953                    /usr/lib/x86_64-linux-gnu/libthai.so.0.2.0
7f7f96ca8000-7f7f96ca9000 rw-p 00008000 08:02 1188953                    /usr/lib/x86_64-linux-gnu/libthai.so.0.2.0
7f7f96cb0000-7f7f96d03000 r-xp 00000000 08:02 1179957                    /usr/lib/x86_64-linux-gnu/libharfbuzz.so.0.927.0
7f7f96d03000-7f7f96f03000 ---p 00053000 08:02 1179957                    /usr/lib/x86_64-linux-gnu/libharfbuzz.so.0.927.0
7f7f96f03000-7f7f96f04000 r--p 00053000 08:02 1179957                    /usr/lib/x86_64-linux-gnu/libharfbuzz.so.0.927.0
7f7f96f04000-7f7f96f05000 rw-p 00054000 08:02 1179957                    /usr/lib/x86_64-linux-gnu/libharfbuzz.so.0.927.0
7f7f96f08000-7f7f96f10000 r-xp 00000000 08:02 1189074                    /usr/lib/x86_64-linux-gnu/libxcb-render.so.0.0.0
7f7f96f10000-7f7f9710f000 ---p 00008000 08:02 1189074                    /usr/lib/x86_64-linux-gnu/libxcb-render.so.0.0.0
7f7f9710f000-7f7f97110000 r--p 00007000 08:02 1189074                    /usr/lib/x86_64-linux-gnu/libxcb-render.so.0.0.0
7f7f97110000-7f7f97111000 rw-p 00008000 08:02 1189074                    /usr/lib/x86_64-linux-gnu/libxcb-render.so.0.0.0
7f7f97118000-7f7f9711a000 r-xp 00000000 08:02 1189078                    /usr/lib/x86_64-linux-gnu/libxcb-shm.so.0.0.0
7f7f9711a000-7f7f97319000 ---p 00002000 08:02 1189078                    /usr/lib/x86_64-linux-gnu/libxcb-shm.so.0.0.0
7f7f97319000-7f7f9731a000 r--p 00001000 08:02 1189078                    /usr/lib/x86_64-linux-gnu/libxcb-shm.so.0.0.0
7f7f9731a000-7f7f9731b000 rw-p 00002000 08:02 1189078                    /usr/lib/x86_64-linux-gnu/libxcb-shm.so.0.0.0
7f7f97320000-7f7f973c1000 r-xp 00000000 08:02 1188793                    /usr/lib/x86_64-linux-gnu/libpixman-1.so.0.30.2
7f7f973c1000-7f7f975c1000 ---p 000a1000 08:02 1188793                    /usr/lib/x86_64-linux-gnu/libpixman-1.so.0.30.2
7f7f975c1000-7f7f975c8000 r--p 000a1000 08:02 1188793                    /usr/lib/x86_64-linux-gnu/libpixman-1.so.0.30.2
7f7f975c8000-7f7f975c9000 rw-p 000a8000 08:02 1188793                    /usr/lib/x86_64-linux-gnu/libpixman-1.so.0.30.2
7f7f975d0000-7f7f975d2000 r-xp 00000000 08:02 1187926                    /usr/lib/x86_64-linux-gnu/libXdamage.so.1.1.0
7f7f975d2000-7f7f977d1000 ---p 00002000 08:02 1187926                    /usr/lib/x86_64-linux-gnu/libXdamage.so.1.1.0
7f7f977d1000-7f7f977d2000 r--p 00001000 08:02 1187926                    /usr/lib/x86_64-linux-gnu/libXdamage.so.1.1.0
7f7f977d2000-7f7f977d3000 rw-p 00002000 08:02 1187926                    /usr/lib/x86_64-linux-gnu/libXdamage.so.1.1.0
7f7f977d8000-7f7f977da000 r-xp 00000000 08:02 1187922                    /usr/lib/x86_64-linux-gnu/libXcomposite.so.1.0.0
7f7f977da000-7f7f979d9000 ---p 00002000 08:02 1187922                    /usr/lib/x86_64-linux-gnu/libXcomposite.so.1.0.0
7f7f979d9000-7f7f979da000 r--p 00001000 08:02 1187922                    /usr/lib/x86_64-linux-gnu/libXcomposite.so.1.0.0
7f7f979da000-7f7f979db000 rw-p 00002000 08:02 1187922                    /usr/lib/x86_64-linux-gnu/libXcomposite.so.1.0.0
7f7f979e0000-7f7f979e9000 r-xp 00000000 08:02 1187948                    /usr/lib/x86_64-linux-gnu/libXrandr.so.2.2.0
7f7f979e9000-7f7f97be8000 ---p 00009000 08:02 1187948                    /usr/lib/x86_64-linux-gnu/libXrandr.so.2.2.0
7f7f97be8000-7f7f97be9000 r--p 00008000 08:02 1187948                    /usr/lib/x86_64-linux-gnu/libXrandr.so.2.2.0
7f7f97be9000-7f7f97bea000 rw-p 00009000 08:02 1187948                    /usr/lib/x86_64-linux-gnu/libXrandr.so.2.2.0
7f7f97bf0000-7f7f97bf2000 r-xp 00000000 08:02 1187940                    /usr/lib/x86_64-linux-gnu/libXinerama.so.1.0.0
7f7f97bf2000-7f7f97df1000 ---p 00002000 08:02 1187940                    /usr/lib/x86_64-linux-gnu/libXinerama.so.1.0.0
7f7f97df1000-7f7f97df2000 r--p 00001000 08:02 1187940                    /usr/lib/x86_64-linux-gnu/libXinerama.so.1.0.0
7f7f97df2000-7f7f97df3000 rw-p 00002000 08:02 1187940                    /usr/lib/x86_64-linux-gnu/libXinerama.so.1.0.0
7f7f97df8000-7f7f97dfd000 r-xp 00000000 08:02 1188994                    /usr/lib/x86_64-linux-gnu/libv4l1.so.0.0.0
7f7f97dfd000-7f7f97ffc000 ---p 00005000 08:02 1188994                    /usr/lib/x86_64-linux-gnu/libv4l1.so.0.0.0
7f7f97ffc000-7f7f97ffd000 r--p 00004000 08:02 1188994                    /usr/lib/x86_64-linux-gnu/libv4l1.so.0.0.0
7f7f97ffd000-7f7f97ffe000 rw-p 00005000 08:02 1188994                    /usr/lib/x86_64-linux-gnu/libv4l1.so.0.0.0
7f7f98000000-7f7f98001000 r-xp 00000000 08:02 1181659                    /usr/lib/x86_64-linux-gnu/libgthread-2.0.so.0.4002.0
7f7f98001000-7f7f98200000 ---p 00001000 08:02 1181659                    /usr/lib/x86_64-linux-gnu/libgthread-2.0.so.0.4002.0
7f7f98200000-7f7f98201000 r--p 00000000 08:02 1181659                    /usr/lib/x86_64-linux-gnu/libgthread-2.0.so.0.4002.0
7f7f98201000-7f7f98202000 rw-p 00001000 08:02 1181659                    /usr/lib/x86_64-linux-gnu/libgthread-2.0.so.0.4002.0
7f7f98208000-7f7f98252000 r-xp 00000000 08:02 1181864                    /usr/lib/x86_64-linux-gnu/libpango-1.0.so.0.3600.3
7f7f98252000-7f7f98452000 ---p 0004a000 08:02 1181864                    /usr/lib/x86_64-linux-gnu/libpango-1.0.so.0.3600.3
7f7f98452000-7f7f98454000 r--p 0004a000 08:02 1181864                    /usr/lib/x86_64-linux-gnu/libpango-1.0.so.0.3600.3
7f7f98454000-7f7f98455000 rw-p 0004c000 08:02 1181864                    /usr/lib/x86_64-linux-gnu/libpango-1.0.so.0.3600.3
7f7f98458000-7f7f9846c000 r-xp 00000000 08:02 1181866                    /usr/lib/x86_64-linux-gnu/libpangoft2-1.0.so.0.3600.3
7f7f9846c000-7f7f9866b000 ---p 00014000 08:02 1181866                    /usr/lib/x86_64-linux-gnu/libpangoft2-1.0.so.0.3600.3
7f7f9866b000-7f7f9866c000 r--p 00013000 08:02 1181866                    /usr/lib/x86_64-linux-gnu/libpangoft2-1.0.so.0.3600.3
7f7f9866c000-7f7f9866d000 rw-p 00014000 08:02 1181866                    /usr/lib/x86_64-linux-gnu/libpangoft2-1.0.so.0.3600.3
7f7f98670000-7f7f9868f000 r-xp 00000000 08:02 1188324                    /usr/lib/x86_64-linux-gnu/libgdk_pixbuf-2.0.so.0.3000.7
7f7f9868f000-7f7f9888f000 ---p 0001f000 08:02 1188324                    /usr/lib/x86_64-linux-gnu/libgdk_pixbuf-2.0.so.0.3000.7
7f7f9888f000-7f7f98890000 r--p 0001f000 08:02 1188324                    /usr/lib/x86_64-linux-gnu/libgdk_pixbuf-2.0.so.0.3000.7
7f7f98890000-7f7f98891000 rw-p 00020000 08:02 1188324                    /usr/lib/x86_64-linux-gnu/libgdk_pixbuf-2.0.so.0.3000.7
7f7f98898000-7f7f9899e000 r-xp 00000000 08:02 1184068                    /usr/lib/x86_64-linux-gnu/libcairo.so.2.11301.0
7f7f9899e000-7f7f98b9d000 ---p 00106000 08:02 1184068                    /usr/lib/x86_64-linux-gnu/libcairo.so.2.11301.0
7f7f98b9d000-7f7f98ba0000 r--p 00105000 08:02 1184068                    /usr/lib/x86_64-linux-gnu/libcairo.so.2.11301.0
7f7f98ba0000-7f7f98ba1000 rw-p 00108000 08:02 1184068                    /usr/lib/x86_64-linux-gnu/libcairo.so.2.11301.0
7f7f98ba1000-7f7f98ba3000 rw-p 00000000 00:00 0 
7f7f98ba8000-7f7f98bc7000 r-xp 00000000 08:02 1188009                    /usr/lib/x86_64-linux-gnu/libatk-1.0.so.0.21009.1
7f7f98bc7000-7f7f98dc7000 ---p 0001f000 08:02 1188009                    /usr/lib/x86_64-linux-gnu/libatk-1.0.so.0.21009.1
7f7f98dc7000-7f7f98dc9000 r--p 0001f000 08:02 1188009                    /usr/lib/x86_64-linux-gnu/libatk-1.0.so.0.21009.1
7f7f98dc9000-7f7f98dca000 rw-p 00021000 08:02 1188009                    /usr/lib/x86_64-linux-gnu/libatk-1.0.so.0.21009.1
7f7f98dd0000-7f7f98ddb000 r-xp 00000000 08:02 1181862                    /usr/lib/x86_64-linux-gnu/libpangocairo-1.0.so.0.3600.3
7f7f98ddb000-7f7f98fdb000 ---p 0000b000 08:02 1181862                    /usr/lib/x86_64-linux-gnu/libpangocairo-1.0.so.0.3600.3
7f7f98fdb000-7f7f98fdc000 r--p 0000b000 08:02 1181862                    /usr/lib/x86_64-linux-gnu/libpangocairo-1.0.so.0.3600.3
7f7f98fdc000-7f7f98fdd000 rw-p 0000c000 08:02 1181862                    /usr/lib/x86_64-linux-gnu/libpangocairo-1.0.so.0.3600.3
7f7f98fe0000-7f7f9908d000 r-xp 00000000 08:02 1185800                    /usr/lib/x86_64-linux-gnu/libgdk-x11-2.0.so.0.2400.23
7f7f9908d000-7f7f9928c000 ---p 000ad000 08:02 1185800                    /usr/lib/x86_64-linux-gnu/libgdk-x11-2.0.so.0.2400.23
7f7f9928c000-7f7f99290000 r--p 000ac000 08:02 1185800                    /usr/lib/x86_64-linux-gnu/libgdk-x11-2.0.so.0.2400.23
7f7f99290000-7f7f99292000 rw-p 000b0000 08:02 1185800                    /usr/lib/x86_64-linux-gnu/libgdk-x11-2.0.so.0.2400.23
7f7f99298000-7f7f996c7000 r-xp 00000000 08:02 1190134                    /usr/lib/x86_64-linux-gnu/libgtk-x11-2.0.so.0.2400.23
7f7f996c7000-7f7f998c6000 ---p 0042f000 08:02 1190134                    /usr/lib/x86_64-linux-gnu/libgtk-x11-2.0.so.0.2400.23
7f7f998c6000-7f7f998cd000 r--p 0042e000 08:02 1190134                    /usr/lib/x86_64-linux-gnu/libgtk-x11-2.0.so.0.2400.23
7f7f998cd000-7f7f998d1000 rw-p 00435000 08:02 1190134                    /usr/lib/x86_64-linux-gnu/libgtk-x11-2.0.so.0.2400.23
7f7f998d1000-7f7f998d4000 rw-p 00000000 00:00 0 
7f7f998d8000-7f7f99b1f000 r-xp 00000000 08:02 271633                     /tmp/javacpp26465890010357/libopencv_highgui.so.2.4
7f7f99b1f000-7f7f99d1f000 ---p 00247000 08:02 271633                     /tmp/javacpp26465890010357/libopencv_highgui.so.2.4
7f7f99d1f000-7f7f99d27000 r--p 00247000 08:02 271633                     /tmp/javacpp26465890010357/libopencv_highgui.so.2.4
7f7f99d27000-7f7f99d30000 rw-p 0024f000 08:02 271633                     /tmp/javacpp26465890010357/libopencv_highgui.so.2.4
7f7f99d30000-7f7f99d38000 rw-p 00000000 00:00 0 
7f7f99d38000-7f7f99f93000 r-xp 00000000 08:02 271632                     /tmp/javacpp26465890010357/libopencv_imgproc.so.2.4
7f7f99f93000-7f7f9a193000 ---p 0025b000 08:02 271632                     /tmp/javacpp26465890010357/libopencv_imgproc.so.2.4
7f7f9a193000-7f7f9a19a000 r--p 0025b000 08:02 271632                     /tmp/javacpp26465890010357/libopencv_imgproc.so.2.4
7f7f9a19a000-7f7f9a19c000 rw-p 00262000 08:02 271632                     /tmp/javacpp26465890010357/libopencv_imgproc.so.2.4
7f7f9a19c000-7f7f9a231000 rw-p 00000000 00:00 0 
7f7f9a238000-7f7f9a4e1000 r-xp 00000000 08:02 271631                     /tmp/javacpp26465890010357/libopencv_core.so.2.4
7f7f9a4e1000-7f7f9a6e0000 ---p 002a9000 08:02 271631                     /tmp/javacpp26465890010357/libopencv_core.so.2.4
7f7f9a6e0000-7f7f9a6e4000 r--p 002a8000 08:02 271631                     /tmp/javacpp26465890010357/libopencv_core.so.2.4
7f7f9a6e4000-7f7f9a6ed000 rw-p 002ac000 08:02 271631                     /tmp/javacpp26465890010357/libopencv_core.so.2.4
7f7f9a6ed000-7f7f9a6f0000 rw-p 00000000 00:00 0 
7f7f9a6f0000-7f7f9a719000 r-xp 00000000 08:02 271372                     /tmp/javacpp26465890010357/libtbb.so
7f7f9a719000-7f7f9a918000 ---p 00029000 08:02 271372                     /tmp/javacpp26465890010357/libtbb.so
7f7f9a918000-7f7f9a91a000 r--p 00028000 08:02 271372                     /tmp/javacpp26465890010357/libtbb.so
7f7f9a91a000-7f7f9a91b000 rw-p 0002a000 08:02 271372                     /tmp/javacpp26465890010357/libtbb.so
7f7f9a920000-7f7f9a946000 r-xp 00000000 08:02 262620                     /tmp/javacpp26465890010357/libjnifreenect.so
7f7f9a946000-7f7f9ab45000 ---p 00026000 08:02 262620                     /tmp/javacpp26465890010357/libjnifreenect.so
7f7f9ab45000-7f7f9ab46000 r--p 00025000 08:02 262620                     /tmp/javacpp26465890010357/libjnifreenect.so
7f7f9ab46000-7f7f9ab47000 rw-p 00026000 08:02 262620                     /tmp/javacpp26465890010357/libjnifreenect.so
7f7f9ab48000-7f7f9ab4b000 r-xp 00000000 08:02 262619                     /tmp/javacpp26465890010357/libfreenect_sync.so
7f7f9ab4b000-7f7f9ad4a000 ---p 00003000 08:02 262619                     /tmp/javacpp26465890010357/libfreenect_sync.so
7f7f9ad4a000-7f7f9ad4b000 r--p 00002000 08:02 262619                     /tmp/javacpp26465890010357/libfreenect_sync.so
7f7f9ad4b000-7f7f9ad4c000 rw-p 00003000 08:02 262619                     /tmp/javacpp26465890010357/libfreenect_sync.so
7f7f9ad50000-7f7f9ad5e000 r-xp 00000000 08:02 262618                     /tmp/javacpp26465890010357/libfreenect.so
7f7f9ad5e000-7f7f9af5d000 ---p 0000e000 08:02 262618                     /tmp/javacpp26465890010357/libfreenect.so
7f7f9af5d000-7f7f9af5e000 r--p 0000d000 08:02 262618                     /tmp/javacpp26465890010357/libfreenect.so
7f7f9af5e000-7f7f9af5f000 rw-p 0000e000 08:02 262618                     /tmp/javacpp26465890010357/libfreenect.so
7f7f9af5f000-7f7f9af60000 ---p 00000000 00:00 0 
7f7f9af60000-7f7f9b760000 rw-p 00000000 00:00 0 
7f7f9b760000-7f7f9b7b2000 r-xp 00000000 08:02 262612                     /tmp/javacpp26465890010357/libjnidc1394.so
7f7f9b7b2000-7f7f9b9b1000 ---p 00052000 08:02 262612                     /tmp/javacpp26465890010357/libjnidc1394.so
7f7f9b9b1000-7f7f9b9b2000 r--p 00051000 08:02 262612                     /tmp/javacpp26465890010357/libjnidc1394.so
7f7f9b9b2000-7f7f9b9b3000 rw-p 00052000 08:02 262612                     /tmp/javacpp26465890010357/libjnidc1394.so
7f7f9b9b8000-7f7f9b9c0000 r-xp 00000000 08:02 1445949                    /lib/x86_64-linux-gnu/libnih-dbus.so.1.0.0
7f7f9b9c0000-7f7f9bbc0000 ---p 00008000 08:02 1445949                    /lib/x86_64-linux-gnu/libnih-dbus.so.1.0.0
7f7f9bbc0000-7f7f9bbc1000 r--p 00008000 08:02 1445949                    /lib/x86_64-linux-gnu/libnih-dbus.so.1.0.0
7f7f9bbc1000-7f7f9bbc2000 rw-p 00009000 08:02 1445949                    /lib/x86_64-linux-gnu/libnih-dbus.so.1.0.0
7f7f9bbc8000-7f7f9bbdf000 r-xp 00000000 08:02 1445951                    /lib/x86_64-linux-gnu/libnih.so.1.0.0
7f7f9bbdf000-7f7f9bdde000 ---p 00017000 08:02 1445951                    /lib/x86_64-linux-gnu/libnih.so.1.0.0
7f7f9bdde000-7f7f9bddf000 r--p 00016000 08:02 1445951                    /lib/x86_64-linux-gnu/libnih.so.1.0.0
7f7f9bddf000-7f7f9bde0000 rw-p 00017000 08:02 1445951                    /lib/x86_64-linux-gnu/libnih.so.1.0.0
7f7f9bde0000-7f7f9bdf9000 r-xp 00000000 08:02 1444015                    /lib/x86_64-linux-gnu/libcgmanager.so.0.0.0
7f7f9bdf9000-7f7f9bff8000 ---p 00019000 08:02 1444015                    /lib/x86_64-linux-gnu/libcgmanager.so.0.0.0
7f7f9bff8000-7f7f9bffa000 r--p 00018000 08:02 1444015                    /lib/x86_64-linux-gnu/libcgmanager.so.0.0.0
7f7f9bffa000-7f7f9bffb000 rw-p 0001a000 08:02 1444015                    /lib/x86_64-linux-gnu/libcgmanager.so.0.0.0
7f7f9c000000-7f7f9c024000 rw-p 00000000 00:00 0 
7f7f9c024000-7f7fa0000000 ---p 00000000 00:00 0 
7f7fa0000000-7f7fa0038000 rw-p 00000000 00:00 0 
7f7fa0038000-7f7fa4000000 ---p 00000000 00:00 0 
7f7fa4000000-7f7fa406f000 rw-p 00000000 00:00 0 
7f7fa406f000-7f7fa8000000 ---p 00000000 00:00 0 
7f7fa8000000-7f7fa8001000 r--s 00000000 08:02 2756953                    /var/cache/fontconfig/0c9eb80ebd1c36541ebe2852d3bb0c49-le64.cache-4
7f7fa8008000-7f7fa800b000 r--s 00000000 08:02 2756942                    /var/cache/fontconfig/e13b20fdb08344e0e664864cc2ede53d-le64.cache-4
7f7fa8010000-7f7fa8014000 r--s 00000000 08:02 2756952                    /var/cache/fontconfig/7ef2298fde41cc6eeb7af42e48b7d293-le64.cache-4
7f7fa8018000-7f7fa8029000 r--s 00000000 08:02 2362841                    /usr/share/fonts/type1/gsfonts/a010035l.pfb
7f7fa8030000-7f7fa8048000 r--s 00000000 08:02 2362862                    /usr/share/fonts/type1/gsfonts/c059033l.pfb
7f7fa8048000-7f7fa805d000 r--s 00000000 08:02 2362850                    /usr/share/fonts/type1/gsfonts/b018032l.pfb
7f7fa8060000-7f7fa807c000 r--s 00000000 08:02 2362928                    /usr/share/fonts/type1/gsfonts/p052024l.pfb
7f7fa8080000-7f7fa8090000 r--s 00000000 08:02 2362838                    /usr/share/fonts/type1/gsfonts/a010033l.pfb
7f7fa8090000-7f7fa80a8000 r--s 00000000 08:02 2362865                    /usr/share/fonts/type1/gsfonts/c059036l.pfb
7f7fa80a8000-7f7fa80b8000 r-xp 00000000 08:02 1442754                    /lib/x86_64-linux-gnu/libudev.so.1.3.5
7f7fa80b8000-7f7fa82b7000 ---p 00010000 08:02 1442754                    /lib/x86_64-linux-gnu/libudev.so.1.3.5
7f7fa82b7000-7f7fa82b8000 r--p 0000f000 08:02 1442754                    /lib/x86_64-linux-gnu/libudev.so.1.3.5
7f7fa82b8000-7f7fa82b9000 rw-p 00010000 08:02 1442754                    /lib/x86_64-linux-gnu/libudev.so.1.3.5
7f7fa82c0000-7f7fa82d5000 r-xp 00000000 08:02 1446041                    /lib/x86_64-linux-gnu/libusb-1.0.so.0.1.0
7f7fa82d5000-7f7fa84d5000 ---p 00015000 08:02 1446041                    /lib/x86_64-linux-gnu/libusb-1.0.so.0.1.0
7f7fa84d5000-7f7fa84d6000 r--p 00015000 08:02 1446041                    /lib/x86_64-linux-gnu/libusb-1.0.so.0.1.0
7f7fa84d6000-7f7fa84d7000 rw-p 00016000 08:02 1446041                    /lib/x86_64-linux-gnu/libusb-1.0.so.0.1.0
7f7fa84d8000-7f7fa84e5000 r-xp 00000000 08:02 1188844                    /usr/lib/x86_64-linux-gnu/libraw1394.so.11.1.0
7f7fa84e5000-7f7fa86e4000 ---p 0000d000 08:02 1188844                    /usr/lib/x86_64-linux-gnu/libraw1394.so.11.1.0
7f7fa86e4000-7f7fa86e5000 r--p 0000c000 08:02 1188844                    /usr/lib/x86_64-linux-gnu/libraw1394.so.11.1.0
7f7fa86e5000-7f7fa86e6000 rw-p 0000d000 08:02 1188844                    /usr/lib/x86_64-linux-gnu/libraw1394.so.11.1.0
7f7fa86e8000-7f7fa871b000 r-xp 00000000 08:02 262544                     /tmp/javacpp26465890010357/libdc1394.so.22
7f7fa871b000-7f7fa891b000 ---p 00033000 08:02 262544                     /tmp/javacpp26465890010357/libdc1394.so.22
7f7fa891b000-7f7fa891c000 r--p 00033000 08:02 262544                     /tmp/javacpp26465890010357/libdc1394.so.22
7f7fa891c000-7f7fa891d000 rw-p 00034000 08:02 262544                     /tmp/javacpp26465890010357/libdc1394.so.22
7f7fa891d000-7f7fa895d000 rw-p 00000000 00:00 0 
7f7fa8960000-7f7fa8977000 r-xp 00000000 08:02 1317766                    /usr/lib/jvm/java-7-openjdk-amd64/jre/lib/amd64/libnet.so
7f7fa8977000-7f7fa8b76000 ---p 00017000 08:02 1317766                    /usr/lib/jvm/java-7-openjdk-amd64/jre/lib/amd64/libnet.so
7f7fa8b76000-7f7fa8b77000 r--p 00016000 08:02 1317766                    /usr/lib/jvm/java-7-openjdk-amd64/jre/lib/amd64/libnet.so
7f7fa8b77000-7f7fa8b78000 rw-p 00017000 08:02 1317766                    /usr/lib/jvm/java-7-openjdk-amd64/jre/lib/amd64/libnet.so
7f7fa8b78000-7f7fa8b88000 r-xp 00000000 08:02 1317771                    /usr/lib/jvm/java-7-openjdk-amd64/jre/lib/amd64/libnio.so
7f7fa8b88000-7f7fa8d88000 ---p 00010000 08:02 1317771                    /usr/lib/jvm/java-7-openjdk-amd64/jre/lib/amd64/libnio.so
7f7fa8d88000-7f7fa8d89000 r--p 00010000 08:02 1317771                    /usr/lib/jvm/java-7-openjdk-amd64/jre/lib/amd64/libnio.so
7f7fa8d89000-7f7fa8d8a000 rw-p 00011000 08:02 1317771                    /usr/lib/jvm/java-7-openjdk-amd64/jre/lib/amd64/libnio.so
7f7fa8d8e000-7f7fa8d91000 ---p 00000000 00:00 0 
7f7fa8d91000-7f7fa8e8f000 rw-p 00000000 00:00 0                          [stack:19908]
7f7fa8e8f000-7f7fa8e92000 ---p 00000000 00:00 0 
7f7fa8e92000-7f7fa8f90000 rw-p 00000000 00:00 0                          [stack:19901]
7f7fa8f90000-7f7fa8f95000 r-xp 00000000 08:02 1185797                    /usr/lib/x86_64-linux-gnu/libXfixes.so.3.1.0
7f7fa8f95000-7f7fa9194000 ---p 00005000 08:02 1185797                    /usr/lib/x86_64-linux-gnu/libXfixes.so.3.1.0
7f7fa9194000-7f7fa9195000 r--p 00004000 08:02 1185797                    /usr/lib/x86_64-linux-gnu/libXfixes.so.3.1.0
7f7fa9195000-7f7fa9196000 rw-p 00005000 08:02 1185797                    /usr/lib/x86_64-linux-gnu/libXfixes.so.3.1.0
7f7fa9198000-7f7fa91a1000 r-xp 00000000 08:02 1187924                    /usr/lib/x86_64-linux-gnu/libXcursor.so.1.0.2
7f7fa91a1000-7f7fa93a0000 ---p 00009000 08:02 1187924                    /usr/lib/x86_64-linux-gnu/libXcursor.so.1.0.2
7f7fa93a0000-7f7fa93a1000 r--p 00008000 08:02 1187924                    /usr/lib/x86_64-linux-gnu/libXcursor.so.1.0.2
7f7fa93a1000-7f7fa93a2000 rw-p 00009000 08:02 1187924                    /usr/lib/x86_64-linux-gnu/libXcursor.so.1.0.2
7f7fa93a8000-7f7fa93ac000 r-xp 00000000 08:02 1445919                    /lib/x86_64-linux-gnu/libgpg-error.so.0.10.0
7f7fa93ac000-7f7fa95ab000 ---p 00004000 08:02 1445919                    /lib/x86_64-linux-gnu/libgpg-error.so.0.10.0
7f7fa95ab000-7f7fa95ac000 r--p 00003000 08:02 1445919                    /lib/x86_64-linux-gnu/libgpg-error.so.0.10.0
7f7fa95ac000-7f7fa95ad000 rw-p 00004000 08:02 1445919                    /lib/x86_64-linux-gnu/libgpg-error.so.0.10.0
7f7fa95b0000-7f7fa95b2000 r-xp 00000000 08:02 1445929                    /lib/x86_64-linux-gnu/libkeyutils.so.1.4
7f7fa95b2000-7f7fa97b2000 ---p 00002000 08:02 1445929                    /lib/x86_64-linux-gnu/libkeyutils.so.1.4
7f7fa97b2000-7f7fa97b3000 r--p 00002000 08:02 1445929                    /lib/x86_64-linux-gnu/libkeyutils.so.1.4
7f7fa97b3000-7f7fa97b4000 rw-p 00003000 08:02 1445929                    /lib/x86_64-linux-gnu/libkeyutils.so.1.4
7f7fa97b8000-7f7fa97f5000 r-xp 00000000 08:02 1445990                    /lib/x86_64-linux-gnu/libpcre.so.3.13.1
7f7fa97f5000-7f7fa99f4000 ---p 0003d000 08:02 1445990                    /lib/x86_64-linux-gnu/libpcre.so.3.13.1
7f7fa99f4000-7f7fa99f5000 r--p 0003c000 08:02 1445990                    /lib/x86_64-linux-gnu/libpcre.so.3.13.1
7f7fa99f5000-7f7fa99f6000 rw-p 0003d000 08:02 1445990                    /lib/x86_64-linux-gnu/libpcre.so.3.13.1
7f7fa99f8000-7f7fa9a1d000 r-xp 00000000 08:02 1446002                    /lib/x86_64-linux-gnu/libpng12.so.0.50.0
7f7fa9a1d000-7f7fa9c1c000 ---p 00025000 08:02 1446002                    /lib/x86_64-linux-gnu/libpng12.so.0.50.0
7f7fa9c1c000-7f7fa9c1d000 r--p 00024000 08:02 1446002                    /lib/x86_64-linux-gnu/libpng12.so.0.50.0
7f7fa9c1d000-7f7fa9c1e000 rw-p 00025000 08:02 1446002                    /lib/x86_64-linux-gnu/libpng12.so.0.50.0
7f7fa9c20000-7f7fa9c64000 r-xp 00000000 08:02 1444769                    /lib/x86_64-linux-gnu/libdbus-1.so.3.7.6
7f7fa9c64000-7f7fa9e63000 ---p 00044000 08:02 1444769                    /lib/x86_64-linux-gnu/libdbus-1.so.3.7.6
7f7fa9e63000-7f7fa9e64000 r--p 00043000 08:02 1444769                    /lib/x86_64-linux-gnu/libdbus-1.so.3.7.6
7f7fa9e64000-7f7fa9e65000 rw-p 00044000 08:02 1444769                    /lib/x86_64-linux-gnu/libdbus-1.so.3.7.6
7f7fa9e68000-7f7fa9ea3000 r-xp 00000000 08:02 1188762                    /usr/lib/x86_64-linux-gnu/libp11-kit.so.0.0.0
7f7fa9ea3000-7f7faa0a2000 ---p 0003b000 08:02 1188762                    /usr/lib/x86_64-linux-gnu/libp11-kit.so.0.0.0
7f7faa0a2000-7f7faa0a8000 r--p 0003a000 08:02 1188762                    /usr/lib/x86_64-linux-gnu/libp11-kit.so.0.0.0
7f7faa0a8000-7f7faa0aa000 rw-p 00040000 08:02 1188762                    /usr/lib/x86_64-linux-gnu/libp11-kit.so.0.0.0
7f7faa0b0000-7f7faa0c2000 r-xp 00000000 08:02 1190002                    /usr/lib/x86_64-linux-gnu/libtasn1.so.6.2.0
7f7faa0c2000-7f7faa2c2000 ---p 00012000 08:02 1190002                    /usr/lib/x86_64-linux-gnu/libtasn1.so.6.2.0
7f7faa2c2000-7f7faa2c3000 r--p 00012000 08:02 1190002                    /usr/lib/x86_64-linux-gnu/libtasn1.so.6.2.0
7f7faa2c3000-7f7faa2c4000 rw-p 00013000 08:02 1190002                    /usr/lib/x86_64-linux-gnu/libtasn1.so.6.2.0
7f7faa2c8000-7f7faa344000 r-xp 00000000 08:02 1443002                    /lib/x86_64-linux-gnu/libgcrypt.so.11.8.2
7f7faa344000-7f7faa544000 ---p 0007c000 08:02 1443002                    /lib/x86_64-linux-gnu/libgcrypt.so.11.8.2
7f7faa544000-7f7faa545000 r--p 0007c000 08:02 1443002                    /lib/x86_64-linux-gnu/libgcrypt.so.11.8.2
7f7faa545000-7f7faa548000 rw-p 0007d000 08:02 1443002                    /lib/x86_64-linux-gnu/libgcrypt.so.11.8.2
7f7faa548000-7f7faa552000 r-xp 00000000 08:02 1185597                    /usr/lib/x86_64-linux-gnu/libkrb5support.so.0.1
7f7faa552000-7f7faa751000 ---p 0000a000 08:02 1185597                    /usr/lib/x86_64-linux-gnu/libkrb5support.so.0.1
7f7faa751000-7f7faa752000 r--p 00009000 08:02 1185597                    /usr/lib/x86_64-linux-gnu/libkrb5support.so.0.1
7f7faa752000-7f7faa753000 rw-p 0000a000 08:02 1185597                    /usr/lib/x86_64-linux-gnu/libkrb5support.so.0.1
7f7faa758000-7f7faa75b000 r-xp 00000000 08:02 1444828                    /lib/x86_64-linux-gnu/libcom_err.so.2.1
7f7faa75b000-7f7faa95a000 ---p 00003000 08:02 1444828                    /lib/x86_64-linux-gnu/libcom_err.so.2.1
7f7faa95a000-7f7faa95b000 r--p 00002000 08:02 1444828                    /lib/x86_64-linux-gnu/libcom_err.so.2.1
7f7faa95b000-7f7faa95c000 rw-p 00003000 08:02 1444828                    /lib/x86_64-linux-gnu/libcom_err.so.2.1
7f7faa960000-7f7faa98c000 r-xp 00000000 08:02 1180183                    /usr/lib/x86_64-linux-gnu/libk5crypto.so.3.1
7f7faa98c000-7f7faab8b000 ---p 0002c000 08:02 1180183                    /usr/lib/x86_64-linux-gnu/libk5crypto.so.3.1
7f7faab8b000-7f7faab8d000 r--p 0002b000 08:02 1180183                    /usr/lib/x86_64-linux-gnu/libk5crypto.so.3.1
7f7faab8d000-7f7faab8e000 rw-p 0002d000 08:02 1180183                    /usr/lib/x86_64-linux-gnu/libk5crypto.so.3.1
7f7faab8e000-7f7faab8f000 rw-p 00000000 00:00 0 
7f7faab90000-7f7faac4c000 r-xp 00000000 08:02 1185595                    /usr/lib/x86_64-linux-gnu/libkrb5.so.3.3
7f7faac4c000-7f7faae4c000 ---p 000bc000 08:02 1185595                    /usr/lib/x86_64-linux-gnu/libkrb5.so.3.3
7f7faae4c000-7f7faae59000 r--p 000bc000 08:02 1185595                    /usr/lib/x86_64-linux-gnu/libkrb5.so.3.3
7f7faae59000-7f7faae5b000 rw-p 000c9000 08:02 1185595                    /usr/lib/x86_64-linux-gnu/libkrb5.so.3.3
7f7faae60000-7f7faae65000 r-xp 00000000 08:02 1187928                    /usr/lib/x86_64-linux-gnu/libXdmcp.so.6.0.0
7f7faae65000-7f7fab064000 ---p 00005000 08:02 1187928                    /usr/lib/x86_64-linux-gnu/libXdmcp.so.6.0.0
7f7fab064000-7f7fab065000 r--p 00004000 08:02 1187928                    /usr/lib/x86_64-linux-gnu/libXdmcp.so.6.0.0
7f7fab065000-7f7fab066000 rw-p 00005000 08:02 1187928                    /usr/lib/x86_64-linux-gnu/libXdmcp.so.6.0.0
7f7fab068000-7f7fab06a000 r-xp 00000000 08:02 1187917                    /usr/lib/x86_64-linux-gnu/libXau.so.6.0.0
7f7fab06a000-7f7fab26a000 ---p 00002000 08:02 1187917                    /usr/lib/x86_64-linux-gnu/libXau.so.6.0.0
7f7fab26a000-7f7fab26b000 r--p 00002000 08:02 1187917                    /usr/lib/x86_64-linux-gnu/libXau.so.6.0.0
7f7fab26b000-7f7fab26c000 rw-p 00003000 08:02 1187917                    /usr/lib/x86_64-linux-gnu/libXau.so.6.0.0
7f7fab270000-7f7fab277000 r-xp 00000000 08:02 1188226                    /usr/lib/x86_64-linux-gnu/libffi.so.6.0.1
7f7fab277000-7f7fab476000 ---p 00007000 08:02 1188226                    /usr/lib/x86_64-linux-gnu/libffi.so.6.0.1
7f7fab476000-7f7fab477000 r--p 00006000 08:02 1188226                    /usr/lib/x86_64-linux-gnu/libffi.so.6.0.1
7f7fab477000-7f7fab478000 rw-p 00007000 08:02 1188226                    /usr/lib/x86_64-linux-gnu/libffi.so.6.0.1
7f7fab478000-7f7fab48f000 r-xp 00000000 08:02 1441817                    /lib/x86_64-linux-gnu/libresolv-2.19.so
7f7fab48f000-7f7fab68f000 ---p 00017000 08:02 1441817                    /lib/x86_64-linux-gnu/libresolv-2.19.so
7f7fab68f000-7f7fab690000 r--p 00017000 08:02 1441817                    /lib/x86_64-linux-gnu/libresolv-2.19.so
7f7fab690000-7f7fab691000 rw-p 00018000 08:02 1441817                    /lib/x86_64-linux-gnu/libresolv-2.19.so
7f7fab691000-7f7fab693000 rw-p 00000000 00:00 0 
7f7fab698000-7f7fab6b8000 r-xp 00000000 08:02 1441806                    /lib/x86_64-linux-gnu/libselinux.so.1
7f7fab6b8000-7f7fab8b7000 ---p 00020000 08:02 1441806                    /lib/x86_64-linux-gnu/libselinux.so.1
7f7fab8b7000-7f7fab8b8000 r--p 0001f000 08:02 1441806                    /lib/x86_64-linux-gnu/libselinux.so.1
7f7fab8b8000-7f7fab8b9000 rw-p 00020000 08:02 1441806                    /lib/x86_64-linux-gnu/libselinux.so.1
7f7fab8b9000-7f7fab8bb000 rw-p 00000000 00:00 0 
7f7fab8c0000-7f7fab9c6000 r-xp 00000000 08:02 1443043                    /lib/x86_64-linux-gnu/libglib-2.0.so.0.4002.0
7f7fab9c6000-7f7fabbc5000 ---p 00106000 08:02 1443043                    /lib/x86_64-linux-gnu/libglib-2.0.so.0.4002.0
7f7fabbc5000-7f7fabbc6000 r--p 00105000 08:02 1443043                    /lib/x86_64-linux-gnu/libglib-2.0.so.0.4002.0
7f7fabbc6000-7f7fabbc7000 rw-p 00106000 08:02 1443043                    /lib/x86_64-linux-gnu/libglib-2.0.so.0.4002.0
7f7fabbc7000-7f7fabbc8000 rw-p 00000000 00:00 0 
7f7fabbc8000-7f7fabbcb000 r-xp 00000000 08:02 1181655                    /usr/lib/x86_64-linux-gnu/libgmodule-2.0.so.0.4002.0
7f7fabbcb000-7f7fabdca000 ---p 00003000 08:02 1181655                    /usr/lib/x86_64-linux-gnu/libgmodule-2.0.so.0.4002.0
7f7fabdca000-7f7fabdcb000 r--p 00002000 08:02 1181655                    /usr/lib/x86_64-linux-gnu/libgmodule-2.0.so.0.4002.0
7f7fabdcb000-7f7fabdcc000 rw-p 00003000 08:02 1181655                    /usr/lib/x86_64-linux-gnu/libgmodule-2.0.so.0.4002.0
7f7fabdd0000-7f7fabdf7000 r-xp 00000000 08:02 1445908                    /lib/x86_64-linux-gnu/libexpat.so.1.6.0
7f7fabdf7000-7f7fabff7000 ---p 00027000 08:02 1445908                    /lib/x86_64-linux-gnu/libexpat.so.1.6.0
7f7fabff7000-7f7fabff9000 r--p 00027000 08:02 1445908                    /lib/x86_64-linux-gnu/libexpat.so.1.6.0
7f7fabff9000-7f7fabffa000 rw-p 00029000 08:02 1445908                    /lib/x86_64-linux-gnu/libexpat.so.1.6.0
7f7fac000000-7f7fac021000 rw-p 00000000 00:00 0 
7f7fac021000-7f7fb0000000 ---p 00000000 00:00 0 
7f7fb0000000-7f7fb0021000 rw-p 00000000 00:00 0 
7f7fb0021000-7f7fb4000000 ---p 00000000 00:00 0 
7f7fb4000000-7f7fb47ad000 rw-p 00000000 00:00 0 
7f7fb47ad000-7f7fb8000000 ---p 00000000 00:00 0 
7f7fb8000000-7f7fb893e000 rw-p 00000000 00:00 0 
7f7fb893e000-7f7fbc000000 ---p 00000000 00:00 0 
7f7fbc000000-7f7fbc021000 rw-p 00000000 00:00 0 
7f7fbc021000-7f7fc0000000 ---p 00000000 00:00 0 
7f7fc0000000-7f7fc0021000 rw-p 00000000 00:00 0 
7f7fc0021000-7f7fc4000000 ---p 00000000 00:00 0 
7f7fc4000000-7f7fc40f1000 rw-p 00000000 00:00 0 
7f7fc40f1000-7f7fc8000000 ---p 00000000 00:00 0 
7f7fc8000000-7f7fc8021000 rw-p 00000000 00:00 0 
7f7fc8021000-7f7fcc000000 ---p 00000000 00:00 0 
7f7fcc000000-7f7fcc021000 rw-p 00000000 00:00 0 
7f7fcc021000-7f7fd0000000 ---p 00000000 00:00 0 
7f7fd0000000-7f7fd0009000 r--s 00000000 08:02 2362931                    /usr/share/fonts/type1/gsfonts/s050000l.pfb
7f7fd0010000-7f7fd002b000 r--s 00000000 08:02 2362919                    /usr/share/fonts/type1/gsfonts/p052003l.pfb
7f7fd0030000-7f7fd0043000 r--s 00000000 08:02 2362892                    /usr/share/fonts/type1/gsfonts/n019064l.pfb
7f7fd0048000-7f7fd0062000 r--s 00000000 08:02 2362856                    /usr/share/fonts/type1/gsfonts/c059013l.pfb
7f7fd0068000-7f7fd0081000 r--s 00000000 08:02 2362844                    /usr/share/fonts/type1/gsfonts/b018012l.pfb
7f7fd0086000-7f7fd00b7000 rw-p 00000000 00:00 0 
7f7fd00b7000-7f7fd00ba000 ---p 00000000 00:00 0 
7f7fd00ba000-7f7fd01b8000 rw-p 00000000 00:00 0                          [stack:19900]
7f7fd01b8000-7f7fd0255000 r-xp 00000000 08:02 1180395                    /usr/lib/x86_64-linux-gnu/libfreetype.so.6.11.1
7f7fd0255000-7f7fd0454000 ---p 0009d000 08:02 1180395                    /usr/lib/x86_64-linux-gnu/libfreetype.so.6.11.1
7f7fd0454000-7f7fd045a000 r--p 0009c000 08:02 1180395                    /usr/lib/x86_64-linux-gnu/libfreetype.so.6.11.1
7f7fd045a000-7f7fd045b000 rw-p 000a2000 08:02 1180395                    /usr/lib/x86_64-linux-gnu/libfreetype.so.6.11.1
7f7fd0460000-7f7fd046f000 r-xp 00000000 08:02 1188021                    /usr/lib/x86_64-linux-gnu/libavahi-client.so.3.2.9
7f7fd046f000-7f7fd066f000 ---p 0000f000 08:02 1188021                    /usr/lib/x86_64-linux-gnu/libavahi-client.so.3.2.9
7f7fd066f000-7f7fd0670000 r--p 0000f000 08:02 1188021                    /usr/lib/x86_64-linux-gnu/libavahi-client.so.3.2.9
7f7fd0670000-7f7fd0671000 rw-p 00010000 08:02 1188021                    /usr/lib/x86_64-linux-gnu/libavahi-client.so.3.2.9
7f7fd0678000-7f7fd0683000 r-xp 00000000 08:02 1188023                    /usr/lib/x86_64-linux-gnu/libavahi-common.so.3.5.3
7f7fd0683000-7f7fd0882000 ---p 0000b000 08:02 1188023                    /usr/lib/x86_64-linux-gnu/libavahi-common.so.3.5.3
7f7fd0882000-7f7fd0883000 r--p 0000a000 08:02 1188023                    /usr/lib/x86_64-linux-gnu/libavahi-common.so.3.5.3
7f7fd0883000-7f7fd0884000 rw-p 0000b000 08:02 1188023                    /usr/lib/x86_64-linux-gnu/libavahi-common.so.3.5.3
7f7fd0888000-7f7fd093e000 r-xp 00000000 08:02 1183583                    /usr/lib/x86_64-linux-gnu/libgnutls.so.26.22.6
7f7fd093e000-7f7fd0b3e000 ---p 000b6000 08:02 1183583                    /usr/lib/x86_64-linux-gnu/libgnutls.so.26.22.6
7f7fd0b3e000-7f7fd0b44000 r--p 000b6000 08:02 1183583                    /usr/lib/x86_64-linux-gnu/libgnutls.so.26.22.6
7f7fd0b44000-7f7fd0b45000 rw-p 000bc000 08:02 1183583                    /usr/lib/x86_64-linux-gnu/libgnutls.so.26.22.6
7f7fd0b45000-7f7fd0b46000 rw-p 00000000 00:00 0 
7f7fd0b48000-7f7fd0b8b000 r-xp 00000000 08:02 1182323                    /usr/lib/x86_64-linux-gnu/libgssapi_krb5.so.2.2
7f7fd0b8b000-7f7fd0d8b000 ---p 00043000 08:02 1182323                    /usr/lib/x86_64-linux-gnu/libgssapi_krb5.so.2.2
7f7fd0d8b000-7f7fd0d8c000 r--p 00043000 08:02 1182323                    /usr/lib/x86_64-linux-gnu/libgssapi_krb5.so.2.2
7f7fd0d8c000-7f7fd0d8e000 rw-p 00044000 08:02 1182323                    /usr/lib/x86_64-linux-gnu/libgssapi_krb5.so.2.2
7f7fd0d90000-7f7fd0dad000 r-xp 00000000 08:02 1189092                    /usr/lib/x86_64-linux-gnu/libxcb.so.1.1.0
7f7fd0dad000-7f7fd0fad000 ---p 0001d000 08:02 1189092                    /usr/lib/x86_64-linux-gnu/libxcb.so.1.1.0
7f7fd0fad000-7f7fd0fae000 r--p 0001d000 08:02 1189092                    /usr/lib/x86_64-linux-gnu/libxcb.so.1.1.0
7f7fd0fae000-7f7fd0faf000 rw-p 0001e000 08:02 1189092                    /usr/lib/x86_64-linux-gnu/libxcb.so.1.1.0
7f7fd0fb0000-7f7fd0fff000 r-xp 00000000 08:02 1181657                    /usr/lib/x86_64-linux-gnu/libgobject-2.0.so.0.4002.0
7f7fd0fff000-7f7fd11ff000 ---p 0004f000 08:02 1181657                    /usr/lib/x86_64-linux-gnu/libgobject-2.0.so.0.4002.0
7f7fd11ff000-7f7fd1200000 r--p 0004f000 08:02 1181657                    /usr/lib/x86_64-linux-gnu/libgobject-2.0.so.0.4002.0
7f7fd1200000-7f7fd1201000 rw-p 00050000 08:02 1181657                    /usr/lib/x86_64-linux-gnu/libgobject-2.0.so.0.4002.0
7f7fd1208000-7f7fd1374000 r-xp 00000000 08:02 1181661                    /usr/lib/x86_64-linux-gnu/libgio-2.0.so.0.4002.0
7f7fd1374000-7f7fd1573000 ---p 0016c000 08:02 1181661                    /usr/lib/x86_64-linux-gnu/libgio-2.0.so.0.4002.0
7f7fd1573000-7f7fd1577000 r--p 0016b000 08:02 1181661                    /usr/lib/x86_64-linux-gnu/libgio-2.0.so.0.4002.0
7f7fd1577000-7f7fd1579000 rw-p 0016f000 08:02 1181661                    /usr/lib/x86_64-linux-gnu/libgio-2.0.so.0.4002.0
7f7fd1579000-7f7fd157b000 rw-p 00000000 00:00 0 
7f7fd1580000-7f7fd15ba000 r-xp 00000000 08:02 1196543                    /usr/lib/x86_64-linux-gnu/libfontconfig.so.1.8.0
7f7fd15ba000-7f7fd17b9000 ---p 0003a000 08:02 1196543                    /usr/lib/x86_64-linux-gnu/libfontconfig.so.1.8.0
7f7fd17b9000-7f7fd17bb000 r--p 00039000 08:02 1196543                    /usr/lib/x86_64-linux-gnu/libfontconfig.so.1.8.0
7f7fd17bb000-7f7fd17bc000 rw-p 0003b000 08:02 1196543                    /usr/lib/x86_64-linux-gnu/libfontconfig.so.1.8.0
7f7fd17c0000-7f7fd182c000 r-xp 00000000 08:02 1180391                    /usr/lib/x86_64-linux-gnu/libcups.so.2
7f7fd182c000-7f7fd1a2c000 ---p 0006c000 08:02 1180391                    /usr/lib/x86_64-linux-gnu/libcups.so.2
7f7fd1a2c000-7f7fd1a33000 r--p 0006c000 08:02 1180391                    /usr/lib/x86_64-linux-gnu/libcups.so.2
7f7fd1a33000-7f7fd1a34000 rw-p 00073000 08:02 1180391                    /usr/lib/x86_64-linux-gnu/libcups.so.2
7f7fd1a38000-7f7fd1a47000 r-xp 00000000 08:02 1188440                    /usr/lib/x86_64-linux-gnu/libXi.so.6.1.0
7f7fd1a47000-7f7fd1c46000 ---p 0000f000 08:02 1188440                    /usr/lib/x86_64-linux-gnu/libXi.so.6.1.0
7f7fd1c46000-7f7fd1c47000 r--p 0000e000 08:02 1188440                    /usr/lib/x86_64-linux-gnu/libXi.so.6.1.0
7f7fd1c47000-7f7fd1c48000 rw-p 0000f000 08:02 1188440                    /usr/lib/x86_64-linux-gnu/libXi.so.6.1.0
7f7fd1c48000-7f7fd1c4d000 r-xp 00000000 08:02 1187956                    /usr/lib/x86_64-linux-gnu/libXtst.so.6.1.0
7f7fd1c4d000-7f7fd1e4c000 ---p 00005000 08:02 1187956                    /usr/lib/x86_64-linux-gnu/libXtst.so.6.1.0
7f7fd1e4c000-7f7fd1e4d000 r--p 00004000 08:02 1187956                    /usr/lib/x86_64-linux-gnu/libXtst.so.6.1.0
7f7fd1e4d000-7f7fd1e4e000 rw-p 00005000 08:02 1187956                    /usr/lib/x86_64-linux-gnu/libXtst.so.6.1.0
7f7fd1e50000-7f7fd1e59000 r-xp 00000000 08:02 1190129                    /usr/lib/x86_64-linux-gnu/libXrender.so.1.3.0
7f7fd1e59000-7f7fd2058000 ---p 00009000 08:02 1190129                    /usr/lib/x86_64-linux-gnu/libXrender.so.1.3.0
7f7fd2058000-7f7fd2059000 r--p 00008000 08:02 1190129                    /usr/lib/x86_64-linux-gnu/libXrender.so.1.3.0
7f7fd2059000-7f7fd205a000 rw-p 00009000 08:02 1190129                    /usr/lib/x86_64-linux-gnu/libXrender.so.1.3.0
7f7fd2060000-7f7fd2190000 r-xp 00000000 08:02 1187913                    /usr/lib/x86_64-linux-gnu/libX11.so.6.3.0
7f7fd2190000-7f7fd2390000 ---p 00130000 08:02 1187913                    /usr/lib/x86_64-linux-gnu/libX11.so.6.3.0
7f7fd2390000-7f7fd2391000 r--p 00130000 08:02 1187913                    /usr/lib/x86_64-linux-gnu/libX11.so.6.3.0
7f7fd2391000-7f7fd2395000 rw-p 00131000 08:02 1187913                    /usr/lib/x86_64-linux-gnu/libX11.so.6.3.0
7f7fd2398000-7f7fd23a9000 r-xp 00000000 08:02 1190118                    /usr/lib/x86_64-linux-gnu/libXext.so.6.4.0
7f7fd23a9000-7f7fd25a8000 ---p 00011000 08:02 1190118                    /usr/lib/x86_64-linux-gnu/libXext.so.6.4.0
7f7fd25a8000-7f7fd25a9000 r--p 00010000 08:02 1190118                    /usr/lib/x86_64-linux-gnu/libXext.so.6.4.0
7f7fd25a9000-7f7fd25aa000 rw-p 00011000 08:02 1190118                    /usr/lib/x86_64-linux-gnu/libXext.so.6.4.0
7f7fd25ad000-7f7fd25b2000 r--s 0004d000 08:02 1310924                    /usr/lib/jvm/java-7-openjdk-amd64/jre/lib/jsse.jar
7f7fd25b8000-7f7fd25c8000 r--s 00000000 08:02 2362835                    /usr/share/fonts/type1/gsfonts/a010015l.pfb
7f7fd25c8000-7f7fd25cf000 r--s 00000000 08:02 1713734                    /usr/lib/x86_64-linux-gnu/gconv/gconv-modules.cache
7f7fd25d0000-7f7fd2618000 r-xp 00000000 08:02 1311229                    /usr/lib/jvm/java-7-openjdk-amd64/jre/lib/amd64/xawt/libmawt.so
7f7fd2618000-7f7fd2817000 ---p 00048000 08:02 1311229                    /usr/lib/jvm/java-7-openjdk-amd64/jre/lib/amd64/xawt/libmawt.so
7f7fd2817000-7f7fd2818000 r--p 00047000 08:02 1311229                    /usr/lib/jvm/java-7-openjdk-amd64/jre/lib/amd64/xawt/libmawt.so
7f7fd2818000-7f7fd281b000 rw-p 00048000 08:02 1311229                    /usr/lib/jvm/java-7-openjdk-amd64/jre/lib/amd64/xawt/libmawt.so
7f7fd281b000-7f7fd281c000 rw-p 00000000 00:00 0 
7f7fd2820000-7f7fd28c0000 r-xp 00000000 08:02 1317752                    /usr/lib/jvm/java-7-openjdk-amd64/jre/lib/amd64/libawt.so
7f7fd28c0000-7f7fd2ac0000 ---p 000a0000 08:02 1317752                    /usr/lib/jvm/java-7-openjdk-amd64/jre/lib/amd64/libawt.so
7f7fd2ac0000-7f7fd2ac1000 r--p 000a0000 08:02 1317752                    /usr/lib/jvm/java-7-openjdk-amd64/jre/lib/amd64/libawt.so
7f7fd2ac1000-7f7fd2acc000 rw-p 000a1000 08:02 1317752                    /usr/lib/jvm/java-7-openjdk-amd64/jre/lib/amd64/libawt.so
7f7fd2acc000-7f7fd2af1000 rw-p 00000000 00:00 0 
7f7fd2af6000-7f7fd2b00000 r--s 000ae000 08:02 1310920                    /usr/lib/jvm/java-7-openjdk-amd64/jre/lib/resources.jar
7f7fd2b06000-7f7fd2b0a000 r--s 000a6000 08:02 2901832                    /home/xrousakis/.m2/repository/net/java/dev/jna/jna/3.5.1/jna-3.5.1.jar
7f7fd2b0b000-7f7fd2b0d000 r--s 0000b000 08:02 2105256                    /home/xrousakis/.m2/repository/com/github/tulskiy/jkeymaster/1.1/jkeymaster-1.1.jar
7f7fd2b11000-7f7fd2b13000 r--s 00029000 08:02 2244940                    /home/xrousakis/.m2/repository/org/bytedeco/javacpp-presets/artoolkitplus/2.3.0-0.8/artoolkitplus-2.3.0-0.8-linux-x86_64.jar
7f7fd2b18000-7f7fd2b19000 r--s 00000000 08:02 2244936                    /home/xrousakis/.m2/repository/org/bytedeco/javacpp-presets/videoinput/0.200-0.8/videoinput-0.200-0.8-linux-x86_64.jar
7f7fd2b1a000-7f7fd2b1c000 r--s 00012000 08:02 2244934                    /home/xrousakis/.m2/repository/org/bytedeco/javacpp-presets/libfreenect/0.4-0.8/libfreenect-0.4-0.8-linux-x86_64.jar
7f7fd2b1f000-7f7fd2b20000 r--s 00027000 08:02 2244931                    /home/xrousakis/.m2/repository/org/bytedeco/javacpp-presets/libdc1394/2.2.2-0.8/libdc1394-2.2.2-0.8-linux-x86_64.jar
7f7fd2b20000-7f7fd2b21000 r--s 00000000 08:02 2244929                    /home/xrousakis/.m2/repository/org/bytedeco/javacpp-presets/flycapture/1.7.17-0.8/flycapture-1.7.17-0.8-linux-x86_64.jar
7f7fd2b27000-7f7fd2b29000 r--s 0061f000 08:02 2244944                    /home/xrousakis/.m2/repository/org/bytedeco/javacpp-presets/ffmpeg/2.2.1-0.8/ffmpeg-2.2.1-0.8-linux-x86_64.jar
7f7fd2b2d000-7f7fd2b2f000 r--s 00785000 08:02 2244956                    /home/xrousakis/.m2/repository/org/bytedeco/javacpp-presets/opencv/2.4.9-0.8/opencv-2.4.9-0.8-linux-x86_64.jar
7f7fd2b35000-7f7fd2b36000 r--s 00005000 08:02 2244924                    /home/xrousakis/.m2/repository/org/bytedeco/javacpp-presets/artoolkitplus/2.3.0-0.8/artoolkitplus-2.3.0-0.8.jar
7f7fd2b3b000-7f7fd2b3c000 r--s 00003000 08:02 2244923                    /home/xrousakis/.m2/repository/org/bytedeco/javacpp-presets/videoinput/0.200-0.8/videoinput-0.200-0.8.jar
7f7fd2b3c000-7f7fd2b3e000 r--s 00004000 08:02 2244920                    /home/xrousakis/.m2/repository/org/bytedeco/javacpp-presets/libfreenect/0.4-0.8/libfreenect-0.4-0.8.jar
7f7fd2b3e000-7f7fd2b40000 r--s 00006000 08:02 2244916                    /home/xrousakis/.m2/repository/org/bytedeco/javacpp-presets/libdc1394/2.2.2-0.8/libdc1394-2.2.2-0.8.jar
7f7fd2b44000-7f7fd2b46000 r--s 00004000 08:02 2244911                    /home/xrousakis/.m2/repository/org/bytedeco/javacpp-presets/flycapture/1.7.17-0.8/flycapture-1.7.17-0.8.jar
7f7fd2b46000-7f7fd2b4c000 r--s 0002e000 08:02 2244912                    /home/xrousakis/.m2/repository/org/bytedeco/javacpp-presets/ffmpeg/2.2.1-0.8/ffmpeg-2.2.1-0.8.jar
7f7fd2b52000-7f7fd2b64000 r--s 000b2000 08:02 2244913                    /home/xrousakis/.m2/repository/org/bytedeco/javacpp-presets/opencv/2.4.9-0.8/opencv-2.4.9-0.8.jar
7f7fd2b6a000-7f7fd2b6e000 r--s 0002a000 08:02 2244914                    /home/xrousakis/.m2/repository/org/bytedeco/javacpp/0.8/javacpp-0.8.jar
7f7fd2b74000-7f7fd2b79000 r--s 0004c000 08:02 2244918                    /home/xrousakis/.m2/repository/org/bytedeco/javacv/0.8/javacv-0.8.jar
7f7fd2b7d000-7f7fd2b81000 r--s 00085000 08:02 1310935                    /usr/lib/jvm/java-7-openjdk-amd64/jre/lib/ext/localedata.jar
7f7fd2b87000-7f7fd2b8a000 r--s 0000f000 08:02 1310939                    /usr/lib/jvm/java-7-openjdk-amd64/jre/lib/ext/icedtea-sound.jar
7f7fd2b8c000-7f7fd2b90000 r--s 0003c000 08:02 1310938                    /usr/lib/jvm/java-7-openjdk-amd64/jre/lib/ext/sunpkcs11.jar
7f7fd2b93000-7f7fd2b94000 ---p 00000000 00:00 0 
7f7fd2b94000-7f7fd2c94000 rw-p 00000000 00:00 0                          [stack:19899]
7f7fd2c94000-7f7fd2c97000 ---p 00000000 00:00 0 
7f7fd2c97000-7f7fd2d95000 rw-p 00000000 00:00 0                          [stack:19898]
7f7fd2d95000-7f7fd2d98000 ---p 00000000 00:00 0 
7f7fd2d98000-7f7fd2e96000 rw-p 00000000 00:00 0                          [stack:19897]
7f7fd2e96000-7f7fd2e99000 ---p 00000000 00:00 0 
7f7fd2e99000-7f7fd2f97000 rw-p 00000000 00:00 0                          [stack:19896]
7f7fd2f97000-7f7fd2f9a000 ---p 00000000 00:00 0 
7f7fd2f9a000-7f7fd3098000 rw-p 00000000 00:00 0                          [stack:19895]
7f7fd3098000-7f7fd3362000 r--p 00000000 08:02 1186322                    /usr/lib/locale/locale-archive
7f7fd3369000-7f7fd336c000 ---p 00000000 00:00 0 
7f7fd336c000-7f7fd346a000 rw-p 00000000 00:00 0                          [stack:19894]
7f7fd346a000-7f7fd346d000 ---p 00000000 00:00 0 
7f7fd346d000-7f7fd356b000 rw-p 00000000 00:00 0                          [stack:19893]
7f7fd356b000-7f7fd356c000 ---p 00000000 00:00 0 
7f7fd356c000-7f7fd4000000 rw-p 00000000 00:00 0                          [stack:19892]
7f7fd4000000-7f7fd4021000 rw-p 00000000 00:00 0 
7f7fd4021000-7f7fd8000000 ---p 00000000 00:00 0 
7f7fd8006000-7f7fd8008000 r--s 00006000 08:02 1842397                    /usr/share/java/java-atk-wrapper.jar
7f7fd800c000-7f7fd8010000 r--s 00034000 08:02 1310937                    /usr/lib/jvm/java-7-openjdk-amd64/jre/lib/ext/sunjce_provider.jar
7f7fd8012000-7f7fd8014000 r--s 00012000 08:02 1310942                    /usr/lib/jvm/java-7-openjdk-amd64/jre/lib/ext/zipfs.jar
7f7fd8018000-7f7fd8039000 rw-p 00000000 00:00 0 
7f7fd8039000-7f7fd81ea000 r--s 01d29000 08:02 1310916                    /usr/lib/jvm/java-7-openjdk-amd64/jre/lib/rt.jar
7f7fd81eb000-7f7fdc36a000 rw-p 00000000 00:00 0 
7f7fdc36a000-7f7fdc36b000 ---p 00000000 00:00 0 
7f7fdc36b000-7f7fdc46b000 rw-p 00000000 00:00 0                          [stack:19891]
7f7fdc46b000-7f7fdc46c000 ---p 00000000 00:00 0 
7f7fdc46c000-7f7fdc577000 rw-p 00000000 00:00 0                          [stack:19890]
7f7fdc577000-7f7fdc5bf000 rw-p 00000000 00:00 0 
7f7fdc5bf000-7f7fdc5e4000 rw-p 00000000 00:00 0 
7f7fdc5e4000-7f7fdc811000 rw-p 00000000 00:00 0 
7f7fdc811000-7f7fdc81c000 rw-p 00000000 00:00 0 
7f7fdc81c000-7f7fdc864000 rw-p 00000000 00:00 0 
7f7fdc864000-7f7fdc889000 rw-p 00000000 00:00 0 
7f7fdc889000-7f7fdcab6000 rw-p 00000000 00:00 0 
7f7fdcab6000-7f7fdcac9000 rw-p 00000000 00:00 0 
7f7fdcac9000-7f7fdcbdf000 rw-p 00000000 00:00 0 
7f7fdcbdf000-7f7fdcbe0000 rw-p 00000000 00:00 0 
7f7fdcbe0000-7f7fdce50000 rwxp 00000000 00:00 0 
7f7fdce50000-7f7fdfbe0000 rw-p 00000000 00:00 0 
7f7fdfbe0000-7f7fdfbe8000 r-xp 00000000 08:02 1310955                    /usr/lib/jvm/java-7-openjdk-amd64/jre/lib/amd64/libzip.so
7f7fdfbe8000-7f7fdfde7000 ---p 00008000 08:02 1310955                    /usr/lib/jvm/java-7-openjdk-amd64/jre/lib/amd64/libzip.so
7f7fdfde7000-7f7fdfde8000 r--p 00007000 08:02 1310955                    /usr/lib/jvm/java-7-openjdk-amd64/jre/lib/amd64/libzip.so
7f7fdfde8000-7f7fdfde9000 rw-p 00008000 08:02 1310955                    /usr/lib/jvm/java-7-openjdk-amd64/jre/lib/amd64/libzip.so
7f7fdfdf0000-7f7fdfdfb000 r-xp 00000000 08:02 1444608                    /lib/x86_64-linux-gnu/libnss_files-2.19.so
7f7fdfdfb000-7f7fdfffa000 ---p 0000b000 08:02 1444608                    /lib/x86_64-linux-gnu/libnss_files-2.19.so
7f7fdfffa000-7f7fdfffb000 r--p 0000a000 08:02 1444608                    /lib/x86_64-linux-gnu/libnss_files-2.19.so
7f7fdfffb000-7f7fdfffc000 rw-p 0000b000 08:02 1444608                    /lib/x86_64-linux-gnu/libnss_files-2.19.so
7f7fe0000000-7f7fe053a000 rw-p 00000000 00:00 0 
7f7fe053a000-7f7fe4000000 ---p 00000000 00:00 0 
7f7fe4002000-7f7fe4003000 r--s 00002000 08:02 1310936                    /usr/lib/jvm/java-7-openjdk-amd64/jre/lib/ext/dnsns.jar
7f7fe4008000-7f7fe4030000 rw-p 00000000 00:00 0 
7f7fe4030000-7f7fe403b000 r-xp 00000000 08:02 1444820                    /lib/x86_64-linux-gnu/libnss_nis-2.19.so
7f7fe403b000-7f7fe423a000 ---p 0000b000 08:02 1444820                    /lib/x86_64-linux-gnu/libnss_nis-2.19.so
7f7fe423a000-7f7fe423b000 r--p 0000a000 08:02 1444820                    /lib/x86_64-linux-gnu/libnss_nis-2.19.so
7f7fe423b000-7f7fe423c000 rw-p 0000b000 08:02 1444820                    /lib/x86_64-linux-gnu/libnss_nis-2.19.so
7f7fe4240000-7f7fe4257000 r-xp 00000000 08:02 1444807                    /lib/x86_64-linux-gnu/libnsl-2.19.so
7f7fe4257000-7f7fe4456000 ---p 00017000 08:02 1444807                    /lib/x86_64-linux-gnu/libnsl-2.19.so
7f7fe4456000-7f7fe4457000 r--p 00016000 08:02 1444807                    /lib/x86_64-linux-gnu/libnsl-2.19.so
7f7fe4457000-7f7fe4458000 rw-p 00017000 08:02 1444807                    /lib/x86_64-linux-gnu/libnsl-2.19.so
7f7fe4458000-7f7fe445a000 rw-p 00000000 00:00 0 
7f7fe4460000-7f7fe4469000 r-xp 00000000 08:02 1444806                    /lib/x86_64-linux-gnu/libnss_compat-2.19.so
7f7fe4469000-7f7fe4668000 ---p 00009000 08:02 1444806                    /lib/x86_64-linux-gnu/libnss_compat-2.19.so
7f7fe4668000-7f7fe4669000 r--p 00008000 08:02 1444806                    /lib/x86_64-linux-gnu/libnss_compat-2.19.so
7f7fe4669000-7f7fe466a000 rw-p 00009000 08:02 1444806                    /lib/x86_64-linux-gnu/libnss_compat-2.19.so
7f7fe4670000-7f7fe469b000 r-xp 00000000 08:02 1317774                    /usr/lib/jvm/java-7-openjdk-amd64/jre/lib/amd64/libjava.so
7f7fe469b000-7f7fe489a000 ---p 0002b000 08:02 1317774                    /usr/lib/jvm/java-7-openjdk-amd64/jre/lib/amd64/libjava.so
7f7fe489a000-7f7fe489b000 r--p 0002a000 08:02 1317774                    /usr/lib/jvm/java-7-openjdk-amd64/jre/lib/amd64/libjava.so
7f7fe489b000-7f7fe489d000 rw-p 0002b000 08:02 1317774                    /usr/lib/jvm/java-7-openjdk-amd64/jre/lib/amd64/libjava.so
7f7fe48a0000-7f7fe48b0000 r-xp 00000000 08:02 1317755                    /usr/lib/jvm/java-7-openjdk-amd64/jre/lib/amd64/libverify.so
7f7fe48b0000-7f7fe4aaf000 ---p 00010000 08:02 1317755                    /usr/lib/jvm/java-7-openjdk-amd64/jre/lib/amd64/libverify.so
7f7fe4aaf000-7f7fe4ab1000 r--p 0000f000 08:02 1317755                    /usr/lib/jvm/java-7-openjdk-amd64/jre/lib/amd64/libverify.so
7f7fe4ab1000-7f7fe4ab2000 rw-p 00011000 08:02 1317755                    /usr/lib/jvm/java-7-openjdk-amd64/jre/lib/amd64/libverify.so
7f7fe4ab8000-7f7fe4abf000 r-xp 00000000 08:02 1444817                    /lib/x86_64-linux-gnu/librt-2.19.so
7f7fe4abf000-7f7fe4cbe000 ---p 00007000 08:02 1444817                    /lib/x86_64-linux-gnu/librt-2.19.so
7f7fe4cbe000-7f7fe4cbf000 r--p 00006000 08:02 1444817                    /lib/x86_64-linux-gnu/librt-2.19.so
7f7fe4cbf000-7f7fe4cc0000 rw-p 00007000 08:02 1444817                    /lib/x86_64-linux-gnu/librt-2.19.so
7f7fe4cc0000-7f7fe4cd6000 r-xp 00000000 08:02 1441904                    /lib/x86_64-linux-gnu/libgcc_s.so.1
7f7fe4cd6000-7f7fe4ed5000 ---p 00016000 08:02 1441904                    /lib/x86_64-linux-gnu/libgcc_s.so.1
7f7fe4ed5000-7f7fe4ed6000 rw-p 00015000 08:02 1441904                    /lib/x86_64-linux-gnu/libgcc_s.so.1
7f7fe4ed8000-7f7fe4fdd000 r-xp 00000000 08:02 1443041                    /lib/x86_64-linux-gnu/libm-2.19.so
7f7fe4fdd000-7f7fe51dc000 ---p 00105000 08:02 1443041                    /lib/x86_64-linux-gnu/libm-2.19.so
7f7fe51dc000-7f7fe51dd000 r--p 00104000 08:02 1443041                    /lib/x86_64-linux-gnu/libm-2.19.so
7f7fe51dd000-7f7fe51de000 rw-p 00105000 08:02 1443041                    /lib/x86_64-linux-gnu/libm-2.19.so
7f7fe51e0000-7f7fe52c6000 r-xp 00000000 08:02 1188933                    /usr/lib/x86_64-linux-gnu/libstdc++.so.6.0.19
7f7fe52c6000-7f7fe54c5000 ---p 000e6000 08:02 1188933                    /usr/lib/x86_64-linux-gnu/libstdc++.so.6.0.19
7f7fe54c5000-7f7fe54cd000 r--p 000e5000 08:02 1188933                    /usr/lib/x86_64-linux-gnu/libstdc++.so.6.0.19
7f7fe54cd000-7f7fe54cf000 rw-p 000ed000 08:02 1188933                    /usr/lib/x86_64-linux-gnu/libstdc++.so.6.0.19
7f7fe54cf000-7f7fe54e4000 rw-p 00000000 00:00 0 
7f7fe54e8000-7f7fe6001000 r-xp 00000000 08:02 1317743                    /usr/lib/jvm/java-7-openjdk-amd64/jre/lib/amd64/server/libjvm.so
7f7fe6001000-7f7fe6201000 ---p 00b19000 08:02 1317743                    /usr/lib/jvm/java-7-openjdk-amd64/jre/lib/amd64/server/libjvm.so
7f7fe6201000-7f7fe629b000 r--p 00b19000 08:02 1317743                    /usr/lib/jvm/java-7-openjdk-amd64/jre/lib/amd64/server/libjvm.so
7f7fe629b000-7f7fe62be000 rw-p 00bb3000 08:02 1317743                    /usr/lib/jvm/java-7-openjdk-amd64/jre/lib/amd64/server/libjvm.so
7f7fe62be000-7f7fe62ec000 rw-p 00000000 00:00 0 
7f7fe62f0000-7f7fe6308000 r-xp 00000000 08:02 1446050                    /lib/x86_64-linux-gnu/libz.so.1.2.8
7f7fe6308000-7f7fe6507000 ---p 00018000 08:02 1446050                    /lib/x86_64-linux-gnu/libz.so.1.2.8
7f7fe6507000-7f7fe6508000 r--p 00017000 08:02 1446050                    /lib/x86_64-linux-gnu/libz.so.1.2.8
7f7fe6508000-7f7fe6509000 rw-p 00018000 08:02 1446050                    /lib/x86_64-linux-gnu/libz.so.1.2.8
7f7fe6510000-7f7fe6529000 r-xp 00000000 08:02 1444815                    /lib/x86_64-linux-gnu/libpthread-2.19.so
7f7fe6529000-7f7fe6728000 ---p 00019000 08:02 1444815                    /lib/x86_64-linux-gnu/libpthread-2.19.so
7f7fe6728000-7f7fe6729000 r--p 00018000 08:02 1444815                    /lib/x86_64-linux-gnu/libpthread-2.19.so
7f7fe6729000-7f7fe672a000 rw-p 00019000 08:02 1444815                    /lib/x86_64-linux-gnu/libpthread-2.19.so
7f7fe672a000-7f7fe672e000 rw-p 00000000 00:00 0 
7f7fe6730000-7f7fe6733000 r-xp 00000000 08:02 1444799                    /lib/x86_64-linux-gnu/libdl-2.19.so
7f7fe6733000-7f7fe6932000 ---p 00003000 08:02 1444799                    /lib/x86_64-linux-gnu/libdl-2.19.so
7f7fe6932000-7f7fe6933000 r--p 00002000 08:02 1444799                    /lib/x86_64-linux-gnu/libdl-2.19.so
7f7fe6933000-7f7fe6934000 rw-p 00003000 08:02 1444799                    /lib/x86_64-linux-gnu/libdl-2.19.so
7f7fe6938000-7f7fe6af3000 r-xp 00000000 08:02 1444814                    /lib/x86_64-linux-gnu/libc-2.19.so
7f7fe6af3000-7f7fe6cf2000 ---p 001bb000 08:02 1444814                    /lib/x86_64-linux-gnu/libc-2.19.so
7f7fe6cf2000-7f7fe6cf6000 r--p 001ba000 08:02 1444814                    /lib/x86_64-linux-gnu/libc-2.19.so
7f7fe6cf6000-7f7fe6cf8000 rw-p 001be000 08:02 1444814                    /lib/x86_64-linux-gnu/libc-2.19.so
7f7fe6cf8000-7f7fe6cfd000 rw-p 00000000 00:00 0 
7f7fe6d00000-7f7fe6d0d000 r-xp 00000000 08:02 1317741                    /usr/lib/jvm/java-7-openjdk-amd64/jre/lib/amd64/jli/libjli.so
7f7fe6d0d000-7f7fe6f0c000 ---p 0000d000 08:02 1317741                    /usr/lib/jvm/java-7-openjdk-amd64/jre/lib/amd64/jli/libjli.so
7f7fe6f0c000-7f7fe6f0d000 r--p 0000c000 08:02 1317741                    /usr/lib/jvm/java-7-openjdk-amd64/jre/lib/amd64/jli/libjli.so
7f7fe6f0d000-7f7fe6f0e000 rw-p 0000d000 08:02 1317741                    /usr/lib/jvm/java-7-openjdk-amd64/jre/lib/amd64/jli/libjli.so
7f7fe6f10000-7f7fe6f33000 r-xp 00000000 08:02 1444811                    /lib/x86_64-linux-gnu/ld-2.19.so
7f7fe6f39000-7f7fe6f6a000 rw-p 00000000 00:00 0 
7f7fe6f6a000-7f7fe7020000 rw-p 00000000 00:00 0 
7f7fe7020000-7f7fe7028000 rw-s 00000000 08:02 262509                     /tmp/hsperfdata_xrousakis/19885
7f7fe702b000-7f7fe702c000 rw-p 00000000 00:00 0 
7f7fe702c000-7f7fe702d000 rwxp 00000000 00:00 0 
7f7fe702d000-7f7fe702e000 rw-p 00000000 00:00 0 
7f7fe702e000-7f7fe702f000 r--p 00000000 00:00 0 
7f7fe702f000-7f7fe7032000 ---p 00000000 00:00 0 
7f7fe7032000-7f7fe7132000 rw-p 00000000 00:00 0                          [stack:19888]
7f7fe7132000-7f7fe7133000 r--p 00022000 08:02 1444811                    /lib/x86_64-linux-gnu/ld-2.19.so
7f7fe7133000-7f7fe7134000 rw-p 00023000 08:02 1444811                    /lib/x86_64-linux-gnu/ld-2.19.so
7f7fe7134000-7f7fe7136000 rw-p 00000000 00:00 0 
7f7fe7136000-7f7fe713a000 rw-p 00000000 00:00 0 
7fff43111000-7fff43133000 rw-p 00000000 00:00 0                          [stack]
7fff43200000-7fff43202000 r-xp 00000000 00:00 0                          [vdso]
ffffffffff600000-ffffffffff601000 r-xp 00000000 00:00 0                  [vsyscall]

VM Arguments:
java_command: org.scify.jthinkfreedom.gui.ApplicationLauncher
Launcher Type: SUN_STANDARD

Environment Variables:
JAVA_HOME=/usr/lib/jvm/default-java
PATH=/usr/local/sbin:/usr/local/bin:/usr/sbin:/usr/bin:/sbin:/bin:/usr/games:/usr/local/games
USERNAME=xrousakis
LD_LIBRARY_PATH=/usr/lib/jvm/default-java/jre/lib/amd64:/usr/lib/jvm/default-java/jre/lib/i386:
SHELL=/bin/bash
DISPLAY=:0

Signal Handlers:
SIGSEGV: [libjvm.so+0x94bab0], sa_mask[0]=0x7ffbfeff, sa_flags=0x10000004
SIGBUS: [libjvm.so+0x94bab0], sa_mask[0]=0x7ffbfeff, sa_flags=0x10000004
SIGFPE: [libjvm.so+0x7c38b0], sa_mask[0]=0x7ffbfeff, sa_flags=0x10000004
SIGPIPE: [libjvm.so+0x7c38b0], sa_mask[0]=0x7ffbfeff, sa_flags=0x10000004
SIGXFSZ: [libjvm.so+0x7c38b0], sa_mask[0]=0x7ffbfeff, sa_flags=0x10000004
SIGILL: [libjvm.so+0x7c38b0], sa_mask[0]=0x7ffbfeff, sa_flags=0x10000004
SIGUSR1: SIG_DFL, sa_mask[0]=0x00000000, sa_flags=0x00000000
SIGUSR2: [libjvm.so+0x7c3750], sa_mask[0]=0x00000004, sa_flags=0x10000004
SIGHUP: [libjvm.so+0x7c3930], sa_mask[0]=0x7ffbfeff, sa_flags=0x10000004
SIGINT: SIG_IGN, sa_mask[0]=0x00000000, sa_flags=0x00000000
SIGTERM: [libjvm.so+0x7c3930], sa_mask[0]=0x7ffbfeff, sa_flags=0x10000004
SIGQUIT: [libjvm.so+0x7c3930], sa_mask[0]=0x7ffbfeff, sa_flags=0x10000004
SIGTRAP: SIG_DFL, sa_mask[0]=0x00000000, sa_flags=0x00000000


---------------  S Y S T E M  ---------------

OS:LinuxMint 17 (qiana)
uname:Linux 3.14.8-031408-generic #201406161755 SMP Mon Jun 16 21:56:09 UTC 2014 x86_64
libc:glibc 2.19 NPTL 2.19 
rlimit: STACK 8192k, CORE 0k, NPROC 55132, NOFILE 4096, AS infinity
load average:1,88 1,04 0,60

/proc/meminfo:
MemTotal:        7292072 kB
MemFree:         3417500 kB
MemAvailable:    5012992 kB
Buffers:          249600 kB
Cached:          1495240 kB
SwapCached:            0 kB
Active:          2758844 kB
Inactive:         833956 kB
Active(anon):    1848988 kB
Inactive(anon):    53308 kB
Active(file):     909856 kB
Inactive(file):   780648 kB
Unevictable:           0 kB
Mlocked:               0 kB
SwapTotal:       3361788 kB
SwapFree:        3361788 kB
Dirty:               184 kB
Writeback:             0 kB
AnonPages:       1847956 kB
Mapped:           210044 kB
Shmem:             54340 kB
Slab:             174072 kB
SReclaimable:     147828 kB
SUnreclaim:        26244 kB
KernelStack:        3912 kB
PageTables:        28180 kB
NFS_Unstable:          0 kB
Bounce:                0 kB
WritebackTmp:          0 kB
CommitLimit:     7007824 kB
Committed_AS:    4462700 kB
VmallocTotal:   34359738367 kB
VmallocUsed:      315128 kB
VmallocChunk:   34359399700 kB
HardwareCorrupted:     0 kB
AnonHugePages:   1368064 kB
HugePages_Total:       0
HugePages_Free:        0
HugePages_Rsvd:        0
HugePages_Surp:        0
Hugepagesize:       2048 kB
DirectMap4k:       76120 kB
DirectMap2M:     3287040 kB
DirectMap1G:     4194304 kB


CPU:total 2 (2 cores per cpu, 1 threads per core) family 21 model 19 stepping 1, cmov, cx8, fxsr, mmx, sse, sse2, sse3, ssse3, sse4.1, sse4.2, popcnt, avx, aes, mmxext, 3dnowpref, lzcnt, sse4a, tsc, tscinvbit, tscinv

/proc/cpuinfo:
processor	: 0
vendor_id	: AuthenticAMD
cpu family	: 21
model		: 19
model name	: AMD A4-4000 APU with Radeon(tm) HD Graphics
stepping	: 1
microcode	: 0x6001119
cpu MHz		: 3000.000
cache size	: 1024 KB
physical id	: 0
siblings	: 2
core id		: 0
cpu cores	: 1
apicid		: 16
initial apicid	: 0
fpu		: yes
fpu_exception	: yes
cpuid level	: 13
wp		: yes
flags		: fpu vme de pse tsc msr pae mce cx8 apic sep mtrr pge mca cmov pat pse36 clflush mmx fxsr sse sse2 ht syscall nx mmxext fxsr_opt pdpe1gb rdtscp lm constant_tsc rep_good nopl nonstop_tsc extd_apicid aperfmperf pni pclmulqdq monitor ssse3 fma cx16 sse4_1 sse4_2 popcnt aes xsave avx f16c lahf_lm cmp_legacy svm extapic cr8_legacy abm sse4a misalignsse 3dnowprefetch osvw ibs xop skinit wdt lwp fma4 tce nodeid_msr tbm topoext perfctr_core perfctr_nb arat cpb hw_pstate npt lbrv svm_lock nrip_save tsc_scale vmcb_clean flushbyasid decodeassists pausefilter pfthreshold bmi1
bogomips	: 6030.33
TLB size	: 1536 4K pages
clflush size	: 64
cache_alignment	: 64
address sizes	: 48 bits physical, 48 bits virtual
power management: ts ttp tm 100mhzsteps hwpstate cpb eff_freq_ro

processor	: 1
vendor_id	: AuthenticAMD
cpu family	: 21
model		: 19
model name	: AMD A4-4000 APU with Radeon(tm) HD Graphics    
stepping	: 1
microcode	: 0x6001119
cpu MHz		: 3000.000
cache size	: 1024 KB
physical id	: 0
siblings	: 2
core id		: 1
cpu cores	: 1
apicid		: 17
initial apicid	: 1
fpu		: yes
fpu_exception	: yes
cpuid level	: 13
wp		: yes
flags		: fpu vme de pse tsc msr pae mce cx8 apic sep mtrr pge mca cmov pat pse36 clflush mmx fxsr sse sse2 ht syscall nx mmxext fxsr_opt pdpe1gb rdtscp lm constant_tsc rep_good nopl nonstop_tsc extd_apicid aperfmperf pni pclmulqdq monitor ssse3 fma cx16 sse4_1 sse4_2 popcnt aes xsave avx f16c lahf_lm cmp_legacy svm extapic cr8_legacy abm sse4a misalignsse 3dnowprefetch osvw ibs xop skinit wdt lwp fma4 tce nodeid_msr tbm topoext perfctr_core perfctr_nb arat cpb hw_pstate npt lbrv svm_lock nrip_save tsc_scale vmcb_clean flushbyasid decodeassists pausefilter pfthreshold bmi1
bogomips	: 6030.33
TLB size	: 1536 4K pages
clflush size	: 64
cache_alignment	: 64
address sizes	: 48 bits physical, 48 bits virtual
power management: ts ttp tm 100mhzsteps hwpstate cpb eff_freq_ro



Memory: 4k page, physical 7292072k(3417500k free), swap 3361788k(3361788k free)

vm_info: OpenJDK 64-Bit Server VM (24.79-b02) for linux-amd64 JRE (1.7.0_79-b14), built on Jul 24 2015 08:15:54 by "buildd" with gcc 4.8.2

time: Wed Aug 12 17:37:43 2015
elapsed time: 224 seconds

