#
# A fatal error has been detected by the Java Runtime Environment:
#
#  SIGSEGV (0xb) at pc=0x00007fe7959662cc, pid=14345, tid=140632941979392
#
# JRE version: OpenJDK Runtime Environment (7.0_79-b14) (build 1.7.0_79-b14)
# Java VM: OpenJDK 64-Bit Server VM (24.79-b02 mixed mode linux-amd64 compressed oops)
# Derivative: IcedTea 2.5.6
# Distribution: Ubuntu 14.04 LTS, package 7u79-2.5.6-0ubuntu1.14.04.1
# Problematic frame:
# C  [libjpeg.so.8+0x162cc]  jpeg_has_multiple_scans+0x2c
#
# Failed to write core dump. Core dumps have been disabled. To enable core dumping, try "ulimit -c unlimited" before starting Java again
#
# If you would like to submit a bug report, please include
# instructions on how to reproduce the bug and visit:
#   http://icedtea.classpath.org/bugzilla
# The crash happened outside the Java Virtual Machine in native code.
# See problematic frame for where to report the bug.
#

---------------  T H R E A D  ---------------

Current thread (0x00007fe7a00b5000):  JavaThread "Image Fetcher 0" daemon [_thread_in_native, id=14385, stack(0x00007fe7a87ce000,0x00007fe7a88cf000)]

siginfo:si_signo=SIGSEGV: si_errno=0, si_code=1 (SEGV_MAPERR), si_addr=0x0000000000000020

Registers:
RAX=0x0000000000000000, RBX=0x00007fe7a88cd4d0, RCX=0x0000000000000001, RDX=0x0000000000000000
RSP=0x00007fe7a88cd1b8, RBP=0x00007fe7a88cd7a0, RSI=0x0000000000000001, RDI=0x00007fe7a88cd4d0
R8 =0x0000000000000000, R9 =0x00007fe7a0000078, R10=0x00007fe7a88ccf80, R11=0x00007fe7959662a0
R12=0x0000000000000000, R13=0xffffffffffffffff, R14=0x00007fe7a88cd840, R15=0x00007fe7a00b5000
RIP=0x00007fe7959662cc, EFLAGS=0x0000000000010293, CSGSFS=0x0000000000000033, ERR=0x0000000000000004
  TRAPNO=0x000000000000000e

Top of Stack: (sp=0x00007fe7a88cd1b8)
0x00007fe7a88cd1b8:   00007fe78fdf7d33 00007fe7a00b5000
0x00007fe7a88cd1c8:   00007fe7e405e03b fffffff0ffffffff
0x00007fe7a88cd1d8:   0000000000000000 00007fe78fdf7ad0
0x00007fe7a88cd1e8:   00007fe7a88cd278 00007fe7a88cd830
0x00007fe7a88cd1f8:   00007fe7a88cd838 00007fe7a88cd840
0x00007fe7a88cd208:   00007fe7a00b51d8 00000000dbcdceae
0x00007fe7a88cd218:   0000000000000292 00007fe78fdf71e0
0x00007fe7a88cd228:   00007fe78fdf7380 00007fe78fdf7500
0x00007fe7a88cd238:   00007fe79596e830 00007fe78fdf7200
0x00007fe7a88cd248:   00007fe7a88cd838 00007fe700000000
0x00007fe7a88cd258:   0000000000000000 00000000dbcdcd40
0x00007fe7a88cd268:   00007fe7a88cd830 ffffffffffffffff
0x00007fe7a88cd278:   0000000000000000 0000000000000000
0x00007fe7a88cd288:   0000000000000000 00007fe7a88cd280
0x00007fe7a88cd298:   0000000086420280 00007fe7a88cd328
0x00007fe7a88cd2a8:   00000000864be230 0000000000000000
0x00007fe7a88cd2b8:   0000000086420318 0000000000000000
0x00007fe7a88cd2c8:   00007fe7a88cd320 00007fe7a88cd390
0x00007fe7a88cd2d8:   00007fe7dc5a04e7 0000000000000000
0x00007fe7a88cd2e8:   00007fe78fdf7ad0 0000000000000000
0x00007fe7a88cd2f8:   00000000dbcdc328 0000000000000006
0x00007fe7a88cd308:   0000000000000007 00000000dd27c140
0x00007fe7a88cd318:   00000000dd27c140 00000000dbcdd140
0x00007fe7a88cd328:   0000000000000000 00007fe700001fa0
0x00007fe7a88cd338:   00007fe7a88cd3d0 00007fe7a88cd5d0
0x00007fe7a88cd348:   00007fe7a88cd500 00007fe7a00b5000
0x00007fe7a88cd358:   00007fe7b0232920 00007fe78fdf7280
0x00007fe7a88cd368:   00007fe795973cf0 00007fe78fdf7210
0x00007fe7a88cd378:   00007fe795973d60 00007fe795973d40
0x00007fe7a88cd388:   000000000000006a 000000000000003f
0x00007fe7a88cd398:   0000000300000000 0000000000000000
0x00007fe7a88cd3a8:   00007fe700000000 00007fe7a88cd400 

Instructions: (pc=0x00007fe7959662cc)
0x00007fe7959662ac:   ff 83 fa 08 76 12 48 8b 17 89 42 2c 48 8b 07 c7
0x00007fe7959662bc:   42 28 15 00 00 00 ff 10 48 8b 83 58 02 00 00 5b
0x00007fe7959662cc:   8b 40 20 c3 53 8b 47 24 48 89 fb 8d 90 33 ff ff
0x00007fe7959662dc:   ff 83 fa 01 76 66 3d cf 00 00 00 74 47 3d d2 00 

Register to memory mapping:

RAX=0x0000000000000000 is an unknown value
RBX=0x00007fe7a88cd4d0 is pointing into the stack for thread: 0x00007fe7a00b5000
RCX=0x0000000000000001 is an unknown value
RDX=0x0000000000000000 is an unknown value
RSP=0x00007fe7a88cd1b8 is pointing into the stack for thread: 0x00007fe7a00b5000
RBP=0x00007fe7a88cd7a0 is pointing into the stack for thread: 0x00007fe7a00b5000
RSI=0x0000000000000001 is an unknown value
RDI=0x00007fe7a88cd4d0 is pointing into the stack for thread: 0x00007fe7a00b5000
R8 =0x0000000000000000 is an unknown value
R9 =0x00007fe7a0000078 is an unknown value
R10=0x00007fe7a88ccf80 is pointing into the stack for thread: 0x00007fe7a00b5000
R11=0x00007fe7959662a0: jpeg_has_multiple_scans+0 in /usr/lib/x86_64-linux-gnu/libjpeg.so.8 at 0x00007fe795950000
R12=0x0000000000000000 is an unknown value
R13=0xffffffffffffffff is an unknown value
R14=0x00007fe7a88cd840 is pointing into the stack for thread: 0x00007fe7a00b5000
R15=0x00007fe7a00b5000 is a thread


Stack: [0x00007fe7a87ce000,0x00007fe7a88cf000],  sp=0x00007fe7a88cd1b8,  free space=1020k
Native frames: (J=compiled Java code, j=interpreted, Vv=VM code, C=native code)
C  [libjpeg.so.8+0x162cc]  jpeg_has_multiple_scans+0x2c
j  sun.awt.image.JPEGImageDecoder.readImage(Ljava/io/InputStream;[B)V+0
j  sun.awt.image.JPEGImageDecoder.produceImage()V+10
j  sun.awt.image.InputStreamImageSource.doFetch()V+51
j  sun.awt.image.ImageFetcher.fetchloop()V+33
j  sun.awt.image.ImageFetcher.run()V+5
v  ~StubRoutines::call_stub
V  [libjvm.so+0x5e80c9]  JavaCalls::call_helper(JavaValue*, methodHandle*, JavaCallArguments*, Thread*)+0x339
V  [libjvm.so+0x5e6f1e]  JavaCalls::call_virtual(JavaValue*, Handle, KlassHandle, Symbol*, Symbol*, Thread*)+0x20e
V  [libjvm.so+0x623391]  thread_entry(JavaThread*, Thread*)+0xd1
V  [libjvm.so+0x900f40]  JavaThread::thread_main_inner()+0xf0
V  [libjvm.so+0x9011b1]  JavaThread::run()+0x221
V  [libjvm.so+0x7c4f62]  java_start(Thread*)+0xf2

Java frames: (J=compiled Java code, j=interpreted, Vv=VM code)
j  sun.awt.image.JPEGImageDecoder.readImage(Ljava/io/InputStream;[B)V+0
j  sun.awt.image.JPEGImageDecoder.produceImage()V+10
j  sun.awt.image.InputStreamImageSource.doFetch()V+51
j  sun.awt.image.ImageFetcher.fetchloop()V+33
j  sun.awt.image.ImageFetcher.run()V+5
v  ~StubRoutines::call_stub

---------------  P R O C E S S  ---------------

Java Threads: ( => current thread )
=>0x00007fe7a00b5000 JavaThread "Image Fetcher 0" daemon [_thread_in_native, id=14385, stack(0x00007fe7a87ce000,0x00007fe7a88cf000)]
  0x00007fe7a007e000 JavaThread "pool-3-thread-1" [_thread_blocked, id=14384, stack(0x00007fe794832000,0x00007fe794933000)]
  0x00000000023ce800 JavaThread "Thread-2" [_thread_blocked, id=14383, stack(0x00007fe794731000,0x00007fe794832000)]
  0x0000000002294000 JavaThread "Thread-0" [_thread_blocked, id=14382, stack(0x00007fe794b77000,0x00007fe794c78000)]
  0x0000000002261000 JavaThread "TimerQueue" daemon [_thread_blocked, id=14368, stack(0x00007fe79493f000,0x00007fe794a40000)]
  0x00007fe7e000b000 JavaThread "DestroyJavaVM" [_thread_blocked, id=14349, stack(0x00007fe7e6a0c000,0x00007fe7e6b0d000)]
  0x00007fe7e03db000 JavaThread "AWT-EventQueue-0" [_thread_blocked, id=14366, stack(0x00007fe79514e000,0x00007fe79524f000)]
  0x00007fe7e03da000 JavaThread "AWT-Shutdown" [_thread_blocked, id=14365, stack(0x00007fe79524f000,0x00007fe795350000)]
  0x00007fe7e02bb000 JavaThread "AWT-XAWT" daemon [_thread_in_native, id=14361, stack(0x00007fe7a88cf000,0x00007fe7a89d0000)]
  0x00007fe7e029e000 JavaThread "Java2D Disposer" daemon [_thread_blocked, id=14360, stack(0x00007fe7a8de7000,0x00007fe7a8ee8000)]
  0x00007fe7e00ac000 JavaThread "Service Thread" daemon [_thread_blocked, id=14358, stack(0x00007fe7d268c000,0x00007fe7d278d000)]
  0x00007fe7e00a9800 JavaThread "C2 CompilerThread1" daemon [_thread_blocked, id=14357, stack(0x00007fe7d278d000,0x00007fe7d288e000)]
  0x00007fe7e00a6800 JavaThread "C2 CompilerThread0" daemon [_thread_blocked, id=14356, stack(0x00007fe7d288e000,0x00007fe7d298f000)]
  0x00007fe7e00a4800 JavaThread "Signal Dispatcher" daemon [_thread_blocked, id=14355, stack(0x00007fe7d298f000,0x00007fe7d2a90000)]
  0x00007fe7e0078800 JavaThread "Finalizer" daemon [_thread_blocked, id=14354, stack(0x00007fe7d2d5b000,0x00007fe7d2e5c000)]
  0x00007fe7e0076800 JavaThread "Reference Handler" daemon [_thread_blocked, id=14353, stack(0x00007fe7d2e5c000,0x00007fe7d2f5d000)]

Other Threads:
  0x00007fe7e0072000 VMThread [stack: 0x00007fe7d2f5d000,0x00007fe7d305e000] [id=14352]
  0x00007fe7e00b6800 WatcherThread [stack: 0x00007fe7d258b000,0x00007fe7d268c000] [id=14359]

VM state:not at safepoint (normal execution)

VM Mutex/Monitor currently owned by a thread: None

Heap
 PSYoungGen      total 33792K, used 19945K [0x00000000dae00000, 0x00000000dd380000, 0x0000000100000000)
  eden space 29184K, 52% used [0x00000000dae00000,0x00000000dbcfdc38,0x00000000dca80000)
  from space 4608K, 99% used [0x00000000dcf00000,0x00000000dd37c880,0x00000000dd380000)
  to   space 4608K, 0% used [0x00000000dca80000,0x00000000dca80000,0x00000000dcf00000)
 ParOldGen       total 75776K, used 1791K [0x0000000090a00000, 0x0000000095400000, 0x00000000dae00000)
  object space 75776K, 2% used [0x0000000090a00000,0x0000000090bbfc30,0x0000000095400000)
 PSPermGen       total 22016K, used 21861K [0x0000000086400000, 0x0000000087980000, 0x0000000090a00000)
  object space 22016K, 99% used [0x0000000086400000,0x0000000087959648,0x0000000087980000)

Card table byte_map: [0x00007fe7dc1d1000,0x00007fe7dc5a0000] byte_map_base: 0x00007fe7dbd9f000

Polling page: 0x00007fe7e6a0b000

Code Cache  [0x00007fe7dc5a0000, 0x00007fe7dc810000, 0x00007fe7df5a0000)
 total_blobs=877 nmethods=289 adapters=542 free_code_cache=47918Kb largest_free_block=48993792

Compilation events (10 events):
Event: 28,424 Thread 0x00007fe7e00a6800 nmethod 303 0x00007fe7dc629390 code [0x00007fe7dc6294e0, 0x00007fe7dc629868]
Event: 28,579 Thread 0x00007fe7e00a9800 nmethod 306 0x00007fe7dc6afa90 code [0x00007fe7dc6afce0, 0x00007fe7dc6b1050]
Event: 28,592 Thread 0x00007fe7e00a6800  307             org.scify.jthinkfreedom.keyboard.sensors.KeyboardSensor::getData (33 bytes)
Event: 28,593 Thread 0x00007fe7e00a6800 nmethod 307 0x00007fe7dc69f310 code [0x00007fe7dc69f440, 0x00007fe7dc69f4b8]
Event: 28,622 Thread 0x00007fe7e00a6800  308 %           org.scify.jthinkfreedom.skeleton.sensors.SensorAdapter::updateStimuli @ 0 (49 bytes)
Event: 28,630 Thread 0x00007fe7e00a6800 nmethod 308% 0x00007fe7dc6af2d0 code [0x00007fe7dc6af440, 0x00007fe7dc6af708]
Event: 30,771 Thread 0x00007fe7e00a9800  309             sun.reflect.ClassFileAssembler::emitByte (11 bytes)
Event: 30,774 Thread 0x00007fe7e00a9800 nmethod 309 0x00007fe7dc6d4410 code [0x00007fe7dc6d4560, 0x00007fe7dc6d46a8]
Event: 30,775 Thread 0x00007fe7e00a9800  310             sun.reflect.ByteVectorImpl::add (38 bytes)
Event: 30,780 Thread 0x00007fe7e00a9800 nmethod 310 0x00007fe7dc6c3250 code [0x00007fe7dc6c33a0, 0x00007fe7dc6c3488]

GC Heap History (4 events):
Event: 1,972 GC heap before
{Heap before GC invocations=1 (full 0):
 PSYoungGen      total 33792K, used 29184K [0x00000000dae00000, 0x00000000dd380000, 0x0000000100000000)
  eden space 29184K, 100% used [0x00000000dae00000,0x00000000dca80000,0x00000000dca80000)
  from space 4608K, 0% used [0x00000000dcf00000,0x00000000dcf00000,0x00000000dd380000)
  to   space 4608K, 0% used [0x00000000dca80000,0x00000000dca80000,0x00000000dcf00000)
 ParOldGen       total 75776K, used 0K [0x0000000090a00000, 0x0000000095400000, 0x00000000dae00000)
  object space 75776K, 0% used [0x0000000090a00000,0x0000000090a00000,0x0000000095400000)
 PSPermGen       total 21504K, used 16133K [0x0000000086400000, 0x0000000087900000, 0x0000000090a00000)
  object space 21504K, 75% used [0x0000000086400000,0x00000000873c14b0,0x0000000087900000)
Event: 1,991 GC heap after
Heap after GC invocations=1 (full 0):
 PSYoungGen      total 33792K, used 3747K [0x00000000dae00000, 0x00000000dd380000, 0x0000000100000000)
  eden space 29184K, 0% used [0x00000000dae00000,0x00000000dae00000,0x00000000dca80000)
  from space 4608K, 81% used [0x00000000dca80000,0x00000000dce28fa0,0x00000000dcf00000)
  to   space 4608K, 0% used [0x00000000dcf00000,0x00000000dcf00000,0x00000000dd380000)
 ParOldGen       total 75776K, used 8K [0x0000000090a00000, 0x0000000095400000, 0x00000000dae00000)
  object space 75776K, 0% used [0x0000000090a00000,0x0000000090a02000,0x0000000095400000)
 PSPermGen       total 21504K, used 16133K [0x0000000086400000, 0x0000000087900000, 0x0000000090a00000)
  object space 21504K, 75% used [0x0000000086400000,0x00000000873c14b0,0x0000000087900000)
}
Event: 25,796 GC heap before
{Heap before GC invocations=2 (full 0):
 PSYoungGen      total 33792K, used 32931K [0x00000000dae00000, 0x00000000dd380000, 0x0000000100000000)
  eden space 29184K, 100% used [0x00000000dae00000,0x00000000dca80000,0x00000000dca80000)
  from space 4608K, 81% used [0x00000000dca80000,0x00000000dce28fa0,0x00000000dcf00000)
  to   space 4608K, 0% used [0x00000000dcf00000,0x00000000dcf00000,0x00000000dd380000)
 ParOldGen       total 75776K, used 8K [0x0000000090a00000, 0x0000000095400000, 0x00000000dae00000)
  object space 75776K, 0% used [0x0000000090a00000,0x0000000090a02000,0x0000000095400000)
 PSPermGen       total 21504K, used 20825K [0x0000000086400000, 0x0000000087900000, 0x0000000090a00000)
  object space 21504K, 96% used [0x0000000086400000,0x00000000878567d0,0x0000000087900000)
Event: 25,812 GC heap after
Heap after GC invocations=2 (full 0):
 PSYoungGen      total 33792K, used 4594K [0x00000000dae00000, 0x00000000dd380000, 0x0000000100000000)
  eden space 29184K, 0% used [0x00000000dae00000,0x00000000dae00000,0x00000000dca80000)
  from space 4608K, 99% used [0x00000000dcf00000,0x00000000dd37c880,0x00000000dd380000)
  to   space 4608K, 0% used [0x00000000dca80000,0x00000000dca80000,0x00000000dcf00000)
 ParOldGen       total 75776K, used 1791K [0x0000000090a00000, 0x0000000095400000, 0x00000000dae00000)
  object space 75776K, 2% used [0x0000000090a00000,0x0000000090bbfc30,0x0000000095400000)
 PSPermGen       total 21504K, used 20825K [0x0000000086400000, 0x0000000087900000, 0x0000000090a00000)
  object space 21504K, 96% used [0x0000000086400000,0x00000000878567d0,0x0000000087900000)
}

Deoptimization events (10 events):
Event: 27,423 Thread 0x00007fe7e03db000 Uncommon trap: reason=unreached action=reinterpret pc=0x00007fe7dc69ebd4 method=sun.util.logging.PlatformLogger.isLoggable(Lsun/util/logging/PlatformLogger$Level;)Z @ 18
Event: 27,423 Thread 0x00007fe7e03db000 Uncommon trap: reason=class_check action=maybe_recompile pc=0x00007fe7dc680f14 method=sun.util.logging.PlatformLogger.finest(Ljava/lang/String;)V @ 8
Event: 27,423 Thread 0x00007fe7e03db000 Uncommon trap: reason=class_check action=maybe_recompile pc=0x00007fe7dc680f14 method=sun.util.logging.PlatformLogger.finest(Ljava/lang/String;)V @ 8
Event: 27,423 Thread 0x00007fe7e03db000 Uncommon trap: reason=class_check action=maybe_recompile pc=0x00007fe7dc680f14 method=sun.util.logging.PlatformLogger.finest(Ljava/lang/String;)V @ 8
Event: 27,425 Thread 0x00007fe7e03db000 Uncommon trap: reason=class_check action=maybe_recompile pc=0x00007fe7dc680f14 method=sun.util.logging.PlatformLogger.finest(Ljava/lang/String;)V @ 8
Event: 27,426 Thread 0x00007fe7e02bb000 Uncommon trap: reason=class_check action=maybe_recompile pc=0x00007fe7dc6b89f0 method=sun.util.logging.PlatformLogger.finest(Ljava/lang/String;)V @ 8
Event: 30,768 Thread 0x00000000023ce800 Uncommon trap: reason=unreached action=reinterpret pc=0x00007fe7dc657e88 method=java.lang.ThreadLocal$ThreadLocalMap.getEntry(Ljava/lang/ThreadLocal;)Ljava/lang/ThreadLocal$ThreadLocalMap$Entry; @ 29
Event: 30,769 Thread 0x00000000023ce800 Uncommon trap: reason=unreached action=reinterpret pc=0x00007fe7dc657adc method=java.lang.ThreadLocal$ThreadLocalMap.getEntry(Ljava/lang/ThreadLocal;)Ljava/lang/ThreadLocal$ThreadLocalMap$Entry; @ 29
Event: 30,960 Thread 0x0000000002294000 Uncommon trap: reason=unreached action=reinterpret pc=0x00007fe7dc69f488 method=org.scify.jthinkfreedom.keyboard.sensors.KeyboardSensor.getData()Ljava/lang/Character; @ 4
Event: 30,960 Thread 0x0000000002294000 Uncommon trap: reason=null_assert action=make_not_entrant pc=0x00007fe7dc6b01b8 method=org.scify.jthinkfreedom.keyboard.stimuli.CapturekeyStimulus.onDataReceived()V @ 44

Internal exceptions (10 events):
Event: 27,705 Thread 0x00000000023ce800 Threw 0x00000000db8540c8 at /build/openjdk-7-FO0dNI/openjdk-7-7u79-2.5.6/build/openjdk/hotspot/src/share/vm/prims/jvm.cpp:1284
Event: 27,710 Thread 0x00000000023ce800 Threw 0x00000000db8645e0 at /build/openjdk-7-FO0dNI/openjdk-7-7u79-2.5.6/build/openjdk/hotspot/src/share/vm/prims/jvm.cpp:1284
Event: 27,714 Thread 0x00000000023ce800 Threw 0x00000000db881d60 at /build/openjdk-7-FO0dNI/openjdk-7-7u79-2.5.6/build/openjdk/hotspot/src/share/vm/prims/jvm.cpp:1284
Event: 27,716 Thread 0x00000000023ce800 Threw 0x00000000db8931b8 at /build/openjdk-7-FO0dNI/openjdk-7-7u79-2.5.6/build/openjdk/hotspot/src/share/vm/prims/jvm.cpp:1284
Event: 27,741 Thread 0x00000000023ce800 Threw 0x00000000db8aff10 at /build/openjdk-7-FO0dNI/openjdk-7-7u79-2.5.6/build/openjdk/hotspot/src/share/vm/prims/jvm.cpp:1284
Event: 27,742 Thread 0x00000000023ce800 Threw 0x00000000db8e5af8 at /build/openjdk-7-FO0dNI/openjdk-7-7u79-2.5.6/build/openjdk/hotspot/src/share/vm/prims/jvm.cpp:1284
Event: 30,768 Thread 0x00000000023ce800 Threw 0x00000000db902898 at /build/openjdk-7-FO0dNI/openjdk-7-7u79-2.5.6/build/openjdk/hotspot/src/share/vm/prims/jvm.cpp:1284
Event: 30,791 Thread 0x00000000023ce800 Threw 0x00000000dbc7ae78 at /build/openjdk-7-FO0dNI/openjdk-7-7u79-2.5.6/build/openjdk/hotspot/src/share/vm/prims/jvm.cpp:1284
Event: 30,960 Thread 0x0000000002294000 Threw 0x00000000dbc58a08 at /build/openjdk-7-FO0dNI/openjdk-7-7u79-2.5.6/build/openjdk/hotspot/src/share/vm/prims/jvm.cpp:1284
Event: 30,968 Thread 0x0000000002294000 Threw 0x00000000dbc6b648 at /build/openjdk-7-FO0dNI/openjdk-7-7u79-2.5.6/build/openjdk/hotspot/src/share/vm/prims/jvm.cpp:1284

Events (10 events):
Event: 30,966 loading class 0x00007fe7a007fc50 done
Event: 30,970 Executing VM operation: RevokeBias
Event: 30,970 Executing VM operation: RevokeBias done
Event: 30,998 loading class 0x00007fe7e0203c50
Event: 30,999 loading class 0x00007fe7e0203c50 done
Event: 31,004 Thread 0x00007fe7a00b5000 Thread added: 0x00007fe7a00b5000
Event: 31,004 Executing VM operation: RevokeBias
Event: 31,004 Executing VM operation: RevokeBias done
Event: 31,005 loading class 0x00007fe7e01f5a60
Event: 31,005 loading class 0x00007fe7e01f5a60 done


Dynamic libraries:
00400000-00401000 r-xp 00000000 08:02 1323751                            /usr/lib/jvm/java-7-openjdk-amd64/jre/bin/java
00600000-00601000 r--p 00000000 08:02 1323751                            /usr/lib/jvm/java-7-openjdk-amd64/jre/bin/java
00601000-00602000 rw-p 00001000 08:02 1323751                            /usr/lib/jvm/java-7-openjdk-amd64/jre/bin/java
0225a000-0244f000 rw-p 00000000 00:00 0                                  [heap]
86400000-87980000 rw-p 00000000 00:00 0 
87980000-90a00000 rw-p 00000000 00:00 0 
90a00000-95400000 rw-p 00000000 00:00 0 
95400000-dae00000 rw-p 00000000 00:00 0 
dae00000-dd380000 rw-p 00000000 00:00 0 
dd380000-100000000 rw-p 00000000 00:00 0 
7fe78fdf0000-7fe78fdfa000 r-xp 00000000 08:02 1317748                    /usr/lib/jvm/java-7-openjdk-amd64/jre/lib/amd64/libjavajpeg.so
7fe78fdfa000-7fe78fff9000 ---p 0000a000 08:02 1317748                    /usr/lib/jvm/java-7-openjdk-amd64/jre/lib/amd64/libjavajpeg.so
7fe78fff9000-7fe78fffa000 r--p 00009000 08:02 1317748                    /usr/lib/jvm/java-7-openjdk-amd64/jre/lib/amd64/libjavajpeg.so
7fe78fffa000-7fe78fffb000 rw-p 0000a000 08:02 1317748                    /usr/lib/jvm/java-7-openjdk-amd64/jre/lib/amd64/libjavajpeg.so
7fe790000000-7fe790021000 rw-p 00000000 00:00 0 
7fe790021000-7fe794000000 ---p 00000000 00:00 0 
7fe794188000-7fe79440f000 rw-s 00000000 00:04 10256400                   /SYSV00000000 (deleted)
7fe794518000-7fe79452f000 r-xp 00000000 08:02 271434                     /tmp/jna-xrousakis/jna6280435073705892320.tmp (deleted)
7fe79452f000-7fe79472f000 ---p 00017000 08:02 271434                     /tmp/jna-xrousakis/jna6280435073705892320.tmp (deleted)
7fe79472f000-7fe794730000 r--p 00017000 08:02 271434                     /tmp/jna-xrousakis/jna6280435073705892320.tmp (deleted)
7fe794730000-7fe794731000 rw-p 00018000 08:02 271434                     /tmp/jna-xrousakis/jna6280435073705892320.tmp (deleted)
7fe794731000-7fe794734000 ---p 00000000 00:00 0 
7fe794734000-7fe794832000 rw-p 00000000 00:00 0                          [stack:14383]
7fe794832000-7fe794835000 ---p 00000000 00:00 0 
7fe794835000-7fe794933000 rw-p 00000000 00:00 0                          [stack:14384]
7fe794933000-7fe79493d000 r--s 00203000 08:02 1310919                    /usr/lib/jvm/java-7-openjdk-amd64/jre/lib/charsets.jar
7fe79493f000-7fe794942000 ---p 00000000 00:00 0 
7fe794942000-7fe794a40000 rw-p 00000000 00:00 0                          [stack:14368]
7fe794a76000-7fe794a79000 ---p 00000000 00:00 0 
7fe794a79000-7fe794b77000 rw-p 00000000 00:00 0 
7fe794b77000-7fe794b7a000 ---p 00000000 00:00 0 
7fe794b7a000-7fe794c78000 rw-p 00000000 00:00 0                          [stack:14382]
7fe794caf000-7fe794e10000 rw-p 00000000 00:00 0 
7fe794e10000-7fe794e11000 r--s 00000000 08:02 2756976                    /var/cache/fontconfig/c05880de57d1f5e948fdfacc138775d9-le64.cache-4
7fe794e18000-7fe794e23000 r--s 00000000 08:02 2756975                    /var/cache/fontconfig/945677eb7aeaf62f1d50efc3fb3ec7d8-le64.cache-4
7fe794e28000-7fe794e2a000 r--s 00000000 08:02 2756973                    /var/cache/fontconfig/99e8ed0e538f840c565b6ed5dad60d56-le64.cache-4
7fe794e30000-7fe794e36000 r--s 00000000 08:02 2756972                    /var/cache/fontconfig/2cd17615ca594fa2959ae173292e504c-le64.cache-4
7fe794e38000-7fe794e39000 r--s 00000000 08:02 2756971                    /var/cache/fontconfig/e7071f4a29fa870f4323321c154eba04-le64.cache-4
7fe794e40000-7fe794e41000 r--s 00000000 08:02 2756970                    /var/cache/fontconfig/0d8c3b2ac0904cb8a57a757ad11a4a08-le64.cache-4
7fe794e48000-7fe794e4f000 r--s 00000000 08:02 2756969                    /var/cache/fontconfig/a755afe4a08bf5b97852ceb7400b47bc-le64.cache-4
7fe794e50000-7fe794e5c000 r--s 00000000 08:02 2756968                    /var/cache/fontconfig/6d41288fd70b0be22e8c3a91e032eec0-le64.cache-4
7fe794e60000-7fe794e74000 r--s 00000000 08:02 2756967                    /var/cache/fontconfig/04aabc0a78ac019cf9454389977116d2-le64.cache-4
7fe794e78000-7fe794e79000 r--s 00000000 08:02 2756966                    /var/cache/fontconfig/1ac9eb803944fde146138c791f5cc56a-le64.cache-4
7fe794e80000-7fe794e84000 r--s 00000000 08:02 2756965                    /var/cache/fontconfig/385c0604a188198f04d133e54aba7fe7-le64.cache-4
7fe794e88000-7fe794e89000 r--s 00000000 08:02 2756964                    /var/cache/fontconfig/dc05db6664285cc2f12bf69c139ae4c3-le64.cache-4
7fe794e90000-7fe794e92000 r--s 00000000 08:02 2756963                    /var/cache/fontconfig/767a8244fc0220cfb567a839d0392e0b-le64.cache-4
7fe794e98000-7fe794e99000 r--s 00000000 08:02 2753289                    /var/cache/fontconfig/4794a0821666d79190d59a36cb4f44b5-le64.cache-4
7fe794ea0000-7fe794ea5000 r--s 00000000 08:02 2756961                    /var/cache/fontconfig/8801497958630a81b71ace7c5f9b32a8-le64.cache-4
7fe794ea8000-7fe794eaf000 r--s 00000000 08:02 2756960                    /var/cache/fontconfig/3047814df9a2f067bd2d96a2b9c36e5a-le64.cache-4
7fe794eb0000-7fe794eb1000 r--s 00000000 08:02 2756959                    /var/cache/fontconfig/56cf4f4769d0f4abc89a4895d7bd3ae1-le64.cache-4
7fe794eb8000-7fe794ebe000 r--s 00000000 08:02 2756957                    /var/cache/fontconfig/b47c4e1ecd0709278f4910c18777a504-le64.cache-4
7fe794ec0000-7fe794ed3000 r--s 00000000 08:02 2756956                    /var/cache/fontconfig/d52a8644073d54c13679302ca1180695-le64.cache-4
7fe794ed8000-7fe794ee1000 r--s 00000000 08:02 2754543                    /var/cache/fontconfig/3f7329c5293ffd510edef78f73874cfd-le64.cache-4
7fe794ee8000-7fe794ef3000 r--s 00000000 08:02 2756954                    /var/cache/fontconfig/d589a48862398ed80a3d6066f4f56f4c-le64.cache-4
7fe794ef8000-7fe794f4a000 r-xp 00000000 08:02 1317750                    /usr/lib/jvm/java-7-openjdk-amd64/jre/lib/amd64/libfontmanager.so
7fe794f4a000-7fe795149000 ---p 00052000 08:02 1317750                    /usr/lib/jvm/java-7-openjdk-amd64/jre/lib/amd64/libfontmanager.so
7fe795149000-7fe79514c000 r--p 00051000 08:02 1317750                    /usr/lib/jvm/java-7-openjdk-amd64/jre/lib/amd64/libfontmanager.so
7fe79514c000-7fe79514d000 rw-p 00054000 08:02 1317750                    /usr/lib/jvm/java-7-openjdk-amd64/jre/lib/amd64/libfontmanager.so
7fe79514e000-7fe795151000 ---p 00000000 00:00 0 
7fe795151000-7fe79524f000 rw-p 00000000 00:00 0                          [stack:14366]
7fe79524f000-7fe795252000 ---p 00000000 00:00 0 
7fe795252000-7fe795350000 rw-p 00000000 00:00 0                          [stack:14365]
7fe795350000-7fe7954fd000 r-xp 00000000 08:02 271433                     /tmp/javacpp18926858803758/libjniopencv_core.so
7fe7954fd000-7fe7956fd000 ---p 001ad000 08:02 271433                     /tmp/javacpp18926858803758/libjniopencv_core.so
7fe7956fd000-7fe7956fe000 r--p 001ad000 08:02 271433                     /tmp/javacpp18926858803758/libjniopencv_core.so
7fe7956fe000-7fe795700000 rw-p 001ae000 08:02 271433                     /tmp/javacpp18926858803758/libjniopencv_core.so
7fe795700000-7fe79574e000 r-xp 00000000 08:02 271432                     /tmp/javacpp18926858803758/libjniopencv_highgui.so
7fe79574e000-7fe79594d000 ---p 0004e000 08:02 271432                     /tmp/javacpp18926858803758/libjniopencv_highgui.so
7fe79594d000-7fe79594e000 r--p 0004d000 08:02 271432                     /tmp/javacpp18926858803758/libjniopencv_highgui.so
7fe79594e000-7fe79594f000 rw-p 0004e000 08:02 271432                     /tmp/javacpp18926858803758/libjniopencv_highgui.so
7fe795950000-7fe795993000 r-xp 00000000 08:02 1188593                    /usr/lib/x86_64-linux-gnu/libjpeg.so.8.0.2
7fe795993000-7fe795b93000 ---p 00043000 08:02 1188593                    /usr/lib/x86_64-linux-gnu/libjpeg.so.8.0.2
7fe795b93000-7fe795b94000 r--p 00043000 08:02 1188593                    /usr/lib/x86_64-linux-gnu/libjpeg.so.8.0.2
7fe795b94000-7fe795b95000 rw-p 00044000 08:02 1188593                    /usr/lib/x86_64-linux-gnu/libjpeg.so.8.0.2
7fe795b95000-7fe795ba5000 rw-p 00000000 00:00 0 
7fe795ba8000-7fe795bcc000 r-xp 00000000 08:02 1188998                    /usr/lib/x86_64-linux-gnu/libv4lconvert.so.0.0.0
7fe795bcc000-7fe795dcc000 ---p 00024000 08:02 1188998                    /usr/lib/x86_64-linux-gnu/libv4lconvert.so.0.0.0
7fe795dcc000-7fe795dce000 r--p 00024000 08:02 1188998                    /usr/lib/x86_64-linux-gnu/libv4lconvert.so.0.0.0
7fe795dce000-7fe795dcf000 rw-p 00026000 08:02 1188998                    /usr/lib/x86_64-linux-gnu/libv4lconvert.so.0.0.0
7fe795dcf000-7fe795e21000 rw-p 00000000 00:00 0 
7fe795e28000-7fe795e2e000 r-xp 00000000 08:02 1188131                    /usr/lib/x86_64-linux-gnu/libdatrie.so.1.3.1
7fe795e2e000-7fe79602d000 ---p 00006000 08:02 1188131                    /usr/lib/x86_64-linux-gnu/libdatrie.so.1.3.1
7fe79602d000-7fe79602e000 r--p 00005000 08:02 1188131                    /usr/lib/x86_64-linux-gnu/libdatrie.so.1.3.1
7fe79602e000-7fe79602f000 rw-p 00006000 08:02 1188131                    /usr/lib/x86_64-linux-gnu/libdatrie.so.1.3.1
7fe796030000-7fe79604a000 r-xp 00000000 08:02 1188402                    /usr/lib/x86_64-linux-gnu/libgraphite2.so.3.0.1
7fe79604a000-7fe796249000 ---p 0001a000 08:02 1188402                    /usr/lib/x86_64-linux-gnu/libgraphite2.so.3.0.1
7fe796249000-7fe79624b000 r--p 00019000 08:02 1188402                    /usr/lib/x86_64-linux-gnu/libgraphite2.so.3.0.1
7fe79624b000-7fe79624c000 rw-p 0001b000 08:02 1188402                    /usr/lib/x86_64-linux-gnu/libgraphite2.so.3.0.1
7fe796250000-7fe796259000 r-xp 00000000 08:02 1188996                    /usr/lib/x86_64-linux-gnu/libv4l2.so.0.0.0
7fe796259000-7fe796458000 ---p 00009000 08:02 1188996                    /usr/lib/x86_64-linux-gnu/libv4l2.so.0.0.0
7fe796458000-7fe796459000 r--p 00008000 08:02 1188996                    /usr/lib/x86_64-linux-gnu/libv4l2.so.0.0.0
7fe796459000-7fe79645e000 rw-p 00009000 08:02 1188996                    /usr/lib/x86_64-linux-gnu/libv4l2.so.0.0.0
7fe796460000-7fe796468000 r-xp 00000000 08:02 1188953                    /usr/lib/x86_64-linux-gnu/libthai.so.0.2.0
7fe796468000-7fe796667000 ---p 00008000 08:02 1188953                    /usr/lib/x86_64-linux-gnu/libthai.so.0.2.0
7fe796667000-7fe796668000 r--p 00007000 08:02 1188953                    /usr/lib/x86_64-linux-gnu/libthai.so.0.2.0
7fe796668000-7fe796669000 rw-p 00008000 08:02 1188953                    /usr/lib/x86_64-linux-gnu/libthai.so.0.2.0
7fe796670000-7fe7966c3000 r-xp 00000000 08:02 1179957                    /usr/lib/x86_64-linux-gnu/libharfbuzz.so.0.927.0
7fe7966c3000-7fe7968c3000 ---p 00053000 08:02 1179957                    /usr/lib/x86_64-linux-gnu/libharfbuzz.so.0.927.0
7fe7968c3000-7fe7968c4000 r--p 00053000 08:02 1179957                    /usr/lib/x86_64-linux-gnu/libharfbuzz.so.0.927.0
7fe7968c4000-7fe7968c5000 rw-p 00054000 08:02 1179957                    /usr/lib/x86_64-linux-gnu/libharfbuzz.so.0.927.0
7fe7968c8000-7fe7968d0000 r-xp 00000000 08:02 1189074                    /usr/lib/x86_64-linux-gnu/libxcb-render.so.0.0.0
7fe7968d0000-7fe796acf000 ---p 00008000 08:02 1189074                    /usr/lib/x86_64-linux-gnu/libxcb-render.so.0.0.0
7fe796acf000-7fe796ad0000 r--p 00007000 08:02 1189074                    /usr/lib/x86_64-linux-gnu/libxcb-render.so.0.0.0
7fe796ad0000-7fe796ad1000 rw-p 00008000 08:02 1189074                    /usr/lib/x86_64-linux-gnu/libxcb-render.so.0.0.0
7fe796ad8000-7fe796ada000 r-xp 00000000 08:02 1189078                    /usr/lib/x86_64-linux-gnu/libxcb-shm.so.0.0.0
7fe796ada000-7fe796cd9000 ---p 00002000 08:02 1189078                    /usr/lib/x86_64-linux-gnu/libxcb-shm.so.0.0.0
7fe796cd9000-7fe796cda000 r--p 00001000 08:02 1189078                    /usr/lib/x86_64-linux-gnu/libxcb-shm.so.0.0.0
7fe796cda000-7fe796cdb000 rw-p 00002000 08:02 1189078                    /usr/lib/x86_64-linux-gnu/libxcb-shm.so.0.0.0
7fe796ce0000-7fe796d81000 r-xp 00000000 08:02 1188793                    /usr/lib/x86_64-linux-gnu/libpixman-1.so.0.30.2
7fe796d81000-7fe796f81000 ---p 000a1000 08:02 1188793                    /usr/lib/x86_64-linux-gnu/libpixman-1.so.0.30.2
7fe796f81000-7fe796f88000 r--p 000a1000 08:02 1188793                    /usr/lib/x86_64-linux-gnu/libpixman-1.so.0.30.2
7fe796f88000-7fe796f89000 rw-p 000a8000 08:02 1188793                    /usr/lib/x86_64-linux-gnu/libpixman-1.so.0.30.2
7fe796f90000-7fe796f92000 r-xp 00000000 08:02 1187926                    /usr/lib/x86_64-linux-gnu/libXdamage.so.1.1.0
7fe796f92000-7fe797191000 ---p 00002000 08:02 1187926                    /usr/lib/x86_64-linux-gnu/libXdamage.so.1.1.0
7fe797191000-7fe797192000 r--p 00001000 08:02 1187926                    /usr/lib/x86_64-linux-gnu/libXdamage.so.1.1.0
7fe797192000-7fe797193000 rw-p 00002000 08:02 1187926                    /usr/lib/x86_64-linux-gnu/libXdamage.so.1.1.0
7fe797198000-7fe79719a000 r-xp 00000000 08:02 1187922                    /usr/lib/x86_64-linux-gnu/libXcomposite.so.1.0.0
7fe79719a000-7fe797399000 ---p 00002000 08:02 1187922                    /usr/lib/x86_64-linux-gnu/libXcomposite.so.1.0.0
7fe797399000-7fe79739a000 r--p 00001000 08:02 1187922                    /usr/lib/x86_64-linux-gnu/libXcomposite.so.1.0.0
7fe79739a000-7fe79739b000 rw-p 00002000 08:02 1187922                    /usr/lib/x86_64-linux-gnu/libXcomposite.so.1.0.0
7fe7973a0000-7fe7973a9000 r-xp 00000000 08:02 1187948                    /usr/lib/x86_64-linux-gnu/libXrandr.so.2.2.0
7fe7973a9000-7fe7975a8000 ---p 00009000 08:02 1187948                    /usr/lib/x86_64-linux-gnu/libXrandr.so.2.2.0
7fe7975a8000-7fe7975a9000 r--p 00008000 08:02 1187948                    /usr/lib/x86_64-linux-gnu/libXrandr.so.2.2.0
7fe7975a9000-7fe7975aa000 rw-p 00009000 08:02 1187948                    /usr/lib/x86_64-linux-gnu/libXrandr.so.2.2.0
7fe7975b0000-7fe7975b2000 r-xp 00000000 08:02 1187940                    /usr/lib/x86_64-linux-gnu/libXinerama.so.1.0.0
7fe7975b2000-7fe7977b1000 ---p 00002000 08:02 1187940                    /usr/lib/x86_64-linux-gnu/libXinerama.so.1.0.0
7fe7977b1000-7fe7977b2000 r--p 00001000 08:02 1187940                    /usr/lib/x86_64-linux-gnu/libXinerama.so.1.0.0
7fe7977b2000-7fe7977b3000 rw-p 00002000 08:02 1187940                    /usr/lib/x86_64-linux-gnu/libXinerama.so.1.0.0
7fe7977b8000-7fe7977bd000 r-xp 00000000 08:02 1188994                    /usr/lib/x86_64-linux-gnu/libv4l1.so.0.0.0
7fe7977bd000-7fe7979bc000 ---p 00005000 08:02 1188994                    /usr/lib/x86_64-linux-gnu/libv4l1.so.0.0.0
7fe7979bc000-7fe7979bd000 r--p 00004000 08:02 1188994                    /usr/lib/x86_64-linux-gnu/libv4l1.so.0.0.0
7fe7979bd000-7fe7979be000 rw-p 00005000 08:02 1188994                    /usr/lib/x86_64-linux-gnu/libv4l1.so.0.0.0
7fe7979c0000-7fe7979c1000 r-xp 00000000 08:02 1181659                    /usr/lib/x86_64-linux-gnu/libgthread-2.0.so.0.4002.0
7fe7979c1000-7fe797bc0000 ---p 00001000 08:02 1181659                    /usr/lib/x86_64-linux-gnu/libgthread-2.0.so.0.4002.0
7fe797bc0000-7fe797bc1000 r--p 00000000 08:02 1181659                    /usr/lib/x86_64-linux-gnu/libgthread-2.0.so.0.4002.0
7fe797bc1000-7fe797bc2000 rw-p 00001000 08:02 1181659                    /usr/lib/x86_64-linux-gnu/libgthread-2.0.so.0.4002.0
7fe797bc8000-7fe797c12000 r-xp 00000000 08:02 1181864                    /usr/lib/x86_64-linux-gnu/libpango-1.0.so.0.3600.3
7fe797c12000-7fe797e12000 ---p 0004a000 08:02 1181864                    /usr/lib/x86_64-linux-gnu/libpango-1.0.so.0.3600.3
7fe797e12000-7fe797e14000 r--p 0004a000 08:02 1181864                    /usr/lib/x86_64-linux-gnu/libpango-1.0.so.0.3600.3
7fe797e14000-7fe797e15000 rw-p 0004c000 08:02 1181864                    /usr/lib/x86_64-linux-gnu/libpango-1.0.so.0.3600.3
7fe797e18000-7fe797e2c000 r-xp 00000000 08:02 1181866                    /usr/lib/x86_64-linux-gnu/libpangoft2-1.0.so.0.3600.3
7fe797e2c000-7fe79802b000 ---p 00014000 08:02 1181866                    /usr/lib/x86_64-linux-gnu/libpangoft2-1.0.so.0.3600.3
7fe79802b000-7fe79802c000 r--p 00013000 08:02 1181866                    /usr/lib/x86_64-linux-gnu/libpangoft2-1.0.so.0.3600.3
7fe79802c000-7fe79802d000 rw-p 00014000 08:02 1181866                    /usr/lib/x86_64-linux-gnu/libpangoft2-1.0.so.0.3600.3
7fe798030000-7fe79804f000 r-xp 00000000 08:02 1188324                    /usr/lib/x86_64-linux-gnu/libgdk_pixbuf-2.0.so.0.3000.7
7fe79804f000-7fe79824f000 ---p 0001f000 08:02 1188324                    /usr/lib/x86_64-linux-gnu/libgdk_pixbuf-2.0.so.0.3000.7
7fe79824f000-7fe798250000 r--p 0001f000 08:02 1188324                    /usr/lib/x86_64-linux-gnu/libgdk_pixbuf-2.0.so.0.3000.7
7fe798250000-7fe798251000 rw-p 00020000 08:02 1188324                    /usr/lib/x86_64-linux-gnu/libgdk_pixbuf-2.0.so.0.3000.7
7fe798258000-7fe79835e000 r-xp 00000000 08:02 1184068                    /usr/lib/x86_64-linux-gnu/libcairo.so.2.11301.0
7fe79835e000-7fe79855d000 ---p 00106000 08:02 1184068                    /usr/lib/x86_64-linux-gnu/libcairo.so.2.11301.0
7fe79855d000-7fe798560000 r--p 00105000 08:02 1184068                    /usr/lib/x86_64-linux-gnu/libcairo.so.2.11301.0
7fe798560000-7fe798561000 rw-p 00108000 08:02 1184068                    /usr/lib/x86_64-linux-gnu/libcairo.so.2.11301.0
7fe798561000-7fe798563000 rw-p 00000000 00:00 0 
7fe798568000-7fe798587000 r-xp 00000000 08:02 1188009                    /usr/lib/x86_64-linux-gnu/libatk-1.0.so.0.21009.1
7fe798587000-7fe798787000 ---p 0001f000 08:02 1188009                    /usr/lib/x86_64-linux-gnu/libatk-1.0.so.0.21009.1
7fe798787000-7fe798789000 r--p 0001f000 08:02 1188009                    /usr/lib/x86_64-linux-gnu/libatk-1.0.so.0.21009.1
7fe798789000-7fe79878a000 rw-p 00021000 08:02 1188009                    /usr/lib/x86_64-linux-gnu/libatk-1.0.so.0.21009.1
7fe798790000-7fe79879b000 r-xp 00000000 08:02 1181862                    /usr/lib/x86_64-linux-gnu/libpangocairo-1.0.so.0.3600.3
7fe79879b000-7fe79899b000 ---p 0000b000 08:02 1181862                    /usr/lib/x86_64-linux-gnu/libpangocairo-1.0.so.0.3600.3
7fe79899b000-7fe79899c000 r--p 0000b000 08:02 1181862                    /usr/lib/x86_64-linux-gnu/libpangocairo-1.0.so.0.3600.3
7fe79899c000-7fe79899d000 rw-p 0000c000 08:02 1181862                    /usr/lib/x86_64-linux-gnu/libpangocairo-1.0.so.0.3600.3
7fe7989a0000-7fe798a4d000 r-xp 00000000 08:02 1185800                    /usr/lib/x86_64-linux-gnu/libgdk-x11-2.0.so.0.2400.23
7fe798a4d000-7fe798c4c000 ---p 000ad000 08:02 1185800                    /usr/lib/x86_64-linux-gnu/libgdk-x11-2.0.so.0.2400.23
7fe798c4c000-7fe798c50000 r--p 000ac000 08:02 1185800                    /usr/lib/x86_64-linux-gnu/libgdk-x11-2.0.so.0.2400.23
7fe798c50000-7fe798c52000 rw-p 000b0000 08:02 1185800                    /usr/lib/x86_64-linux-gnu/libgdk-x11-2.0.so.0.2400.23
7fe798c58000-7fe799087000 r-xp 00000000 08:02 1190134                    /usr/lib/x86_64-linux-gnu/libgtk-x11-2.0.so.0.2400.23
7fe799087000-7fe799286000 ---p 0042f000 08:02 1190134                    /usr/lib/x86_64-linux-gnu/libgtk-x11-2.0.so.0.2400.23
7fe799286000-7fe79928d000 r--p 0042e000 08:02 1190134                    /usr/lib/x86_64-linux-gnu/libgtk-x11-2.0.so.0.2400.23
7fe79928d000-7fe799291000 rw-p 00435000 08:02 1190134                    /usr/lib/x86_64-linux-gnu/libgtk-x11-2.0.so.0.2400.23
7fe799291000-7fe799294000 rw-p 00000000 00:00 0 
7fe799298000-7fe7994df000 r-xp 00000000 08:02 271431                     /tmp/javacpp18926858803758/libopencv_highgui.so.2.4
7fe7994df000-7fe7996df000 ---p 00247000 08:02 271431                     /tmp/javacpp18926858803758/libopencv_highgui.so.2.4
7fe7996df000-7fe7996e7000 r--p 00247000 08:02 271431                     /tmp/javacpp18926858803758/libopencv_highgui.so.2.4
7fe7996e7000-7fe7996f0000 rw-p 0024f000 08:02 271431                     /tmp/javacpp18926858803758/libopencv_highgui.so.2.4
7fe7996f0000-7fe7996f8000 rw-p 00000000 00:00 0 
7fe7996f8000-7fe799953000 r-xp 00000000 08:02 271430                     /tmp/javacpp18926858803758/libopencv_imgproc.so.2.4
7fe799953000-7fe799b53000 ---p 0025b000 08:02 271430                     /tmp/javacpp18926858803758/libopencv_imgproc.so.2.4
7fe799b53000-7fe799b5a000 r--p 0025b000 08:02 271430                     /tmp/javacpp18926858803758/libopencv_imgproc.so.2.4
7fe799b5a000-7fe799b5c000 rw-p 00262000 08:02 271430                     /tmp/javacpp18926858803758/libopencv_imgproc.so.2.4
7fe799b5c000-7fe799bf1000 rw-p 00000000 00:00 0 
7fe799bf8000-7fe799ea1000 r-xp 00000000 08:02 271429                     /tmp/javacpp18926858803758/libopencv_core.so.2.4
7fe799ea1000-7fe79a0a0000 ---p 002a9000 08:02 271429                     /tmp/javacpp18926858803758/libopencv_core.so.2.4
7fe79a0a0000-7fe79a0a4000 r--p 002a8000 08:02 271429                     /tmp/javacpp18926858803758/libopencv_core.so.2.4
7fe79a0a4000-7fe79a0ad000 rw-p 002ac000 08:02 271429                     /tmp/javacpp18926858803758/libopencv_core.so.2.4
7fe79a0ad000-7fe79a0b0000 rw-p 00000000 00:00 0 
7fe79a0b0000-7fe79a0d9000 r-xp 00000000 08:02 271428                     /tmp/javacpp18926858803758/libtbb.so
7fe79a0d9000-7fe79a2d8000 ---p 00029000 08:02 271428                     /tmp/javacpp18926858803758/libtbb.so
7fe79a2d8000-7fe79a2da000 r--p 00028000 08:02 271428                     /tmp/javacpp18926858803758/libtbb.so
7fe79a2da000-7fe79a2db000 rw-p 0002a000 08:02 271428                     /tmp/javacpp18926858803758/libtbb.so
7fe79a2e0000-7fe79a306000 r-xp 00000000 08:02 271427                     /tmp/javacpp18926858803758/libjnifreenect.so
7fe79a306000-7fe79a505000 ---p 00026000 08:02 271427                     /tmp/javacpp18926858803758/libjnifreenect.so
7fe79a505000-7fe79a506000 r--p 00025000 08:02 271427                     /tmp/javacpp18926858803758/libjnifreenect.so
7fe79a506000-7fe79a507000 rw-p 00026000 08:02 271427                     /tmp/javacpp18926858803758/libjnifreenect.so
7fe79a508000-7fe79a50b000 r-xp 00000000 08:02 271426                     /tmp/javacpp18926858803758/libfreenect_sync.so
7fe79a50b000-7fe79a70a000 ---p 00003000 08:02 271426                     /tmp/javacpp18926858803758/libfreenect_sync.so
7fe79a70a000-7fe79a70b000 r--p 00002000 08:02 271426                     /tmp/javacpp18926858803758/libfreenect_sync.so
7fe79a70b000-7fe79a70c000 rw-p 00003000 08:02 271426                     /tmp/javacpp18926858803758/libfreenect_sync.so
7fe79a710000-7fe79a71e000 r-xp 00000000 08:02 271425                     /tmp/javacpp18926858803758/libfreenect.so
7fe79a71e000-7fe79a91d000 ---p 0000e000 08:02 271425                     /tmp/javacpp18926858803758/libfreenect.so
7fe79a91d000-7fe79a91e000 r--p 0000d000 08:02 271425                     /tmp/javacpp18926858803758/libfreenect.so
7fe79a91e000-7fe79a91f000 rw-p 0000e000 08:02 271425                     /tmp/javacpp18926858803758/libfreenect.so
7fe79a91f000-7fe79a920000 ---p 00000000 00:00 0 
7fe79a920000-7fe79b120000 rw-p 00000000 00:00 0 
7fe79b120000-7fe79b172000 r-xp 00000000 08:02 271424                     /tmp/javacpp18926858803758/libjnidc1394.so
7fe79b172000-7fe79b371000 ---p 00052000 08:02 271424                     /tmp/javacpp18926858803758/libjnidc1394.so
7fe79b371000-7fe79b372000 r--p 00051000 08:02 271424                     /tmp/javacpp18926858803758/libjnidc1394.so
7fe79b372000-7fe79b373000 rw-p 00052000 08:02 271424                     /tmp/javacpp18926858803758/libjnidc1394.so
7fe79b378000-7fe79b380000 r-xp 00000000 08:02 1445949                    /lib/x86_64-linux-gnu/libnih-dbus.so.1.0.0
7fe79b380000-7fe79b580000 ---p 00008000 08:02 1445949                    /lib/x86_64-linux-gnu/libnih-dbus.so.1.0.0
7fe79b580000-7fe79b581000 r--p 00008000 08:02 1445949                    /lib/x86_64-linux-gnu/libnih-dbus.so.1.0.0
7fe79b581000-7fe79b582000 rw-p 00009000 08:02 1445949                    /lib/x86_64-linux-gnu/libnih-dbus.so.1.0.0
7fe79b588000-7fe79b59f000 r-xp 00000000 08:02 1445951                    /lib/x86_64-linux-gnu/libnih.so.1.0.0
7fe79b59f000-7fe79b79e000 ---p 00017000 08:02 1445951                    /lib/x86_64-linux-gnu/libnih.so.1.0.0
7fe79b79e000-7fe79b79f000 r--p 00016000 08:02 1445951                    /lib/x86_64-linux-gnu/libnih.so.1.0.0
7fe79b79f000-7fe79b7a0000 rw-p 00017000 08:02 1445951                    /lib/x86_64-linux-gnu/libnih.so.1.0.0
7fe79b7a0000-7fe79b7b9000 r-xp 00000000 08:02 1444015                    /lib/x86_64-linux-gnu/libcgmanager.so.0.0.0
7fe79b7b9000-7fe79b9b8000 ---p 00019000 08:02 1444015                    /lib/x86_64-linux-gnu/libcgmanager.so.0.0.0
7fe79b9b8000-7fe79b9ba000 r--p 00018000 08:02 1444015                    /lib/x86_64-linux-gnu/libcgmanager.so.0.0.0
7fe79b9ba000-7fe79b9bb000 rw-p 0001a000 08:02 1444015                    /lib/x86_64-linux-gnu/libcgmanager.so.0.0.0
7fe79b9c0000-7fe79b9d0000 r-xp 00000000 08:02 1442754                    /lib/x86_64-linux-gnu/libudev.so.1.3.5
7fe79b9d0000-7fe79bbcf000 ---p 00010000 08:02 1442754                    /lib/x86_64-linux-gnu/libudev.so.1.3.5
7fe79bbcf000-7fe79bbd0000 r--p 0000f000 08:02 1442754                    /lib/x86_64-linux-gnu/libudev.so.1.3.5
7fe79bbd0000-7fe79bbd1000 rw-p 00010000 08:02 1442754                    /lib/x86_64-linux-gnu/libudev.so.1.3.5
7fe79bbd8000-7fe79bbed000 r-xp 00000000 08:02 1446041                    /lib/x86_64-linux-gnu/libusb-1.0.so.0.1.0
7fe79bbed000-7fe79bded000 ---p 00015000 08:02 1446041                    /lib/x86_64-linux-gnu/libusb-1.0.so.0.1.0
7fe79bded000-7fe79bdee000 r--p 00015000 08:02 1446041                    /lib/x86_64-linux-gnu/libusb-1.0.so.0.1.0
7fe79bdee000-7fe79bdef000 rw-p 00016000 08:02 1446041                    /lib/x86_64-linux-gnu/libusb-1.0.so.0.1.0
7fe79bdf0000-7fe79bdfd000 r-xp 00000000 08:02 1188844                    /usr/lib/x86_64-linux-gnu/libraw1394.so.11.1.0
7fe79bdfd000-7fe79bffc000 ---p 0000d000 08:02 1188844                    /usr/lib/x86_64-linux-gnu/libraw1394.so.11.1.0
7fe79bffc000-7fe79bffd000 r--p 0000c000 08:02 1188844                    /usr/lib/x86_64-linux-gnu/libraw1394.so.11.1.0
7fe79bffd000-7fe79bffe000 rw-p 0000d000 08:02 1188844                    /usr/lib/x86_64-linux-gnu/libraw1394.so.11.1.0
7fe79c000000-7fe79c021000 rw-p 00000000 00:00 0 
7fe79c021000-7fe7a0000000 ---p 00000000 00:00 0 
7fe7a0000000-7fe7a00c0000 rw-p 00000000 00:00 0 
7fe7a00c0000-7fe7a4000000 ---p 00000000 00:00 0 
7fe7a4000000-7fe7a4021000 rw-p 00000000 00:00 0 
7fe7a4021000-7fe7a8000000 ---p 00000000 00:00 0 
7fe7a8000000-7fe7a8001000 r--s 00000000 08:02 2756958                    /var/cache/fontconfig/b9d506c9ac06c20b433354fa67a72993-le64.cache-4
7fe7a8008000-7fe7a800b000 r--s 00000000 08:02 2756942                    /var/cache/fontconfig/e13b20fdb08344e0e664864cc2ede53d-le64.cache-4
7fe7a804f000-7fe7a8128000 rw-p 00000000 00:00 0 
7fe7a8128000-7fe7a815b000 r-xp 00000000 08:02 271423                     /tmp/javacpp18926858803758/libdc1394.so.22
7fe7a815b000-7fe7a835b000 ---p 00033000 08:02 271423                     /tmp/javacpp18926858803758/libdc1394.so.22
7fe7a835b000-7fe7a835c000 r--p 00033000 08:02 271423                     /tmp/javacpp18926858803758/libdc1394.so.22
7fe7a835c000-7fe7a835d000 rw-p 00034000 08:02 271423                     /tmp/javacpp18926858803758/libdc1394.so.22
7fe7a835d000-7fe7a839d000 rw-p 00000000 00:00 0 
7fe7a83a0000-7fe7a83b7000 r-xp 00000000 08:02 1317766                    /usr/lib/jvm/java-7-openjdk-amd64/jre/lib/amd64/libnet.so
7fe7a83b7000-7fe7a85b6000 ---p 00017000 08:02 1317766                    /usr/lib/jvm/java-7-openjdk-amd64/jre/lib/amd64/libnet.so
7fe7a85b6000-7fe7a85b7000 r--p 00016000 08:02 1317766                    /usr/lib/jvm/java-7-openjdk-amd64/jre/lib/amd64/libnet.so
7fe7a85b7000-7fe7a85b8000 rw-p 00017000 08:02 1317766                    /usr/lib/jvm/java-7-openjdk-amd64/jre/lib/amd64/libnet.so
7fe7a85b8000-7fe7a85c8000 r-xp 00000000 08:02 1317771                    /usr/lib/jvm/java-7-openjdk-amd64/jre/lib/amd64/libnio.so
7fe7a85c8000-7fe7a87c8000 ---p 00010000 08:02 1317771                    /usr/lib/jvm/java-7-openjdk-amd64/jre/lib/amd64/libnio.so
7fe7a87c8000-7fe7a87c9000 r--p 00010000 08:02 1317771                    /usr/lib/jvm/java-7-openjdk-amd64/jre/lib/amd64/libnio.so
7fe7a87c9000-7fe7a87ca000 rw-p 00011000 08:02 1317771                    /usr/lib/jvm/java-7-openjdk-amd64/jre/lib/amd64/libnio.so
7fe7a87ce000-7fe7a87d1000 ---p 00000000 00:00 0 
7fe7a87d1000-7fe7a88cf000 rw-p 00000000 00:00 0                          [stack:14385]
7fe7a88cf000-7fe7a88d2000 ---p 00000000 00:00 0 
7fe7a88d2000-7fe7a89d0000 rw-p 00000000 00:00 0                          [stack:14361]
7fe7a89d0000-7fe7a89d5000 r-xp 00000000 08:02 1185797                    /usr/lib/x86_64-linux-gnu/libXfixes.so.3.1.0
7fe7a89d5000-7fe7a8bd4000 ---p 00005000 08:02 1185797                    /usr/lib/x86_64-linux-gnu/libXfixes.so.3.1.0
7fe7a8bd4000-7fe7a8bd5000 r--p 00004000 08:02 1185797                    /usr/lib/x86_64-linux-gnu/libXfixes.so.3.1.0
7fe7a8bd5000-7fe7a8bd6000 rw-p 00005000 08:02 1185797                    /usr/lib/x86_64-linux-gnu/libXfixes.so.3.1.0
7fe7a8bd8000-7fe7a8be1000 r-xp 00000000 08:02 1187924                    /usr/lib/x86_64-linux-gnu/libXcursor.so.1.0.2
7fe7a8be1000-7fe7a8de0000 ---p 00009000 08:02 1187924                    /usr/lib/x86_64-linux-gnu/libXcursor.so.1.0.2
7fe7a8de0000-7fe7a8de1000 r--p 00008000 08:02 1187924                    /usr/lib/x86_64-linux-gnu/libXcursor.so.1.0.2
7fe7a8de1000-7fe7a8de2000 rw-p 00009000 08:02 1187924                    /usr/lib/x86_64-linux-gnu/libXcursor.so.1.0.2
7fe7a8de7000-7fe7a8dea000 ---p 00000000 00:00 0 
7fe7a8dea000-7fe7a8ee8000 rw-p 00000000 00:00 0                          [stack:14360]
7fe7a8ee8000-7fe7a8eec000 r-xp 00000000 08:02 1445919                    /lib/x86_64-linux-gnu/libgpg-error.so.0.10.0
7fe7a8eec000-7fe7a90eb000 ---p 00004000 08:02 1445919                    /lib/x86_64-linux-gnu/libgpg-error.so.0.10.0
7fe7a90eb000-7fe7a90ec000 r--p 00003000 08:02 1445919                    /lib/x86_64-linux-gnu/libgpg-error.so.0.10.0
7fe7a90ec000-7fe7a90ed000 rw-p 00004000 08:02 1445919                    /lib/x86_64-linux-gnu/libgpg-error.so.0.10.0
7fe7a90f0000-7fe7a90f2000 r-xp 00000000 08:02 1445929                    /lib/x86_64-linux-gnu/libkeyutils.so.1.4
7fe7a90f2000-7fe7a92f2000 ---p 00002000 08:02 1445929                    /lib/x86_64-linux-gnu/libkeyutils.so.1.4
7fe7a92f2000-7fe7a92f3000 r--p 00002000 08:02 1445929                    /lib/x86_64-linux-gnu/libkeyutils.so.1.4
7fe7a92f3000-7fe7a92f4000 rw-p 00003000 08:02 1445929                    /lib/x86_64-linux-gnu/libkeyutils.so.1.4
7fe7a92f8000-7fe7a9335000 r-xp 00000000 08:02 1445990                    /lib/x86_64-linux-gnu/libpcre.so.3.13.1
7fe7a9335000-7fe7a9534000 ---p 0003d000 08:02 1445990                    /lib/x86_64-linux-gnu/libpcre.so.3.13.1
7fe7a9534000-7fe7a9535000 r--p 0003c000 08:02 1445990                    /lib/x86_64-linux-gnu/libpcre.so.3.13.1
7fe7a9535000-7fe7a9536000 rw-p 0003d000 08:02 1445990                    /lib/x86_64-linux-gnu/libpcre.so.3.13.1
7fe7a9538000-7fe7a955d000 r-xp 00000000 08:02 1446002                    /lib/x86_64-linux-gnu/libpng12.so.0.50.0
7fe7a955d000-7fe7a975c000 ---p 00025000 08:02 1446002                    /lib/x86_64-linux-gnu/libpng12.so.0.50.0
7fe7a975c000-7fe7a975d000 r--p 00024000 08:02 1446002                    /lib/x86_64-linux-gnu/libpng12.so.0.50.0
7fe7a975d000-7fe7a975e000 rw-p 00025000 08:02 1446002                    /lib/x86_64-linux-gnu/libpng12.so.0.50.0
7fe7a9760000-7fe7a97a4000 r-xp 00000000 08:02 1444769                    /lib/x86_64-linux-gnu/libdbus-1.so.3.7.6
7fe7a97a4000-7fe7a99a3000 ---p 00044000 08:02 1444769                    /lib/x86_64-linux-gnu/libdbus-1.so.3.7.6
7fe7a99a3000-7fe7a99a4000 r--p 00043000 08:02 1444769                    /lib/x86_64-linux-gnu/libdbus-1.so.3.7.6
7fe7a99a4000-7fe7a99a5000 rw-p 00044000 08:02 1444769                    /lib/x86_64-linux-gnu/libdbus-1.so.3.7.6
7fe7a99a8000-7fe7a99e3000 r-xp 00000000 08:02 1188762                    /usr/lib/x86_64-linux-gnu/libp11-kit.so.0.0.0
7fe7a99e3000-7fe7a9be2000 ---p 0003b000 08:02 1188762                    /usr/lib/x86_64-linux-gnu/libp11-kit.so.0.0.0
7fe7a9be2000-7fe7a9be8000 r--p 0003a000 08:02 1188762                    /usr/lib/x86_64-linux-gnu/libp11-kit.so.0.0.0
7fe7a9be8000-7fe7a9bea000 rw-p 00040000 08:02 1188762                    /usr/lib/x86_64-linux-gnu/libp11-kit.so.0.0.0
7fe7a9bf0000-7fe7a9c02000 r-xp 00000000 08:02 1190002                    /usr/lib/x86_64-linux-gnu/libtasn1.so.6.2.0
7fe7a9c02000-7fe7a9e02000 ---p 00012000 08:02 1190002                    /usr/lib/x86_64-linux-gnu/libtasn1.so.6.2.0
7fe7a9e02000-7fe7a9e03000 r--p 00012000 08:02 1190002                    /usr/lib/x86_64-linux-gnu/libtasn1.so.6.2.0
7fe7a9e03000-7fe7a9e04000 rw-p 00013000 08:02 1190002                    /usr/lib/x86_64-linux-gnu/libtasn1.so.6.2.0
7fe7a9e08000-7fe7a9e84000 r-xp 00000000 08:02 1443002                    /lib/x86_64-linux-gnu/libgcrypt.so.11.8.2
7fe7a9e84000-7fe7aa084000 ---p 0007c000 08:02 1443002                    /lib/x86_64-linux-gnu/libgcrypt.so.11.8.2
7fe7aa084000-7fe7aa085000 r--p 0007c000 08:02 1443002                    /lib/x86_64-linux-gnu/libgcrypt.so.11.8.2
7fe7aa085000-7fe7aa088000 rw-p 0007d000 08:02 1443002                    /lib/x86_64-linux-gnu/libgcrypt.so.11.8.2
7fe7aa088000-7fe7aa092000 r-xp 00000000 08:02 1185597                    /usr/lib/x86_64-linux-gnu/libkrb5support.so.0.1
7fe7aa092000-7fe7aa291000 ---p 0000a000 08:02 1185597                    /usr/lib/x86_64-linux-gnu/libkrb5support.so.0.1
7fe7aa291000-7fe7aa292000 r--p 00009000 08:02 1185597                    /usr/lib/x86_64-linux-gnu/libkrb5support.so.0.1
7fe7aa292000-7fe7aa293000 rw-p 0000a000 08:02 1185597                    /usr/lib/x86_64-linux-gnu/libkrb5support.so.0.1
7fe7aa298000-7fe7aa29b000 r-xp 00000000 08:02 1444828                    /lib/x86_64-linux-gnu/libcom_err.so.2.1
7fe7aa29b000-7fe7aa49a000 ---p 00003000 08:02 1444828                    /lib/x86_64-linux-gnu/libcom_err.so.2.1
7fe7aa49a000-7fe7aa49b000 r--p 00002000 08:02 1444828                    /lib/x86_64-linux-gnu/libcom_err.so.2.1
7fe7aa49b000-7fe7aa49c000 rw-p 00003000 08:02 1444828                    /lib/x86_64-linux-gnu/libcom_err.so.2.1
7fe7aa4a0000-7fe7aa4cc000 r-xp 00000000 08:02 1180183                    /usr/lib/x86_64-linux-gnu/libk5crypto.so.3.1
7fe7aa4cc000-7fe7aa6cb000 ---p 0002c000 08:02 1180183                    /usr/lib/x86_64-linux-gnu/libk5crypto.so.3.1
7fe7aa6cb000-7fe7aa6cd000 r--p 0002b000 08:02 1180183                    /usr/lib/x86_64-linux-gnu/libk5crypto.so.3.1
7fe7aa6cd000-7fe7aa6ce000 rw-p 0002d000 08:02 1180183                    /usr/lib/x86_64-linux-gnu/libk5crypto.so.3.1
7fe7aa6ce000-7fe7aa6cf000 rw-p 00000000 00:00 0 
7fe7aa6d0000-7fe7aa78c000 r-xp 00000000 08:02 1185595                    /usr/lib/x86_64-linux-gnu/libkrb5.so.3.3
7fe7aa78c000-7fe7aa98c000 ---p 000bc000 08:02 1185595                    /usr/lib/x86_64-linux-gnu/libkrb5.so.3.3
7fe7aa98c000-7fe7aa999000 r--p 000bc000 08:02 1185595                    /usr/lib/x86_64-linux-gnu/libkrb5.so.3.3
7fe7aa999000-7fe7aa99b000 rw-p 000c9000 08:02 1185595                    /usr/lib/x86_64-linux-gnu/libkrb5.so.3.3
7fe7aa9a0000-7fe7aa9a5000 r-xp 00000000 08:02 1187928                    /usr/lib/x86_64-linux-gnu/libXdmcp.so.6.0.0
7fe7aa9a5000-7fe7aaba4000 ---p 00005000 08:02 1187928                    /usr/lib/x86_64-linux-gnu/libXdmcp.so.6.0.0
7fe7aaba4000-7fe7aaba5000 r--p 00004000 08:02 1187928                    /usr/lib/x86_64-linux-gnu/libXdmcp.so.6.0.0
7fe7aaba5000-7fe7aaba6000 rw-p 00005000 08:02 1187928                    /usr/lib/x86_64-linux-gnu/libXdmcp.so.6.0.0
7fe7aaba8000-7fe7aabaa000 r-xp 00000000 08:02 1187917                    /usr/lib/x86_64-linux-gnu/libXau.so.6.0.0
7fe7aabaa000-7fe7aadaa000 ---p 00002000 08:02 1187917                    /usr/lib/x86_64-linux-gnu/libXau.so.6.0.0
7fe7aadaa000-7fe7aadab000 r--p 00002000 08:02 1187917                    /usr/lib/x86_64-linux-gnu/libXau.so.6.0.0
7fe7aadab000-7fe7aadac000 rw-p 00003000 08:02 1187917                    /usr/lib/x86_64-linux-gnu/libXau.so.6.0.0
7fe7aadb0000-7fe7aadb7000 r-xp 00000000 08:02 1188226                    /usr/lib/x86_64-linux-gnu/libffi.so.6.0.1
7fe7aadb7000-7fe7aafb6000 ---p 00007000 08:02 1188226                    /usr/lib/x86_64-linux-gnu/libffi.so.6.0.1
7fe7aafb6000-7fe7aafb7000 r--p 00006000 08:02 1188226                    /usr/lib/x86_64-linux-gnu/libffi.so.6.0.1
7fe7aafb7000-7fe7aafb8000 rw-p 00007000 08:02 1188226                    /usr/lib/x86_64-linux-gnu/libffi.so.6.0.1
7fe7aafb8000-7fe7aafcf000 r-xp 00000000 08:02 1441817                    /lib/x86_64-linux-gnu/libresolv-2.19.so
7fe7aafcf000-7fe7ab1cf000 ---p 00017000 08:02 1441817                    /lib/x86_64-linux-gnu/libresolv-2.19.so
7fe7ab1cf000-7fe7ab1d0000 r--p 00017000 08:02 1441817                    /lib/x86_64-linux-gnu/libresolv-2.19.so
7fe7ab1d0000-7fe7ab1d1000 rw-p 00018000 08:02 1441817                    /lib/x86_64-linux-gnu/libresolv-2.19.so
7fe7ab1d1000-7fe7ab1d3000 rw-p 00000000 00:00 0 
7fe7ab1d8000-7fe7ab1f8000 r-xp 00000000 08:02 1441806                    /lib/x86_64-linux-gnu/libselinux.so.1
7fe7ab1f8000-7fe7ab3f7000 ---p 00020000 08:02 1441806                    /lib/x86_64-linux-gnu/libselinux.so.1
7fe7ab3f7000-7fe7ab3f8000 r--p 0001f000 08:02 1441806                    /lib/x86_64-linux-gnu/libselinux.so.1
7fe7ab3f8000-7fe7ab3f9000 rw-p 00020000 08:02 1441806                    /lib/x86_64-linux-gnu/libselinux.so.1
7fe7ab3f9000-7fe7ab3fb000 rw-p 00000000 00:00 0 
7fe7ab400000-7fe7ab506000 r-xp 00000000 08:02 1443043                    /lib/x86_64-linux-gnu/libglib-2.0.so.0.4002.0
7fe7ab506000-7fe7ab705000 ---p 00106000 08:02 1443043                    /lib/x86_64-linux-gnu/libglib-2.0.so.0.4002.0
7fe7ab705000-7fe7ab706000 r--p 00105000 08:02 1443043                    /lib/x86_64-linux-gnu/libglib-2.0.so.0.4002.0
7fe7ab706000-7fe7ab707000 rw-p 00106000 08:02 1443043                    /lib/x86_64-linux-gnu/libglib-2.0.so.0.4002.0
7fe7ab707000-7fe7ab708000 rw-p 00000000 00:00 0 
7fe7ab708000-7fe7ab70b000 r-xp 00000000 08:02 1181655                    /usr/lib/x86_64-linux-gnu/libgmodule-2.0.so.0.4002.0
7fe7ab70b000-7fe7ab90a000 ---p 00003000 08:02 1181655                    /usr/lib/x86_64-linux-gnu/libgmodule-2.0.so.0.4002.0
7fe7ab90a000-7fe7ab90b000 r--p 00002000 08:02 1181655                    /usr/lib/x86_64-linux-gnu/libgmodule-2.0.so.0.4002.0
7fe7ab90b000-7fe7ab90c000 rw-p 00003000 08:02 1181655                    /usr/lib/x86_64-linux-gnu/libgmodule-2.0.so.0.4002.0
7fe7ab910000-7fe7ab937000 r-xp 00000000 08:02 1445908                    /lib/x86_64-linux-gnu/libexpat.so.1.6.0
7fe7ab937000-7fe7abb37000 ---p 00027000 08:02 1445908                    /lib/x86_64-linux-gnu/libexpat.so.1.6.0
7fe7abb37000-7fe7abb39000 r--p 00027000 08:02 1445908                    /lib/x86_64-linux-gnu/libexpat.so.1.6.0
7fe7abb39000-7fe7abb3a000 rw-p 00029000 08:02 1445908                    /lib/x86_64-linux-gnu/libexpat.so.1.6.0
7fe7abb40000-7fe7abbdd000 r-xp 00000000 08:02 1180395                    /usr/lib/x86_64-linux-gnu/libfreetype.so.6.11.1
7fe7abbdd000-7fe7abddc000 ---p 0009d000 08:02 1180395                    /usr/lib/x86_64-linux-gnu/libfreetype.so.6.11.1
7fe7abddc000-7fe7abde2000 r--p 0009c000 08:02 1180395                    /usr/lib/x86_64-linux-gnu/libfreetype.so.6.11.1
7fe7abde2000-7fe7abde3000 rw-p 000a2000 08:02 1180395                    /usr/lib/x86_64-linux-gnu/libfreetype.so.6.11.1
7fe7abde8000-7fe7abdf7000 r-xp 00000000 08:02 1188021                    /usr/lib/x86_64-linux-gnu/libavahi-client.so.3.2.9
7fe7abdf7000-7fe7abff7000 ---p 0000f000 08:02 1188021                    /usr/lib/x86_64-linux-gnu/libavahi-client.so.3.2.9
7fe7abff7000-7fe7abff8000 r--p 0000f000 08:02 1188021                    /usr/lib/x86_64-linux-gnu/libavahi-client.so.3.2.9
7fe7abff8000-7fe7abff9000 rw-p 00010000 08:02 1188021                    /usr/lib/x86_64-linux-gnu/libavahi-client.so.3.2.9
7fe7ac000000-7fe7ac021000 rw-p 00000000 00:00 0 
7fe7ac021000-7fe7b0000000 ---p 00000000 00:00 0 
7fe7b0000000-7fe7b083a000 rw-p 00000000 00:00 0 
7fe7b083a000-7fe7b4000000 ---p 00000000 00:00 0 
7fe7b4000000-7fe7b4021000 rw-p 00000000 00:00 0 
7fe7b4021000-7fe7b8000000 ---p 00000000 00:00 0 
7fe7b8000000-7fe7b8021000 rw-p 00000000 00:00 0 
7fe7b8021000-7fe7bc000000 ---p 00000000 00:00 0 
7fe7bc000000-7fe7bc8f6000 rw-p 00000000 00:00 0 
7fe7bc8f6000-7fe7c0000000 ---p 00000000 00:00 0 
7fe7c0000000-7fe7c0021000 rw-p 00000000 00:00 0 
7fe7c0021000-7fe7c4000000 ---p 00000000 00:00 0 
7fe7c4000000-7fe7c4021000 rw-p 00000000 00:00 0 
7fe7c4021000-7fe7c8000000 ---p 00000000 00:00 0 
7fe7c8000000-7fe7c8089000 rw-p 00000000 00:00 0 
7fe7c8089000-7fe7cc000000 ---p 00000000 00:00 0 
7fe7cc000000-7fe7cc021000 rw-p 00000000 00:00 0 
7fe7cc021000-7fe7d0000000 ---p 00000000 00:00 0 
7fe7d0000000-7fe7d0001000 r--s 00000000 08:02 2756953                    /var/cache/fontconfig/0c9eb80ebd1c36541ebe2852d3bb0c49-le64.cache-4
7fe7d0008000-7fe7d000c000 r--s 00000000 08:02 2756952                    /var/cache/fontconfig/7ef2298fde41cc6eeb7af42e48b7d293-le64.cache-4
7fe7d0027000-7fe7d0058000 rw-p 00000000 00:00 0 
7fe7d0058000-7fe7d0063000 r-xp 00000000 08:02 1188023                    /usr/lib/x86_64-linux-gnu/libavahi-common.so.3.5.3
7fe7d0063000-7fe7d0262000 ---p 0000b000 08:02 1188023                    /usr/lib/x86_64-linux-gnu/libavahi-common.so.3.5.3
7fe7d0262000-7fe7d0263000 r--p 0000a000 08:02 1188023                    /usr/lib/x86_64-linux-gnu/libavahi-common.so.3.5.3
7fe7d0263000-7fe7d0264000 rw-p 0000b000 08:02 1188023                    /usr/lib/x86_64-linux-gnu/libavahi-common.so.3.5.3
7fe7d0268000-7fe7d031e000 r-xp 00000000 08:02 1183583                    /usr/lib/x86_64-linux-gnu/libgnutls.so.26.22.6
7fe7d031e000-7fe7d051e000 ---p 000b6000 08:02 1183583                    /usr/lib/x86_64-linux-gnu/libgnutls.so.26.22.6
7fe7d051e000-7fe7d0524000 r--p 000b6000 08:02 1183583                    /usr/lib/x86_64-linux-gnu/libgnutls.so.26.22.6
7fe7d0524000-7fe7d0525000 rw-p 000bc000 08:02 1183583                    /usr/lib/x86_64-linux-gnu/libgnutls.so.26.22.6
7fe7d0525000-7fe7d0526000 rw-p 00000000 00:00 0 
7fe7d0528000-7fe7d056b000 r-xp 00000000 08:02 1182323                    /usr/lib/x86_64-linux-gnu/libgssapi_krb5.so.2.2
7fe7d056b000-7fe7d076b000 ---p 00043000 08:02 1182323                    /usr/lib/x86_64-linux-gnu/libgssapi_krb5.so.2.2
7fe7d076b000-7fe7d076c000 r--p 00043000 08:02 1182323                    /usr/lib/x86_64-linux-gnu/libgssapi_krb5.so.2.2
7fe7d076c000-7fe7d076e000 rw-p 00044000 08:02 1182323                    /usr/lib/x86_64-linux-gnu/libgssapi_krb5.so.2.2
7fe7d0770000-7fe7d078d000 r-xp 00000000 08:02 1189092                    /usr/lib/x86_64-linux-gnu/libxcb.so.1.1.0
7fe7d078d000-7fe7d098d000 ---p 0001d000 08:02 1189092                    /usr/lib/x86_64-linux-gnu/libxcb.so.1.1.0
7fe7d098d000-7fe7d098e000 r--p 0001d000 08:02 1189092                    /usr/lib/x86_64-linux-gnu/libxcb.so.1.1.0
7fe7d098e000-7fe7d098f000 rw-p 0001e000 08:02 1189092                    /usr/lib/x86_64-linux-gnu/libxcb.so.1.1.0
7fe7d0990000-7fe7d09df000 r-xp 00000000 08:02 1181657                    /usr/lib/x86_64-linux-gnu/libgobject-2.0.so.0.4002.0
7fe7d09df000-7fe7d0bdf000 ---p 0004f000 08:02 1181657                    /usr/lib/x86_64-linux-gnu/libgobject-2.0.so.0.4002.0
7fe7d0bdf000-7fe7d0be0000 r--p 0004f000 08:02 1181657                    /usr/lib/x86_64-linux-gnu/libgobject-2.0.so.0.4002.0
7fe7d0be0000-7fe7d0be1000 rw-p 00050000 08:02 1181657                    /usr/lib/x86_64-linux-gnu/libgobject-2.0.so.0.4002.0
7fe7d0be8000-7fe7d0d54000 r-xp 00000000 08:02 1181661                    /usr/lib/x86_64-linux-gnu/libgio-2.0.so.0.4002.0
7fe7d0d54000-7fe7d0f53000 ---p 0016c000 08:02 1181661                    /usr/lib/x86_64-linux-gnu/libgio-2.0.so.0.4002.0
7fe7d0f53000-7fe7d0f57000 r--p 0016b000 08:02 1181661                    /usr/lib/x86_64-linux-gnu/libgio-2.0.so.0.4002.0
7fe7d0f57000-7fe7d0f59000 rw-p 0016f000 08:02 1181661                    /usr/lib/x86_64-linux-gnu/libgio-2.0.so.0.4002.0
7fe7d0f59000-7fe7d0f5b000 rw-p 00000000 00:00 0 
7fe7d0f60000-7fe7d0f9a000 r-xp 00000000 08:02 1196543                    /usr/lib/x86_64-linux-gnu/libfontconfig.so.1.8.0
7fe7d0f9a000-7fe7d1199000 ---p 0003a000 08:02 1196543                    /usr/lib/x86_64-linux-gnu/libfontconfig.so.1.8.0
7fe7d1199000-7fe7d119b000 r--p 00039000 08:02 1196543                    /usr/lib/x86_64-linux-gnu/libfontconfig.so.1.8.0
7fe7d119b000-7fe7d119c000 rw-p 0003b000 08:02 1196543                    /usr/lib/x86_64-linux-gnu/libfontconfig.so.1.8.0
7fe7d11a0000-7fe7d120c000 r-xp 00000000 08:02 1180391                    /usr/lib/x86_64-linux-gnu/libcups.so.2
7fe7d120c000-7fe7d140c000 ---p 0006c000 08:02 1180391                    /usr/lib/x86_64-linux-gnu/libcups.so.2
7fe7d140c000-7fe7d1413000 r--p 0006c000 08:02 1180391                    /usr/lib/x86_64-linux-gnu/libcups.so.2
7fe7d1413000-7fe7d1414000 rw-p 00073000 08:02 1180391                    /usr/lib/x86_64-linux-gnu/libcups.so.2
7fe7d1418000-7fe7d1427000 r-xp 00000000 08:02 1188440                    /usr/lib/x86_64-linux-gnu/libXi.so.6.1.0
7fe7d1427000-7fe7d1626000 ---p 0000f000 08:02 1188440                    /usr/lib/x86_64-linux-gnu/libXi.so.6.1.0
7fe7d1626000-7fe7d1627000 r--p 0000e000 08:02 1188440                    /usr/lib/x86_64-linux-gnu/libXi.so.6.1.0
7fe7d1627000-7fe7d1628000 rw-p 0000f000 08:02 1188440                    /usr/lib/x86_64-linux-gnu/libXi.so.6.1.0
7fe7d1628000-7fe7d162d000 r-xp 00000000 08:02 1187956                    /usr/lib/x86_64-linux-gnu/libXtst.so.6.1.0
7fe7d162d000-7fe7d182c000 ---p 00005000 08:02 1187956                    /usr/lib/x86_64-linux-gnu/libXtst.so.6.1.0
7fe7d182c000-7fe7d182d000 r--p 00004000 08:02 1187956                    /usr/lib/x86_64-linux-gnu/libXtst.so.6.1.0
7fe7d182d000-7fe7d182e000 rw-p 00005000 08:02 1187956                    /usr/lib/x86_64-linux-gnu/libXtst.so.6.1.0
7fe7d1830000-7fe7d1839000 r-xp 00000000 08:02 1190129                    /usr/lib/x86_64-linux-gnu/libXrender.so.1.3.0
7fe7d1839000-7fe7d1a38000 ---p 00009000 08:02 1190129                    /usr/lib/x86_64-linux-gnu/libXrender.so.1.3.0
7fe7d1a38000-7fe7d1a39000 r--p 00008000 08:02 1190129                    /usr/lib/x86_64-linux-gnu/libXrender.so.1.3.0
7fe7d1a39000-7fe7d1a3a000 rw-p 00009000 08:02 1190129                    /usr/lib/x86_64-linux-gnu/libXrender.so.1.3.0
7fe7d1a40000-7fe7d1b70000 r-xp 00000000 08:02 1187913                    /usr/lib/x86_64-linux-gnu/libX11.so.6.3.0
7fe7d1b70000-7fe7d1d70000 ---p 00130000 08:02 1187913                    /usr/lib/x86_64-linux-gnu/libX11.so.6.3.0
7fe7d1d70000-7fe7d1d71000 r--p 00130000 08:02 1187913                    /usr/lib/x86_64-linux-gnu/libX11.so.6.3.0
7fe7d1d71000-7fe7d1d75000 rw-p 00131000 08:02 1187913                    /usr/lib/x86_64-linux-gnu/libX11.so.6.3.0
7fe7d1d78000-7fe7d1d89000 r-xp 00000000 08:02 1190118                    /usr/lib/x86_64-linux-gnu/libXext.so.6.4.0
7fe7d1d89000-7fe7d1f88000 ---p 00011000 08:02 1190118                    /usr/lib/x86_64-linux-gnu/libXext.so.6.4.0
7fe7d1f88000-7fe7d1f89000 r--p 00010000 08:02 1190118                    /usr/lib/x86_64-linux-gnu/libXext.so.6.4.0
7fe7d1f89000-7fe7d1f8a000 rw-p 00011000 08:02 1190118                    /usr/lib/x86_64-linux-gnu/libXext.so.6.4.0
7fe7d1f9d000-7fe7d1fa2000 r--s 0004d000 08:02 1310924                    /usr/lib/jvm/java-7-openjdk-amd64/jre/lib/jsse.jar
7fe7d1fa8000-7fe7d1faf000 r--s 00000000 08:02 1713734                    /usr/lib/x86_64-linux-gnu/gconv/gconv-modules.cache
7fe7d1fb0000-7fe7d1ff8000 r-xp 00000000 08:02 1311229                    /usr/lib/jvm/java-7-openjdk-amd64/jre/lib/amd64/xawt/libmawt.so
7fe7d1ff8000-7fe7d21f7000 ---p 00048000 08:02 1311229                    /usr/lib/jvm/java-7-openjdk-amd64/jre/lib/amd64/xawt/libmawt.so
7fe7d21f7000-7fe7d21f8000 r--p 00047000 08:02 1311229                    /usr/lib/jvm/java-7-openjdk-amd64/jre/lib/amd64/xawt/libmawt.so
7fe7d21f8000-7fe7d21fb000 rw-p 00048000 08:02 1311229                    /usr/lib/jvm/java-7-openjdk-amd64/jre/lib/amd64/xawt/libmawt.so
7fe7d21fb000-7fe7d21fc000 rw-p 00000000 00:00 0 
7fe7d2200000-7fe7d22a0000 r-xp 00000000 08:02 1317752                    /usr/lib/jvm/java-7-openjdk-amd64/jre/lib/amd64/libawt.so
7fe7d22a0000-7fe7d24a0000 ---p 000a0000 08:02 1317752                    /usr/lib/jvm/java-7-openjdk-amd64/jre/lib/amd64/libawt.so
7fe7d24a0000-7fe7d24a1000 r--p 000a0000 08:02 1317752                    /usr/lib/jvm/java-7-openjdk-amd64/jre/lib/amd64/libawt.so
7fe7d24a1000-7fe7d24ac000 rw-p 000a1000 08:02 1317752                    /usr/lib/jvm/java-7-openjdk-amd64/jre/lib/amd64/libawt.so
7fe7d24ac000-7fe7d24d1000 rw-p 00000000 00:00 0 
7fe7d24d6000-7fe7d24e0000 r--s 000ae000 08:02 1310920                    /usr/lib/jvm/java-7-openjdk-amd64/jre/lib/resources.jar
7fe7d24e6000-7fe7d24ea000 r--s 000a6000 08:02 2901832                    /home/xrousakis/.m2/repository/net/java/dev/jna/jna/3.5.1/jna-3.5.1.jar
7fe7d24eb000-7fe7d24ed000 r--s 0000b000 08:02 2105256                    /home/xrousakis/.m2/repository/com/github/tulskiy/jkeymaster/1.1/jkeymaster-1.1.jar
7fe7d24f1000-7fe7d24f3000 r--s 00029000 08:02 2244940                    /home/xrousakis/.m2/repository/org/bytedeco/javacpp-presets/artoolkitplus/2.3.0-0.8/artoolkitplus-2.3.0-0.8-linux-x86_64.jar
7fe7d24f8000-7fe7d24f9000 r--s 00000000 08:02 2244936                    /home/xrousakis/.m2/repository/org/bytedeco/javacpp-presets/videoinput/0.200-0.8/videoinput-0.200-0.8-linux-x86_64.jar
7fe7d24fa000-7fe7d24fc000 r--s 00012000 08:02 2244934                    /home/xrousakis/.m2/repository/org/bytedeco/javacpp-presets/libfreenect/0.4-0.8/libfreenect-0.4-0.8-linux-x86_64.jar
7fe7d24ff000-7fe7d2500000 r--s 00027000 08:02 2244931                    /home/xrousakis/.m2/repository/org/bytedeco/javacpp-presets/libdc1394/2.2.2-0.8/libdc1394-2.2.2-0.8-linux-x86_64.jar
7fe7d2500000-7fe7d2501000 r--s 00000000 08:02 2244929                    /home/xrousakis/.m2/repository/org/bytedeco/javacpp-presets/flycapture/1.7.17-0.8/flycapture-1.7.17-0.8-linux-x86_64.jar
7fe7d2507000-7fe7d2509000 r--s 0061f000 08:02 2244944                    /home/xrousakis/.m2/repository/org/bytedeco/javacpp-presets/ffmpeg/2.2.1-0.8/ffmpeg-2.2.1-0.8-linux-x86_64.jar
7fe7d250d000-7fe7d250f000 r--s 00785000 08:02 2244956                    /home/xrousakis/.m2/repository/org/bytedeco/javacpp-presets/opencv/2.4.9-0.8/opencv-2.4.9-0.8-linux-x86_64.jar
7fe7d2515000-7fe7d2516000 r--s 00005000 08:02 2244924                    /home/xrousakis/.m2/repository/org/bytedeco/javacpp-presets/artoolkitplus/2.3.0-0.8/artoolkitplus-2.3.0-0.8.jar
7fe7d251b000-7fe7d251c000 r--s 00003000 08:02 2244923                    /home/xrousakis/.m2/repository/org/bytedeco/javacpp-presets/videoinput/0.200-0.8/videoinput-0.200-0.8.jar
7fe7d251c000-7fe7d251e000 r--s 00004000 08:02 2244920                    /home/xrousakis/.m2/repository/org/bytedeco/javacpp-presets/libfreenect/0.4-0.8/libfreenect-0.4-0.8.jar
7fe7d251e000-7fe7d2520000 r--s 00006000 08:02 2244916                    /home/xrousakis/.m2/repository/org/bytedeco/javacpp-presets/libdc1394/2.2.2-0.8/libdc1394-2.2.2-0.8.jar
7fe7d2524000-7fe7d2526000 r--s 00004000 08:02 2244911                    /home/xrousakis/.m2/repository/org/bytedeco/javacpp-presets/flycapture/1.7.17-0.8/flycapture-1.7.17-0.8.jar
7fe7d2526000-7fe7d252c000 r--s 0002e000 08:02 2244912                    /home/xrousakis/.m2/repository/org/bytedeco/javacpp-presets/ffmpeg/2.2.1-0.8/ffmpeg-2.2.1-0.8.jar
7fe7d2532000-7fe7d2544000 r--s 000b2000 08:02 2244913                    /home/xrousakis/.m2/repository/org/bytedeco/javacpp-presets/opencv/2.4.9-0.8/opencv-2.4.9-0.8.jar
7fe7d254a000-7fe7d254e000 r--s 0002a000 08:02 2244914                    /home/xrousakis/.m2/repository/org/bytedeco/javacpp/0.8/javacpp-0.8.jar
7fe7d2554000-7fe7d2559000 r--s 0004c000 08:02 2244918                    /home/xrousakis/.m2/repository/org/bytedeco/javacv/0.8/javacv-0.8.jar
7fe7d255a000-7fe7d255b000 r--s 00002000 08:02 1310936                    /usr/lib/jvm/java-7-openjdk-amd64/jre/lib/ext/dnsns.jar
7fe7d255d000-7fe7d2561000 r--s 00085000 08:02 1310935                    /usr/lib/jvm/java-7-openjdk-amd64/jre/lib/ext/localedata.jar
7fe7d2567000-7fe7d256a000 r--s 0000f000 08:02 1310939                    /usr/lib/jvm/java-7-openjdk-amd64/jre/lib/ext/icedtea-sound.jar
7fe7d256c000-7fe7d2570000 r--s 0003c000 08:02 1310938                    /usr/lib/jvm/java-7-openjdk-amd64/jre/lib/ext/sunpkcs11.jar
7fe7d2576000-7fe7d2578000 r--s 00006000 08:02 1842397                    /usr/share/java/java-atk-wrapper.jar
7fe7d257c000-7fe7d2580000 r--s 00034000 08:02 1310937                    /usr/lib/jvm/java-7-openjdk-amd64/jre/lib/ext/sunjce_provider.jar
7fe7d2582000-7fe7d2584000 r--s 00012000 08:02 1310942                    /usr/lib/jvm/java-7-openjdk-amd64/jre/lib/ext/zipfs.jar
7fe7d258b000-7fe7d258c000 ---p 00000000 00:00 0 
7fe7d258c000-7fe7d268c000 rw-p 00000000 00:00 0                          [stack:14359]
7fe7d268c000-7fe7d268f000 ---p 00000000 00:00 0 
7fe7d268f000-7fe7d278d000 rw-p 00000000 00:00 0                          [stack:14358]
7fe7d278d000-7fe7d2790000 ---p 00000000 00:00 0 
7fe7d2790000-7fe7d288e000 rw-p 00000000 00:00 0                          [stack:14357]
7fe7d288e000-7fe7d2891000 ---p 00000000 00:00 0 
7fe7d2891000-7fe7d298f000 rw-p 00000000 00:00 0                          [stack:14356]
7fe7d298f000-7fe7d2992000 ---p 00000000 00:00 0 
7fe7d2992000-7fe7d2a90000 rw-p 00000000 00:00 0                          [stack:14355]
7fe7d2a90000-7fe7d2d5a000 r--p 00000000 08:02 1186322                    /usr/lib/locale/locale-archive
7fe7d2d5b000-7fe7d2d5e000 ---p 00000000 00:00 0 
7fe7d2d5e000-7fe7d2e5c000 rw-p 00000000 00:00 0                          [stack:14354]
7fe7d2e5c000-7fe7d2e5f000 ---p 00000000 00:00 0 
7fe7d2e5f000-7fe7d2f5d000 rw-p 00000000 00:00 0                          [stack:14353]
7fe7d2f5d000-7fe7d2f5e000 ---p 00000000 00:00 0 
7fe7d2f5e000-7fe7d39a9000 rw-p 00000000 00:00 0                          [stack:14352]
7fe7d39a9000-7fe7d3b5a000 r--s 01d29000 08:02 1310916                    /usr/lib/jvm/java-7-openjdk-amd64/jre/lib/rt.jar
7fe7d3b61000-7fe7d4000000 rw-p 00000000 00:00 0 
7fe7d4000000-7fe7d4021000 rw-p 00000000 00:00 0 
7fe7d4021000-7fe7d8000000 ---p 00000000 00:00 0 
7fe7d8001000-7fe7dbd2a000 rw-p 00000000 00:00 0 
7fe7dbd2a000-7fe7dbd2b000 ---p 00000000 00:00 0 
7fe7dbd2b000-7fe7dbe2b000 rw-p 00000000 00:00 0                          [stack:14351]
7fe7dbe2b000-7fe7dbe2c000 ---p 00000000 00:00 0 
7fe7dbe2c000-7fe7dbf37000 rw-p 00000000 00:00 0                          [stack:14350]
7fe7dbf37000-7fe7dbf7f000 rw-p 00000000 00:00 0 
7fe7dbf7f000-7fe7dbfa4000 rw-p 00000000 00:00 0 
7fe7dbfa4000-7fe7dc1d1000 rw-p 00000000 00:00 0 
7fe7dc1d1000-7fe7dc1dc000 rw-p 00000000 00:00 0 
7fe7dc1dc000-7fe7dc224000 rw-p 00000000 00:00 0 
7fe7dc224000-7fe7dc249000 rw-p 00000000 00:00 0 
7fe7dc249000-7fe7dc476000 rw-p 00000000 00:00 0 
7fe7dc476000-7fe7dc489000 rw-p 00000000 00:00 0 
7fe7dc489000-7fe7dc59f000 rw-p 00000000 00:00 0 
7fe7dc59f000-7fe7dc5a0000 rw-p 00000000 00:00 0 
7fe7dc5a0000-7fe7dc810000 rwxp 00000000 00:00 0 
7fe7dc810000-7fe7df5a0000 rw-p 00000000 00:00 0 
7fe7df5a0000-7fe7df5a8000 r-xp 00000000 08:02 1310955                    /usr/lib/jvm/java-7-openjdk-amd64/jre/lib/amd64/libzip.so
7fe7df5a8000-7fe7df7a7000 ---p 00008000 08:02 1310955                    /usr/lib/jvm/java-7-openjdk-amd64/jre/lib/amd64/libzip.so
7fe7df7a7000-7fe7df7a8000 r--p 00007000 08:02 1310955                    /usr/lib/jvm/java-7-openjdk-amd64/jre/lib/amd64/libzip.so
7fe7df7a8000-7fe7df7a9000 rw-p 00008000 08:02 1310955                    /usr/lib/jvm/java-7-openjdk-amd64/jre/lib/amd64/libzip.so
7fe7df7b0000-7fe7df7bb000 r-xp 00000000 08:02 1444608                    /lib/x86_64-linux-gnu/libnss_files-2.19.so
7fe7df7bb000-7fe7df9ba000 ---p 0000b000 08:02 1444608                    /lib/x86_64-linux-gnu/libnss_files-2.19.so
7fe7df9ba000-7fe7df9bb000 r--p 0000a000 08:02 1444608                    /lib/x86_64-linux-gnu/libnss_files-2.19.so
7fe7df9bb000-7fe7df9bc000 rw-p 0000b000 08:02 1444608                    /lib/x86_64-linux-gnu/libnss_files-2.19.so
7fe7df9c0000-7fe7df9cb000 r-xp 00000000 08:02 1444820                    /lib/x86_64-linux-gnu/libnss_nis-2.19.so
7fe7df9cb000-7fe7dfbca000 ---p 0000b000 08:02 1444820                    /lib/x86_64-linux-gnu/libnss_nis-2.19.so
7fe7dfbca000-7fe7dfbcb000 r--p 0000a000 08:02 1444820                    /lib/x86_64-linux-gnu/libnss_nis-2.19.so
7fe7dfbcb000-7fe7dfbcc000 rw-p 0000b000 08:02 1444820                    /lib/x86_64-linux-gnu/libnss_nis-2.19.so
7fe7dfbd0000-7fe7dfbe7000 r-xp 00000000 08:02 1444807                    /lib/x86_64-linux-gnu/libnsl-2.19.so
7fe7dfbe7000-7fe7dfde6000 ---p 00017000 08:02 1444807                    /lib/x86_64-linux-gnu/libnsl-2.19.so
7fe7dfde6000-7fe7dfde7000 r--p 00016000 08:02 1444807                    /lib/x86_64-linux-gnu/libnsl-2.19.so
7fe7dfde7000-7fe7dfde8000 rw-p 00017000 08:02 1444807                    /lib/x86_64-linux-gnu/libnsl-2.19.so
7fe7dfde8000-7fe7dfdea000 rw-p 00000000 00:00 0 
7fe7dfdf0000-7fe7dfdf9000 r-xp 00000000 08:02 1444806                    /lib/x86_64-linux-gnu/libnss_compat-2.19.so
7fe7dfdf9000-7fe7dfff8000 ---p 00009000 08:02 1444806                    /lib/x86_64-linux-gnu/libnss_compat-2.19.so
7fe7dfff8000-7fe7dfff9000 r--p 00008000 08:02 1444806                    /lib/x86_64-linux-gnu/libnss_compat-2.19.so
7fe7dfff9000-7fe7dfffa000 rw-p 00009000 08:02 1444806                    /lib/x86_64-linux-gnu/libnss_compat-2.19.so
7fe7e0000000-7fe7e051b000 rw-p 00000000 00:00 0 
7fe7e051b000-7fe7e4000000 ---p 00000000 00:00 0 
7fe7e4007000-7fe7e4050000 rw-p 00000000 00:00 0 
7fe7e4050000-7fe7e407b000 r-xp 00000000 08:02 1317774                    /usr/lib/jvm/java-7-openjdk-amd64/jre/lib/amd64/libjava.so
7fe7e407b000-7fe7e427a000 ---p 0002b000 08:02 1317774                    /usr/lib/jvm/java-7-openjdk-amd64/jre/lib/amd64/libjava.so
7fe7e427a000-7fe7e427b000 r--p 0002a000 08:02 1317774                    /usr/lib/jvm/java-7-openjdk-amd64/jre/lib/amd64/libjava.so
7fe7e427b000-7fe7e427d000 rw-p 0002b000 08:02 1317774                    /usr/lib/jvm/java-7-openjdk-amd64/jre/lib/amd64/libjava.so
7fe7e4280000-7fe7e4290000 r-xp 00000000 08:02 1317755                    /usr/lib/jvm/java-7-openjdk-amd64/jre/lib/amd64/libverify.so
7fe7e4290000-7fe7e448f000 ---p 00010000 08:02 1317755                    /usr/lib/jvm/java-7-openjdk-amd64/jre/lib/amd64/libverify.so
7fe7e448f000-7fe7e4491000 r--p 0000f000 08:02 1317755                    /usr/lib/jvm/java-7-openjdk-amd64/jre/lib/amd64/libverify.so
7fe7e4491000-7fe7e4492000 rw-p 00011000 08:02 1317755                    /usr/lib/jvm/java-7-openjdk-amd64/jre/lib/amd64/libverify.so
7fe7e4498000-7fe7e449f000 r-xp 00000000 08:02 1444817                    /lib/x86_64-linux-gnu/librt-2.19.so
7fe7e449f000-7fe7e469e000 ---p 00007000 08:02 1444817                    /lib/x86_64-linux-gnu/librt-2.19.so
7fe7e469e000-7fe7e469f000 r--p 00006000 08:02 1444817                    /lib/x86_64-linux-gnu/librt-2.19.so
7fe7e469f000-7fe7e46a0000 rw-p 00007000 08:02 1444817                    /lib/x86_64-linux-gnu/librt-2.19.so
7fe7e46a0000-7fe7e46b6000 r-xp 00000000 08:02 1441904                    /lib/x86_64-linux-gnu/libgcc_s.so.1
7fe7e46b6000-7fe7e48b5000 ---p 00016000 08:02 1441904                    /lib/x86_64-linux-gnu/libgcc_s.so.1
7fe7e48b5000-7fe7e48b6000 rw-p 00015000 08:02 1441904                    /lib/x86_64-linux-gnu/libgcc_s.so.1
7fe7e48b8000-7fe7e49bd000 r-xp 00000000 08:02 1443041                    /lib/x86_64-linux-gnu/libm-2.19.so
7fe7e49bd000-7fe7e4bbc000 ---p 00105000 08:02 1443041                    /lib/x86_64-linux-gnu/libm-2.19.so
7fe7e4bbc000-7fe7e4bbd000 r--p 00104000 08:02 1443041                    /lib/x86_64-linux-gnu/libm-2.19.so
7fe7e4bbd000-7fe7e4bbe000 rw-p 00105000 08:02 1443041                    /lib/x86_64-linux-gnu/libm-2.19.so
7fe7e4bc0000-7fe7e4ca6000 r-xp 00000000 08:02 1188933                    /usr/lib/x86_64-linux-gnu/libstdc++.so.6.0.19
7fe7e4ca6000-7fe7e4ea5000 ---p 000e6000 08:02 1188933                    /usr/lib/x86_64-linux-gnu/libstdc++.so.6.0.19
7fe7e4ea5000-7fe7e4ead000 r--p 000e5000 08:02 1188933                    /usr/lib/x86_64-linux-gnu/libstdc++.so.6.0.19
7fe7e4ead000-7fe7e4eaf000 rw-p 000ed000 08:02 1188933                    /usr/lib/x86_64-linux-gnu/libstdc++.so.6.0.19
7fe7e4eaf000-7fe7e4ec4000 rw-p 00000000 00:00 0 
7fe7e4ec8000-7fe7e59e1000 r-xp 00000000 08:02 1317743                    /usr/lib/jvm/java-7-openjdk-amd64/jre/lib/amd64/server/libjvm.so
7fe7e59e1000-7fe7e5be1000 ---p 00b19000 08:02 1317743                    /usr/lib/jvm/java-7-openjdk-amd64/jre/lib/amd64/server/libjvm.so
7fe7e5be1000-7fe7e5c7b000 r--p 00b19000 08:02 1317743                    /usr/lib/jvm/java-7-openjdk-amd64/jre/lib/amd64/server/libjvm.so
7fe7e5c7b000-7fe7e5c9e000 rw-p 00bb3000 08:02 1317743                    /usr/lib/jvm/java-7-openjdk-amd64/jre/lib/amd64/server/libjvm.so
7fe7e5c9e000-7fe7e5ccc000 rw-p 00000000 00:00 0 
7fe7e5cd0000-7fe7e5ce8000 r-xp 00000000 08:02 1446050                    /lib/x86_64-linux-gnu/libz.so.1.2.8
7fe7e5ce8000-7fe7e5ee7000 ---p 00018000 08:02 1446050                    /lib/x86_64-linux-gnu/libz.so.1.2.8
7fe7e5ee7000-7fe7e5ee8000 r--p 00017000 08:02 1446050                    /lib/x86_64-linux-gnu/libz.so.1.2.8
7fe7e5ee8000-7fe7e5ee9000 rw-p 00018000 08:02 1446050                    /lib/x86_64-linux-gnu/libz.so.1.2.8
7fe7e5ef0000-7fe7e5f09000 r-xp 00000000 08:02 1444815                    /lib/x86_64-linux-gnu/libpthread-2.19.so
7fe7e5f09000-7fe7e6108000 ---p 00019000 08:02 1444815                    /lib/x86_64-linux-gnu/libpthread-2.19.so
7fe7e6108000-7fe7e6109000 r--p 00018000 08:02 1444815                    /lib/x86_64-linux-gnu/libpthread-2.19.so
7fe7e6109000-7fe7e610a000 rw-p 00019000 08:02 1444815                    /lib/x86_64-linux-gnu/libpthread-2.19.so
7fe7e610a000-7fe7e610e000 rw-p 00000000 00:00 0 
7fe7e6110000-7fe7e6113000 r-xp 00000000 08:02 1444799                    /lib/x86_64-linux-gnu/libdl-2.19.so
7fe7e6113000-7fe7e6312000 ---p 00003000 08:02 1444799                    /lib/x86_64-linux-gnu/libdl-2.19.so
7fe7e6312000-7fe7e6313000 r--p 00002000 08:02 1444799                    /lib/x86_64-linux-gnu/libdl-2.19.so
7fe7e6313000-7fe7e6314000 rw-p 00003000 08:02 1444799                    /lib/x86_64-linux-gnu/libdl-2.19.so
7fe7e6318000-7fe7e64d3000 r-xp 00000000 08:02 1444814                    /lib/x86_64-linux-gnu/libc-2.19.so
7fe7e64d3000-7fe7e66d2000 ---p 001bb000 08:02 1444814                    /lib/x86_64-linux-gnu/libc-2.19.so
7fe7e66d2000-7fe7e66d6000 r--p 001ba000 08:02 1444814                    /lib/x86_64-linux-gnu/libc-2.19.so
7fe7e66d6000-7fe7e66d8000 rw-p 001be000 08:02 1444814                    /lib/x86_64-linux-gnu/libc-2.19.so
7fe7e66d8000-7fe7e66dd000 rw-p 00000000 00:00 0 
7fe7e66e0000-7fe7e66ed000 r-xp 00000000 08:02 1317741                    /usr/lib/jvm/java-7-openjdk-amd64/jre/lib/amd64/jli/libjli.so
7fe7e66ed000-7fe7e68ec000 ---p 0000d000 08:02 1317741                    /usr/lib/jvm/java-7-openjdk-amd64/jre/lib/amd64/jli/libjli.so
7fe7e68ec000-7fe7e68ed000 r--p 0000c000 08:02 1317741                    /usr/lib/jvm/java-7-openjdk-amd64/jre/lib/amd64/jli/libjli.so
7fe7e68ed000-7fe7e68ee000 rw-p 0000d000 08:02 1317741                    /usr/lib/jvm/java-7-openjdk-amd64/jre/lib/amd64/jli/libjli.so
7fe7e68f0000-7fe7e6913000 r-xp 00000000 08:02 1444811                    /lib/x86_64-linux-gnu/ld-2.19.so
7fe7e6919000-7fe7e694a000 rw-p 00000000 00:00 0 
7fe7e694a000-7fe7e6a00000 rw-p 00000000 00:00 0 
7fe7e6a00000-7fe7e6a08000 rw-s 00000000 08:02 271373                     /tmp/hsperfdata_xrousakis/14345
7fe7e6a08000-7fe7e6a09000 rw-p 00000000 00:00 0 
7fe7e6a09000-7fe7e6a0a000 rwxp 00000000 00:00 0 
7fe7e6a0a000-7fe7e6a0b000 rw-p 00000000 00:00 0 
7fe7e6a0b000-7fe7e6a0c000 r--p 00000000 00:00 0 
7fe7e6a0c000-7fe7e6a0f000 ---p 00000000 00:00 0 
7fe7e6a0f000-7fe7e6b12000 rw-p 00000000 00:00 0                          [stack:14349]
7fe7e6b12000-7fe7e6b13000 r--p 00022000 08:02 1444811                    /lib/x86_64-linux-gnu/ld-2.19.so
7fe7e6b13000-7fe7e6b14000 rw-p 00023000 08:02 1444811                    /lib/x86_64-linux-gnu/ld-2.19.so
7fe7e6b14000-7fe7e6b17000 rw-p 00000000 00:00 0 
7fff3d003000-7fff3d025000 rw-p 00000000 00:00 0                          [stack]
7fff3d098000-7fff3d09a000 r-xp 00000000 00:00 0                          [vdso]
ffffffffff600000-ffffffffff601000 r-xp 00000000 00:00 0                  [vsyscall]

VM Arguments:
java_command: org.scify.jthinkfreedom.gui.ApplicationLauncher
Launcher Type: SUN_STANDARD

Environment Variables:
JAVA_HOME=/usr/lib/jvm/default-java
PATH=/usr/local/sbin:/usr/local/bin:/usr/sbin:/usr/bin:/sbin:/bin:/usr/games:/usr/local/games
USERNAME=xrousakis
LD_LIBRARY_PATH=/usr/lib/jvm/default-java/jre/lib/amd64:/usr/lib/jvm/default-java/jre/lib/i386:
SHELL=/bin/bash
DISPLAY=:0

Signal Handlers:
SIGSEGV: [libjvm.so+0x94bab0], sa_mask[0]=0x7ffbfeff, sa_flags=0x10000004
SIGBUS: [libjvm.so+0x94bab0], sa_mask[0]=0x7ffbfeff, sa_flags=0x10000004
SIGFPE: [libjvm.so+0x7c38b0], sa_mask[0]=0x7ffbfeff, sa_flags=0x10000004
SIGPIPE: [libjvm.so+0x7c38b0], sa_mask[0]=0x7ffbfeff, sa_flags=0x10000004
SIGXFSZ: [libjvm.so+0x7c38b0], sa_mask[0]=0x7ffbfeff, sa_flags=0x10000004
SIGILL: [libjvm.so+0x7c38b0], sa_mask[0]=0x7ffbfeff, sa_flags=0x10000004
SIGUSR1: SIG_DFL, sa_mask[0]=0x00000000, sa_flags=0x00000000
SIGUSR2: [libjvm.so+0x7c3750], sa_mask[0]=0x00000004, sa_flags=0x10000004
SIGHUP: [libjvm.so+0x7c3930], sa_mask[0]=0x7ffbfeff, sa_flags=0x10000004
SIGINT: SIG_IGN, sa_mask[0]=0x00000000, sa_flags=0x00000000
SIGTERM: [libjvm.so+0x7c3930], sa_mask[0]=0x7ffbfeff, sa_flags=0x10000004
SIGQUIT: [libjvm.so+0x7c3930], sa_mask[0]=0x7ffbfeff, sa_flags=0x10000004
SIGTRAP: SIG_DFL, sa_mask[0]=0x00000000, sa_flags=0x00000000


---------------  S Y S T E M  ---------------

OS:LinuxMint 17 (qiana)
uname:Linux 3.14.8-031408-generic #201406161755 SMP Mon Jun 16 21:56:09 UTC 2014 x86_64
libc:glibc 2.19 NPTL 2.19 
rlimit: STACK 8192k, CORE 0k, NPROC 55132, NOFILE 4096, AS infinity
load average:0,87 0,96 0,60

/proc/meminfo:
MemTotal:        7292072 kB
MemFree:         3553148 kB
MemAvailable:    4892196 kB
Buffers:          233156 kB
Cached:          1281368 kB
SwapCached:            0 kB
Active:          2617784 kB
Inactive:         851308 kB
Active(anon):    1955756 kB
Inactive(anon):    68472 kB
Active(file):     662028 kB
Inactive(file):   782836 kB
Unevictable:           0 kB
Mlocked:               0 kB
SwapTotal:       3361788 kB
SwapFree:        3361788 kB
Dirty:             11240 kB
Writeback:             0 kB
AnonPages:       1954736 kB
Mapped:           237832 kB
Shmem:             69492 kB
Slab:             153632 kB
SReclaimable:     126220 kB
SUnreclaim:        27412 kB
KernelStack:        4048 kB
PageTables:        32840 kB
NFS_Unstable:          0 kB
Bounce:                0 kB
WritebackTmp:          0 kB
CommitLimit:     7007824 kB
Committed_AS:    4904180 kB
VmallocTotal:   34359738367 kB
VmallocUsed:      315192 kB
VmallocChunk:   34359383836 kB
HardwareCorrupted:     0 kB
AnonHugePages:   1323008 kB
HugePages_Total:       0
HugePages_Free:        0
HugePages_Rsvd:        0
HugePages_Surp:        0
Hugepagesize:       2048 kB
DirectMap4k:       76120 kB
DirectMap2M:     3287040 kB
DirectMap1G:     4194304 kB


CPU:total 2 (2 cores per cpu, 1 threads per core) family 21 model 19 stepping 1, cmov, cx8, fxsr, mmx, sse, sse2, sse3, ssse3, sse4.1, sse4.2, popcnt, avx, aes, mmxext, 3dnowpref, lzcnt, sse4a, tsc, tscinvbit, tscinv

/proc/cpuinfo:
processor	: 0
vendor_id	: AuthenticAMD
cpu family	: 21
model		: 19
model name	: AMD A4-4000 APU with Radeon(tm) HD Graphics
stepping	: 1
microcode	: 0x6001119
cpu MHz		: 3000.000
cache size	: 1024 KB
physical id	: 0
siblings	: 2
core id		: 0
cpu cores	: 1
apicid		: 16
initial apicid	: 0
fpu		: yes
fpu_exception	: yes
cpuid level	: 13
wp		: yes
flags		: fpu vme de pse tsc msr pae mce cx8 apic sep mtrr pge mca cmov pat pse36 clflush mmx fxsr sse sse2 ht syscall nx mmxext fxsr_opt pdpe1gb rdtscp lm constant_tsc rep_good nopl nonstop_tsc extd_apicid aperfmperf pni pclmulqdq monitor ssse3 fma cx16 sse4_1 sse4_2 popcnt aes xsave avx f16c lahf_lm cmp_legacy svm extapic cr8_legacy abm sse4a misalignsse 3dnowprefetch osvw ibs xop skinit wdt lwp fma4 tce nodeid_msr tbm topoext perfctr_core perfctr_nb arat cpb hw_pstate npt lbrv svm_lock nrip_save tsc_scale vmcb_clean flushbyasid decodeassists pausefilter pfthreshold bmi1
bogomips	: 6030.33
TLB size	: 1536 4K pages
clflush size	: 64
cache_alignment	: 64
address sizes	: 48 bits physical, 48 bits virtual
power management: ts ttp tm 100mhzsteps hwpstate cpb eff_freq_ro

processor	: 1
vendor_id	: AuthenticAMD
cpu family	: 21
model		: 19
model name	: AMD A4-4000 APU with Radeon(tm) HD Graphics    
stepping	: 1
microcode	: 0x6001119
cpu MHz		: 3000.000
cache size	: 1024 KB
physical id	: 0
siblings	: 2
core id		: 1
cpu cores	: 1
apicid		: 17
initial apicid	: 1
fpu		: yes
fpu_exception	: yes
cpuid level	: 13
wp		: yes
flags		: fpu vme de pse tsc msr pae mce cx8 apic sep mtrr pge mca cmov pat pse36 clflush mmx fxsr sse sse2 ht syscall nx mmxext fxsr_opt pdpe1gb rdtscp lm constant_tsc rep_good nopl nonstop_tsc extd_apicid aperfmperf pni pclmulqdq monitor ssse3 fma cx16 sse4_1 sse4_2 popcnt aes xsave avx f16c lahf_lm cmp_legacy svm extapic cr8_legacy abm sse4a misalignsse 3dnowprefetch osvw ibs xop skinit wdt lwp fma4 tce nodeid_msr tbm topoext perfctr_core perfctr_nb arat cpb hw_pstate npt lbrv svm_lock nrip_save tsc_scale vmcb_clean flushbyasid decodeassists pausefilter pfthreshold bmi1
bogomips	: 6030.33
TLB size	: 1536 4K pages
clflush size	: 64
cache_alignment	: 64
address sizes	: 48 bits physical, 48 bits virtual
power management: ts ttp tm 100mhzsteps hwpstate cpb eff_freq_ro



Memory: 4k page, physical 7292072k(3553148k free), swap 3361788k(3361788k free)

vm_info: OpenJDK 64-Bit Server VM (24.79-b02) for linux-amd64 JRE (1.7.0_79-b14), built on Jul 24 2015 08:15:54 by "buildd" with gcc 4.8.2

time: Wed Aug 12 15:28:50 2015
elapsed time: 31 seconds

