#
# A fatal error has been detected by the Java Runtime Environment:
#
#  SIGSEGV (0xb) at pc=0x00007fbec5fa62cc, pid=10185, tid=140457726764800
#
# JRE version: OpenJDK Runtime Environment (7.0_79-b14) (build 1.7.0_79-b14)
# Java VM: OpenJDK 64-Bit Server VM (24.79-b02 mixed mode linux-amd64 compressed oops)
# Derivative: IcedTea 2.5.6
# Distribution: Ubuntu 14.04 LTS, package 7u79-2.5.6-0ubuntu1.14.04.1
# Problematic frame:
# C  [libjpeg.so.8+0x162cc]  jpeg_has_multiple_scans+0x2c
#
# Failed to write core dump. Core dumps have been disabled. To enable core dumping, try "ulimit -c unlimited" before starting Java again
#
# If you would like to submit a bug report, please include
# instructions on how to reproduce the bug and visit:
#   http://icedtea.classpath.org/bugzilla
# The crash happened outside the Java Virtual Machine in native code.
# See problematic frame for where to report the bug.
#

---------------  T H R E A D  ---------------

Current thread (0x00007fbecc02f800):  JavaThread "Image Fetcher 0" daemon [_thread_in_native, id=10222, stack(0x00007fbedcd8e000,0x00007fbedce8f000)]

siginfo:si_signo=SIGSEGV: si_errno=0, si_code=1 (SEGV_MAPERR), si_addr=0x0000000000000020

Registers:
RAX=0x0000000000000000, RBX=0x00007fbedce8d4d0, RCX=0x0000000000000001, RDX=0x0000000000000000
RSP=0x00007fbedce8d1b8, RBP=0x00007fbedce8d7a0, RSI=0x0000000000000001, RDI=0x00007fbedce8d4d0
R8 =0x0000000000000000, R9 =0x00007fbed0000078, R10=0x00007fbedce8cf80, R11=0x00007fbec5fa62a0
R12=0x0000000000000000, R13=0xffffffffffffffff, R14=0x00007fbedce8d840, R15=0x00007fbecc02f800
RIP=0x00007fbec5fa62cc, EFLAGS=0x0000000000010293, CSGSFS=0x0000000000000033, ERR=0x0000000000000004
  TRAPNO=0x000000000000000e

Top of Stack: (sp=0x00007fbedce8d1b8)
0x00007fbedce8d1b8:   00007fbec4217d33 00007fbecc02f800
0x00007fbedce8d1c8:   00007fbf146ae03b fffffff0ffffffff
0x00007fbedce8d1d8:   0000000000000000 00007fbec4217ad0
0x00007fbedce8d1e8:   00007fbedce8d278 00007fbedce8d830
0x00007fbedce8d1f8:   00007fbedce8d838 00007fbedce8d840
0x00007fbedce8d208:   00007fbecc02f9d8 00000000dae34ffe
0x00007fbedce8d218:   0000000000000292 00007fbec42171e0
0x00007fbedce8d228:   00007fbec4217380 00007fbec4217500
0x00007fbedce8d238:   00007fbec5fae830 00007fbec4217200
0x00007fbedce8d248:   00007fbedce8d838 00007fbe00000000
0x00007fbedce8d258:   0000000000000000 00000000dae34e90
0x00007fbedce8d268:   00007fbedce8d830 ffffffffffffffff
0x00007fbedce8d278:   0000000000000000 0000000000000000
0x00007fbedce8d288:   0000000000000000 00007fbedce8d280
0x00007fbedce8d298:   0000000086420280 00007fbedce8d328
0x00007fbedce8d2a8:   00000000864be230 0000000000000000
0x00007fbedce8d2b8:   0000000086420318 0000000000000000
0x00007fbedce8d2c8:   00007fbedce8d320 00007fbedce8d390
0x00007fbedce8d2d8:   00007fbf0cbe04e7 0000000000000000
0x00007fbedce8d2e8:   00007fbec4217ad0 0000000000000000
0x00007fbedce8d2f8:   00000000dae34478 0000000000000006
0x00007fbedce8d308:   0000000000000007 00000000dcf1d4b8
0x00007fbedce8d318:   00000000dcf1d4b8 00000000dae35290
0x00007fbedce8d328:   0000000000000000 00007fbe00001fa0
0x00007fbedce8d338:   00007fbedce8d3d0 00007fbedce8d5d0
0x00007fbedce8d348:   00007fbedce8d500 00007fbecc02f800
0x00007fbedce8d358:   00007fbeec274f50 00007fbec4217280
0x00007fbedce8d368:   00007fbec5fb3cf0 00007fbec4217210
0x00007fbedce8d378:   00007fbec5fb3d60 00007fbec5fb3d40
0x00007fbedce8d388:   000000000000006a 000000000000003f
0x00007fbedce8d398:   0000000300000000 0000000000000000
0x00007fbedce8d3a8:   00007fbe00000000 00007fbedce8d400 

Instructions: (pc=0x00007fbec5fa62cc)
0x00007fbec5fa62ac:   ff 83 fa 08 76 12 48 8b 17 89 42 2c 48 8b 07 c7
0x00007fbec5fa62bc:   42 28 15 00 00 00 ff 10 48 8b 83 58 02 00 00 5b
0x00007fbec5fa62cc:   8b 40 20 c3 53 8b 47 24 48 89 fb 8d 90 33 ff ff
0x00007fbec5fa62dc:   ff 83 fa 01 76 66 3d cf 00 00 00 74 47 3d d2 00 

Register to memory mapping:

RAX=0x0000000000000000 is an unknown value
RBX=0x00007fbedce8d4d0 is pointing into the stack for thread: 0x00007fbecc02f800
RCX=0x0000000000000001 is an unknown value
RDX=0x0000000000000000 is an unknown value
RSP=0x00007fbedce8d1b8 is pointing into the stack for thread: 0x00007fbecc02f800
RBP=0x00007fbedce8d7a0 is pointing into the stack for thread: 0x00007fbecc02f800
RSI=0x0000000000000001 is an unknown value
RDI=0x00007fbedce8d4d0 is pointing into the stack for thread: 0x00007fbecc02f800
R8 =0x0000000000000000 is an unknown value
R9 =0x00007fbed0000078 is an unknown value
R10=0x00007fbedce8cf80 is pointing into the stack for thread: 0x00007fbecc02f800
R11=0x00007fbec5fa62a0: jpeg_has_multiple_scans+0 in /usr/lib/x86_64-linux-gnu/libjpeg.so.8 at 0x00007fbec5f90000
R12=0x0000000000000000 is an unknown value
R13=0xffffffffffffffff is an unknown value
R14=0x00007fbedce8d840 is pointing into the stack for thread: 0x00007fbecc02f800
R15=0x00007fbecc02f800 is a thread


Stack: [0x00007fbedcd8e000,0x00007fbedce8f000],  sp=0x00007fbedce8d1b8,  free space=1020k
Native frames: (J=compiled Java code, j=interpreted, Vv=VM code, C=native code)
C  [libjpeg.so.8+0x162cc]  jpeg_has_multiple_scans+0x2c
j  sun.awt.image.JPEGImageDecoder.readImage(Ljava/io/InputStream;[B)V+0
j  sun.awt.image.JPEGImageDecoder.produceImage()V+10
j  sun.awt.image.InputStreamImageSource.doFetch()V+51
j  sun.awt.image.ImageFetcher.fetchloop()V+33
j  sun.awt.image.ImageFetcher.run()V+5
v  ~StubRoutines::call_stub
V  [libjvm.so+0x5e80c9]  JavaCalls::call_helper(JavaValue*, methodHandle*, JavaCallArguments*, Thread*)+0x339
V  [libjvm.so+0x5e6f1e]  JavaCalls::call_virtual(JavaValue*, Handle, KlassHandle, Symbol*, Symbol*, Thread*)+0x20e
V  [libjvm.so+0x623391]  thread_entry(JavaThread*, Thread*)+0xd1
V  [libjvm.so+0x900f40]  JavaThread::thread_main_inner()+0xf0
V  [libjvm.so+0x9011b1]  JavaThread::run()+0x221
V  [libjvm.so+0x7c4f62]  java_start(Thread*)+0xf2

Java frames: (J=compiled Java code, j=interpreted, Vv=VM code)
j  sun.awt.image.JPEGImageDecoder.readImage(Ljava/io/InputStream;[B)V+0
j  sun.awt.image.JPEGImageDecoder.produceImage()V+10
j  sun.awt.image.InputStreamImageSource.doFetch()V+51
j  sun.awt.image.ImageFetcher.fetchloop()V+33
j  sun.awt.image.ImageFetcher.run()V+5
v  ~StubRoutines::call_stub

---------------  P R O C E S S  ---------------

Java Threads: ( => current thread )
=>0x00007fbecc02f800 JavaThread "Image Fetcher 0" daemon [_thread_in_native, id=10222, stack(0x00007fbedcd8e000,0x00007fbedce8f000)]
  0x00007fbed403f000 JavaThread "pool-2-thread-1" [_thread_blocked, id=10212, stack(0x00007fbec4927000,0x00007fbec4a28000)]
  0x00000000015bc800 JavaThread "Thread-2" [_thread_blocked, id=10211, stack(0x00007fbec4c47000,0x00007fbec4d48000)]
  0x00000000015ba000 JavaThread "Thread-0" [_thread_blocked, id=10210, stack(0x00007fbec50be000,0x00007fbec51bf000)]
  0x00000000015b7800 JavaThread "TimerQueue" daemon [_thread_blocked, id=10209, stack(0x00007fbec51bf000,0x00007fbec52c0000)]
  0x00007fbf1000b000 JavaThread "DestroyJavaVM" [_thread_blocked, id=10189, stack(0x00007fbf1705f000,0x00007fbf17160000)]
  0x00007fbf10413800 JavaThread "AWT-EventQueue-0" [_thread_blocked, id=10206, stack(0x00007fbec578e000,0x00007fbec588f000)]
  0x00007fbf10408000 JavaThread "AWT-Shutdown" [_thread_blocked, id=10205, stack(0x00007fbec588f000,0x00007fbec5990000)]
  0x00007fbf102da800 JavaThread "AWT-XAWT" daemon [_thread_in_native, id=10201, stack(0x00007fbedce8f000,0x00007fbedcf90000)]
  0x00007fbf102be000 JavaThread "Java2D Disposer" daemon [_thread_blocked, id=10200, stack(0x00007fbefc0d7000,0x00007fbefc1d8000)]
  0x00007fbf100ac000 JavaThread "Service Thread" daemon [_thread_blocked, id=10198, stack(0x00007fbefec54000,0x00007fbefed55000)]
  0x00007fbf100a9800 JavaThread "C2 CompilerThread1" daemon [_thread_blocked, id=10197, stack(0x00007fbefed55000,0x00007fbefee56000)]
  0x00007fbf100a6800 JavaThread "C2 CompilerThread0" daemon [_thread_blocked, id=10196, stack(0x00007fbefee56000,0x00007fbefef57000)]
  0x00007fbf100a4800 JavaThread "Signal Dispatcher" daemon [_thread_blocked, id=10195, stack(0x00007fbefef57000,0x00007fbeff058000)]
  0x00007fbf10078800 JavaThread "Finalizer" daemon [_thread_blocked, id=10194, stack(0x00007fbeff329000,0x00007fbeff42a000)]
  0x00007fbf10076800 JavaThread "Reference Handler" daemon [_thread_blocked, id=10193, stack(0x00007fbeff42a000,0x00007fbeff52b000)]

Other Threads:
  0x00007fbf10072000 VMThread [stack: 0x00007fbeff52b000,0x00007fbeff62c000] [id=10192]
  0x00007fbf100b6800 WatcherThread [stack: 0x00007fbefeb53000,0x00007fbefec54000] [id=10199]

VM state:not at safepoint (normal execution)

VM Mutex/Monitor currently owned by a thread: None

Heap
 PSYoungGen      total 33792K, used 5770K [0x00000000dae00000, 0x00000000dd380000, 0x0000000100000000)
  eden space 29184K, 4% used [0x00000000dae00000,0x00000000daf24f20,0x00000000dca80000)
  from space 4608K, 99% used [0x00000000dcf00000,0x00000000dd37d908,0x00000000dd380000)
  to   space 4608K, 0% used [0x00000000dca80000,0x00000000dca80000,0x00000000dcf00000)
 ParOldGen       total 75776K, used 2493K [0x0000000090a00000, 0x0000000095400000, 0x00000000dae00000)
  object space 75776K, 3% used [0x0000000090a00000,0x0000000090c6f450,0x0000000095400000)
 PSPermGen       total 21504K, used 20845K [0x0000000086400000, 0x0000000087900000, 0x0000000090a00000)
  object space 21504K, 96% used [0x0000000086400000,0x000000008785b530,0x0000000087900000)

Card table byte_map: [0x00007fbf0c811000,0x00007fbf0cbe0000] byte_map_base: 0x00007fbf0c3df000

Polling page: 0x00007fbf17165000

Code Cache  [0x00007fbf0cbe0000, 0x00007fbf0ce50000, 0x00007fbf0fbe0000)
 total_blobs=790 nmethods=204 adapters=540 free_code_cache=48138Kb largest_free_block=49262080

Compilation events (10 events):
Event: 16,823 Thread 0x00007fbf100a9800 nmethod 213 0x00007fbf0cce1690 code [0x00007fbf0cce1820, 0x00007fbf0cce1af8]
Event: 16,823 Thread 0x00007fbf100a6800 nmethod 215 0x00007fbf0cc47a90 code [0x00007fbf0cc47c00, 0x00007fbf0cc47dd8]
Event: 16,918 Thread 0x00007fbf100a9800  216             javax.swing.JComponent::contains (27 bytes)
Event: 16,920 Thread 0x00007fbf100a9800 nmethod 216 0x00007fbf0cc935d0 code [0x00007fbf0cc93700, 0x00007fbf0cc93798]
Event: 17,167 Thread 0x00007fbf100a6800  217             sun.awt.X11.XWindow::getModifiers (251 bytes)
Event: 17,173 Thread 0x00007fbf100a6800 nmethod 217 0x00007fbf0cc71c50 code [0x00007fbf0cc71da0, 0x00007fbf0cc71fe8]
Event: 17,521 Thread 0x00007fbf100a9800  218             java.awt.AWTEvent::getID (5 bytes)
Event: 17,522 Thread 0x00007fbf100a9800 nmethod 218 0x00007fbf0cce1490 code [0x00007fbf0cce15c0, 0x00007fbf0cce1618]
Event: 17,627 Thread 0x00007fbf100a6800  219             java.util.concurrent.locks.ReentrantLock$Sync::nonfairTryAcquire (67 bytes)
Event: 17,629 Thread 0x00007fbf100a6800 nmethod 219 0x00007fbf0cc719d0 code [0x00007fbf0cc71b00, 0x00007fbf0cc71bd8]

GC Heap History (4 events):
Event: 1,969 GC heap before
{Heap before GC invocations=1 (full 0):
 PSYoungGen      total 33792K, used 29184K [0x00000000dae00000, 0x00000000dd380000, 0x0000000100000000)
  eden space 29184K, 100% used [0x00000000dae00000,0x00000000dca80000,0x00000000dca80000)
  from space 4608K, 0% used [0x00000000dcf00000,0x00000000dcf00000,0x00000000dd380000)
  to   space 4608K, 0% used [0x00000000dca80000,0x00000000dca80000,0x00000000dcf00000)
 ParOldGen       total 75776K, used 0K [0x0000000090a00000, 0x0000000095400000, 0x00000000dae00000)
  object space 75776K, 0% used [0x0000000090a00000,0x0000000090a00000,0x0000000095400000)
 PSPermGen       total 21504K, used 16158K [0x0000000086400000, 0x0000000087900000, 0x0000000090a00000)
  object space 21504K, 75% used [0x0000000086400000,0x00000000873c7aa0,0x0000000087900000)
Event: 1,980 GC heap after
Heap after GC invocations=1 (full 0):
 PSYoungGen      total 33792K, used 3743K [0x00000000dae00000, 0x00000000dd380000, 0x0000000100000000)
  eden space 29184K, 0% used [0x00000000dae00000,0x00000000dae00000,0x00000000dca80000)
  from space 4608K, 81% used [0x00000000dca80000,0x00000000dce27f60,0x00000000dcf00000)
  to   space 4608K, 0% used [0x00000000dcf00000,0x00000000dcf00000,0x00000000dd380000)
 ParOldGen       total 75776K, used 0K [0x0000000090a00000, 0x0000000095400000, 0x00000000dae00000)
  object space 75776K, 0% used [0x0000000090a00000,0x0000000090a00000,0x0000000095400000)
 PSPermGen       total 21504K, used 16158K [0x0000000086400000, 0x0000000087900000, 0x0000000090a00000)
  object space 21504K, 75% used [0x0000000086400000,0x00000000873c7aa0,0x0000000087900000)
}
Event: 17,679 GC heap before
{Heap before GC invocations=2 (full 0):
 PSYoungGen      total 33792K, used 32927K [0x00000000dae00000, 0x00000000dd380000, 0x0000000100000000)
  eden space 29184K, 100% used [0x00000000dae00000,0x00000000dca80000,0x00000000dca80000)
  from space 4608K, 81% used [0x00000000dca80000,0x00000000dce27f60,0x00000000dcf00000)
  to   space 4608K, 0% used [0x00000000dcf00000,0x00000000dcf00000,0x00000000dd380000)
 ParOldGen       total 75776K, used 0K [0x0000000090a00000, 0x0000000095400000, 0x00000000dae00000)
  object space 75776K, 0% used [0x0000000090a00000,0x0000000090a00000,0x0000000095400000)
 PSPermGen       total 21504K, used 20839K [0x0000000086400000, 0x0000000087900000, 0x0000000090a00000)
  object space 21504K, 96% used [0x0000000086400000,0x0000000087859e10,0x0000000087900000)
Event: 17,699 GC heap after
Heap after GC invocations=2 (full 0):
 PSYoungGen      total 33792K, used 4598K [0x00000000dae00000, 0x00000000dd380000, 0x0000000100000000)
  eden space 29184K, 0% used [0x00000000dae00000,0x00000000dae00000,0x00000000dca80000)
  from space 4608K, 99% used [0x00000000dcf00000,0x00000000dd37d908,0x00000000dd380000)
  to   space 4608K, 0% used [0x00000000dca80000,0x00000000dca80000,0x00000000dcf00000)
 ParOldGen       total 75776K, used 2493K [0x0000000090a00000, 0x0000000095400000, 0x00000000dae00000)
  object space 75776K, 3% used [0x0000000090a00000,0x0000000090c6f450,0x0000000095400000)
 PSPermGen       total 21504K, used 20839K [0x0000000086400000, 0x0000000087900000, 0x0000000090a00000)
  object space 21504K, 96% used [0x0000000086400000,0x0000000087859e10,0x0000000087900000)
}

Deoptimization events (10 events):
Event: 1,744 Thread 0x00007fbf1000b000 Uncommon trap: reason=class_check action=maybe_recompile pc=0x00007fbf0cc813b0 method=java.io.FilterInputStream.read([B)I @ 5
Event: 2,094 Thread 0x00007fbf1000b000 Uncommon trap: reason=unloaded action=reinterpret pc=0x00007fbf0ccad218 method=java.lang.CharacterData.of(I)Ljava/lang/CharacterData; @ 96
Event: 2,313 Thread 0x00007fbf1000b000 Uncommon trap: reason=unloaded action=reinterpret pc=0x00007fbf0cc9378c method=java.util.ArrayList.rangeCheck(I)V @ 8
Event: 2,313 Thread 0x00007fbf1000b000 Uncommon trap: reason=unloaded action=reinterpret pc=0x00007fbf0cc93cc4 method=java.util.ArrayList.rangeCheck(I)V @ 8
Event: 2,399 Thread 0x00007fbf102da800 Uncommon trap: reason=unreached action=reinterpret pc=0x00007fbf0cca7708 method=java.lang.ThreadLocal.get()Ljava/lang/Object; @ 11
Event: 4,714 Thread 0x00007fbf102de800 Uncommon trap: reason=unloaded action=reinterpret pc=0x00007fbf0cc9f7d0 method=sun.awt.image.PNGImageDecoder.produceImage()V @ 361
Event: 4,718 Thread 0x00007fbf102de800 Uncommon trap: reason=predicate action=maybe_recompile pc=0x00007fbf0cc6a104 method=sun.awt.image.PNGImageDecoder.produceImage()V @ 960
Event: 9,173 Thread 0x00000000015bc800 Uncommon trap: reason=unreached action=reinterpret pc=0x00007fbf0cca7288 method=java.lang.ThreadLocal$ThreadLocalMap.getEntry(Ljava/lang/ThreadLocal;)Ljava/lang/ThreadLocal$ThreadLocalMap$Entry; @ 29
Event: 9,176 Thread 0x00000000015bc800 Uncommon trap: reason=unreached action=reinterpret pc=0x00007fbf0cca6edc method=java.lang.ThreadLocal$ThreadLocalMap.getEntry(Ljava/lang/ThreadLocal;)Ljava/lang/ThreadLocal$ThreadLocalMap$Entry; @ 29
Event: 9,186 Thread 0x00000000015ba000 Uncommon trap: reason=unreached action=reinterpret pc=0x00007fbf0ccdb0b4 method=org.scify.jthinkfreedom.keyboard.stimuli.CapturekeyStimulus.onDataReceived()V @ 46

Internal exceptions (10 events):
Event: 6,742 Thread 0x00000000015bc800 Threw 0x00000000dc529920 at /build/openjdk-7-FO0dNI/openjdk-7-7u79-2.5.6/build/openjdk/hotspot/src/share/vm/prims/jvm.cpp:1284
Event: 6,748 Thread 0x00000000015bc800 Threw 0x00000000dc546fa0 at /build/openjdk-7-FO0dNI/openjdk-7-7u79-2.5.6/build/openjdk/hotspot/src/share/vm/prims/jvm.cpp:1284
Event: 6,750 Thread 0x00000000015bc800 Threw 0x00000000dc558478 at /build/openjdk-7-FO0dNI/openjdk-7-7u79-2.5.6/build/openjdk/hotspot/src/share/vm/prims/jvm.cpp:1284
Event: 6,758 Thread 0x00000000015bc800 Threw 0x00000000dc5716a8 at /build/openjdk-7-FO0dNI/openjdk-7-7u79-2.5.6/build/openjdk/hotspot/src/share/vm/prims/jvm.cpp:1284
Event: 6,759 Thread 0x00000000015bc800 Threw 0x00000000dc582858 at /build/openjdk-7-FO0dNI/openjdk-7-7u79-2.5.6/build/openjdk/hotspot/src/share/vm/prims/jvm.cpp:1284
Event: 9,173 Thread 0x00000000015bc800 Threw 0x00000000dc59f568 at /build/openjdk-7-FO0dNI/openjdk-7-7u79-2.5.6/build/openjdk/hotspot/src/share/vm/prims/jvm.cpp:1284
Event: 9,182 Thread 0x00000000015bc800 Threw 0x00000000dc5b8010 at /build/openjdk-7-FO0dNI/openjdk-7-7u79-2.5.6/build/openjdk/hotspot/src/share/vm/prims/jvm.cpp:1284
Event: 9,525 Thread 0x00007fbf10413800 Threw 0x00000000dbc8edf8 at /build/openjdk-7-FO0dNI/openjdk-7-7u79-2.5.6/build/openjdk/hotspot/src/share/vm/prims/jni.cpp:747
Event: 17,642 Thread 0x00000000015ba000 Threw 0x00000000dc79a6d8 at /build/openjdk-7-FO0dNI/openjdk-7-7u79-2.5.6/build/openjdk/hotspot/src/share/vm/prims/jvm.cpp:1284
Event: 17,660 Thread 0x00000000015ba000 Threw 0x00000000dc7af1e0 at /build/openjdk-7-FO0dNI/openjdk-7-7u79-2.5.6/build/openjdk/hotspot/src/share/vm/prims/jvm.cpp:1284

Events (10 events):
Event: 17,661 Executing VM operation: RevokeBias done
Event: 17,668 loading class 0x00007fbf101e4080
Event: 17,668 loading class 0x00007fbf101e4080 done
Event: 17,674 Thread 0x00007fbecc02f800 Thread added: 0x00007fbecc02f800
Event: 17,675 Executing VM operation: RevokeBias
Event: 17,678 Executing VM operation: RevokeBias done
Event: 17,678 Executing VM operation: ParallelGCFailedAllocation
Event: 17,699 Executing VM operation: ParallelGCFailedAllocation done
Event: 17,700 loading class 0x00007fbf100ff050
Event: 17,700 loading class 0x00007fbf100ff050 done


Dynamic libraries:
00400000-00401000 r-xp 00000000 08:02 1323751                            /usr/lib/jvm/java-7-openjdk-amd64/jre/bin/java
00600000-00601000 r--p 00000000 08:02 1323751                            /usr/lib/jvm/java-7-openjdk-amd64/jre/bin/java
00601000-00602000 rw-p 00001000 08:02 1323751                            /usr/lib/jvm/java-7-openjdk-amd64/jre/bin/java
015b3000-01773000 rw-p 00000000 00:00 0                                  [heap]
86400000-87900000 rw-p 00000000 00:00 0 
87900000-90a00000 rw-p 00000000 00:00 0 
90a00000-95400000 rw-p 00000000 00:00 0 
95400000-dae00000 rw-p 00000000 00:00 0 
dae00000-dd380000 rw-p 00000000 00:00 0 
dd380000-100000000 rw-p 00000000 00:00 0 
7fbec0000000-7fbec0047000 rw-p 00000000 00:00 0 
7fbec0047000-7fbec4000000 ---p 00000000 00:00 0 
7fbec40af000-7fbec4210000 rw-p 00000000 00:00 0 
7fbec4210000-7fbec421a000 r-xp 00000000 08:02 1317748                    /usr/lib/jvm/java-7-openjdk-amd64/jre/lib/amd64/libjavajpeg.so
7fbec421a000-7fbec4419000 ---p 0000a000 08:02 1317748                    /usr/lib/jvm/java-7-openjdk-amd64/jre/lib/amd64/libjavajpeg.so
7fbec4419000-7fbec441a000 r--p 00009000 08:02 1317748                    /usr/lib/jvm/java-7-openjdk-amd64/jre/lib/amd64/libjavajpeg.so
7fbec441a000-7fbec441b000 rw-p 0000a000 08:02 1317748                    /usr/lib/jvm/java-7-openjdk-amd64/jre/lib/amd64/libjavajpeg.so
7fbec4422000-7fbec4425000 ---p 00000000 00:00 0 
7fbec4425000-7fbec4523000 rw-p 00000000 00:00 0 
7fbec4523000-7fbec4526000 ---p 00000000 00:00 0 
7fbec4526000-7fbec4624000 rw-p 00000000 00:00 0 
7fbec4624000-7fbec4627000 ---p 00000000 00:00 0 
7fbec4627000-7fbec4725000 rw-p 00000000 00:00 0 
7fbec4725000-7fbec4728000 ---p 00000000 00:00 0 
7fbec4728000-7fbec4826000 rw-p 00000000 00:00 0 
7fbec4826000-7fbec4829000 ---p 00000000 00:00 0 
7fbec4829000-7fbec4927000 rw-p 00000000 00:00 0 
7fbec4927000-7fbec492a000 ---p 00000000 00:00 0 
7fbec492a000-7fbec4a28000 rw-p 00000000 00:00 0                          [stack:10212]
7fbec4a28000-7fbec4a3f000 r-xp 00000000 08:02 271423                     /tmp/jna-xrousakis/jna3398791455154397197.tmp (deleted)
7fbec4a3f000-7fbec4c3f000 ---p 00017000 08:02 271423                     /tmp/jna-xrousakis/jna3398791455154397197.tmp (deleted)
7fbec4c3f000-7fbec4c40000 r--p 00017000 08:02 271423                     /tmp/jna-xrousakis/jna3398791455154397197.tmp (deleted)
7fbec4c40000-7fbec4c41000 rw-p 00018000 08:02 271423                     /tmp/jna-xrousakis/jna3398791455154397197.tmp (deleted)
7fbec4c47000-7fbec4c4a000 ---p 00000000 00:00 0 
7fbec4c4a000-7fbec4d48000 rw-p 00000000 00:00 0                          [stack:10211]
7fbec4d48000-7fbec4f85000 rw-s 00000000 00:04 5341195                    /SYSV00000000 (deleted)
7fbec4f87000-7fbec4f8a000 ---p 00000000 00:00 0 
7fbec4f8a000-7fbec5088000 rw-p 00000000 00:00 0 
7fbec50be000-7fbec50c1000 ---p 00000000 00:00 0 
7fbec50c1000-7fbec51bf000 rw-p 00000000 00:00 0                          [stack:10210]
7fbec51bf000-7fbec51c2000 ---p 00000000 00:00 0 
7fbec51c2000-7fbec52c0000 rw-p 00000000 00:00 0                          [stack:10209]
7fbec537f000-7fbec5458000 rw-p 00000000 00:00 0 
7fbec5458000-7fbec5459000 r--s 00000000 08:02 2756976                    /var/cache/fontconfig/c05880de57d1f5e948fdfacc138775d9-le64.cache-4
7fbec5460000-7fbec546b000 r--s 00000000 08:02 2756975                    /var/cache/fontconfig/945677eb7aeaf62f1d50efc3fb3ec7d8-le64.cache-4
7fbec5470000-7fbec5472000 r--s 00000000 08:02 2756973                    /var/cache/fontconfig/99e8ed0e538f840c565b6ed5dad60d56-le64.cache-4
7fbec5478000-7fbec547e000 r--s 00000000 08:02 2756972                    /var/cache/fontconfig/2cd17615ca594fa2959ae173292e504c-le64.cache-4
7fbec5480000-7fbec5481000 r--s 00000000 08:02 2756971                    /var/cache/fontconfig/e7071f4a29fa870f4323321c154eba04-le64.cache-4
7fbec5488000-7fbec5489000 r--s 00000000 08:02 2756970                    /var/cache/fontconfig/0d8c3b2ac0904cb8a57a757ad11a4a08-le64.cache-4
7fbec5490000-7fbec5497000 r--s 00000000 08:02 2756969                    /var/cache/fontconfig/a755afe4a08bf5b97852ceb7400b47bc-le64.cache-4
7fbec5498000-7fbec54a4000 r--s 00000000 08:02 2756968                    /var/cache/fontconfig/6d41288fd70b0be22e8c3a91e032eec0-le64.cache-4
7fbec54a8000-7fbec54bc000 r--s 00000000 08:02 2756967                    /var/cache/fontconfig/04aabc0a78ac019cf9454389977116d2-le64.cache-4
7fbec54c0000-7fbec54c1000 r--s 00000000 08:02 2756966                    /var/cache/fontconfig/1ac9eb803944fde146138c791f5cc56a-le64.cache-4
7fbec54c8000-7fbec54cc000 r--s 00000000 08:02 2756965                    /var/cache/fontconfig/385c0604a188198f04d133e54aba7fe7-le64.cache-4
7fbec54d0000-7fbec54d1000 r--s 00000000 08:02 2756964                    /var/cache/fontconfig/dc05db6664285cc2f12bf69c139ae4c3-le64.cache-4
7fbec54d8000-7fbec54da000 r--s 00000000 08:02 2756963                    /var/cache/fontconfig/767a8244fc0220cfb567a839d0392e0b-le64.cache-4
7fbec54e0000-7fbec54e1000 r--s 00000000 08:02 2753289                    /var/cache/fontconfig/4794a0821666d79190d59a36cb4f44b5-le64.cache-4
7fbec54e8000-7fbec54ed000 r--s 00000000 08:02 2756961                    /var/cache/fontconfig/8801497958630a81b71ace7c5f9b32a8-le64.cache-4
7fbec54f0000-7fbec54f7000 r--s 00000000 08:02 2756960                    /var/cache/fontconfig/3047814df9a2f067bd2d96a2b9c36e5a-le64.cache-4
7fbec54f8000-7fbec54f9000 r--s 00000000 08:02 2756959                    /var/cache/fontconfig/56cf4f4769d0f4abc89a4895d7bd3ae1-le64.cache-4
7fbec5500000-7fbec5501000 r--s 00000000 08:02 2756958                    /var/cache/fontconfig/b9d506c9ac06c20b433354fa67a72993-le64.cache-4
7fbec5508000-7fbec550e000 r--s 00000000 08:02 2756957                    /var/cache/fontconfig/b47c4e1ecd0709278f4910c18777a504-le64.cache-4
7fbec5510000-7fbec5523000 r--s 00000000 08:02 2756956                    /var/cache/fontconfig/d52a8644073d54c13679302ca1180695-le64.cache-4
7fbec5528000-7fbec5533000 r--s 00000000 08:02 2756954                    /var/cache/fontconfig/d589a48862398ed80a3d6066f4f56f4c-le64.cache-4
7fbec5538000-7fbec558a000 r-xp 00000000 08:02 1317750                    /usr/lib/jvm/java-7-openjdk-amd64/jre/lib/amd64/libfontmanager.so
7fbec558a000-7fbec5789000 ---p 00052000 08:02 1317750                    /usr/lib/jvm/java-7-openjdk-amd64/jre/lib/amd64/libfontmanager.so
7fbec5789000-7fbec578c000 r--p 00051000 08:02 1317750                    /usr/lib/jvm/java-7-openjdk-amd64/jre/lib/amd64/libfontmanager.so
7fbec578c000-7fbec578d000 rw-p 00054000 08:02 1317750                    /usr/lib/jvm/java-7-openjdk-amd64/jre/lib/amd64/libfontmanager.so
7fbec578e000-7fbec5791000 ---p 00000000 00:00 0 
7fbec5791000-7fbec588f000 rw-p 00000000 00:00 0                          [stack:10206]
7fbec588f000-7fbec5892000 ---p 00000000 00:00 0 
7fbec5892000-7fbec5990000 rw-p 00000000 00:00 0                          [stack:10205]
7fbec5990000-7fbec5b3d000 r-xp 00000000 08:02 271422                     /tmp/javacpp15634613509670/libjniopencv_core.so
7fbec5b3d000-7fbec5d3d000 ---p 001ad000 08:02 271422                     /tmp/javacpp15634613509670/libjniopencv_core.so
7fbec5d3d000-7fbec5d3e000 r--p 001ad000 08:02 271422                     /tmp/javacpp15634613509670/libjniopencv_core.so
7fbec5d3e000-7fbec5d40000 rw-p 001ae000 08:02 271422                     /tmp/javacpp15634613509670/libjniopencv_core.so
7fbec5d40000-7fbec5d8e000 r-xp 00000000 08:02 271421                     /tmp/javacpp15634613509670/libjniopencv_highgui.so
7fbec5d8e000-7fbec5f8d000 ---p 0004e000 08:02 271421                     /tmp/javacpp15634613509670/libjniopencv_highgui.so
7fbec5f8d000-7fbec5f8e000 r--p 0004d000 08:02 271421                     /tmp/javacpp15634613509670/libjniopencv_highgui.so
7fbec5f8e000-7fbec5f8f000 rw-p 0004e000 08:02 271421                     /tmp/javacpp15634613509670/libjniopencv_highgui.so
7fbec5f90000-7fbec5fd3000 r-xp 00000000 08:02 1188593                    /usr/lib/x86_64-linux-gnu/libjpeg.so.8.0.2
7fbec5fd3000-7fbec61d3000 ---p 00043000 08:02 1188593                    /usr/lib/x86_64-linux-gnu/libjpeg.so.8.0.2
7fbec61d3000-7fbec61d4000 r--p 00043000 08:02 1188593                    /usr/lib/x86_64-linux-gnu/libjpeg.so.8.0.2
7fbec61d4000-7fbec61d5000 rw-p 00044000 08:02 1188593                    /usr/lib/x86_64-linux-gnu/libjpeg.so.8.0.2
7fbec61d5000-7fbec61e5000 rw-p 00000000 00:00 0 
7fbec61e8000-7fbec620c000 r-xp 00000000 08:02 1188998                    /usr/lib/x86_64-linux-gnu/libv4lconvert.so.0.0.0
7fbec620c000-7fbec640c000 ---p 00024000 08:02 1188998                    /usr/lib/x86_64-linux-gnu/libv4lconvert.so.0.0.0
7fbec640c000-7fbec640e000 r--p 00024000 08:02 1188998                    /usr/lib/x86_64-linux-gnu/libv4lconvert.so.0.0.0
7fbec640e000-7fbec640f000 rw-p 00026000 08:02 1188998                    /usr/lib/x86_64-linux-gnu/libv4lconvert.so.0.0.0
7fbec640f000-7fbec6461000 rw-p 00000000 00:00 0 
7fbec6468000-7fbec646e000 r-xp 00000000 08:02 1188131                    /usr/lib/x86_64-linux-gnu/libdatrie.so.1.3.1
7fbec646e000-7fbec666d000 ---p 00006000 08:02 1188131                    /usr/lib/x86_64-linux-gnu/libdatrie.so.1.3.1
7fbec666d000-7fbec666e000 r--p 00005000 08:02 1188131                    /usr/lib/x86_64-linux-gnu/libdatrie.so.1.3.1
7fbec666e000-7fbec666f000 rw-p 00006000 08:02 1188131                    /usr/lib/x86_64-linux-gnu/libdatrie.so.1.3.1
7fbec6670000-7fbec668a000 r-xp 00000000 08:02 1188402                    /usr/lib/x86_64-linux-gnu/libgraphite2.so.3.0.1
7fbec668a000-7fbec6889000 ---p 0001a000 08:02 1188402                    /usr/lib/x86_64-linux-gnu/libgraphite2.so.3.0.1
7fbec6889000-7fbec688b000 r--p 00019000 08:02 1188402                    /usr/lib/x86_64-linux-gnu/libgraphite2.so.3.0.1
7fbec688b000-7fbec688c000 rw-p 0001b000 08:02 1188402                    /usr/lib/x86_64-linux-gnu/libgraphite2.so.3.0.1
7fbec6890000-7fbec6899000 r-xp 00000000 08:02 1188996                    /usr/lib/x86_64-linux-gnu/libv4l2.so.0.0.0
7fbec6899000-7fbec6a98000 ---p 00009000 08:02 1188996                    /usr/lib/x86_64-linux-gnu/libv4l2.so.0.0.0
7fbec6a98000-7fbec6a99000 r--p 00008000 08:02 1188996                    /usr/lib/x86_64-linux-gnu/libv4l2.so.0.0.0
7fbec6a99000-7fbec6a9e000 rw-p 00009000 08:02 1188996                    /usr/lib/x86_64-linux-gnu/libv4l2.so.0.0.0
7fbec6aa0000-7fbec6aa8000 r-xp 00000000 08:02 1188953                    /usr/lib/x86_64-linux-gnu/libthai.so.0.2.0
7fbec6aa8000-7fbec6ca7000 ---p 00008000 08:02 1188953                    /usr/lib/x86_64-linux-gnu/libthai.so.0.2.0
7fbec6ca7000-7fbec6ca8000 r--p 00007000 08:02 1188953                    /usr/lib/x86_64-linux-gnu/libthai.so.0.2.0
7fbec6ca8000-7fbec6ca9000 rw-p 00008000 08:02 1188953                    /usr/lib/x86_64-linux-gnu/libthai.so.0.2.0
7fbec6cb0000-7fbec6d03000 r-xp 00000000 08:02 1179957                    /usr/lib/x86_64-linux-gnu/libharfbuzz.so.0.927.0
7fbec6d03000-7fbec6f03000 ---p 00053000 08:02 1179957                    /usr/lib/x86_64-linux-gnu/libharfbuzz.so.0.927.0
7fbec6f03000-7fbec6f04000 r--p 00053000 08:02 1179957                    /usr/lib/x86_64-linux-gnu/libharfbuzz.so.0.927.0
7fbec6f04000-7fbec6f05000 rw-p 00054000 08:02 1179957                    /usr/lib/x86_64-linux-gnu/libharfbuzz.so.0.927.0
7fbec6f08000-7fbec6f10000 r-xp 00000000 08:02 1189074                    /usr/lib/x86_64-linux-gnu/libxcb-render.so.0.0.0
7fbec6f10000-7fbec710f000 ---p 00008000 08:02 1189074                    /usr/lib/x86_64-linux-gnu/libxcb-render.so.0.0.0
7fbec710f000-7fbec7110000 r--p 00007000 08:02 1189074                    /usr/lib/x86_64-linux-gnu/libxcb-render.so.0.0.0
7fbec7110000-7fbec7111000 rw-p 00008000 08:02 1189074                    /usr/lib/x86_64-linux-gnu/libxcb-render.so.0.0.0
7fbec7118000-7fbec711a000 r-xp 00000000 08:02 1189078                    /usr/lib/x86_64-linux-gnu/libxcb-shm.so.0.0.0
7fbec711a000-7fbec7319000 ---p 00002000 08:02 1189078                    /usr/lib/x86_64-linux-gnu/libxcb-shm.so.0.0.0
7fbec7319000-7fbec731a000 r--p 00001000 08:02 1189078                    /usr/lib/x86_64-linux-gnu/libxcb-shm.so.0.0.0
7fbec731a000-7fbec731b000 rw-p 00002000 08:02 1189078                    /usr/lib/x86_64-linux-gnu/libxcb-shm.so.0.0.0
7fbec7320000-7fbec73c1000 r-xp 00000000 08:02 1188793                    /usr/lib/x86_64-linux-gnu/libpixman-1.so.0.30.2
7fbec73c1000-7fbec75c1000 ---p 000a1000 08:02 1188793                    /usr/lib/x86_64-linux-gnu/libpixman-1.so.0.30.2
7fbec75c1000-7fbec75c8000 r--p 000a1000 08:02 1188793                    /usr/lib/x86_64-linux-gnu/libpixman-1.so.0.30.2
7fbec75c8000-7fbec75c9000 rw-p 000a8000 08:02 1188793                    /usr/lib/x86_64-linux-gnu/libpixman-1.so.0.30.2
7fbec75d0000-7fbec75d2000 r-xp 00000000 08:02 1187926                    /usr/lib/x86_64-linux-gnu/libXdamage.so.1.1.0
7fbec75d2000-7fbec77d1000 ---p 00002000 08:02 1187926                    /usr/lib/x86_64-linux-gnu/libXdamage.so.1.1.0
7fbec77d1000-7fbec77d2000 r--p 00001000 08:02 1187926                    /usr/lib/x86_64-linux-gnu/libXdamage.so.1.1.0
7fbec77d2000-7fbec77d3000 rw-p 00002000 08:02 1187926                    /usr/lib/x86_64-linux-gnu/libXdamage.so.1.1.0
7fbec77d8000-7fbec77da000 r-xp 00000000 08:02 1187922                    /usr/lib/x86_64-linux-gnu/libXcomposite.so.1.0.0
7fbec77da000-7fbec79d9000 ---p 00002000 08:02 1187922                    /usr/lib/x86_64-linux-gnu/libXcomposite.so.1.0.0
7fbec79d9000-7fbec79da000 r--p 00001000 08:02 1187922                    /usr/lib/x86_64-linux-gnu/libXcomposite.so.1.0.0
7fbec79da000-7fbec79db000 rw-p 00002000 08:02 1187922                    /usr/lib/x86_64-linux-gnu/libXcomposite.so.1.0.0
7fbec79e0000-7fbec79e9000 r-xp 00000000 08:02 1187948                    /usr/lib/x86_64-linux-gnu/libXrandr.so.2.2.0
7fbec79e9000-7fbec7be8000 ---p 00009000 08:02 1187948                    /usr/lib/x86_64-linux-gnu/libXrandr.so.2.2.0
7fbec7be8000-7fbec7be9000 r--p 00008000 08:02 1187948                    /usr/lib/x86_64-linux-gnu/libXrandr.so.2.2.0
7fbec7be9000-7fbec7bea000 rw-p 00009000 08:02 1187948                    /usr/lib/x86_64-linux-gnu/libXrandr.so.2.2.0
7fbec7bf0000-7fbec7bf2000 r-xp 00000000 08:02 1187940                    /usr/lib/x86_64-linux-gnu/libXinerama.so.1.0.0
7fbec7bf2000-7fbec7df1000 ---p 00002000 08:02 1187940                    /usr/lib/x86_64-linux-gnu/libXinerama.so.1.0.0
7fbec7df1000-7fbec7df2000 r--p 00001000 08:02 1187940                    /usr/lib/x86_64-linux-gnu/libXinerama.so.1.0.0
7fbec7df2000-7fbec7df3000 rw-p 00002000 08:02 1187940                    /usr/lib/x86_64-linux-gnu/libXinerama.so.1.0.0
7fbec7df8000-7fbec7dfd000 r-xp 00000000 08:02 1188994                    /usr/lib/x86_64-linux-gnu/libv4l1.so.0.0.0
7fbec7dfd000-7fbec7ffc000 ---p 00005000 08:02 1188994                    /usr/lib/x86_64-linux-gnu/libv4l1.so.0.0.0
7fbec7ffc000-7fbec7ffd000 r--p 00004000 08:02 1188994                    /usr/lib/x86_64-linux-gnu/libv4l1.so.0.0.0
7fbec7ffd000-7fbec7ffe000 rw-p 00005000 08:02 1188994                    /usr/lib/x86_64-linux-gnu/libv4l1.so.0.0.0
7fbec8000000-7fbec8001000 r-xp 00000000 08:02 1181659                    /usr/lib/x86_64-linux-gnu/libgthread-2.0.so.0.4002.0
7fbec8001000-7fbec8200000 ---p 00001000 08:02 1181659                    /usr/lib/x86_64-linux-gnu/libgthread-2.0.so.0.4002.0
7fbec8200000-7fbec8201000 r--p 00000000 08:02 1181659                    /usr/lib/x86_64-linux-gnu/libgthread-2.0.so.0.4002.0
7fbec8201000-7fbec8202000 rw-p 00001000 08:02 1181659                    /usr/lib/x86_64-linux-gnu/libgthread-2.0.so.0.4002.0
7fbec8208000-7fbec8252000 r-xp 00000000 08:02 1181864                    /usr/lib/x86_64-linux-gnu/libpango-1.0.so.0.3600.3
7fbec8252000-7fbec8452000 ---p 0004a000 08:02 1181864                    /usr/lib/x86_64-linux-gnu/libpango-1.0.so.0.3600.3
7fbec8452000-7fbec8454000 r--p 0004a000 08:02 1181864                    /usr/lib/x86_64-linux-gnu/libpango-1.0.so.0.3600.3
7fbec8454000-7fbec8455000 rw-p 0004c000 08:02 1181864                    /usr/lib/x86_64-linux-gnu/libpango-1.0.so.0.3600.3
7fbec8458000-7fbec846c000 r-xp 00000000 08:02 1181866                    /usr/lib/x86_64-linux-gnu/libpangoft2-1.0.so.0.3600.3
7fbec846c000-7fbec866b000 ---p 00014000 08:02 1181866                    /usr/lib/x86_64-linux-gnu/libpangoft2-1.0.so.0.3600.3
7fbec866b000-7fbec866c000 r--p 00013000 08:02 1181866                    /usr/lib/x86_64-linux-gnu/libpangoft2-1.0.so.0.3600.3
7fbec866c000-7fbec866d000 rw-p 00014000 08:02 1181866                    /usr/lib/x86_64-linux-gnu/libpangoft2-1.0.so.0.3600.3
7fbec8670000-7fbec868f000 r-xp 00000000 08:02 1188324                    /usr/lib/x86_64-linux-gnu/libgdk_pixbuf-2.0.so.0.3000.7
7fbec868f000-7fbec888f000 ---p 0001f000 08:02 1188324                    /usr/lib/x86_64-linux-gnu/libgdk_pixbuf-2.0.so.0.3000.7
7fbec888f000-7fbec8890000 r--p 0001f000 08:02 1188324                    /usr/lib/x86_64-linux-gnu/libgdk_pixbuf-2.0.so.0.3000.7
7fbec8890000-7fbec8891000 rw-p 00020000 08:02 1188324                    /usr/lib/x86_64-linux-gnu/libgdk_pixbuf-2.0.so.0.3000.7
7fbec8898000-7fbec899e000 r-xp 00000000 08:02 1184068                    /usr/lib/x86_64-linux-gnu/libcairo.so.2.11301.0
7fbec899e000-7fbec8b9d000 ---p 00106000 08:02 1184068                    /usr/lib/x86_64-linux-gnu/libcairo.so.2.11301.0
7fbec8b9d000-7fbec8ba0000 r--p 00105000 08:02 1184068                    /usr/lib/x86_64-linux-gnu/libcairo.so.2.11301.0
7fbec8ba0000-7fbec8ba1000 rw-p 00108000 08:02 1184068                    /usr/lib/x86_64-linux-gnu/libcairo.so.2.11301.0
7fbec8ba1000-7fbec8ba3000 rw-p 00000000 00:00 0 
7fbec8ba8000-7fbec8bc7000 r-xp 00000000 08:02 1188009                    /usr/lib/x86_64-linux-gnu/libatk-1.0.so.0.21009.1
7fbec8bc7000-7fbec8dc7000 ---p 0001f000 08:02 1188009                    /usr/lib/x86_64-linux-gnu/libatk-1.0.so.0.21009.1
7fbec8dc7000-7fbec8dc9000 r--p 0001f000 08:02 1188009                    /usr/lib/x86_64-linux-gnu/libatk-1.0.so.0.21009.1
7fbec8dc9000-7fbec8dca000 rw-p 00021000 08:02 1188009                    /usr/lib/x86_64-linux-gnu/libatk-1.0.so.0.21009.1
7fbec8dd0000-7fbec8ddb000 r-xp 00000000 08:02 1181862                    /usr/lib/x86_64-linux-gnu/libpangocairo-1.0.so.0.3600.3
7fbec8ddb000-7fbec8fdb000 ---p 0000b000 08:02 1181862                    /usr/lib/x86_64-linux-gnu/libpangocairo-1.0.so.0.3600.3
7fbec8fdb000-7fbec8fdc000 r--p 0000b000 08:02 1181862                    /usr/lib/x86_64-linux-gnu/libpangocairo-1.0.so.0.3600.3
7fbec8fdc000-7fbec8fdd000 rw-p 0000c000 08:02 1181862                    /usr/lib/x86_64-linux-gnu/libpangocairo-1.0.so.0.3600.3
7fbec8fe0000-7fbec908d000 r-xp 00000000 08:02 1185800                    /usr/lib/x86_64-linux-gnu/libgdk-x11-2.0.so.0.2400.23
7fbec908d000-7fbec928c000 ---p 000ad000 08:02 1185800                    /usr/lib/x86_64-linux-gnu/libgdk-x11-2.0.so.0.2400.23
7fbec928c000-7fbec9290000 r--p 000ac000 08:02 1185800                    /usr/lib/x86_64-linux-gnu/libgdk-x11-2.0.so.0.2400.23
7fbec9290000-7fbec9292000 rw-p 000b0000 08:02 1185800                    /usr/lib/x86_64-linux-gnu/libgdk-x11-2.0.so.0.2400.23
7fbec9298000-7fbec96c7000 r-xp 00000000 08:02 1190134                    /usr/lib/x86_64-linux-gnu/libgtk-x11-2.0.so.0.2400.23
7fbec96c7000-7fbec98c6000 ---p 0042f000 08:02 1190134                    /usr/lib/x86_64-linux-gnu/libgtk-x11-2.0.so.0.2400.23
7fbec98c6000-7fbec98cd000 r--p 0042e000 08:02 1190134                    /usr/lib/x86_64-linux-gnu/libgtk-x11-2.0.so.0.2400.23
7fbec98cd000-7fbec98d1000 rw-p 00435000 08:02 1190134                    /usr/lib/x86_64-linux-gnu/libgtk-x11-2.0.so.0.2400.23
7fbec98d1000-7fbec98d4000 rw-p 00000000 00:00 0 
7fbec98d8000-7fbec9b1f000 r-xp 00000000 08:02 271420                     /tmp/javacpp15634613509670/libopencv_highgui.so.2.4
7fbec9b1f000-7fbec9d1f000 ---p 00247000 08:02 271420                     /tmp/javacpp15634613509670/libopencv_highgui.so.2.4
7fbec9d1f000-7fbec9d27000 r--p 00247000 08:02 271420                     /tmp/javacpp15634613509670/libopencv_highgui.so.2.4
7fbec9d27000-7fbec9d30000 rw-p 0024f000 08:02 271420                     /tmp/javacpp15634613509670/libopencv_highgui.so.2.4
7fbec9d30000-7fbec9d38000 rw-p 00000000 00:00 0 
7fbec9d38000-7fbec9f93000 r-xp 00000000 08:02 271419                     /tmp/javacpp15634613509670/libopencv_imgproc.so.2.4
7fbec9f93000-7fbeca193000 ---p 0025b000 08:02 271419                     /tmp/javacpp15634613509670/libopencv_imgproc.so.2.4
7fbeca193000-7fbeca19a000 r--p 0025b000 08:02 271419                     /tmp/javacpp15634613509670/libopencv_imgproc.so.2.4
7fbeca19a000-7fbeca19c000 rw-p 00262000 08:02 271419                     /tmp/javacpp15634613509670/libopencv_imgproc.so.2.4
7fbeca19c000-7fbeca231000 rw-p 00000000 00:00 0 
7fbeca238000-7fbeca4e1000 r-xp 00000000 08:02 271418                     /tmp/javacpp15634613509670/libopencv_core.so.2.4
7fbeca4e1000-7fbeca6e0000 ---p 002a9000 08:02 271418                     /tmp/javacpp15634613509670/libopencv_core.so.2.4
7fbeca6e0000-7fbeca6e4000 r--p 002a8000 08:02 271418                     /tmp/javacpp15634613509670/libopencv_core.so.2.4
7fbeca6e4000-7fbeca6ed000 rw-p 002ac000 08:02 271418                     /tmp/javacpp15634613509670/libopencv_core.so.2.4
7fbeca6ed000-7fbeca6f0000 rw-p 00000000 00:00 0 
7fbeca6f0000-7fbeca719000 r-xp 00000000 08:02 271417                     /tmp/javacpp15634613509670/libtbb.so
7fbeca719000-7fbeca918000 ---p 00029000 08:02 271417                     /tmp/javacpp15634613509670/libtbb.so
7fbeca918000-7fbeca91a000 r--p 00028000 08:02 271417                     /tmp/javacpp15634613509670/libtbb.so
7fbeca91a000-7fbeca91b000 rw-p 0002a000 08:02 271417                     /tmp/javacpp15634613509670/libtbb.so
7fbeca920000-7fbeca946000 r-xp 00000000 08:02 271416                     /tmp/javacpp15634613509670/libjnifreenect.so
7fbeca946000-7fbecab45000 ---p 00026000 08:02 271416                     /tmp/javacpp15634613509670/libjnifreenect.so
7fbecab45000-7fbecab46000 r--p 00025000 08:02 271416                     /tmp/javacpp15634613509670/libjnifreenect.so
7fbecab46000-7fbecab47000 rw-p 00026000 08:02 271416                     /tmp/javacpp15634613509670/libjnifreenect.so
7fbecab48000-7fbecab4b000 r-xp 00000000 08:02 271415                     /tmp/javacpp15634613509670/libfreenect_sync.so
7fbecab4b000-7fbecad4a000 ---p 00003000 08:02 271415                     /tmp/javacpp15634613509670/libfreenect_sync.so
7fbecad4a000-7fbecad4b000 r--p 00002000 08:02 271415                     /tmp/javacpp15634613509670/libfreenect_sync.so
7fbecad4b000-7fbecad4c000 rw-p 00003000 08:02 271415                     /tmp/javacpp15634613509670/libfreenect_sync.so
7fbecad50000-7fbecad5e000 r-xp 00000000 08:02 271414                     /tmp/javacpp15634613509670/libfreenect.so
7fbecad5e000-7fbecaf5d000 ---p 0000e000 08:02 271414                     /tmp/javacpp15634613509670/libfreenect.so
7fbecaf5d000-7fbecaf5e000 r--p 0000d000 08:02 271414                     /tmp/javacpp15634613509670/libfreenect.so
7fbecaf5e000-7fbecaf5f000 rw-p 0000e000 08:02 271414                     /tmp/javacpp15634613509670/libfreenect.so
7fbecaf5f000-7fbecaf60000 ---p 00000000 00:00 0 
7fbecaf60000-7fbecb760000 rw-p 00000000 00:00 0 
7fbecb760000-7fbecb7b2000 r-xp 00000000 08:02 271413                     /tmp/javacpp15634613509670/libjnidc1394.so
7fbecb7b2000-7fbecb9b1000 ---p 00052000 08:02 271413                     /tmp/javacpp15634613509670/libjnidc1394.so
7fbecb9b1000-7fbecb9b2000 r--p 00051000 08:02 271413                     /tmp/javacpp15634613509670/libjnidc1394.so
7fbecb9b2000-7fbecb9b3000 rw-p 00052000 08:02 271413                     /tmp/javacpp15634613509670/libjnidc1394.so
7fbecb9b8000-7fbecb9c0000 r-xp 00000000 08:02 1445949                    /lib/x86_64-linux-gnu/libnih-dbus.so.1.0.0
7fbecb9c0000-7fbecbbc0000 ---p 00008000 08:02 1445949                    /lib/x86_64-linux-gnu/libnih-dbus.so.1.0.0
7fbecbbc0000-7fbecbbc1000 r--p 00008000 08:02 1445949                    /lib/x86_64-linux-gnu/libnih-dbus.so.1.0.0
7fbecbbc1000-7fbecbbc2000 rw-p 00009000 08:02 1445949                    /lib/x86_64-linux-gnu/libnih-dbus.so.1.0.0
7fbecbbc8000-7fbecbbdf000 r-xp 00000000 08:02 1445951                    /lib/x86_64-linux-gnu/libnih.so.1.0.0
7fbecbbdf000-7fbecbdde000 ---p 00017000 08:02 1445951                    /lib/x86_64-linux-gnu/libnih.so.1.0.0
7fbecbdde000-7fbecbddf000 r--p 00016000 08:02 1445951                    /lib/x86_64-linux-gnu/libnih.so.1.0.0
7fbecbddf000-7fbecbde0000 rw-p 00017000 08:02 1445951                    /lib/x86_64-linux-gnu/libnih.so.1.0.0
7fbecbde0000-7fbecbdf9000 r-xp 00000000 08:02 1444015                    /lib/x86_64-linux-gnu/libcgmanager.so.0.0.0
7fbecbdf9000-7fbecbff8000 ---p 00019000 08:02 1444015                    /lib/x86_64-linux-gnu/libcgmanager.so.0.0.0
7fbecbff8000-7fbecbffa000 r--p 00018000 08:02 1444015                    /lib/x86_64-linux-gnu/libcgmanager.so.0.0.0
7fbecbffa000-7fbecbffb000 rw-p 0001a000 08:02 1444015                    /lib/x86_64-linux-gnu/libcgmanager.so.0.0.0
7fbecc000000-7fbecc045000 rw-p 00000000 00:00 0 
7fbecc045000-7fbed0000000 ---p 00000000 00:00 0 
7fbed0000000-7fbed0086000 rw-p 00000000 00:00 0 
7fbed0086000-7fbed4000000 ---p 00000000 00:00 0 
7fbed4000000-7fbed4072000 rw-p 00000000 00:00 0 
7fbed4072000-7fbed8000000 ---p 00000000 00:00 0 
7fbed8000000-7fbed8021000 rw-p 00000000 00:00 0 
7fbed8021000-7fbedc000000 ---p 00000000 00:00 0 
7fbedc000000-7fbedc009000 r--s 00000000 08:02 2754543                    /var/cache/fontconfig/3f7329c5293ffd510edef78f73874cfd-le64.cache-4
7fbedc010000-7fbedc011000 r--s 00000000 08:02 2756953                    /var/cache/fontconfig/0c9eb80ebd1c36541ebe2852d3bb0c49-le64.cache-4
7fbedc018000-7fbedc01b000 r--s 00000000 08:02 2756942                    /var/cache/fontconfig/e13b20fdb08344e0e664864cc2ede53d-le64.cache-4
7fbedc0a8000-7fbedc0b8000 r-xp 00000000 08:02 1442754                    /lib/x86_64-linux-gnu/libudev.so.1.3.5
7fbedc0b8000-7fbedc2b7000 ---p 00010000 08:02 1442754                    /lib/x86_64-linux-gnu/libudev.so.1.3.5
7fbedc2b7000-7fbedc2b8000 r--p 0000f000 08:02 1442754                    /lib/x86_64-linux-gnu/libudev.so.1.3.5
7fbedc2b8000-7fbedc2b9000 rw-p 00010000 08:02 1442754                    /lib/x86_64-linux-gnu/libudev.so.1.3.5
7fbedc2c0000-7fbedc2d5000 r-xp 00000000 08:02 1446041                    /lib/x86_64-linux-gnu/libusb-1.0.so.0.1.0
7fbedc2d5000-7fbedc4d5000 ---p 00015000 08:02 1446041                    /lib/x86_64-linux-gnu/libusb-1.0.so.0.1.0
7fbedc4d5000-7fbedc4d6000 r--p 00015000 08:02 1446041                    /lib/x86_64-linux-gnu/libusb-1.0.so.0.1.0
7fbedc4d6000-7fbedc4d7000 rw-p 00016000 08:02 1446041                    /lib/x86_64-linux-gnu/libusb-1.0.so.0.1.0
7fbedc4d8000-7fbedc4e5000 r-xp 00000000 08:02 1188844                    /usr/lib/x86_64-linux-gnu/libraw1394.so.11.1.0
7fbedc4e5000-7fbedc6e4000 ---p 0000d000 08:02 1188844                    /usr/lib/x86_64-linux-gnu/libraw1394.so.11.1.0
7fbedc6e4000-7fbedc6e5000 r--p 0000c000 08:02 1188844                    /usr/lib/x86_64-linux-gnu/libraw1394.so.11.1.0
7fbedc6e5000-7fbedc6e6000 rw-p 0000d000 08:02 1188844                    /usr/lib/x86_64-linux-gnu/libraw1394.so.11.1.0
7fbedc6e8000-7fbedc71b000 r-xp 00000000 08:02 271412                     /tmp/javacpp15634613509670/libdc1394.so.22
7fbedc71b000-7fbedc91b000 ---p 00033000 08:02 271412                     /tmp/javacpp15634613509670/libdc1394.so.22
7fbedc91b000-7fbedc91c000 r--p 00033000 08:02 271412                     /tmp/javacpp15634613509670/libdc1394.so.22
7fbedc91c000-7fbedc91d000 rw-p 00034000 08:02 271412                     /tmp/javacpp15634613509670/libdc1394.so.22
7fbedc91d000-7fbedc95d000 rw-p 00000000 00:00 0 
7fbedc960000-7fbedc977000 r-xp 00000000 08:02 1317766                    /usr/lib/jvm/java-7-openjdk-amd64/jre/lib/amd64/libnet.so
7fbedc977000-7fbedcb76000 ---p 00017000 08:02 1317766                    /usr/lib/jvm/java-7-openjdk-amd64/jre/lib/amd64/libnet.so
7fbedcb76000-7fbedcb77000 r--p 00016000 08:02 1317766                    /usr/lib/jvm/java-7-openjdk-amd64/jre/lib/amd64/libnet.so
7fbedcb77000-7fbedcb78000 rw-p 00017000 08:02 1317766                    /usr/lib/jvm/java-7-openjdk-amd64/jre/lib/amd64/libnet.so
7fbedcb78000-7fbedcb88000 r-xp 00000000 08:02 1317771                    /usr/lib/jvm/java-7-openjdk-amd64/jre/lib/amd64/libnio.so
7fbedcb88000-7fbedcd88000 ---p 00010000 08:02 1317771                    /usr/lib/jvm/java-7-openjdk-amd64/jre/lib/amd64/libnio.so
7fbedcd88000-7fbedcd89000 r--p 00010000 08:02 1317771                    /usr/lib/jvm/java-7-openjdk-amd64/jre/lib/amd64/libnio.so
7fbedcd89000-7fbedcd8a000 rw-p 00011000 08:02 1317771                    /usr/lib/jvm/java-7-openjdk-amd64/jre/lib/amd64/libnio.so
7fbedcd8e000-7fbedcd91000 ---p 00000000 00:00 0 
7fbedcd91000-7fbedce8f000 rw-p 00000000 00:00 0                          [stack:10222]
7fbedce8f000-7fbedce92000 ---p 00000000 00:00 0 
7fbedce92000-7fbedcf90000 rw-p 00000000 00:00 0                          [stack:10201]
7fbedcf90000-7fbedcf95000 r-xp 00000000 08:02 1185797                    /usr/lib/x86_64-linux-gnu/libXfixes.so.3.1.0
7fbedcf95000-7fbedd194000 ---p 00005000 08:02 1185797                    /usr/lib/x86_64-linux-gnu/libXfixes.so.3.1.0
7fbedd194000-7fbedd195000 r--p 00004000 08:02 1185797                    /usr/lib/x86_64-linux-gnu/libXfixes.so.3.1.0
7fbedd195000-7fbedd196000 rw-p 00005000 08:02 1185797                    /usr/lib/x86_64-linux-gnu/libXfixes.so.3.1.0
7fbedd198000-7fbedd1a1000 r-xp 00000000 08:02 1187924                    /usr/lib/x86_64-linux-gnu/libXcursor.so.1.0.2
7fbedd1a1000-7fbedd3a0000 ---p 00009000 08:02 1187924                    /usr/lib/x86_64-linux-gnu/libXcursor.so.1.0.2
7fbedd3a0000-7fbedd3a1000 r--p 00008000 08:02 1187924                    /usr/lib/x86_64-linux-gnu/libXcursor.so.1.0.2
7fbedd3a1000-7fbedd3a2000 rw-p 00009000 08:02 1187924                    /usr/lib/x86_64-linux-gnu/libXcursor.so.1.0.2
7fbedd3a8000-7fbedd3ac000 r-xp 00000000 08:02 1445919                    /lib/x86_64-linux-gnu/libgpg-error.so.0.10.0
7fbedd3ac000-7fbedd5ab000 ---p 00004000 08:02 1445919                    /lib/x86_64-linux-gnu/libgpg-error.so.0.10.0
7fbedd5ab000-7fbedd5ac000 r--p 00003000 08:02 1445919                    /lib/x86_64-linux-gnu/libgpg-error.so.0.10.0
7fbedd5ac000-7fbedd5ad000 rw-p 00004000 08:02 1445919                    /lib/x86_64-linux-gnu/libgpg-error.so.0.10.0
7fbedd5b0000-7fbedd5b2000 r-xp 00000000 08:02 1445929                    /lib/x86_64-linux-gnu/libkeyutils.so.1.4
7fbedd5b2000-7fbedd7b2000 ---p 00002000 08:02 1445929                    /lib/x86_64-linux-gnu/libkeyutils.so.1.4
7fbedd7b2000-7fbedd7b3000 r--p 00002000 08:02 1445929                    /lib/x86_64-linux-gnu/libkeyutils.so.1.4
7fbedd7b3000-7fbedd7b4000 rw-p 00003000 08:02 1445929                    /lib/x86_64-linux-gnu/libkeyutils.so.1.4
7fbedd7b8000-7fbedd7f5000 r-xp 00000000 08:02 1445990                    /lib/x86_64-linux-gnu/libpcre.so.3.13.1
7fbedd7f5000-7fbedd9f4000 ---p 0003d000 08:02 1445990                    /lib/x86_64-linux-gnu/libpcre.so.3.13.1
7fbedd9f4000-7fbedd9f5000 r--p 0003c000 08:02 1445990                    /lib/x86_64-linux-gnu/libpcre.so.3.13.1
7fbedd9f5000-7fbedd9f6000 rw-p 0003d000 08:02 1445990                    /lib/x86_64-linux-gnu/libpcre.so.3.13.1
7fbedd9f8000-7fbedda1d000 r-xp 00000000 08:02 1446002                    /lib/x86_64-linux-gnu/libpng12.so.0.50.0
7fbedda1d000-7fbeddc1c000 ---p 00025000 08:02 1446002                    /lib/x86_64-linux-gnu/libpng12.so.0.50.0
7fbeddc1c000-7fbeddc1d000 r--p 00024000 08:02 1446002                    /lib/x86_64-linux-gnu/libpng12.so.0.50.0
7fbeddc1d000-7fbeddc1e000 rw-p 00025000 08:02 1446002                    /lib/x86_64-linux-gnu/libpng12.so.0.50.0
7fbeddc20000-7fbeddc64000 r-xp 00000000 08:02 1444769                    /lib/x86_64-linux-gnu/libdbus-1.so.3.7.6
7fbeddc64000-7fbedde63000 ---p 00044000 08:02 1444769                    /lib/x86_64-linux-gnu/libdbus-1.so.3.7.6
7fbedde63000-7fbedde64000 r--p 00043000 08:02 1444769                    /lib/x86_64-linux-gnu/libdbus-1.so.3.7.6
7fbedde64000-7fbedde65000 rw-p 00044000 08:02 1444769                    /lib/x86_64-linux-gnu/libdbus-1.so.3.7.6
7fbedde68000-7fbeddea3000 r-xp 00000000 08:02 1188762                    /usr/lib/x86_64-linux-gnu/libp11-kit.so.0.0.0
7fbeddea3000-7fbede0a2000 ---p 0003b000 08:02 1188762                    /usr/lib/x86_64-linux-gnu/libp11-kit.so.0.0.0
7fbede0a2000-7fbede0a8000 r--p 0003a000 08:02 1188762                    /usr/lib/x86_64-linux-gnu/libp11-kit.so.0.0.0
7fbede0a8000-7fbede0aa000 rw-p 00040000 08:02 1188762                    /usr/lib/x86_64-linux-gnu/libp11-kit.so.0.0.0
7fbede0b0000-7fbede0c2000 r-xp 00000000 08:02 1190002                    /usr/lib/x86_64-linux-gnu/libtasn1.so.6.2.0
7fbede0c2000-7fbede2c2000 ---p 00012000 08:02 1190002                    /usr/lib/x86_64-linux-gnu/libtasn1.so.6.2.0
7fbede2c2000-7fbede2c3000 r--p 00012000 08:02 1190002                    /usr/lib/x86_64-linux-gnu/libtasn1.so.6.2.0
7fbede2c3000-7fbede2c4000 rw-p 00013000 08:02 1190002                    /usr/lib/x86_64-linux-gnu/libtasn1.so.6.2.0
7fbede2c8000-7fbede344000 r-xp 00000000 08:02 1443002                    /lib/x86_64-linux-gnu/libgcrypt.so.11.8.2
7fbede344000-7fbede544000 ---p 0007c000 08:02 1443002                    /lib/x86_64-linux-gnu/libgcrypt.so.11.8.2
7fbede544000-7fbede545000 r--p 0007c000 08:02 1443002                    /lib/x86_64-linux-gnu/libgcrypt.so.11.8.2
7fbede545000-7fbede548000 rw-p 0007d000 08:02 1443002                    /lib/x86_64-linux-gnu/libgcrypt.so.11.8.2
7fbede548000-7fbede552000 r-xp 00000000 08:02 1185597                    /usr/lib/x86_64-linux-gnu/libkrb5support.so.0.1
7fbede552000-7fbede751000 ---p 0000a000 08:02 1185597                    /usr/lib/x86_64-linux-gnu/libkrb5support.so.0.1
7fbede751000-7fbede752000 r--p 00009000 08:02 1185597                    /usr/lib/x86_64-linux-gnu/libkrb5support.so.0.1
7fbede752000-7fbede753000 rw-p 0000a000 08:02 1185597                    /usr/lib/x86_64-linux-gnu/libkrb5support.so.0.1
7fbede758000-7fbede75b000 r-xp 00000000 08:02 1444828                    /lib/x86_64-linux-gnu/libcom_err.so.2.1
7fbede75b000-7fbede95a000 ---p 00003000 08:02 1444828                    /lib/x86_64-linux-gnu/libcom_err.so.2.1
7fbede95a000-7fbede95b000 r--p 00002000 08:02 1444828                    /lib/x86_64-linux-gnu/libcom_err.so.2.1
7fbede95b000-7fbede95c000 rw-p 00003000 08:02 1444828                    /lib/x86_64-linux-gnu/libcom_err.so.2.1
7fbede960000-7fbede98c000 r-xp 00000000 08:02 1180183                    /usr/lib/x86_64-linux-gnu/libk5crypto.so.3.1
7fbede98c000-7fbedeb8b000 ---p 0002c000 08:02 1180183                    /usr/lib/x86_64-linux-gnu/libk5crypto.so.3.1
7fbedeb8b000-7fbedeb8d000 r--p 0002b000 08:02 1180183                    /usr/lib/x86_64-linux-gnu/libk5crypto.so.3.1
7fbedeb8d000-7fbedeb8e000 rw-p 0002d000 08:02 1180183                    /usr/lib/x86_64-linux-gnu/libk5crypto.so.3.1
7fbedeb8e000-7fbedeb8f000 rw-p 00000000 00:00 0 
7fbedeb90000-7fbedec4c000 r-xp 00000000 08:02 1185595                    /usr/lib/x86_64-linux-gnu/libkrb5.so.3.3
7fbedec4c000-7fbedee4c000 ---p 000bc000 08:02 1185595                    /usr/lib/x86_64-linux-gnu/libkrb5.so.3.3
7fbedee4c000-7fbedee59000 r--p 000bc000 08:02 1185595                    /usr/lib/x86_64-linux-gnu/libkrb5.so.3.3
7fbedee59000-7fbedee5b000 rw-p 000c9000 08:02 1185595                    /usr/lib/x86_64-linux-gnu/libkrb5.so.3.3
7fbedee60000-7fbedee65000 r-xp 00000000 08:02 1187928                    /usr/lib/x86_64-linux-gnu/libXdmcp.so.6.0.0
7fbedee65000-7fbedf064000 ---p 00005000 08:02 1187928                    /usr/lib/x86_64-linux-gnu/libXdmcp.so.6.0.0
7fbedf064000-7fbedf065000 r--p 00004000 08:02 1187928                    /usr/lib/x86_64-linux-gnu/libXdmcp.so.6.0.0
7fbedf065000-7fbedf066000 rw-p 00005000 08:02 1187928                    /usr/lib/x86_64-linux-gnu/libXdmcp.so.6.0.0
7fbedf068000-7fbedf06a000 r-xp 00000000 08:02 1187917                    /usr/lib/x86_64-linux-gnu/libXau.so.6.0.0
7fbedf06a000-7fbedf26a000 ---p 00002000 08:02 1187917                    /usr/lib/x86_64-linux-gnu/libXau.so.6.0.0
7fbedf26a000-7fbedf26b000 r--p 00002000 08:02 1187917                    /usr/lib/x86_64-linux-gnu/libXau.so.6.0.0
7fbedf26b000-7fbedf26c000 rw-p 00003000 08:02 1187917                    /usr/lib/x86_64-linux-gnu/libXau.so.6.0.0
7fbedf270000-7fbedf277000 r-xp 00000000 08:02 1188226                    /usr/lib/x86_64-linux-gnu/libffi.so.6.0.1
7fbedf277000-7fbedf476000 ---p 00007000 08:02 1188226                    /usr/lib/x86_64-linux-gnu/libffi.so.6.0.1
7fbedf476000-7fbedf477000 r--p 00006000 08:02 1188226                    /usr/lib/x86_64-linux-gnu/libffi.so.6.0.1
7fbedf477000-7fbedf478000 rw-p 00007000 08:02 1188226                    /usr/lib/x86_64-linux-gnu/libffi.so.6.0.1
7fbedf478000-7fbedf48f000 r-xp 00000000 08:02 1441817                    /lib/x86_64-linux-gnu/libresolv-2.19.so
7fbedf48f000-7fbedf68f000 ---p 00017000 08:02 1441817                    /lib/x86_64-linux-gnu/libresolv-2.19.so
7fbedf68f000-7fbedf690000 r--p 00017000 08:02 1441817                    /lib/x86_64-linux-gnu/libresolv-2.19.so
7fbedf690000-7fbedf691000 rw-p 00018000 08:02 1441817                    /lib/x86_64-linux-gnu/libresolv-2.19.so
7fbedf691000-7fbedf693000 rw-p 00000000 00:00 0 
7fbedf698000-7fbedf6b8000 r-xp 00000000 08:02 1441806                    /lib/x86_64-linux-gnu/libselinux.so.1
7fbedf6b8000-7fbedf8b7000 ---p 00020000 08:02 1441806                    /lib/x86_64-linux-gnu/libselinux.so.1
7fbedf8b7000-7fbedf8b8000 r--p 0001f000 08:02 1441806                    /lib/x86_64-linux-gnu/libselinux.so.1
7fbedf8b8000-7fbedf8b9000 rw-p 00020000 08:02 1441806                    /lib/x86_64-linux-gnu/libselinux.so.1
7fbedf8b9000-7fbedf8bb000 rw-p 00000000 00:00 0 
7fbedf8c0000-7fbedf9c6000 r-xp 00000000 08:02 1443043                    /lib/x86_64-linux-gnu/libglib-2.0.so.0.4002.0
7fbedf9c6000-7fbedfbc5000 ---p 00106000 08:02 1443043                    /lib/x86_64-linux-gnu/libglib-2.0.so.0.4002.0
7fbedfbc5000-7fbedfbc6000 r--p 00105000 08:02 1443043                    /lib/x86_64-linux-gnu/libglib-2.0.so.0.4002.0
7fbedfbc6000-7fbedfbc7000 rw-p 00106000 08:02 1443043                    /lib/x86_64-linux-gnu/libglib-2.0.so.0.4002.0
7fbedfbc7000-7fbedfbc8000 rw-p 00000000 00:00 0 
7fbedfbc8000-7fbedfbcb000 r-xp 00000000 08:02 1181655                    /usr/lib/x86_64-linux-gnu/libgmodule-2.0.so.0.4002.0
7fbedfbcb000-7fbedfdca000 ---p 00003000 08:02 1181655                    /usr/lib/x86_64-linux-gnu/libgmodule-2.0.so.0.4002.0
7fbedfdca000-7fbedfdcb000 r--p 00002000 08:02 1181655                    /usr/lib/x86_64-linux-gnu/libgmodule-2.0.so.0.4002.0
7fbedfdcb000-7fbedfdcc000 rw-p 00003000 08:02 1181655                    /usr/lib/x86_64-linux-gnu/libgmodule-2.0.so.0.4002.0
7fbedfdd0000-7fbedfdf7000 r-xp 00000000 08:02 1445908                    /lib/x86_64-linux-gnu/libexpat.so.1.6.0
7fbedfdf7000-7fbedfff7000 ---p 00027000 08:02 1445908                    /lib/x86_64-linux-gnu/libexpat.so.1.6.0
7fbedfff7000-7fbedfff9000 r--p 00027000 08:02 1445908                    /lib/x86_64-linux-gnu/libexpat.so.1.6.0
7fbedfff9000-7fbedfffa000 rw-p 00029000 08:02 1445908                    /lib/x86_64-linux-gnu/libexpat.so.1.6.0
7fbee0000000-7fbee07d0000 rw-p 00000000 00:00 0 
7fbee07d0000-7fbee4000000 ---p 00000000 00:00 0 
7fbee4000000-7fbee4021000 rw-p 00000000 00:00 0 
7fbee4021000-7fbee8000000 ---p 00000000 00:00 0 
7fbee8000000-7fbee8021000 rw-p 00000000 00:00 0 
7fbee8021000-7fbeec000000 ---p 00000000 00:00 0 
7fbeec000000-7fbeec5bd000 rw-p 00000000 00:00 0 
7fbeec5bd000-7fbef0000000 ---p 00000000 00:00 0 
7fbef0000000-7fbef0021000 rw-p 00000000 00:00 0 
7fbef0021000-7fbef4000000 ---p 00000000 00:00 0 
7fbef4000000-7fbef4021000 rw-p 00000000 00:00 0 
7fbef4021000-7fbef8000000 ---p 00000000 00:00 0 
7fbef8000000-7fbef8021000 rw-p 00000000 00:00 0 
7fbef8021000-7fbefc000000 ---p 00000000 00:00 0 
7fbefc0a6000-7fbefc0d7000 rw-p 00000000 00:00 0 
7fbefc0d7000-7fbefc0da000 ---p 00000000 00:00 0 
7fbefc0da000-7fbefc1d8000 rw-p 00000000 00:00 0                          [stack:10200]
7fbefc1d8000-7fbefc275000 r-xp 00000000 08:02 1180395                    /usr/lib/x86_64-linux-gnu/libfreetype.so.6.11.1
7fbefc275000-7fbefc474000 ---p 0009d000 08:02 1180395                    /usr/lib/x86_64-linux-gnu/libfreetype.so.6.11.1
7fbefc474000-7fbefc47a000 r--p 0009c000 08:02 1180395                    /usr/lib/x86_64-linux-gnu/libfreetype.so.6.11.1
7fbefc47a000-7fbefc47b000 rw-p 000a2000 08:02 1180395                    /usr/lib/x86_64-linux-gnu/libfreetype.so.6.11.1
7fbefc480000-7fbefc48f000 r-xp 00000000 08:02 1188021                    /usr/lib/x86_64-linux-gnu/libavahi-client.so.3.2.9
7fbefc48f000-7fbefc68f000 ---p 0000f000 08:02 1188021                    /usr/lib/x86_64-linux-gnu/libavahi-client.so.3.2.9
7fbefc68f000-7fbefc690000 r--p 0000f000 08:02 1188021                    /usr/lib/x86_64-linux-gnu/libavahi-client.so.3.2.9
7fbefc690000-7fbefc691000 rw-p 00010000 08:02 1188021                    /usr/lib/x86_64-linux-gnu/libavahi-client.so.3.2.9
7fbefc698000-7fbefc6a3000 r-xp 00000000 08:02 1188023                    /usr/lib/x86_64-linux-gnu/libavahi-common.so.3.5.3
7fbefc6a3000-7fbefc8a2000 ---p 0000b000 08:02 1188023                    /usr/lib/x86_64-linux-gnu/libavahi-common.so.3.5.3
7fbefc8a2000-7fbefc8a3000 r--p 0000a000 08:02 1188023                    /usr/lib/x86_64-linux-gnu/libavahi-common.so.3.5.3
7fbefc8a3000-7fbefc8a4000 rw-p 0000b000 08:02 1188023                    /usr/lib/x86_64-linux-gnu/libavahi-common.so.3.5.3
7fbefc8a8000-7fbefc95e000 r-xp 00000000 08:02 1183583                    /usr/lib/x86_64-linux-gnu/libgnutls.so.26.22.6
7fbefc95e000-7fbefcb5e000 ---p 000b6000 08:02 1183583                    /usr/lib/x86_64-linux-gnu/libgnutls.so.26.22.6
7fbefcb5e000-7fbefcb64000 r--p 000b6000 08:02 1183583                    /usr/lib/x86_64-linux-gnu/libgnutls.so.26.22.6
7fbefcb64000-7fbefcb65000 rw-p 000bc000 08:02 1183583                    /usr/lib/x86_64-linux-gnu/libgnutls.so.26.22.6
7fbefcb65000-7fbefcb66000 rw-p 00000000 00:00 0 
7fbefcb68000-7fbefcbab000 r-xp 00000000 08:02 1182323                    /usr/lib/x86_64-linux-gnu/libgssapi_krb5.so.2.2
7fbefcbab000-7fbefcdab000 ---p 00043000 08:02 1182323                    /usr/lib/x86_64-linux-gnu/libgssapi_krb5.so.2.2
7fbefcdab000-7fbefcdac000 r--p 00043000 08:02 1182323                    /usr/lib/x86_64-linux-gnu/libgssapi_krb5.so.2.2
7fbefcdac000-7fbefcdae000 rw-p 00044000 08:02 1182323                    /usr/lib/x86_64-linux-gnu/libgssapi_krb5.so.2.2
7fbefcdb0000-7fbefcdcd000 r-xp 00000000 08:02 1189092                    /usr/lib/x86_64-linux-gnu/libxcb.so.1.1.0
7fbefcdcd000-7fbefcfcd000 ---p 0001d000 08:02 1189092                    /usr/lib/x86_64-linux-gnu/libxcb.so.1.1.0
7fbefcfcd000-7fbefcfce000 r--p 0001d000 08:02 1189092                    /usr/lib/x86_64-linux-gnu/libxcb.so.1.1.0
7fbefcfce000-7fbefcfcf000 rw-p 0001e000 08:02 1189092                    /usr/lib/x86_64-linux-gnu/libxcb.so.1.1.0
7fbefcfd0000-7fbefd01f000 r-xp 00000000 08:02 1181657                    /usr/lib/x86_64-linux-gnu/libgobject-2.0.so.0.4002.0
7fbefd01f000-7fbefd21f000 ---p 0004f000 08:02 1181657                    /usr/lib/x86_64-linux-gnu/libgobject-2.0.so.0.4002.0
7fbefd21f000-7fbefd220000 r--p 0004f000 08:02 1181657                    /usr/lib/x86_64-linux-gnu/libgobject-2.0.so.0.4002.0
7fbefd220000-7fbefd221000 rw-p 00050000 08:02 1181657                    /usr/lib/x86_64-linux-gnu/libgobject-2.0.so.0.4002.0
7fbefd228000-7fbefd394000 r-xp 00000000 08:02 1181661                    /usr/lib/x86_64-linux-gnu/libgio-2.0.so.0.4002.0
7fbefd394000-7fbefd593000 ---p 0016c000 08:02 1181661                    /usr/lib/x86_64-linux-gnu/libgio-2.0.so.0.4002.0
7fbefd593000-7fbefd597000 r--p 0016b000 08:02 1181661                    /usr/lib/x86_64-linux-gnu/libgio-2.0.so.0.4002.0
7fbefd597000-7fbefd599000 rw-p 0016f000 08:02 1181661                    /usr/lib/x86_64-linux-gnu/libgio-2.0.so.0.4002.0
7fbefd599000-7fbefd59b000 rw-p 00000000 00:00 0 
7fbefd5a0000-7fbefd5da000 r-xp 00000000 08:02 1196543                    /usr/lib/x86_64-linux-gnu/libfontconfig.so.1.8.0
7fbefd5da000-7fbefd7d9000 ---p 0003a000 08:02 1196543                    /usr/lib/x86_64-linux-gnu/libfontconfig.so.1.8.0
7fbefd7d9000-7fbefd7db000 r--p 00039000 08:02 1196543                    /usr/lib/x86_64-linux-gnu/libfontconfig.so.1.8.0
7fbefd7db000-7fbefd7dc000 rw-p 0003b000 08:02 1196543                    /usr/lib/x86_64-linux-gnu/libfontconfig.so.1.8.0
7fbefd7e0000-7fbefd84c000 r-xp 00000000 08:02 1180391                    /usr/lib/x86_64-linux-gnu/libcups.so.2
7fbefd84c000-7fbefda4c000 ---p 0006c000 08:02 1180391                    /usr/lib/x86_64-linux-gnu/libcups.so.2
7fbefda4c000-7fbefda53000 r--p 0006c000 08:02 1180391                    /usr/lib/x86_64-linux-gnu/libcups.so.2
7fbefda53000-7fbefda54000 rw-p 00073000 08:02 1180391                    /usr/lib/x86_64-linux-gnu/libcups.so.2
7fbefda58000-7fbefda67000 r-xp 00000000 08:02 1188440                    /usr/lib/x86_64-linux-gnu/libXi.so.6.1.0
7fbefda67000-7fbefdc66000 ---p 0000f000 08:02 1188440                    /usr/lib/x86_64-linux-gnu/libXi.so.6.1.0
7fbefdc66000-7fbefdc67000 r--p 0000e000 08:02 1188440                    /usr/lib/x86_64-linux-gnu/libXi.so.6.1.0
7fbefdc67000-7fbefdc68000 rw-p 0000f000 08:02 1188440                    /usr/lib/x86_64-linux-gnu/libXi.so.6.1.0
7fbefdc68000-7fbefdc6d000 r-xp 00000000 08:02 1187956                    /usr/lib/x86_64-linux-gnu/libXtst.so.6.1.0
7fbefdc6d000-7fbefde6c000 ---p 00005000 08:02 1187956                    /usr/lib/x86_64-linux-gnu/libXtst.so.6.1.0
7fbefde6c000-7fbefde6d000 r--p 00004000 08:02 1187956                    /usr/lib/x86_64-linux-gnu/libXtst.so.6.1.0
7fbefde6d000-7fbefde6e000 rw-p 00005000 08:02 1187956                    /usr/lib/x86_64-linux-gnu/libXtst.so.6.1.0
7fbefde70000-7fbefde79000 r-xp 00000000 08:02 1190129                    /usr/lib/x86_64-linux-gnu/libXrender.so.1.3.0
7fbefde79000-7fbefe078000 ---p 00009000 08:02 1190129                    /usr/lib/x86_64-linux-gnu/libXrender.so.1.3.0
7fbefe078000-7fbefe079000 r--p 00008000 08:02 1190129                    /usr/lib/x86_64-linux-gnu/libXrender.so.1.3.0
7fbefe079000-7fbefe07a000 rw-p 00009000 08:02 1190129                    /usr/lib/x86_64-linux-gnu/libXrender.so.1.3.0
7fbefe080000-7fbefe1b0000 r-xp 00000000 08:02 1187913                    /usr/lib/x86_64-linux-gnu/libX11.so.6.3.0
7fbefe1b0000-7fbefe3b0000 ---p 00130000 08:02 1187913                    /usr/lib/x86_64-linux-gnu/libX11.so.6.3.0
7fbefe3b0000-7fbefe3b1000 r--p 00130000 08:02 1187913                    /usr/lib/x86_64-linux-gnu/libX11.so.6.3.0
7fbefe3b1000-7fbefe3b5000 rw-p 00131000 08:02 1187913                    /usr/lib/x86_64-linux-gnu/libX11.so.6.3.0
7fbefe3b8000-7fbefe3c9000 r-xp 00000000 08:02 1190118                    /usr/lib/x86_64-linux-gnu/libXext.so.6.4.0
7fbefe3c9000-7fbefe5c8000 ---p 00011000 08:02 1190118                    /usr/lib/x86_64-linux-gnu/libXext.so.6.4.0
7fbefe5c8000-7fbefe5c9000 r--p 00010000 08:02 1190118                    /usr/lib/x86_64-linux-gnu/libXext.so.6.4.0
7fbefe5c9000-7fbefe5ca000 rw-p 00011000 08:02 1190118                    /usr/lib/x86_64-linux-gnu/libXext.so.6.4.0
7fbefe5cd000-7fbefe5d2000 r--s 0004d000 08:02 1310924                    /usr/lib/jvm/java-7-openjdk-amd64/jre/lib/jsse.jar
7fbefe5e8000-7fbefe5ef000 r--s 00000000 08:02 1713734                    /usr/lib/x86_64-linux-gnu/gconv/gconv-modules.cache
7fbefe5f0000-7fbefe638000 r-xp 00000000 08:02 1311229                    /usr/lib/jvm/java-7-openjdk-amd64/jre/lib/amd64/xawt/libmawt.so
7fbefe638000-7fbefe837000 ---p 00048000 08:02 1311229                    /usr/lib/jvm/java-7-openjdk-amd64/jre/lib/amd64/xawt/libmawt.so
7fbefe837000-7fbefe838000 r--p 00047000 08:02 1311229                    /usr/lib/jvm/java-7-openjdk-amd64/jre/lib/amd64/xawt/libmawt.so
7fbefe838000-7fbefe83b000 rw-p 00048000 08:02 1311229                    /usr/lib/jvm/java-7-openjdk-amd64/jre/lib/amd64/xawt/libmawt.so
7fbefe83b000-7fbefe83c000 rw-p 00000000 00:00 0 
7fbefe840000-7fbefe8e0000 r-xp 00000000 08:02 1317752                    /usr/lib/jvm/java-7-openjdk-amd64/jre/lib/amd64/libawt.so
7fbefe8e0000-7fbefeae0000 ---p 000a0000 08:02 1317752                    /usr/lib/jvm/java-7-openjdk-amd64/jre/lib/amd64/libawt.so
7fbefeae0000-7fbefeae1000 r--p 000a0000 08:02 1317752                    /usr/lib/jvm/java-7-openjdk-amd64/jre/lib/amd64/libawt.so
7fbefeae1000-7fbefeaec000 rw-p 000a1000 08:02 1317752                    /usr/lib/jvm/java-7-openjdk-amd64/jre/lib/amd64/libawt.so
7fbefeaec000-7fbefeb11000 rw-p 00000000 00:00 0 
7fbefeb16000-7fbefeb20000 r--s 000ae000 08:02 1310920                    /usr/lib/jvm/java-7-openjdk-amd64/jre/lib/resources.jar
7fbefeb27000-7fbefeb29000 r--s 0061f000 08:02 2244944                    /home/xrousakis/.m2/repository/org/bytedeco/javacpp-presets/ffmpeg/2.2.1-0.8/ffmpeg-2.2.1-0.8-linux-x86_64.jar
7fbefeb30000-7fbefeb34000 r--s 00000000 08:02 2756952                    /var/cache/fontconfig/7ef2298fde41cc6eeb7af42e48b7d293-le64.cache-4
7fbefeb36000-7fbefeb3a000 r--s 000a6000 08:02 2901832                    /home/xrousakis/.m2/repository/net/java/dev/jna/jna/3.5.1/jna-3.5.1.jar
7fbefeb3b000-7fbefeb3d000 r--s 0000b000 08:02 2105256                    /home/xrousakis/.m2/repository/com/github/tulskiy/jkeymaster/1.1/jkeymaster-1.1.jar
7fbefeb41000-7fbefeb43000 r--s 00029000 08:02 2244940                    /home/xrousakis/.m2/repository/org/bytedeco/javacpp-presets/artoolkitplus/2.3.0-0.8/artoolkitplus-2.3.0-0.8-linux-x86_64.jar
7fbefeb48000-7fbefeb49000 r--s 00000000 08:02 2244936                    /home/xrousakis/.m2/repository/org/bytedeco/javacpp-presets/videoinput/0.200-0.8/videoinput-0.200-0.8-linux-x86_64.jar
7fbefeb4a000-7fbefeb4c000 r--s 00012000 08:02 2244934                    /home/xrousakis/.m2/repository/org/bytedeco/javacpp-presets/libfreenect/0.4-0.8/libfreenect-0.4-0.8-linux-x86_64.jar
7fbefeb4f000-7fbefeb50000 r--s 00027000 08:02 2244931                    /home/xrousakis/.m2/repository/org/bytedeco/javacpp-presets/libdc1394/2.2.2-0.8/libdc1394-2.2.2-0.8-linux-x86_64.jar
7fbefeb50000-7fbefeb51000 r--s 00000000 08:02 2244929                    /home/xrousakis/.m2/repository/org/bytedeco/javacpp-presets/flycapture/1.7.17-0.8/flycapture-1.7.17-0.8-linux-x86_64.jar
7fbefeb53000-7fbefeb54000 ---p 00000000 00:00 0 
7fbefeb54000-7fbefec54000 rw-p 00000000 00:00 0                          [stack:10199]
7fbefec54000-7fbefec57000 ---p 00000000 00:00 0 
7fbefec57000-7fbefed55000 rw-p 00000000 00:00 0                          [stack:10198]
7fbefed55000-7fbefed58000 ---p 00000000 00:00 0 
7fbefed58000-7fbefee56000 rw-p 00000000 00:00 0                          [stack:10197]
7fbefee56000-7fbefee59000 ---p 00000000 00:00 0 
7fbefee59000-7fbefef57000 rw-p 00000000 00:00 0                          [stack:10196]
7fbefef57000-7fbefef5a000 ---p 00000000 00:00 0 
7fbefef5a000-7fbeff058000 rw-p 00000000 00:00 0                          [stack:10195]
7fbeff058000-7fbeff322000 r--p 00000000 08:02 1186322                    /usr/lib/locale/locale-archive
7fbeff329000-7fbeff32c000 ---p 00000000 00:00 0 
7fbeff32c000-7fbeff42a000 rw-p 00000000 00:00 0                          [stack:10194]
7fbeff42a000-7fbeff42d000 ---p 00000000 00:00 0 
7fbeff42d000-7fbeff52b000 rw-p 00000000 00:00 0                          [stack:10193]
7fbeff52b000-7fbeff52c000 ---p 00000000 00:00 0 
7fbeff52c000-7fbf00000000 rw-p 00000000 00:00 0                          [stack:10192]
7fbf00000000-7fbf00021000 rw-p 00000000 00:00 0 
7fbf00021000-7fbf04000000 ---p 00000000 00:00 0 
7fbf04005000-7fbf04007000 r--s 00785000 08:02 2244956                    /home/xrousakis/.m2/repository/org/bytedeco/javacpp-presets/opencv/2.4.9-0.8/opencv-2.4.9-0.8-linux-x86_64.jar
7fbf0400d000-7fbf0400e000 r--s 00005000 08:02 2244924                    /home/xrousakis/.m2/repository/org/bytedeco/javacpp-presets/artoolkitplus/2.3.0-0.8/artoolkitplus-2.3.0-0.8.jar
7fbf04013000-7fbf04014000 r--s 00003000 08:02 2244923                    /home/xrousakis/.m2/repository/org/bytedeco/javacpp-presets/videoinput/0.200-0.8/videoinput-0.200-0.8.jar
7fbf04014000-7fbf04016000 r--s 00004000 08:02 2244920                    /home/xrousakis/.m2/repository/org/bytedeco/javacpp-presets/libfreenect/0.4-0.8/libfreenect-0.4-0.8.jar
7fbf0401d000-7fbf08000000 rw-p 00000000 00:00 0 
7fbf08000000-7fbf08021000 rw-p 00000000 00:00 0 
7fbf08021000-7fbf0c000000 ---p 00000000 00:00 0 
7fbf0c006000-7fbf0c008000 r--s 00006000 08:02 2244916                    /home/xrousakis/.m2/repository/org/bytedeco/javacpp-presets/libdc1394/2.2.2-0.8/libdc1394-2.2.2-0.8.jar
7fbf0c00c000-7fbf0c00e000 r--s 00004000 08:02 2244911                    /home/xrousakis/.m2/repository/org/bytedeco/javacpp-presets/flycapture/1.7.17-0.8/flycapture-1.7.17-0.8.jar
7fbf0c00e000-7fbf0c014000 r--s 0002e000 08:02 2244912                    /home/xrousakis/.m2/repository/org/bytedeco/javacpp-presets/ffmpeg/2.2.1-0.8/ffmpeg-2.2.1-0.8.jar
7fbf0c01a000-7fbf0c02c000 r--s 000b2000 08:02 2244913                    /home/xrousakis/.m2/repository/org/bytedeco/javacpp-presets/opencv/2.4.9-0.8/opencv-2.4.9-0.8.jar
7fbf0c032000-7fbf0c036000 r--s 0002a000 08:02 2244914                    /home/xrousakis/.m2/repository/org/bytedeco/javacpp/0.8/javacpp-0.8.jar
7fbf0c03c000-7fbf0c041000 r--s 0004c000 08:02 2244918                    /home/xrousakis/.m2/repository/org/bytedeco/javacv/0.8/javacv-0.8.jar
7fbf0c042000-7fbf0c043000 r--s 00002000 08:02 1310936                    /usr/lib/jvm/java-7-openjdk-amd64/jre/lib/ext/dnsns.jar
7fbf0c045000-7fbf0c049000 r--s 00085000 08:02 1310935                    /usr/lib/jvm/java-7-openjdk-amd64/jre/lib/ext/localedata.jar
7fbf0c04f000-7fbf0c052000 r--s 0000f000 08:02 1310939                    /usr/lib/jvm/java-7-openjdk-amd64/jre/lib/ext/icedtea-sound.jar
7fbf0c054000-7fbf0c058000 r--s 0003c000 08:02 1310938                    /usr/lib/jvm/java-7-openjdk-amd64/jre/lib/ext/sunpkcs11.jar
7fbf0c05c000-7fbf0c060000 r--s 00034000 08:02 1310937                    /usr/lib/jvm/java-7-openjdk-amd64/jre/lib/ext/sunjce_provider.jar
7fbf0c065000-7fbf0c111000 rw-p 00000000 00:00 0 
7fbf0c111000-7fbf0c2c2000 r--s 01d29000 08:02 1310916                    /usr/lib/jvm/java-7-openjdk-amd64/jre/lib/rt.jar
7fbf0c2c4000-7fbf0c3bd000 rw-p 00000000 00:00 0 
7fbf0c3bd000-7fbf0c3be000 ---p 00000000 00:00 0 
7fbf0c3be000-7fbf0c4be000 rw-p 00000000 00:00 0                          [stack:10191]
7fbf0c4be000-7fbf0c4bf000 ---p 00000000 00:00 0 
7fbf0c4bf000-7fbf0c5e4000 rw-p 00000000 00:00 0                          [stack:10190]
7fbf0c5e4000-7fbf0c811000 rw-p 00000000 00:00 0 
7fbf0c811000-7fbf0c81c000 rw-p 00000000 00:00 0 
7fbf0c81c000-7fbf0c864000 rw-p 00000000 00:00 0 
7fbf0c864000-7fbf0c889000 rw-p 00000000 00:00 0 
7fbf0c889000-7fbf0cab6000 rw-p 00000000 00:00 0 
7fbf0cab6000-7fbf0cac9000 rw-p 00000000 00:00 0 
7fbf0cac9000-7fbf0cbdf000 rw-p 00000000 00:00 0 
7fbf0cbdf000-7fbf0cbe0000 rw-p 00000000 00:00 0 
7fbf0cbe0000-7fbf0ce50000 rwxp 00000000 00:00 0 
7fbf0ce50000-7fbf0fbe0000 rw-p 00000000 00:00 0 
7fbf0fbe0000-7fbf0fbe8000 r-xp 00000000 08:02 1310955                    /usr/lib/jvm/java-7-openjdk-amd64/jre/lib/amd64/libzip.so
7fbf0fbe8000-7fbf0fde7000 ---p 00008000 08:02 1310955                    /usr/lib/jvm/java-7-openjdk-amd64/jre/lib/amd64/libzip.so
7fbf0fde7000-7fbf0fde8000 r--p 00007000 08:02 1310955                    /usr/lib/jvm/java-7-openjdk-amd64/jre/lib/amd64/libzip.so
7fbf0fde8000-7fbf0fde9000 rw-p 00008000 08:02 1310955                    /usr/lib/jvm/java-7-openjdk-amd64/jre/lib/amd64/libzip.so
7fbf0fdf0000-7fbf0fdfb000 r-xp 00000000 08:02 1444608                    /lib/x86_64-linux-gnu/libnss_files-2.19.so
7fbf0fdfb000-7fbf0fffa000 ---p 0000b000 08:02 1444608                    /lib/x86_64-linux-gnu/libnss_files-2.19.so
7fbf0fffa000-7fbf0fffb000 r--p 0000a000 08:02 1444608                    /lib/x86_64-linux-gnu/libnss_files-2.19.so
7fbf0fffb000-7fbf0fffc000 rw-p 0000b000 08:02 1444608                    /lib/x86_64-linux-gnu/libnss_files-2.19.so
7fbf10000000-7fbf1053f000 rw-p 00000000 00:00 0 
7fbf1053f000-7fbf14000000 ---p 00000000 00:00 0 
7fbf14006000-7fbf14008000 r--s 00006000 08:02 1842397                    /usr/share/java/java-atk-wrapper.jar
7fbf1400a000-7fbf1400c000 r--s 00012000 08:02 1310942                    /usr/lib/jvm/java-7-openjdk-amd64/jre/lib/ext/zipfs.jar
7fbf1400d000-7fbf14018000 rw-p 00000000 00:00 0 
7fbf14018000-7fbf14060000 rw-p 00000000 00:00 0 
7fbf14060000-7fbf1406b000 r-xp 00000000 08:02 1444820                    /lib/x86_64-linux-gnu/libnss_nis-2.19.so
7fbf1406b000-7fbf1426a000 ---p 0000b000 08:02 1444820                    /lib/x86_64-linux-gnu/libnss_nis-2.19.so
7fbf1426a000-7fbf1426b000 r--p 0000a000 08:02 1444820                    /lib/x86_64-linux-gnu/libnss_nis-2.19.so
7fbf1426b000-7fbf1426c000 rw-p 0000b000 08:02 1444820                    /lib/x86_64-linux-gnu/libnss_nis-2.19.so
7fbf14270000-7fbf14287000 r-xp 00000000 08:02 1444807                    /lib/x86_64-linux-gnu/libnsl-2.19.so
7fbf14287000-7fbf14486000 ---p 00017000 08:02 1444807                    /lib/x86_64-linux-gnu/libnsl-2.19.so
7fbf14486000-7fbf14487000 r--p 00016000 08:02 1444807                    /lib/x86_64-linux-gnu/libnsl-2.19.so
7fbf14487000-7fbf14488000 rw-p 00017000 08:02 1444807                    /lib/x86_64-linux-gnu/libnsl-2.19.so
7fbf14488000-7fbf1448a000 rw-p 00000000 00:00 0 
7fbf14490000-7fbf14499000 r-xp 00000000 08:02 1444806                    /lib/x86_64-linux-gnu/libnss_compat-2.19.so
7fbf14499000-7fbf14698000 ---p 00009000 08:02 1444806                    /lib/x86_64-linux-gnu/libnss_compat-2.19.so
7fbf14698000-7fbf14699000 r--p 00008000 08:02 1444806                    /lib/x86_64-linux-gnu/libnss_compat-2.19.so
7fbf14699000-7fbf1469a000 rw-p 00009000 08:02 1444806                    /lib/x86_64-linux-gnu/libnss_compat-2.19.so
7fbf146a0000-7fbf146cb000 r-xp 00000000 08:02 1317774                    /usr/lib/jvm/java-7-openjdk-amd64/jre/lib/amd64/libjava.so
7fbf146cb000-7fbf148ca000 ---p 0002b000 08:02 1317774                    /usr/lib/jvm/java-7-openjdk-amd64/jre/lib/amd64/libjava.so
7fbf148ca000-7fbf148cb000 r--p 0002a000 08:02 1317774                    /usr/lib/jvm/java-7-openjdk-amd64/jre/lib/amd64/libjava.so
7fbf148cb000-7fbf148cd000 rw-p 0002b000 08:02 1317774                    /usr/lib/jvm/java-7-openjdk-amd64/jre/lib/amd64/libjava.so
7fbf148d0000-7fbf148e0000 r-xp 00000000 08:02 1317755                    /usr/lib/jvm/java-7-openjdk-amd64/jre/lib/amd64/libverify.so
7fbf148e0000-7fbf14adf000 ---p 00010000 08:02 1317755                    /usr/lib/jvm/java-7-openjdk-amd64/jre/lib/amd64/libverify.so
7fbf14adf000-7fbf14ae1000 r--p 0000f000 08:02 1317755                    /usr/lib/jvm/java-7-openjdk-amd64/jre/lib/amd64/libverify.so
7fbf14ae1000-7fbf14ae2000 rw-p 00011000 08:02 1317755                    /usr/lib/jvm/java-7-openjdk-amd64/jre/lib/amd64/libverify.so
7fbf14ae8000-7fbf14aef000 r-xp 00000000 08:02 1444817                    /lib/x86_64-linux-gnu/librt-2.19.so
7fbf14aef000-7fbf14cee000 ---p 00007000 08:02 1444817                    /lib/x86_64-linux-gnu/librt-2.19.so
7fbf14cee000-7fbf14cef000 r--p 00006000 08:02 1444817                    /lib/x86_64-linux-gnu/librt-2.19.so
7fbf14cef000-7fbf14cf0000 rw-p 00007000 08:02 1444817                    /lib/x86_64-linux-gnu/librt-2.19.so
7fbf14cf0000-7fbf14d06000 r-xp 00000000 08:02 1441904                    /lib/x86_64-linux-gnu/libgcc_s.so.1
7fbf14d06000-7fbf14f05000 ---p 00016000 08:02 1441904                    /lib/x86_64-linux-gnu/libgcc_s.so.1
7fbf14f05000-7fbf14f06000 rw-p 00015000 08:02 1441904                    /lib/x86_64-linux-gnu/libgcc_s.so.1
7fbf14f08000-7fbf1500d000 r-xp 00000000 08:02 1443041                    /lib/x86_64-linux-gnu/libm-2.19.so
7fbf1500d000-7fbf1520c000 ---p 00105000 08:02 1443041                    /lib/x86_64-linux-gnu/libm-2.19.so
7fbf1520c000-7fbf1520d000 r--p 00104000 08:02 1443041                    /lib/x86_64-linux-gnu/libm-2.19.so
7fbf1520d000-7fbf1520e000 rw-p 00105000 08:02 1443041                    /lib/x86_64-linux-gnu/libm-2.19.so
7fbf15210000-7fbf152f6000 r-xp 00000000 08:02 1188933                    /usr/lib/x86_64-linux-gnu/libstdc++.so.6.0.19
7fbf152f6000-7fbf154f5000 ---p 000e6000 08:02 1188933                    /usr/lib/x86_64-linux-gnu/libstdc++.so.6.0.19
7fbf154f5000-7fbf154fd000 r--p 000e5000 08:02 1188933                    /usr/lib/x86_64-linux-gnu/libstdc++.so.6.0.19
7fbf154fd000-7fbf154ff000 rw-p 000ed000 08:02 1188933                    /usr/lib/x86_64-linux-gnu/libstdc++.so.6.0.19
7fbf154ff000-7fbf15514000 rw-p 00000000 00:00 0 
7fbf15518000-7fbf16031000 r-xp 00000000 08:02 1317743                    /usr/lib/jvm/java-7-openjdk-amd64/jre/lib/amd64/server/libjvm.so
7fbf16031000-7fbf16231000 ---p 00b19000 08:02 1317743                    /usr/lib/jvm/java-7-openjdk-amd64/jre/lib/amd64/server/libjvm.so
7fbf16231000-7fbf162cb000 r--p 00b19000 08:02 1317743                    /usr/lib/jvm/java-7-openjdk-amd64/jre/lib/amd64/server/libjvm.so
7fbf162cb000-7fbf162ee000 rw-p 00bb3000 08:02 1317743                    /usr/lib/jvm/java-7-openjdk-amd64/jre/lib/amd64/server/libjvm.so
7fbf162ee000-7fbf1631c000 rw-p 00000000 00:00 0 
7fbf16320000-7fbf16338000 r-xp 00000000 08:02 1446050                    /lib/x86_64-linux-gnu/libz.so.1.2.8
7fbf16338000-7fbf16537000 ---p 00018000 08:02 1446050                    /lib/x86_64-linux-gnu/libz.so.1.2.8
7fbf16537000-7fbf16538000 r--p 00017000 08:02 1446050                    /lib/x86_64-linux-gnu/libz.so.1.2.8
7fbf16538000-7fbf16539000 rw-p 00018000 08:02 1446050                    /lib/x86_64-linux-gnu/libz.so.1.2.8
7fbf16540000-7fbf16559000 r-xp 00000000 08:02 1444815                    /lib/x86_64-linux-gnu/libpthread-2.19.so
7fbf16559000-7fbf16758000 ---p 00019000 08:02 1444815                    /lib/x86_64-linux-gnu/libpthread-2.19.so
7fbf16758000-7fbf16759000 r--p 00018000 08:02 1444815                    /lib/x86_64-linux-gnu/libpthread-2.19.so
7fbf16759000-7fbf1675a000 rw-p 00019000 08:02 1444815                    /lib/x86_64-linux-gnu/libpthread-2.19.so
7fbf1675a000-7fbf1675e000 rw-p 00000000 00:00 0 
7fbf16760000-7fbf16763000 r-xp 00000000 08:02 1444799                    /lib/x86_64-linux-gnu/libdl-2.19.so
7fbf16763000-7fbf16962000 ---p 00003000 08:02 1444799                    /lib/x86_64-linux-gnu/libdl-2.19.so
7fbf16962000-7fbf16963000 r--p 00002000 08:02 1444799                    /lib/x86_64-linux-gnu/libdl-2.19.so
7fbf16963000-7fbf16964000 rw-p 00003000 08:02 1444799                    /lib/x86_64-linux-gnu/libdl-2.19.so
7fbf16968000-7fbf16b23000 r-xp 00000000 08:02 1444814                    /lib/x86_64-linux-gnu/libc-2.19.so
7fbf16b23000-7fbf16d22000 ---p 001bb000 08:02 1444814                    /lib/x86_64-linux-gnu/libc-2.19.so
7fbf16d22000-7fbf16d26000 r--p 001ba000 08:02 1444814                    /lib/x86_64-linux-gnu/libc-2.19.so
7fbf16d26000-7fbf16d28000 rw-p 001be000 08:02 1444814                    /lib/x86_64-linux-gnu/libc-2.19.so
7fbf16d28000-7fbf16d2d000 rw-p 00000000 00:00 0 
7fbf16d30000-7fbf16d3d000 r-xp 00000000 08:02 1317741                    /usr/lib/jvm/java-7-openjdk-amd64/jre/lib/amd64/jli/libjli.so
7fbf16d3d000-7fbf16f3c000 ---p 0000d000 08:02 1317741                    /usr/lib/jvm/java-7-openjdk-amd64/jre/lib/amd64/jli/libjli.so
7fbf16f3c000-7fbf16f3d000 r--p 0000c000 08:02 1317741                    /usr/lib/jvm/java-7-openjdk-amd64/jre/lib/amd64/jli/libjli.so
7fbf16f3d000-7fbf16f3e000 rw-p 0000d000 08:02 1317741                    /usr/lib/jvm/java-7-openjdk-amd64/jre/lib/amd64/jli/libjli.so
7fbf16f40000-7fbf16f63000 r-xp 00000000 08:02 1444811                    /lib/x86_64-linux-gnu/ld-2.19.so
7fbf16f69000-7fbf16f9a000 rw-p 00000000 00:00 0 
7fbf16f9a000-7fbf17050000 rw-p 00000000 00:00 0 
7fbf17050000-7fbf17058000 rw-s 00000000 08:02 271410                     /tmp/hsperfdata_xrousakis/10185
7fbf1705c000-7fbf1705d000 rw-p 00000000 00:00 0 
7fbf1705d000-7fbf1705e000 rwxp 00000000 00:00 0 
7fbf1705e000-7fbf1705f000 rw-p 00000000 00:00 0 
7fbf1705f000-7fbf17062000 ---p 00000000 00:00 0 
7fbf17062000-7fbf17162000 rw-p 00000000 00:00 0                          [stack:10189]
7fbf17162000-7fbf17163000 r--p 00022000 08:02 1444811                    /lib/x86_64-linux-gnu/ld-2.19.so
7fbf17163000-7fbf17164000 rw-p 00023000 08:02 1444811                    /lib/x86_64-linux-gnu/ld-2.19.so
7fbf17164000-7fbf17165000 rw-p 00000000 00:00 0 
7fbf17165000-7fbf17166000 r--p 00000000 00:00 0 
7fbf17166000-7fbf1716b000 rw-p 00000000 00:00 0 
7fff7949b000-7fff794bd000 rw-p 00000000 00:00 0                          [stack]
7fff79568000-7fff7956a000 r-xp 00000000 00:00 0                          [vdso]
ffffffffff600000-ffffffffff601000 r-xp 00000000 00:00 0                  [vsyscall]

VM Arguments:
java_command: org.scify.jthinkfreedom.gui.ApplicationLauncher
Launcher Type: SUN_STANDARD

Environment Variables:
JAVA_HOME=/usr/lib/jvm/default-java
PATH=/usr/local/sbin:/usr/local/bin:/usr/sbin:/usr/bin:/sbin:/bin:/usr/games:/usr/local/games
USERNAME=xrousakis
LD_LIBRARY_PATH=/usr/lib/jvm/default-java/jre/lib/amd64:/usr/lib/jvm/default-java/jre/lib/i386:
SHELL=/bin/bash
DISPLAY=:0.0

Signal Handlers:
SIGSEGV: [libjvm.so+0x94bab0], sa_mask[0]=0x7ffbfeff, sa_flags=0x10000004
SIGBUS: [libjvm.so+0x94bab0], sa_mask[0]=0x7ffbfeff, sa_flags=0x10000004
SIGFPE: [libjvm.so+0x7c38b0], sa_mask[0]=0x7ffbfeff, sa_flags=0x10000004
SIGPIPE: [libjvm.so+0x7c38b0], sa_mask[0]=0x7ffbfeff, sa_flags=0x10000004
SIGXFSZ: [libjvm.so+0x7c38b0], sa_mask[0]=0x7ffbfeff, sa_flags=0x10000004
SIGILL: [libjvm.so+0x7c38b0], sa_mask[0]=0x7ffbfeff, sa_flags=0x10000004
SIGUSR1: SIG_DFL, sa_mask[0]=0x00000000, sa_flags=0x00000000
SIGUSR2: [libjvm.so+0x7c3750], sa_mask[0]=0x00000004, sa_flags=0x10000004
SIGHUP: [libjvm.so+0x7c3930], sa_mask[0]=0x7ffbfeff, sa_flags=0x10000004
SIGINT: SIG_IGN, sa_mask[0]=0x00000000, sa_flags=0x00000000
SIGTERM: [libjvm.so+0x7c3930], sa_mask[0]=0x7ffbfeff, sa_flags=0x10000004
SIGQUIT: [libjvm.so+0x7c3930], sa_mask[0]=0x7ffbfeff, sa_flags=0x10000004
SIGTRAP: SIG_DFL, sa_mask[0]=0x00000000, sa_flags=0x00000000


---------------  S Y S T E M  ---------------

OS:LinuxMint 17 (qiana)
uname:Linux 3.14.8-031408-generic #201406161755 SMP Mon Jun 16 21:56:09 UTC 2014 x86_64
libc:glibc 2.19 NPTL 2.19 
rlimit: STACK 8192k, CORE 0k, NPROC 55132, NOFILE 4096, AS infinity
load average:1,09 0,30 0,14

/proc/meminfo:
MemTotal:        7292072 kB
MemFree:         3435840 kB
MemAvailable:    4782788 kB
Buffers:          228728 kB
Cached:          1307332 kB
SwapCached:            0 kB
Active:          2717004 kB
Inactive:         864368 kB
Active(anon):    2046328 kB
Inactive(anon):    86128 kB
Active(file):     670676 kB
Inactive(file):   778240 kB
Unevictable:           0 kB
Mlocked:               0 kB
SwapTotal:       3361788 kB
SwapFree:        3361788 kB
Dirty:                24 kB
Writeback:           148 kB
AnonPages:       2045308 kB
Mapped:           248976 kB
Shmem:             87148 kB
Slab:             160372 kB
SReclaimable:     133920 kB
SUnreclaim:        26452 kB
KernelStack:        3744 kB
PageTables:        30948 kB
NFS_Unstable:          0 kB
Bounce:                0 kB
WritebackTmp:          0 kB
CommitLimit:     7007824 kB
Committed_AS:    4872636 kB
VmallocTotal:   34359738367 kB
VmallocUsed:      315128 kB
VmallocChunk:   34359369956 kB
HardwareCorrupted:     0 kB
AnonHugePages:   1239040 kB
HugePages_Total:       0
HugePages_Free:        0
HugePages_Rsvd:        0
HugePages_Surp:        0
Hugepagesize:       2048 kB
DirectMap4k:       78168 kB
DirectMap2M:     3284992 kB
DirectMap1G:     4194304 kB


CPU:total 2 (2 cores per cpu, 1 threads per core) family 21 model 19 stepping 1, cmov, cx8, fxsr, mmx, sse, sse2, sse3, ssse3, sse4.1, sse4.2, popcnt, avx, aes, mmxext, 3dnowpref, lzcnt, sse4a, tsc, tscinvbit, tscinv

/proc/cpuinfo:
processor	: 0
vendor_id	: AuthenticAMD
cpu family	: 21
model		: 19
model name	: AMD A4-4000 APU with Radeon(tm) HD Graphics
stepping	: 1
microcode	: 0x6001119
cpu MHz		: 3000.000
cache size	: 1024 KB
physical id	: 0
siblings	: 2
core id		: 0
cpu cores	: 1
apicid		: 16
initial apicid	: 0
fpu		: yes
fpu_exception	: yes
cpuid level	: 13
wp		: yes
flags		: fpu vme de pse tsc msr pae mce cx8 apic sep mtrr pge mca cmov pat pse36 clflush mmx fxsr sse sse2 ht syscall nx mmxext fxsr_opt pdpe1gb rdtscp lm constant_tsc rep_good nopl nonstop_tsc extd_apicid aperfmperf pni pclmulqdq monitor ssse3 fma cx16 sse4_1 sse4_2 popcnt aes xsave avx f16c lahf_lm cmp_legacy svm extapic cr8_legacy abm sse4a misalignsse 3dnowprefetch osvw ibs xop skinit wdt lwp fma4 tce nodeid_msr tbm topoext perfctr_core perfctr_nb arat cpb hw_pstate npt lbrv svm_lock nrip_save tsc_scale vmcb_clean flushbyasid decodeassists pausefilter pfthreshold bmi1
bogomips	: 6029.96
TLB size	: 1536 4K pages
clflush size	: 64
cache_alignment	: 64
address sizes	: 48 bits physical, 48 bits virtual
power management: ts ttp tm 100mhzsteps hwpstate cpb eff_freq_ro

processor	: 1
vendor_id	: AuthenticAMD
cpu family	: 21
model		: 19
model name	: AMD A4-4000 APU with Radeon(tm) HD Graphics    
stepping	: 1
microcode	: 0x6001119
cpu MHz		: 3000.000
cache size	: 1024 KB
physical id	: 0
siblings	: 2
core id		: 1
cpu cores	: 1
apicid		: 17
initial apicid	: 1
fpu		: yes
fpu_exception	: yes
cpuid level	: 13
wp		: yes
flags		: fpu vme de pse tsc msr pae mce cx8 apic sep mtrr pge mca cmov pat pse36 clflush mmx fxsr sse sse2 ht syscall nx mmxext fxsr_opt pdpe1gb rdtscp lm constant_tsc rep_good nopl nonstop_tsc extd_apicid aperfmperf pni pclmulqdq monitor ssse3 fma cx16 sse4_1 sse4_2 popcnt aes xsave avx f16c lahf_lm cmp_legacy svm extapic cr8_legacy abm sse4a misalignsse 3dnowprefetch osvw ibs xop skinit wdt lwp fma4 tce nodeid_msr tbm topoext perfctr_core perfctr_nb arat cpb hw_pstate npt lbrv svm_lock nrip_save tsc_scale vmcb_clean flushbyasid decodeassists pausefilter pfthreshold bmi1
bogomips	: 6029.96
TLB size	: 1536 4K pages
clflush size	: 64
cache_alignment	: 64
address sizes	: 48 bits physical, 48 bits virtual
power management: ts ttp tm 100mhzsteps hwpstate cpb eff_freq_ro



Memory: 4k page, physical 7292072k(3435716k free), swap 3361788k(3361788k free)

vm_info: OpenJDK 64-Bit Server VM (24.79-b02) for linux-amd64 JRE (1.7.0_79-b14), built on Jul 24 2015 08:15:54 by "buildd" with gcc 4.8.2

time: Tue Aug 11 14:33:34 2015
elapsed time: 17 seconds

