#
# A fatal error has been detected by the Java Runtime Environment:
#
#  SIGSEGV (0xb) at pc=0x00007f081dd8e2cc, pid=8663, tid=139673155303168
#
# JRE version: OpenJDK Runtime Environment (7.0_79-b14) (build 1.7.0_79-b14)
# Java VM: OpenJDK 64-Bit Server VM (24.79-b02 mixed mode linux-amd64 compressed oops)
# Derivative: IcedTea 2.5.6
# Distribution: Ubuntu 14.04 LTS, package 7u79-2.5.6-0ubuntu1.14.04.1
# Problematic frame:
# C  [libjpeg.so.8+0x162cc]  jpeg_has_multiple_scans+0x2c
#
# Failed to write core dump. Core dumps have been disabled. To enable core dumping, try "ulimit -c unlimited" before starting Java again
#
# If you would like to submit a bug report, please include
# instructions on how to reproduce the bug and visit:
#   http://icedtea.classpath.org/bugzilla
# The crash happened outside the Java Virtual Machine in native code.
# See problematic frame for where to report the bug.
#

---------------  T H R E A D  ---------------

Current thread (0x00007f082402c800):  JavaThread "Image Fetcher 0" daemon [_thread_in_native, id=8700, stack(0x00007f0830be7000,0x00007f0830ce8000)]

siginfo:si_signo=SIGSEGV: si_errno=0, si_code=1 (SEGV_MAPERR), si_addr=0x0000000000000020

Registers:
RAX=0x0000000000000000, RBX=0x00007f0830ce64d0, RCX=0x0000000000000001, RDX=0x0000000000000000
RSP=0x00007f0830ce61b8, RBP=0x00007f0830ce67a0, RSI=0x0000000000000001, RDI=0x00007f0830ce64d0
R8 =0x0000000000000000, R9 =0x00007f0828000078, R10=0x00007f0830ce5f80, R11=0x00007f081dd8e2a0
R12=0x0000000000000000, R13=0xffffffffffffffff, R14=0x00007f0830ce6840, R15=0x00007f082402c800
RIP=0x00007f081dd8e2cc, EFLAGS=0x0000000000010293, CSGSFS=0x0000000000000033, ERR=0x0000000000000004
  TRAPNO=0x000000000000000e

Top of Stack: (sp=0x00007f0830ce61b8)
0x00007f0830ce61b8:   00007f081c1f7d33 00007f082402c800
0x00007f0830ce61c8:   00007f086c47e03b fffffff0ffffffff
0x00007f0830ce61d8:   0000000000000000 00007f081c1f7ad0
0x00007f0830ce61e8:   00007f0830ce6278 00007f0830ce6830
0x00007f0830ce61f8:   00007f0830ce6838 00007f0830ce6840
0x00007f0830ce6208:   00007f082402c9d8 00000000dc920a46
0x00007f0830ce6218:   0000000000000292 00007f081c1f71e0
0x00007f0830ce6228:   00007f081c1f7380 00007f081c1f7500
0x00007f0830ce6238:   00007f081dd96830 00007f081c1f7200
0x00007f0830ce6248:   00007f0830ce6838 00007f0800000000
0x00007f0830ce6258:   0000000000000000 00000000dc9208d8
0x00007f0830ce6268:   00007f0830ce6830 ffffffffffffffff
0x00007f0830ce6278:   0000000000000000 0000000000000000
0x00007f0830ce6288:   0000000000000000 00007f0830ce6280
0x00007f0830ce6298:   0000000086420280 00007f0830ce6328
0x00007f0830ce62a8:   00000000864be230 0000000000000000
0x00007f0830ce62b8:   0000000086420318 0000000000000000
0x00007f0830ce62c8:   00007f0830ce6320 00007f0830ce6390
0x00007f0830ce62d8:   00007f08649d04e7 0000000000000000
0x00007f0830ce62e8:   00007f081c1f7ad0 0000000000000000
0x00007f0830ce62f8:   00000000dc91fec0 0000000000000006
0x00007f0830ce6308:   0000000000000007 00000000dcab0df0
0x00007f0830ce6318:   00000000dcab0df0 00000000dc920cd8
0x00007f0830ce6328:   0000000000000000 00007f0800001fa0
0x00007f0830ce6338:   00007f0830ce63d0 00007f0830ce65d0
0x00007f0830ce6348:   00007f0830ce6500 00007f082402c800
0x00007f0830ce6358:   00007f0844076340 00007f081c1f7280
0x00007f0830ce6368:   00007f081dd9bcf0 00007f081c1f7210
0x00007f0830ce6378:   00007f081dd9bd60 00007f081dd9bd40
0x00007f0830ce6388:   000000000000006a 000000000000003f
0x00007f0830ce6398:   0000000300000000 0000000000000000
0x00007f0830ce63a8:   00007f0800000000 00007f0830ce6400 

Instructions: (pc=0x00007f081dd8e2cc)
0x00007f081dd8e2ac:   ff 83 fa 08 76 12 48 8b 17 89 42 2c 48 8b 07 c7
0x00007f081dd8e2bc:   42 28 15 00 00 00 ff 10 48 8b 83 58 02 00 00 5b
0x00007f081dd8e2cc:   8b 40 20 c3 53 8b 47 24 48 89 fb 8d 90 33 ff ff
0x00007f081dd8e2dc:   ff 83 fa 01 76 66 3d cf 00 00 00 74 47 3d d2 00 

Register to memory mapping:

RAX=0x0000000000000000 is an unknown value
RBX=0x00007f0830ce64d0 is pointing into the stack for thread: 0x00007f082402c800
RCX=0x0000000000000001 is an unknown value
RDX=0x0000000000000000 is an unknown value
RSP=0x00007f0830ce61b8 is pointing into the stack for thread: 0x00007f082402c800
RBP=0x00007f0830ce67a0 is pointing into the stack for thread: 0x00007f082402c800
RSI=0x0000000000000001 is an unknown value
RDI=0x00007f0830ce64d0 is pointing into the stack for thread: 0x00007f082402c800
R8 =0x0000000000000000 is an unknown value
R9 =0x00007f0828000078 is an unknown value
R10=0x00007f0830ce5f80 is pointing into the stack for thread: 0x00007f082402c800
R11=0x00007f081dd8e2a0: jpeg_has_multiple_scans+0 in /usr/lib/x86_64-linux-gnu/libjpeg.so.8 at 0x00007f081dd78000
R12=0x0000000000000000 is an unknown value
R13=0xffffffffffffffff is an unknown value
R14=0x00007f0830ce6840 is pointing into the stack for thread: 0x00007f082402c800
R15=0x00007f082402c800 is a thread


Stack: [0x00007f0830be7000,0x00007f0830ce8000],  sp=0x00007f0830ce61b8,  free space=1020k
Native frames: (J=compiled Java code, j=interpreted, Vv=VM code, C=native code)
C  [libjpeg.so.8+0x162cc]  jpeg_has_multiple_scans+0x2c
j  sun.awt.image.JPEGImageDecoder.readImage(Ljava/io/InputStream;[B)V+0
j  sun.awt.image.JPEGImageDecoder.produceImage()V+10
j  sun.awt.image.InputStreamImageSource.doFetch()V+51
j  sun.awt.image.ImageFetcher.fetchloop()V+33
j  sun.awt.image.ImageFetcher.run()V+5
v  ~StubRoutines::call_stub
V  [libjvm.so+0x5e80c9]  JavaCalls::call_helper(JavaValue*, methodHandle*, JavaCallArguments*, Thread*)+0x339
V  [libjvm.so+0x5e6f1e]  JavaCalls::call_virtual(JavaValue*, Handle, KlassHandle, Symbol*, Symbol*, Thread*)+0x20e
V  [libjvm.so+0x623391]  thread_entry(JavaThread*, Thread*)+0xd1
V  [libjvm.so+0x900f40]  JavaThread::thread_main_inner()+0xf0
V  [libjvm.so+0x9011b1]  JavaThread::run()+0x221
V  [libjvm.so+0x7c4f62]  java_start(Thread*)+0xf2

Java frames: (J=compiled Java code, j=interpreted, Vv=VM code)
j  sun.awt.image.JPEGImageDecoder.readImage(Ljava/io/InputStream;[B)V+0
j  sun.awt.image.JPEGImageDecoder.produceImage()V+10
j  sun.awt.image.InputStreamImageSource.doFetch()V+51
j  sun.awt.image.ImageFetcher.fetchloop()V+33
j  sun.awt.image.ImageFetcher.run()V+5
v  ~StubRoutines::call_stub

---------------  P R O C E S S  ---------------

Java Threads: ( => current thread )
=>0x00007f082402c800 JavaThread "Image Fetcher 0" daemon [_thread_in_native, id=8700, stack(0x00007f0830be7000,0x00007f0830ce8000)]
  0x00007f082c033800 JavaThread "pool-2-thread-1" [_thread_blocked, id=8691, stack(0x00007f081c6ff000,0x00007f081c800000)]
  0x00000000011bd000 JavaThread "Thread-2" [_thread_blocked, id=8689, stack(0x00007f081ca1f000,0x00007f081cb20000)]
  0x000000000127f000 JavaThread "Thread-0" [_thread_blocked, id=8688, stack(0x00007f081ce96000,0x00007f081cf97000)]
  0x000000000127d000 JavaThread "TimerQueue" daemon [_thread_blocked, id=8687, stack(0x00007f081cf97000,0x00007f081d098000)]
  0x00007f086800b000 JavaThread "DestroyJavaVM" [_thread_blocked, id=8667, stack(0x00007f086ee2f000,0x00007f086ef30000)]
  0x00007f08683e3800 JavaThread "AWT-EventQueue-0" [_thread_blocked, id=8684, stack(0x00007f081d677000,0x00007f081d778000)]
  0x00007f08683d8800 JavaThread "AWT-Shutdown" [_thread_blocked, id=8683, stack(0x00007f0830017000,0x00007f0830118000)]
  0x00007f08682ba800 JavaThread "AWT-XAWT" daemon [_thread_in_native, id=8679, stack(0x00007f0854007000,0x00007f0854108000)]
  0x00007f086829e000 JavaThread "Java2D Disposer" daemon [_thread_blocked, id=8678, stack(0x00007f085c05f000,0x00007f085c160000)]
  0x00007f08680ac000 JavaThread "Service Thread" daemon [_thread_blocked, id=8676, stack(0x00007f085e764000,0x00007f085e865000)]
  0x00007f08680a9800 JavaThread "C2 CompilerThread1" daemon [_thread_blocked, id=8675, stack(0x00007f085e865000,0x00007f085e966000)]
  0x00007f08680a6800 JavaThread "C2 CompilerThread0" daemon [_thread_blocked, id=8674, stack(0x00007f085e966000,0x00007f085ea67000)]
  0x00007f08680a4800 JavaThread "Signal Dispatcher" daemon [_thread_blocked, id=8673, stack(0x00007f085ea67000,0x00007f085eb68000)]
  0x00007f0868078800 JavaThread "Finalizer" daemon [_thread_blocked, id=8672, stack(0x00007f085ee33000,0x00007f085ef34000)]
  0x00007f0868076800 JavaThread "Reference Handler" daemon [_thread_blocked, id=8671, stack(0x00007f085ef34000,0x00007f085f035000)]

Other Threads:
  0x00007f0868072000 VMThread [stack: 0x00007f085f035000,0x00007f085f136000] [id=8670]
  0x00007f08680b6800 WatcherThread [stack: 0x00007f085e663000,0x00007f085e764000] [id=8677]

VM state:not at safepoint (normal execution)

VM Mutex/Monitor currently owned by a thread: None

Heap
 PSYoungGen      total 33792K, used 31679K [0x00000000dae00000, 0x00000000df000000, 0x0000000100000000)
  eden space 29184K, 95% used [0x00000000dae00000,0x00000000dc94dc18,0x00000000dca80000)
  from space 4608K, 80% used [0x00000000dca80000,0x00000000dce22320,0x00000000dcf00000)
  to   space 4608K, 0% used [0x00000000deb80000,0x00000000deb80000,0x00000000df000000)
 ParOldGen       total 75776K, used 0K [0x0000000090a00000, 0x0000000095400000, 0x00000000dae00000)
  object space 75776K, 0% used [0x0000000090a00000,0x0000000090a00000,0x0000000095400000)
 PSPermGen       total 21504K, used 20758K [0x0000000086400000, 0x0000000087900000, 0x0000000090a00000)
  object space 21504K, 96% used [0x0000000086400000,0x0000000087845b00,0x0000000087900000)

Card table byte_map: [0x00007f0864601000,0x00007f08649d0000] byte_map_base: 0x00007f08641cf000

Polling page: 0x00007f086ee2e000

Code Cache  [0x00007f08649d0000, 0x00007f0864c40000, 0x00007f08679d0000)
 total_blobs=782 nmethods=196 adapters=540 free_code_cache=48145Kb largest_free_block=49261312

Compilation events (10 events):
Event: 13,986 Thread 0x00007f08680a6800 nmethod 206 0x00007f0864acfdd0 code [0x00007f0864acff40, 0x00007f0864ad0050]
Event: 13,986 Thread 0x00007f08680a9800 nmethod 205 0x00007f0864a9b550 code [0x00007f0864a9b6c0, 0x00007f0864a9b7f0]
Event: 14,047 Thread 0x00007f08680a9800  207             sun.awt.AppContext::getAppContext (51 bytes)
Event: 14,050 Thread 0x00007f08680a9800 nmethod 207 0x00007f0864a9b210 code [0x00007f0864a9b360, 0x00007f0864a9b448]
Event: 14,435 Thread 0x00007f08680a6800  208             java.awt.Container::findComponentAtImpl (315 bytes)
Event: 14,470 Thread 0x00007f08680a6800 nmethod 208 0x00007f0864ad2dd0 code [0x00007f0864ad30c0, 0x00007f0864ad4300]
Event: 14,647 Thread 0x00007f08680a9800  210             java.security.AccessControlContext::optimize (319 bytes)
Event: 14,656 Thread 0x00007f08680a6800  211             sun.awt.X11.Native::getInt (8 bytes)
Event: 14,657 Thread 0x00007f08680a6800 nmethod 211 0x00007f0864a83990 code [0x00007f0864a83ac0, 0x00007f0864a83b38]
Event: 14,659 Thread 0x00007f08680a9800 nmethod 210 0x00007f0864ad11d0 code [0x00007f0864ad1360, 0x00007f0864ad1a08]

GC Heap History (2 events):
Event: 1,994 GC heap before
{Heap before GC invocations=1 (full 0):
 PSYoungGen      total 33792K, used 29184K [0x00000000dae00000, 0x00000000dd380000, 0x0000000100000000)
  eden space 29184K, 100% used [0x00000000dae00000,0x00000000dca80000,0x00000000dca80000)
  from space 4608K, 0% used [0x00000000dcf00000,0x00000000dcf00000,0x00000000dd380000)
  to   space 4608K, 0% used [0x00000000dca80000,0x00000000dca80000,0x00000000dcf00000)
 ParOldGen       total 75776K, used 0K [0x0000000090a00000, 0x0000000095400000, 0x00000000dae00000)
  object space 75776K, 0% used [0x0000000090a00000,0x0000000090a00000,0x0000000095400000)
 PSPermGen       total 21504K, used 16131K [0x0000000086400000, 0x0000000087900000, 0x0000000090a00000)
  object space 21504K, 75% used [0x0000000086400000,0x00000000873c0fa0,0x0000000087900000)
Event: 2,015 GC heap after
Heap after GC invocations=1 (full 0):
 PSYoungGen      total 33792K, used 3720K [0x00000000dae00000, 0x00000000df000000, 0x0000000100000000)
  eden space 29184K, 0% used [0x00000000dae00000,0x00000000dae00000,0x00000000dca80000)
  from space 4608K, 80% used [0x00000000dca80000,0x00000000dce22320,0x00000000dcf00000)
  to   space 4608K, 0% used [0x00000000deb80000,0x00000000deb80000,0x00000000df000000)
 ParOldGen       total 75776K, used 0K [0x0000000090a00000, 0x0000000095400000, 0x00000000dae00000)
  object space 75776K, 0% used [0x0000000090a00000,0x0000000090a00000,0x0000000095400000)
 PSPermGen       total 21504K, used 16131K [0x0000000086400000, 0x0000000087900000, 0x0000000090a00000)
  object space 21504K, 75% used [0x0000000086400000,0x00000000873c0fa0,0x0000000087900000)
}

Deoptimization events (10 events):
Event: 1,764 Thread 0x00007f086800b000 Uncommon trap: reason=class_check action=maybe_recompile pc=0x00007f0864a6ecf0 method=java.io.FilterInputStream.read([B)I @ 5
Event: 2,121 Thread 0x00007f086800b000 Uncommon trap: reason=unloaded action=reinterpret pc=0x00007f0864a9aed8 method=java.lang.CharacterData.of(I)Ljava/lang/CharacterData; @ 96
Event: 2,355 Thread 0x00007f086800b000 Uncommon trap: reason=unloaded action=reinterpret pc=0x00007f0864a835cc method=java.util.ArrayList.rangeCheck(I)V @ 8
Event: 2,355 Thread 0x00007f086800b000 Uncommon trap: reason=unloaded action=reinterpret pc=0x00007f0864a83b04 method=java.util.ArrayList.rangeCheck(I)V @ 8
Event: 2,436 Thread 0x00007f08682ba800 Uncommon trap: reason=unreached action=reinterpret pc=0x00007f0864a97e48 method=java.lang.ThreadLocal.get()Ljava/lang/Object; @ 11
Event: 5,721 Thread 0x00007f08682be800 Uncommon trap: reason=unloaded action=reinterpret pc=0x00007f0864a8f610 method=sun.awt.image.PNGImageDecoder.produceImage()V @ 361
Event: 5,725 Thread 0x00007f08682be800 Uncommon trap: reason=predicate action=maybe_recompile pc=0x00007f0864a5a284 method=sun.awt.image.PNGImageDecoder.produceImage()V @ 960
Event: 9,326 Thread 0x00000000011bd000 Uncommon trap: reason=unreached action=reinterpret pc=0x00007f0864a9f408 method=java.lang.ThreadLocal$ThreadLocalMap.getEntry(Ljava/lang/ThreadLocal;)Ljava/lang/ThreadLocal$ThreadLocalMap$Entry; @ 29
Event: 9,327 Thread 0x00000000011bd000 Uncommon trap: reason=unreached action=reinterpret pc=0x00007f0864a9f05c method=java.lang.ThreadLocal$ThreadLocalMap.getEntry(Ljava/lang/ThreadLocal;)Ljava/lang/ThreadLocal$ThreadLocalMap$Entry; @ 29
Event: 9,337 Thread 0x000000000127f000 Uncommon trap: reason=unreached action=reinterpret pc=0x00007f0864a56a74 method=org.scify.jthinkfreedom.keyboard.stimuli.CapturekeyStimulus.onDataReceived()V @ 46

Internal exceptions (10 events):
Event: 7,197 Thread 0x00000000011bd000 Threw 0x00000000dc411358 at /build/openjdk-7-FO0dNI/openjdk-7-7u79-2.5.6/build/openjdk/hotspot/src/share/vm/prims/jvm.cpp:1284
Event: 7,202 Thread 0x00000000011bd000 Threw 0x00000000dc42e9f8 at /build/openjdk-7-FO0dNI/openjdk-7-7u79-2.5.6/build/openjdk/hotspot/src/share/vm/prims/jvm.cpp:1284
Event: 7,204 Thread 0x00000000011bd000 Threw 0x00000000dc43feb0 at /build/openjdk-7-FO0dNI/openjdk-7-7u79-2.5.6/build/openjdk/hotspot/src/share/vm/prims/jvm.cpp:1284
Event: 7,212 Thread 0x00000000011bd000 Threw 0x00000000dc4590f0 at /build/openjdk-7-FO0dNI/openjdk-7-7u79-2.5.6/build/openjdk/hotspot/src/share/vm/prims/jvm.cpp:1284
Event: 7,214 Thread 0x00000000011bd000 Threw 0x00000000dc46a2a0 at /build/openjdk-7-FO0dNI/openjdk-7-7u79-2.5.6/build/openjdk/hotspot/src/share/vm/prims/jvm.cpp:1284
Event: 9,326 Thread 0x00000000011bd000 Threw 0x00000000dc486f60 at /build/openjdk-7-FO0dNI/openjdk-7-7u79-2.5.6/build/openjdk/hotspot/src/share/vm/prims/jvm.cpp:1284
Event: 9,333 Thread 0x00000000011bd000 Threw 0x00000000dc49f9d8 at /build/openjdk-7-FO0dNI/openjdk-7-7u79-2.5.6/build/openjdk/hotspot/src/share/vm/prims/jvm.cpp:1284
Event: 9,668 Thread 0x00007f08683e3800 Threw 0x00000000dbc9ca18 at /build/openjdk-7-FO0dNI/openjdk-7-7u79-2.5.6/build/openjdk/hotspot/src/share/vm/prims/jni.cpp:747
Event: 14,793 Thread 0x000000000127f000 Threw 0x00000000dc692530 at /build/openjdk-7-FO0dNI/openjdk-7-7u79-2.5.6/build/openjdk/hotspot/src/share/vm/prims/jvm.cpp:1284
Event: 14,805 Thread 0x000000000127f000 Threw 0x00000000dc8edd18 at /build/openjdk-7-FO0dNI/openjdk-7-7u79-2.5.6/build/openjdk/hotspot/src/share/vm/prims/jvm.cpp:1284

Events (10 events):
Event: 14,805 loading class 0x00007f082402c4d0 done
Event: 14,808 Executing VM operation: RevokeBias
Event: 14,808 Executing VM operation: RevokeBias done
Event: 14,815 loading class 0x00007f08440775c0
Event: 14,816 loading class 0x00007f08440775c0 done
Event: 14,819 Thread 0x00007f082402c800 Thread added: 0x00007f082402c800
Event: 14,819 Executing VM operation: RevokeBias
Event: 14,819 Executing VM operation: RevokeBias done
Event: 14,820 loading class 0x00007f0844018840
Event: 14,820 loading class 0x00007f0844018840 done


Dynamic libraries:
00400000-00401000 r-xp 00000000 08:02 1323751                            /usr/lib/jvm/java-7-openjdk-amd64/jre/bin/java
00600000-00601000 r--p 00000000 08:02 1323751                            /usr/lib/jvm/java-7-openjdk-amd64/jre/bin/java
00601000-00602000 rw-p 00001000 08:02 1323751                            /usr/lib/jvm/java-7-openjdk-amd64/jre/bin/java
01189000-01337000 rw-p 00000000 00:00 0                                  [heap]
86400000-87900000 rw-p 00000000 00:00 0 
87900000-90a00000 rw-p 00000000 00:00 0 
90a00000-95400000 rw-p 00000000 00:00 0 
95400000-dae00000 rw-p 00000000 00:00 0 
dae00000-df000000 rw-p 00000000 00:00 0 
df000000-100000000 rw-p 00000000 00:00 0 
7f0817e9f000-7f0818000000 rw-p 00000000 00:00 0 
7f0818000000-7f0818047000 rw-p 00000000 00:00 0 
7f0818047000-7f081c000000 ---p 00000000 00:00 0 
7f081c117000-7f081c1f0000 rw-p 00000000 00:00 0 
7f081c1f0000-7f081c1fa000 r-xp 00000000 08:02 1317748                    /usr/lib/jvm/java-7-openjdk-amd64/jre/lib/amd64/libjavajpeg.so
7f081c1fa000-7f081c3f9000 ---p 0000a000 08:02 1317748                    /usr/lib/jvm/java-7-openjdk-amd64/jre/lib/amd64/libjavajpeg.so
7f081c3f9000-7f081c3fa000 r--p 00009000 08:02 1317748                    /usr/lib/jvm/java-7-openjdk-amd64/jre/lib/amd64/libjavajpeg.so
7f081c3fa000-7f081c3fb000 rw-p 0000a000 08:02 1317748                    /usr/lib/jvm/java-7-openjdk-amd64/jre/lib/amd64/libjavajpeg.so
7f081c3fc000-7f081c3ff000 ---p 00000000 00:00 0 
7f081c3ff000-7f081c4fd000 rw-p 00000000 00:00 0 
7f081c4fd000-7f081c500000 ---p 00000000 00:00 0 
7f081c500000-7f081c5fe000 rw-p 00000000 00:00 0 
7f081c5fe000-7f081c601000 ---p 00000000 00:00 0 
7f081c601000-7f081c6ff000 rw-p 00000000 00:00 0 
7f081c6ff000-7f081c702000 ---p 00000000 00:00 0 
7f081c702000-7f081c800000 rw-p 00000000 00:00 0                          [stack:8691]
7f081c800000-7f081c817000 r-xp 00000000 08:02 271375                     /tmp/jna-xrousakis/jna343559590027652195.tmp (deleted)
7f081c817000-7f081ca17000 ---p 00017000 08:02 271375                     /tmp/jna-xrousakis/jna343559590027652195.tmp (deleted)
7f081ca17000-7f081ca18000 r--p 00017000 08:02 271375                     /tmp/jna-xrousakis/jna343559590027652195.tmp (deleted)
7f081ca18000-7f081ca19000 rw-p 00018000 08:02 271375                     /tmp/jna-xrousakis/jna343559590027652195.tmp (deleted)
7f081ca1f000-7f081ca22000 ---p 00000000 00:00 0 
7f081ca22000-7f081cb20000 rw-p 00000000 00:00 0                          [stack:8689]
7f081cb20000-7f081cd5d000 rw-s 00000000 00:04 3964938                    /SYSV00000000 (deleted)
7f081cd5f000-7f081cd62000 ---p 00000000 00:00 0 
7f081cd62000-7f081ce60000 rw-p 00000000 00:00 0 
7f081ce96000-7f081ce99000 ---p 00000000 00:00 0 
7f081ce99000-7f081cf97000 rw-p 00000000 00:00 0                          [stack:8688]
7f081cf97000-7f081cf9a000 ---p 00000000 00:00 0 
7f081cf9a000-7f081d098000 rw-p 00000000 00:00 0                          [stack:8687]
7f081d098000-7f081d0b3000 r--s 00000000 08:02 2362922                    /usr/share/fonts/type1/gsfonts/p052004l.pfb
7f081d0b8000-7f081d0d3000 r--s 00000000 08:02 2362925                    /usr/share/fonts/type1/gsfonts/p052023l.pfb
7f081d0d8000-7f081d0ea000 r--s 00000000 08:02 2362883                    /usr/share/fonts/type1/gsfonts/n019043l.pfb
7f081d0f0000-7f081d0fc000 r--s 00000000 08:02 2362868                    /usr/share/fonts/type1/gsfonts/d050000l.pfb
7f081d100000-7f081d113000 r--s 00000000 08:02 2362847                    /usr/share/fonts/type1/gsfonts/b018015l.pfb
7f081d118000-7f081d129000 r--s 00000000 08:02 2362889                    /usr/share/fonts/type1/gsfonts/n019063l.pfb
7f081d130000-7f081d142000 r--s 00000000 08:02 2362853                    /usr/share/fonts/type1/gsfonts/b018035l.pfb
7f081d148000-7f081d158000 r--s 00000000 08:02 2362832                    /usr/share/fonts/type1/gsfonts/a010013l.pfb
7f081d158000-7f081d16f000 r--s 00000000 08:02 2362934                    /usr/share/fonts/type1/gsfonts/z003034l.pfb
7f081d170000-7f081d182000 r--s 00000000 08:02 2362886                    /usr/share/fonts/type1/gsfonts/n019044l.pfb
7f081d188000-7f081d191000 r--s 00000000 08:02 2362931                    /usr/share/fonts/type1/gsfonts/s050000l.pfb
7f081d198000-7f081d1b3000 r--s 00000000 08:02 2362859                    /usr/share/fonts/type1/gsfonts/c059016l.pfb
7f081d1b8000-7f081d1c9000 r--s 00000000 08:02 2362841                    /usr/share/fonts/type1/gsfonts/a010035l.pfb
7f081d1d0000-7f081d1e8000 r--s 00000000 08:02 2362862                    /usr/share/fonts/type1/gsfonts/c059033l.pfb
7f081d1e8000-7f081d1fd000 r--s 00000000 08:02 2362850                    /usr/share/fonts/type1/gsfonts/b018032l.pfb
7f081d200000-7f081d21c000 r--s 00000000 08:02 2362928                    /usr/share/fonts/type1/gsfonts/p052024l.pfb
7f081d220000-7f081d230000 r--s 00000000 08:02 2362838                    /usr/share/fonts/type1/gsfonts/a010033l.pfb
7f081d230000-7f081d231000 r--s 00000000 08:02 2756976                    /var/cache/fontconfig/c05880de57d1f5e948fdfacc138775d9-le64.cache-4
7f081d238000-7f081d243000 r--s 00000000 08:02 2756975                    /var/cache/fontconfig/945677eb7aeaf62f1d50efc3fb3ec7d8-le64.cache-4
7f081d248000-7f081d24a000 r--s 00000000 08:02 2756973                    /var/cache/fontconfig/99e8ed0e538f840c565b6ed5dad60d56-le64.cache-4
7f081d250000-7f081d256000 r--s 00000000 08:02 2756972                    /var/cache/fontconfig/2cd17615ca594fa2959ae173292e504c-le64.cache-4
7f081d258000-7f081d259000 r--s 00000000 08:02 2756971                    /var/cache/fontconfig/e7071f4a29fa870f4323321c154eba04-le64.cache-4
7f081d260000-7f081d261000 r--s 00000000 08:02 2756970                    /var/cache/fontconfig/0d8c3b2ac0904cb8a57a757ad11a4a08-le64.cache-4
7f081d268000-7f081d26f000 r--s 00000000 08:02 2756969                    /var/cache/fontconfig/a755afe4a08bf5b97852ceb7400b47bc-le64.cache-4
7f081d270000-7f081d27c000 r--s 00000000 08:02 2756968                    /var/cache/fontconfig/6d41288fd70b0be22e8c3a91e032eec0-le64.cache-4
7f081d280000-7f081d294000 r--s 00000000 08:02 2756967                    /var/cache/fontconfig/04aabc0a78ac019cf9454389977116d2-le64.cache-4
7f081d298000-7f081d299000 r--s 00000000 08:02 2756966                    /var/cache/fontconfig/1ac9eb803944fde146138c791f5cc56a-le64.cache-4
7f081d2a0000-7f081d2a4000 r--s 00000000 08:02 2756965                    /var/cache/fontconfig/385c0604a188198f04d133e54aba7fe7-le64.cache-4
7f081d2a8000-7f081d2a9000 r--s 00000000 08:02 2756964                    /var/cache/fontconfig/dc05db6664285cc2f12bf69c139ae4c3-le64.cache-4
7f081d2b0000-7f081d2b2000 r--s 00000000 08:02 2756963                    /var/cache/fontconfig/767a8244fc0220cfb567a839d0392e0b-le64.cache-4
7f081d2b8000-7f081d2b9000 r--s 00000000 08:02 2753289                    /var/cache/fontconfig/4794a0821666d79190d59a36cb4f44b5-le64.cache-4
7f081d2c0000-7f081d2c5000 r--s 00000000 08:02 2756961                    /var/cache/fontconfig/8801497958630a81b71ace7c5f9b32a8-le64.cache-4
7f081d2c8000-7f081d2cf000 r--s 00000000 08:02 2756960                    /var/cache/fontconfig/3047814df9a2f067bd2d96a2b9c36e5a-le64.cache-4
7f081d2d0000-7f081d2d1000 r--s 00000000 08:02 2756959                    /var/cache/fontconfig/56cf4f4769d0f4abc89a4895d7bd3ae1-le64.cache-4
7f081d2d8000-7f081d2de000 r--s 00000000 08:02 2756957                    /var/cache/fontconfig/b47c4e1ecd0709278f4910c18777a504-le64.cache-4
7f081d2e0000-7f081d2f3000 r--s 00000000 08:02 2756956                    /var/cache/fontconfig/d52a8644073d54c13679302ca1180695-le64.cache-4
7f081d2f8000-7f081d301000 r--s 00000000 08:02 2754543                    /var/cache/fontconfig/3f7329c5293ffd510edef78f73874cfd-le64.cache-4
7f081d308000-7f081d313000 r--s 00000000 08:02 2756954                    /var/cache/fontconfig/d589a48862398ed80a3d6066f4f56f4c-le64.cache-4
7f081d320000-7f081d338000 r--s 00000000 08:02 2362865                    /usr/share/fonts/type1/gsfonts/c059036l.pfb
7f081d338000-7f081d353000 r--s 00000000 08:02 2362919                    /usr/share/fonts/type1/gsfonts/p052003l.pfb
7f081d358000-7f081d36b000 r--s 00000000 08:02 2362892                    /usr/share/fonts/type1/gsfonts/n019064l.pfb
7f081d370000-7f081d380000 r--s 00000000 08:02 2362835                    /usr/share/fonts/type1/gsfonts/a010015l.pfb
7f081d380000-7f081d39a000 r--s 00000000 08:02 2362856                    /usr/share/fonts/type1/gsfonts/c059013l.pfb
7f081d3a0000-7f081d3b9000 r--s 00000000 08:02 2362844                    /usr/share/fonts/type1/gsfonts/b018012l.pfb
7f081d3c0000-7f081d3ca000 r--s 00000000 08:02 2362097                    /usr/share/fonts/X11/Type1/c0611bt_.pfb
7f081d3d0000-7f081d3d9000 r--s 00000000 08:02 2362105                    /usr/share/fonts/X11/Type1/c0649bt_.pfb
7f081d3e0000-7f081d3e9000 r--s 00000000 08:02 2362101                    /usr/share/fonts/X11/Type1/c0633bt_.pfb
7f081d3f0000-7f081d3fa000 r--s 00000000 08:02 2362091                    /usr/share/fonts/X11/Type1/c0419bt_.pfb
7f081d400000-7f081d40a000 r--s 00000000 08:02 2362095                    /usr/share/fonts/X11/Type1/c0583bt_.pfb
7f081d410000-7f081d41a000 r--s 00000000 08:02 2362093                    /usr/share/fonts/X11/Type1/c0582bt_.pfb
7f081d420000-7f081d472000 r-xp 00000000 08:02 1317750                    /usr/lib/jvm/java-7-openjdk-amd64/jre/lib/amd64/libfontmanager.so
7f081d472000-7f081d671000 ---p 00052000 08:02 1317750                    /usr/lib/jvm/java-7-openjdk-amd64/jre/lib/amd64/libfontmanager.so
7f081d671000-7f081d674000 r--p 00051000 08:02 1317750                    /usr/lib/jvm/java-7-openjdk-amd64/jre/lib/amd64/libfontmanager.so
7f081d674000-7f081d675000 rw-p 00054000 08:02 1317750                    /usr/lib/jvm/java-7-openjdk-amd64/jre/lib/amd64/libfontmanager.so
7f081d677000-7f081d67a000 ---p 00000000 00:00 0 
7f081d67a000-7f081d778000 rw-p 00000000 00:00 0                          [stack:8684]
7f081d778000-7f081d925000 r-xp 00000000 08:02 271374                     /tmp/javacpp7183429986815/libjniopencv_core.so
7f081d925000-7f081db25000 ---p 001ad000 08:02 271374                     /tmp/javacpp7183429986815/libjniopencv_core.so
7f081db25000-7f081db26000 r--p 001ad000 08:02 271374                     /tmp/javacpp7183429986815/libjniopencv_core.so
7f081db26000-7f081db28000 rw-p 001ae000 08:02 271374                     /tmp/javacpp7183429986815/libjniopencv_core.so
7f081db28000-7f081db76000 r-xp 00000000 08:02 271373                     /tmp/javacpp7183429986815/libjniopencv_highgui.so
7f081db76000-7f081dd75000 ---p 0004e000 08:02 271373                     /tmp/javacpp7183429986815/libjniopencv_highgui.so
7f081dd75000-7f081dd76000 r--p 0004d000 08:02 271373                     /tmp/javacpp7183429986815/libjniopencv_highgui.so
7f081dd76000-7f081dd77000 rw-p 0004e000 08:02 271373                     /tmp/javacpp7183429986815/libjniopencv_highgui.so
7f081dd78000-7f081ddbb000 r-xp 00000000 08:02 1188593                    /usr/lib/x86_64-linux-gnu/libjpeg.so.8.0.2
7f081ddbb000-7f081dfbb000 ---p 00043000 08:02 1188593                    /usr/lib/x86_64-linux-gnu/libjpeg.so.8.0.2
7f081dfbb000-7f081dfbc000 r--p 00043000 08:02 1188593                    /usr/lib/x86_64-linux-gnu/libjpeg.so.8.0.2
7f081dfbc000-7f081dfbd000 rw-p 00044000 08:02 1188593                    /usr/lib/x86_64-linux-gnu/libjpeg.so.8.0.2
7f081dfbd000-7f081dfcd000 rw-p 00000000 00:00 0 
7f081dfd0000-7f081dff4000 r-xp 00000000 08:02 1188998                    /usr/lib/x86_64-linux-gnu/libv4lconvert.so.0.0.0
7f081dff4000-7f081e1f4000 ---p 00024000 08:02 1188998                    /usr/lib/x86_64-linux-gnu/libv4lconvert.so.0.0.0
7f081e1f4000-7f081e1f6000 r--p 00024000 08:02 1188998                    /usr/lib/x86_64-linux-gnu/libv4lconvert.so.0.0.0
7f081e1f6000-7f081e1f7000 rw-p 00026000 08:02 1188998                    /usr/lib/x86_64-linux-gnu/libv4lconvert.so.0.0.0
7f081e1f7000-7f081e249000 rw-p 00000000 00:00 0 
7f081e250000-7f081e256000 r-xp 00000000 08:02 1188131                    /usr/lib/x86_64-linux-gnu/libdatrie.so.1.3.1
7f081e256000-7f081e455000 ---p 00006000 08:02 1188131                    /usr/lib/x86_64-linux-gnu/libdatrie.so.1.3.1
7f081e455000-7f081e456000 r--p 00005000 08:02 1188131                    /usr/lib/x86_64-linux-gnu/libdatrie.so.1.3.1
7f081e456000-7f081e457000 rw-p 00006000 08:02 1188131                    /usr/lib/x86_64-linux-gnu/libdatrie.so.1.3.1
7f081e458000-7f081e472000 r-xp 00000000 08:02 1188402                    /usr/lib/x86_64-linux-gnu/libgraphite2.so.3.0.1
7f081e472000-7f081e671000 ---p 0001a000 08:02 1188402                    /usr/lib/x86_64-linux-gnu/libgraphite2.so.3.0.1
7f081e671000-7f081e673000 r--p 00019000 08:02 1188402                    /usr/lib/x86_64-linux-gnu/libgraphite2.so.3.0.1
7f081e673000-7f081e674000 rw-p 0001b000 08:02 1188402                    /usr/lib/x86_64-linux-gnu/libgraphite2.so.3.0.1
7f081e678000-7f081e681000 r-xp 00000000 08:02 1188996                    /usr/lib/x86_64-linux-gnu/libv4l2.so.0.0.0
7f081e681000-7f081e880000 ---p 00009000 08:02 1188996                    /usr/lib/x86_64-linux-gnu/libv4l2.so.0.0.0
7f081e880000-7f081e881000 r--p 00008000 08:02 1188996                    /usr/lib/x86_64-linux-gnu/libv4l2.so.0.0.0
7f081e881000-7f081e886000 rw-p 00009000 08:02 1188996                    /usr/lib/x86_64-linux-gnu/libv4l2.so.0.0.0
7f081e888000-7f081e890000 r-xp 00000000 08:02 1188953                    /usr/lib/x86_64-linux-gnu/libthai.so.0.2.0
7f081e890000-7f081ea8f000 ---p 00008000 08:02 1188953                    /usr/lib/x86_64-linux-gnu/libthai.so.0.2.0
7f081ea8f000-7f081ea90000 r--p 00007000 08:02 1188953                    /usr/lib/x86_64-linux-gnu/libthai.so.0.2.0
7f081ea90000-7f081ea91000 rw-p 00008000 08:02 1188953                    /usr/lib/x86_64-linux-gnu/libthai.so.0.2.0
7f081ea98000-7f081eaeb000 r-xp 00000000 08:02 1179957                    /usr/lib/x86_64-linux-gnu/libharfbuzz.so.0.927.0
7f081eaeb000-7f081eceb000 ---p 00053000 08:02 1179957                    /usr/lib/x86_64-linux-gnu/libharfbuzz.so.0.927.0
7f081eceb000-7f081ecec000 r--p 00053000 08:02 1179957                    /usr/lib/x86_64-linux-gnu/libharfbuzz.so.0.927.0
7f081ecec000-7f081eced000 rw-p 00054000 08:02 1179957                    /usr/lib/x86_64-linux-gnu/libharfbuzz.so.0.927.0
7f081ecf0000-7f081ecf8000 r-xp 00000000 08:02 1189074                    /usr/lib/x86_64-linux-gnu/libxcb-render.so.0.0.0
7f081ecf8000-7f081eef7000 ---p 00008000 08:02 1189074                    /usr/lib/x86_64-linux-gnu/libxcb-render.so.0.0.0
7f081eef7000-7f081eef8000 r--p 00007000 08:02 1189074                    /usr/lib/x86_64-linux-gnu/libxcb-render.so.0.0.0
7f081eef8000-7f081eef9000 rw-p 00008000 08:02 1189074                    /usr/lib/x86_64-linux-gnu/libxcb-render.so.0.0.0
7f081ef00000-7f081ef02000 r-xp 00000000 08:02 1189078                    /usr/lib/x86_64-linux-gnu/libxcb-shm.so.0.0.0
7f081ef02000-7f081f101000 ---p 00002000 08:02 1189078                    /usr/lib/x86_64-linux-gnu/libxcb-shm.so.0.0.0
7f081f101000-7f081f102000 r--p 00001000 08:02 1189078                    /usr/lib/x86_64-linux-gnu/libxcb-shm.so.0.0.0
7f081f102000-7f081f103000 rw-p 00002000 08:02 1189078                    /usr/lib/x86_64-linux-gnu/libxcb-shm.so.0.0.0
7f081f108000-7f081f1a9000 r-xp 00000000 08:02 1188793                    /usr/lib/x86_64-linux-gnu/libpixman-1.so.0.30.2
7f081f1a9000-7f081f3a9000 ---p 000a1000 08:02 1188793                    /usr/lib/x86_64-linux-gnu/libpixman-1.so.0.30.2
7f081f3a9000-7f081f3b0000 r--p 000a1000 08:02 1188793                    /usr/lib/x86_64-linux-gnu/libpixman-1.so.0.30.2
7f081f3b0000-7f081f3b1000 rw-p 000a8000 08:02 1188793                    /usr/lib/x86_64-linux-gnu/libpixman-1.so.0.30.2
7f081f3b8000-7f081f3ba000 r-xp 00000000 08:02 1187926                    /usr/lib/x86_64-linux-gnu/libXdamage.so.1.1.0
7f081f3ba000-7f081f5b9000 ---p 00002000 08:02 1187926                    /usr/lib/x86_64-linux-gnu/libXdamage.so.1.1.0
7f081f5b9000-7f081f5ba000 r--p 00001000 08:02 1187926                    /usr/lib/x86_64-linux-gnu/libXdamage.so.1.1.0
7f081f5ba000-7f081f5bb000 rw-p 00002000 08:02 1187926                    /usr/lib/x86_64-linux-gnu/libXdamage.so.1.1.0
7f081f5c0000-7f081f5c2000 r-xp 00000000 08:02 1187922                    /usr/lib/x86_64-linux-gnu/libXcomposite.so.1.0.0
7f081f5c2000-7f081f7c1000 ---p 00002000 08:02 1187922                    /usr/lib/x86_64-linux-gnu/libXcomposite.so.1.0.0
7f081f7c1000-7f081f7c2000 r--p 00001000 08:02 1187922                    /usr/lib/x86_64-linux-gnu/libXcomposite.so.1.0.0
7f081f7c2000-7f081f7c3000 rw-p 00002000 08:02 1187922                    /usr/lib/x86_64-linux-gnu/libXcomposite.so.1.0.0
7f081f7c8000-7f081f7d1000 r-xp 00000000 08:02 1187948                    /usr/lib/x86_64-linux-gnu/libXrandr.so.2.2.0
7f081f7d1000-7f081f9d0000 ---p 00009000 08:02 1187948                    /usr/lib/x86_64-linux-gnu/libXrandr.so.2.2.0
7f081f9d0000-7f081f9d1000 r--p 00008000 08:02 1187948                    /usr/lib/x86_64-linux-gnu/libXrandr.so.2.2.0
7f081f9d1000-7f081f9d2000 rw-p 00009000 08:02 1187948                    /usr/lib/x86_64-linux-gnu/libXrandr.so.2.2.0
7f081f9d8000-7f081f9da000 r-xp 00000000 08:02 1187940                    /usr/lib/x86_64-linux-gnu/libXinerama.so.1.0.0
7f081f9da000-7f081fbd9000 ---p 00002000 08:02 1187940                    /usr/lib/x86_64-linux-gnu/libXinerama.so.1.0.0
7f081fbd9000-7f081fbda000 r--p 00001000 08:02 1187940                    /usr/lib/x86_64-linux-gnu/libXinerama.so.1.0.0
7f081fbda000-7f081fbdb000 rw-p 00002000 08:02 1187940                    /usr/lib/x86_64-linux-gnu/libXinerama.so.1.0.0
7f081fbe0000-7f081fbe5000 r-xp 00000000 08:02 1188994                    /usr/lib/x86_64-linux-gnu/libv4l1.so.0.0.0
7f081fbe5000-7f081fde4000 ---p 00005000 08:02 1188994                    /usr/lib/x86_64-linux-gnu/libv4l1.so.0.0.0
7f081fde4000-7f081fde5000 r--p 00004000 08:02 1188994                    /usr/lib/x86_64-linux-gnu/libv4l1.so.0.0.0
7f081fde5000-7f081fde6000 rw-p 00005000 08:02 1188994                    /usr/lib/x86_64-linux-gnu/libv4l1.so.0.0.0
7f081fde8000-7f081fde9000 r-xp 00000000 08:02 1181659                    /usr/lib/x86_64-linux-gnu/libgthread-2.0.so.0.4002.0
7f081fde9000-7f081ffe8000 ---p 00001000 08:02 1181659                    /usr/lib/x86_64-linux-gnu/libgthread-2.0.so.0.4002.0
7f081ffe8000-7f081ffe9000 r--p 00000000 08:02 1181659                    /usr/lib/x86_64-linux-gnu/libgthread-2.0.so.0.4002.0
7f081ffe9000-7f081ffea000 rw-p 00001000 08:02 1181659                    /usr/lib/x86_64-linux-gnu/libgthread-2.0.so.0.4002.0
7f081fff0000-7f082003a000 r-xp 00000000 08:02 1181864                    /usr/lib/x86_64-linux-gnu/libpango-1.0.so.0.3600.3
7f082003a000-7f082023a000 ---p 0004a000 08:02 1181864                    /usr/lib/x86_64-linux-gnu/libpango-1.0.so.0.3600.3
7f082023a000-7f082023c000 r--p 0004a000 08:02 1181864                    /usr/lib/x86_64-linux-gnu/libpango-1.0.so.0.3600.3
7f082023c000-7f082023d000 rw-p 0004c000 08:02 1181864                    /usr/lib/x86_64-linux-gnu/libpango-1.0.so.0.3600.3
7f0820240000-7f0820254000 r-xp 00000000 08:02 1181866                    /usr/lib/x86_64-linux-gnu/libpangoft2-1.0.so.0.3600.3
7f0820254000-7f0820453000 ---p 00014000 08:02 1181866                    /usr/lib/x86_64-linux-gnu/libpangoft2-1.0.so.0.3600.3
7f0820453000-7f0820454000 r--p 00013000 08:02 1181866                    /usr/lib/x86_64-linux-gnu/libpangoft2-1.0.so.0.3600.3
7f0820454000-7f0820455000 rw-p 00014000 08:02 1181866                    /usr/lib/x86_64-linux-gnu/libpangoft2-1.0.so.0.3600.3
7f0820458000-7f0820477000 r-xp 00000000 08:02 1188324                    /usr/lib/x86_64-linux-gnu/libgdk_pixbuf-2.0.so.0.3000.7
7f0820477000-7f0820677000 ---p 0001f000 08:02 1188324                    /usr/lib/x86_64-linux-gnu/libgdk_pixbuf-2.0.so.0.3000.7
7f0820677000-7f0820678000 r--p 0001f000 08:02 1188324                    /usr/lib/x86_64-linux-gnu/libgdk_pixbuf-2.0.so.0.3000.7
7f0820678000-7f0820679000 rw-p 00020000 08:02 1188324                    /usr/lib/x86_64-linux-gnu/libgdk_pixbuf-2.0.so.0.3000.7
7f0820680000-7f0820786000 r-xp 00000000 08:02 1184068                    /usr/lib/x86_64-linux-gnu/libcairo.so.2.11301.0
7f0820786000-7f0820985000 ---p 00106000 08:02 1184068                    /usr/lib/x86_64-linux-gnu/libcairo.so.2.11301.0
7f0820985000-7f0820988000 r--p 00105000 08:02 1184068                    /usr/lib/x86_64-linux-gnu/libcairo.so.2.11301.0
7f0820988000-7f0820989000 rw-p 00108000 08:02 1184068                    /usr/lib/x86_64-linux-gnu/libcairo.so.2.11301.0
7f0820989000-7f082098b000 rw-p 00000000 00:00 0 
7f0820990000-7f08209af000 r-xp 00000000 08:02 1188009                    /usr/lib/x86_64-linux-gnu/libatk-1.0.so.0.21009.1
7f08209af000-7f0820baf000 ---p 0001f000 08:02 1188009                    /usr/lib/x86_64-linux-gnu/libatk-1.0.so.0.21009.1
7f0820baf000-7f0820bb1000 r--p 0001f000 08:02 1188009                    /usr/lib/x86_64-linux-gnu/libatk-1.0.so.0.21009.1
7f0820bb1000-7f0820bb2000 rw-p 00021000 08:02 1188009                    /usr/lib/x86_64-linux-gnu/libatk-1.0.so.0.21009.1
7f0820bb8000-7f0820bc3000 r-xp 00000000 08:02 1181862                    /usr/lib/x86_64-linux-gnu/libpangocairo-1.0.so.0.3600.3
7f0820bc3000-7f0820dc3000 ---p 0000b000 08:02 1181862                    /usr/lib/x86_64-linux-gnu/libpangocairo-1.0.so.0.3600.3
7f0820dc3000-7f0820dc4000 r--p 0000b000 08:02 1181862                    /usr/lib/x86_64-linux-gnu/libpangocairo-1.0.so.0.3600.3
7f0820dc4000-7f0820dc5000 rw-p 0000c000 08:02 1181862                    /usr/lib/x86_64-linux-gnu/libpangocairo-1.0.so.0.3600.3
7f0820dc8000-7f0820e75000 r-xp 00000000 08:02 1185800                    /usr/lib/x86_64-linux-gnu/libgdk-x11-2.0.so.0.2400.23
7f0820e75000-7f0821074000 ---p 000ad000 08:02 1185800                    /usr/lib/x86_64-linux-gnu/libgdk-x11-2.0.so.0.2400.23
7f0821074000-7f0821078000 r--p 000ac000 08:02 1185800                    /usr/lib/x86_64-linux-gnu/libgdk-x11-2.0.so.0.2400.23
7f0821078000-7f082107a000 rw-p 000b0000 08:02 1185800                    /usr/lib/x86_64-linux-gnu/libgdk-x11-2.0.so.0.2400.23
7f0821080000-7f08214af000 r-xp 00000000 08:02 1190134                    /usr/lib/x86_64-linux-gnu/libgtk-x11-2.0.so.0.2400.23
7f08214af000-7f08216ae000 ---p 0042f000 08:02 1190134                    /usr/lib/x86_64-linux-gnu/libgtk-x11-2.0.so.0.2400.23
7f08216ae000-7f08216b5000 r--p 0042e000 08:02 1190134                    /usr/lib/x86_64-linux-gnu/libgtk-x11-2.0.so.0.2400.23
7f08216b5000-7f08216b9000 rw-p 00435000 08:02 1190134                    /usr/lib/x86_64-linux-gnu/libgtk-x11-2.0.so.0.2400.23
7f08216b9000-7f08216bc000 rw-p 00000000 00:00 0 
7f08216c0000-7f0821907000 r-xp 00000000 08:02 271372                     /tmp/javacpp7183429986815/libopencv_highgui.so.2.4
7f0821907000-7f0821b07000 ---p 00247000 08:02 271372                     /tmp/javacpp7183429986815/libopencv_highgui.so.2.4
7f0821b07000-7f0821b0f000 r--p 00247000 08:02 271372                     /tmp/javacpp7183429986815/libopencv_highgui.so.2.4
7f0821b0f000-7f0821b18000 rw-p 0024f000 08:02 271372                     /tmp/javacpp7183429986815/libopencv_highgui.so.2.4
7f0821b18000-7f0821b20000 rw-p 00000000 00:00 0 
7f0821b20000-7f0821d7b000 r-xp 00000000 08:02 271371                     /tmp/javacpp7183429986815/libopencv_imgproc.so.2.4
7f0821d7b000-7f0821f7b000 ---p 0025b000 08:02 271371                     /tmp/javacpp7183429986815/libopencv_imgproc.so.2.4
7f0821f7b000-7f0821f82000 r--p 0025b000 08:02 271371                     /tmp/javacpp7183429986815/libopencv_imgproc.so.2.4
7f0821f82000-7f0821f84000 rw-p 00262000 08:02 271371                     /tmp/javacpp7183429986815/libopencv_imgproc.so.2.4
7f0821f84000-7f0822019000 rw-p 00000000 00:00 0 
7f0822020000-7f08222c9000 r-xp 00000000 08:02 271370                     /tmp/javacpp7183429986815/libopencv_core.so.2.4
7f08222c9000-7f08224c8000 ---p 002a9000 08:02 271370                     /tmp/javacpp7183429986815/libopencv_core.so.2.4
7f08224c8000-7f08224cc000 r--p 002a8000 08:02 271370                     /tmp/javacpp7183429986815/libopencv_core.so.2.4
7f08224cc000-7f08224d5000 rw-p 002ac000 08:02 271370                     /tmp/javacpp7183429986815/libopencv_core.so.2.4
7f08224d5000-7f08224d8000 rw-p 00000000 00:00 0 
7f08224d8000-7f0822501000 r-xp 00000000 08:02 271369                     /tmp/javacpp7183429986815/libtbb.so
7f0822501000-7f0822700000 ---p 00029000 08:02 271369                     /tmp/javacpp7183429986815/libtbb.so
7f0822700000-7f0822702000 r--p 00028000 08:02 271369                     /tmp/javacpp7183429986815/libtbb.so
7f0822702000-7f0822703000 rw-p 0002a000 08:02 271369                     /tmp/javacpp7183429986815/libtbb.so
7f0822708000-7f082272e000 r-xp 00000000 08:02 271368                     /tmp/javacpp7183429986815/libjnifreenect.so
7f082272e000-7f082292d000 ---p 00026000 08:02 271368                     /tmp/javacpp7183429986815/libjnifreenect.so
7f082292d000-7f082292e000 r--p 00025000 08:02 271368                     /tmp/javacpp7183429986815/libjnifreenect.so
7f082292e000-7f082292f000 rw-p 00026000 08:02 271368                     /tmp/javacpp7183429986815/libjnifreenect.so
7f0822930000-7f0822933000 r-xp 00000000 08:02 271367                     /tmp/javacpp7183429986815/libfreenect_sync.so
7f0822933000-7f0822b32000 ---p 00003000 08:02 271367                     /tmp/javacpp7183429986815/libfreenect_sync.so
7f0822b32000-7f0822b33000 r--p 00002000 08:02 271367                     /tmp/javacpp7183429986815/libfreenect_sync.so
7f0822b33000-7f0822b34000 rw-p 00003000 08:02 271367                     /tmp/javacpp7183429986815/libfreenect_sync.so
7f0822b38000-7f0822b46000 r-xp 00000000 08:02 271366                     /tmp/javacpp7183429986815/libfreenect.so
7f0822b46000-7f0822d45000 ---p 0000e000 08:02 271366                     /tmp/javacpp7183429986815/libfreenect.so
7f0822d45000-7f0822d46000 r--p 0000d000 08:02 271366                     /tmp/javacpp7183429986815/libfreenect.so
7f0822d46000-7f0822d47000 rw-p 0000e000 08:02 271366                     /tmp/javacpp7183429986815/libfreenect.so
7f0822d47000-7f0822d48000 ---p 00000000 00:00 0 
7f0822d48000-7f0823548000 rw-p 00000000 00:00 0 
7f0823548000-7f082359a000 r-xp 00000000 08:02 271365                     /tmp/javacpp7183429986815/libjnidc1394.so
7f082359a000-7f0823799000 ---p 00052000 08:02 271365                     /tmp/javacpp7183429986815/libjnidc1394.so
7f0823799000-7f082379a000 r--p 00051000 08:02 271365                     /tmp/javacpp7183429986815/libjnidc1394.so
7f082379a000-7f082379b000 rw-p 00052000 08:02 271365                     /tmp/javacpp7183429986815/libjnidc1394.so
7f08237a0000-7f08237a8000 r-xp 00000000 08:02 1445949                    /lib/x86_64-linux-gnu/libnih-dbus.so.1.0.0
7f08237a8000-7f08239a8000 ---p 00008000 08:02 1445949                    /lib/x86_64-linux-gnu/libnih-dbus.so.1.0.0
7f08239a8000-7f08239a9000 r--p 00008000 08:02 1445949                    /lib/x86_64-linux-gnu/libnih-dbus.so.1.0.0
7f08239a9000-7f08239aa000 rw-p 00009000 08:02 1445949                    /lib/x86_64-linux-gnu/libnih-dbus.so.1.0.0
7f08239b0000-7f08239c7000 r-xp 00000000 08:02 1445951                    /lib/x86_64-linux-gnu/libnih.so.1.0.0
7f08239c7000-7f0823bc6000 ---p 00017000 08:02 1445951                    /lib/x86_64-linux-gnu/libnih.so.1.0.0
7f0823bc6000-7f0823bc7000 r--p 00016000 08:02 1445951                    /lib/x86_64-linux-gnu/libnih.so.1.0.0
7f0823bc7000-7f0823bc8000 rw-p 00017000 08:02 1445951                    /lib/x86_64-linux-gnu/libnih.so.1.0.0
7f0823bc8000-7f0823be1000 r-xp 00000000 08:02 1444015                    /lib/x86_64-linux-gnu/libcgmanager.so.0.0.0
7f0823be1000-7f0823de0000 ---p 00019000 08:02 1444015                    /lib/x86_64-linux-gnu/libcgmanager.so.0.0.0
7f0823de0000-7f0823de2000 r--p 00018000 08:02 1444015                    /lib/x86_64-linux-gnu/libcgmanager.so.0.0.0
7f0823de2000-7f0823de3000 rw-p 0001a000 08:02 1444015                    /lib/x86_64-linux-gnu/libcgmanager.so.0.0.0
7f0823de8000-7f0823df8000 r-xp 00000000 08:02 1442754                    /lib/x86_64-linux-gnu/libudev.so.1.3.5
7f0823df8000-7f0823ff7000 ---p 00010000 08:02 1442754                    /lib/x86_64-linux-gnu/libudev.so.1.3.5
7f0823ff7000-7f0823ff8000 r--p 0000f000 08:02 1442754                    /lib/x86_64-linux-gnu/libudev.so.1.3.5
7f0823ff8000-7f0823ff9000 rw-p 00010000 08:02 1442754                    /lib/x86_64-linux-gnu/libudev.so.1.3.5
7f0824000000-7f0824057000 rw-p 00000000 00:00 0 
7f0824057000-7f0828000000 ---p 00000000 00:00 0 
7f0828000000-7f0828086000 rw-p 00000000 00:00 0 
7f0828086000-7f082c000000 ---p 00000000 00:00 0 
7f082c000000-7f082c072000 rw-p 00000000 00:00 0 
7f082c072000-7f0830000000 ---p 00000000 00:00 0 
7f0830000000-7f0830001000 r--s 00000000 08:02 2756958                    /var/cache/fontconfig/b9d506c9ac06c20b433354fa67a72993-le64.cache-4
7f0830008000-7f083000b000 r--s 00000000 08:02 2756942                    /var/cache/fontconfig/e13b20fdb08344e0e664864cc2ede53d-le64.cache-4
7f0830010000-7f0830014000 r--s 00000000 08:02 2756952                    /var/cache/fontconfig/7ef2298fde41cc6eeb7af42e48b7d293-le64.cache-4
7f0830017000-7f083001a000 ---p 00000000 00:00 0 
7f083001a000-7f0830118000 rw-p 00000000 00:00 0                          [stack:8683]
7f0830118000-7f083012d000 r-xp 00000000 08:02 1446041                    /lib/x86_64-linux-gnu/libusb-1.0.so.0.1.0
7f083012d000-7f083032d000 ---p 00015000 08:02 1446041                    /lib/x86_64-linux-gnu/libusb-1.0.so.0.1.0
7f083032d000-7f083032e000 r--p 00015000 08:02 1446041                    /lib/x86_64-linux-gnu/libusb-1.0.so.0.1.0
7f083032e000-7f083032f000 rw-p 00016000 08:02 1446041                    /lib/x86_64-linux-gnu/libusb-1.0.so.0.1.0
7f0830330000-7f083033d000 r-xp 00000000 08:02 1188844                    /usr/lib/x86_64-linux-gnu/libraw1394.so.11.1.0
7f083033d000-7f083053c000 ---p 0000d000 08:02 1188844                    /usr/lib/x86_64-linux-gnu/libraw1394.so.11.1.0
7f083053c000-7f083053d000 r--p 0000c000 08:02 1188844                    /usr/lib/x86_64-linux-gnu/libraw1394.so.11.1.0
7f083053d000-7f083053e000 rw-p 0000d000 08:02 1188844                    /usr/lib/x86_64-linux-gnu/libraw1394.so.11.1.0
7f0830540000-7f0830573000 r-xp 00000000 08:02 271364                     /tmp/javacpp7183429986815/libdc1394.so.22
7f0830573000-7f0830773000 ---p 00033000 08:02 271364                     /tmp/javacpp7183429986815/libdc1394.so.22
7f0830773000-7f0830774000 r--p 00033000 08:02 271364                     /tmp/javacpp7183429986815/libdc1394.so.22
7f0830774000-7f0830775000 rw-p 00034000 08:02 271364                     /tmp/javacpp7183429986815/libdc1394.so.22
7f0830775000-7f08307b5000 rw-p 00000000 00:00 0 
7f08307b8000-7f08307cf000 r-xp 00000000 08:02 1317766                    /usr/lib/jvm/java-7-openjdk-amd64/jre/lib/amd64/libnet.so
7f08307cf000-7f08309ce000 ---p 00017000 08:02 1317766                    /usr/lib/jvm/java-7-openjdk-amd64/jre/lib/amd64/libnet.so
7f08309ce000-7f08309cf000 r--p 00016000 08:02 1317766                    /usr/lib/jvm/java-7-openjdk-amd64/jre/lib/amd64/libnet.so
7f08309cf000-7f08309d0000 rw-p 00017000 08:02 1317766                    /usr/lib/jvm/java-7-openjdk-amd64/jre/lib/amd64/libnet.so
7f08309d0000-7f08309e0000 r-xp 00000000 08:02 1317771                    /usr/lib/jvm/java-7-openjdk-amd64/jre/lib/amd64/libnio.so
7f08309e0000-7f0830be0000 ---p 00010000 08:02 1317771                    /usr/lib/jvm/java-7-openjdk-amd64/jre/lib/amd64/libnio.so
7f0830be0000-7f0830be1000 r--p 00010000 08:02 1317771                    /usr/lib/jvm/java-7-openjdk-amd64/jre/lib/amd64/libnio.so
7f0830be1000-7f0830be2000 rw-p 00011000 08:02 1317771                    /usr/lib/jvm/java-7-openjdk-amd64/jre/lib/amd64/libnio.so
7f0830be7000-7f0830bea000 ---p 00000000 00:00 0 
7f0830bea000-7f0830ce8000 rw-p 00000000 00:00 0                          [stack:8700]
7f0830ce8000-7f0830ced000 r-xp 00000000 08:02 1185797                    /usr/lib/x86_64-linux-gnu/libXfixes.so.3.1.0
7f0830ced000-7f0830eec000 ---p 00005000 08:02 1185797                    /usr/lib/x86_64-linux-gnu/libXfixes.so.3.1.0
7f0830eec000-7f0830eed000 r--p 00004000 08:02 1185797                    /usr/lib/x86_64-linux-gnu/libXfixes.so.3.1.0
7f0830eed000-7f0830eee000 rw-p 00005000 08:02 1185797                    /usr/lib/x86_64-linux-gnu/libXfixes.so.3.1.0
7f0830ef0000-7f0830ef9000 r-xp 00000000 08:02 1187924                    /usr/lib/x86_64-linux-gnu/libXcursor.so.1.0.2
7f0830ef9000-7f08310f8000 ---p 00009000 08:02 1187924                    /usr/lib/x86_64-linux-gnu/libXcursor.so.1.0.2
7f08310f8000-7f08310f9000 r--p 00008000 08:02 1187924                    /usr/lib/x86_64-linux-gnu/libXcursor.so.1.0.2
7f08310f9000-7f08310fa000 rw-p 00009000 08:02 1187924                    /usr/lib/x86_64-linux-gnu/libXcursor.so.1.0.2
7f0831100000-7f0831104000 r-xp 00000000 08:02 1445919                    /lib/x86_64-linux-gnu/libgpg-error.so.0.10.0
7f0831104000-7f0831303000 ---p 00004000 08:02 1445919                    /lib/x86_64-linux-gnu/libgpg-error.so.0.10.0
7f0831303000-7f0831304000 r--p 00003000 08:02 1445919                    /lib/x86_64-linux-gnu/libgpg-error.so.0.10.0
7f0831304000-7f0831305000 rw-p 00004000 08:02 1445919                    /lib/x86_64-linux-gnu/libgpg-error.so.0.10.0
7f0831308000-7f083130a000 r-xp 00000000 08:02 1445929                    /lib/x86_64-linux-gnu/libkeyutils.so.1.4
7f083130a000-7f083150a000 ---p 00002000 08:02 1445929                    /lib/x86_64-linux-gnu/libkeyutils.so.1.4
7f083150a000-7f083150b000 r--p 00002000 08:02 1445929                    /lib/x86_64-linux-gnu/libkeyutils.so.1.4
7f083150b000-7f083150c000 rw-p 00003000 08:02 1445929                    /lib/x86_64-linux-gnu/libkeyutils.so.1.4
7f0831510000-7f083154d000 r-xp 00000000 08:02 1445990                    /lib/x86_64-linux-gnu/libpcre.so.3.13.1
7f083154d000-7f083174c000 ---p 0003d000 08:02 1445990                    /lib/x86_64-linux-gnu/libpcre.so.3.13.1
7f083174c000-7f083174d000 r--p 0003c000 08:02 1445990                    /lib/x86_64-linux-gnu/libpcre.so.3.13.1
7f083174d000-7f083174e000 rw-p 0003d000 08:02 1445990                    /lib/x86_64-linux-gnu/libpcre.so.3.13.1
7f0831750000-7f0831775000 r-xp 00000000 08:02 1446002                    /lib/x86_64-linux-gnu/libpng12.so.0.50.0
7f0831775000-7f0831974000 ---p 00025000 08:02 1446002                    /lib/x86_64-linux-gnu/libpng12.so.0.50.0
7f0831974000-7f0831975000 r--p 00024000 08:02 1446002                    /lib/x86_64-linux-gnu/libpng12.so.0.50.0
7f0831975000-7f0831976000 rw-p 00025000 08:02 1446002                    /lib/x86_64-linux-gnu/libpng12.so.0.50.0
7f0831978000-7f08319bc000 r-xp 00000000 08:02 1444769                    /lib/x86_64-linux-gnu/libdbus-1.so.3.7.6
7f08319bc000-7f0831bbb000 ---p 00044000 08:02 1444769                    /lib/x86_64-linux-gnu/libdbus-1.so.3.7.6
7f0831bbb000-7f0831bbc000 r--p 00043000 08:02 1444769                    /lib/x86_64-linux-gnu/libdbus-1.so.3.7.6
7f0831bbc000-7f0831bbd000 rw-p 00044000 08:02 1444769                    /lib/x86_64-linux-gnu/libdbus-1.so.3.7.6
7f0831bc0000-7f0831bfb000 r-xp 00000000 08:02 1188762                    /usr/lib/x86_64-linux-gnu/libp11-kit.so.0.0.0
7f0831bfb000-7f0831dfa000 ---p 0003b000 08:02 1188762                    /usr/lib/x86_64-linux-gnu/libp11-kit.so.0.0.0
7f0831dfa000-7f0831e00000 r--p 0003a000 08:02 1188762                    /usr/lib/x86_64-linux-gnu/libp11-kit.so.0.0.0
7f0831e00000-7f0831e02000 rw-p 00040000 08:02 1188762                    /usr/lib/x86_64-linux-gnu/libp11-kit.so.0.0.0
7f0831e08000-7f0831e1a000 r-xp 00000000 08:02 1190002                    /usr/lib/x86_64-linux-gnu/libtasn1.so.6.2.0
7f0831e1a000-7f083201a000 ---p 00012000 08:02 1190002                    /usr/lib/x86_64-linux-gnu/libtasn1.so.6.2.0
7f083201a000-7f083201b000 r--p 00012000 08:02 1190002                    /usr/lib/x86_64-linux-gnu/libtasn1.so.6.2.0
7f083201b000-7f083201c000 rw-p 00013000 08:02 1190002                    /usr/lib/x86_64-linux-gnu/libtasn1.so.6.2.0
7f0832020000-7f083209c000 r-xp 00000000 08:02 1443002                    /lib/x86_64-linux-gnu/libgcrypt.so.11.8.2
7f083209c000-7f083229c000 ---p 0007c000 08:02 1443002                    /lib/x86_64-linux-gnu/libgcrypt.so.11.8.2
7f083229c000-7f083229d000 r--p 0007c000 08:02 1443002                    /lib/x86_64-linux-gnu/libgcrypt.so.11.8.2
7f083229d000-7f08322a0000 rw-p 0007d000 08:02 1443002                    /lib/x86_64-linux-gnu/libgcrypt.so.11.8.2
7f08322a0000-7f08322aa000 r-xp 00000000 08:02 1185597                    /usr/lib/x86_64-linux-gnu/libkrb5support.so.0.1
7f08322aa000-7f08324a9000 ---p 0000a000 08:02 1185597                    /usr/lib/x86_64-linux-gnu/libkrb5support.so.0.1
7f08324a9000-7f08324aa000 r--p 00009000 08:02 1185597                    /usr/lib/x86_64-linux-gnu/libkrb5support.so.0.1
7f08324aa000-7f08324ab000 rw-p 0000a000 08:02 1185597                    /usr/lib/x86_64-linux-gnu/libkrb5support.so.0.1
7f08324b0000-7f08324b3000 r-xp 00000000 08:02 1444828                    /lib/x86_64-linux-gnu/libcom_err.so.2.1
7f08324b3000-7f08326b2000 ---p 00003000 08:02 1444828                    /lib/x86_64-linux-gnu/libcom_err.so.2.1
7f08326b2000-7f08326b3000 r--p 00002000 08:02 1444828                    /lib/x86_64-linux-gnu/libcom_err.so.2.1
7f08326b3000-7f08326b4000 rw-p 00003000 08:02 1444828                    /lib/x86_64-linux-gnu/libcom_err.so.2.1
7f08326b8000-7f08326e4000 r-xp 00000000 08:02 1180183                    /usr/lib/x86_64-linux-gnu/libk5crypto.so.3.1
7f08326e4000-7f08328e3000 ---p 0002c000 08:02 1180183                    /usr/lib/x86_64-linux-gnu/libk5crypto.so.3.1
7f08328e3000-7f08328e5000 r--p 0002b000 08:02 1180183                    /usr/lib/x86_64-linux-gnu/libk5crypto.so.3.1
7f08328e5000-7f08328e6000 rw-p 0002d000 08:02 1180183                    /usr/lib/x86_64-linux-gnu/libk5crypto.so.3.1
7f08328e6000-7f08328e7000 rw-p 00000000 00:00 0 
7f08328e8000-7f08329a4000 r-xp 00000000 08:02 1185595                    /usr/lib/x86_64-linux-gnu/libkrb5.so.3.3
7f08329a4000-7f0832ba4000 ---p 000bc000 08:02 1185595                    /usr/lib/x86_64-linux-gnu/libkrb5.so.3.3
7f0832ba4000-7f0832bb1000 r--p 000bc000 08:02 1185595                    /usr/lib/x86_64-linux-gnu/libkrb5.so.3.3
7f0832bb1000-7f0832bb3000 rw-p 000c9000 08:02 1185595                    /usr/lib/x86_64-linux-gnu/libkrb5.so.3.3
7f0832bb8000-7f0832bbd000 r-xp 00000000 08:02 1187928                    /usr/lib/x86_64-linux-gnu/libXdmcp.so.6.0.0
7f0832bbd000-7f0832dbc000 ---p 00005000 08:02 1187928                    /usr/lib/x86_64-linux-gnu/libXdmcp.so.6.0.0
7f0832dbc000-7f0832dbd000 r--p 00004000 08:02 1187928                    /usr/lib/x86_64-linux-gnu/libXdmcp.so.6.0.0
7f0832dbd000-7f0832dbe000 rw-p 00005000 08:02 1187928                    /usr/lib/x86_64-linux-gnu/libXdmcp.so.6.0.0
7f0832dc0000-7f0832dc2000 r-xp 00000000 08:02 1187917                    /usr/lib/x86_64-linux-gnu/libXau.so.6.0.0
7f0832dc2000-7f0832fc2000 ---p 00002000 08:02 1187917                    /usr/lib/x86_64-linux-gnu/libXau.so.6.0.0
7f0832fc2000-7f0832fc3000 r--p 00002000 08:02 1187917                    /usr/lib/x86_64-linux-gnu/libXau.so.6.0.0
7f0832fc3000-7f0832fc4000 rw-p 00003000 08:02 1187917                    /usr/lib/x86_64-linux-gnu/libXau.so.6.0.0
7f0832fc8000-7f0832fcf000 r-xp 00000000 08:02 1188226                    /usr/lib/x86_64-linux-gnu/libffi.so.6.0.1
7f0832fcf000-7f08331ce000 ---p 00007000 08:02 1188226                    /usr/lib/x86_64-linux-gnu/libffi.so.6.0.1
7f08331ce000-7f08331cf000 r--p 00006000 08:02 1188226                    /usr/lib/x86_64-linux-gnu/libffi.so.6.0.1
7f08331cf000-7f08331d0000 rw-p 00007000 08:02 1188226                    /usr/lib/x86_64-linux-gnu/libffi.so.6.0.1
7f08331d0000-7f08331e7000 r-xp 00000000 08:02 1441817                    /lib/x86_64-linux-gnu/libresolv-2.19.so
7f08331e7000-7f08333e7000 ---p 00017000 08:02 1441817                    /lib/x86_64-linux-gnu/libresolv-2.19.so
7f08333e7000-7f08333e8000 r--p 00017000 08:02 1441817                    /lib/x86_64-linux-gnu/libresolv-2.19.so
7f08333e8000-7f08333e9000 rw-p 00018000 08:02 1441817                    /lib/x86_64-linux-gnu/libresolv-2.19.so
7f08333e9000-7f08333eb000 rw-p 00000000 00:00 0 
7f08333f0000-7f0833410000 r-xp 00000000 08:02 1441806                    /lib/x86_64-linux-gnu/libselinux.so.1
7f0833410000-7f083360f000 ---p 00020000 08:02 1441806                    /lib/x86_64-linux-gnu/libselinux.so.1
7f083360f000-7f0833610000 r--p 0001f000 08:02 1441806                    /lib/x86_64-linux-gnu/libselinux.so.1
7f0833610000-7f0833611000 rw-p 00020000 08:02 1441806                    /lib/x86_64-linux-gnu/libselinux.so.1
7f0833611000-7f0833613000 rw-p 00000000 00:00 0 
7f0833618000-7f083371e000 r-xp 00000000 08:02 1443043                    /lib/x86_64-linux-gnu/libglib-2.0.so.0.4002.0
7f083371e000-7f083391d000 ---p 00106000 08:02 1443043                    /lib/x86_64-linux-gnu/libglib-2.0.so.0.4002.0
7f083391d000-7f083391e000 r--p 00105000 08:02 1443043                    /lib/x86_64-linux-gnu/libglib-2.0.so.0.4002.0
7f083391e000-7f083391f000 rw-p 00106000 08:02 1443043                    /lib/x86_64-linux-gnu/libglib-2.0.so.0.4002.0
7f083391f000-7f0833920000 rw-p 00000000 00:00 0 
7f0833920000-7f0833923000 r-xp 00000000 08:02 1181655                    /usr/lib/x86_64-linux-gnu/libgmodule-2.0.so.0.4002.0
7f0833923000-7f0833b22000 ---p 00003000 08:02 1181655                    /usr/lib/x86_64-linux-gnu/libgmodule-2.0.so.0.4002.0
7f0833b22000-7f0833b23000 r--p 00002000 08:02 1181655                    /usr/lib/x86_64-linux-gnu/libgmodule-2.0.so.0.4002.0
7f0833b23000-7f0833b24000 rw-p 00003000 08:02 1181655                    /usr/lib/x86_64-linux-gnu/libgmodule-2.0.so.0.4002.0
7f0833b28000-7f0833b4f000 r-xp 00000000 08:02 1445908                    /lib/x86_64-linux-gnu/libexpat.so.1.6.0
7f0833b4f000-7f0833d4f000 ---p 00027000 08:02 1445908                    /lib/x86_64-linux-gnu/libexpat.so.1.6.0
7f0833d4f000-7f0833d51000 r--p 00027000 08:02 1445908                    /lib/x86_64-linux-gnu/libexpat.so.1.6.0
7f0833d51000-7f0833d52000 rw-p 00029000 08:02 1445908                    /lib/x86_64-linux-gnu/libexpat.so.1.6.0
7f0833d58000-7f0833df5000 r-xp 00000000 08:02 1180395                    /usr/lib/x86_64-linux-gnu/libfreetype.so.6.11.1
7f0833df5000-7f0833ff4000 ---p 0009d000 08:02 1180395                    /usr/lib/x86_64-linux-gnu/libfreetype.so.6.11.1
7f0833ff4000-7f0833ffa000 r--p 0009c000 08:02 1180395                    /usr/lib/x86_64-linux-gnu/libfreetype.so.6.11.1
7f0833ffa000-7f0833ffb000 rw-p 000a2000 08:02 1180395                    /usr/lib/x86_64-linux-gnu/libfreetype.so.6.11.1
7f0834000000-7f0834021000 rw-p 00000000 00:00 0 
7f0834021000-7f0838000000 ---p 00000000 00:00 0 
7f0838000000-7f083859b000 rw-p 00000000 00:00 0 
7f083859b000-7f083c000000 ---p 00000000 00:00 0 
7f083c000000-7f083c021000 rw-p 00000000 00:00 0 
7f083c021000-7f0840000000 ---p 00000000 00:00 0 
7f0840000000-7f0840021000 rw-p 00000000 00:00 0 
7f0840021000-7f0844000000 ---p 00000000 00:00 0 
7f0844000000-7f0844790000 rw-p 00000000 00:00 0 
7f0844790000-7f0848000000 ---p 00000000 00:00 0 
7f0848000000-7f0848021000 rw-p 00000000 00:00 0 
7f0848021000-7f084c000000 ---p 00000000 00:00 0 
7f084c000000-7f084c021000 rw-p 00000000 00:00 0 
7f084c021000-7f0850000000 ---p 00000000 00:00 0 
7f0850000000-7f0850021000 rw-p 00000000 00:00 0 
7f0850021000-7f0854000000 ---p 00000000 00:00 0 
7f0854007000-7f085400a000 ---p 00000000 00:00 0 
7f085400a000-7f0854108000 rw-p 00000000 00:00 0                          [stack:8679]
7f0854108000-7f0854117000 r-xp 00000000 08:02 1188021                    /usr/lib/x86_64-linux-gnu/libavahi-client.so.3.2.9
7f0854117000-7f0854317000 ---p 0000f000 08:02 1188021                    /usr/lib/x86_64-linux-gnu/libavahi-client.so.3.2.9
7f0854317000-7f0854318000 r--p 0000f000 08:02 1188021                    /usr/lib/x86_64-linux-gnu/libavahi-client.so.3.2.9
7f0854318000-7f0854319000 rw-p 00010000 08:02 1188021                    /usr/lib/x86_64-linux-gnu/libavahi-client.so.3.2.9
7f0854320000-7f0858000000 rw-p 00000000 00:00 0 
7f0858000000-7f0858021000 rw-p 00000000 00:00 0 
7f0858021000-7f085c000000 ---p 00000000 00:00 0 
7f085c000000-7f085c001000 r--s 00000000 08:02 2756953                    /var/cache/fontconfig/0c9eb80ebd1c36541ebe2852d3bb0c49-le64.cache-4
7f085c010000-7f085c019000 r--s 00000000 08:02 2362103                    /usr/share/fonts/X11/Type1/c0648bt_.pfb
7f085c020000-7f085c02a000 r--s 00000000 08:02 2362937                    /usr/share/fonts/type1/mathml/Symbol.pfb
7f085c02e000-7f085c05f000 rw-p 00000000 00:00 0 
7f085c05f000-7f085c062000 ---p 00000000 00:00 0 
7f085c062000-7f085c160000 rw-p 00000000 00:00 0                          [stack:8678]
7f085c160000-7f085c16b000 r-xp 00000000 08:02 1188023                    /usr/lib/x86_64-linux-gnu/libavahi-common.so.3.5.3
7f085c16b000-7f085c36a000 ---p 0000b000 08:02 1188023                    /usr/lib/x86_64-linux-gnu/libavahi-common.so.3.5.3
7f085c36a000-7f085c36b000 r--p 0000a000 08:02 1188023                    /usr/lib/x86_64-linux-gnu/libavahi-common.so.3.5.3
7f085c36b000-7f085c36c000 rw-p 0000b000 08:02 1188023                    /usr/lib/x86_64-linux-gnu/libavahi-common.so.3.5.3
7f085c370000-7f085c426000 r-xp 00000000 08:02 1183583                    /usr/lib/x86_64-linux-gnu/libgnutls.so.26.22.6
7f085c426000-7f085c626000 ---p 000b6000 08:02 1183583                    /usr/lib/x86_64-linux-gnu/libgnutls.so.26.22.6
7f085c626000-7f085c62c000 r--p 000b6000 08:02 1183583                    /usr/lib/x86_64-linux-gnu/libgnutls.so.26.22.6
7f085c62c000-7f085c62d000 rw-p 000bc000 08:02 1183583                    /usr/lib/x86_64-linux-gnu/libgnutls.so.26.22.6
7f085c62d000-7f085c62e000 rw-p 00000000 00:00 0 
7f085c630000-7f085c673000 r-xp 00000000 08:02 1182323                    /usr/lib/x86_64-linux-gnu/libgssapi_krb5.so.2.2
7f085c673000-7f085c873000 ---p 00043000 08:02 1182323                    /usr/lib/x86_64-linux-gnu/libgssapi_krb5.so.2.2
7f085c873000-7f085c874000 r--p 00043000 08:02 1182323                    /usr/lib/x86_64-linux-gnu/libgssapi_krb5.so.2.2
7f085c874000-7f085c876000 rw-p 00044000 08:02 1182323                    /usr/lib/x86_64-linux-gnu/libgssapi_krb5.so.2.2
7f085c878000-7f085c895000 r-xp 00000000 08:02 1189092                    /usr/lib/x86_64-linux-gnu/libxcb.so.1.1.0
7f085c895000-7f085ca95000 ---p 0001d000 08:02 1189092                    /usr/lib/x86_64-linux-gnu/libxcb.so.1.1.0
7f085ca95000-7f085ca96000 r--p 0001d000 08:02 1189092                    /usr/lib/x86_64-linux-gnu/libxcb.so.1.1.0
7f085ca96000-7f085ca97000 rw-p 0001e000 08:02 1189092                    /usr/lib/x86_64-linux-gnu/libxcb.so.1.1.0
7f085ca98000-7f085cae7000 r-xp 00000000 08:02 1181657                    /usr/lib/x86_64-linux-gnu/libgobject-2.0.so.0.4002.0
7f085cae7000-7f085cce7000 ---p 0004f000 08:02 1181657                    /usr/lib/x86_64-linux-gnu/libgobject-2.0.so.0.4002.0
7f085cce7000-7f085cce8000 r--p 0004f000 08:02 1181657                    /usr/lib/x86_64-linux-gnu/libgobject-2.0.so.0.4002.0
7f085cce8000-7f085cce9000 rw-p 00050000 08:02 1181657                    /usr/lib/x86_64-linux-gnu/libgobject-2.0.so.0.4002.0
7f085ccf0000-7f085ce5c000 r-xp 00000000 08:02 1181661                    /usr/lib/x86_64-linux-gnu/libgio-2.0.so.0.4002.0
7f085ce5c000-7f085d05b000 ---p 0016c000 08:02 1181661                    /usr/lib/x86_64-linux-gnu/libgio-2.0.so.0.4002.0
7f085d05b000-7f085d05f000 r--p 0016b000 08:02 1181661                    /usr/lib/x86_64-linux-gnu/libgio-2.0.so.0.4002.0
7f085d05f000-7f085d061000 rw-p 0016f000 08:02 1181661                    /usr/lib/x86_64-linux-gnu/libgio-2.0.so.0.4002.0
7f085d061000-7f085d063000 rw-p 00000000 00:00 0 
7f085d068000-7f085d0a2000 r-xp 00000000 08:02 1196543                    /usr/lib/x86_64-linux-gnu/libfontconfig.so.1.8.0
7f085d0a2000-7f085d2a1000 ---p 0003a000 08:02 1196543                    /usr/lib/x86_64-linux-gnu/libfontconfig.so.1.8.0
7f085d2a1000-7f085d2a3000 r--p 00039000 08:02 1196543                    /usr/lib/x86_64-linux-gnu/libfontconfig.so.1.8.0
7f085d2a3000-7f085d2a4000 rw-p 0003b000 08:02 1196543                    /usr/lib/x86_64-linux-gnu/libfontconfig.so.1.8.0
7f085d2a8000-7f085d314000 r-xp 00000000 08:02 1180391                    /usr/lib/x86_64-linux-gnu/libcups.so.2
7f085d314000-7f085d514000 ---p 0006c000 08:02 1180391                    /usr/lib/x86_64-linux-gnu/libcups.so.2
7f085d514000-7f085d51b000 r--p 0006c000 08:02 1180391                    /usr/lib/x86_64-linux-gnu/libcups.so.2
7f085d51b000-7f085d51c000 rw-p 00073000 08:02 1180391                    /usr/lib/x86_64-linux-gnu/libcups.so.2
7f085d520000-7f085d52f000 r-xp 00000000 08:02 1188440                    /usr/lib/x86_64-linux-gnu/libXi.so.6.1.0
7f085d52f000-7f085d72e000 ---p 0000f000 08:02 1188440                    /usr/lib/x86_64-linux-gnu/libXi.so.6.1.0
7f085d72e000-7f085d72f000 r--p 0000e000 08:02 1188440                    /usr/lib/x86_64-linux-gnu/libXi.so.6.1.0
7f085d72f000-7f085d730000 rw-p 0000f000 08:02 1188440                    /usr/lib/x86_64-linux-gnu/libXi.so.6.1.0
7f085d730000-7f085d735000 r-xp 00000000 08:02 1187956                    /usr/lib/x86_64-linux-gnu/libXtst.so.6.1.0
7f085d735000-7f085d934000 ---p 00005000 08:02 1187956                    /usr/lib/x86_64-linux-gnu/libXtst.so.6.1.0
7f085d934000-7f085d935000 r--p 00004000 08:02 1187956                    /usr/lib/x86_64-linux-gnu/libXtst.so.6.1.0
7f085d935000-7f085d936000 rw-p 00005000 08:02 1187956                    /usr/lib/x86_64-linux-gnu/libXtst.so.6.1.0
7f085d938000-7f085d941000 r-xp 00000000 08:02 1190129                    /usr/lib/x86_64-linux-gnu/libXrender.so.1.3.0
7f085d941000-7f085db40000 ---p 00009000 08:02 1190129                    /usr/lib/x86_64-linux-gnu/libXrender.so.1.3.0
7f085db40000-7f085db41000 r--p 00008000 08:02 1190129                    /usr/lib/x86_64-linux-gnu/libXrender.so.1.3.0
7f085db41000-7f085db42000 rw-p 00009000 08:02 1190129                    /usr/lib/x86_64-linux-gnu/libXrender.so.1.3.0
7f085db48000-7f085dc78000 r-xp 00000000 08:02 1187913                    /usr/lib/x86_64-linux-gnu/libX11.so.6.3.0
7f085dc78000-7f085de78000 ---p 00130000 08:02 1187913                    /usr/lib/x86_64-linux-gnu/libX11.so.6.3.0
7f085de78000-7f085de79000 r--p 00130000 08:02 1187913                    /usr/lib/x86_64-linux-gnu/libX11.so.6.3.0
7f085de79000-7f085de7d000 rw-p 00131000 08:02 1187913                    /usr/lib/x86_64-linux-gnu/libX11.so.6.3.0
7f085de80000-7f085de91000 r-xp 00000000 08:02 1190118                    /usr/lib/x86_64-linux-gnu/libXext.so.6.4.0
7f085de91000-7f085e090000 ---p 00011000 08:02 1190118                    /usr/lib/x86_64-linux-gnu/libXext.so.6.4.0
7f085e090000-7f085e091000 r--p 00010000 08:02 1190118                    /usr/lib/x86_64-linux-gnu/libXext.so.6.4.0
7f085e091000-7f085e092000 rw-p 00011000 08:02 1190118                    /usr/lib/x86_64-linux-gnu/libXext.so.6.4.0
7f085e095000-7f085e09a000 r--s 0004d000 08:02 1310924                    /usr/lib/jvm/java-7-openjdk-amd64/jre/lib/jsse.jar
7f085e0a0000-7f085e0a9000 r--s 00000000 08:02 2362099                    /usr/share/fonts/X11/Type1/c0632bt_.pfb
7f085e0b0000-7f085e0b7000 r--s 00000000 08:02 1713734                    /usr/lib/x86_64-linux-gnu/gconv/gconv-modules.cache
7f085e0b8000-7f085e100000 r-xp 00000000 08:02 1311229                    /usr/lib/jvm/java-7-openjdk-amd64/jre/lib/amd64/xawt/libmawt.so
7f085e100000-7f085e2ff000 ---p 00048000 08:02 1311229                    /usr/lib/jvm/java-7-openjdk-amd64/jre/lib/amd64/xawt/libmawt.so
7f085e2ff000-7f085e300000 r--p 00047000 08:02 1311229                    /usr/lib/jvm/java-7-openjdk-amd64/jre/lib/amd64/xawt/libmawt.so
7f085e300000-7f085e303000 rw-p 00048000 08:02 1311229                    /usr/lib/jvm/java-7-openjdk-amd64/jre/lib/amd64/xawt/libmawt.so
7f085e303000-7f085e304000 rw-p 00000000 00:00 0 
7f085e308000-7f085e3a8000 r-xp 00000000 08:02 1317752                    /usr/lib/jvm/java-7-openjdk-amd64/jre/lib/amd64/libawt.so
7f085e3a8000-7f085e5a8000 ---p 000a0000 08:02 1317752                    /usr/lib/jvm/java-7-openjdk-amd64/jre/lib/amd64/libawt.so
7f085e5a8000-7f085e5a9000 r--p 000a0000 08:02 1317752                    /usr/lib/jvm/java-7-openjdk-amd64/jre/lib/amd64/libawt.so
7f085e5a9000-7f085e5b4000 rw-p 000a1000 08:02 1317752                    /usr/lib/jvm/java-7-openjdk-amd64/jre/lib/amd64/libawt.so
7f085e5b4000-7f085e5d9000 rw-p 00000000 00:00 0 
7f085e5de000-7f085e5e8000 r--s 000ae000 08:02 1310920                    /usr/lib/jvm/java-7-openjdk-amd64/jre/lib/resources.jar
7f085e5ee000-7f085e5f2000 r--s 000a6000 08:02 2901832                    /home/xrousakis/.m2/repository/net/java/dev/jna/jna/3.5.1/jna-3.5.1.jar
7f085e5f3000-7f085e5f5000 r--s 0000b000 08:02 2105256                    /home/xrousakis/.m2/repository/com/github/tulskiy/jkeymaster/1.1/jkeymaster-1.1.jar
7f085e5f9000-7f085e5fb000 r--s 00029000 08:02 2244940                    /home/xrousakis/.m2/repository/org/bytedeco/javacpp-presets/artoolkitplus/2.3.0-0.8/artoolkitplus-2.3.0-0.8-linux-x86_64.jar
7f085e600000-7f085e601000 r--s 00000000 08:02 2244936                    /home/xrousakis/.m2/repository/org/bytedeco/javacpp-presets/videoinput/0.200-0.8/videoinput-0.200-0.8-linux-x86_64.jar
7f085e602000-7f085e604000 r--s 00012000 08:02 2244934                    /home/xrousakis/.m2/repository/org/bytedeco/javacpp-presets/libfreenect/0.4-0.8/libfreenect-0.4-0.8-linux-x86_64.jar
7f085e607000-7f085e608000 r--s 00027000 08:02 2244931                    /home/xrousakis/.m2/repository/org/bytedeco/javacpp-presets/libdc1394/2.2.2-0.8/libdc1394-2.2.2-0.8-linux-x86_64.jar
7f085e608000-7f085e609000 r--s 00000000 08:02 2244929                    /home/xrousakis/.m2/repository/org/bytedeco/javacpp-presets/flycapture/1.7.17-0.8/flycapture-1.7.17-0.8-linux-x86_64.jar
7f085e60f000-7f085e611000 r--s 0061f000 08:02 2244944                    /home/xrousakis/.m2/repository/org/bytedeco/javacpp-presets/ffmpeg/2.2.1-0.8/ffmpeg-2.2.1-0.8-linux-x86_64.jar
7f085e615000-7f085e617000 r--s 00785000 08:02 2244956                    /home/xrousakis/.m2/repository/org/bytedeco/javacpp-presets/opencv/2.4.9-0.8/opencv-2.4.9-0.8-linux-x86_64.jar
7f085e61d000-7f085e61e000 r--s 00005000 08:02 2244924                    /home/xrousakis/.m2/repository/org/bytedeco/javacpp-presets/artoolkitplus/2.3.0-0.8/artoolkitplus-2.3.0-0.8.jar
7f085e623000-7f085e624000 r--s 00003000 08:02 2244923                    /home/xrousakis/.m2/repository/org/bytedeco/javacpp-presets/videoinput/0.200-0.8/videoinput-0.200-0.8.jar
7f085e624000-7f085e626000 r--s 00004000 08:02 2244920                    /home/xrousakis/.m2/repository/org/bytedeco/javacpp-presets/libfreenect/0.4-0.8/libfreenect-0.4-0.8.jar
7f085e626000-7f085e628000 r--s 00006000 08:02 2244916                    /home/xrousakis/.m2/repository/org/bytedeco/javacpp-presets/libdc1394/2.2.2-0.8/libdc1394-2.2.2-0.8.jar
7f085e62c000-7f085e62e000 r--s 00004000 08:02 2244911                    /home/xrousakis/.m2/repository/org/bytedeco/javacpp-presets/flycapture/1.7.17-0.8/flycapture-1.7.17-0.8.jar
7f085e62e000-7f085e634000 r--s 0002e000 08:02 2244912                    /home/xrousakis/.m2/repository/org/bytedeco/javacpp-presets/ffmpeg/2.2.1-0.8/ffmpeg-2.2.1-0.8.jar
7f085e63a000-7f085e64c000 r--s 000b2000 08:02 2244913                    /home/xrousakis/.m2/repository/org/bytedeco/javacpp-presets/opencv/2.4.9-0.8/opencv-2.4.9-0.8.jar
7f085e652000-7f085e656000 r--s 0002a000 08:02 2244914                    /home/xrousakis/.m2/repository/org/bytedeco/javacpp/0.8/javacpp-0.8.jar
7f085e65c000-7f085e661000 r--s 0004c000 08:02 2244918                    /home/xrousakis/.m2/repository/org/bytedeco/javacv/0.8/javacv-0.8.jar
7f085e662000-7f085e663000 r--s 00002000 08:02 1310936                    /usr/lib/jvm/java-7-openjdk-amd64/jre/lib/ext/dnsns.jar
7f085e663000-7f085e664000 ---p 00000000 00:00 0 
7f085e664000-7f085e764000 rw-p 00000000 00:00 0                          [stack:8677]
7f085e764000-7f085e767000 ---p 00000000 00:00 0 
7f085e767000-7f085e865000 rw-p 00000000 00:00 0                          [stack:8676]
7f085e865000-7f085e868000 ---p 00000000 00:00 0 
7f085e868000-7f085e966000 rw-p 00000000 00:00 0                          [stack:8675]
7f085e966000-7f085e969000 ---p 00000000 00:00 0 
7f085e969000-7f085ea67000 rw-p 00000000 00:00 0                          [stack:8674]
7f085ea67000-7f085ea6a000 ---p 00000000 00:00 0 
7f085ea6a000-7f085eb68000 rw-p 00000000 00:00 0                          [stack:8673]
7f085eb68000-7f085ee32000 r--p 00000000 08:02 1186322                    /usr/lib/locale/locale-archive
7f085ee33000-7f085ee36000 ---p 00000000 00:00 0 
7f085ee36000-7f085ef34000 rw-p 00000000 00:00 0                          [stack:8672]
7f085ef34000-7f085ef37000 ---p 00000000 00:00 0 
7f085ef37000-7f085f035000 rw-p 00000000 00:00 0                          [stack:8671]
7f085f035000-7f085f036000 ---p 00000000 00:00 0 
7f085f036000-7f085fa81000 rw-p 00000000 00:00 0                          [stack:8670]
7f085fa81000-7f085fc32000 r--s 01d29000 08:02 1310916                    /usr/lib/jvm/java-7-openjdk-amd64/jre/lib/rt.jar
7f085fc32000-7f0860000000 rw-p 00000000 00:00 0 
7f0860000000-7f0860021000 rw-p 00000000 00:00 0 
7f0860021000-7f0864000000 ---p 00000000 00:00 0 
7f0864005000-7f0864009000 r--s 00085000 08:02 1310935                    /usr/lib/jvm/java-7-openjdk-amd64/jre/lib/ext/localedata.jar
7f086400f000-7f0864012000 r--s 0000f000 08:02 1310939                    /usr/lib/jvm/java-7-openjdk-amd64/jre/lib/ext/icedtea-sound.jar
7f0864014000-7f0864018000 r--s 0003c000 08:02 1310938                    /usr/lib/jvm/java-7-openjdk-amd64/jre/lib/ext/sunpkcs11.jar
7f086401f000-7f086415a000 rw-p 00000000 00:00 0 
7f086415a000-7f086415b000 ---p 00000000 00:00 0 
7f086415b000-7f086425b000 rw-p 00000000 00:00 0                          [stack:8669]
7f086425b000-7f086425c000 ---p 00000000 00:00 0 
7f086425c000-7f0864367000 rw-p 00000000 00:00 0                          [stack:8668]
7f0864367000-7f08643af000 rw-p 00000000 00:00 0 
7f08643af000-7f08643d4000 rw-p 00000000 00:00 0 
7f08643d4000-7f0864601000 rw-p 00000000 00:00 0 
7f0864601000-7f086460c000 rw-p 00000000 00:00 0 
7f086460c000-7f0864654000 rw-p 00000000 00:00 0 
7f0864654000-7f0864679000 rw-p 00000000 00:00 0 
7f0864679000-7f08648a6000 rw-p 00000000 00:00 0 
7f08648a6000-7f08648c7000 rw-p 00000000 00:00 0 
7f08648c7000-7f08649cf000 rw-p 00000000 00:00 0 
7f08649cf000-7f08649d0000 rw-p 00000000 00:00 0 
7f08649d0000-7f0864c40000 rwxp 00000000 00:00 0 
7f0864c40000-7f08679d0000 rw-p 00000000 00:00 0 
7f08679d0000-7f08679d8000 r-xp 00000000 08:02 1310955                    /usr/lib/jvm/java-7-openjdk-amd64/jre/lib/amd64/libzip.so
7f08679d8000-7f0867bd7000 ---p 00008000 08:02 1310955                    /usr/lib/jvm/java-7-openjdk-amd64/jre/lib/amd64/libzip.so
7f0867bd7000-7f0867bd8000 r--p 00007000 08:02 1310955                    /usr/lib/jvm/java-7-openjdk-amd64/jre/lib/amd64/libzip.so
7f0867bd8000-7f0867bd9000 rw-p 00008000 08:02 1310955                    /usr/lib/jvm/java-7-openjdk-amd64/jre/lib/amd64/libzip.so
7f0867be0000-7f0867beb000 r-xp 00000000 08:02 1444608                    /lib/x86_64-linux-gnu/libnss_files-2.19.so
7f0867beb000-7f0867dea000 ---p 0000b000 08:02 1444608                    /lib/x86_64-linux-gnu/libnss_files-2.19.so
7f0867dea000-7f0867deb000 r--p 0000a000 08:02 1444608                    /lib/x86_64-linux-gnu/libnss_files-2.19.so
7f0867deb000-7f0867dec000 rw-p 0000b000 08:02 1444608                    /lib/x86_64-linux-gnu/libnss_files-2.19.so
7f0867df0000-7f0867dfb000 r-xp 00000000 08:02 1444820                    /lib/x86_64-linux-gnu/libnss_nis-2.19.so
7f0867dfb000-7f0867ffa000 ---p 0000b000 08:02 1444820                    /lib/x86_64-linux-gnu/libnss_nis-2.19.so
7f0867ffa000-7f0867ffb000 r--p 0000a000 08:02 1444820                    /lib/x86_64-linux-gnu/libnss_nis-2.19.so
7f0867ffb000-7f0867ffc000 rw-p 0000b000 08:02 1444820                    /lib/x86_64-linux-gnu/libnss_nis-2.19.so
7f0868000000-7f08684e9000 rw-p 00000000 00:00 0 
7f08684e9000-7f086c000000 ---p 00000000 00:00 0 
7f086c006000-7f086c008000 r--s 00006000 08:02 1842397                    /usr/share/java/java-atk-wrapper.jar
7f086c00c000-7f086c010000 r--s 00034000 08:02 1310937                    /usr/lib/jvm/java-7-openjdk-amd64/jre/lib/ext/sunjce_provider.jar
7f086c012000-7f086c014000 r--s 00012000 08:02 1310942                    /usr/lib/jvm/java-7-openjdk-amd64/jre/lib/ext/zipfs.jar
7f086c018000-7f086c040000 rw-p 00000000 00:00 0 
7f086c040000-7f086c057000 r-xp 00000000 08:02 1444807                    /lib/x86_64-linux-gnu/libnsl-2.19.so
7f086c057000-7f086c256000 ---p 00017000 08:02 1444807                    /lib/x86_64-linux-gnu/libnsl-2.19.so
7f086c256000-7f086c257000 r--p 00016000 08:02 1444807                    /lib/x86_64-linux-gnu/libnsl-2.19.so
7f086c257000-7f086c258000 rw-p 00017000 08:02 1444807                    /lib/x86_64-linux-gnu/libnsl-2.19.so
7f086c258000-7f086c25a000 rw-p 00000000 00:00 0 
7f086c260000-7f086c269000 r-xp 00000000 08:02 1444806                    /lib/x86_64-linux-gnu/libnss_compat-2.19.so
7f086c269000-7f086c468000 ---p 00009000 08:02 1444806                    /lib/x86_64-linux-gnu/libnss_compat-2.19.so
7f086c468000-7f086c469000 r--p 00008000 08:02 1444806                    /lib/x86_64-linux-gnu/libnss_compat-2.19.so
7f086c469000-7f086c46a000 rw-p 00009000 08:02 1444806                    /lib/x86_64-linux-gnu/libnss_compat-2.19.so
7f086c470000-7f086c49b000 r-xp 00000000 08:02 1317774                    /usr/lib/jvm/java-7-openjdk-amd64/jre/lib/amd64/libjava.so
7f086c49b000-7f086c69a000 ---p 0002b000 08:02 1317774                    /usr/lib/jvm/java-7-openjdk-amd64/jre/lib/amd64/libjava.so
7f086c69a000-7f086c69b000 r--p 0002a000 08:02 1317774                    /usr/lib/jvm/java-7-openjdk-amd64/jre/lib/amd64/libjava.so
7f086c69b000-7f086c69d000 rw-p 0002b000 08:02 1317774                    /usr/lib/jvm/java-7-openjdk-amd64/jre/lib/amd64/libjava.so
7f086c6a0000-7f086c6b0000 r-xp 00000000 08:02 1317755                    /usr/lib/jvm/java-7-openjdk-amd64/jre/lib/amd64/libverify.so
7f086c6b0000-7f086c8af000 ---p 00010000 08:02 1317755                    /usr/lib/jvm/java-7-openjdk-amd64/jre/lib/amd64/libverify.so
7f086c8af000-7f086c8b1000 r--p 0000f000 08:02 1317755                    /usr/lib/jvm/java-7-openjdk-amd64/jre/lib/amd64/libverify.so
7f086c8b1000-7f086c8b2000 rw-p 00011000 08:02 1317755                    /usr/lib/jvm/java-7-openjdk-amd64/jre/lib/amd64/libverify.so
7f086c8b8000-7f086c8bf000 r-xp 00000000 08:02 1444817                    /lib/x86_64-linux-gnu/librt-2.19.so
7f086c8bf000-7f086cabe000 ---p 00007000 08:02 1444817                    /lib/x86_64-linux-gnu/librt-2.19.so
7f086cabe000-7f086cabf000 r--p 00006000 08:02 1444817                    /lib/x86_64-linux-gnu/librt-2.19.so
7f086cabf000-7f086cac0000 rw-p 00007000 08:02 1444817                    /lib/x86_64-linux-gnu/librt-2.19.so
7f086cac0000-7f086cad6000 r-xp 00000000 08:02 1441904                    /lib/x86_64-linux-gnu/libgcc_s.so.1
7f086cad6000-7f086ccd5000 ---p 00016000 08:02 1441904                    /lib/x86_64-linux-gnu/libgcc_s.so.1
7f086ccd5000-7f086ccd6000 rw-p 00015000 08:02 1441904                    /lib/x86_64-linux-gnu/libgcc_s.so.1
7f086ccd8000-7f086cddd000 r-xp 00000000 08:02 1443041                    /lib/x86_64-linux-gnu/libm-2.19.so
7f086cddd000-7f086cfdc000 ---p 00105000 08:02 1443041                    /lib/x86_64-linux-gnu/libm-2.19.so
7f086cfdc000-7f086cfdd000 r--p 00104000 08:02 1443041                    /lib/x86_64-linux-gnu/libm-2.19.so
7f086cfdd000-7f086cfde000 rw-p 00105000 08:02 1443041                    /lib/x86_64-linux-gnu/libm-2.19.so
7f086cfe0000-7f086d0c6000 r-xp 00000000 08:02 1188933                    /usr/lib/x86_64-linux-gnu/libstdc++.so.6.0.19
7f086d0c6000-7f086d2c5000 ---p 000e6000 08:02 1188933                    /usr/lib/x86_64-linux-gnu/libstdc++.so.6.0.19
7f086d2c5000-7f086d2cd000 r--p 000e5000 08:02 1188933                    /usr/lib/x86_64-linux-gnu/libstdc++.so.6.0.19
7f086d2cd000-7f086d2cf000 rw-p 000ed000 08:02 1188933                    /usr/lib/x86_64-linux-gnu/libstdc++.so.6.0.19
7f086d2cf000-7f086d2e4000 rw-p 00000000 00:00 0 
7f086d2e8000-7f086de01000 r-xp 00000000 08:02 1317743                    /usr/lib/jvm/java-7-openjdk-amd64/jre/lib/amd64/server/libjvm.so
7f086de01000-7f086e001000 ---p 00b19000 08:02 1317743                    /usr/lib/jvm/java-7-openjdk-amd64/jre/lib/amd64/server/libjvm.so
7f086e001000-7f086e09b000 r--p 00b19000 08:02 1317743                    /usr/lib/jvm/java-7-openjdk-amd64/jre/lib/amd64/server/libjvm.so
7f086e09b000-7f086e0be000 rw-p 00bb3000 08:02 1317743                    /usr/lib/jvm/java-7-openjdk-amd64/jre/lib/amd64/server/libjvm.so
7f086e0be000-7f086e0ec000 rw-p 00000000 00:00 0 
7f086e0f0000-7f086e108000 r-xp 00000000 08:02 1446050                    /lib/x86_64-linux-gnu/libz.so.1.2.8
7f086e108000-7f086e307000 ---p 00018000 08:02 1446050                    /lib/x86_64-linux-gnu/libz.so.1.2.8
7f086e307000-7f086e308000 r--p 00017000 08:02 1446050                    /lib/x86_64-linux-gnu/libz.so.1.2.8
7f086e308000-7f086e309000 rw-p 00018000 08:02 1446050                    /lib/x86_64-linux-gnu/libz.so.1.2.8
7f086e310000-7f086e329000 r-xp 00000000 08:02 1444815                    /lib/x86_64-linux-gnu/libpthread-2.19.so
7f086e329000-7f086e528000 ---p 00019000 08:02 1444815                    /lib/x86_64-linux-gnu/libpthread-2.19.so
7f086e528000-7f086e529000 r--p 00018000 08:02 1444815                    /lib/x86_64-linux-gnu/libpthread-2.19.so
7f086e529000-7f086e52a000 rw-p 00019000 08:02 1444815                    /lib/x86_64-linux-gnu/libpthread-2.19.so
7f086e52a000-7f086e52e000 rw-p 00000000 00:00 0 
7f086e530000-7f086e533000 r-xp 00000000 08:02 1444799                    /lib/x86_64-linux-gnu/libdl-2.19.so
7f086e533000-7f086e732000 ---p 00003000 08:02 1444799                    /lib/x86_64-linux-gnu/libdl-2.19.so
7f086e732000-7f086e733000 r--p 00002000 08:02 1444799                    /lib/x86_64-linux-gnu/libdl-2.19.so
7f086e733000-7f086e734000 rw-p 00003000 08:02 1444799                    /lib/x86_64-linux-gnu/libdl-2.19.so
7f086e738000-7f086e8f3000 r-xp 00000000 08:02 1444814                    /lib/x86_64-linux-gnu/libc-2.19.so
7f086e8f3000-7f086eaf2000 ---p 001bb000 08:02 1444814                    /lib/x86_64-linux-gnu/libc-2.19.so
7f086eaf2000-7f086eaf6000 r--p 001ba000 08:02 1444814                    /lib/x86_64-linux-gnu/libc-2.19.so
7f086eaf6000-7f086eaf8000 rw-p 001be000 08:02 1444814                    /lib/x86_64-linux-gnu/libc-2.19.so
7f086eaf8000-7f086eafd000 rw-p 00000000 00:00 0 
7f086eb00000-7f086eb0d000 r-xp 00000000 08:02 1317741                    /usr/lib/jvm/java-7-openjdk-amd64/jre/lib/amd64/jli/libjli.so
7f086eb0d000-7f086ed0c000 ---p 0000d000 08:02 1317741                    /usr/lib/jvm/java-7-openjdk-amd64/jre/lib/amd64/jli/libjli.so
7f086ed0c000-7f086ed0d000 r--p 0000c000 08:02 1317741                    /usr/lib/jvm/java-7-openjdk-amd64/jre/lib/amd64/jli/libjli.so
7f086ed0d000-7f086ed0e000 rw-p 0000d000 08:02 1317741                    /usr/lib/jvm/java-7-openjdk-amd64/jre/lib/amd64/jli/libjli.so
7f086ed10000-7f086ed33000 r-xp 00000000 08:02 1444811                    /lib/x86_64-linux-gnu/ld-2.19.so
7f086ed39000-7f086ed6a000 rw-p 00000000 00:00 0 
7f086ed6a000-7f086ee20000 rw-p 00000000 00:00 0 
7f086ee20000-7f086ee28000 rw-s 00000000 08:02 262540                     /tmp/hsperfdata_xrousakis/8663
7f086ee2b000-7f086ee2c000 rw-p 00000000 00:00 0 
7f086ee2c000-7f086ee2d000 rwxp 00000000 00:00 0 
7f086ee2d000-7f086ee2e000 rw-p 00000000 00:00 0 
7f086ee2e000-7f086ee2f000 r--p 00000000 00:00 0 
7f086ee2f000-7f086ee32000 ---p 00000000 00:00 0 
7f086ee32000-7f086ef32000 rw-p 00000000 00:00 0                          [stack:8667]
7f086ef32000-7f086ef33000 r--p 00022000 08:02 1444811                    /lib/x86_64-linux-gnu/ld-2.19.so
7f086ef33000-7f086ef34000 rw-p 00023000 08:02 1444811                    /lib/x86_64-linux-gnu/ld-2.19.so
7f086ef34000-7f086ef36000 rw-p 00000000 00:00 0 
7f086ef36000-7f086ef3a000 rw-p 00000000 00:00 0 
7fffe5a07000-7fffe5a29000 rw-p 00000000 00:00 0                          [stack]
7fffe5b20000-7fffe5b22000 r-xp 00000000 00:00 0                          [vdso]
ffffffffff600000-ffffffffff601000 r-xp 00000000 00:00 0                  [vsyscall]

VM Arguments:
java_command: org.scify.jthinkfreedom.gui.ApplicationLauncher
Launcher Type: SUN_STANDARD

Environment Variables:
JAVA_HOME=/usr/lib/jvm/default-java
PATH=/usr/local/sbin:/usr/local/bin:/usr/sbin:/usr/bin:/sbin:/bin:/usr/games:/usr/local/games
USERNAME=xrousakis
LD_LIBRARY_PATH=/usr/lib/jvm/default-java/jre/lib/amd64:/usr/lib/jvm/default-java/jre/lib/i386:
SHELL=/bin/bash
DISPLAY=:0.0

Signal Handlers:
SIGSEGV: [libjvm.so+0x94bab0], sa_mask[0]=0x7ffbfeff, sa_flags=0x10000004
SIGBUS: [libjvm.so+0x94bab0], sa_mask[0]=0x7ffbfeff, sa_flags=0x10000004
SIGFPE: [libjvm.so+0x7c38b0], sa_mask[0]=0x7ffbfeff, sa_flags=0x10000004
SIGPIPE: [libjvm.so+0x7c38b0], sa_mask[0]=0x7ffbfeff, sa_flags=0x10000004
SIGXFSZ: [libjvm.so+0x7c38b0], sa_mask[0]=0x7ffbfeff, sa_flags=0x10000004
SIGILL: [libjvm.so+0x7c38b0], sa_mask[0]=0x7ffbfeff, sa_flags=0x10000004
SIGUSR1: SIG_DFL, sa_mask[0]=0x00000000, sa_flags=0x00000000
SIGUSR2: [libjvm.so+0x7c3750], sa_mask[0]=0x00000004, sa_flags=0x10000004
SIGHUP: [libjvm.so+0x7c3930], sa_mask[0]=0x7ffbfeff, sa_flags=0x10000004
SIGINT: SIG_IGN, sa_mask[0]=0x00000000, sa_flags=0x00000000
SIGTERM: [libjvm.so+0x7c3930], sa_mask[0]=0x7ffbfeff, sa_flags=0x10000004
SIGQUIT: [libjvm.so+0x7c3930], sa_mask[0]=0x7ffbfeff, sa_flags=0x10000004
SIGTRAP: SIG_DFL, sa_mask[0]=0x00000000, sa_flags=0x00000000


---------------  S Y S T E M  ---------------

OS:LinuxMint 17 (qiana)
uname:Linux 3.14.8-031408-generic #201406161755 SMP Mon Jun 16 21:56:09 UTC 2014 x86_64
libc:glibc 2.19 NPTL 2.19 
rlimit: STACK 8192k, CORE 0k, NPROC 55132, NOFILE 4096, AS infinity
load average:0,47 0,79 0,88

/proc/meminfo:
MemTotal:        7292072 kB
MemFree:         3659308 kB
MemAvailable:    4946472 kB
Buffers:          217228 kB
Cached:          1254516 kB
SwapCached:            0 kB
Active:          2500176 kB
Inactive:         860672 kB
Active(anon):    1890120 kB
Inactive(anon):    80368 kB
Active(file):     610056 kB
Inactive(file):   780304 kB
Unevictable:           0 kB
Mlocked:               0 kB
SwapTotal:       3361788 kB
SwapFree:        3361788 kB
Dirty:             10892 kB
Writeback:             0 kB
AnonPages:       1889100 kB
Mapped:           243660 kB
Shmem:             81388 kB
Slab:             157684 kB
SReclaimable:     131464 kB
SUnreclaim:        26220 kB
KernelStack:        3824 kB
PageTables:        31124 kB
NFS_Unstable:          0 kB
Bounce:                0 kB
WritebackTmp:          0 kB
CommitLimit:     7007824 kB
Committed_AS:    4923608 kB
VmallocTotal:   34359738367 kB
VmallocUsed:      315128 kB
VmallocChunk:   34359369956 kB
HardwareCorrupted:     0 kB
AnonHugePages:   1189888 kB
HugePages_Total:       0
HugePages_Free:        0
HugePages_Rsvd:        0
HugePages_Surp:        0
Hugepagesize:       2048 kB
DirectMap4k:       78168 kB
DirectMap2M:     3284992 kB
DirectMap1G:     4194304 kB


CPU:total 2 (2 cores per cpu, 1 threads per core) family 21 model 19 stepping 1, cmov, cx8, fxsr, mmx, sse, sse2, sse3, ssse3, sse4.1, sse4.2, popcnt, avx, aes, mmxext, 3dnowpref, lzcnt, sse4a, tsc, tscinvbit, tscinv

/proc/cpuinfo:
processor	: 0
vendor_id	: AuthenticAMD
cpu family	: 21
model		: 19
model name	: AMD A4-4000 APU with Radeon(tm) HD Graphics
stepping	: 1
microcode	: 0x6001119
cpu MHz		: 3000.000
cache size	: 1024 KB
physical id	: 0
siblings	: 2
core id		: 0
cpu cores	: 1
apicid		: 16
initial apicid	: 0
fpu		: yes
fpu_exception	: yes
cpuid level	: 13
wp		: yes
flags		: fpu vme de pse tsc msr pae mce cx8 apic sep mtrr pge mca cmov pat pse36 clflush mmx fxsr sse sse2 ht syscall nx mmxext fxsr_opt pdpe1gb rdtscp lm constant_tsc rep_good nopl nonstop_tsc extd_apicid aperfmperf pni pclmulqdq monitor ssse3 fma cx16 sse4_1 sse4_2 popcnt aes xsave avx f16c lahf_lm cmp_legacy svm extapic cr8_legacy abm sse4a misalignsse 3dnowprefetch osvw ibs xop skinit wdt lwp fma4 tce nodeid_msr tbm topoext perfctr_core perfctr_nb arat cpb hw_pstate npt lbrv svm_lock nrip_save tsc_scale vmcb_clean flushbyasid decodeassists pausefilter pfthreshold bmi1
bogomips	: 6029.96
TLB size	: 1536 4K pages
clflush size	: 64
cache_alignment	: 64
address sizes	: 48 bits physical, 48 bits virtual
power management: ts ttp tm 100mhzsteps hwpstate cpb eff_freq_ro

processor	: 1
vendor_id	: AuthenticAMD
cpu family	: 21
model		: 19
model name	: AMD A4-4000 APU with Radeon(tm) HD Graphics    
stepping	: 1
microcode	: 0x6001119
cpu MHz		: 3000.000
cache size	: 1024 KB
physical id	: 0
siblings	: 2
core id		: 1
cpu cores	: 1
apicid		: 17
initial apicid	: 1
fpu		: yes
fpu_exception	: yes
cpuid level	: 13
wp		: yes
flags		: fpu vme de pse tsc msr pae mce cx8 apic sep mtrr pge mca cmov pat pse36 clflush mmx fxsr sse sse2 ht syscall nx mmxext fxsr_opt pdpe1gb rdtscp lm constant_tsc rep_good nopl nonstop_tsc extd_apicid aperfmperf pni pclmulqdq monitor ssse3 fma cx16 sse4_1 sse4_2 popcnt aes xsave avx f16c lahf_lm cmp_legacy svm extapic cr8_legacy abm sse4a misalignsse 3dnowprefetch osvw ibs xop skinit wdt lwp fma4 tce nodeid_msr tbm topoext perfctr_core perfctr_nb arat cpb hw_pstate npt lbrv svm_lock nrip_save tsc_scale vmcb_clean flushbyasid decodeassists pausefilter pfthreshold bmi1
bogomips	: 6029.96
TLB size	: 1536 4K pages
clflush size	: 64
cache_alignment	: 64
address sizes	: 48 bits physical, 48 bits virtual
power management: ts ttp tm 100mhzsteps hwpstate cpb eff_freq_ro



Memory: 4k page, physical 7292072k(3659308k free), swap 3361788k(3361788k free)

vm_info: OpenJDK 64-Bit Server VM (24.79-b02) for linux-amd64 JRE (1.7.0_79-b14), built on Jul 24 2015 08:15:54 by "buildd" with gcc 4.8.2

time: Tue Aug 11 12:12:40 2015
elapsed time: 14 seconds

